<?xml version="1.0" encoding="UTF-8"?>
<testsuite xmlns:xsi="http://www.w3.org/2001/XMLSchema-instance" xsi:noNamespaceSchemaLocation="https://maven.apache.org/surefire/maven-surefire-plugin/xsd/surefire-test-report-3.0.xsd" version="3.0" name="com.big.TestRunners.KarateRunner" time="19.869" tests="1" errors="0" skipped="0" failures="1">
  <properties>
    <property name="java.specification.version" value="19"/>
    <property name="sun.cpu.isalist" value="amd64"/>
    <property name="sun.jnu.encoding" value="Cp1252"/>
    <property name="java.class.path" value="C:\new_workspace_2\Testing\target\test-classes;C:\new_workspace_2\Testing\target\classes;C:\Users\JATIN-PC\.m2\repository\junit\junit\4.13.2\junit-4.13.2.jar;C:\Users\JATIN-PC\.m2\repository\org\hamcrest\hamcrest-core\1.3\hamcrest-core-1.3.jar;C:\Users\JATIN-PC\.m2\repository\org\testng\testng\7.5\testng-7.5.jar;C:\Users\JATIN-PC\.m2\repository\com\google\code\findbugs\jsr305\3.0.1\jsr305-3.0.1.jar;C:\Users\JATIN-PC\.m2\repository\org\slf4j\slf4j-api\1.7.32\slf4j-api-1.7.32.jar;C:\Users\JATIN-PC\.m2\repository\com\beust\jcommander\1.78\jcommander-1.78.jar;C:\Users\JATIN-PC\.m2\repository\org\webjars\jquery\3.5.1\jquery-3.5.1.jar;C:\Users\JATIN-PC\.m2\repository\io\cucumber\cucumber-java\7.8.1\cucumber-java-7.8.1.jar;C:\Users\JATIN-PC\.m2\repository\org\apiguardian\apiguardian-api\1.1.2\apiguardian-api-1.1.2.jar;C:\Users\JATIN-PC\.m2\repository\io\cucumber\cucumber-junit\7.8.1\cucumber-junit-7.8.1.jar;C:\Users\JATIN-PC\.m2\repository\io\cucumber\cucumber-core\7.8.1\cucumber-core-7.8.1.jar;C:\Users\JATIN-PC\.m2\repository\io\cucumber\cucumber-gherkin\7.8.1\cucumber-gherkin-7.8.1.jar;C:\Users\JATIN-PC\.m2\repository\io\cucumber\cucumber-gherkin-messages\7.8.1\cucumber-gherkin-messages-7.8.1.jar;C:\Users\JATIN-PC\.m2\repository\io\cucumber\messages\19.1.4\messages-19.1.4.jar;C:\Users\JATIN-PC\.m2\repository\io\cucumber\tag-expressions\4.1.0\tag-expressions-4.1.0.jar;C:\Users\JATIN-PC\.m2\repository\io\cucumber\cucumber-expressions\16.0.0\cucumber-expressions-16.0.0.jar;C:\Users\JATIN-PC\.m2\repository\io\cucumber\datatable\7.8.1\datatable-7.8.1.jar;C:\Users\JATIN-PC\.m2\repository\io\cucumber\cucumber-plugin\7.8.1\cucumber-plugin-7.8.1.jar;C:\Users\JATIN-PC\.m2\repository\io\cucumber\docstring\7.8.1\docstring-7.8.1.jar;C:\Users\JATIN-PC\.m2\repository\io\cucumber\html-formatter\20.1.0\html-formatter-20.1.0.jar;C:\Users\JATIN-PC\.m2\repository\io\cucumber\ci-environment\9.1.0\ci-environment-9.1.0.jar;C:\Users\JATIN-PC\.m2\repository\io\cucumber\gherkin\24.1.0\gherkin-24.1.0.jar;C:\Users\JATIN-PC\.m2\repository\org\seleniumhq\selenium\selenium-java\4.5.0\selenium-java-4.5.0.jar;C:\Users\JATIN-PC\.m2\repository\org\seleniumhq\selenium\selenium-api\4.5.0\selenium-api-4.5.0.jar;C:\Users\JATIN-PC\.m2\repository\org\seleniumhq\selenium\selenium-chrome-driver\4.5.0\selenium-chrome-driver-4.5.0.jar;C:\Users\JATIN-PC\.m2\repository\org\seleniumhq\selenium\selenium-chromium-driver\4.5.0\selenium-chromium-driver-4.5.0.jar;C:\Users\JATIN-PC\.m2\repository\org\seleniumhq\selenium\selenium-devtools-v104\4.5.0\selenium-devtools-v104-4.5.0.jar;C:\Users\JATIN-PC\.m2\repository\org\seleniumhq\selenium\selenium-devtools-v105\4.5.0\selenium-devtools-v105-4.5.0.jar;C:\Users\JATIN-PC\.m2\repository\org\seleniumhq\selenium\selenium-devtools-v106\4.5.0\selenium-devtools-v106-4.5.0.jar;C:\Users\JATIN-PC\.m2\repository\org\seleniumhq\selenium\selenium-devtools-v85\4.5.0\selenium-devtools-v85-4.5.0.jar;C:\Users\JATIN-PC\.m2\repository\org\seleniumhq\selenium\selenium-edge-driver\4.5.0\selenium-edge-driver-4.5.0.jar;C:\Users\JATIN-PC\.m2\repository\org\seleniumhq\selenium\selenium-firefox-driver\4.5.0\selenium-firefox-driver-4.5.0.jar;C:\Users\JATIN-PC\.m2\repository\org\seleniumhq\selenium\selenium-ie-driver\4.5.0\selenium-ie-driver-4.5.0.jar;C:\Users\JATIN-PC\.m2\repository\org\seleniumhq\selenium\selenium-safari-driver\4.5.0\selenium-safari-driver-4.5.0.jar;C:\Users\JATIN-PC\.m2\repository\org\seleniumhq\selenium\selenium-support\4.5.0\selenium-support-4.5.0.jar;C:\Users\JATIN-PC\.m2\repository\org\seleniumhq\selenium\selenium-server\3.141.59\selenium-server-3.141.59.jar;C:\Users\JATIN-PC\.m2\repository\org\seleniumhq\selenium\selenium-opera-driver\3.141.59\selenium-opera-driver-3.141.59.jar;C:\Users\JATIN-PC\.m2\repository\net\bytebuddy\byte-buddy\1.8.15\byte-buddy-1.8.15.jar;C:\Users\JATIN-PC\.m2\repository\org\apache\commons\commons-exec\1.3\commons-exec-1.3.jar;C:\Users\JATIN-PC\.m2\repository\com\google\guava\guava\31.0.1-jre\guava-31.0.1-jre.jar;C:\Users\JATIN-PC\.m2\repository\com\google\guava\failureaccess\1.0.1\failureaccess-1.0.1.jar;C:\Users\JATIN-PC\.m2\repository\com\google\guava\listenablefuture\9999.0-empty-to-avoid-conflict-with-guava\listenablefuture-9999.0-empty-to-avoid-conflict-with-guava.jar;C:\Users\JATIN-PC\.m2\repository\com\google\errorprone\error_prone_annotations\2.7.1\error_prone_annotations-2.7.1.jar;C:\Users\JATIN-PC\.m2\repository\com\google\j2objc\j2objc-annotations\1.3\j2objc-annotations-1.3.jar;C:\Users\JATIN-PC\.m2\repository\net\jcip\jcip-annotations\1.0\jcip-annotations-1.0.jar;C:\Users\JATIN-PC\.m2\repository\org\seleniumhq\selenium\jetty-repacked\9.4.12.v20180830\jetty-repacked-9.4.12.v20180830.jar;C:\Users\JATIN-PC\.m2\repository\com\squareup\okhttp3\okhttp\3.11.0\okhttp-3.11.0.jar;C:\Users\JATIN-PC\.m2\repository\com\squareup\okio\okio\1.14.0\okio-1.14.0.jar;C:\Users\JATIN-PC\.m2\repository\javax\servlet\javax.servlet-api\3.1.0\javax.servlet-api-3.1.0.jar;C:\Users\JATIN-PC\.m2\repository\org\yaml\snakeyaml\1.19\snakeyaml-1.19.jar;C:\Users\JATIN-PC\.m2\repository\io\github\bonigarcia\webdrivermanager\5.3.0\webdrivermanager-5.3.0.jar;C:\Users\JATIN-PC\.m2\repository\com\google\code\gson\gson\2.9.1\gson-2.9.1.jar;C:\Users\JATIN-PC\.m2\repository\com\github\docker-java\docker-java\3.2.13\docker-java-3.2.13.jar;C:\Users\JATIN-PC\.m2\repository\com\github\docker-java\docker-java-core\3.2.13\docker-java-core-3.2.13.jar;C:\Users\JATIN-PC\.m2\repository\com\github\docker-java\docker-java-api\3.2.13\docker-java-api-3.2.13.jar;C:\Users\JATIN-PC\.m2\repository\org\bouncycastle\bcpkix-jdk15on\1.64\bcpkix-jdk15on-1.64.jar;C:\Users\JATIN-PC\.m2\repository\org\bouncycastle\bcprov-jdk15on\1.64\bcprov-jdk15on-1.64.jar;C:\Users\JATIN-PC\.m2\repository\com\github\docker-java\docker-java-transport-httpclient5\3.2.13\docker-java-transport-httpclient5-3.2.13.jar;C:\Users\JATIN-PC\.m2\repository\com\github\docker-java\docker-java-transport\3.2.13\docker-java-transport-3.2.13.jar;C:\Users\JATIN-PC\.m2\repository\net\java\dev\jna\jna\5.8.0\jna-5.8.0.jar;C:\Users\JATIN-PC\.m2\repository\org\brotli\dec\0.1.2\dec-0.1.2.jar;C:\Users\JATIN-PC\.m2\repository\org\apache\commons\commons-lang3\3.12.0\commons-lang3-3.12.0.jar;C:\Users\JATIN-PC\.m2\repository\org\apache\httpcomponents\client5\httpclient5\5.1.3\httpclient5-5.1.3.jar;C:\Users\JATIN-PC\.m2\repository\org\apache\httpcomponents\core5\httpcore5\5.1.3\httpcore5-5.1.3.jar;C:\Users\JATIN-PC\.m2\repository\org\apache\httpcomponents\core5\httpcore5-h2\5.1.3\httpcore5-h2-5.1.3.jar;C:\Users\JATIN-PC\.m2\repository\commons-codec\commons-codec\1.15\commons-codec-1.15.jar;C:\Users\JATIN-PC\.m2\repository\org\seleniumhq\selenium\selenium-remote-driver\4.5.0\selenium-remote-driver-4.5.0.jar;C:\Users\JATIN-PC\.m2\repository\com\google\auto\service\auto-service-annotations\1.0.1\auto-service-annotations-1.0.1.jar;C:\Users\JATIN-PC\.m2\repository\com\google\auto\service\auto-service\1.0.1\auto-service-1.0.1.jar;C:\Users\JATIN-PC\.m2\repository\com\google\auto\auto-common\1.2\auto-common-1.2.jar;C:\Users\JATIN-PC\.m2\repository\io\netty\netty-buffer\4.1.79.Final\netty-buffer-4.1.79.Final.jar;C:\Users\JATIN-PC\.m2\repository\io\netty\netty-codec-http\4.1.79.Final\netty-codec-http-4.1.79.Final.jar;C:\Users\JATIN-PC\.m2\repository\io\netty\netty-codec\4.1.79.Final\netty-codec-4.1.79.Final.jar;C:\Users\JATIN-PC\.m2\repository\io\netty\netty-handler\4.1.79.Final\netty-handler-4.1.79.Final.jar;C:\Users\JATIN-PC\.m2\repository\io\netty\netty-common\4.1.79.Final\netty-common-4.1.79.Final.jar;C:\Users\JATIN-PC\.m2\repository\io\netty\netty-transport-classes-epoll\4.1.79.Final\netty-transport-classes-epoll-4.1.79.Final.jar;C:\Users\JATIN-PC\.m2\repository\io\netty\netty-transport-classes-kqueue\4.1.79.Final\netty-transport-classes-kqueue-4.1.79.Final.jar;C:\Users\JATIN-PC\.m2\repository\io\netty\netty-transport-native-epoll\4.1.79.Final\netty-transport-native-epoll-4.1.79.Final.jar;C:\Users\JATIN-PC\.m2\repository\io\netty\netty-transport-native-kqueue\4.1.79.Final\netty-transport-native-kqueue-4.1.79.Final.jar;C:\Users\JATIN-PC\.m2\repository\io\netty\netty-transport-native-unix-common\4.1.79.Final\netty-transport-native-unix-common-4.1.79.Final.jar;C:\Users\JATIN-PC\.m2\repository\io\netty\netty-transport\4.1.79.Final\netty-transport-4.1.79.Final.jar;C:\Users\JATIN-PC\.m2\repository\io\netty\netty-resolver\4.1.79.Final\netty-resolver-4.1.79.Final.jar;C:\Users\JATIN-PC\.m2\repository\io\opentelemetry\opentelemetry-api\1.17.0\opentelemetry-api-1.17.0.jar;C:\Users\JATIN-PC\.m2\repository\io\opentelemetry\opentelemetry-context\1.17.0\opentelemetry-context-1.17.0.jar;C:\Users\JATIN-PC\.m2\repository\io\opentelemetry\opentelemetry-exporter-logging\1.17.0\opentelemetry-exporter-logging-1.17.0.jar;C:\Users\JATIN-PC\.m2\repository\io\opentelemetry\opentelemetry-sdk-metrics\1.17.0\opentelemetry-sdk-metrics-1.17.0.jar;C:\Users\JATIN-PC\.m2\repository\io\opentelemetry\opentelemetry-sdk-logs\1.17.0-alpha\opentelemetry-sdk-logs-1.17.0-alpha.jar;C:\Users\JATIN-PC\.m2\repository\io\opentelemetry\opentelemetry-sdk-common\1.17.0\opentelemetry-sdk-common-1.17.0.jar;C:\Users\JATIN-PC\.m2\repository\io\opentelemetry\opentelemetry-sdk-extension-autoconfigure-spi\1.17.0\opentelemetry-sdk-extension-autoconfigure-spi-1.17.0.jar;C:\Users\JATIN-PC\.m2\repository\io\opentelemetry\opentelemetry-sdk-extension-autoconfigure\1.17.0-alpha\opentelemetry-sdk-extension-autoconfigure-1.17.0-alpha.jar;C:\Users\JATIN-PC\.m2\repository\io\opentelemetry\opentelemetry-exporter-common\1.17.0\opentelemetry-exporter-common-1.17.0.jar;C:\Users\JATIN-PC\.m2\repository\io\opentelemetry\opentelemetry-sdk-trace\1.17.0\opentelemetry-sdk-trace-1.17.0.jar;C:\Users\JATIN-PC\.m2\repository\io\opentelemetry\opentelemetry-sdk\1.17.0\opentelemetry-sdk-1.17.0.jar;C:\Users\JATIN-PC\.m2\repository\io\opentelemetry\opentelemetry-semconv\1.17.0-alpha\opentelemetry-semconv-1.17.0-alpha.jar;C:\Users\JATIN-PC\.m2\repository\io\ous\jtoml\2.0.0\jtoml-2.0.0.jar;C:\Users\JATIN-PC\.m2\repository\org\asynchttpclient\async-http-client\2.12.3\async-http-client-2.12.3.jar;C:\Users\JATIN-PC\.m2\repository\org\asynchttpclient\async-http-client-netty-utils\2.12.3\async-http-client-netty-utils-2.12.3.jar;C:\Users\JATIN-PC\.m2\repository\io\netty\netty-codec-socks\4.1.60.Final\netty-codec-socks-4.1.60.Final.jar;C:\Users\JATIN-PC\.m2\repository\io\netty\netty-handler-proxy\4.1.60.Final\netty-handler-proxy-4.1.60.Final.jar;C:\Users\JATIN-PC\.m2\repository\io\netty\netty-transport-native-epoll\4.1.60.Final\netty-transport-native-epoll-4.1.60.Final-linux-x86_64.jar;C:\Users\JATIN-PC\.m2\repository\io\netty\netty-transport-native-kqueue\4.1.60.Final\netty-transport-native-kqueue-4.1.60.Final-osx-x86_64.jar;C:\Users\JATIN-PC\.m2\repository\org\reactivestreams\reactive-streams\1.0.3\reactive-streams-1.0.3.jar;C:\Users\JATIN-PC\.m2\repository\com\typesafe\netty\netty-reactive-streams\2.0.4\netty-reactive-streams-2.0.4.jar;C:\Users\JATIN-PC\.m2\repository\com\sun\activation\jakarta.activation\1.2.2\jakarta.activation-1.2.2.jar;C:\Users\JATIN-PC\.m2\repository\org\seleniumhq\selenium\selenium-http\4.5.0\selenium-http-4.5.0.jar;C:\Users\JATIN-PC\.m2\repository\dev\failsafe\failsafe\3.2.4\failsafe-3.2.4.jar;C:\Users\JATIN-PC\.m2\repository\org\seleniumhq\selenium\selenium-json\4.5.0\selenium-json-4.5.0.jar;C:\Users\JATIN-PC\.m2\repository\tech\grasshopper\extentreports-cucumber7-adapter\1.7.0\extentreports-cucumber7-adapter-1.7.0.jar;C:\Users\JATIN-PC\.m2\repository\com\aventstack\extentreports\5.0.9\extentreports-5.0.9.jar;C:\Users\JATIN-PC\.m2\repository\io\reactivex\rxjava3\rxjava\3.0.4\rxjava-3.0.4.jar;C:\Users\JATIN-PC\.m2\repository\org\freemarker\freemarker\2.3.30\freemarker-2.3.30.jar;C:\Users\JATIN-PC\.m2\repository\org\projectlombok\lombok\1.18.12\lombok-1.18.12.jar;C:\Users\JATIN-PC\.m2\repository\tech\grasshopper\extent-pdf-report\2.7.0\extent-pdf-report-2.7.0.jar;C:\Users\JATIN-PC\.m2\repository\tech\grasshopper\cucumber-pdf-report\2.10.0\cucumber-pdf-report-2.10.0.jar;C:\Users\JATIN-PC\.m2\repository\org\apache\pdfbox\pdfbox\2.0.26\pdfbox-2.0.26.jar;C:\Users\JATIN-PC\.m2\repository\org\apache\pdfbox\fontbox\2.0.26\fontbox-2.0.26.jar;C:\Users\JATIN-PC\.m2\repository\org\knowm\xchart\xchart\3.8.0\xchart-3.8.0.jar;C:\Users\JATIN-PC\.m2\repository\de\erichseifert\vectorgraphics2d\VectorGraphics2D\0.13\VectorGraphics2D-0.13.jar;C:\Users\JATIN-PC\.m2\repository\de\rototor\pdfbox\graphics2d\0.30\graphics2d-0.30.jar;C:\Users\JATIN-PC\.m2\repository\com\madgag\animated-gif-lib\1.4\animated-gif-lib-1.4.jar;C:\Users\JATIN-PC\.m2\repository\tech\grasshopper\table-layout\1.5.1\table-layout-1.5.1.jar;C:\Users\JATIN-PC\.m2\repository\tech\grasshopper\rest-assured-cucumber-pdf-report\1.4.1\rest-assured-cucumber-pdf-report-1.4.1.jar;C:\Users\JATIN-PC\.m2\repository\org\jsoup\jsoup\1.14.3\jsoup-1.14.3.jar;C:\Users\JATIN-PC\.m2\repository\com\aventstack\klov-reporter\5.0.9\klov-reporter-5.0.9.jar;C:\Users\JATIN-PC\.m2\repository\org\mongodb\bson\3.6.4\bson-3.6.4.jar;C:\Users\JATIN-PC\.m2\repository\tech\grasshopper\htmlextentreporter\1.0.1\htmlextentreporter-1.0.1.jar;C:\Users\JATIN-PC\.m2\repository\tech\grasshopper\extentreports-cucumber6-adapter\2.13.0\extentreports-cucumber6-adapter-2.13.0.jar;C:\Users\JATIN-PC\.m2\repository\org\mongodb\mongodb-driver\3.3.0\mongodb-driver-3.3.0.jar;C:\Users\JATIN-PC\.m2\repository\org\mongodb\mongodb-driver-core\3.3.0\mongodb-driver-core-3.3.0.jar;C:\Users\JATIN-PC\.m2\repository\io\cucumber\cucumber-testng\7.8.1\cucumber-testng-7.8.1.jar;C:\Users\JATIN-PC\.m2\repository\io\rest-assured\rest-assured\5.2.0\rest-assured-5.2.0.jar;C:\Users\JATIN-PC\.m2\repository\org\apache\groovy\groovy\4.0.1\groovy-4.0.1.jar;C:\Users\JATIN-PC\.m2\repository\org\apache\groovy\groovy-xml\4.0.1\groovy-xml-4.0.1.jar;C:\Users\JATIN-PC\.m2\repository\org\apache\httpcomponents\httpclient\4.5.13\httpclient-4.5.13.jar;C:\Users\JATIN-PC\.m2\repository\org\apache\httpcomponents\httpcore\4.4.13\httpcore-4.4.13.jar;C:\Users\JATIN-PC\.m2\repository\commons-logging\commons-logging\1.2\commons-logging-1.2.jar;C:\Users\JATIN-PC\.m2\repository\org\apache\httpcomponents\httpmime\4.5.13\httpmime-4.5.13.jar;C:\Users\JATIN-PC\.m2\repository\org\hamcrest\hamcrest\2.1\hamcrest-2.1.jar;C:\Users\JATIN-PC\.m2\repository\org\ccil\cowan\tagsoup\tagsoup\1.2.1\tagsoup-1.2.1.jar;C:\Users\JATIN-PC\.m2\repository\io\rest-assured\json-path\5.2.0\json-path-5.2.0.jar;C:\Users\JATIN-PC\.m2\repository\org\apache\groovy\groovy-json\4.0.1\groovy-json-4.0.1.jar;C:\Users\JATIN-PC\.m2\repository\io\rest-assured\rest-assured-common\5.2.0\rest-assured-common-5.2.0.jar;C:\Users\JATIN-PC\.m2\repository\io\rest-assured\xml-path\5.2.0\xml-path-5.2.0.jar;C:\Users\JATIN-PC\.m2\repository\org\postgresql\postgresql\42.5.0\postgresql-42.5.0.jar;C:\Users\JATIN-PC\.m2\repository\org\checkerframework\checker-qual\3.5.0\checker-qual-3.5.0.jar;C:\Users\JATIN-PC\.m2\repository\com\oracle\database\jdbc\ojdbc10\19.16.0.0\ojdbc10-19.16.0.0.jar;C:\Users\JATIN-PC\.m2\repository\com\microsoft\sqlserver\mssql-jdbc\11.2.1.jre18\mssql-jdbc-11.2.1.jre18.jar;C:\Users\JATIN-PC\.m2\repository\com\mysql\mysql-connector-j\8.0.31\mysql-connector-j-8.0.31.jar;C:\Users\JATIN-PC\.m2\repository\com\google\protobuf\protobuf-java\3.19.4\protobuf-java-3.19.4.jar;C:\Users\JATIN-PC\.m2\repository\com\aventstack\extentreports-testng-adapter\1.2.2\extentreports-testng-adapter-1.2.2.jar;C:\Users\JATIN-PC\.m2\repository\org\apache\poi\poi-ooxml\5.2.3\poi-ooxml-5.2.3.jar;C:\Users\JATIN-PC\.m2\repository\org\apache\poi\poi\5.2.3\poi-5.2.3.jar;C:\Users\JATIN-PC\.m2\repository\org\apache\commons\commons-math3\3.6.1\commons-math3-3.6.1.jar;C:\Users\JATIN-PC\.m2\repository\com\zaxxer\SparseBitSet\1.2\SparseBitSet-1.2.jar;C:\Users\JATIN-PC\.m2\repository\org\apache\poi\poi-ooxml-lite\5.2.3\poi-ooxml-lite-5.2.3.jar;C:\Users\JATIN-PC\.m2\repository\org\apache\xmlbeans\xmlbeans\5.1.1\xmlbeans-5.1.1.jar;C:\Users\JATIN-PC\.m2\repository\org\apache\commons\commons-compress\1.21\commons-compress-1.21.jar;C:\Users\JATIN-PC\.m2\repository\commons-io\commons-io\2.11.0\commons-io-2.11.0.jar;C:\Users\JATIN-PC\.m2\repository\com\github\virtuald\curvesapi\1.07\curvesapi-1.07.jar;C:\Users\JATIN-PC\.m2\repository\org\apache\logging\log4j\log4j-api\2.18.0\log4j-api-2.18.0.jar;C:\Users\JATIN-PC\.m2\repository\org\apache\commons\commons-collections4\4.4\commons-collections4-4.4.jar;C:\Users\JATIN-PC\.m2\repository\org\apache\logging\log4j\log4j-core\2.19.0\log4j-core-2.19.0.jar;C:\Users\JATIN-PC\.m2\repository\com\intuit\karate\karate-core\1.2.1.RC2\karate-core-1.2.1.RC2-all.jar;C:\Users\JATIN-PC\.m2\repository\org\graalvm\js\js-scriptengine\22.0.0.2\js-scriptengine-22.0.0.2.jar;C:\Users\JATIN-PC\.m2\repository\org\graalvm\sdk\graal-sdk\22.0.0.2\graal-sdk-22.0.0.2.jar;C:\Users\JATIN-PC\.m2\repository\org\graalvm\js\js\22.0.0.2\js-22.0.0.2.jar;C:\Users\JATIN-PC\.m2\repository\org\graalvm\regex\regex\22.0.0.2\regex-22.0.0.2.jar;C:\Users\JATIN-PC\.m2\repository\org\graalvm\truffle\truffle-api\22.0.0.2\truffle-api-22.0.0.2.jar;C:\Users\JATIN-PC\.m2\repository\org\thymeleaf\thymeleaf\3.0.14.RELEASE\thymeleaf-3.0.14.RELEASE.jar;C:\Users\JATIN-PC\.m2\repository\ognl\ognl\3.1.26\ognl-3.1.26.jar;C:\Users\JATIN-PC\.m2\repository\org\javassist\javassist\3.20.0-GA\javassist-3.20.0-GA.jar;C:\Users\JATIN-PC\.m2\repository\org\attoparser\attoparser\2.0.5.RELEASE\attoparser-2.0.5.RELEASE.jar;C:\Users\JATIN-PC\.m2\repository\org\unbescape\unbescape\1.1.6.RELEASE\unbescape-1.1.6.RELEASE.jar;C:\Users\JATIN-PC\.m2\repository\com\linecorp\armeria\armeria\1.13.4\armeria-1.13.4.jar;C:\Users\JATIN-PC\.m2\repository\com\fasterxml\jackson\core\jackson-core\2.13.0\jackson-core-2.13.0.jar;C:\Users\JATIN-PC\.m2\repository\com\fasterxml\jackson\core\jackson-annotations\2.13.0\jackson-annotations-2.13.0.jar;C:\Users\JATIN-PC\.m2\repository\com\fasterxml\jackson\core\jackson-databind\2.13.0\jackson-databind-2.13.0.jar;C:\Users\JATIN-PC\.m2\repository\io\micrometer\micrometer-core\1.7.6\micrometer-core-1.7.6.jar;C:\Users\JATIN-PC\.m2\repository\org\hdrhistogram\HdrHistogram\2.1.12\HdrHistogram-2.1.12.jar;C:\Users\JATIN-PC\.m2\repository\org\latencyutils\LatencyUtils\2.0.3\LatencyUtils-2.0.3.jar;C:\Users\JATIN-PC\.m2\repository\io\netty\netty-codec-http2\4.1.70.Final\netty-codec-http2-4.1.70.Final.jar;C:\Users\JATIN-PC\.m2\repository\io\netty\netty-codec-haproxy\4.1.70.Final\netty-codec-haproxy-4.1.70.Final.jar;C:\Users\JATIN-PC\.m2\repository\io\netty\netty-resolver-dns\4.1.70.Final\netty-resolver-dns-4.1.70.Final.jar;C:\Users\JATIN-PC\.m2\repository\io\netty\netty-codec-dns\4.1.70.Final\netty-codec-dns-4.1.70.Final.jar;C:\Users\JATIN-PC\.m2\repository\io\netty\netty-resolver-dns-native-macos\4.1.70.Final\netty-resolver-dns-native-macos-4.1.70.Final-osx-x86_64.jar;C:\Users\JATIN-PC\.m2\repository\io\netty\netty-resolver-dns-classes-macos\4.1.70.Final\netty-resolver-dns-classes-macos-4.1.70.Final.jar;C:\Users\JATIN-PC\.m2\repository\io\netty\netty-transport-native-unix-common\4.1.70.Final\netty-transport-native-unix-common-4.1.70.Final-linux-x86_64.jar;C:\Users\JATIN-PC\.m2\repository\io\netty\netty-tcnative-boringssl-static\2.0.44.Final\netty-tcnative-boringssl-static-2.0.44.Final.jar;C:\Users\JATIN-PC\.m2\repository\com\aayushatharva\brotli4j\brotli4j\1.6.0\brotli4j-1.6.0.jar;C:\Users\JATIN-PC\.m2\repository\com\aayushatharva\brotli4j\native-windows-x86_64\1.6.0\native-windows-x86_64-1.6.0.jar;C:\Users\JATIN-PC\.m2\repository\ch\qos\logback\logback-classic\1.2.9\logback-classic-1.2.9.jar;C:\Users\JATIN-PC\.m2\repository\ch\qos\logback\logback-core\1.2.9\logback-core-1.2.9.jar;C:\Users\JATIN-PC\.m2\repository\org\slf4j\jcl-over-slf4j\1.7.32\jcl-over-slf4j-1.7.32.jar;C:\Users\JATIN-PC\.m2\repository\org\antlr\antlr4-runtime\4.9.2\antlr4-runtime-4.9.2.jar;C:\Users\JATIN-PC\.m2\repository\com\jayway\jsonpath\json-path\2.7.0\json-path-2.7.0.jar;C:\Users\JATIN-PC\.m2\repository\net\minidev\json-smart\2.4.7\json-smart-2.4.7.jar;C:\Users\JATIN-PC\.m2\repository\net\minidev\accessors-smart\2.4.7\accessors-smart-2.4.7.jar;C:\Users\JATIN-PC\.m2\repository\org\ow2\asm\asm\9.1\asm-9.1.jar;C:\Users\JATIN-PC\.m2\repository\info\cukes\cucumber-java\1.2.5\cucumber-java-1.2.5.jar;C:\Users\JATIN-PC\.m2\repository\info\cukes\cucumber-core\1.2.5\cucumber-core-1.2.5.jar;C:\Users\JATIN-PC\.m2\repository\de\siegmar\fastcsv\2.0.0\fastcsv-2.0.0.jar;C:\Users\JATIN-PC\.m2\repository\info\picocli\picocli\4.6.1\picocli-4.6.1.jar;C:\Users\JATIN-PC\.m2\repository\io\github\classgraph\classgraph\4.8.108\classgraph-4.8.108.jar;C:\Users\JATIN-PC\.m2\repository\com\intuit\karate\karate-junit4\1.3.0\karate-junit4-1.3.0.jar;C:\Users\JATIN-PC\.m2\repository\com\intuit\karate\karate-core\1.3.0\karate-core-1.3.0.jar;C:\Users\JATIN-PC\.m2\repository\io\github\t12y\resemble\1.0.2\resemble-1.0.2.jar;C:\Users\JATIN-PC\.m2\repository\io\github\t12y\ssim\1.0.0\ssim-1.0.0.jar;"/>
    <property name="java.vm.vendor" value="Oracle Corporation"/>
    <property name="sun.arch.data.model" value="64"/>
    <property name="user.variant" value=""/>
    <property name="java.vendor.url" value="https://java.oracle.com/"/>
    <property name="user.timezone" value="Asia/Calcutta"/>
    <property name="os.name" value="Windows 10"/>
    <property name="java.vm.specification.version" value="19"/>
    <property name="sun.java.launcher" value="SUN_STANDARD"/>
    <property name="user.country" value="US"/>
    <property name="sun.boot.library.path" value="C:\Program Files\Java\jdk-19\bin"/>
    <property name="sun.java.command" value="C:\Users\JATIN-PC\AppData\Local\Temp\surefire14415760525315318650\surefirebooter-20230417200200086_3.jar C:\Users\JATIN-PC\AppData\Local\Temp\surefire14415760525315318650 2023-04-17T20-01-59_863-jvmRun1 surefire-20230417200200086_1tmp surefire_0-20230417200200086_2tmp"/>
    <property name="jdk.debug" value="release"/>
    <property name="test" value="KarateRunner"/>
    <property name="surefire.test.class.path" value="C:\new_workspace_2\Testing\target\test-classes;C:\new_workspace_2\Testing\target\classes;C:\Users\JATIN-PC\.m2\repository\junit\junit\4.13.2\junit-4.13.2.jar;C:\Users\JATIN-PC\.m2\repository\org\hamcrest\hamcrest-core\1.3\hamcrest-core-1.3.jar;C:\Users\JATIN-PC\.m2\repository\org\testng\testng\7.5\testng-7.5.jar;C:\Users\JATIN-PC\.m2\repository\com\google\code\findbugs\jsr305\3.0.1\jsr305-3.0.1.jar;C:\Users\JATIN-PC\.m2\repository\org\slf4j\slf4j-api\1.7.32\slf4j-api-1.7.32.jar;C:\Users\JATIN-PC\.m2\repository\com\beust\jcommander\1.78\jcommander-1.78.jar;C:\Users\JATIN-PC\.m2\repository\org\webjars\jquery\3.5.1\jquery-3.5.1.jar;C:\Users\JATIN-PC\.m2\repository\io\cucumber\cucumber-java\7.8.1\cucumber-java-7.8.1.jar;C:\Users\JATIN-PC\.m2\repository\org\apiguardian\apiguardian-api\1.1.2\apiguardian-api-1.1.2.jar;C:\Users\JATIN-PC\.m2\repository\io\cucumber\cucumber-junit\7.8.1\cucumber-junit-7.8.1.jar;C:\Users\JATIN-PC\.m2\repository\io\cucumber\cucumber-core\7.8.1\cucumber-core-7.8.1.jar;C:\Users\JATIN-PC\.m2\repository\io\cucumber\cucumber-gherkin\7.8.1\cucumber-gherkin-7.8.1.jar;C:\Users\JATIN-PC\.m2\repository\io\cucumber\cucumber-gherkin-messages\7.8.1\cucumber-gherkin-messages-7.8.1.jar;C:\Users\JATIN-PC\.m2\repository\io\cucumber\messages\19.1.4\messages-19.1.4.jar;C:\Users\JATIN-PC\.m2\repository\io\cucumber\tag-expressions\4.1.0\tag-expressions-4.1.0.jar;C:\Users\JATIN-PC\.m2\repository\io\cucumber\cucumber-expressions\16.0.0\cucumber-expressions-16.0.0.jar;C:\Users\JATIN-PC\.m2\repository\io\cucumber\datatable\7.8.1\datatable-7.8.1.jar;C:\Users\JATIN-PC\.m2\repository\io\cucumber\cucumber-plugin\7.8.1\cucumber-plugin-7.8.1.jar;C:\Users\JATIN-PC\.m2\repository\io\cucumber\docstring\7.8.1\docstring-7.8.1.jar;C:\Users\JATIN-PC\.m2\repository\io\cucumber\html-formatter\20.1.0\html-formatter-20.1.0.jar;C:\Users\JATIN-PC\.m2\repository\io\cucumber\ci-environment\9.1.0\ci-environment-9.1.0.jar;C:\Users\JATIN-PC\.m2\repository\io\cucumber\gherkin\24.1.0\gherkin-24.1.0.jar;C:\Users\JATIN-PC\.m2\repository\org\seleniumhq\selenium\selenium-java\4.5.0\selenium-java-4.5.0.jar;C:\Users\JATIN-PC\.m2\repository\org\seleniumhq\selenium\selenium-api\4.5.0\selenium-api-4.5.0.jar;C:\Users\JATIN-PC\.m2\repository\org\seleniumhq\selenium\selenium-chrome-driver\4.5.0\selenium-chrome-driver-4.5.0.jar;C:\Users\JATIN-PC\.m2\repository\org\seleniumhq\selenium\selenium-chromium-driver\4.5.0\selenium-chromium-driver-4.5.0.jar;C:\Users\JATIN-PC\.m2\repository\org\seleniumhq\selenium\selenium-devtools-v104\4.5.0\selenium-devtools-v104-4.5.0.jar;C:\Users\JATIN-PC\.m2\repository\org\seleniumhq\selenium\selenium-devtools-v105\4.5.0\selenium-devtools-v105-4.5.0.jar;C:\Users\JATIN-PC\.m2\repository\org\seleniumhq\selenium\selenium-devtools-v106\4.5.0\selenium-devtools-v106-4.5.0.jar;C:\Users\JATIN-PC\.m2\repository\org\seleniumhq\selenium\selenium-devtools-v85\4.5.0\selenium-devtools-v85-4.5.0.jar;C:\Users\JATIN-PC\.m2\repository\org\seleniumhq\selenium\selenium-edge-driver\4.5.0\selenium-edge-driver-4.5.0.jar;C:\Users\JATIN-PC\.m2\repository\org\seleniumhq\selenium\selenium-firefox-driver\4.5.0\selenium-firefox-driver-4.5.0.jar;C:\Users\JATIN-PC\.m2\repository\org\seleniumhq\selenium\selenium-ie-driver\4.5.0\selenium-ie-driver-4.5.0.jar;C:\Users\JATIN-PC\.m2\repository\org\seleniumhq\selenium\selenium-safari-driver\4.5.0\selenium-safari-driver-4.5.0.jar;C:\Users\JATIN-PC\.m2\repository\org\seleniumhq\selenium\selenium-support\4.5.0\selenium-support-4.5.0.jar;C:\Users\JATIN-PC\.m2\repository\org\seleniumhq\selenium\selenium-server\3.141.59\selenium-server-3.141.59.jar;C:\Users\JATIN-PC\.m2\repository\org\seleniumhq\selenium\selenium-opera-driver\3.141.59\selenium-opera-driver-3.141.59.jar;C:\Users\JATIN-PC\.m2\repository\net\bytebuddy\byte-buddy\1.8.15\byte-buddy-1.8.15.jar;C:\Users\JATIN-PC\.m2\repository\org\apache\commons\commons-exec\1.3\commons-exec-1.3.jar;C:\Users\JATIN-PC\.m2\repository\com\google\guava\guava\31.0.1-jre\guava-31.0.1-jre.jar;C:\Users\JATIN-PC\.m2\repository\com\google\guava\failureaccess\1.0.1\failureaccess-1.0.1.jar;C:\Users\JATIN-PC\.m2\repository\com\google\guava\listenablefuture\9999.0-empty-to-avoid-conflict-with-guava\listenablefuture-9999.0-empty-to-avoid-conflict-with-guava.jar;C:\Users\JATIN-PC\.m2\repository\com\google\errorprone\error_prone_annotations\2.7.1\error_prone_annotations-2.7.1.jar;C:\Users\JATIN-PC\.m2\repository\com\google\j2objc\j2objc-annotations\1.3\j2objc-annotations-1.3.jar;C:\Users\JATIN-PC\.m2\repository\net\jcip\jcip-annotations\1.0\jcip-annotations-1.0.jar;C:\Users\JATIN-PC\.m2\repository\org\seleniumhq\selenium\jetty-repacked\9.4.12.v20180830\jetty-repacked-9.4.12.v20180830.jar;C:\Users\JATIN-PC\.m2\repository\com\squareup\okhttp3\okhttp\3.11.0\okhttp-3.11.0.jar;C:\Users\JATIN-PC\.m2\repository\com\squareup\okio\okio\1.14.0\okio-1.14.0.jar;C:\Users\JATIN-PC\.m2\repository\javax\servlet\javax.servlet-api\3.1.0\javax.servlet-api-3.1.0.jar;C:\Users\JATIN-PC\.m2\repository\org\yaml\snakeyaml\1.19\snakeyaml-1.19.jar;C:\Users\JATIN-PC\.m2\repository\io\github\bonigarcia\webdrivermanager\5.3.0\webdrivermanager-5.3.0.jar;C:\Users\JATIN-PC\.m2\repository\com\google\code\gson\gson\2.9.1\gson-2.9.1.jar;C:\Users\JATIN-PC\.m2\repository\com\github\docker-java\docker-java\3.2.13\docker-java-3.2.13.jar;C:\Users\JATIN-PC\.m2\repository\com\github\docker-java\docker-java-core\3.2.13\docker-java-core-3.2.13.jar;C:\Users\JATIN-PC\.m2\repository\com\github\docker-java\docker-java-api\3.2.13\docker-java-api-3.2.13.jar;C:\Users\JATIN-PC\.m2\repository\org\bouncycastle\bcpkix-jdk15on\1.64\bcpkix-jdk15on-1.64.jar;C:\Users\JATIN-PC\.m2\repository\org\bouncycastle\bcprov-jdk15on\1.64\bcprov-jdk15on-1.64.jar;C:\Users\JATIN-PC\.m2\repository\com\github\docker-java\docker-java-transport-httpclient5\3.2.13\docker-java-transport-httpclient5-3.2.13.jar;C:\Users\JATIN-PC\.m2\repository\com\github\docker-java\docker-java-transport\3.2.13\docker-java-transport-3.2.13.jar;C:\Users\JATIN-PC\.m2\repository\net\java\dev\jna\jna\5.8.0\jna-5.8.0.jar;C:\Users\JATIN-PC\.m2\repository\org\brotli\dec\0.1.2\dec-0.1.2.jar;C:\Users\JATIN-PC\.m2\repository\org\apache\commons\commons-lang3\3.12.0\commons-lang3-3.12.0.jar;C:\Users\JATIN-PC\.m2\repository\org\apache\httpcomponents\client5\httpclient5\5.1.3\httpclient5-5.1.3.jar;C:\Users\JATIN-PC\.m2\repository\org\apache\httpcomponents\core5\httpcore5\5.1.3\httpcore5-5.1.3.jar;C:\Users\JATIN-PC\.m2\repository\org\apache\httpcomponents\core5\httpcore5-h2\5.1.3\httpcore5-h2-5.1.3.jar;C:\Users\JATIN-PC\.m2\repository\commons-codec\commons-codec\1.15\commons-codec-1.15.jar;C:\Users\JATIN-PC\.m2\repository\org\seleniumhq\selenium\selenium-remote-driver\4.5.0\selenium-remote-driver-4.5.0.jar;C:\Users\JATIN-PC\.m2\repository\com\google\auto\service\auto-service-annotations\1.0.1\auto-service-annotations-1.0.1.jar;C:\Users\JATIN-PC\.m2\repository\com\google\auto\service\auto-service\1.0.1\auto-service-1.0.1.jar;C:\Users\JATIN-PC\.m2\repository\com\google\auto\auto-common\1.2\auto-common-1.2.jar;C:\Users\JATIN-PC\.m2\repository\io\netty\netty-buffer\4.1.79.Final\netty-buffer-4.1.79.Final.jar;C:\Users\JATIN-PC\.m2\repository\io\netty\netty-codec-http\4.1.79.Final\netty-codec-http-4.1.79.Final.jar;C:\Users\JATIN-PC\.m2\repository\io\netty\netty-codec\4.1.79.Final\netty-codec-4.1.79.Final.jar;C:\Users\JATIN-PC\.m2\repository\io\netty\netty-handler\4.1.79.Final\netty-handler-4.1.79.Final.jar;C:\Users\JATIN-PC\.m2\repository\io\netty\netty-common\4.1.79.Final\netty-common-4.1.79.Final.jar;C:\Users\JATIN-PC\.m2\repository\io\netty\netty-transport-classes-epoll\4.1.79.Final\netty-transport-classes-epoll-4.1.79.Final.jar;C:\Users\JATIN-PC\.m2\repository\io\netty\netty-transport-classes-kqueue\4.1.79.Final\netty-transport-classes-kqueue-4.1.79.Final.jar;C:\Users\JATIN-PC\.m2\repository\io\netty\netty-transport-native-epoll\4.1.79.Final\netty-transport-native-epoll-4.1.79.Final.jar;C:\Users\JATIN-PC\.m2\repository\io\netty\netty-transport-native-kqueue\4.1.79.Final\netty-transport-native-kqueue-4.1.79.Final.jar;C:\Users\JATIN-PC\.m2\repository\io\netty\netty-transport-native-unix-common\4.1.79.Final\netty-transport-native-unix-common-4.1.79.Final.jar;C:\Users\JATIN-PC\.m2\repository\io\netty\netty-transport\4.1.79.Final\netty-transport-4.1.79.Final.jar;C:\Users\JATIN-PC\.m2\repository\io\netty\netty-resolver\4.1.79.Final\netty-resolver-4.1.79.Final.jar;C:\Users\JATIN-PC\.m2\repository\io\opentelemetry\opentelemetry-api\1.17.0\opentelemetry-api-1.17.0.jar;C:\Users\JATIN-PC\.m2\repository\io\opentelemetry\opentelemetry-context\1.17.0\opentelemetry-context-1.17.0.jar;C:\Users\JATIN-PC\.m2\repository\io\opentelemetry\opentelemetry-exporter-logging\1.17.0\opentelemetry-exporter-logging-1.17.0.jar;C:\Users\JATIN-PC\.m2\repository\io\opentelemetry\opentelemetry-sdk-metrics\1.17.0\opentelemetry-sdk-metrics-1.17.0.jar;C:\Users\JATIN-PC\.m2\repository\io\opentelemetry\opentelemetry-sdk-logs\1.17.0-alpha\opentelemetry-sdk-logs-1.17.0-alpha.jar;C:\Users\JATIN-PC\.m2\repository\io\opentelemetry\opentelemetry-sdk-common\1.17.0\opentelemetry-sdk-common-1.17.0.jar;C:\Users\JATIN-PC\.m2\repository\io\opentelemetry\opentelemetry-sdk-extension-autoconfigure-spi\1.17.0\opentelemetry-sdk-extension-autoconfigure-spi-1.17.0.jar;C:\Users\JATIN-PC\.m2\repository\io\opentelemetry\opentelemetry-sdk-extension-autoconfigure\1.17.0-alpha\opentelemetry-sdk-extension-autoconfigure-1.17.0-alpha.jar;C:\Users\JATIN-PC\.m2\repository\io\opentelemetry\opentelemetry-exporter-common\1.17.0\opentelemetry-exporter-common-1.17.0.jar;C:\Users\JATIN-PC\.m2\repository\io\opentelemetry\opentelemetry-sdk-trace\1.17.0\opentelemetry-sdk-trace-1.17.0.jar;C:\Users\JATIN-PC\.m2\repository\io\opentelemetry\opentelemetry-sdk\1.17.0\opentelemetry-sdk-1.17.0.jar;C:\Users\JATIN-PC\.m2\repository\io\opentelemetry\opentelemetry-semconv\1.17.0-alpha\opentelemetry-semconv-1.17.0-alpha.jar;C:\Users\JATIN-PC\.m2\repository\io\ous\jtoml\2.0.0\jtoml-2.0.0.jar;C:\Users\JATIN-PC\.m2\repository\org\asynchttpclient\async-http-client\2.12.3\async-http-client-2.12.3.jar;C:\Users\JATIN-PC\.m2\repository\org\asynchttpclient\async-http-client-netty-utils\2.12.3\async-http-client-netty-utils-2.12.3.jar;C:\Users\JATIN-PC\.m2\repository\io\netty\netty-codec-socks\4.1.60.Final\netty-codec-socks-4.1.60.Final.jar;C:\Users\JATIN-PC\.m2\repository\io\netty\netty-handler-proxy\4.1.60.Final\netty-handler-proxy-4.1.60.Final.jar;C:\Users\JATIN-PC\.m2\repository\io\netty\netty-transport-native-epoll\4.1.60.Final\netty-transport-native-epoll-4.1.60.Final-linux-x86_64.jar;C:\Users\JATIN-PC\.m2\repository\io\netty\netty-transport-native-kqueue\4.1.60.Final\netty-transport-native-kqueue-4.1.60.Final-osx-x86_64.jar;C:\Users\JATIN-PC\.m2\repository\org\reactivestreams\reactive-streams\1.0.3\reactive-streams-1.0.3.jar;C:\Users\JATIN-PC\.m2\repository\com\typesafe\netty\netty-reactive-streams\2.0.4\netty-reactive-streams-2.0.4.jar;C:\Users\JATIN-PC\.m2\repository\com\sun\activation\jakarta.activation\1.2.2\jakarta.activation-1.2.2.jar;C:\Users\JATIN-PC\.m2\repository\org\seleniumhq\selenium\selenium-http\4.5.0\selenium-http-4.5.0.jar;C:\Users\JATIN-PC\.m2\repository\dev\failsafe\failsafe\3.2.4\failsafe-3.2.4.jar;C:\Users\JATIN-PC\.m2\repository\org\seleniumhq\selenium\selenium-json\4.5.0\selenium-json-4.5.0.jar;C:\Users\JATIN-PC\.m2\repository\tech\grasshopper\extentreports-cucumber7-adapter\1.7.0\extentreports-cucumber7-adapter-1.7.0.jar;C:\Users\JATIN-PC\.m2\repository\com\aventstack\extentreports\5.0.9\extentreports-5.0.9.jar;C:\Users\JATIN-PC\.m2\repository\io\reactivex\rxjava3\rxjava\3.0.4\rxjava-3.0.4.jar;C:\Users\JATIN-PC\.m2\repository\org\freemarker\freemarker\2.3.30\freemarker-2.3.30.jar;C:\Users\JATIN-PC\.m2\repository\org\projectlombok\lombok\1.18.12\lombok-1.18.12.jar;C:\Users\JATIN-PC\.m2\repository\tech\grasshopper\extent-pdf-report\2.7.0\extent-pdf-report-2.7.0.jar;C:\Users\JATIN-PC\.m2\repository\tech\grasshopper\cucumber-pdf-report\2.10.0\cucumber-pdf-report-2.10.0.jar;C:\Users\JATIN-PC\.m2\repository\org\apache\pdfbox\pdfbox\2.0.26\pdfbox-2.0.26.jar;C:\Users\JATIN-PC\.m2\repository\org\apache\pdfbox\fontbox\2.0.26\fontbox-2.0.26.jar;C:\Users\JATIN-PC\.m2\repository\org\knowm\xchart\xchart\3.8.0\xchart-3.8.0.jar;C:\Users\JATIN-PC\.m2\repository\de\erichseifert\vectorgraphics2d\VectorGraphics2D\0.13\VectorGraphics2D-0.13.jar;C:\Users\JATIN-PC\.m2\repository\de\rototor\pdfbox\graphics2d\0.30\graphics2d-0.30.jar;C:\Users\JATIN-PC\.m2\repository\com\madgag\animated-gif-lib\1.4\animated-gif-lib-1.4.jar;C:\Users\JATIN-PC\.m2\repository\tech\grasshopper\table-layout\1.5.1\table-layout-1.5.1.jar;C:\Users\JATIN-PC\.m2\repository\tech\grasshopper\rest-assured-cucumber-pdf-report\1.4.1\rest-assured-cucumber-pdf-report-1.4.1.jar;C:\Users\JATIN-PC\.m2\repository\org\jsoup\jsoup\1.14.3\jsoup-1.14.3.jar;C:\Users\JATIN-PC\.m2\repository\com\aventstack\klov-reporter\5.0.9\klov-reporter-5.0.9.jar;C:\Users\JATIN-PC\.m2\repository\org\mongodb\bson\3.6.4\bson-3.6.4.jar;C:\Users\JATIN-PC\.m2\repository\tech\grasshopper\htmlextentreporter\1.0.1\htmlextentreporter-1.0.1.jar;C:\Users\JATIN-PC\.m2\repository\tech\grasshopper\extentreports-cucumber6-adapter\2.13.0\extentreports-cucumber6-adapter-2.13.0.jar;C:\Users\JATIN-PC\.m2\repository\org\mongodb\mongodb-driver\3.3.0\mongodb-driver-3.3.0.jar;C:\Users\JATIN-PC\.m2\repository\org\mongodb\mongodb-driver-core\3.3.0\mongodb-driver-core-3.3.0.jar;C:\Users\JATIN-PC\.m2\repository\io\cucumber\cucumber-testng\7.8.1\cucumber-testng-7.8.1.jar;C:\Users\JATIN-PC\.m2\repository\io\rest-assured\rest-assured\5.2.0\rest-assured-5.2.0.jar;C:\Users\JATIN-PC\.m2\repository\org\apache\groovy\groovy\4.0.1\groovy-4.0.1.jar;C:\Users\JATIN-PC\.m2\repository\org\apache\groovy\groovy-xml\4.0.1\groovy-xml-4.0.1.jar;C:\Users\JATIN-PC\.m2\repository\org\apache\httpcomponents\httpclient\4.5.13\httpclient-4.5.13.jar;C:\Users\JATIN-PC\.m2\repository\org\apache\httpcomponents\httpcore\4.4.13\httpcore-4.4.13.jar;C:\Users\JATIN-PC\.m2\repository\commons-logging\commons-logging\1.2\commons-logging-1.2.jar;C:\Users\JATIN-PC\.m2\repository\org\apache\httpcomponents\httpmime\4.5.13\httpmime-4.5.13.jar;C:\Users\JATIN-PC\.m2\repository\org\hamcrest\hamcrest\2.1\hamcrest-2.1.jar;C:\Users\JATIN-PC\.m2\repository\org\ccil\cowan\tagsoup\tagsoup\1.2.1\tagsoup-1.2.1.jar;C:\Users\JATIN-PC\.m2\repository\io\rest-assured\json-path\5.2.0\json-path-5.2.0.jar;C:\Users\JATIN-PC\.m2\repository\org\apache\groovy\groovy-json\4.0.1\groovy-json-4.0.1.jar;C:\Users\JATIN-PC\.m2\repository\io\rest-assured\rest-assured-common\5.2.0\rest-assured-common-5.2.0.jar;C:\Users\JATIN-PC\.m2\repository\io\rest-assured\xml-path\5.2.0\xml-path-5.2.0.jar;C:\Users\JATIN-PC\.m2\repository\org\postgresql\postgresql\42.5.0\postgresql-42.5.0.jar;C:\Users\JATIN-PC\.m2\repository\org\checkerframework\checker-qual\3.5.0\checker-qual-3.5.0.jar;C:\Users\JATIN-PC\.m2\repository\com\oracle\database\jdbc\ojdbc10\19.16.0.0\ojdbc10-19.16.0.0.jar;C:\Users\JATIN-PC\.m2\repository\com\microsoft\sqlserver\mssql-jdbc\11.2.1.jre18\mssql-jdbc-11.2.1.jre18.jar;C:\Users\JATIN-PC\.m2\repository\com\mysql\mysql-connector-j\8.0.31\mysql-connector-j-8.0.31.jar;C:\Users\JATIN-PC\.m2\repository\com\google\protobuf\protobuf-java\3.19.4\protobuf-java-3.19.4.jar;C:\Users\JATIN-PC\.m2\repository\com\aventstack\extentreports-testng-adapter\1.2.2\extentreports-testng-adapter-1.2.2.jar;C:\Users\JATIN-PC\.m2\repository\org\apache\poi\poi-ooxml\5.2.3\poi-ooxml-5.2.3.jar;C:\Users\JATIN-PC\.m2\repository\org\apache\poi\poi\5.2.3\poi-5.2.3.jar;C:\Users\JATIN-PC\.m2\repository\org\apache\commons\commons-math3\3.6.1\commons-math3-3.6.1.jar;C:\Users\JATIN-PC\.m2\repository\com\zaxxer\SparseBitSet\1.2\SparseBitSet-1.2.jar;C:\Users\JATIN-PC\.m2\repository\org\apache\poi\poi-ooxml-lite\5.2.3\poi-ooxml-lite-5.2.3.jar;C:\Users\JATIN-PC\.m2\repository\org\apache\xmlbeans\xmlbeans\5.1.1\xmlbeans-5.1.1.jar;C:\Users\JATIN-PC\.m2\repository\org\apache\commons\commons-compress\1.21\commons-compress-1.21.jar;C:\Users\JATIN-PC\.m2\repository\commons-io\commons-io\2.11.0\commons-io-2.11.0.jar;C:\Users\JATIN-PC\.m2\repository\com\github\virtuald\curvesapi\1.07\curvesapi-1.07.jar;C:\Users\JATIN-PC\.m2\repository\org\apache\logging\log4j\log4j-api\2.18.0\log4j-api-2.18.0.jar;C:\Users\JATIN-PC\.m2\repository\org\apache\commons\commons-collections4\4.4\commons-collections4-4.4.jar;C:\Users\JATIN-PC\.m2\repository\org\apache\logging\log4j\log4j-core\2.19.0\log4j-core-2.19.0.jar;C:\Users\JATIN-PC\.m2\repository\com\intuit\karate\karate-core\1.2.1.RC2\karate-core-1.2.1.RC2-all.jar;C:\Users\JATIN-PC\.m2\repository\org\graalvm\js\js-scriptengine\22.0.0.2\js-scriptengine-22.0.0.2.jar;C:\Users\JATIN-PC\.m2\repository\org\graalvm\sdk\graal-sdk\22.0.0.2\graal-sdk-22.0.0.2.jar;C:\Users\JATIN-PC\.m2\repository\org\graalvm\js\js\22.0.0.2\js-22.0.0.2.jar;C:\Users\JATIN-PC\.m2\repository\org\graalvm\regex\regex\22.0.0.2\regex-22.0.0.2.jar;C:\Users\JATIN-PC\.m2\repository\org\graalvm\truffle\truffle-api\22.0.0.2\truffle-api-22.0.0.2.jar;C:\Users\JATIN-PC\.m2\repository\org\thymeleaf\thymeleaf\3.0.14.RELEASE\thymeleaf-3.0.14.RELEASE.jar;C:\Users\JATIN-PC\.m2\repository\ognl\ognl\3.1.26\ognl-3.1.26.jar;C:\Users\JATIN-PC\.m2\repository\org\javassist\javassist\3.20.0-GA\javassist-3.20.0-GA.jar;C:\Users\JATIN-PC\.m2\repository\org\attoparser\attoparser\2.0.5.RELEASE\attoparser-2.0.5.RELEASE.jar;C:\Users\JATIN-PC\.m2\repository\org\unbescape\unbescape\1.1.6.RELEASE\unbescape-1.1.6.RELEASE.jar;C:\Users\JATIN-PC\.m2\repository\com\linecorp\armeria\armeria\1.13.4\armeria-1.13.4.jar;C:\Users\JATIN-PC\.m2\repository\com\fasterxml\jackson\core\jackson-core\2.13.0\jackson-core-2.13.0.jar;C:\Users\JATIN-PC\.m2\repository\com\fasterxml\jackson\core\jackson-annotations\2.13.0\jackson-annotations-2.13.0.jar;C:\Users\JATIN-PC\.m2\repository\com\fasterxml\jackson\core\jackson-databind\2.13.0\jackson-databind-2.13.0.jar;C:\Users\JATIN-PC\.m2\repository\io\micrometer\micrometer-core\1.7.6\micrometer-core-1.7.6.jar;C:\Users\JATIN-PC\.m2\repository\org\hdrhistogram\HdrHistogram\2.1.12\HdrHistogram-2.1.12.jar;C:\Users\JATIN-PC\.m2\repository\org\latencyutils\LatencyUtils\2.0.3\LatencyUtils-2.0.3.jar;C:\Users\JATIN-PC\.m2\repository\io\netty\netty-codec-http2\4.1.70.Final\netty-codec-http2-4.1.70.Final.jar;C:\Users\JATIN-PC\.m2\repository\io\netty\netty-codec-haproxy\4.1.70.Final\netty-codec-haproxy-4.1.70.Final.jar;C:\Users\JATIN-PC\.m2\repository\io\netty\netty-resolver-dns\4.1.70.Final\netty-resolver-dns-4.1.70.Final.jar;C:\Users\JATIN-PC\.m2\repository\io\netty\netty-codec-dns\4.1.70.Final\netty-codec-dns-4.1.70.Final.jar;C:\Users\JATIN-PC\.m2\repository\io\netty\netty-resolver-dns-native-macos\4.1.70.Final\netty-resolver-dns-native-macos-4.1.70.Final-osx-x86_64.jar;C:\Users\JATIN-PC\.m2\repository\io\netty\netty-resolver-dns-classes-macos\4.1.70.Final\netty-resolver-dns-classes-macos-4.1.70.Final.jar;C:\Users\JATIN-PC\.m2\repository\io\netty\netty-transport-native-unix-common\4.1.70.Final\netty-transport-native-unix-common-4.1.70.Final-linux-x86_64.jar;C:\Users\JATIN-PC\.m2\repository\io\netty\netty-tcnative-boringssl-static\2.0.44.Final\netty-tcnative-boringssl-static-2.0.44.Final.jar;C:\Users\JATIN-PC\.m2\repository\com\aayushatharva\brotli4j\brotli4j\1.6.0\brotli4j-1.6.0.jar;C:\Users\JATIN-PC\.m2\repository\com\aayushatharva\brotli4j\native-windows-x86_64\1.6.0\native-windows-x86_64-1.6.0.jar;C:\Users\JATIN-PC\.m2\repository\ch\qos\logback\logback-classic\1.2.9\logback-classic-1.2.9.jar;C:\Users\JATIN-PC\.m2\repository\ch\qos\logback\logback-core\1.2.9\logback-core-1.2.9.jar;C:\Users\JATIN-PC\.m2\repository\org\slf4j\jcl-over-slf4j\1.7.32\jcl-over-slf4j-1.7.32.jar;C:\Users\JATIN-PC\.m2\repository\org\antlr\antlr4-runtime\4.9.2\antlr4-runtime-4.9.2.jar;C:\Users\JATIN-PC\.m2\repository\com\jayway\jsonpath\json-path\2.7.0\json-path-2.7.0.jar;C:\Users\JATIN-PC\.m2\repository\net\minidev\json-smart\2.4.7\json-smart-2.4.7.jar;C:\Users\JATIN-PC\.m2\repository\net\minidev\accessors-smart\2.4.7\accessors-smart-2.4.7.jar;C:\Users\JATIN-PC\.m2\repository\org\ow2\asm\asm\9.1\asm-9.1.jar;C:\Users\JATIN-PC\.m2\repository\info\cukes\cucumber-java\1.2.5\cucumber-java-1.2.5.jar;C:\Users\JATIN-PC\.m2\repository\info\cukes\cucumber-core\1.2.5\cucumber-core-1.2.5.jar;C:\Users\JATIN-PC\.m2\repository\de\siegmar\fastcsv\2.0.0\fastcsv-2.0.0.jar;C:\Users\JATIN-PC\.m2\repository\info\picocli\picocli\4.6.1\picocli-4.6.1.jar;C:\Users\JATIN-PC\.m2\repository\io\github\classgraph\classgraph\4.8.108\classgraph-4.8.108.jar;C:\Users\JATIN-PC\.m2\repository\com\intuit\karate\karate-junit4\1.3.0\karate-junit4-1.3.0.jar;C:\Users\JATIN-PC\.m2\repository\com\intuit\karate\karate-core\1.3.0\karate-core-1.3.0.jar;C:\Users\JATIN-PC\.m2\repository\io\github\t12y\resemble\1.0.2\resemble-1.0.2.jar;C:\Users\JATIN-PC\.m2\repository\io\github\t12y\ssim\1.0.0\ssim-1.0.0.jar;"/>
    <property name="sun.cpu.endian" value="little"/>
    <property name="user.home" value="C:\Users\JATIN-PC"/>
    <property name="user.language" value="en"/>
    <property name="java.specification.vendor" value="Oracle Corporation"/>
    <property name="java.version.date" value="2022-10-18"/>
    <property name="java.home" value="C:\Program Files\Java\jdk-19"/>
    <property name="file.separator" value="\"/>
    <property name="basedir" value="C:\new_workspace_2\Testing"/>
    <property name="java.vm.compressedOopsMode" value="32-bit"/>
    <property name="line.separator" value="&#10;"/>
    <property name="java.vm.specification.vendor" value="Oracle Corporation"/>
    <property name="java.specification.name" value="Java Platform API Specification"/>
    <property name="surefire.real.class.path" value="C:\Users\JATIN-PC\AppData\Local\Temp\surefire14415760525315318650\surefirebooter-20230417200200086_3.jar"/>
    <property name="user.script" value=""/>
    <property name="sun.management.compiler" value="HotSpot 64-Bit Tiered Compilers"/>
    <property name="java.runtime.version" value="19.0.1+10-21"/>
    <property name="user.name" value="JATIN-PC"/>
    <property name="stdout.encoding" value="Cp1252"/>
    <property name="path.separator" value=";"/>
    <property name="os.version" value="10.0"/>
    <property name="java.runtime.name" value="Java(TM) SE Runtime Environment"/>
    <property name="file.encoding" value="UTF-8"/>
    <property name="java.vm.name" value="Java HotSpot(TM) 64-Bit Server VM"/>
    <property name="localRepository" value="C:\Users\JATIN-PC\.m2\repository"/>
    <property name="java.vendor.url.bug" value="https://bugreport.java.com/bugreport/"/>
    <property name="java.io.tmpdir" value="C:\Users\JATIN-PC\AppData\Local\Temp\"/>
    <property name="java.version" value="19.0.1"/>
    <property name="user.dir" value="C:\new_workspace_2\Testing"/>
    <property name="os.arch" value="amd64"/>
    <property name="java.vm.specification.name" value="Java Virtual Machine Specification"/>
    <property name="sun.os.patch.level" value=""/>
    <property name="native.encoding" value="Cp1252"/>
    <property name="java.library.path" value="C:\Program Files\Java\jdk-19\bin;C:\Windows\Sun\Java\bin;C:\Windows\system32;C:\Windows;C:\Program Files\Common Files\Oracle\Java\javapath;C:\Program Files (x86)\Common Files\Oracle\Java\javapath;C:\Windows\system32;C:\Windows;C:\Windows\System32\Wbem;C:\Windows\System32\WindowsPowerShell\v1.0\;C:\Windows\System32\OpenSSH\;C:\Program Files\Java\jdk-19\\bin;C:\Program Files\Eclipse Adoptium\jdk-17.0.6.10-hotspot\bin;C:\MAVEN\apache-maven-3.9.1\bin;C:\Program Files\Git\cmd;C:\Users\JATIN-PC\AppData\Local\Microsoft\WindowsApps;;C:\Users\JATIN-PC\AppData\Local\Programs\Microsoft VS Code\bin;."/>
    <property name="java.vm.info" value="mixed mode, sharing"/>
    <property name="stderr.encoding" value="Cp1252"/>
    <property name="java.vendor" value="Oracle Corporation"/>
    <property name="java.vm.version" value="19.0.1+10-21"/>
    <property name="sun.io.unicode.encoding" value="UnicodeLittle"/>
    <property name="java.class.version" value="63.0"/>
  </properties>
  <testcase name="testParallel on testParallel(com.big.TestRunners.KarateRunner)" classname="com.big.TestRunners.KarateRunner" time="19.254">
    <failure message="no step-definition method match found for: def Baseurl =&apos;&apos;&#10;classpath:com/big/features/APIfeatures/FIS-API/FIS-API.feature:3&#10;no step-definition method match found for: def Baseurl =&apos;&apos;&#10;classpath:com/big/features/APIfeatures/FIS-API/FIS-API.feature:3&#10;no step-definition method match found for: def Baseurl =&apos;&apos;&#10;classpath:com/big/features/APIfeatures/FIS-API/FIS-API.feature:3&#10;no step-definition method match found for: def Baseurl =&apos;&apos;&#10;classpath:com/big/features/APIfeatures/FIS-API/FIS-API.feature:3&#10;no step-definition method match found for: def Baseurl =&apos;&apos;&#10;classpath:com/big/features/APIfeatures/FIS-API/FIS-API.feature:3&#10;no step-definition method match found for: def Baseurl =&apos;&apos;&#10;classpath:com/big/features/APIfeatures/FIS-API/FIS-API.feature:3&#10;no step-definition method match found for: def Baseurl =&apos;&apos;&#10;classpath:com/big/features/APIfeatures/FIS-API/FIS-API.feature:3&#10;no step-definition method match found for: def Baseurl =&apos;&apos;&#10;classpath:com/big/features/APIfeatures/FIS-API/FIS-API.feature:3&#10;no step-definition method match found for: def Baseurl =&apos;&apos;&#10;classpath:com/big/features/APIfeatures/FIS-API/FIS-API.feature:3&#10;no step-definition method match found for: def Baseurl =&apos;&apos;&#10;classpath:com/big/features/APIfeatures/FIS-API/FIS-API.feature:3&#10;no step-definition method match found for: def Baseurl =&apos;&apos;&#10;classpath:com/big/features/APIfeatures/FIS-API/FIS-API.feature:3&#10;js failed:&#10;&gt;&gt;&gt;&gt;&#10;01: read(../Village Branch Service XAPI/Village_Branch_XAPI.feature)&#10;&lt;&lt;&lt;&lt;&#10;org.graalvm.polyglot.PolyglotException: SyntaxError: Unnamed:1:5 Expected an operand but found .&#10;read(../Village Branch Service XAPI/Village_Branch_XAPI.feature)&#10;     ^&#10;&#10;- org.graalvm.polyglot.Context.eval(Context.java:425)&#10;- com.intuit.karate.graal.JsEngine.evalForValue(JsEngine.java:141)&#10;- com.intuit.karate.graal.JsEngine.eval(JsEngine.java:137)&#10;- com.intuit.karate.core.ScenarioEngine.evalJs(ScenarioEngine.java:1344)&#10;- com.intuit.karate.core.ScenarioEngine.evalKarateExpression(ScenarioEngine.java:2373)&#10;- com.intuit.karate.core.ScenarioEngine.evalKarateExpression(ScenarioEngine.java:2292)&#10;- com.intuit.karate.core.ScenarioEngine.call(ScenarioEngine.java:2056)&#10;&#10;classpath:com/big/features/APIfeatures/SCU/FISSSO-XAPI/Read_Token_Read_Card.feature:8&#10;js failed:&#10;&gt;&gt;&gt;&gt;&#10;01: Baseurl +&apos;/api/bat/member/&apos;&#10;&lt;&lt;&lt;&lt;&#10;org.graalvm.polyglot.PolyglotException: ReferenceError: &quot;Baseurl&quot; is not defined&#10;- &lt;js&gt;.:program(Unnamed:1)&#10;&#10;classpath:com/big/features/APIfeatures/SCU/CC-XAPI/CC_XAPI.feature:6&#10;js failed:&#10;&gt;&gt;&gt;&gt;&#10;01: Baseurl +&apos;/healthcheck&apos;&#10;&lt;&lt;&lt;&lt;&#10;org.graalvm.polyglot.PolyglotException: ReferenceError: &quot;Baseurl&quot; is not defined&#10;- &lt;js&gt;.:program(Unnamed:1)&#10;&#10;classpath:com/big/features/APIfeatures/SCU/CC-XAPI/CC_XAPI.feature:12&#10;js failed:&#10;&gt;&gt;&gt;&gt;&#10;01: Baseurl &apos;/api/bat/member/&apos;&#10;&lt;&lt;&lt;&lt;&#10;org.graalvm.polyglot.PolyglotException: SyntaxError: Unnamed:1:9 Expected ; but found /api/bat/member/&#10;Baseurl &apos;/api/bat/member/&apos;&#10;         ^&#10;&#10;- org.graalvm.polyglot.Context.eval(Context.java:425)&#10;- com.intuit.karate.graal.JsEngine.evalForValue(JsEngine.java:141)&#10;- com.intuit.karate.graal.JsEngine.eval(JsEngine.java:137)&#10;- com.intuit.karate.core.ScenarioEngine.evalJs(ScenarioEngine.java:1344)&#10;- com.intuit.karate.core.ScenarioEngine.evalKarateExpression(ScenarioEngine.java:2373)&#10;- com.intuit.karate.core.ScenarioEngine.evalKarateExpression(ScenarioEngine.java:2292)&#10;- com.intuit.karate.core.ScenarioEngine.url(ScenarioEngine.java:365)&#10;&#10;classpath:com/big/features/APIfeatures/SCU/CC-XAPI/CC_XAPI.feature:18&#10;js failed:&#10;&gt;&gt;&gt;&gt;&#10;01: Baseurl + &apos;/healthcheck&apos;&#10;&lt;&lt;&lt;&lt;&#10;org.graalvm.polyglot.PolyglotException: ReferenceError: &quot;Baseurl&quot; is not defined&#10;- &lt;js&gt;.:program(Unnamed:1)&#10;&#10;classpath:com/big/features/APIfeatures/SCU/CC-XAPI/CC_XAPI.feature:24&#10;js failed:&#10;&gt;&gt;&gt;&gt;&#10;01: Baseurl &apos;/api/bat/member/&apos;&#10;&lt;&lt;&lt;&lt;&#10;org.graalvm.polyglot.PolyglotException: SyntaxError: Unnamed:1:9 Expected ; but found /api/bat/member/&#10;Baseurl &apos;/api/bat/member/&apos;&#10;         ^&#10;&#10;- org.graalvm.polyglot.Context.eval(Context.java:425)&#10;- com.intuit.karate.graal.JsEngine.evalForValue(JsEngine.java:141)&#10;- com.intuit.karate.graal.JsEngine.eval(JsEngine.java:137)&#10;- com.intuit.karate.core.ScenarioEngine.evalJs(ScenarioEngine.java:1344)&#10;- com.intuit.karate.core.ScenarioEngine.evalKarateExpression(ScenarioEngine.java:2373)&#10;- com.intuit.karate.core.ScenarioEngine.evalKarateExpression(ScenarioEngine.java:2292)&#10;- com.intuit.karate.core.ScenarioEngine.url(ScenarioEngine.java:365)&#10;&#10;classpath:com/big/features/APIfeatures/SCU/CC-XAPI/CC_XAPI.feature:30&#10;js failed:&#10;&gt;&gt;&gt;&gt;&#10;01: Baseurl + &apos;/healthcheck&apos;&#10;&lt;&lt;&lt;&lt;&#10;org.graalvm.polyglot.PolyglotException: ReferenceError: &quot;Baseurl&quot; is not defined&#10;- &lt;js&gt;.:program(Unnamed:1)&#10;&#10;classpath:com/big/features/APIfeatures/SCU/CC-XAPI/CC_XAPI.feature:36&#10;js failed:&#10;&gt;&gt;&gt;&gt;&#10;01: BaseUrl&#10;&lt;&lt;&lt;&lt;&#10;org.graalvm.polyglot.PolyglotException: ReferenceError: &quot;BaseUrl&quot; is not defined&#10;- &lt;js&gt;.:program(Unnamed:1)&#10;&#10;classpath:com/big/features/APIfeatures/SCU/CC-XAPI/CC_XAPI.feature:43&#10;js failed:&#10;&gt;&gt;&gt;&gt;&#10;01: Baseurl &apos;core-api/secure/iso20022/account&apos;&#10;&lt;&lt;&lt;&lt;&#10;org.graalvm.polyglot.PolyglotException: SyntaxError: Unnamed:1:9 Expected ; but found core-api/secure/iso20022/account&#10;Baseurl &apos;core-api/secure/iso20022/account&apos;&#10;         ^&#10;&#10;- org.graalvm.polyglot.Context.eval(Context.java:425)&#10;- com.intuit.karate.graal.JsEngine.evalForValue(JsEngine.java:141)&#10;- com.intuit.karate.graal.JsEngine.eval(JsEngine.java:137)&#10;- com.intuit.karate.core.ScenarioEngine.evalJs(ScenarioEngine.java:1344)&#10;- com.intuit.karate.core.ScenarioEngine.evalKarateExpression(ScenarioEngine.java:2373)&#10;- com.intuit.karate.core.ScenarioEngine.evalKarateExpression(ScenarioEngine.java:2292)&#10;- com.intuit.karate.core.ScenarioEngine.url(ScenarioEngine.java:365)&#10;&#10;classpath:com/big/features/APIfeatures/SCU/Core ISO XAPI/Core_ISO_XAPI.feature:6&#10;js failed:&#10;&gt;&gt;&gt;&gt;&#10;01: Baseurl + &apos;/healthcheck&apos;&#10;&lt;&lt;&lt;&lt;&#10;org.graalvm.polyglot.PolyglotException: ReferenceError: &quot;Baseurl&quot; is not defined&#10;- &lt;js&gt;.:program(Unnamed:1)&#10;&#10;classpath:com/big/features/APIfeatures/SCU/Core ISO XAPI/Core_ISO_XAPI.feature:12&#10;js failed:&#10;&gt;&gt;&gt;&gt;&#10;01: Baseurl &apos;/api/bat/member/&apos;&#10;&lt;&lt;&lt;&lt;&#10;org.graalvm.polyglot.PolyglotException: SyntaxError: Unnamed:1:9 Expected ; but found /api/bat/member/&#10;Baseurl &apos;/api/bat/member/&apos;&#10;         ^&#10;&#10;- org.graalvm.polyglot.Context.eval(Context.java:425)&#10;- com.intuit.karate.graal.JsEngine.evalForValue(JsEngine.java:141)&#10;- com.intuit.karate.graal.JsEngine.eval(JsEngine.java:137)&#10;- com.intuit.karate.core.ScenarioEngine.evalJs(ScenarioEngine.java:1344)&#10;- com.intuit.karate.core.ScenarioEngine.evalKarateExpression(ScenarioEngine.java:2373)&#10;- com.intuit.karate.core.ScenarioEngine.evalKarateExpression(ScenarioEngine.java:2292)&#10;- com.intuit.karate.core.ScenarioEngine.url(ScenarioEngine.java:365)&#10;&#10;classpath:com/big/features/APIfeatures/SCU/Core ISO XAPI/Core_ISO_XAPI.feature:18&#10;js failed:&#10;&gt;&gt;&gt;&gt;&#10;01: Baseurl + &apos;/healthcheck&apos;&#10;&lt;&lt;&lt;&lt;&#10;org.graalvm.polyglot.PolyglotException: ReferenceError: &quot;Baseurl&quot; is not defined&#10;- &lt;js&gt;.:program(Unnamed:1)&#10;&#10;classpath:com/big/features/APIfeatures/SCU/Core ISO XAPI/Core_ISO_XAPI.feature:24&#10;js failed:&#10;&gt;&gt;&gt;&gt;&#10;01: Baseurl &apos;/api/bat/member/&apos;&#10;&lt;&lt;&lt;&lt;&#10;org.graalvm.polyglot.PolyglotException: SyntaxError: Unnamed:1:9 Expected ; but found /api/bat/member/&#10;Baseurl &apos;/api/bat/member/&apos;&#10;         ^&#10;&#10;- org.graalvm.polyglot.Context.eval(Context.java:425)&#10;- com.intuit.karate.graal.JsEngine.evalForValue(JsEngine.java:141)&#10;- com.intuit.karate.graal.JsEngine.eval(JsEngine.java:137)&#10;- com.intuit.karate.core.ScenarioEngine.evalJs(ScenarioEngine.java:1344)&#10;- com.intuit.karate.core.ScenarioEngine.evalKarateExpression(ScenarioEngine.java:2373)&#10;- com.intuit.karate.core.ScenarioEngine.evalKarateExpression(ScenarioEngine.java:2292)&#10;- com.intuit.karate.core.ScenarioEngine.url(ScenarioEngine.java:365)&#10;&#10;classpath:com/big/features/APIfeatures/SCU/Core ISO XAPI/Core_ISO_XAPI.feature:30&#10;js failed:&#10;&gt;&gt;&gt;&gt;&#10;01: Baseurl + &apos;/healthcheck&apos;&#10;&lt;&lt;&lt;&lt;&#10;org.graalvm.polyglot.PolyglotException: ReferenceError: &quot;Baseurl&quot; is not defined&#10;- &lt;js&gt;.:program(Unnamed:1)&#10;&#10;classpath:com/big/features/APIfeatures/SCU/Core ISO XAPI/Core_ISO_XAPI.feature:36&#10;js failed:&#10;&gt;&gt;&gt;&gt;&#10;01: BaseUrl&#10;&lt;&lt;&lt;&lt;&#10;org.graalvm.polyglot.PolyglotException: ReferenceError: &quot;BaseUrl&quot; is not defined&#10;- &lt;js&gt;.:program(Unnamed:1)&#10;&#10;classpath:com/big/features/APIfeatures/SCU/Core ISO XAPI/Core_ISO_XAPI.feature:43&#10;no step-definition method match found for: I am on Login page&#10;classpath:com/big/features/APIfeatures/SCU/GoogleTest.feature:10&#10;no step-definition method match found for: I am on google page&#10;classpath:com/big/features/APIfeatures/SCU/GoogleTest.feature:16&#10;no step-definition method match found for: I am on google page&#10;classpath:com/big/features/APIfeatures/SCU/GoogleTest.feature:16&#10;no step-definition method match found for: def Baseurl =&apos;https://bat-xapi.ca-c1.cloudhub.io/api/v1&apos;&#10;classpath:com/big/features/APIfeatures/BAT-API/Submission.feature:3&#10;no step-definition method match found for: def Baseurl =&apos;https://bat-xapi.ca-c1.cloudhub.io/api/v1&apos;&#10;classpath:com/big/features/APIfeatures/BAT-API/Submission.feature:3&#10;no step-definition method match found for: def Baseurl =&apos;https://bat-xapi.ca-c1.cloudhub.io/api/v1&apos;&#10;classpath:com/big/features/APIfeatures/BAT-API/Submission.feature:3&#10;no step-definition method match found for: def Baseurl =&apos;https://bat-xapi.ca-c1.cloudhub.io/api/v1&apos;&#10;classpath:com/big/features/APIfeatures/BAT-API/Submission.feature:3&#10;no step-definition method match found for: I am on Google home Page&#10;classpath:com/big/features/APIfeatures/SCU/DataTable.feature:7&#10;js failed:&#10;&gt;&gt;&gt;&gt;&#10;01: Baseurl &apos;/api/bat/member/&apos;&#10;&lt;&lt;&lt;&lt;&#10;org.graalvm.polyglot.PolyglotException: SyntaxError: Unnamed:1:9 Expected ; but found /api/bat/member/&#10;Baseurl &apos;/api/bat/member/&apos;&#10;         ^&#10;&#10;- org.graalvm.polyglot.Context.eval(Context.java:425)&#10;- com.intuit.karate.graal.JsEngine.evalForValue(JsEngine.java:141)&#10;- com.intuit.karate.graal.JsEngine.eval(JsEngine.java:137)&#10;- com.intuit.karate.core.ScenarioEngine.evalJs(ScenarioEngine.java:1344)&#10;- com.intuit.karate.core.ScenarioEngine.evalKarateExpression(ScenarioEngine.java:2373)&#10;- com.intuit.karate.core.ScenarioEngine.evalKarateExpression(ScenarioEngine.java:2292)&#10;- com.intuit.karate.core.ScenarioEngine.url(ScenarioEngine.java:365)&#10;&#10;classpath:com/big/features/APIfeatures/SCU/TOKEN -XAPI/Token.feature:6&#10;js failed:&#10;&gt;&gt;&gt;&gt;&#10;01: Baseurl + &apos;/healthcheck&apos;&#10;&lt;&lt;&lt;&lt;&#10;org.graalvm.polyglot.PolyglotException: ReferenceError: &quot;Baseurl&quot; is not defined&#10;- &lt;js&gt;.:program(Unnamed:1)&#10;&#10;classpath:com/big/features/APIfeatures/SCU/TOKEN -XAPI/Token.feature:12&#10;js failed:&#10;&gt;&gt;&gt;&gt;&#10;01: BaseUrl&#10;&lt;&lt;&lt;&lt;&#10;org.graalvm.polyglot.PolyglotException: ReferenceError: &quot;BaseUrl&quot; is not defined&#10;- &lt;js&gt;.:program(Unnamed:1)&#10;&#10;classpath:com/big/features/APIfeatures/SCU/TOKEN -XAPI/Token.feature:19&#10;no step-definition method match found for: def Baseurl =&apos;http://credit-card-xapi.ca-c1.cloudhub.io/api/v1&apos;&#10;classpath:com/big/features/APIfeatures/CC-API/Read_Accounts.feature:3&#10;no step-definition method match found for: def Baseurl =&apos;http://credit-card-xapi.ca-c1.cloudhub.io/api/v1&apos;&#10;classpath:com/big/features/APIfeatures/CC-API/Read_Accounts.feature:3&#10;no step-definition method match found for: def Baseurl =&apos;http://credit-card-xapi.ca-c1.cloudhub.io/api/v1&apos;&#10;classpath:com/big/features/APIfeatures/CC-API/Read_Accounts.feature:3&#10;no step-definition method match found for: def Baseurl =&apos;http://credit-card-xapi.ca-c1.cloudhub.io/api/v1&apos;&#10;classpath:com/big/features/APIfeatures/CC-API/Read_Accounts.feature:3&#10;no step-definition method match found for: def Baseurl =&apos;http://credit-card-xapi.ca-c1.cloudhub.io/api/v1&apos;&#10;classpath:com/big/features/APIfeatures/CC-API/Read_Accounts.feature:3&#10;no step-definition method match found for: def Baseurl =&apos;&apos;&#10;classpath:com/big/features/APIfeatures/SCU/FIS-SAPI/FIS-SAPI.feature:3&#10;no step-definition method match found for: def Baseurl =&apos;&apos;&#10;classpath:com/big/features/APIfeatures/SCU/FIS-SAPI/FIS-SAPI.feature:3&#10;no step-definition method match found for: def Baseurl =&apos;&apos;&#10;classpath:com/big/features/APIfeatures/SCU/FIS-SAPI/FIS-SAPI.feature:3&#10;js failed:&#10;&gt;&gt;&gt;&gt;&#10;01: Baseurl &apos;/api/bat/member/&apos;&#10;&lt;&lt;&lt;&lt;&#10;org.graalvm.polyglot.PolyglotException: SyntaxError: Unnamed:1:9 Expected ; but found /api/bat/member/&#10;Baseurl &apos;/api/bat/member/&apos;&#10;         ^&#10;&#10;- org.graalvm.polyglot.Context.eval(Context.java:425)&#10;- com.intuit.karate.graal.JsEngine.evalForValue(JsEngine.java:141)&#10;- com.intuit.karate.graal.JsEngine.eval(JsEngine.java:137)&#10;- com.intuit.karate.core.ScenarioEngine.evalJs(ScenarioEngine.java:1344)&#10;- com.intuit.karate.core.ScenarioEngine.evalKarateExpression(ScenarioEngine.java:2373)&#10;- com.intuit.karate.core.ScenarioEngine.evalKarateExpression(ScenarioEngine.java:2292)&#10;- com.intuit.karate.core.ScenarioEngine.url(ScenarioEngine.java:365)&#10;&#10;classpath:com/big/features/APIfeatures/SCU/TOKEN -SAPI/TokenSAPI.feature:6&#10;no step-definition method match found for: match responseStatus 200&#10;classpath:com/big/features/APIfeatures/SCU/Village Branch Service XAPI/Village_Branch_XAPI.feature:8&#10;match failed: EACH_EQUALS&#10;  $ | match each failed at index 7 (LIST:STRING)&#10;  [&quot;Red Deer&quot;,&quot;Red Deer&quot;,&quot;Red Deer&quot;,&quot;Red Deer&quot;,&quot;Red Deer&quot;,&quot;Red Deer&quot;,&quot;Red Deer&quot;,&quot;Redcliff&quot;,&quot;Red Deer&quot;,&quot;Red Deer&quot;,&quot;Red Deer&quot;,&quot;Red Deer&quot;,&quot;Red Deer&quot;,&quot;Red Deer&quot;]&#10;  &apos;Red Deer&apos;&#10;&#10;    $[7] | not equal (STRING:STRING)&#10;    &apos;Redcliff&apos;&#10;    &apos;Red Deer&apos;&#10;&#10;classpath:com/big/features/APIfeatures/SCU/Village Branch Service XAPI/Village_Branch_XAPI.feature:37 expected [48] but found [0]" type="java.lang.AssertionError"><![CDATA[java.lang.AssertionError: 
no step-definition method match found for: def Baseurl =''
classpath:com/big/features/APIfeatures/FIS-API/FIS-API.feature:3
no step-definition method match found for: def Baseurl =''
classpath:com/big/features/APIfeatures/FIS-API/FIS-API.feature:3
no step-definition method match found for: def Baseurl =''
classpath:com/big/features/APIfeatures/FIS-API/FIS-API.feature:3
no step-definition method match found for: def Baseurl =''
classpath:com/big/features/APIfeatures/FIS-API/FIS-API.feature:3
no step-definition method match found for: def Baseurl =''
classpath:com/big/features/APIfeatures/FIS-API/FIS-API.feature:3
no step-definition method match found for: def Baseurl =''
classpath:com/big/features/APIfeatures/FIS-API/FIS-API.feature:3
no step-definition method match found for: def Baseurl =''
classpath:com/big/features/APIfeatures/FIS-API/FIS-API.feature:3
no step-definition method match found for: def Baseurl =''
classpath:com/big/features/APIfeatures/FIS-API/FIS-API.feature:3
no step-definition method match found for: def Baseurl =''
classpath:com/big/features/APIfeatures/FIS-API/FIS-API.feature:3
no step-definition method match found for: def Baseurl =''
classpath:com/big/features/APIfeatures/FIS-API/FIS-API.feature:3
no step-definition method match found for: def Baseurl =''
classpath:com/big/features/APIfeatures/FIS-API/FIS-API.feature:3
js failed:
>>>>
01: read(../Village Branch Service XAPI/Village_Branch_XAPI.feature)
<<<<
org.graalvm.polyglot.PolyglotException: SyntaxError: Unnamed:1:5 Expected an operand but found .
read(../Village Branch Service XAPI/Village_Branch_XAPI.feature)
     ^

- org.graalvm.polyglot.Context.eval(Context.java:425)
- com.intuit.karate.graal.JsEngine.evalForValue(JsEngine.java:141)
- com.intuit.karate.graal.JsEngine.eval(JsEngine.java:137)
- com.intuit.karate.core.ScenarioEngine.evalJs(ScenarioEngine.java:1344)
- com.intuit.karate.core.ScenarioEngine.evalKarateExpression(ScenarioEngine.java:2373)
- com.intuit.karate.core.ScenarioEngine.evalKarateExpression(ScenarioEngine.java:2292)
- com.intuit.karate.core.ScenarioEngine.call(ScenarioEngine.java:2056)

classpath:com/big/features/APIfeatures/SCU/FISSSO-XAPI/Read_Token_Read_Card.feature:8
js failed:
>>>>
01: Baseurl +'/api/bat/member/'
<<<<
org.graalvm.polyglot.PolyglotException: ReferenceError: "Baseurl" is not defined
- <js>.:program(Unnamed:1)

classpath:com/big/features/APIfeatures/SCU/CC-XAPI/CC_XAPI.feature:6
js failed:
>>>>
01: Baseurl +'/healthcheck'
<<<<
org.graalvm.polyglot.PolyglotException: ReferenceError: "Baseurl" is not defined
- <js>.:program(Unnamed:1)

classpath:com/big/features/APIfeatures/SCU/CC-XAPI/CC_XAPI.feature:12
js failed:
>>>>
01: Baseurl '/api/bat/member/'
<<<<
org.graalvm.polyglot.PolyglotException: SyntaxError: Unnamed:1:9 Expected ; but found /api/bat/member/
Baseurl '/api/bat/member/'
         ^

- org.graalvm.polyglot.Context.eval(Context.java:425)
- com.intuit.karate.graal.JsEngine.evalForValue(JsEngine.java:141)
- com.intuit.karate.graal.JsEngine.eval(JsEngine.java:137)
- com.intuit.karate.core.ScenarioEngine.evalJs(ScenarioEngine.java:1344)
- com.intuit.karate.core.ScenarioEngine.evalKarateExpression(ScenarioEngine.java:2373)
- com.intuit.karate.core.ScenarioEngine.evalKarateExpression(ScenarioEngine.java:2292)
- com.intuit.karate.core.ScenarioEngine.url(ScenarioEngine.java:365)

classpath:com/big/features/APIfeatures/SCU/CC-XAPI/CC_XAPI.feature:18
js failed:
>>>>
01: Baseurl + '/healthcheck'
<<<<
org.graalvm.polyglot.PolyglotException: ReferenceError: "Baseurl" is not defined
- <js>.:program(Unnamed:1)

classpath:com/big/features/APIfeatures/SCU/CC-XAPI/CC_XAPI.feature:24
js failed:
>>>>
01: Baseurl '/api/bat/member/'
<<<<
org.graalvm.polyglot.PolyglotException: SyntaxError: Unnamed:1:9 Expected ; but found /api/bat/member/
Baseurl '/api/bat/member/'
         ^

- org.graalvm.polyglot.Context.eval(Context.java:425)
- com.intuit.karate.graal.JsEngine.evalForValue(JsEngine.java:141)
- com.intuit.karate.graal.JsEngine.eval(JsEngine.java:137)
- com.intuit.karate.core.ScenarioEngine.evalJs(ScenarioEngine.java:1344)
- com.intuit.karate.core.ScenarioEngine.evalKarateExpression(ScenarioEngine.java:2373)
- com.intuit.karate.core.ScenarioEngine.evalKarateExpression(ScenarioEngine.java:2292)
- com.intuit.karate.core.ScenarioEngine.url(ScenarioEngine.java:365)

classpath:com/big/features/APIfeatures/SCU/CC-XAPI/CC_XAPI.feature:30
js failed:
>>>>
01: Baseurl + '/healthcheck'
<<<<
org.graalvm.polyglot.PolyglotException: ReferenceError: "Baseurl" is not defined
- <js>.:program(Unnamed:1)

classpath:com/big/features/APIfeatures/SCU/CC-XAPI/CC_XAPI.feature:36
js failed:
>>>>
01: BaseUrl
<<<<
org.graalvm.polyglot.PolyglotException: ReferenceError: "BaseUrl" is not defined
- <js>.:program(Unnamed:1)

classpath:com/big/features/APIfeatures/SCU/CC-XAPI/CC_XAPI.feature:43
js failed:
>>>>
01: Baseurl 'core-api/secure/iso20022/account'
<<<<
org.graalvm.polyglot.PolyglotException: SyntaxError: Unnamed:1:9 Expected ; but found core-api/secure/iso20022/account
Baseurl 'core-api/secure/iso20022/account'
         ^

- org.graalvm.polyglot.Context.eval(Context.java:425)
- com.intuit.karate.graal.JsEngine.evalForValue(JsEngine.java:141)
- com.intuit.karate.graal.JsEngine.eval(JsEngine.java:137)
- com.intuit.karate.core.ScenarioEngine.evalJs(ScenarioEngine.java:1344)
- com.intuit.karate.core.ScenarioEngine.evalKarateExpression(ScenarioEngine.java:2373)
- com.intuit.karate.core.ScenarioEngine.evalKarateExpression(ScenarioEngine.java:2292)
- com.intuit.karate.core.ScenarioEngine.url(ScenarioEngine.java:365)

classpath:com/big/features/APIfeatures/SCU/Core ISO XAPI/Core_ISO_XAPI.feature:6
js failed:
>>>>
01: Baseurl + '/healthcheck'
<<<<
org.graalvm.polyglot.PolyglotException: ReferenceError: "Baseurl" is not defined
- <js>.:program(Unnamed:1)

classpath:com/big/features/APIfeatures/SCU/Core ISO XAPI/Core_ISO_XAPI.feature:12
js failed:
>>>>
01: Baseurl '/api/bat/member/'
<<<<
org.graalvm.polyglot.PolyglotException: SyntaxError: Unnamed:1:9 Expected ; but found /api/bat/member/
Baseurl '/api/bat/member/'
         ^

- org.graalvm.polyglot.Context.eval(Context.java:425)
- com.intuit.karate.graal.JsEngine.evalForValue(JsEngine.java:141)
- com.intuit.karate.graal.JsEngine.eval(JsEngine.java:137)
- com.intuit.karate.core.ScenarioEngine.evalJs(ScenarioEngine.java:1344)
- com.intuit.karate.core.ScenarioEngine.evalKarateExpression(ScenarioEngine.java:2373)
- com.intuit.karate.core.ScenarioEngine.evalKarateExpression(ScenarioEngine.java:2292)
- com.intuit.karate.core.ScenarioEngine.url(ScenarioEngine.java:365)

classpath:com/big/features/APIfeatures/SCU/Core ISO XAPI/Core_ISO_XAPI.feature:18
js failed:
>>>>
01: Baseurl + '/healthcheck'
<<<<
org.graalvm.polyglot.PolyglotException: ReferenceError: "Baseurl" is not defined
- <js>.:program(Unnamed:1)

classpath:com/big/features/APIfeatures/SCU/Core ISO XAPI/Core_ISO_XAPI.feature:24
js failed:
>>>>
01: Baseurl '/api/bat/member/'
<<<<
org.graalvm.polyglot.PolyglotException: SyntaxError: Unnamed:1:9 Expected ; but found /api/bat/member/
Baseurl '/api/bat/member/'
         ^

- org.graalvm.polyglot.Context.eval(Context.java:425)
- com.intuit.karate.graal.JsEngine.evalForValue(JsEngine.java:141)
- com.intuit.karate.graal.JsEngine.eval(JsEngine.java:137)
- com.intuit.karate.core.ScenarioEngine.evalJs(ScenarioEngine.java:1344)
- com.intuit.karate.core.ScenarioEngine.evalKarateExpression(ScenarioEngine.java:2373)
- com.intuit.karate.core.ScenarioEngine.evalKarateExpression(ScenarioEngine.java:2292)
- com.intuit.karate.core.ScenarioEngine.url(ScenarioEngine.java:365)

classpath:com/big/features/APIfeatures/SCU/Core ISO XAPI/Core_ISO_XAPI.feature:30
js failed:
>>>>
01: Baseurl + '/healthcheck'
<<<<
org.graalvm.polyglot.PolyglotException: ReferenceError: "Baseurl" is not defined
- <js>.:program(Unnamed:1)

classpath:com/big/features/APIfeatures/SCU/Core ISO XAPI/Core_ISO_XAPI.feature:36
js failed:
>>>>
01: BaseUrl
<<<<
org.graalvm.polyglot.PolyglotException: ReferenceError: "BaseUrl" is not defined
- <js>.:program(Unnamed:1)

classpath:com/big/features/APIfeatures/SCU/Core ISO XAPI/Core_ISO_XAPI.feature:43
no step-definition method match found for: I am on Login page
classpath:com/big/features/APIfeatures/SCU/GoogleTest.feature:10
no step-definition method match found for: I am on google page
classpath:com/big/features/APIfeatures/SCU/GoogleTest.feature:16
no step-definition method match found for: I am on google page
classpath:com/big/features/APIfeatures/SCU/GoogleTest.feature:16
no step-definition method match found for: def Baseurl ='https://bat-xapi.ca-c1.cloudhub.io/api/v1'
classpath:com/big/features/APIfeatures/BAT-API/Submission.feature:3
no step-definition method match found for: def Baseurl ='https://bat-xapi.ca-c1.cloudhub.io/api/v1'
classpath:com/big/features/APIfeatures/BAT-API/Submission.feature:3
no step-definition method match found for: def Baseurl ='https://bat-xapi.ca-c1.cloudhub.io/api/v1'
classpath:com/big/features/APIfeatures/BAT-API/Submission.feature:3
no step-definition method match found for: def Baseurl ='https://bat-xapi.ca-c1.cloudhub.io/api/v1'
classpath:com/big/features/APIfeatures/BAT-API/Submission.feature:3
no step-definition method match found for: I am on Google home Page
classpath:com/big/features/APIfeatures/SCU/DataTable.feature:7
js failed:
>>>>
01: Baseurl '/api/bat/member/'
<<<<
org.graalvm.polyglot.PolyglotException: SyntaxError: Unnamed:1:9 Expected ; but found /api/bat/member/
Baseurl '/api/bat/member/'
         ^

- org.graalvm.polyglot.Context.eval(Context.java:425)
- com.intuit.karate.graal.JsEngine.evalForValue(JsEngine.java:141)
- com.intuit.karate.graal.JsEngine.eval(JsEngine.java:137)
- com.intuit.karate.core.ScenarioEngine.evalJs(ScenarioEngine.java:1344)
- com.intuit.karate.core.ScenarioEngine.evalKarateExpression(ScenarioEngine.java:2373)
- com.intuit.karate.core.ScenarioEngine.evalKarateExpression(ScenarioEngine.java:2292)
- com.intuit.karate.core.ScenarioEngine.url(ScenarioEngine.java:365)

classpath:com/big/features/APIfeatures/SCU/TOKEN -XAPI/Token.feature:6
js failed:
>>>>
01: Baseurl + '/healthcheck'
<<<<
org.graalvm.polyglot.PolyglotException: ReferenceError: "Baseurl" is not defined
- <js>.:program(Unnamed:1)

classpath:com/big/features/APIfeatures/SCU/TOKEN -XAPI/Token.feature:12
js failed:
>>>>
01: BaseUrl
<<<<
org.graalvm.polyglot.PolyglotException: ReferenceError: "BaseUrl" is not defined
- <js>.:program(Unnamed:1)

classpath:com/big/features/APIfeatures/SCU/TOKEN -XAPI/Token.feature:19
no step-definition method match found for: def Baseurl ='http://credit-card-xapi.ca-c1.cloudhub.io/api/v1'
classpath:com/big/features/APIfeatures/CC-API/Read_Accounts.feature:3
no step-definition method match found for: def Baseurl ='http://credit-card-xapi.ca-c1.cloudhub.io/api/v1'
classpath:com/big/features/APIfeatures/CC-API/Read_Accounts.feature:3
no step-definition method match found for: def Baseurl ='http://credit-card-xapi.ca-c1.cloudhub.io/api/v1'
classpath:com/big/features/APIfeatures/CC-API/Read_Accounts.feature:3
no step-definition method match found for: def Baseurl ='http://credit-card-xapi.ca-c1.cloudhub.io/api/v1'
classpath:com/big/features/APIfeatures/CC-API/Read_Accounts.feature:3
no step-definition method match found for: def Baseurl ='http://credit-card-xapi.ca-c1.cloudhub.io/api/v1'
classpath:com/big/features/APIfeatures/CC-API/Read_Accounts.feature:3
no step-definition method match found for: def Baseurl =''
classpath:com/big/features/APIfeatures/SCU/FIS-SAPI/FIS-SAPI.feature:3
no step-definition method match found for: def Baseurl =''
classpath:com/big/features/APIfeatures/SCU/FIS-SAPI/FIS-SAPI.feature:3
no step-definition method match found for: def Baseurl =''
classpath:com/big/features/APIfeatures/SCU/FIS-SAPI/FIS-SAPI.feature:3
js failed:
>>>>
01: Baseurl '/api/bat/member/'
<<<<
org.graalvm.polyglot.PolyglotException: SyntaxError: Unnamed:1:9 Expected ; but found /api/bat/member/
Baseurl '/api/bat/member/'
         ^

- org.graalvm.polyglot.Context.eval(Context.java:425)
- com.intuit.karate.graal.JsEngine.evalForValue(JsEngine.java:141)
- com.intuit.karate.graal.JsEngine.eval(JsEngine.java:137)
- com.intuit.karate.core.ScenarioEngine.evalJs(ScenarioEngine.java:1344)
- com.intuit.karate.core.ScenarioEngine.evalKarateExpression(ScenarioEngine.java:2373)
- com.intuit.karate.core.ScenarioEngine.evalKarateExpression(ScenarioEngine.java:2292)
- com.intuit.karate.core.ScenarioEngine.url(ScenarioEngine.java:365)

classpath:com/big/features/APIfeatures/SCU/TOKEN -SAPI/TokenSAPI.feature:6
no step-definition method match found for: match responseStatus 200
classpath:com/big/features/APIfeatures/SCU/Village Branch Service XAPI/Village_Branch_XAPI.feature:8
match failed: EACH_EQUALS
  $ | match each failed at index 7 (LIST:STRING)
  ["Red Deer","Red Deer","Red Deer","Red Deer","Red Deer","Red Deer","Red Deer","Redcliff","Red Deer","Red Deer","Red Deer","Red Deer","Red Deer","Red Deer"]
  'Red Deer'

    $[7] | not equal (STRING:STRING)
    'Redcliff'
    'Red Deer'

classpath:com/big/features/APIfeatures/SCU/Village Branch Service XAPI/Village_Branch_XAPI.feature:37 expected [48] but found [0]
	at org.testng.Assert.fail(Assert.java:110)
	at org.testng.Assert.failNotEquals(Assert.java:1413)
	at org.testng.Assert.assertEqualsImpl(Assert.java:149)
	at org.testng.Assert.assertEquals(Assert.java:131)
	at org.testng.Assert.assertEquals(Assert.java:1240)
	at com.big.TestRunners.KarateRunner.testParallel(KarateRunner.java:21)
	at java.base/jdk.internal.reflect.DirectMethodHandleAccessor.invoke(DirectMethodHandleAccessor.java:104)
	at java.base/java.lang.reflect.Method.invoke(Method.java:578)
	at org.junit.runners.model.FrameworkMethod$1.runReflectiveCall(FrameworkMethod.java:59)
	at org.junit.internal.runners.model.ReflectiveCallable.run(ReflectiveCallable.java:12)
	at org.junit.runners.model.FrameworkMethod.invokeExplosively(FrameworkMethod.java:56)
	at org.junit.internal.runners.statements.InvokeMethod.evaluate(InvokeMethod.java:17)
	at org.junit.runners.ParentRunner$3.evaluate(ParentRunner.java:306)
	at org.junit.runners.BlockJUnit4ClassRunner$1.evaluate(BlockJUnit4ClassRunner.java:100)
	at org.junit.runners.ParentRunner.runLeaf(ParentRunner.java:366)
	at org.junit.runners.BlockJUnit4ClassRunner.runChild(BlockJUnit4ClassRunner.java:103)
	at org.junit.runners.BlockJUnit4ClassRunner.runChild(BlockJUnit4ClassRunner.java:63)
	at org.junit.runners.ParentRunner$4.run(ParentRunner.java:331)
	at org.junit.runners.ParentRunner$1.schedule(ParentRunner.java:79)
	at org.junit.runners.ParentRunner.runChildren(ParentRunner.java:329)
	at org.junit.runners.ParentRunner.access$100(ParentRunner.java:66)
	at org.junit.runners.ParentRunner$2.evaluate(ParentRunner.java:293)
	at org.junit.runners.ParentRunner$3.evaluate(ParentRunner.java:306)
	at org.junit.runners.ParentRunner.run(ParentRunner.java:413)
	at org.junit.runner.JUnitCore.run(JUnitCore.java:137)
	at org.junit.runner.JUnitCore.run(JUnitCore.java:115)
	at org.testng.junit.JUnit4TestRunner.start(JUnit4TestRunner.java:71)
	at org.testng.junit.JUnit4TestRunner.run(JUnit4TestRunner.java:56)
	at org.testng.TestRunner$1.run(TestRunner.java:681)
	at java.base/java.util.ArrayList.forEach(ArrayList.java:1511)
	at org.testng.TestRunner.runJUnitWorkers(TestRunner.java:887)
	at org.testng.TestRunner.privateRunJUnit(TestRunner.java:710)
	at org.testng.TestRunner.run(TestRunner.java:601)
	at org.testng.SuiteRunner.runTest(SuiteRunner.java:429)
	at org.testng.SuiteRunner.runSequentially(SuiteRunner.java:423)
	at org.testng.SuiteRunner.privateRun(SuiteRunner.java:383)
	at org.testng.SuiteRunner.run(SuiteRunner.java:326)
	at org.testng.SuiteRunnerWorker.runSuite(SuiteRunnerWorker.java:52)
	at org.testng.SuiteRunnerWorker.run(SuiteRunnerWorker.java:95)
	at org.testng.TestNG.runSuitesSequentially(TestNG.java:1249)
	at org.testng.TestNG.runSuitesLocally(TestNG.java:1169)
	at org.testng.TestNG.runSuites(TestNG.java:1092)
	at org.testng.TestNG.run(TestNG.java:1060)
	at org.apache.maven.surefire.testng.TestNGExecutor.run(TestNGExecutor.java:155)
	at org.apache.maven.surefire.testng.TestNGDirectoryTestSuite.executeSingleClass(TestNGDirectoryTestSuite.java:102)
	at org.apache.maven.surefire.testng.TestNGDirectoryTestSuite.execute(TestNGDirectoryTestSuite.java:91)
	at org.apache.maven.surefire.testng.TestNGProvider.invoke(TestNGProvider.java:137)
	at org.apache.maven.surefire.booter.ForkedBooter.runSuitesInProcess(ForkedBooter.java:385)
	at org.apache.maven.surefire.booter.ForkedBooter.execute(ForkedBooter.java:162)
	at org.apache.maven.surefire.booter.ForkedBooter.run(ForkedBooter.java:507)
	at org.apache.maven.surefire.booter.ForkedBooter.main(ForkedBooter.java:495)
]]></failure>
    <system-out><![CDATA[20:02:03.071 [main] DEBUG com.intuit.karate.Suite - [config] classpath:karate-config.js
20:02:03.080 [main] INFO com.intuit.karate.Suite - backed up existing 'target\karate-reports' dir to: target\karate-reports_1681741923079
20:02:04.657 [main] ERROR com.intuit.karate - classpath:com/big/features/APIfeatures/BAT-API/Submission.feature:3
* def Baseurl ='https://bat-xapi.ca-c1.cloudhub.io/api/v1'
no step-definition method match found for: def Baseurl ='https://bat-xapi.ca-c1.cloudhub.io/api/v1'
classpath:com/big/features/APIfeatures/BAT-API/Submission.feature:3
20:02:04.674 [main] ERROR com.intuit.karate - classpath:com/big/features/APIfeatures/BAT-API/Submission.feature:3
* def Baseurl ='https://bat-xapi.ca-c1.cloudhub.io/api/v1'
no step-definition method match found for: def Baseurl ='https://bat-xapi.ca-c1.cloudhub.io/api/v1'
classpath:com/big/features/APIfeatures/BAT-API/Submission.feature:3
20:02:04.688 [main] ERROR com.intuit.karate - classpath:com/big/features/APIfeatures/BAT-API/Submission.feature:3
* def Baseurl ='https://bat-xapi.ca-c1.cloudhub.io/api/v1'
no step-definition method match found for: def Baseurl ='https://bat-xapi.ca-c1.cloudhub.io/api/v1'
classpath:com/big/features/APIfeatures/BAT-API/Submission.feature:3
20:02:04.700 [main] ERROR com.intuit.karate - classpath:com/big/features/APIfeatures/BAT-API/Submission.feature:3
* def Baseurl ='https://bat-xapi.ca-c1.cloudhub.io/api/v1'
no step-definition method match found for: def Baseurl ='https://bat-xapi.ca-c1.cloudhub.io/api/v1'
classpath:com/big/features/APIfeatures/BAT-API/Submission.feature:3
20:02:04.801 [main] DEBUG karate.org.thymeleaf.TemplateEngine - [THYMELEAF] INITIALIZING TEMPLATE ENGINE
20:02:05.089 [main] DEBUG karate.org.thymeleaf.TemplateEngine.CONFIG - Initializing Thymeleaf Template engine configuration...
[THYMELEAF] TEMPLATE ENGINE CONFIGURATION:
[THYMELEAF] * Thymeleaf version: 3.0.14.RELEASE (built 2021-12-08T00:45:29+0000)
[THYMELEAF] * Cache Manager implementation: karate.org.thymeleaf.cache.StandardCacheManager
[THYMELEAF] * Template resolvers:
[THYMELEAF]     * [1] com.intuit.karate.template.ResourceHtmlTemplateResolver
[THYMELEAF] * Message resolvers:
[THYMELEAF]     * karate.org.thymeleaf.messageresolver.StandardMessageResolver
[THYMELEAF] * Link builders:
[THYMELEAF]     * karate.org.thymeleaf.linkbuilder.StandardLinkBuilder
[THYMELEAF] * Dialect [1 of 2]: Standard (com.intuit.karate.template.KarateStandardDialect)
[THYMELEAF]     * Prefix: "th"
[THYMELEAF]     * Processors for Template Mode: HTML
[THYMELEAF]         * Element Tag Processors by [matching element and attribute name] [precedence]:
[THYMELEAF]             * [* {th:include,data-th-include}] [100]: karate.org.thymeleaf.standard.processor.StandardIncludeTagProcessor
[THYMELEAF]             * [* {th:insert,data-th-insert}] [100]: karate.org.thymeleaf.standard.processor.StandardInsertTagProcessor
[THYMELEAF]             * [* {th:replace,data-th-replace}] [100]: karate.org.thymeleaf.standard.processor.StandardReplaceTagProcessor
[THYMELEAF]             * [* {th:substituteby,data-th-substituteby}] [100]: karate.org.thymeleaf.standard.processor.StandardSubstituteByTagProcessor
[THYMELEAF]             * [* {th:each,data-th-each}] [200]: com.intuit.karate.template.KarateEachTagProcessor
[THYMELEAF]             * [* {th:switch,data-th-switch}] [250]: karate.org.thymeleaf.standard.processor.StandardSwitchTagProcessor
[THYMELEAF]             * [* {th:case,data-th-case}] [275]: karate.org.thymeleaf.standard.processor.StandardCaseTagProcessor
[THYMELEAF]             * [* {th:if,data-th-if}] [300]: karate.org.thymeleaf.standard.processor.StandardIfTagProcessor
[THYMELEAF]             * [* {th:unless,data-th-unless}] [400]: karate.org.thymeleaf.standard.processor.StandardUnlessTagProcessor
[THYMELEAF]             * [* {th:object,data-th-object}] [500]: karate.org.thymeleaf.standard.processor.StandardObjectTagProcessor
[THYMELEAF]             * [* {th:with,data-th-with}] [600]: com.intuit.karate.template.KarateWithTagProcessor
[THYMELEAF]             * [* {th:attr,data-th-attr}] [700]: com.intuit.karate.template.KarateAttributeTagProcessor.KarateAttrTagProcessor
[THYMELEAF]             * [* {th:attrappend,data-th-attrappend}] [900]: com.intuit.karate.template.KarateAttributeTagProcessor.KarateAttrappendTagProcessor
[THYMELEAF]             * [* {th:attrprepend,data-th-attrprepend}] [900]: com.intuit.karate.template.KarateAttributeTagProcessor.KarateAttrprependTagProcessor
[THYMELEAF]             * [* {th:alt-title,data-th-alt-title}] [990]: karate.org.thymeleaf.standard.processor.StandardAltTitleTagProcessor
[THYMELEAF]             * [* {th:lang-xmllang,data-th-lang-xmllang}] [990]: karate.org.thymeleaf.standard.processor.StandardLangXmlLangTagProcessor
[THYMELEAF]             * [* {th:action,data-th-action}] [1000]: karate.org.thymeleaf.standard.processor.StandardActionTagProcessor
[THYMELEAF]             * [* {th:declare,data-th-declare}] [1000]: karate.org.thymeleaf.standard.processor.StandardConditionalFixedValueTagProcessor
[THYMELEAF]             * [* {th:autoplay,data-th-autoplay}] [1000]: karate.org.thymeleaf.standard.processor.StandardConditionalFixedValueTagProcessor
[THYMELEAF]             * [* {th:scoped,data-th-scoped}] [1000]: karate.org.thymeleaf.standard.processor.StandardConditionalFixedValueTagProcessor
[THYMELEAF]             * [* {th:controls,data-th-controls}] [1000]: karate.org.thymeleaf.standard.processor.StandardConditionalFixedValueTagProcessor
[THYMELEAF]             * [* {th:autofocus,data-th-autofocus}] [1000]: karate.org.thymeleaf.standard.processor.StandardConditionalFixedValueTagProcessor
[THYMELEAF]             * [* {th:loop,data-th-loop}] [1000]: karate.org.thymeleaf.standard.processor.StandardConditionalFixedValueTagProcessor
[THYMELEAF]             * [* {th:reversed,data-th-reversed}] [1000]: karate.org.thymeleaf.standard.processor.StandardConditionalFixedValueTagProcessor
[THYMELEAF]             * [* {th:formnovalidate,data-th-formnovalidate}] [1000]: karate.org.thymeleaf.standard.processor.StandardConditionalFixedValueTagProcessor
[THYMELEAF]             * [* {th:async,data-th-async}] [1000]: karate.org.thymeleaf.standard.processor.StandardConditionalFixedValueTagProcessor
[THYMELEAF]             * [* {th:selected,data-th-selected}] [1000]: karate.org.thymeleaf.standard.processor.StandardConditionalFixedValueTagProcessor
[THYMELEAF]             * [* {th:nowrap,data-th-nowrap}] [1000]: karate.org.thymeleaf.standard.processor.StandardConditionalFixedValueTagProcessor
[THYMELEAF]             * [* {th:open,data-th-open}] [1000]: karate.org.thymeleaf.standard.processor.StandardConditionalFixedValueTagProcessor
[THYMELEAF]             * [* {th:hidden,data-th-hidden}] [1000]: karate.org.thymeleaf.standard.processor.StandardConditionalFixedValueTagProcessor
[THYMELEAF]             * [* {th:seamless,data-th-seamless}] [1000]: karate.org.thymeleaf.standard.processor.StandardConditionalFixedValueTagProcessor
[THYMELEAF]             * [* {th:pubdate,data-th-pubdate}] [1000]: karate.org.thymeleaf.standard.processor.StandardConditionalFixedValueTagProcessor
[THYMELEAF]             * [* {th:required,data-th-required}] [1000]: karate.org.thymeleaf.standard.processor.StandardConditionalFixedValueTagProcessor
[THYMELEAF]             * [* {th:disabled,data-th-disabled}] [1000]: karate.org.thymeleaf.standard.processor.StandardConditionalFixedValueTagProcessor
[THYMELEAF]             * [* {th:ismap,data-th-ismap}] [1000]: karate.org.thymeleaf.standard.processor.StandardConditionalFixedValueTagProcessor
[THYMELEAF]             * [* {th:defer,data-th-defer}] [1000]: karate.org.thymeleaf.standard.processor.StandardConditionalFixedValueTagProcessor
[THYMELEAF]             * [* {th:multiple,data-th-multiple}] [1000]: karate.org.thymeleaf.standard.processor.StandardConditionalFixedValueTagProcessor
[THYMELEAF]             * [* {th:readonly,data-th-readonly}] [1000]: karate.org.thymeleaf.standard.processor.StandardConditionalFixedValueTagProcessor
[THYMELEAF]             * [* {th:novalidate,data-th-novalidate}] [1000]: karate.org.thymeleaf.standard.processor.StandardConditionalFixedValueTagProcessor
[THYMELEAF]             * [* {th:default,data-th-default}] [1000]: karate.org.thymeleaf.standard.processor.StandardConditionalFixedValueTagProcessor
[THYMELEAF]             * [* {th:checked,data-th-checked}] [1000]: karate.org.thymeleaf.standard.processor.StandardConditionalFixedValueTagProcessor
[THYMELEAF]             * [* {th:onprogress,data-th-onprogress}] [1000]: karate.org.thymeleaf.standard.processor.StandardDOMEventAttributeTagProcessor
[THYMELEAF]             * [* {th:ononline,data-th-ononline}] [1000]: karate.org.thymeleaf.standard.processor.StandardDOMEventAttributeTagProcessor
[THYMELEAF]             * [* {th:onpause,data-th-onpause}] [1000]: karate.org.thymeleaf.standard.processor.StandardDOMEventAttributeTagProcessor
[THYMELEAF]             * [* {th:onshow,data-th-onshow}] [1000]: karate.org.thymeleaf.standard.processor.StandardDOMEventAttributeTagProcessor
[THYMELEAF]             * [* {th:onwaiting,data-th-onwaiting}] [1000]: karate.org.thymeleaf.standard.processor.StandardDOMEventAttributeTagProcessor
[THYMELEAF]             * [* {th:oninvalid,data-th-oninvalid}] [1000]: karate.org.thymeleaf.standard.processor.StandardDOMEventAttributeTagProcessor
[THYMELEAF]             * [* {th:onmouseup,data-th-onmouseup}] [1000]: karate.org.thymeleaf.standard.processor.StandardDOMEventAttributeTagProcessor
[THYMELEAF]             * [* {th:onblur,data-th-onblur}] [1000]: karate.org.thymeleaf.standard.processor.StandardDOMEventAttributeTagProcessor
[THYMELEAF]             * [* {th:onafterprint,data-th-onafterprint}] [1000]: karate.org.thymeleaf.standard.processor.StandardDOMEventAttributeTagProcessor
[THYMELEAF]             * [* {th:onmouseout,data-th-onmouseout}] [1000]: karate.org.thymeleaf.standard.processor.StandardDOMEventAttributeTagProcessor
[THYMELEAF]             * [* {th:onundo,data-th-onundo}] [1000]: karate.org.thymeleaf.standard.processor.StandardDOMEventAttributeTagProcessor
[THYMELEAF]             * [* {th:onclick,data-th-onclick}] [1000]: karate.org.thymeleaf.standard.processor.StandardDOMEventAttributeTagProcessor
[THYMELEAF]             * [* {th:ondrag,data-th-ondrag}] [1000]: karate.org.thymeleaf.standard.processor.StandardDOMEventAttributeTagProcessor
[THYMELEAF]             * [* {th:onkeypress,data-th-onkeypress}] [1000]: karate.org.thymeleaf.standard.processor.StandardDOMEventAttributeTagProcessor
[THYMELEAF]             * [* {th:onsubmit,data-th-onsubmit}] [1000]: karate.org.thymeleaf.standard.processor.StandardDOMEventAttributeTagProcessor
[THYMELEAF]             * [* {th:onstalled,data-th-onstalled}] [1000]: karate.org.thymeleaf.standard.processor.StandardDOMEventAttributeTagProcessor
[THYMELEAF]             * [* {th:oncontextmenu,data-th-oncontextmenu}] [1000]: karate.org.thymeleaf.standard.processor.StandardDOMEventAttributeTagProcessor
[THYMELEAF]             * [* {th:onemptied,data-th-onemptied}] [1000]: karate.org.thymeleaf.standard.processor.StandardDOMEventAttributeTagProcessor
[THYMELEAF]             * [* {th:onseeking,data-th-onseeking}] [1000]: karate.org.thymeleaf.standard.processor.StandardDOMEventAttributeTagProcessor
[THYMELEAF]             * [* {th:onbeforeunload,data-th-onbeforeunload}] [1000]: karate.org.thymeleaf.standard.processor.StandardDOMEventAttributeTagProcessor
[THYMELEAF]             * [* {th:onforminput,data-th-onforminput}] [1000]: karate.org.thymeleaf.standard.processor.StandardDOMEventAttributeTagProcessor
[THYMELEAF]             * [* {th:ontimeupdate,data-th-ontimeupdate}] [1000]: karate.org.thymeleaf.standard.processor.StandardDOMEventAttributeTagProcessor
[THYMELEAF]             * [* {th:ondurationchange,data-th-ondurationchange}] [1000]: karate.org.thymeleaf.standard.processor.StandardDOMEventAttributeTagProcessor
[THYMELEAF]             * [* {th:ondblclick,data-th-ondblclick}] [1000]: karate.org.thymeleaf.standard.processor.StandardDOMEventAttributeTagProcessor
[THYMELEAF]             * [* {th:onabort,data-th-onabort}] [1000]: karate.org.thymeleaf.standard.processor.StandardDOMEventAttributeTagProcessor
[THYMELEAF]             * [* {th:onunload,data-th-onunload}] [1000]: karate.org.thymeleaf.standard.processor.StandardDOMEventAttributeTagProcessor
[THYMELEAF]             * [* {th:onmessage,data-th-onmessage}] [1000]: karate.org.thymeleaf.standard.processor.StandardDOMEventAttributeTagProcessor
[THYMELEAF]             * [* {th:onratechange,data-th-onratechange}] [1000]: karate.org.thymeleaf.standard.processor.StandardDOMEventAttributeTagProcessor
[THYMELEAF]             * [* {th:onplaying,data-th-onplaying}] [1000]: karate.org.thymeleaf.standard.processor.StandardDOMEventAttributeTagProcessor
[THYMELEAF]             * [* {th:onplay,data-th-onplay}] [1000]: karate.org.thymeleaf.standard.processor.StandardDOMEventAttributeTagProcessor
[THYMELEAF]             * [* {th:onerror,data-th-onerror}] [1000]: karate.org.thymeleaf.standard.processor.StandardDOMEventAttributeTagProcessor
[THYMELEAF]             * [* {th:oncanplay,data-th-oncanplay}] [1000]: karate.org.thymeleaf.standard.processor.StandardDOMEventAttributeTagProcessor
[THYMELEAF]             * [* {th:onfocus,data-th-onfocus}] [1000]: karate.org.thymeleaf.standard.processor.StandardDOMEventAttributeTagProcessor
[THYMELEAF]             * [* {th:onoffline,data-th-onoffline}] [1000]: karate.org.thymeleaf.standard.processor.StandardDOMEventAttributeTagProcessor
[THYMELEAF]             * [* {th:onpopstate,data-th-onpopstate}] [1000]: karate.org.thymeleaf.standard.processor.StandardDOMEventAttributeTagProcessor
[THYMELEAF]             * [* {th:ondragend,data-th-ondragend}] [1000]: karate.org.thymeleaf.standard.processor.StandardDOMEventAttributeTagProcessor
[THYMELEAF]             * [* {th:ondrop,data-th-ondrop}] [1000]: karate.org.thymeleaf.standard.processor.StandardDOMEventAttributeTagProcessor
[THYMELEAF]             * [* {th:onended,data-th-onended}] [1000]: karate.org.thymeleaf.standard.processor.StandardDOMEventAttributeTagProcessor
[THYMELEAF]             * [* {th:onload,data-th-onload}] [1000]: karate.org.thymeleaf.standard.processor.StandardDOMEventAttributeTagProcessor
[THYMELEAF]             * [* {th:onmousewheel,data-th-onmousewheel}] [1000]: karate.org.thymeleaf.standard.processor.StandardDOMEventAttributeTagProcessor
[THYMELEAF]             * [* {th:ondragleave,data-th-ondragleave}] [1000]: karate.org.thymeleaf.standard.processor.StandardDOMEventAttributeTagProcessor
[THYMELEAF]             * [* {th:onreadystatechange,data-th-onreadystatechange}] [1000]: karate.org.thymeleaf.standard.processor.StandardDOMEventAttributeTagProcessor
[THYMELEAF]             * [* {th:onmousemove,data-th-onmousemove}] [1000]: karate.org.thymeleaf.standard.processor.StandardDOMEventAttributeTagProcessor
[THYMELEAF]             * [* {th:onstorage,data-th-onstorage}] [1000]: karate.org.thymeleaf.standard.processor.StandardDOMEventAttributeTagProcessor
[THYMELEAF]             * [* {th:onkeyup,data-th-onkeyup}] [1000]: karate.org.thymeleaf.standard.processor.StandardDOMEventAttributeTagProcessor
[THYMELEAF]             * [* {th:onmousedown,data-th-onmousedown}] [1000]: karate.org.thymeleaf.standard.processor.StandardDOMEventAttributeTagProcessor
[THYMELEAF]             * [* {th:ondragstart,data-th-ondragstart}] [1000]: karate.org.thymeleaf.standard.processor.StandardDOMEventAttributeTagProcessor
[THYMELEAF]             * [* {th:onkeydown,data-th-onkeydown}] [1000]: karate.org.thymeleaf.standard.processor.StandardDOMEventAttributeTagProcessor
[THYMELEAF]             * [* {th:oncanplaythrough,data-th-oncanplaythrough}] [1000]: karate.org.thymeleaf.standard.processor.StandardDOMEventAttributeTagProcessor
[THYMELEAF]             * [* {th:onscroll,data-th-onscroll}] [1000]: karate.org.thymeleaf.standard.processor.StandardDOMEventAttributeTagProcessor
[THYMELEAF]             * [* {th:onsuspend,data-th-onsuspend}] [1000]: karate.org.thymeleaf.standard.processor.StandardDOMEventAttributeTagProcessor
[THYMELEAF]             * [* {th:onloadedmetadata,data-th-onloadedmetadata}] [1000]: karate.org.thymeleaf.standard.processor.StandardDOMEventAttributeTagProcessor
[THYMELEAF]             * [* {th:onformchange,data-th-onformchange}] [1000]: karate.org.thymeleaf.standard.processor.StandardDOMEventAttributeTagProcessor
[THYMELEAF]             * [* {th:onresize,data-th-onresize}] [1000]: karate.org.thymeleaf.standard.processor.StandardDOMEventAttributeTagProcessor
[THYMELEAF]             * [* {th:onchange,data-th-onchange}] [1000]: karate.org.thymeleaf.standard.processor.StandardDOMEventAttributeTagProcessor
[THYMELEAF]             * [* {th:onreset,data-th-onreset}] [1000]: karate.org.thymeleaf.standard.processor.StandardDOMEventAttributeTagProcessor
[THYMELEAF]             * [* {th:ondragover,data-th-ondragover}] [1000]: karate.org.thymeleaf.standard.processor.StandardDOMEventAttributeTagProcessor
[THYMELEAF]             * [* {th:onloadstart,data-th-onloadstart}] [1000]: karate.org.thymeleaf.standard.processor.StandardDOMEventAttributeTagProcessor
[THYMELEAF]             * [* {th:ondragenter,data-th-ondragenter}] [1000]: karate.org.thymeleaf.standard.processor.StandardDOMEventAttributeTagProcessor
[THYMELEAF]             * [* {th:onseeked,data-th-onseeked}] [1000]: karate.org.thymeleaf.standard.processor.StandardDOMEventAttributeTagProcessor
[THYMELEAF]             * [* {th:oninput,data-th-oninput}] [1000]: karate.org.thymeleaf.standard.processor.StandardDOMEventAttributeTagProcessor
[THYMELEAF]             * [* {th:onhashchange,data-th-onhashchange}] [1000]: karate.org.thymeleaf.standard.processor.StandardDOMEventAttributeTagProcessor
[THYMELEAF]             * [* {th:onredo,data-th-onredo}] [1000]: karate.org.thymeleaf.standard.processor.StandardDOMEventAttributeTagProcessor
[THYMELEAF]             * [* {th:onmouseover,data-th-onmouseover}] [1000]: karate.org.thymeleaf.standard.processor.StandardDOMEventAttributeTagProcessor
[THYMELEAF]             * [* {th:onvolumechange,data-th-onvolumechange}] [1000]: karate.org.thymeleaf.standard.processor.StandardDOMEventAttributeTagProcessor
[THYMELEAF]             * [* {th:onselect,data-th-onselect}] [1000]: karate.org.thymeleaf.standard.processor.StandardDOMEventAttributeTagProcessor
[THYMELEAF]             * [* {th:onloadeddata,data-th-onloadeddata}] [1000]: karate.org.thymeleaf.standard.processor.StandardDOMEventAttributeTagProcessor
[THYMELEAF]             * [* {th:onbeforeprint,data-th-onbeforeprint}] [1000]: karate.org.thymeleaf.standard.processor.StandardDOMEventAttributeTagProcessor
[THYMELEAF]             * [* {th:href,data-th-href}] [1000]: karate.org.thymeleaf.standard.processor.StandardHrefTagProcessor
[THYMELEAF]             * [* {th:inline,data-th-inline}] [1000]: karate.org.thymeleaf.standard.processor.StandardInlineHTMLTagProcessor
[THYMELEAF]             * [* {th:method,data-th-method}] [1000]: karate.org.thymeleaf.standard.processor.StandardMethodTagProcessor
[THYMELEAF]             * [* {th:type,data-th-type}] [1000]: karate.org.thymeleaf.standard.processor.StandardNonRemovableAttributeTagProcessor
[THYMELEAF]             * [* {th:name,data-th-name}] [1000]: karate.org.thymeleaf.standard.processor.StandardNonRemovableAttributeTagProcessor
[THYMELEAF]             * [* {th:classid,data-th-classid}] [1000]: karate.org.thymeleaf.standard.processor.StandardRemovableAttributeTagProcessor
[THYMELEAF]             * [* {th:formenctype,data-th-formenctype}] [1000]: karate.org.thymeleaf.standard.processor.StandardRemovableAttributeTagProcessor
[THYMELEAF]             * [* {th:background,data-th-background}] [1000]: karate.org.thymeleaf.standard.processor.StandardRemovableAttributeTagProcessor
[THYMELEAF]             * [* {th:marginheight,data-th-marginheight}] [1000]: karate.org.thymeleaf.standard.processor.StandardRemovableAttributeTagProcessor
[THYMELEAF]             * [* {th:http-equiv,data-th-http-equiv}] [1000]: karate.org.thymeleaf.standard.processor.StandardRemovableAttributeTagProcessor
[THYMELEAF]             * [* {th:wrap,data-th-wrap}] [1000]: karate.org.thymeleaf.standard.processor.StandardRemovableAttributeTagProcessor
[THYMELEAF]             * [* {th:vspace,data-th-vspace}] [1000]: karate.org.thymeleaf.standard.processor.StandardRemovableAttributeTagProcessor
[THYMELEAF]             * [* {th:preload,data-th-preload}] [1000]: karate.org.thymeleaf.standard.processor.StandardRemovableAttributeTagProcessor
[THYMELEAF]             * [* {th:codebase,data-th-codebase}] [1000]: karate.org.thymeleaf.standard.processor.StandardRemovableAttributeTagProcessor
[THYMELEAF]             * [* {th:optimum,data-th-optimum}] [1000]: karate.org.thymeleaf.standard.processor.StandardRemovableAttributeTagProcessor
[THYMELEAF]             * [* {th:for,data-th-for}] [1000]: karate.org.thymeleaf.standard.processor.StandardRemovableAttributeTagProcessor
[THYMELEAF]             * [* {th:poster,data-th-poster}] [1000]: karate.org.thymeleaf.standard.processor.StandardRemovableAttributeTagProcessor
[THYMELEAF]             * [* {th:size,data-th-size}] [1000]: karate.org.thymeleaf.standard.processor.StandardRemovableAttributeTagProcessor
[THYMELEAF]             * [* {th:scheme,data-th-scheme}] [1000]: karate.org.thymeleaf.standard.processor.StandardRemovableAttributeTagProcessor
[THYMELEAF]             * [* {th:max,data-th-max}] [1000]: karate.org.thymeleaf.standard.processor.StandardRemovableAttributeTagProcessor
[THYMELEAF]             * [* {th:tabindex,data-th-tabindex}] [1000]: karate.org.thymeleaf.standard.processor.StandardRemovableAttributeTagProcessor
[THYMELEAF]             * [* {th:draggable,data-th-draggable}] [1000]: karate.org.thymeleaf.standard.processor.StandardRemovableAttributeTagProcessor
[THYMELEAF]             * [* {th:step,data-th-step}] [1000]: karate.org.thymeleaf.standard.processor.StandardRemovableAttributeTagProcessor
[THYMELEAF]             * [* {th:media,data-th-media}] [1000]: karate.org.thymeleaf.standard.processor.StandardRemovableAttributeTagProcessor
[THYMELEAF]             * [* {th:radiogroup,data-th-radiogroup}] [1000]: karate.org.thymeleaf.standard.processor.StandardRemovableAttributeTagProcessor
[THYMELEAF]             * [* {th:cellpadding,data-th-cellpadding}] [1000]: karate.org.thymeleaf.standard.processor.StandardRemovableAttributeTagProcessor
[THYMELEAF]             * [* {th:rev,data-th-rev}] [1000]: karate.org.thymeleaf.standard.processor.StandardRemovableAttributeTagProcessor
[THYMELEAF]             * [* {th:formtarget,data-th-formtarget}] [1000]: karate.org.thymeleaf.standard.processor.StandardRemovableAttributeTagProcessor
[THYMELEAF]             * [* {th:hreflang,data-th-hreflang}] [1000]: karate.org.thymeleaf.standard.processor.StandardRemovableAttributeTagProcessor
[THYMELEAF]             * [* {th:high,data-th-high}] [1000]: karate.org.thymeleaf.standard.processor.StandardRemovableAttributeTagProcessor
[THYMELEAF]             * [* {th:contextmenu,data-th-contextmenu}] [1000]: karate.org.thymeleaf.standard.processor.StandardRemovableAttributeTagProcessor
[THYMELEAF]             * [* {th:dir,data-th-dir}] [1000]: karate.org.thymeleaf.standard.processor.StandardRemovableAttributeTagProcessor
[THYMELEAF]             * [* {th:label,data-th-label}] [1000]: karate.org.thymeleaf.standard.processor.StandardRemovableAttributeTagProcessor
[THYMELEAF]             * [* {th:standby,data-th-standby}] [1000]: karate.org.thymeleaf.standard.processor.StandardRemovableAttributeTagProcessor
[THYMELEAF]             * [* {th:lang,data-th-lang}] [1000]: karate.org.thymeleaf.standard.processor.StandardRemovableAttributeTagProcessor
[THYMELEAF]             * [* {th:frame,data-th-frame}] [1000]: karate.org.thymeleaf.standard.processor.StandardRemovableAttributeTagProcessor
[THYMELEAF]             * [* {th:contenteditable,data-th-contenteditable}] [1000]: karate.org.thymeleaf.standard.processor.StandardRemovableAttributeTagProcessor
[THYMELEAF]             * [* {th:title,data-th-title}] [1000]: karate.org.thymeleaf.standard.processor.StandardRemovableAttributeTagProcessor
[THYMELEAF]             * [* {th:bgcolor,data-th-bgcolor}] [1000]: karate.org.thymeleaf.standard.processor.StandardRemovableAttributeTagProcessor
[THYMELEAF]             * [* {th:manifest,data-th-manifest}] [1000]: karate.org.thymeleaf.standard.processor.StandardRemovableAttributeTagProcessor
[THYMELEAF]             * [* {th:srclang,data-th-srclang}] [1000]: karate.org.thymeleaf.standard.processor.StandardRemovableAttributeTagProcessor
[THYMELEAF]             * [* {th:dropzone,data-th-dropzone}] [1000]: karate.org.thymeleaf.standard.processor.StandardRemovableAttributeTagProcessor
[THYMELEAF]             * [* {th:cols,data-th-cols}] [1000]: karate.org.thymeleaf.standard.processor.StandardRemovableAttributeTagProcessor
[THYMELEAF]             * [* {th:target,data-th-target}] [1000]: karate.org.thymeleaf.standard.processor.StandardRemovableAttributeTagProcessor
[THYMELEAF]             * [* {th:cellspacing,data-th-cellspacing}] [1000]: karate.org.thymeleaf.standard.processor.StandardRemovableAttributeTagProcessor
[THYMELEAF]             * [* {th:cite,data-th-cite}] [1000]: karate.org.thymeleaf.standard.processor.StandardRemovableAttributeTagProcessor
[THYMELEAF]             * [* {th:valuetype,data-th-valuetype}] [1000]: karate.org.thymeleaf.standard.processor.StandardRemovableAttributeTagProcessor
[THYMELEAF]             * [* {th:keytype,data-th-keytype}] [1000]: karate.org.thymeleaf.standard.processor.StandardRemovableAttributeTagProcessor
[THYMELEAF]             * [* {th:content,data-th-content}] [1000]: karate.org.thymeleaf.standard.processor.StandardRemovableAttributeTagProcessor
[THYMELEAF]             * [* {th:placeholder,data-th-placeholder}] [1000]: karate.org.thymeleaf.standard.processor.StandardRemovableAttributeTagProcessor
[THYMELEAF]             * [* {th:hspace,data-th-hspace}] [1000]: karate.org.thymeleaf.standard.processor.StandardRemovableAttributeTagProcessor
[THYMELEAF]             * [* {th:accesskey,data-th-accesskey}] [1000]: karate.org.thymeleaf.standard.processor.StandardRemovableAttributeTagProcessor
[THYMELEAF]             * [* {th:scope,data-th-scope}] [1000]: karate.org.thymeleaf.standard.processor.StandardRemovableAttributeTagProcessor
[THYMELEAF]             * [* {th:align,data-th-align}] [1000]: karate.org.thymeleaf.standard.processor.StandardRemovableAttributeTagProcessor
[THYMELEAF]             * [* {th:form,data-th-form}] [1000]: karate.org.thymeleaf.standard.processor.StandardRemovableAttributeTagProcessor
[THYMELEAF]             * [* {th:rel,data-th-rel}] [1000]: karate.org.thymeleaf.standard.processor.StandardRemovableAttributeTagProcessor
[THYMELEAF]             * [* {th:challenge,data-th-challenge}] [1000]: karate.org.thymeleaf.standard.processor.StandardRemovableAttributeTagProcessor
[THYMELEAF]             * [* {th:span,data-th-span}] [1000]: karate.org.thymeleaf.standard.processor.StandardRemovableAttributeTagProcessor
[THYMELEAF]             * [* {th:audio,data-th-audio}] [1000]: karate.org.thymeleaf.standard.processor.StandardRemovableAttributeTagProcessor
[THYMELEAF]             * [* {th:rules,data-th-rules}] [1000]: karate.org.thymeleaf.standard.processor.StandardRemovableAttributeTagProcessor
[THYMELEAF]             * [* {th:class,data-th-class}] [1000]: karate.org.thymeleaf.standard.processor.StandardRemovableAttributeTagProcessor
[THYMELEAF]             * [* {th:maxlength,data-th-maxlength}] [1000]: karate.org.thymeleaf.standard.processor.StandardRemovableAttributeTagProcessor
[THYMELEAF]             * [* {th:axis,data-th-axis}] [1000]: karate.org.thymeleaf.standard.processor.StandardRemovableAttributeTagProcessor
[THYMELEAF]             * [* {th:pattern,data-th-pattern}] [1000]: karate.org.thymeleaf.standard.processor.StandardRemovableAttributeTagProcessor
[THYMELEAF]             * [* {th:enctype,data-th-enctype}] [1000]: karate.org.thymeleaf.standard.processor.StandardRemovableAttributeTagProcessor
[THYMELEAF]             * [* {th:accept,data-th-accept}] [1000]: karate.org.thymeleaf.standard.processor.StandardRemovableAttributeTagProcessor
[THYMELEAF]             * [* {th:sizes,data-th-sizes}] [1000]: karate.org.thymeleaf.standard.processor.StandardRemovableAttributeTagProcessor
[THYMELEAF]             * [* {th:alt,data-th-alt}] [1000]: karate.org.thymeleaf.standard.processor.StandardRemovableAttributeTagProcessor
[THYMELEAF]             * [* {th:height,data-th-height}] [1000]: karate.org.thymeleaf.standard.processor.StandardRemovableAttributeTagProcessor
[THYMELEAF]             * [* {th:archive,data-th-archive}] [1000]: karate.org.thymeleaf.standard.processor.StandardRemovableAttributeTagProcessor
[THYMELEAF]             * [* {th:charset,data-th-charset}] [1000]: karate.org.thymeleaf.standard.processor.StandardRemovableAttributeTagProcessor
[THYMELEAF]             * [* {th:accept-charset,data-th-accept-charset}] [1000]: karate.org.thymeleaf.standard.processor.StandardRemovableAttributeTagProcessor
[THYMELEAF]             * [* {th:data,data-th-data}] [1000]: karate.org.thymeleaf.standard.processor.StandardRemovableAttributeTagProcessor
[THYMELEAF]             * [* {th:colspan,data-th-colspan}] [1000]: karate.org.thymeleaf.standard.processor.StandardRemovableAttributeTagProcessor
[THYMELEAF]             * [* {th:compact,data-th-compact}] [1000]: karate.org.thymeleaf.standard.processor.StandardRemovableAttributeTagProcessor
[THYMELEAF]             * [* {th:low,data-th-low}] [1000]: karate.org.thymeleaf.standard.processor.StandardRemovableAttributeTagProcessor
[THYMELEAF]             * [* {th:spellcheck,data-th-spellcheck}] [1000]: karate.org.thymeleaf.standard.processor.StandardRemovableAttributeTagProcessor
[THYMELEAF]             * [* {th:marginwidth,data-th-marginwidth}] [1000]: karate.org.thymeleaf.standard.processor.StandardRemovableAttributeTagProcessor
[THYMELEAF]             * [* {th:scrolling,data-th-scrolling}] [1000]: karate.org.thymeleaf.standard.processor.StandardRemovableAttributeTagProcessor
[THYMELEAF]             * [* {th:summary,data-th-summary}] [1000]: karate.org.thymeleaf.standard.processor.StandardRemovableAttributeTagProcessor
[THYMELEAF]             * [* {th:abbr,data-th-abbr}] [1000]: karate.org.thymeleaf.standard.processor.StandardRemovableAttributeTagProcessor
[THYMELEAF]             * [* {th:longdesc,data-th-longdesc}] [1000]: karate.org.thymeleaf.standard.processor.StandardRemovableAttributeTagProcessor
[THYMELEAF]             * [* {th:sandbox,data-th-sandbox}] [1000]: karate.org.thymeleaf.standard.processor.StandardRemovableAttributeTagProcessor
[THYMELEAF]             * [* {th:kind,data-th-kind}] [1000]: karate.org.thymeleaf.standard.processor.StandardRemovableAttributeTagProcessor
[THYMELEAF]             * [* {th:list,data-th-list}] [1000]: karate.org.thymeleaf.standard.processor.StandardRemovableAttributeTagProcessor
[THYMELEAF]             * [* {th:border,data-th-border}] [1000]: karate.org.thymeleaf.standard.processor.StandardRemovableAttributeTagProcessor
[THYMELEAF]             * [* {th:start,data-th-start}] [1000]: karate.org.thymeleaf.standard.processor.StandardRemovableAttributeTagProcessor
[THYMELEAF]             * [* {th:icon,data-th-icon}] [1000]: karate.org.thymeleaf.standard.processor.StandardRemovableAttributeTagProcessor
[THYMELEAF]             * [* {th:codetype,data-th-codetype}] [1000]: karate.org.thymeleaf.standard.processor.StandardRemovableAttributeTagProcessor
[THYMELEAF]             * [* {th:headers,data-th-headers}] [1000]: karate.org.thymeleaf.standard.processor.StandardRemovableAttributeTagProcessor
[THYMELEAF]             * [* {th:rows,data-th-rows}] [1000]: karate.org.thymeleaf.standard.processor.StandardRemovableAttributeTagProcessor
[THYMELEAF]             * [* {th:width,data-th-width}] [1000]: karate.org.thymeleaf.standard.processor.StandardRemovableAttributeTagProcessor
[THYMELEAF]             * [* {th:frameborder,data-th-frameborder}] [1000]: karate.org.thymeleaf.standard.processor.StandardRemovableAttributeTagProcessor
[THYMELEAF]             * [* {th:autocomplete,data-th-autocomplete}] [1000]: karate.org.thymeleaf.standard.processor.StandardRemovableAttributeTagProcessor
[THYMELEAF]             * [* {th:formmethod,data-th-formmethod}] [1000]: karate.org.thymeleaf.standard.processor.StandardRemovableAttributeTagProcessor
[THYMELEAF]             * [* {th:rowspan,data-th-rowspan}] [1000]: karate.org.thymeleaf.standard.processor.StandardRemovableAttributeTagProcessor
[THYMELEAF]             * [* {th:min,data-th-min}] [1000]: karate.org.thymeleaf.standard.processor.StandardRemovableAttributeTagProcessor
[THYMELEAF]             * [* {th:usemap,data-th-usemap}] [1000]: karate.org.thymeleaf.standard.processor.StandardRemovableAttributeTagProcessor
[THYMELEAF]             * [* {th:style,data-th-style}] [1000]: karate.org.thymeleaf.standard.processor.StandardRemovableAttributeTagProcessor
[THYMELEAF]             * [* {th:formaction,data-th-formaction}] [1000]: karate.org.thymeleaf.standard.processor.StandardRemovableAttributeTagProcessor
[THYMELEAF]             * [* {th:datetime,data-th-datetime}] [1000]: karate.org.thymeleaf.standard.processor.StandardRemovableAttributeTagProcessor
[THYMELEAF]             * [* {th:id,data-th-id}] [1000]: karate.org.thymeleaf.standard.processor.StandardRemovableAttributeTagProcessor
[THYMELEAF]             * [* {th:src,data-th-src}] [1000]: karate.org.thymeleaf.standard.processor.StandardSrcTagProcessor
[THYMELEAF]             * [* {th:value,data-th-value}] [1000]: karate.org.thymeleaf.standard.processor.StandardValueTagProcessor
[THYMELEAF]             * [* {th:xmlbase,data-th-xmlbase}] [1000]: karate.org.thymeleaf.standard.processor.StandardXmlBaseTagProcessor
[THYMELEAF]             * [* {th:xmllang,data-th-xmllang}] [1000]: karate.org.thymeleaf.standard.processor.StandardXmlLangTagProcessor
[THYMELEAF]             * [* {xmlns:th}] [1000]: karate.org.thymeleaf.standard.processor.StandardXmlNsTagProcessor
[THYMELEAF]             * [* {th:xmlspace,data-th-xmlspace}] [1000]: karate.org.thymeleaf.standard.processor.StandardXmlSpaceTagProcessor
[THYMELEAF]             * [* {th:classappend,data-th-classappend}] [1100]: karate.org.thymeleaf.standard.processor.StandardClassappendTagProcessor
[THYMELEAF]             * [* {th:styleappend,data-th-styleappend}] [1100]: karate.org.thymeleaf.standard.processor.StandardStyleappendTagProcessor
[THYMELEAF]             * [* {th:text,data-th-text}] [1300]: karate.org.thymeleaf.standard.processor.StandardTextTagProcessor
[THYMELEAF]             * [* {th:utext,data-th-utext}] [1400]: karate.org.thymeleaf.standard.processor.StandardUtextTagProcessor
[THYMELEAF]             * [* {th:fragment,data-th-fragment}] [1500]: karate.org.thymeleaf.standard.processor.StandardFragmentTagProcessor
[THYMELEAF]             * [* {th:assert,data-th-assert}] [1550]: karate.org.thymeleaf.standard.processor.StandardAssertTagProcessor
[THYMELEAF]             * [* {th:remove,data-th-remove}] [1600]: karate.org.thymeleaf.standard.processor.StandardRemoveTagProcessor
[THYMELEAF]             * [* {th:ref,data-th-ref}] [10000]: karate.org.thymeleaf.standard.processor.StandardRefAttributeTagProcessor
[THYMELEAF]             * [{th:block,th-block} *] [100000]: karate.org.thymeleaf.standard.processor.StandardBlockTagProcessor
[THYMELEAF]             * [* th:*] [2147483647]: karate.org.thymeleaf.standard.processor.StandardDefaultAttributesTagProcessor
[THYMELEAF]         * Text Processors by [precedence]:
[THYMELEAF]             * [1000]: karate.org.thymeleaf.standard.processor.StandardInliningTextProcessor
[THYMELEAF]         * DOCTYPE Processors by [precedence]:
[THYMELEAF]             * [1000]: karate.org.thymeleaf.standard.processor.StandardTranslationDocTypeProcessor
[THYMELEAF]         * CDATA Section Processors by [precedence]:
[THYMELEAF]             * [1000]: karate.org.thymeleaf.standard.processor.StandardInliningCDATASectionProcessor
[THYMELEAF]         * Comment Processors by [precedence]:
[THYMELEAF]             * [1000]: karate.org.thymeleaf.standard.processor.StandardInliningCommentProcessor
[THYMELEAF]             * [1100]: karate.org.thymeleaf.standard.processor.StandardConditionalCommentProcessor
[THYMELEAF]     * Processors for Template Mode: XML
[THYMELEAF]         * Element Tag Processors by [matching element and attribute name] [precedence]:
[THYMELEAF]             * [* {th:include}] [100]: karate.org.thymeleaf.standard.processor.StandardIncludeTagProcessor
[THYMELEAF]             * [* {th:insert}] [100]: karate.org.thymeleaf.standard.processor.StandardInsertTagProcessor
[THYMELEAF]             * [* {th:replace}] [100]: karate.org.thymeleaf.standard.processor.StandardReplaceTagProcessor
[THYMELEAF]             * [* {th:substituteby}] [100]: karate.org.thymeleaf.standard.processor.StandardSubstituteByTagProcessor
[THYMELEAF]             * [* {th:each}] [200]: com.intuit.karate.template.KarateEachTagProcessor
[THYMELEAF]             * [* {th:switch}] [250]: karate.org.thymeleaf.standard.processor.StandardSwitchTagProcessor
[THYMELEAF]             * [* {th:case}] [275]: karate.org.thymeleaf.standard.processor.StandardCaseTagProcessor
[THYMELEAF]             * [* {th:if}] [300]: karate.org.thymeleaf.standard.processor.StandardIfTagProcessor
[THYMELEAF]             * [* {th:unless}] [400]: karate.org.thymeleaf.standard.processor.StandardUnlessTagProcessor
[THYMELEAF]             * [* {th:object}] [500]: karate.org.thymeleaf.standard.processor.StandardObjectTagProcessor
[THYMELEAF]             * [* {th:with}] [600]: com.intuit.karate.template.KarateWithTagProcessor
[THYMELEAF]             * [* {th:attr}] [700]: com.intuit.karate.template.KarateAttributeTagProcessor.KarateAttrTagProcessor
[THYMELEAF]             * [* {th:attrappend}] [900]: com.intuit.karate.template.KarateAttributeTagProcessor.KarateAttrappendTagProcessor
[THYMELEAF]             * [* {th:attrprepend}] [900]: com.intuit.karate.template.KarateAttributeTagProcessor.KarateAttrprependTagProcessor
[THYMELEAF]             * [* {th:inline}] [1000]: karate.org.thymeleaf.standard.processor.StandardInlineXMLTagProcessor
[THYMELEAF]             * [* {xmlns:th}] [1000]: karate.org.thymeleaf.standard.processor.StandardXmlNsTagProcessor
[THYMELEAF]             * [* {th:text}] [1300]: karate.org.thymeleaf.standard.processor.StandardTextTagProcessor
[THYMELEAF]             * [* {th:utext}] [1400]: karate.org.thymeleaf.standard.processor.StandardUtextTagProcessor
[THYMELEAF]             * [* {th:fragment}] [1500]: karate.org.thymeleaf.standard.processor.StandardFragmentTagProcessor
[THYMELEAF]             * [* {th:assert}] [1550]: karate.org.thymeleaf.standard.processor.StandardAssertTagProcessor
[THYMELEAF]             * [* {th:remove}] [1600]: karate.org.thymeleaf.standard.processor.StandardRemoveTagProcessor
[THYMELEAF]             * [* {th:ref}] [10000]: karate.org.thymeleaf.standard.processor.StandardRefAttributeTagProcessor
[THYMELEAF]             * [{th:block} *] [100000]: karate.org.thymeleaf.standard.processor.StandardBlockTagProcessor
[THYMELEAF]             * [* th:*] [2147483647]: karate.org.thymeleaf.standard.processor.StandardDefaultAttributesTagProcessor
[THYMELEAF]         * Text Processors by [precedence]:
[THYMELEAF]             * [1000]: karate.org.thymeleaf.standard.processor.StandardInliningTextProcessor
[THYMELEAF]         * CDATA Section Processors by [precedence]:
[THYMELEAF]             * [1000]: karate.org.thymeleaf.standard.processor.StandardInliningCDATASectionProcessor
[THYMELEAF]         * Comment Processors by [precedence]:
[THYMELEAF]             * [1000]: karate.org.thymeleaf.standard.processor.StandardInliningCommentProcessor
[THYMELEAF]     * Processors for Template Mode: TEXT
[THYMELEAF]         * Element Tag Processors by [matching element and attribute name] [precedence]:
[THYMELEAF]             * [* {th:insert}] [100]: karate.org.thymeleaf.standard.processor.StandardInsertTagProcessor
[THYMELEAF]             * [* {th:replace}] [100]: karate.org.thymeleaf.standard.processor.StandardReplaceTagProcessor
[THYMELEAF]             * [* {th:each}] [200]: com.intuit.karate.template.KarateEachTagProcessor
[THYMELEAF]             * [* {th:switch}] [250]: karate.org.thymeleaf.standard.processor.StandardSwitchTagProcessor
[THYMELEAF]             * [* {th:case}] [275]: karate.org.thymeleaf.standard.processor.StandardCaseTagProcessor
[THYMELEAF]             * [* {th:if}] [300]: karate.org.thymeleaf.standard.processor.StandardIfTagProcessor
[THYMELEAF]             * [* {th:unless}] [400]: karate.org.thymeleaf.standard.processor.StandardUnlessTagProcessor
[THYMELEAF]             * [* {th:object}] [500]: karate.org.thymeleaf.standard.processor.StandardObjectTagProcessor
[THYMELEAF]             * [* {th:with}] [600]: com.intuit.karate.template.KarateWithTagProcessor
[THYMELEAF]             * [* {th:inline}] [1000]: karate.org.thymeleaf.standard.processor.StandardInlineTextualTagProcessor
[THYMELEAF]             * [* {th:text}] [1300]: karate.org.thymeleaf.standard.processor.StandardTextTagProcessor
[THYMELEAF]             * [* {th:utext}] [1400]: karate.org.thymeleaf.standard.processor.StandardUtextTagProcessor
[THYMELEAF]             * [* {th:assert}] [1550]: karate.org.thymeleaf.standard.processor.StandardAssertTagProcessor
[THYMELEAF]             * [* {th:remove}] [1600]: karate.org.thymeleaf.standard.processor.StandardRemoveTagProcessor
[THYMELEAF]             * [{th:block} *] [100000]: karate.org.thymeleaf.standard.processor.StandardBlockTagProcessor
[THYMELEAF]             * [* 100000] [karate.org.thymeleaf.standard.processor.StandardBlockTagProcessor]: {}
[THYMELEAF]         * Text Processors by [precedence]:
[THYMELEAF]             * [1000]: karate.org.thymeleaf.standard.processor.StandardInliningTextProcessor
[THYMELEAF]     * Processors for Template Mode: JAVASCRIPT
[THYMELEAF]         * Element Tag Processors by [matching element and attribute name] [precedence]:
[THYMELEAF]             * [* {th:insert}] [100]: karate.org.thymeleaf.standard.processor.StandardInsertTagProcessor
[THYMELEAF]             * [* {th:replace}] [100]: karate.org.thymeleaf.standard.processor.StandardReplaceTagProcessor
[THYMELEAF]             * [* {th:each}] [200]: com.intuit.karate.template.KarateEachTagProcessor
[THYMELEAF]             * [* {th:switch}] [250]: karate.org.thymeleaf.standard.processor.StandardSwitchTagProcessor
[THYMELEAF]             * [* {th:case}] [275]: karate.org.thymeleaf.standard.processor.StandardCaseTagProcessor
[THYMELEAF]             * [* {th:if}] [300]: karate.org.thymeleaf.standard.processor.StandardIfTagProcessor
[THYMELEAF]             * [* {th:unless}] [400]: karate.org.thymeleaf.standard.processor.StandardUnlessTagProcessor
[THYMELEAF]             * [* {th:object}] [500]: karate.org.thymeleaf.standard.processor.StandardObjectTagProcessor
[THYMELEAF]             * [* {th:with}] [600]: com.intuit.karate.template.KarateWithTagProcessor
[THYMELEAF]             * [* {th:inline}] [1000]: karate.org.thymeleaf.standard.processor.StandardInlineTextualTagProcessor
[THYMELEAF]             * [* {th:text}] [1300]: karate.org.thymeleaf.standard.processor.StandardTextTagProcessor
[THYMELEAF]             * [* {th:utext}] [1400]: karate.org.thymeleaf.standard.processor.StandardUtextTagProcessor
[THYMELEAF]             * [* {th:assert}] [1550]: karate.org.thymeleaf.standard.processor.StandardAssertTagProcessor
[THYMELEAF]             * [* {th:remove}] [1600]: karate.org.thymeleaf.standard.processor.StandardRemoveTagProcessor
[THYMELEAF]             * [* 100000] [karate.org.thymeleaf.standard.processor.StandardBlockTagProcessor]: {}
[THYMELEAF]             * [{th:block} *] [100000]: karate.org.thymeleaf.standard.processor.StandardBlockTagProcessor
[THYMELEAF]         * Text Processors by [precedence]:
[THYMELEAF]             * [1000]: karate.org.thymeleaf.standard.processor.StandardInliningTextProcessor
[THYMELEAF]     * Processors for Template Mode: CSS
[THYMELEAF]         * Element Tag Processors by [matching element and attribute name] [precedence]:
[THYMELEAF]             * [* {th:insert}] [100]: karate.org.thymeleaf.standard.processor.StandardInsertTagProcessor
[THYMELEAF]             * [* {th:replace}] [100]: karate.org.thymeleaf.standard.processor.StandardReplaceTagProcessor
[THYMELEAF]             * [* {th:each}] [200]: com.intuit.karate.template.KarateEachTagProcessor
[THYMELEAF]             * [* {th:switch}] [250]: karate.org.thymeleaf.standard.processor.StandardSwitchTagProcessor
[THYMELEAF]             * [* {th:case}] [275]: karate.org.thymeleaf.standard.processor.StandardCaseTagProcessor
[THYMELEAF]             * [* {th:if}] [300]: karate.org.thymeleaf.standard.processor.StandardIfTagProcessor
[THYMELEAF]             * [* {th:unless}] [400]: karate.org.thymeleaf.standard.processor.StandardUnlessTagProcessor
[THYMELEAF]             * [* {th:object}] [500]: karate.org.thymeleaf.standard.processor.StandardObjectTagProcessor
[THYMELEAF]             * [* {th:with}] [600]: com.intuit.karate.template.KarateWithTagProcessor
[THYMELEAF]             * [* {th:inline}] [1000]: karate.org.thymeleaf.standard.processor.StandardInlineTextualTagProcessor
[THYMELEAF]             * [* {th:text}] [1300]: karate.org.thymeleaf.standard.processor.StandardTextTagProcessor
[THYMELEAF]             * [* {th:utext}] [1400]: karate.org.thymeleaf.standard.processor.StandardUtextTagProcessor
[THYMELEAF]             * [* {th:assert}] [1550]: karate.org.thymeleaf.standard.processor.StandardAssertTagProcessor
[THYMELEAF]             * [* {th:remove}] [1600]: karate.org.thymeleaf.standard.processor.StandardRemoveTagProcessor
[THYMELEAF]             * [{th:block} *] [100000]: karate.org.thymeleaf.standard.processor.StandardBlockTagProcessor
[THYMELEAF]             * [* 100000] [karate.org.thymeleaf.standard.processor.StandardBlockTagProcessor]: {}
[THYMELEAF]         * Text Processors by [precedence]:
[THYMELEAF]             * [1000]: karate.org.thymeleaf.standard.processor.StandardInliningTextProcessor
[THYMELEAF]     * Expression Objects:
[THYMELEAF]         * #ctx
[THYMELEAF]         * #root
[THYMELEAF]         * #vars
[THYMELEAF]         * #object
[THYMELEAF]         * #locale
[THYMELEAF]         * #request
[THYMELEAF]         * #response
[THYMELEAF]         * #session
[THYMELEAF]         * #servletContext
[THYMELEAF]         * #conversions
[THYMELEAF]         * #uris
[THYMELEAF]         * #calendars
[THYMELEAF]         * #dates
[THYMELEAF]         * #bools
[THYMELEAF]         * #numbers
[THYMELEAF]         * #objects
[THYMELEAF]         * #strings
[THYMELEAF]         * #arrays
[THYMELEAF]         * #lists
[THYMELEAF]         * #sets
[THYMELEAF]         * #maps
[THYMELEAF]         * #aggregates
[THYMELEAF]         * #messages
[THYMELEAF]         * #ids
[THYMELEAF]         * #execInfo
[THYMELEAF]         * #httpServletRequest
[THYMELEAF]         * #httpSession
[THYMELEAF]     * Execution Attributes:
[THYMELEAF]         * "StandardExpressionParser": com.intuit.karate.template.KarateStandardDialect@52ff99cd
[THYMELEAF]         * "StandardJavaScriptSerializer": karate.org.thymeleaf.standard.serializer.StandardJavaScriptSerializer@22f4f8f2
[THYMELEAF]         * "StandardCSSSerializer": karate.org.thymeleaf.standard.serializer.StandardCSSSerializer@bbd4791
[THYMELEAF]         * "StandardVariableExpressionEvaluator": com.intuit.karate.template.KarateStandardDialect@52ff99cd
[THYMELEAF]         * "StandardConversionService": karate.org.thymeleaf.standard.expression.StandardConversionService@40a72ecd
[THYMELEAF] * Dialect [2 of 2]: karate (com.intuit.karate.template.KarateScriptDialect)
[THYMELEAF]     * Prefix: "ka"
[THYMELEAF]     * Processors for Template Mode: HTML
[THYMELEAF]         * Element Tag Processors by [matching element and attribute name] [precedence]:
[THYMELEAF]             * [* {src}] [1000]: com.intuit.karate.template.KaScriptAttrProcessor
[THYMELEAF]         * Element Model Processors by [matching element and attribute name] [precedence]:
[THYMELEAF]             * [{script} {ka:scope,data-ka-scope}] [1000]: com.intuit.karate.template.KaScriptElemProcessor
[THYMELEAF]             * [* {ka:set,data-ka-set}] [1000]: com.intuit.karate.template.KaSetElemProcessor
[THYMELEAF] TEMPLATE ENGINE CONFIGURED OK
20:02:05.097 [main] DEBUG karate.org.thymeleaf.TemplateEngine - [THYMELEAF] TEMPLATE ENGINE INITIALIZED
---------------------------------------------------------
feature: classpath:com/big/features/APIfeatures/BAT-API/Submission.feature
scenarios:  4 | passed:  0 | failed:  4 | time: 0.0000
---------------------------------------------------------

20:02:06.092 [main] INFO com.intuit.karate.Suite - <<fail>> feature 1 of 12 (0 remaining) classpath:com/big/features/APIfeatures/BAT-API/Submission.feature
20:02:06.105 [main] ERROR com.intuit.karate - classpath:com/big/features/APIfeatures/CC-API/Read_Accounts.feature:3
* def Baseurl ='http://credit-card-xapi.ca-c1.cloudhub.io/api/v1'
no step-definition method match found for: def Baseurl ='http://credit-card-xapi.ca-c1.cloudhub.io/api/v1'
classpath:com/big/features/APIfeatures/CC-API/Read_Accounts.feature:3
20:02:06.115 [main] ERROR com.intuit.karate - classpath:com/big/features/APIfeatures/CC-API/Read_Accounts.feature:3
* def Baseurl ='http://credit-card-xapi.ca-c1.cloudhub.io/api/v1'
no step-definition method match found for: def Baseurl ='http://credit-card-xapi.ca-c1.cloudhub.io/api/v1'
classpath:com/big/features/APIfeatures/CC-API/Read_Accounts.feature:3
20:02:06.139 [main] ERROR com.intuit.karate - classpath:com/big/features/APIfeatures/CC-API/Read_Accounts.feature:3
* def Baseurl ='http://credit-card-xapi.ca-c1.cloudhub.io/api/v1'
no step-definition method match found for: def Baseurl ='http://credit-card-xapi.ca-c1.cloudhub.io/api/v1'
classpath:com/big/features/APIfeatures/CC-API/Read_Accounts.feature:3
20:02:06.158 [main] ERROR com.intuit.karate - classpath:com/big/features/APIfeatures/CC-API/Read_Accounts.feature:3
* def Baseurl ='http://credit-card-xapi.ca-c1.cloudhub.io/api/v1'
no step-definition method match found for: def Baseurl ='http://credit-card-xapi.ca-c1.cloudhub.io/api/v1'
classpath:com/big/features/APIfeatures/CC-API/Read_Accounts.feature:3
20:02:06.173 [main] ERROR com.intuit.karate - classpath:com/big/features/APIfeatures/CC-API/Read_Accounts.feature:3
* def Baseurl ='http://credit-card-xapi.ca-c1.cloudhub.io/api/v1'
no step-definition method match found for: def Baseurl ='http://credit-card-xapi.ca-c1.cloudhub.io/api/v1'
classpath:com/big/features/APIfeatures/CC-API/Read_Accounts.feature:3
20:02:06.185 [main] DEBUG karate.org.thymeleaf.TemplateEngine - [THYMELEAF] INITIALIZING TEMPLATE ENGINE
20:02:06.213 [main] DEBUG karate.org.thymeleaf.TemplateEngine.CONFIG - Initializing Thymeleaf Template engine configuration...
[THYMELEAF] TEMPLATE ENGINE CONFIGURATION:
[THYMELEAF] * Thymeleaf version: 3.0.14.RELEASE (built 2021-12-08T00:45:29+0000)
[THYMELEAF] * Cache Manager implementation: karate.org.thymeleaf.cache.StandardCacheManager
[THYMELEAF] * Template resolvers:
[THYMELEAF]     * [1] com.intuit.karate.template.ResourceHtmlTemplateResolver
[THYMELEAF] * Message resolvers:
[THYMELEAF]     * karate.org.thymeleaf.messageresolver.StandardMessageResolver
[THYMELEAF] * Link builders:
[THYMELEAF]     * karate.org.thymeleaf.linkbuilder.StandardLinkBuilder
[THYMELEAF] * Dialect [1 of 2]: Standard (com.intuit.karate.template.KarateStandardDialect)
[THYMELEAF]     * Prefix: "th"
[THYMELEAF]     * Processors for Template Mode: HTML
[THYMELEAF]         * Element Tag Processors by [matching element and attribute name] [precedence]:
[THYMELEAF]             * [* {th:include,data-th-include}] [100]: karate.org.thymeleaf.standard.processor.StandardIncludeTagProcessor
[THYMELEAF]             * [* {th:insert,data-th-insert}] [100]: karate.org.thymeleaf.standard.processor.StandardInsertTagProcessor
[THYMELEAF]             * [* {th:replace,data-th-replace}] [100]: karate.org.thymeleaf.standard.processor.StandardReplaceTagProcessor
[THYMELEAF]             * [* {th:substituteby,data-th-substituteby}] [100]: karate.org.thymeleaf.standard.processor.StandardSubstituteByTagProcessor
[THYMELEAF]             * [* {th:each,data-th-each}] [200]: com.intuit.karate.template.KarateEachTagProcessor
[THYMELEAF]             * [* {th:switch,data-th-switch}] [250]: karate.org.thymeleaf.standard.processor.StandardSwitchTagProcessor
[THYMELEAF]             * [* {th:case,data-th-case}] [275]: karate.org.thymeleaf.standard.processor.StandardCaseTagProcessor
[THYMELEAF]             * [* {th:if,data-th-if}] [300]: karate.org.thymeleaf.standard.processor.StandardIfTagProcessor
[THYMELEAF]             * [* {th:unless,data-th-unless}] [400]: karate.org.thymeleaf.standard.processor.StandardUnlessTagProcessor
[THYMELEAF]             * [* {th:object,data-th-object}] [500]: karate.org.thymeleaf.standard.processor.StandardObjectTagProcessor
[THYMELEAF]             * [* {th:with,data-th-with}] [600]: com.intuit.karate.template.KarateWithTagProcessor
[THYMELEAF]             * [* {th:attr,data-th-attr}] [700]: com.intuit.karate.template.KarateAttributeTagProcessor.KarateAttrTagProcessor
[THYMELEAF]             * [* {th:attrappend,data-th-attrappend}] [900]: com.intuit.karate.template.KarateAttributeTagProcessor.KarateAttrappendTagProcessor
[THYMELEAF]             * [* {th:attrprepend,data-th-attrprepend}] [900]: com.intuit.karate.template.KarateAttributeTagProcessor.KarateAttrprependTagProcessor
[THYMELEAF]             * [* {th:alt-title,data-th-alt-title}] [990]: karate.org.thymeleaf.standard.processor.StandardAltTitleTagProcessor
[THYMELEAF]             * [* {th:lang-xmllang,data-th-lang-xmllang}] [990]: karate.org.thymeleaf.standard.processor.StandardLangXmlLangTagProcessor
[THYMELEAF]             * [* {th:action,data-th-action}] [1000]: karate.org.thymeleaf.standard.processor.StandardActionTagProcessor
[THYMELEAF]             * [* {th:async,data-th-async}] [1000]: karate.org.thymeleaf.standard.processor.StandardConditionalFixedValueTagProcessor
[THYMELEAF]             * [* {th:scoped,data-th-scoped}] [1000]: karate.org.thymeleaf.standard.processor.StandardConditionalFixedValueTagProcessor
[THYMELEAF]             * [* {th:hidden,data-th-hidden}] [1000]: karate.org.thymeleaf.standard.processor.StandardConditionalFixedValueTagProcessor
[THYMELEAF]             * [* {th:ismap,data-th-ismap}] [1000]: karate.org.thymeleaf.standard.processor.StandardConditionalFixedValueTagProcessor
[THYMELEAF]             * [* {th:disabled,data-th-disabled}] [1000]: karate.org.thymeleaf.standard.processor.StandardConditionalFixedValueTagProcessor
[THYMELEAF]             * [* {th:default,data-th-default}] [1000]: karate.org.thymeleaf.standard.processor.StandardConditionalFixedValueTagProcessor
[THYMELEAF]             * [* {th:controls,data-th-controls}] [1000]: karate.org.thymeleaf.standard.processor.StandardConditionalFixedValueTagProcessor
[THYMELEAF]             * [* {th:pubdate,data-th-pubdate}] [1000]: karate.org.thymeleaf.standard.processor.StandardConditionalFixedValueTagProcessor
[THYMELEAF]             * [* {th:autofocus,data-th-autofocus}] [1000]: karate.org.thymeleaf.standard.processor.StandardConditionalFixedValueTagProcessor
[THYMELEAF]             * [* {th:multiple,data-th-multiple}] [1000]: karate.org.thymeleaf.standard.processor.StandardConditionalFixedValueTagProcessor
[THYMELEAF]             * [* {th:seamless,data-th-seamless}] [1000]: karate.org.thymeleaf.standard.processor.StandardConditionalFixedValueTagProcessor
[THYMELEAF]             * [* {th:autoplay,data-th-autoplay}] [1000]: karate.org.thymeleaf.standard.processor.StandardConditionalFixedValueTagProcessor
[THYMELEAF]             * [* {th:reversed,data-th-reversed}] [1000]: karate.org.thymeleaf.standard.processor.StandardConditionalFixedValueTagProcessor
[THYMELEAF]             * [* {th:defer,data-th-defer}] [1000]: karate.org.thymeleaf.standard.processor.StandardConditionalFixedValueTagProcessor
[THYMELEAF]             * [* {th:nowrap,data-th-nowrap}] [1000]: karate.org.thymeleaf.standard.processor.StandardConditionalFixedValueTagProcessor
[THYMELEAF]             * [* {th:formnovalidate,data-th-formnovalidate}] [1000]: karate.org.thymeleaf.standard.processor.StandardConditionalFixedValueTagProcessor
[THYMELEAF]             * [* {th:required,data-th-required}] [1000]: karate.org.thymeleaf.standard.processor.StandardConditionalFixedValueTagProcessor
[THYMELEAF]             * [* {th:novalidate,data-th-novalidate}] [1000]: karate.org.thymeleaf.standard.processor.StandardConditionalFixedValueTagProcessor
[THYMELEAF]             * [* {th:loop,data-th-loop}] [1000]: karate.org.thymeleaf.standard.processor.StandardConditionalFixedValueTagProcessor
[THYMELEAF]             * [* {th:checked,data-th-checked}] [1000]: karate.org.thymeleaf.standard.processor.StandardConditionalFixedValueTagProcessor
[THYMELEAF]             * [* {th:readonly,data-th-readonly}] [1000]: karate.org.thymeleaf.standard.processor.StandardConditionalFixedValueTagProcessor
[THYMELEAF]             * [* {th:open,data-th-open}] [1000]: karate.org.thymeleaf.standard.processor.StandardConditionalFixedValueTagProcessor
[THYMELEAF]             * [* {th:declare,data-th-declare}] [1000]: karate.org.thymeleaf.standard.processor.StandardConditionalFixedValueTagProcessor
[THYMELEAF]             * [* {th:selected,data-th-selected}] [1000]: karate.org.thymeleaf.standard.processor.StandardConditionalFixedValueTagProcessor
[THYMELEAF]             * [* {th:onbeforeunload,data-th-onbeforeunload}] [1000]: karate.org.thymeleaf.standard.processor.StandardDOMEventAttributeTagProcessor
[THYMELEAF]             * [* {th:onplay,data-th-onplay}] [1000]: karate.org.thymeleaf.standard.processor.StandardDOMEventAttributeTagProcessor
[THYMELEAF]             * [* {th:onforminput,data-th-onforminput}] [1000]: karate.org.thymeleaf.standard.processor.StandardDOMEventAttributeTagProcessor
[THYMELEAF]             * [* {th:ondurationchange,data-th-ondurationchange}] [1000]: karate.org.thymeleaf.standard.processor.StandardDOMEventAttributeTagProcessor
[THYMELEAF]             * [* {th:onmousewheel,data-th-onmousewheel}] [1000]: karate.org.thymeleaf.standard.processor.StandardDOMEventAttributeTagProcessor
[THYMELEAF]             * [* {th:onscroll,data-th-onscroll}] [1000]: karate.org.thymeleaf.standard.processor.StandardDOMEventAttributeTagProcessor
[THYMELEAF]             * [* {th:onstalled,data-th-onstalled}] [1000]: karate.org.thymeleaf.standard.processor.StandardDOMEventAttributeTagProcessor
[THYMELEAF]             * [* {th:onkeydown,data-th-onkeydown}] [1000]: karate.org.thymeleaf.standard.processor.StandardDOMEventAttributeTagProcessor
[THYMELEAF]             * [* {th:onseeking,data-th-onseeking}] [1000]: karate.org.thymeleaf.standard.processor.StandardDOMEventAttributeTagProcessor
[THYMELEAF]             * [* {th:oncanplay,data-th-oncanplay}] [1000]: karate.org.thymeleaf.standard.processor.StandardDOMEventAttributeTagProcessor
[THYMELEAF]             * [* {th:onloadedmetadata,data-th-onloadedmetadata}] [1000]: karate.org.thymeleaf.standard.processor.StandardDOMEventAttributeTagProcessor
[THYMELEAF]             * [* {th:onloadeddata,data-th-onloadeddata}] [1000]: karate.org.thymeleaf.standard.processor.StandardDOMEventAttributeTagProcessor
[THYMELEAF]             * [* {th:onshow,data-th-onshow}] [1000]: karate.org.thymeleaf.standard.processor.StandardDOMEventAttributeTagProcessor
[THYMELEAF]             * [* {th:ondragend,data-th-ondragend}] [1000]: karate.org.thymeleaf.standard.processor.StandardDOMEventAttributeTagProcessor
[THYMELEAF]             * [* {th:ononline,data-th-ononline}] [1000]: karate.org.thymeleaf.standard.processor.StandardDOMEventAttributeTagProcessor
[THYMELEAF]             * [* {th:ondragstart,data-th-ondragstart}] [1000]: karate.org.thymeleaf.standard.processor.StandardDOMEventAttributeTagProcessor
[THYMELEAF]             * [* {th:onmousedown,data-th-onmousedown}] [1000]: karate.org.thymeleaf.standard.processor.StandardDOMEventAttributeTagProcessor
[THYMELEAF]             * [* {th:oninput,data-th-oninput}] [1000]: karate.org.thymeleaf.standard.processor.StandardDOMEventAttributeTagProcessor
[THYMELEAF]             * [* {th:ondragleave,data-th-ondragleave}] [1000]: karate.org.thymeleaf.standard.processor.StandardDOMEventAttributeTagProcessor
[THYMELEAF]             * [* {th:onselect,data-th-onselect}] [1000]: karate.org.thymeleaf.standard.processor.StandardDOMEventAttributeTagProcessor
[THYMELEAF]             * [* {th:onreset,data-th-onreset}] [1000]: karate.org.thymeleaf.standard.processor.StandardDOMEventAttributeTagProcessor
[THYMELEAF]             * [* {th:oninvalid,data-th-oninvalid}] [1000]: karate.org.thymeleaf.standard.processor.StandardDOMEventAttributeTagProcessor
[THYMELEAF]             * [* {th:onemptied,data-th-onemptied}] [1000]: karate.org.thymeleaf.standard.processor.StandardDOMEventAttributeTagProcessor
[THYMELEAF]             * [* {th:onoffline,data-th-onoffline}] [1000]: karate.org.thymeleaf.standard.processor.StandardDOMEventAttributeTagProcessor
[THYMELEAF]             * [* {th:onvolumechange,data-th-onvolumechange}] [1000]: karate.org.thymeleaf.standard.processor.StandardDOMEventAttributeTagProcessor
[THYMELEAF]             * [* {th:onpause,data-th-onpause}] [1000]: karate.org.thymeleaf.standard.processor.StandardDOMEventAttributeTagProcessor
[THYMELEAF]             * [* {th:onhashchange,data-th-onhashchange}] [1000]: karate.org.thymeleaf.standard.processor.StandardDOMEventAttributeTagProcessor
[THYMELEAF]             * [* {th:onafterprint,data-th-onafterprint}] [1000]: karate.org.thymeleaf.standard.processor.StandardDOMEventAttributeTagProcessor
[THYMELEAF]             * [* {th:onmouseout,data-th-onmouseout}] [1000]: karate.org.thymeleaf.standard.processor.StandardDOMEventAttributeTagProcessor
[THYMELEAF]             * [* {th:oncanplaythrough,data-th-oncanplaythrough}] [1000]: karate.org.thymeleaf.standard.processor.StandardDOMEventAttributeTagProcessor
[THYMELEAF]             * [* {th:onmousemove,data-th-onmousemove}] [1000]: karate.org.thymeleaf.standard.processor.StandardDOMEventAttributeTagProcessor
[THYMELEAF]             * [* {th:onpopstate,data-th-onpopstate}] [1000]: karate.org.thymeleaf.standard.processor.StandardDOMEventAttributeTagProcessor
[THYMELEAF]             * [* {th:ondrag,data-th-ondrag}] [1000]: karate.org.thymeleaf.standard.processor.StandardDOMEventAttributeTagProcessor
[THYMELEAF]             * [* {th:onstorage,data-th-onstorage}] [1000]: karate.org.thymeleaf.standard.processor.StandardDOMEventAttributeTagProcessor
[THYMELEAF]             * [* {th:onmouseup,data-th-onmouseup}] [1000]: karate.org.thymeleaf.standard.processor.StandardDOMEventAttributeTagProcessor
[THYMELEAF]             * [* {th:onunload,data-th-onunload}] [1000]: karate.org.thymeleaf.standard.processor.StandardDOMEventAttributeTagProcessor
[THYMELEAF]             * [* {th:onwaiting,data-th-onwaiting}] [1000]: karate.org.thymeleaf.standard.processor.StandardDOMEventAttributeTagProcessor
[THYMELEAF]             * [* {th:onundo,data-th-onundo}] [1000]: karate.org.thymeleaf.standard.processor.StandardDOMEventAttributeTagProcessor
[THYMELEAF]             * [* {th:onloadstart,data-th-onloadstart}] [1000]: karate.org.thymeleaf.standard.processor.StandardDOMEventAttributeTagProcessor
[THYMELEAF]             * [* {th:onsuspend,data-th-onsuspend}] [1000]: karate.org.thymeleaf.standard.processor.StandardDOMEventAttributeTagProcessor
[THYMELEAF]             * [* {th:onkeyup,data-th-onkeyup}] [1000]: karate.org.thymeleaf.standard.processor.StandardDOMEventAttributeTagProcessor
[THYMELEAF]             * [* {th:onblur,data-th-onblur}] [1000]: karate.org.thymeleaf.standard.processor.StandardDOMEventAttributeTagProcessor
[THYMELEAF]             * [* {th:onmouseover,data-th-onmouseover}] [1000]: karate.org.thymeleaf.standard.processor.StandardDOMEventAttributeTagProcessor
[THYMELEAF]             * [* {th:onredo,data-th-onredo}] [1000]: karate.org.thymeleaf.standard.processor.StandardDOMEventAttributeTagProcessor
[THYMELEAF]             * [* {th:onerror,data-th-onerror}] [1000]: karate.org.thymeleaf.standard.processor.StandardDOMEventAttributeTagProcessor
[THYMELEAF]             * [* {th:ondblclick,data-th-ondblclick}] [1000]: karate.org.thymeleaf.standard.processor.StandardDOMEventAttributeTagProcessor
[THYMELEAF]             * [* {th:ondragenter,data-th-ondragenter}] [1000]: karate.org.thymeleaf.standard.processor.StandardDOMEventAttributeTagProcessor
[THYMELEAF]             * [* {th:ontimeupdate,data-th-ontimeupdate}] [1000]: karate.org.thymeleaf.standard.processor.StandardDOMEventAttributeTagProcessor
[THYMELEAF]             * [* {th:onmessage,data-th-onmessage}] [1000]: karate.org.thymeleaf.standard.processor.StandardDOMEventAttributeTagProcessor
[THYMELEAF]             * [* {th:onformchange,data-th-onformchange}] [1000]: karate.org.thymeleaf.standard.processor.StandardDOMEventAttributeTagProcessor
[THYMELEAF]             * [* {th:onreadystatechange,data-th-onreadystatechange}] [1000]: karate.org.thymeleaf.standard.processor.StandardDOMEventAttributeTagProcessor
[THYMELEAF]             * [* {th:onbeforeprint,data-th-onbeforeprint}] [1000]: karate.org.thymeleaf.standard.processor.StandardDOMEventAttributeTagProcessor
[THYMELEAF]             * [* {th:onload,data-th-onload}] [1000]: karate.org.thymeleaf.standard.processor.StandardDOMEventAttributeTagProcessor
[THYMELEAF]             * [* {th:onchange,data-th-onchange}] [1000]: karate.org.thymeleaf.standard.processor.StandardDOMEventAttributeTagProcessor
[THYMELEAF]             * [* {th:onplaying,data-th-onplaying}] [1000]: karate.org.thymeleaf.standard.processor.StandardDOMEventAttributeTagProcessor
[THYMELEAF]             * [* {th:oncontextmenu,data-th-oncontextmenu}] [1000]: karate.org.thymeleaf.standard.processor.StandardDOMEventAttributeTagProcessor
[THYMELEAF]             * [* {th:onprogress,data-th-onprogress}] [1000]: karate.org.thymeleaf.standard.processor.StandardDOMEventAttributeTagProcessor
[THYMELEAF]             * [* {th:onabort,data-th-onabort}] [1000]: karate.org.thymeleaf.standard.processor.StandardDOMEventAttributeTagProcessor
[THYMELEAF]             * [* {th:ondragover,data-th-ondragover}] [1000]: karate.org.thymeleaf.standard.processor.StandardDOMEventAttributeTagProcessor
[THYMELEAF]             * [* {th:onkeypress,data-th-onkeypress}] [1000]: karate.org.thymeleaf.standard.processor.StandardDOMEventAttributeTagProcessor
[THYMELEAF]             * [* {th:onsubmit,data-th-onsubmit}] [1000]: karate.org.thymeleaf.standard.processor.StandardDOMEventAttributeTagProcessor
[THYMELEAF]             * [* {th:ondrop,data-th-ondrop}] [1000]: karate.org.thymeleaf.standard.processor.StandardDOMEventAttributeTagProcessor
[THYMELEAF]             * [* {th:onresize,data-th-onresize}] [1000]: karate.org.thymeleaf.standard.processor.StandardDOMEventAttributeTagProcessor
[THYMELEAF]             * [* {th:onclick,data-th-onclick}] [1000]: karate.org.thymeleaf.standard.processor.StandardDOMEventAttributeTagProcessor
[THYMELEAF]             * [* {th:onended,data-th-onended}] [1000]: karate.org.thymeleaf.standard.processor.StandardDOMEventAttributeTagProcessor
[THYMELEAF]             * [* {th:onseeked,data-th-onseeked}] [1000]: karate.org.thymeleaf.standard.processor.StandardDOMEventAttributeTagProcessor
[THYMELEAF]             * [* {th:onfocus,data-th-onfocus}] [1000]: karate.org.thymeleaf.standard.processor.StandardDOMEventAttributeTagProcessor
[THYMELEAF]             * [* {th:onratechange,data-th-onratechange}] [1000]: karate.org.thymeleaf.standard.processor.StandardDOMEventAttributeTagProcessor
[THYMELEAF]             * [* {th:href,data-th-href}] [1000]: karate.org.thymeleaf.standard.processor.StandardHrefTagProcessor
[THYMELEAF]             * [* {th:inline,data-th-inline}] [1000]: karate.org.thymeleaf.standard.processor.StandardInlineHTMLTagProcessor
[THYMELEAF]             * [* {th:method,data-th-method}] [1000]: karate.org.thymeleaf.standard.processor.StandardMethodTagProcessor
[THYMELEAF]             * [* {th:type,data-th-type}] [1000]: karate.org.thymeleaf.standard.processor.StandardNonRemovableAttributeTagProcessor
[THYMELEAF]             * [* {th:name,data-th-name}] [1000]: karate.org.thymeleaf.standard.processor.StandardNonRemovableAttributeTagProcessor
[THYMELEAF]             * [* {th:standby,data-th-standby}] [1000]: karate.org.thymeleaf.standard.processor.StandardRemovableAttributeTagProcessor
[THYMELEAF]             * [* {th:scrolling,data-th-scrolling}] [1000]: karate.org.thymeleaf.standard.processor.StandardRemovableAttributeTagProcessor
[THYMELEAF]             * [* {th:summary,data-th-summary}] [1000]: karate.org.thymeleaf.standard.processor.StandardRemovableAttributeTagProcessor
[THYMELEAF]             * [* {th:cellspacing,data-th-cellspacing}] [1000]: karate.org.thymeleaf.standard.processor.StandardRemovableAttributeTagProcessor
[THYMELEAF]             * [* {th:accept,data-th-accept}] [1000]: karate.org.thymeleaf.standard.processor.StandardRemovableAttributeTagProcessor
[THYMELEAF]             * [* {th:icon,data-th-icon}] [1000]: karate.org.thymeleaf.standard.processor.StandardRemovableAttributeTagProcessor
[THYMELEAF]             * [* {th:align,data-th-align}] [1000]: karate.org.thymeleaf.standard.processor.StandardRemovableAttributeTagProcessor
[THYMELEAF]             * [* {th:frameborder,data-th-frameborder}] [1000]: karate.org.thymeleaf.standard.processor.StandardRemovableAttributeTagProcessor
[THYMELEAF]             * [* {th:bgcolor,data-th-bgcolor}] [1000]: karate.org.thymeleaf.standard.processor.StandardRemovableAttributeTagProcessor
[THYMELEAF]             * [* {th:contenteditable,data-th-contenteditable}] [1000]: karate.org.thymeleaf.standard.processor.StandardRemovableAttributeTagProcessor
[THYMELEAF]             * [* {th:sandbox,data-th-sandbox}] [1000]: karate.org.thymeleaf.standard.processor.StandardRemovableAttributeTagProcessor
[THYMELEAF]             * [* {th:accept-charset,data-th-accept-charset}] [1000]: karate.org.thymeleaf.standard.processor.StandardRemovableAttributeTagProcessor
[THYMELEAF]             * [* {th:frame,data-th-frame}] [1000]: karate.org.thymeleaf.standard.processor.StandardRemovableAttributeTagProcessor
[THYMELEAF]             * [* {th:abbr,data-th-abbr}] [1000]: karate.org.thymeleaf.standard.processor.StandardRemovableAttributeTagProcessor
[THYMELEAF]             * [* {th:srclang,data-th-srclang}] [1000]: karate.org.thymeleaf.standard.processor.StandardRemovableAttributeTagProcessor
[THYMELEAF]             * [* {th:challenge,data-th-challenge}] [1000]: karate.org.thymeleaf.standard.processor.StandardRemovableAttributeTagProcessor
[THYMELEAF]             * [* {th:manifest,data-th-manifest}] [1000]: karate.org.thymeleaf.standard.processor.StandardRemovableAttributeTagProcessor
[THYMELEAF]             * [* {th:scheme,data-th-scheme}] [1000]: karate.org.thymeleaf.standard.processor.StandardRemovableAttributeTagProcessor
[THYMELEAF]             * [* {th:spellcheck,data-th-spellcheck}] [1000]: karate.org.thymeleaf.standard.processor.StandardRemovableAttributeTagProcessor
[THYMELEAF]             * [* {th:keytype,data-th-keytype}] [1000]: karate.org.thymeleaf.standard.processor.StandardRemovableAttributeTagProcessor
[THYMELEAF]             * [* {th:id,data-th-id}] [1000]: karate.org.thymeleaf.standard.processor.StandardRemovableAttributeTagProcessor
[THYMELEAF]             * [* {th:headers,data-th-headers}] [1000]: karate.org.thymeleaf.standard.processor.StandardRemovableAttributeTagProcessor
[THYMELEAF]             * [* {th:sizes,data-th-sizes}] [1000]: karate.org.thymeleaf.standard.processor.StandardRemovableAttributeTagProcessor
[THYMELEAF]             * [* {th:formaction,data-th-formaction}] [1000]: karate.org.thymeleaf.standard.processor.StandardRemovableAttributeTagProcessor
[THYMELEAF]             * [* {th:marginheight,data-th-marginheight}] [1000]: karate.org.thymeleaf.standard.processor.StandardRemovableAttributeTagProcessor
[THYMELEAF]             * [* {th:lang,data-th-lang}] [1000]: karate.org.thymeleaf.standard.processor.StandardRemovableAttributeTagProcessor
[THYMELEAF]             * [* {th:media,data-th-media}] [1000]: karate.org.thymeleaf.standard.processor.StandardRemovableAttributeTagProcessor
[THYMELEAF]             * [* {th:size,data-th-size}] [1000]: karate.org.thymeleaf.standard.processor.StandardRemovableAttributeTagProcessor
[THYMELEAF]             * [* {th:class,data-th-class}] [1000]: karate.org.thymeleaf.standard.processor.StandardRemovableAttributeTagProcessor
[THYMELEAF]             * [* {th:codetype,data-th-codetype}] [1000]: karate.org.thymeleaf.standard.processor.StandardRemovableAttributeTagProcessor
[THYMELEAF]             * [* {th:tabindex,data-th-tabindex}] [1000]: karate.org.thymeleaf.standard.processor.StandardRemovableAttributeTagProcessor
[THYMELEAF]             * [* {th:datetime,data-th-datetime}] [1000]: karate.org.thymeleaf.standard.processor.StandardRemovableAttributeTagProcessor
[THYMELEAF]             * [* {th:max,data-th-max}] [1000]: karate.org.thymeleaf.standard.processor.StandardRemovableAttributeTagProcessor
[THYMELEAF]             * [* {th:poster,data-th-poster}] [1000]: karate.org.thymeleaf.standard.processor.StandardRemovableAttributeTagProcessor
[THYMELEAF]             * [* {th:cols,data-th-cols}] [1000]: karate.org.thymeleaf.standard.processor.StandardRemovableAttributeTagProcessor
[THYMELEAF]             * [* {th:border,data-th-border}] [1000]: karate.org.thymeleaf.standard.processor.StandardRemovableAttributeTagProcessor
[THYMELEAF]             * [* {th:charset,data-th-charset}] [1000]: karate.org.thymeleaf.standard.processor.StandardRemovableAttributeTagProcessor
[THYMELEAF]             * [* {th:rel,data-th-rel}] [1000]: karate.org.thymeleaf.standard.processor.StandardRemovableAttributeTagProcessor
[THYMELEAF]             * [* {th:longdesc,data-th-longdesc}] [1000]: karate.org.thymeleaf.standard.processor.StandardRemovableAttributeTagProcessor
[THYMELEAF]             * [* {th:formmethod,data-th-formmethod}] [1000]: karate.org.thymeleaf.standard.processor.StandardRemovableAttributeTagProcessor
[THYMELEAF]             * [* {th:high,data-th-high}] [1000]: karate.org.thymeleaf.standard.processor.StandardRemovableAttributeTagProcessor
[THYMELEAF]             * [* {th:data,data-th-data}] [1000]: karate.org.thymeleaf.standard.processor.StandardRemovableAttributeTagProcessor
[THYMELEAF]             * [* {th:enctype,data-th-enctype}] [1000]: karate.org.thymeleaf.standard.processor.StandardRemovableAttributeTagProcessor
[THYMELEAF]             * [* {th:height,data-th-height}] [1000]: karate.org.thymeleaf.standard.processor.StandardRemovableAttributeTagProcessor
[THYMELEAF]             * [* {th:archive,data-th-archive}] [1000]: karate.org.thymeleaf.standard.processor.StandardRemovableAttributeTagProcessor
[THYMELEAF]             * [* {th:axis,data-th-axis}] [1000]: karate.org.thymeleaf.standard.processor.StandardRemovableAttributeTagProcessor
[THYMELEAF]             * [* {th:wrap,data-th-wrap}] [1000]: karate.org.thymeleaf.standard.processor.StandardRemovableAttributeTagProcessor
[THYMELEAF]             * [* {th:rev,data-th-rev}] [1000]: karate.org.thymeleaf.standard.processor.StandardRemovableAttributeTagProcessor
[THYMELEAF]             * [* {th:codebase,data-th-codebase}] [1000]: karate.org.thymeleaf.standard.processor.StandardRemovableAttributeTagProcessor
[THYMELEAF]             * [* {th:cite,data-th-cite}] [1000]: karate.org.thymeleaf.standard.processor.StandardRemovableAttributeTagProcessor
[THYMELEAF]             * [* {th:formenctype,data-th-formenctype}] [1000]: karate.org.thymeleaf.standard.processor.StandardRemovableAttributeTagProcessor
[THYMELEAF]             * [* {th:rows,data-th-rows}] [1000]: karate.org.thymeleaf.standard.processor.StandardRemovableAttributeTagProcessor
[THYMELEAF]             * [* {th:classid,data-th-classid}] [1000]: karate.org.thymeleaf.standard.processor.StandardRemovableAttributeTagProcessor
[THYMELEAF]             * [* {th:width,data-th-width}] [1000]: karate.org.thymeleaf.standard.processor.StandardRemovableAttributeTagProcessor
[THYMELEAF]             * [* {th:background,data-th-background}] [1000]: karate.org.thymeleaf.standard.processor.StandardRemovableAttributeTagProcessor
[THYMELEAF]             * [* {th:http-equiv,data-th-http-equiv}] [1000]: karate.org.thymeleaf.standard.processor.StandardRemovableAttributeTagProcessor
[THYMELEAF]             * [* {th:draggable,data-th-draggable}] [1000]: karate.org.thymeleaf.standard.processor.StandardRemovableAttributeTagProcessor
[THYMELEAF]             * [* {th:dir,data-th-dir}] [1000]: karate.org.thymeleaf.standard.processor.StandardRemovableAttributeTagProcessor
[THYMELEAF]             * [* {th:hreflang,data-th-hreflang}] [1000]: karate.org.thymeleaf.standard.processor.StandardRemovableAttributeTagProcessor
[THYMELEAF]             * [* {th:dropzone,data-th-dropzone}] [1000]: karate.org.thymeleaf.standard.processor.StandardRemovableAttributeTagProcessor
[THYMELEAF]             * [* {th:usemap,data-th-usemap}] [1000]: karate.org.thymeleaf.standard.processor.StandardRemovableAttributeTagProcessor
[THYMELEAF]             * [* {th:kind,data-th-kind}] [1000]: karate.org.thymeleaf.standard.processor.StandardRemovableAttributeTagProcessor
[THYMELEAF]             * [* {th:vspace,data-th-vspace}] [1000]: karate.org.thymeleaf.standard.processor.StandardRemovableAttributeTagProcessor
[THYMELEAF]             * [* {th:low,data-th-low}] [1000]: karate.org.thymeleaf.standard.processor.StandardRemovableAttributeTagProcessor
[THYMELEAF]             * [* {th:valuetype,data-th-valuetype}] [1000]: karate.org.thymeleaf.standard.processor.StandardRemovableAttributeTagProcessor
[THYMELEAF]             * [* {th:contextmenu,data-th-contextmenu}] [1000]: karate.org.thymeleaf.standard.processor.StandardRemovableAttributeTagProcessor
[THYMELEAF]             * [* {th:target,data-th-target}] [1000]: karate.org.thymeleaf.standard.processor.StandardRemovableAttributeTagProcessor
[THYMELEAF]             * [* {th:start,data-th-start}] [1000]: karate.org.thymeleaf.standard.processor.StandardRemovableAttributeTagProcessor
[THYMELEAF]             * [* {th:rowspan,data-th-rowspan}] [1000]: karate.org.thymeleaf.standard.processor.StandardRemovableAttributeTagProcessor
[THYMELEAF]             * [* {th:audio,data-th-audio}] [1000]: karate.org.thymeleaf.standard.processor.StandardRemovableAttributeTagProcessor
[THYMELEAF]             * [* {th:style,data-th-style}] [1000]: karate.org.thymeleaf.standard.processor.StandardRemovableAttributeTagProcessor
[THYMELEAF]             * [* {th:pattern,data-th-pattern}] [1000]: karate.org.thymeleaf.standard.processor.StandardRemovableAttributeTagProcessor
[THYMELEAF]             * [* {th:maxlength,data-th-maxlength}] [1000]: karate.org.thymeleaf.standard.processor.StandardRemovableAttributeTagProcessor
[THYMELEAF]             * [* {th:optimum,data-th-optimum}] [1000]: karate.org.thymeleaf.standard.processor.StandardRemovableAttributeTagProcessor
[THYMELEAF]             * [* {th:label,data-th-label}] [1000]: karate.org.thymeleaf.standard.processor.StandardRemovableAttributeTagProcessor
[THYMELEAF]             * [* {th:span,data-th-span}] [1000]: karate.org.thymeleaf.standard.processor.StandardRemovableAttributeTagProcessor
[THYMELEAF]             * [* {th:form,data-th-form}] [1000]: karate.org.thymeleaf.standard.processor.StandardRemovableAttributeTagProcessor
[THYMELEAF]             * [* {th:autocomplete,data-th-autocomplete}] [1000]: karate.org.thymeleaf.standard.processor.StandardRemovableAttributeTagProcessor
[THYMELEAF]             * [* {th:accesskey,data-th-accesskey}] [1000]: karate.org.thymeleaf.standard.processor.StandardRemovableAttributeTagProcessor
[THYMELEAF]             * [* {th:cellpadding,data-th-cellpadding}] [1000]: karate.org.thymeleaf.standard.processor.StandardRemovableAttributeTagProcessor
[THYMELEAF]             * [* {th:list,data-th-list}] [1000]: karate.org.thymeleaf.standard.processor.StandardRemovableAttributeTagProcessor
[THYMELEAF]             * [* {th:scope,data-th-scope}] [1000]: karate.org.thymeleaf.standard.processor.StandardRemovableAttributeTagProcessor
[THYMELEAF]             * [* {th:placeholder,data-th-placeholder}] [1000]: karate.org.thymeleaf.standard.processor.StandardRemovableAttributeTagProcessor
[THYMELEAF]             * [* {th:hspace,data-th-hspace}] [1000]: karate.org.thymeleaf.standard.processor.StandardRemovableAttributeTagProcessor
[THYMELEAF]             * [* {th:marginwidth,data-th-marginwidth}] [1000]: karate.org.thymeleaf.standard.processor.StandardRemovableAttributeTagProcessor
[THYMELEAF]             * [* {th:rules,data-th-rules}] [1000]: karate.org.thymeleaf.standard.processor.StandardRemovableAttributeTagProcessor
[THYMELEAF]             * [* {th:formtarget,data-th-formtarget}] [1000]: karate.org.thymeleaf.standard.processor.StandardRemovableAttributeTagProcessor
[THYMELEAF]             * [* {th:for,data-th-for}] [1000]: karate.org.thymeleaf.standard.processor.StandardRemovableAttributeTagProcessor
[THYMELEAF]             * [* {th:alt,data-th-alt}] [1000]: karate.org.thymeleaf.standard.processor.StandardRemovableAttributeTagProcessor
[THYMELEAF]             * [* {th:preload,data-th-preload}] [1000]: karate.org.thymeleaf.standard.processor.StandardRemovableAttributeTagProcessor
[THYMELEAF]             * [* {th:compact,data-th-compact}] [1000]: karate.org.thymeleaf.standard.processor.StandardRemovableAttributeTagProcessor
[THYMELEAF]             * [* {th:colspan,data-th-colspan}] [1000]: karate.org.thymeleaf.standard.processor.StandardRemovableAttributeTagProcessor
[THYMELEAF]             * [* {th:title,data-th-title}] [1000]: karate.org.thymeleaf.standard.processor.StandardRemovableAttributeTagProcessor
[THYMELEAF]             * [* {th:min,data-th-min}] [1000]: karate.org.thymeleaf.standard.processor.StandardRemovableAttributeTagProcessor
[THYMELEAF]             * [* {th:content,data-th-content}] [1000]: karate.org.thymeleaf.standard.processor.StandardRemovableAttributeTagProcessor
[THYMELEAF]             * [* {th:radiogroup,data-th-radiogroup}] [1000]: karate.org.thymeleaf.standard.processor.StandardRemovableAttributeTagProcessor
[THYMELEAF]             * [* {th:step,data-th-step}] [1000]: karate.org.thymeleaf.standard.processor.StandardRemovableAttributeTagProcessor
[THYMELEAF]             * [* {th:src,data-th-src}] [1000]: karate.org.thymeleaf.standard.processor.StandardSrcTagProcessor
[THYMELEAF]             * [* {th:value,data-th-value}] [1000]: karate.org.thymeleaf.standard.processor.StandardValueTagProcessor
[THYMELEAF]             * [* {th:xmlbase,data-th-xmlbase}] [1000]: karate.org.thymeleaf.standard.processor.StandardXmlBaseTagProcessor
[THYMELEAF]             * [* {th:xmllang,data-th-xmllang}] [1000]: karate.org.thymeleaf.standard.processor.StandardXmlLangTagProcessor
[THYMELEAF]             * [* {xmlns:th}] [1000]: karate.org.thymeleaf.standard.processor.StandardXmlNsTagProcessor
[THYMELEAF]             * [* {th:xmlspace,data-th-xmlspace}] [1000]: karate.org.thymeleaf.standard.processor.StandardXmlSpaceTagProcessor
[THYMELEAF]             * [* {th:classappend,data-th-classappend}] [1100]: karate.org.thymeleaf.standard.processor.StandardClassappendTagProcessor
[THYMELEAF]             * [* {th:styleappend,data-th-styleappend}] [1100]: karate.org.thymeleaf.standard.processor.StandardStyleappendTagProcessor
[THYMELEAF]             * [* {th:text,data-th-text}] [1300]: karate.org.thymeleaf.standard.processor.StandardTextTagProcessor
[THYMELEAF]             * [* {th:utext,data-th-utext}] [1400]: karate.org.thymeleaf.standard.processor.StandardUtextTagProcessor
[THYMELEAF]             * [* {th:fragment,data-th-fragment}] [1500]: karate.org.thymeleaf.standard.processor.StandardFragmentTagProcessor
[THYMELEAF]             * [* {th:assert,data-th-assert}] [1550]: karate.org.thymeleaf.standard.processor.StandardAssertTagProcessor
[THYMELEAF]             * [* {th:remove,data-th-remove}] [1600]: karate.org.thymeleaf.standard.processor.StandardRemoveTagProcessor
[THYMELEAF]             * [* {th:ref,data-th-ref}] [10000]: karate.org.thymeleaf.standard.processor.StandardRefAttributeTagProcessor
[THYMELEAF]             * [{th:block,th-block} *] [100000]: karate.org.thymeleaf.standard.processor.StandardBlockTagProcessor
[THYMELEAF]             * [* th:*] [2147483647]: karate.org.thymeleaf.standard.processor.StandardDefaultAttributesTagProcessor
[THYMELEAF]         * Text Processors by [precedence]:
[THYMELEAF]             * [1000]: karate.org.thymeleaf.standard.processor.StandardInliningTextProcessor
[THYMELEAF]         * DOCTYPE Processors by [precedence]:
[THYMELEAF]             * [1000]: karate.org.thymeleaf.standard.processor.StandardTranslationDocTypeProcessor
[THYMELEAF]         * CDATA Section Processors by [precedence]:
[THYMELEAF]             * [1000]: karate.org.thymeleaf.standard.processor.StandardInliningCDATASectionProcessor
[THYMELEAF]         * Comment Processors by [precedence]:
[THYMELEAF]             * [1000]: karate.org.thymeleaf.standard.processor.StandardInliningCommentProcessor
[THYMELEAF]             * [1100]: karate.org.thymeleaf.standard.processor.StandardConditionalCommentProcessor
[THYMELEAF]     * Processors for Template Mode: XML
[THYMELEAF]         * Element Tag Processors by [matching element and attribute name] [precedence]:
[THYMELEAF]             * [* {th:include}] [100]: karate.org.thymeleaf.standard.processor.StandardIncludeTagProcessor
[THYMELEAF]             * [* {th:insert}] [100]: karate.org.thymeleaf.standard.processor.StandardInsertTagProcessor
[THYMELEAF]             * [* {th:replace}] [100]: karate.org.thymeleaf.standard.processor.StandardReplaceTagProcessor
[THYMELEAF]             * [* {th:substituteby}] [100]: karate.org.thymeleaf.standard.processor.StandardSubstituteByTagProcessor
[THYMELEAF]             * [* {th:each}] [200]: com.intuit.karate.template.KarateEachTagProcessor
[THYMELEAF]             * [* {th:switch}] [250]: karate.org.thymeleaf.standard.processor.StandardSwitchTagProcessor
[THYMELEAF]             * [* {th:case}] [275]: karate.org.thymeleaf.standard.processor.StandardCaseTagProcessor
[THYMELEAF]             * [* {th:if}] [300]: karate.org.thymeleaf.standard.processor.StandardIfTagProcessor
[THYMELEAF]             * [* {th:unless}] [400]: karate.org.thymeleaf.standard.processor.StandardUnlessTagProcessor
[THYMELEAF]             * [* {th:object}] [500]: karate.org.thymeleaf.standard.processor.StandardObjectTagProcessor
[THYMELEAF]             * [* {th:with}] [600]: com.intuit.karate.template.KarateWithTagProcessor
[THYMELEAF]             * [* {th:attr}] [700]: com.intuit.karate.template.KarateAttributeTagProcessor.KarateAttrTagProcessor
[THYMELEAF]             * [* {th:attrappend}] [900]: com.intuit.karate.template.KarateAttributeTagProcessor.KarateAttrappendTagProcessor
[THYMELEAF]             * [* {th:attrprepend}] [900]: com.intuit.karate.template.KarateAttributeTagProcessor.KarateAttrprependTagProcessor
[THYMELEAF]             * [* {th:inline}] [1000]: karate.org.thymeleaf.standard.processor.StandardInlineXMLTagProcessor
[THYMELEAF]             * [* {xmlns:th}] [1000]: karate.org.thymeleaf.standard.processor.StandardXmlNsTagProcessor
[THYMELEAF]             * [* {th:text}] [1300]: karate.org.thymeleaf.standard.processor.StandardTextTagProcessor
[THYMELEAF]             * [* {th:utext}] [1400]: karate.org.thymeleaf.standard.processor.StandardUtextTagProcessor
[THYMELEAF]             * [* {th:fragment}] [1500]: karate.org.thymeleaf.standard.processor.StandardFragmentTagProcessor
[THYMELEAF]             * [* {th:assert}] [1550]: karate.org.thymeleaf.standard.processor.StandardAssertTagProcessor
[THYMELEAF]             * [* {th:remove}] [1600]: karate.org.thymeleaf.standard.processor.StandardRemoveTagProcessor
[THYMELEAF]             * [* {th:ref}] [10000]: karate.org.thymeleaf.standard.processor.StandardRefAttributeTagProcessor
[THYMELEAF]             * [{th:block} *] [100000]: karate.org.thymeleaf.standard.processor.StandardBlockTagProcessor
[THYMELEAF]             * [* th:*] [2147483647]: karate.org.thymeleaf.standard.processor.StandardDefaultAttributesTagProcessor
[THYMELEAF]         * Text Processors by [precedence]:
[THYMELEAF]             * [1000]: karate.org.thymeleaf.standard.processor.StandardInliningTextProcessor
[THYMELEAF]         * CDATA Section Processors by [precedence]:
[THYMELEAF]             * [1000]: karate.org.thymeleaf.standard.processor.StandardInliningCDATASectionProcessor
[THYMELEAF]         * Comment Processors by [precedence]:
[THYMELEAF]             * [1000]: karate.org.thymeleaf.standard.processor.StandardInliningCommentProcessor
[THYMELEAF]     * Processors for Template Mode: TEXT
[THYMELEAF]         * Element Tag Processors by [matching element and attribute name] [precedence]:
[THYMELEAF]             * [* {th:insert}] [100]: karate.org.thymeleaf.standard.processor.StandardInsertTagProcessor
[THYMELEAF]             * [* {th:replace}] [100]: karate.org.thymeleaf.standard.processor.StandardReplaceTagProcessor
[THYMELEAF]             * [* {th:each}] [200]: com.intuit.karate.template.KarateEachTagProcessor
[THYMELEAF]             * [* {th:switch}] [250]: karate.org.thymeleaf.standard.processor.StandardSwitchTagProcessor
[THYMELEAF]             * [* {th:case}] [275]: karate.org.thymeleaf.standard.processor.StandardCaseTagProcessor
[THYMELEAF]             * [* {th:if}] [300]: karate.org.thymeleaf.standard.processor.StandardIfTagProcessor
[THYMELEAF]             * [* {th:unless}] [400]: karate.org.thymeleaf.standard.processor.StandardUnlessTagProcessor
[THYMELEAF]             * [* {th:object}] [500]: karate.org.thymeleaf.standard.processor.StandardObjectTagProcessor
[THYMELEAF]             * [* {th:with}] [600]: com.intuit.karate.template.KarateWithTagProcessor
[THYMELEAF]             * [* {th:inline}] [1000]: karate.org.thymeleaf.standard.processor.StandardInlineTextualTagProcessor
[THYMELEAF]             * [* {th:text}] [1300]: karate.org.thymeleaf.standard.processor.StandardTextTagProcessor
[THYMELEAF]             * [* {th:utext}] [1400]: karate.org.thymeleaf.standard.processor.StandardUtextTagProcessor
[THYMELEAF]             * [* {th:assert}] [1550]: karate.org.thymeleaf.standard.processor.StandardAssertTagProcessor
[THYMELEAF]             * [* {th:remove}] [1600]: karate.org.thymeleaf.standard.processor.StandardRemoveTagProcessor
[THYMELEAF]             * [{th:block} *] [100000]: karate.org.thymeleaf.standard.processor.StandardBlockTagProcessor
[THYMELEAF]             * [* 100000] [karate.org.thymeleaf.standard.processor.StandardBlockTagProcessor]: {}
[THYMELEAF]         * Text Processors by [precedence]:
[THYMELEAF]             * [1000]: karate.org.thymeleaf.standard.processor.StandardInliningTextProcessor
[THYMELEAF]     * Processors for Template Mode: JAVASCRIPT
[THYMELEAF]         * Element Tag Processors by [matching element and attribute name] [precedence]:
[THYMELEAF]             * [* {th:insert}] [100]: karate.org.thymeleaf.standard.processor.StandardInsertTagProcessor
[THYMELEAF]             * [* {th:replace}] [100]: karate.org.thymeleaf.standard.processor.StandardReplaceTagProcessor
[THYMELEAF]             * [* {th:each}] [200]: com.intuit.karate.template.KarateEachTagProcessor
[THYMELEAF]             * [* {th:switch}] [250]: karate.org.thymeleaf.standard.processor.StandardSwitchTagProcessor
[THYMELEAF]             * [* {th:case}] [275]: karate.org.thymeleaf.standard.processor.StandardCaseTagProcessor
[THYMELEAF]             * [* {th:if}] [300]: karate.org.thymeleaf.standard.processor.StandardIfTagProcessor
[THYMELEAF]             * [* {th:unless}] [400]: karate.org.thymeleaf.standard.processor.StandardUnlessTagProcessor
[THYMELEAF]             * [* {th:object}] [500]: karate.org.thymeleaf.standard.processor.StandardObjectTagProcessor
[THYMELEAF]             * [* {th:with}] [600]: com.intuit.karate.template.KarateWithTagProcessor
[THYMELEAF]             * [* {th:inline}] [1000]: karate.org.thymeleaf.standard.processor.StandardInlineTextualTagProcessor
[THYMELEAF]             * [* {th:text}] [1300]: karate.org.thymeleaf.standard.processor.StandardTextTagProcessor
[THYMELEAF]             * [* {th:utext}] [1400]: karate.org.thymeleaf.standard.processor.StandardUtextTagProcessor
[THYMELEAF]             * [* {th:assert}] [1550]: karate.org.thymeleaf.standard.processor.StandardAssertTagProcessor
[THYMELEAF]             * [* {th:remove}] [1600]: karate.org.thymeleaf.standard.processor.StandardRemoveTagProcessor
[THYMELEAF]             * [* 100000] [karate.org.thymeleaf.standard.processor.StandardBlockTagProcessor]: {}
[THYMELEAF]             * [{th:block} *] [100000]: karate.org.thymeleaf.standard.processor.StandardBlockTagProcessor
[THYMELEAF]         * Text Processors by [precedence]:
[THYMELEAF]             * [1000]: karate.org.thymeleaf.standard.processor.StandardInliningTextProcessor
[THYMELEAF]     * Processors for Template Mode: CSS
[THYMELEAF]         * Element Tag Processors by [matching element and attribute name] [precedence]:
[THYMELEAF]             * [* {th:insert}] [100]: karate.org.thymeleaf.standard.processor.StandardInsertTagProcessor
[THYMELEAF]             * [* {th:replace}] [100]: karate.org.thymeleaf.standard.processor.StandardReplaceTagProcessor
[THYMELEAF]             * [* {th:each}] [200]: com.intuit.karate.template.KarateEachTagProcessor
[THYMELEAF]             * [* {th:switch}] [250]: karate.org.thymeleaf.standard.processor.StandardSwitchTagProcessor
[THYMELEAF]             * [* {th:case}] [275]: karate.org.thymeleaf.standard.processor.StandardCaseTagProcessor
[THYMELEAF]             * [* {th:if}] [300]: karate.org.thymeleaf.standard.processor.StandardIfTagProcessor
[THYMELEAF]             * [* {th:unless}] [400]: karate.org.thymeleaf.standard.processor.StandardUnlessTagProcessor
[THYMELEAF]             * [* {th:object}] [500]: karate.org.thymeleaf.standard.processor.StandardObjectTagProcessor
[THYMELEAF]             * [* {th:with}] [600]: com.intuit.karate.template.KarateWithTagProcessor
[THYMELEAF]             * [* {th:inline}] [1000]: karate.org.thymeleaf.standard.processor.StandardInlineTextualTagProcessor
[THYMELEAF]             * [* {th:text}] [1300]: karate.org.thymeleaf.standard.processor.StandardTextTagProcessor
[THYMELEAF]             * [* {th:utext}] [1400]: karate.org.thymeleaf.standard.processor.StandardUtextTagProcessor
[THYMELEAF]             * [* {th:assert}] [1550]: karate.org.thymeleaf.standard.processor.StandardAssertTagProcessor
[THYMELEAF]             * [* {th:remove}] [1600]: karate.org.thymeleaf.standard.processor.StandardRemoveTagProcessor
[THYMELEAF]             * [* 100000] [karate.org.thymeleaf.standard.processor.StandardBlockTagProcessor]: {}
[THYMELEAF]             * [{th:block} *] [100000]: karate.org.thymeleaf.standard.processor.StandardBlockTagProcessor
[THYMELEAF]         * Text Processors by [precedence]:
[THYMELEAF]             * [1000]: karate.org.thymeleaf.standard.processor.StandardInliningTextProcessor
[THYMELEAF]     * Expression Objects:
[THYMELEAF]         * #ctx
[THYMELEAF]         * #root
[THYMELEAF]         * #vars
[THYMELEAF]         * #object
[THYMELEAF]         * #locale
[THYMELEAF]         * #request
[THYMELEAF]         * #response
[THYMELEAF]         * #session
[THYMELEAF]         * #servletContext
[THYMELEAF]         * #conversions
[THYMELEAF]         * #uris
[THYMELEAF]         * #calendars
[THYMELEAF]         * #dates
[THYMELEAF]         * #bools
[THYMELEAF]         * #numbers
[THYMELEAF]         * #objects
[THYMELEAF]         * #strings
[THYMELEAF]         * #arrays
[THYMELEAF]         * #lists
[THYMELEAF]         * #sets
[THYMELEAF]         * #maps
[THYMELEAF]         * #aggregates
[THYMELEAF]         * #messages
[THYMELEAF]         * #ids
[THYMELEAF]         * #execInfo
[THYMELEAF]         * #httpServletRequest
[THYMELEAF]         * #httpSession
[THYMELEAF]     * Execution Attributes:
[THYMELEAF]         * "StandardExpressionParser": com.intuit.karate.template.KarateStandardDialect@746c411c
[THYMELEAF]         * "StandardJavaScriptSerializer": karate.org.thymeleaf.standard.serializer.StandardJavaScriptSerializer@40c06358
[THYMELEAF]         * "StandardCSSSerializer": karate.org.thymeleaf.standard.serializer.StandardCSSSerializer@66e21568
[THYMELEAF]         * "StandardVariableExpressionEvaluator": com.intuit.karate.template.KarateStandardDialect@746c411c
[THYMELEAF]         * "StandardConversionService": karate.org.thymeleaf.standard.expression.StandardConversionService@7f73ce28
[THYMELEAF] * Dialect [2 of 2]: karate (com.intuit.karate.template.KarateScriptDialect)
[THYMELEAF]     * Prefix: "ka"
[THYMELEAF]     * Processors for Template Mode: HTML
[THYMELEAF]         * Element Tag Processors by [matching element and attribute name] [precedence]:
[THYMELEAF]             * [* {src}] [1000]: com.intuit.karate.template.KaScriptAttrProcessor
[THYMELEAF]         * Element Model Processors by [matching element and attribute name] [precedence]:
[THYMELEAF]             * [{script} {ka:scope,data-ka-scope}] [1000]: com.intuit.karate.template.KaScriptElemProcessor
[THYMELEAF]             * [* {ka:set,data-ka-set}] [1000]: com.intuit.karate.template.KaSetElemProcessor
[THYMELEAF] TEMPLATE ENGINE CONFIGURED OK
20:02:06.217 [main] DEBUG karate.org.thymeleaf.TemplateEngine - [THYMELEAF] TEMPLATE ENGINE INITIALIZED
---------------------------------------------------------
feature: classpath:com/big/features/APIfeatures/CC-API/Read_Accounts.feature
scenarios:  5 | passed:  0 | failed:  5 | time: 0.0000
---------------------------------------------------------

20:02:06.445 [main] INFO com.intuit.karate.Suite - <<fail>> feature 2 of 12 (0 remaining) classpath:com/big/features/APIfeatures/CC-API/Read_Accounts.feature
20:02:06.455 [main] ERROR com.intuit.karate - classpath:com/big/features/APIfeatures/FIS-API/FIS-API.feature:3
* def Baseurl =''
"""
{
"email": "eve.holt@reqres.in",
"password": "pistol"
}
"""
no step-definition method match found for: def Baseurl =''
classpath:com/big/features/APIfeatures/FIS-API/FIS-API.feature:3
20:02:06.463 [main] ERROR com.intuit.karate - classpath:com/big/features/APIfeatures/FIS-API/FIS-API.feature:3
* def Baseurl =''
"""
{
"email": "eve.holt@reqres.in",
"password": "pistol"
}
"""
no step-definition method match found for: def Baseurl =''
classpath:com/big/features/APIfeatures/FIS-API/FIS-API.feature:3
20:02:06.470 [main] ERROR com.intuit.karate - classpath:com/big/features/APIfeatures/FIS-API/FIS-API.feature:3
* def Baseurl =''
"""
{
"email": "eve.holt@reqres.in",
"password": "pistol"
}
"""
no step-definition method match found for: def Baseurl =''
classpath:com/big/features/APIfeatures/FIS-API/FIS-API.feature:3
20:02:06.478 [main] ERROR com.intuit.karate - classpath:com/big/features/APIfeatures/FIS-API/FIS-API.feature:3
* def Baseurl =''
"""
{
"email": "eve.holt@reqres.in",
"password": "pistol"
}
"""
no step-definition method match found for: def Baseurl =''
classpath:com/big/features/APIfeatures/FIS-API/FIS-API.feature:3
20:02:06.486 [main] ERROR com.intuit.karate - classpath:com/big/features/APIfeatures/FIS-API/FIS-API.feature:3
* def Baseurl =''
"""
{
"email": "eve.holt@reqres.in",
"password": "pistol"
}
"""
no step-definition method match found for: def Baseurl =''
classpath:com/big/features/APIfeatures/FIS-API/FIS-API.feature:3
20:02:06.493 [main] ERROR com.intuit.karate - classpath:com/big/features/APIfeatures/FIS-API/FIS-API.feature:3
* def Baseurl =''
"""
{
"email": "eve.holt@reqres.in",
"password": "pistol"
}
"""
no step-definition method match found for: def Baseurl =''
classpath:com/big/features/APIfeatures/FIS-API/FIS-API.feature:3
20:02:06.499 [main] ERROR com.intuit.karate - classpath:com/big/features/APIfeatures/FIS-API/FIS-API.feature:3
* def Baseurl =''
"""
{
"email": "eve.holt@reqres.in",
"password": "pistol"
}
"""
no step-definition method match found for: def Baseurl =''
classpath:com/big/features/APIfeatures/FIS-API/FIS-API.feature:3
20:02:06.506 [main] ERROR com.intuit.karate - classpath:com/big/features/APIfeatures/FIS-API/FIS-API.feature:3
* def Baseurl =''
"""
{
"email": "eve.holt@reqres.in",
"password": "pistol"
}
"""
no step-definition method match found for: def Baseurl =''
classpath:com/big/features/APIfeatures/FIS-API/FIS-API.feature:3
20:02:06.512 [main] ERROR com.intuit.karate - classpath:com/big/features/APIfeatures/FIS-API/FIS-API.feature:3
* def Baseurl =''
"""
{
"email": "eve.holt@reqres.in",
"password": "pistol"
}
"""
no step-definition method match found for: def Baseurl =''
classpath:com/big/features/APIfeatures/FIS-API/FIS-API.feature:3
20:02:06.518 [main] ERROR com.intuit.karate - classpath:com/big/features/APIfeatures/FIS-API/FIS-API.feature:3
* def Baseurl =''
"""
{
"email": "eve.holt@reqres.in",
"password": "pistol"
}
"""
no step-definition method match found for: def Baseurl =''
classpath:com/big/features/APIfeatures/FIS-API/FIS-API.feature:3
20:02:06.524 [main] ERROR com.intuit.karate - classpath:com/big/features/APIfeatures/FIS-API/FIS-API.feature:3
* def Baseurl =''
"""
{
"email": "eve.holt@reqres.in",
"password": "pistol"
}
"""
no step-definition method match found for: def Baseurl =''
classpath:com/big/features/APIfeatures/FIS-API/FIS-API.feature:3
20:02:06.536 [main] DEBUG karate.org.thymeleaf.TemplateEngine - [THYMELEAF] INITIALIZING TEMPLATE ENGINE
20:02:06.578 [main] DEBUG karate.org.thymeleaf.TemplateEngine.CONFIG - Initializing Thymeleaf Template engine configuration...
[THYMELEAF] TEMPLATE ENGINE CONFIGURATION:
[THYMELEAF] * Thymeleaf version: 3.0.14.RELEASE (built 2021-12-08T00:45:29+0000)
[THYMELEAF] * Cache Manager implementation: karate.org.thymeleaf.cache.StandardCacheManager
[THYMELEAF] * Template resolvers:
[THYMELEAF]     * [1] com.intuit.karate.template.ResourceHtmlTemplateResolver
[THYMELEAF] * Message resolvers:
[THYMELEAF]     * karate.org.thymeleaf.messageresolver.StandardMessageResolver
[THYMELEAF] * Link builders:
[THYMELEAF]     * karate.org.thymeleaf.linkbuilder.StandardLinkBuilder
[THYMELEAF] * Dialect [1 of 2]: Standard (com.intuit.karate.template.KarateStandardDialect)
[THYMELEAF]     * Prefix: "th"
[THYMELEAF]     * Processors for Template Mode: HTML
[THYMELEAF]         * Element Tag Processors by [matching element and attribute name] [precedence]:
[THYMELEAF]             * [* {th:include,data-th-include}] [100]: karate.org.thymeleaf.standard.processor.StandardIncludeTagProcessor
[THYMELEAF]             * [* {th:insert,data-th-insert}] [100]: karate.org.thymeleaf.standard.processor.StandardInsertTagProcessor
[THYMELEAF]             * [* {th:replace,data-th-replace}] [100]: karate.org.thymeleaf.standard.processor.StandardReplaceTagProcessor
[THYMELEAF]             * [* {th:substituteby,data-th-substituteby}] [100]: karate.org.thymeleaf.standard.processor.StandardSubstituteByTagProcessor
[THYMELEAF]             * [* {th:each,data-th-each}] [200]: com.intuit.karate.template.KarateEachTagProcessor
[THYMELEAF]             * [* {th:switch,data-th-switch}] [250]: karate.org.thymeleaf.standard.processor.StandardSwitchTagProcessor
[THYMELEAF]             * [* {th:case,data-th-case}] [275]: karate.org.thymeleaf.standard.processor.StandardCaseTagProcessor
[THYMELEAF]             * [* {th:if,data-th-if}] [300]: karate.org.thymeleaf.standard.processor.StandardIfTagProcessor
[THYMELEAF]             * [* {th:unless,data-th-unless}] [400]: karate.org.thymeleaf.standard.processor.StandardUnlessTagProcessor
[THYMELEAF]             * [* {th:object,data-th-object}] [500]: karate.org.thymeleaf.standard.processor.StandardObjectTagProcessor
[THYMELEAF]             * [* {th:with,data-th-with}] [600]: com.intuit.karate.template.KarateWithTagProcessor
[THYMELEAF]             * [* {th:attr,data-th-attr}] [700]: com.intuit.karate.template.KarateAttributeTagProcessor.KarateAttrTagProcessor
[THYMELEAF]             * [* {th:attrappend,data-th-attrappend}] [900]: com.intuit.karate.template.KarateAttributeTagProcessor.KarateAttrappendTagProcessor
[THYMELEAF]             * [* {th:attrprepend,data-th-attrprepend}] [900]: com.intuit.karate.template.KarateAttributeTagProcessor.KarateAttrprependTagProcessor
[THYMELEAF]             * [* {th:alt-title,data-th-alt-title}] [990]: karate.org.thymeleaf.standard.processor.StandardAltTitleTagProcessor
[THYMELEAF]             * [* {th:lang-xmllang,data-th-lang-xmllang}] [990]: karate.org.thymeleaf.standard.processor.StandardLangXmlLangTagProcessor
[THYMELEAF]             * [* {th:action,data-th-action}] [1000]: karate.org.thymeleaf.standard.processor.StandardActionTagProcessor
[THYMELEAF]             * [* {th:multiple,data-th-multiple}] [1000]: karate.org.thymeleaf.standard.processor.StandardConditionalFixedValueTagProcessor
[THYMELEAF]             * [* {th:default,data-th-default}] [1000]: karate.org.thymeleaf.standard.processor.StandardConditionalFixedValueTagProcessor
[THYMELEAF]             * [* {th:scoped,data-th-scoped}] [1000]: karate.org.thymeleaf.standard.processor.StandardConditionalFixedValueTagProcessor
[THYMELEAF]             * [* {th:open,data-th-open}] [1000]: karate.org.thymeleaf.standard.processor.StandardConditionalFixedValueTagProcessor
[THYMELEAF]             * [* {th:loop,data-th-loop}] [1000]: karate.org.thymeleaf.standard.processor.StandardConditionalFixedValueTagProcessor
[THYMELEAF]             * [* {th:hidden,data-th-hidden}] [1000]: karate.org.thymeleaf.standard.processor.StandardConditionalFixedValueTagProcessor
[THYMELEAF]             * [* {th:seamless,data-th-seamless}] [1000]: karate.org.thymeleaf.standard.processor.StandardConditionalFixedValueTagProcessor
[THYMELEAF]             * [* {th:ismap,data-th-ismap}] [1000]: karate.org.thymeleaf.standard.processor.StandardConditionalFixedValueTagProcessor
[THYMELEAF]             * [* {th:defer,data-th-defer}] [1000]: karate.org.thymeleaf.standard.processor.StandardConditionalFixedValueTagProcessor
[THYMELEAF]             * [* {th:declare,data-th-declare}] [1000]: karate.org.thymeleaf.standard.processor.StandardConditionalFixedValueTagProcessor
[THYMELEAF]             * [* {th:formnovalidate,data-th-formnovalidate}] [1000]: karate.org.thymeleaf.standard.processor.StandardConditionalFixedValueTagProcessor
[THYMELEAF]             * [* {th:readonly,data-th-readonly}] [1000]: karate.org.thymeleaf.standard.processor.StandardConditionalFixedValueTagProcessor
[THYMELEAF]             * [* {th:required,data-th-required}] [1000]: karate.org.thymeleaf.standard.processor.StandardConditionalFixedValueTagProcessor
[THYMELEAF]             * [* {th:selected,data-th-selected}] [1000]: karate.org.thymeleaf.standard.processor.StandardConditionalFixedValueTagProcessor
[THYMELEAF]             * [* {th:async,data-th-async}] [1000]: karate.org.thymeleaf.standard.processor.StandardConditionalFixedValueTagProcessor
[THYMELEAF]             * [* {th:disabled,data-th-disabled}] [1000]: karate.org.thymeleaf.standard.processor.StandardConditionalFixedValueTagProcessor
[THYMELEAF]             * [* {th:reversed,data-th-reversed}] [1000]: karate.org.thymeleaf.standard.processor.StandardConditionalFixedValueTagProcessor
[THYMELEAF]             * [* {th:autoplay,data-th-autoplay}] [1000]: karate.org.thymeleaf.standard.processor.StandardConditionalFixedValueTagProcessor
[THYMELEAF]             * [* {th:checked,data-th-checked}] [1000]: karate.org.thymeleaf.standard.processor.StandardConditionalFixedValueTagProcessor
[THYMELEAF]             * [* {th:pubdate,data-th-pubdate}] [1000]: karate.org.thymeleaf.standard.processor.StandardConditionalFixedValueTagProcessor
[THYMELEAF]             * [* {th:autofocus,data-th-autofocus}] [1000]: karate.org.thymeleaf.standard.processor.StandardConditionalFixedValueTagProcessor
[THYMELEAF]             * [* {th:novalidate,data-th-novalidate}] [1000]: karate.org.thymeleaf.standard.processor.StandardConditionalFixedValueTagProcessor
[THYMELEAF]             * [* {th:controls,data-th-controls}] [1000]: karate.org.thymeleaf.standard.processor.StandardConditionalFixedValueTagProcessor
[THYMELEAF]             * [* {th:nowrap,data-th-nowrap}] [1000]: karate.org.thymeleaf.standard.processor.StandardConditionalFixedValueTagProcessor
[THYMELEAF]             * [* {th:ononline,data-th-ononline}] [1000]: karate.org.thymeleaf.standard.processor.StandardDOMEventAttributeTagProcessor
[THYMELEAF]             * [* {th:onhashchange,data-th-onhashchange}] [1000]: karate.org.thymeleaf.standard.processor.StandardDOMEventAttributeTagProcessor
[THYMELEAF]             * [* {th:onpause,data-th-onpause}] [1000]: karate.org.thymeleaf.standard.processor.StandardDOMEventAttributeTagProcessor
[THYMELEAF]             * [* {th:onratechange,data-th-onratechange}] [1000]: karate.org.thymeleaf.standard.processor.StandardDOMEventAttributeTagProcessor
[THYMELEAF]             * [* {th:onloadeddata,data-th-onloadeddata}] [1000]: karate.org.thymeleaf.standard.processor.StandardDOMEventAttributeTagProcessor
[THYMELEAF]             * [* {th:onscroll,data-th-onscroll}] [1000]: karate.org.thymeleaf.standard.processor.StandardDOMEventAttributeTagProcessor
[THYMELEAF]             * [* {th:onreadystatechange,data-th-onreadystatechange}] [1000]: karate.org.thymeleaf.standard.processor.StandardDOMEventAttributeTagProcessor
[THYMELEAF]             * [* {th:onstalled,data-th-onstalled}] [1000]: karate.org.thymeleaf.standard.processor.StandardDOMEventAttributeTagProcessor
[THYMELEAF]             * [* {th:onseeked,data-th-onseeked}] [1000]: karate.org.thymeleaf.standard.processor.StandardDOMEventAttributeTagProcessor
[THYMELEAF]             * [* {th:onshow,data-th-onshow}] [1000]: karate.org.thymeleaf.standard.processor.StandardDOMEventAttributeTagProcessor
[THYMELEAF]             * [* {th:onreset,data-th-onreset}] [1000]: karate.org.thymeleaf.standard.processor.StandardDOMEventAttributeTagProcessor
[THYMELEAF]             * [* {th:onforminput,data-th-onforminput}] [1000]: karate.org.thymeleaf.standard.processor.StandardDOMEventAttributeTagProcessor
[THYMELEAF]             * [* {th:onselect,data-th-onselect}] [1000]: karate.org.thymeleaf.standard.processor.StandardDOMEventAttributeTagProcessor
[THYMELEAF]             * [* {th:onredo,data-th-onredo}] [1000]: karate.org.thymeleaf.standard.processor.StandardDOMEventAttributeTagProcessor
[THYMELEAF]             * [* {th:onloadstart,data-th-onloadstart}] [1000]: karate.org.thymeleaf.standard.processor.StandardDOMEventAttributeTagProcessor
[THYMELEAF]             * [* {th:ondrop,data-th-ondrop}] [1000]: karate.org.thymeleaf.standard.processor.StandardDOMEventAttributeTagProcessor
[THYMELEAF]             * [* {th:onerror,data-th-onerror}] [1000]: karate.org.thymeleaf.standard.processor.StandardDOMEventAttributeTagProcessor
[THYMELEAF]             * [* {th:onplay,data-th-onplay}] [1000]: karate.org.thymeleaf.standard.processor.StandardDOMEventAttributeTagProcessor
[THYMELEAF]             * [* {th:onended,data-th-onended}] [1000]: karate.org.thymeleaf.standard.processor.StandardDOMEventAttributeTagProcessor
[THYMELEAF]             * [* {th:onformchange,data-th-onformchange}] [1000]: karate.org.thymeleaf.standard.processor.StandardDOMEventAttributeTagProcessor
[THYMELEAF]             * [* {th:onemptied,data-th-onemptied}] [1000]: karate.org.thymeleaf.standard.processor.StandardDOMEventAttributeTagProcessor
[THYMELEAF]             * [* {th:onmessage,data-th-onmessage}] [1000]: karate.org.thymeleaf.standard.processor.StandardDOMEventAttributeTagProcessor
[THYMELEAF]             * [* {th:onmousemove,data-th-onmousemove}] [1000]: karate.org.thymeleaf.standard.processor.StandardDOMEventAttributeTagProcessor
[THYMELEAF]             * [* {th:onsuspend,data-th-onsuspend}] [1000]: karate.org.thymeleaf.standard.processor.StandardDOMEventAttributeTagProcessor
[THYMELEAF]             * [* {th:ondurationchange,data-th-ondurationchange}] [1000]: karate.org.thymeleaf.standard.processor.StandardDOMEventAttributeTagProcessor
[THYMELEAF]             * [* {th:onmouseover,data-th-onmouseover}] [1000]: karate.org.thymeleaf.standard.processor.StandardDOMEventAttributeTagProcessor
[THYMELEAF]             * [* {th:ontimeupdate,data-th-ontimeupdate}] [1000]: karate.org.thymeleaf.standard.processor.StandardDOMEventAttributeTagProcessor
[THYMELEAF]             * [* {th:onbeforeunload,data-th-onbeforeunload}] [1000]: karate.org.thymeleaf.standard.processor.StandardDOMEventAttributeTagProcessor
[THYMELEAF]             * [* {th:onpopstate,data-th-onpopstate}] [1000]: karate.org.thymeleaf.standard.processor.StandardDOMEventAttributeTagProcessor
[THYMELEAF]             * [* {th:onkeypress,data-th-onkeypress}] [1000]: karate.org.thymeleaf.standard.processor.StandardDOMEventAttributeTagProcessor
[THYMELEAF]             * [* {th:onmousedown,data-th-onmousedown}] [1000]: karate.org.thymeleaf.standard.processor.StandardDOMEventAttributeTagProcessor
[THYMELEAF]             * [* {th:onloadedmetadata,data-th-onloadedmetadata}] [1000]: karate.org.thymeleaf.standard.processor.StandardDOMEventAttributeTagProcessor
[THYMELEAF]             * [* {th:onunload,data-th-onunload}] [1000]: karate.org.thymeleaf.standard.processor.StandardDOMEventAttributeTagProcessor
[THYMELEAF]             * [* {th:onfocus,data-th-onfocus}] [1000]: karate.org.thymeleaf.standard.processor.StandardDOMEventAttributeTagProcessor
[THYMELEAF]             * [* {th:onundo,data-th-onundo}] [1000]: karate.org.thymeleaf.standard.processor.StandardDOMEventAttributeTagProcessor
[THYMELEAF]             * [* {th:ondblclick,data-th-ondblclick}] [1000]: karate.org.thymeleaf.standard.processor.StandardDOMEventAttributeTagProcessor
[THYMELEAF]             * [* {th:ondragover,data-th-ondragover}] [1000]: karate.org.thymeleaf.standard.processor.StandardDOMEventAttributeTagProcessor
[THYMELEAF]             * [* {th:onmousewheel,data-th-onmousewheel}] [1000]: karate.org.thymeleaf.standard.processor.StandardDOMEventAttributeTagProcessor
[THYMELEAF]             * [* {th:onplaying,data-th-onplaying}] [1000]: karate.org.thymeleaf.standard.processor.StandardDOMEventAttributeTagProcessor
[THYMELEAF]             * [* {th:onclick,data-th-onclick}] [1000]: karate.org.thymeleaf.standard.processor.StandardDOMEventAttributeTagProcessor
[THYMELEAF]             * [* {th:onseeking,data-th-onseeking}] [1000]: karate.org.thymeleaf.standard.processor.StandardDOMEventAttributeTagProcessor
[THYMELEAF]             * [* {th:onmouseup,data-th-onmouseup}] [1000]: karate.org.thymeleaf.standard.processor.StandardDOMEventAttributeTagProcessor
[THYMELEAF]             * [* {th:oncanplay,data-th-oncanplay}] [1000]: karate.org.thymeleaf.standard.processor.StandardDOMEventAttributeTagProcessor
[THYMELEAF]             * [* {th:onblur,data-th-onblur}] [1000]: karate.org.thymeleaf.standard.processor.StandardDOMEventAttributeTagProcessor
[THYMELEAF]             * [* {th:ondragstart,data-th-ondragstart}] [1000]: karate.org.thymeleaf.standard.processor.StandardDOMEventAttributeTagProcessor
[THYMELEAF]             * [* {th:onabort,data-th-onabort}] [1000]: karate.org.thymeleaf.standard.processor.StandardDOMEventAttributeTagProcessor
[THYMELEAF]             * [* {th:oninvalid,data-th-oninvalid}] [1000]: karate.org.thymeleaf.standard.processor.StandardDOMEventAttributeTagProcessor
[THYMELEAF]             * [* {th:oninput,data-th-oninput}] [1000]: karate.org.thymeleaf.standard.processor.StandardDOMEventAttributeTagProcessor
[THYMELEAF]             * [* {th:ondragend,data-th-ondragend}] [1000]: karate.org.thymeleaf.standard.processor.StandardDOMEventAttributeTagProcessor
[THYMELEAF]             * [* {th:onkeyup,data-th-onkeyup}] [1000]: karate.org.thymeleaf.standard.processor.StandardDOMEventAttributeTagProcessor
[THYMELEAF]             * [* {th:onvolumechange,data-th-onvolumechange}] [1000]: karate.org.thymeleaf.standard.processor.StandardDOMEventAttributeTagProcessor
[THYMELEAF]             * [* {th:oncontextmenu,data-th-oncontextmenu}] [1000]: karate.org.thymeleaf.standard.processor.StandardDOMEventAttributeTagProcessor
[THYMELEAF]             * [* {th:onstorage,data-th-onstorage}] [1000]: karate.org.thymeleaf.standard.processor.StandardDOMEventAttributeTagProcessor
[THYMELEAF]             * [* {th:onsubmit,data-th-onsubmit}] [1000]: karate.org.thymeleaf.standard.processor.StandardDOMEventAttributeTagProcessor
[THYMELEAF]             * [* {th:ondragleave,data-th-ondragleave}] [1000]: karate.org.thymeleaf.standard.processor.StandardDOMEventAttributeTagProcessor
[THYMELEAF]             * [* {th:onwaiting,data-th-onwaiting}] [1000]: karate.org.thymeleaf.standard.processor.StandardDOMEventAttributeTagProcessor
[THYMELEAF]             * [* {th:onkeydown,data-th-onkeydown}] [1000]: karate.org.thymeleaf.standard.processor.StandardDOMEventAttributeTagProcessor
[THYMELEAF]             * [* {th:ondrag,data-th-ondrag}] [1000]: karate.org.thymeleaf.standard.processor.StandardDOMEventAttributeTagProcessor
[THYMELEAF]             * [* {th:oncanplaythrough,data-th-oncanplaythrough}] [1000]: karate.org.thymeleaf.standard.processor.StandardDOMEventAttributeTagProcessor
[THYMELEAF]             * [* {th:ondragenter,data-th-ondragenter}] [1000]: karate.org.thymeleaf.standard.processor.StandardDOMEventAttributeTagProcessor
[THYMELEAF]             * [* {th:onchange,data-th-onchange}] [1000]: karate.org.thymeleaf.standard.processor.StandardDOMEventAttributeTagProcessor
[THYMELEAF]             * [* {th:onprogress,data-th-onprogress}] [1000]: karate.org.thymeleaf.standard.processor.StandardDOMEventAttributeTagProcessor
[THYMELEAF]             * [* {th:onbeforeprint,data-th-onbeforeprint}] [1000]: karate.org.thymeleaf.standard.processor.StandardDOMEventAttributeTagProcessor
[THYMELEAF]             * [* {th:onresize,data-th-onresize}] [1000]: karate.org.thymeleaf.standard.processor.StandardDOMEventAttributeTagProcessor
[THYMELEAF]             * [* {th:onload,data-th-onload}] [1000]: karate.org.thymeleaf.standard.processor.StandardDOMEventAttributeTagProcessor
[THYMELEAF]             * [* {th:onoffline,data-th-onoffline}] [1000]: karate.org.thymeleaf.standard.processor.StandardDOMEventAttributeTagProcessor
[THYMELEAF]             * [* {th:onafterprint,data-th-onafterprint}] [1000]: karate.org.thymeleaf.standard.processor.StandardDOMEventAttributeTagProcessor
[THYMELEAF]             * [* {th:onmouseout,data-th-onmouseout}] [1000]: karate.org.thymeleaf.standard.processor.StandardDOMEventAttributeTagProcessor
[THYMELEAF]             * [* {th:href,data-th-href}] [1000]: karate.org.thymeleaf.standard.processor.StandardHrefTagProcessor
[THYMELEAF]             * [* {th:inline,data-th-inline}] [1000]: karate.org.thymeleaf.standard.processor.StandardInlineHTMLTagProcessor
[THYMELEAF]             * [* {th:method,data-th-method}] [1000]: karate.org.thymeleaf.standard.processor.StandardMethodTagProcessor
[THYMELEAF]             * [* {th:type,data-th-type}] [1000]: karate.org.thymeleaf.standard.processor.StandardNonRemovableAttributeTagProcessor
[THYMELEAF]             * [* {th:name,data-th-name}] [1000]: karate.org.thymeleaf.standard.processor.StandardNonRemovableAttributeTagProcessor
[THYMELEAF]             * [* {th:width,data-th-width}] [1000]: karate.org.thymeleaf.standard.processor.StandardRemovableAttributeTagProcessor
[THYMELEAF]             * [* {th:background,data-th-background}] [1000]: karate.org.thymeleaf.standard.processor.StandardRemovableAttributeTagProcessor
[THYMELEAF]             * [* {th:placeholder,data-th-placeholder}] [1000]: karate.org.thymeleaf.standard.processor.StandardRemovableAttributeTagProcessor
[THYMELEAF]             * [* {th:rowspan,data-th-rowspan}] [1000]: karate.org.thymeleaf.standard.processor.StandardRemovableAttributeTagProcessor
[THYMELEAF]             * [* {th:keytype,data-th-keytype}] [1000]: karate.org.thymeleaf.standard.processor.StandardRemovableAttributeTagProcessor
[THYMELEAF]             * [* {th:id,data-th-id}] [1000]: karate.org.thymeleaf.standard.processor.StandardRemovableAttributeTagProcessor
[THYMELEAF]             * [* {th:for,data-th-for}] [1000]: karate.org.thymeleaf.standard.processor.StandardRemovableAttributeTagProcessor
[THYMELEAF]             * [* {th:radiogroup,data-th-radiogroup}] [1000]: karate.org.thymeleaf.standard.processor.StandardRemovableAttributeTagProcessor
[THYMELEAF]             * [* {th:longdesc,data-th-longdesc}] [1000]: karate.org.thymeleaf.standard.processor.StandardRemovableAttributeTagProcessor
[THYMELEAF]             * [* {th:audio,data-th-audio}] [1000]: karate.org.thymeleaf.standard.processor.StandardRemovableAttributeTagProcessor
[THYMELEAF]             * [* {th:formenctype,data-th-formenctype}] [1000]: karate.org.thymeleaf.standard.processor.StandardRemovableAttributeTagProcessor
[THYMELEAF]             * [* {th:cols,data-th-cols}] [1000]: karate.org.thymeleaf.standard.processor.StandardRemovableAttributeTagProcessor
[THYMELEAF]             * [* {th:max,data-th-max}] [1000]: karate.org.thymeleaf.standard.processor.StandardRemovableAttributeTagProcessor
[THYMELEAF]             * [* {th:usemap,data-th-usemap}] [1000]: karate.org.thymeleaf.standard.processor.StandardRemovableAttributeTagProcessor
[THYMELEAF]             * [* {th:content,data-th-content}] [1000]: karate.org.thymeleaf.standard.processor.StandardRemovableAttributeTagProcessor
[THYMELEAF]             * [* {th:standby,data-th-standby}] [1000]: karate.org.thymeleaf.standard.processor.StandardRemovableAttributeTagProcessor
[THYMELEAF]             * [* {th:sandbox,data-th-sandbox}] [1000]: karate.org.thymeleaf.standard.processor.StandardRemovableAttributeTagProcessor
[THYMELEAF]             * [* {th:icon,data-th-icon}] [1000]: karate.org.thymeleaf.standard.processor.StandardRemovableAttributeTagProcessor
[THYMELEAF]             * [* {th:summary,data-th-summary}] [1000]: karate.org.thymeleaf.standard.processor.StandardRemovableAttributeTagProcessor
[THYMELEAF]             * [* {th:colspan,data-th-colspan}] [1000]: karate.org.thymeleaf.standard.processor.StandardRemovableAttributeTagProcessor
[THYMELEAF]             * [* {th:target,data-th-target}] [1000]: karate.org.thymeleaf.standard.processor.StandardRemovableAttributeTagProcessor
[THYMELEAF]             * [* {th:low,data-th-low}] [1000]: karate.org.thymeleaf.standard.processor.StandardRemovableAttributeTagProcessor
[THYMELEAF]             * [* {th:border,data-th-border}] [1000]: karate.org.thymeleaf.standard.processor.StandardRemovableAttributeTagProcessor
[THYMELEAF]             * [* {th:codetype,data-th-codetype}] [1000]: karate.org.thymeleaf.standard.processor.StandardRemovableAttributeTagProcessor
[THYMELEAF]             * [* {th:rel,data-th-rel}] [1000]: karate.org.thymeleaf.standard.processor.StandardRemovableAttributeTagProcessor
[THYMELEAF]             * [* {th:lang,data-th-lang}] [1000]: karate.org.thymeleaf.standard.processor.StandardRemovableAttributeTagProcessor
[THYMELEAF]             * [* {th:height,data-th-height}] [1000]: karate.org.thymeleaf.standard.processor.StandardRemovableAttributeTagProcessor
[THYMELEAF]             * [* {th:optimum,data-th-optimum}] [1000]: karate.org.thymeleaf.standard.processor.StandardRemovableAttributeTagProcessor
[THYMELEAF]             * [* {th:size,data-th-size}] [1000]: karate.org.thymeleaf.standard.processor.StandardRemovableAttributeTagProcessor
[THYMELEAF]             * [* {th:label,data-th-label}] [1000]: karate.org.thymeleaf.standard.processor.StandardRemovableAttributeTagProcessor
[THYMELEAF]             * [* {th:dir,data-th-dir}] [1000]: karate.org.thymeleaf.standard.processor.StandardRemovableAttributeTagProcessor
[THYMELEAF]             * [* {th:marginheight,data-th-marginheight}] [1000]: karate.org.thymeleaf.standard.processor.StandardRemovableAttributeTagProcessor
[THYMELEAF]             * [* {th:marginwidth,data-th-marginwidth}] [1000]: karate.org.thymeleaf.standard.processor.StandardRemovableAttributeTagProcessor
[THYMELEAF]             * [* {th:alt,data-th-alt}] [1000]: karate.org.thymeleaf.standard.processor.StandardRemovableAttributeTagProcessor
[THYMELEAF]             * [* {th:sizes,data-th-sizes}] [1000]: karate.org.thymeleaf.standard.processor.StandardRemovableAttributeTagProcessor
[THYMELEAF]             * [* {th:style,data-th-style}] [1000]: karate.org.thymeleaf.standard.processor.StandardRemovableAttributeTagProcessor
[THYMELEAF]             * [* {th:rev,data-th-rev}] [1000]: karate.org.thymeleaf.standard.processor.StandardRemovableAttributeTagProcessor
[THYMELEAF]             * [* {th:scrolling,data-th-scrolling}] [1000]: karate.org.thymeleaf.standard.processor.StandardRemovableAttributeTagProcessor
[THYMELEAF]             * [* {th:kind,data-th-kind}] [1000]: karate.org.thymeleaf.standard.processor.StandardRemovableAttributeTagProcessor
[THYMELEAF]             * [* {th:accept,data-th-accept}] [1000]: karate.org.thymeleaf.standard.processor.StandardRemovableAttributeTagProcessor
[THYMELEAF]             * [* {th:vspace,data-th-vspace}] [1000]: karate.org.thymeleaf.standard.processor.StandardRemovableAttributeTagProcessor
[THYMELEAF]             * [* {th:cellspacing,data-th-cellspacing}] [1000]: karate.org.thymeleaf.standard.processor.StandardRemovableAttributeTagProcessor
[THYMELEAF]             * [* {th:frame,data-th-frame}] [1000]: karate.org.thymeleaf.standard.processor.StandardRemovableAttributeTagProcessor
[THYMELEAF]             * [* {th:poster,data-th-poster}] [1000]: karate.org.thymeleaf.standard.processor.StandardRemovableAttributeTagProcessor
[THYMELEAF]             * [* {th:step,data-th-step}] [1000]: karate.org.thymeleaf.standard.processor.StandardRemovableAttributeTagProcessor
[THYMELEAF]             * [* {th:dropzone,data-th-dropzone}] [1000]: karate.org.thymeleaf.standard.processor.StandardRemovableAttributeTagProcessor
[THYMELEAF]             * [* {th:formaction,data-th-formaction}] [1000]: karate.org.thymeleaf.standard.processor.StandardRemovableAttributeTagProcessor
[THYMELEAF]             * [* {th:cellpadding,data-th-cellpadding}] [1000]: karate.org.thymeleaf.standard.processor.StandardRemovableAttributeTagProcessor
[THYMELEAF]             * [* {th:start,data-th-start}] [1000]: karate.org.thymeleaf.standard.processor.StandardRemovableAttributeTagProcessor
[THYMELEAF]             * [* {th:scope,data-th-scope}] [1000]: karate.org.thymeleaf.standard.processor.StandardRemovableAttributeTagProcessor
[THYMELEAF]             * [* {th:min,data-th-min}] [1000]: karate.org.thymeleaf.standard.processor.StandardRemovableAttributeTagProcessor
[THYMELEAF]             * [* {th:charset,data-th-charset}] [1000]: karate.org.thymeleaf.standard.processor.StandardRemovableAttributeTagProcessor
[THYMELEAF]             * [* {th:rules,data-th-rules}] [1000]: karate.org.thymeleaf.standard.processor.StandardRemovableAttributeTagProcessor
[THYMELEAF]             * [* {th:frameborder,data-th-frameborder}] [1000]: karate.org.thymeleaf.standard.processor.StandardRemovableAttributeTagProcessor
[THYMELEAF]             * [* {th:list,data-th-list}] [1000]: karate.org.thymeleaf.standard.processor.StandardRemovableAttributeTagProcessor
[THYMELEAF]             * [* {th:contextmenu,data-th-contextmenu}] [1000]: karate.org.thymeleaf.standard.processor.StandardRemovableAttributeTagProcessor
[THYMELEAF]             * [* {th:contenteditable,data-th-contenteditable}] [1000]: karate.org.thymeleaf.standard.processor.StandardRemovableAttributeTagProcessor
[THYMELEAF]             * [* {th:span,data-th-span}] [1000]: karate.org.thymeleaf.standard.processor.StandardRemovableAttributeTagProcessor
[THYMELEAF]             * [* {th:spellcheck,data-th-spellcheck}] [1000]: karate.org.thymeleaf.standard.processor.StandardRemovableAttributeTagProcessor
[THYMELEAF]             * [* {th:rows,data-th-rows}] [1000]: karate.org.thymeleaf.standard.processor.StandardRemovableAttributeTagProcessor
[THYMELEAF]             * [* {th:hspace,data-th-hspace}] [1000]: karate.org.thymeleaf.standard.processor.StandardRemovableAttributeTagProcessor
[THYMELEAF]             * [* {th:valuetype,data-th-valuetype}] [1000]: karate.org.thymeleaf.standard.processor.StandardRemovableAttributeTagProcessor
[THYMELEAF]             * [* {th:media,data-th-media}] [1000]: karate.org.thymeleaf.standard.processor.StandardRemovableAttributeTagProcessor
[THYMELEAF]             * [* {th:hreflang,data-th-hreflang}] [1000]: karate.org.thymeleaf.standard.processor.StandardRemovableAttributeTagProcessor
[THYMELEAF]             * [* {th:accesskey,data-th-accesskey}] [1000]: karate.org.thymeleaf.standard.processor.StandardRemovableAttributeTagProcessor
[THYMELEAF]             * [* {th:classid,data-th-classid}] [1000]: karate.org.thymeleaf.standard.processor.StandardRemovableAttributeTagProcessor
[THYMELEAF]             * [* {th:manifest,data-th-manifest}] [1000]: karate.org.thymeleaf.standard.processor.StandardRemovableAttributeTagProcessor
[THYMELEAF]             * [* {th:class,data-th-class}] [1000]: karate.org.thymeleaf.standard.processor.StandardRemovableAttributeTagProcessor
[THYMELEAF]             * [* {th:http-equiv,data-th-http-equiv}] [1000]: karate.org.thymeleaf.standard.processor.StandardRemovableAttributeTagProcessor
[THYMELEAF]             * [* {th:headers,data-th-headers}] [1000]: karate.org.thymeleaf.standard.processor.StandardRemovableAttributeTagProcessor
[THYMELEAF]             * [* {th:preload,data-th-preload}] [1000]: karate.org.thymeleaf.standard.processor.StandardRemovableAttributeTagProcessor
[THYMELEAF]             * [* {th:scheme,data-th-scheme}] [1000]: karate.org.thymeleaf.standard.processor.StandardRemovableAttributeTagProcessor
[THYMELEAF]             * [* {th:align,data-th-align}] [1000]: karate.org.thymeleaf.standard.processor.StandardRemovableAttributeTagProcessor
[THYMELEAF]             * [* {th:challenge,data-th-challenge}] [1000]: karate.org.thymeleaf.standard.processor.StandardRemovableAttributeTagProcessor
[THYMELEAF]             * [* {th:enctype,data-th-enctype}] [1000]: karate.org.thymeleaf.standard.processor.StandardRemovableAttributeTagProcessor
[THYMELEAF]             * [* {th:formtarget,data-th-formtarget}] [1000]: karate.org.thymeleaf.standard.processor.StandardRemovableAttributeTagProcessor
[THYMELEAF]             * [* {th:archive,data-th-archive}] [1000]: karate.org.thymeleaf.standard.processor.StandardRemovableAttributeTagProcessor
[THYMELEAF]             * [* {th:codebase,data-th-codebase}] [1000]: karate.org.thymeleaf.standard.processor.StandardRemovableAttributeTagProcessor
[THYMELEAF]             * [* {th:datetime,data-th-datetime}] [1000]: karate.org.thymeleaf.standard.processor.StandardRemovableAttributeTagProcessor
[THYMELEAF]             * [* {th:title,data-th-title}] [1000]: karate.org.thymeleaf.standard.processor.StandardRemovableAttributeTagProcessor
[THYMELEAF]             * [* {th:cite,data-th-cite}] [1000]: karate.org.thymeleaf.standard.processor.StandardRemovableAttributeTagProcessor
[THYMELEAF]             * [* {th:draggable,data-th-draggable}] [1000]: karate.org.thymeleaf.standard.processor.StandardRemovableAttributeTagProcessor
[THYMELEAF]             * [* {th:srclang,data-th-srclang}] [1000]: karate.org.thymeleaf.standard.processor.StandardRemovableAttributeTagProcessor
[THYMELEAF]             * [* {th:high,data-th-high}] [1000]: karate.org.thymeleaf.standard.processor.StandardRemovableAttributeTagProcessor
[THYMELEAF]             * [* {th:data,data-th-data}] [1000]: karate.org.thymeleaf.standard.processor.StandardRemovableAttributeTagProcessor
[THYMELEAF]             * [* {th:abbr,data-th-abbr}] [1000]: karate.org.thymeleaf.standard.processor.StandardRemovableAttributeTagProcessor
[THYMELEAF]             * [* {th:tabindex,data-th-tabindex}] [1000]: karate.org.thymeleaf.standard.processor.StandardRemovableAttributeTagProcessor
[THYMELEAF]             * [* {th:autocomplete,data-th-autocomplete}] [1000]: karate.org.thymeleaf.standard.processor.StandardRemovableAttributeTagProcessor
[THYMELEAF]             * [* {th:wrap,data-th-wrap}] [1000]: karate.org.thymeleaf.standard.processor.StandardRemovableAttributeTagProcessor
[THYMELEAF]             * [* {th:formmethod,data-th-formmethod}] [1000]: karate.org.thymeleaf.standard.processor.StandardRemovableAttributeTagProcessor
[THYMELEAF]             * [* {th:accept-charset,data-th-accept-charset}] [1000]: karate.org.thymeleaf.standard.processor.StandardRemovableAttributeTagProcessor
[THYMELEAF]             * [* {th:compact,data-th-compact}] [1000]: karate.org.thymeleaf.standard.processor.StandardRemovableAttributeTagProcessor
[THYMELEAF]             * [* {th:maxlength,data-th-maxlength}] [1000]: karate.org.thymeleaf.standard.processor.StandardRemovableAttributeTagProcessor
[THYMELEAF]             * [* {th:axis,data-th-axis}] [1000]: karate.org.thymeleaf.standard.processor.StandardRemovableAttributeTagProcessor
[THYMELEAF]             * [* {th:pattern,data-th-pattern}] [1000]: karate.org.thymeleaf.standard.processor.StandardRemovableAttributeTagProcessor
[THYMELEAF]             * [* {th:bgcolor,data-th-bgcolor}] [1000]: karate.org.thymeleaf.standard.processor.StandardRemovableAttributeTagProcessor
[THYMELEAF]             * [* {th:form,data-th-form}] [1000]: karate.org.thymeleaf.standard.processor.StandardRemovableAttributeTagProcessor
[THYMELEAF]             * [* {th:src,data-th-src}] [1000]: karate.org.thymeleaf.standard.processor.StandardSrcTagProcessor
[THYMELEAF]             * [* {th:value,data-th-value}] [1000]: karate.org.thymeleaf.standard.processor.StandardValueTagProcessor
[THYMELEAF]             * [* {th:xmlbase,data-th-xmlbase}] [1000]: karate.org.thymeleaf.standard.processor.StandardXmlBaseTagProcessor
[THYMELEAF]             * [* {th:xmllang,data-th-xmllang}] [1000]: karate.org.thymeleaf.standard.processor.StandardXmlLangTagProcessor
[THYMELEAF]             * [* {xmlns:th}] [1000]: karate.org.thymeleaf.standard.processor.StandardXmlNsTagProcessor
[THYMELEAF]             * [* {th:xmlspace,data-th-xmlspace}] [1000]: karate.org.thymeleaf.standard.processor.StandardXmlSpaceTagProcessor
[THYMELEAF]             * [* {th:classappend,data-th-classappend}] [1100]: karate.org.thymeleaf.standard.processor.StandardClassappendTagProcessor
[THYMELEAF]             * [* {th:styleappend,data-th-styleappend}] [1100]: karate.org.thymeleaf.standard.processor.StandardStyleappendTagProcessor
[THYMELEAF]             * [* {th:text,data-th-text}] [1300]: karate.org.thymeleaf.standard.processor.StandardTextTagProcessor
[THYMELEAF]             * [* {th:utext,data-th-utext}] [1400]: karate.org.thymeleaf.standard.processor.StandardUtextTagProcessor
[THYMELEAF]             * [* {th:fragment,data-th-fragment}] [1500]: karate.org.thymeleaf.standard.processor.StandardFragmentTagProcessor
[THYMELEAF]             * [* {th:assert,data-th-assert}] [1550]: karate.org.thymeleaf.standard.processor.StandardAssertTagProcessor
[THYMELEAF]             * [* {th:remove,data-th-remove}] [1600]: karate.org.thymeleaf.standard.processor.StandardRemoveTagProcessor
[THYMELEAF]             * [* {th:ref,data-th-ref}] [10000]: karate.org.thymeleaf.standard.processor.StandardRefAttributeTagProcessor
[THYMELEAF]             * [{th:block,th-block} *] [100000]: karate.org.thymeleaf.standard.processor.StandardBlockTagProcessor
[THYMELEAF]             * [* th:*] [2147483647]: karate.org.thymeleaf.standard.processor.StandardDefaultAttributesTagProcessor
[THYMELEAF]         * Text Processors by [precedence]:
[THYMELEAF]             * [1000]: karate.org.thymeleaf.standard.processor.StandardInliningTextProcessor
[THYMELEAF]         * DOCTYPE Processors by [precedence]:
[THYMELEAF]             * [1000]: karate.org.thymeleaf.standard.processor.StandardTranslationDocTypeProcessor
[THYMELEAF]         * CDATA Section Processors by [precedence]:
[THYMELEAF]             * [1000]: karate.org.thymeleaf.standard.processor.StandardInliningCDATASectionProcessor
[THYMELEAF]         * Comment Processors by [precedence]:
[THYMELEAF]             * [1000]: karate.org.thymeleaf.standard.processor.StandardInliningCommentProcessor
[THYMELEAF]             * [1100]: karate.org.thymeleaf.standard.processor.StandardConditionalCommentProcessor
[THYMELEAF]     * Processors for Template Mode: XML
[THYMELEAF]         * Element Tag Processors by [matching element and attribute name] [precedence]:
[THYMELEAF]             * [* {th:include}] [100]: karate.org.thymeleaf.standard.processor.StandardIncludeTagProcessor
[THYMELEAF]             * [* {th:insert}] [100]: karate.org.thymeleaf.standard.processor.StandardInsertTagProcessor
[THYMELEAF]             * [* {th:replace}] [100]: karate.org.thymeleaf.standard.processor.StandardReplaceTagProcessor
[THYMELEAF]             * [* {th:substituteby}] [100]: karate.org.thymeleaf.standard.processor.StandardSubstituteByTagProcessor
[THYMELEAF]             * [* {th:each}] [200]: com.intuit.karate.template.KarateEachTagProcessor
[THYMELEAF]             * [* {th:switch}] [250]: karate.org.thymeleaf.standard.processor.StandardSwitchTagProcessor
[THYMELEAF]             * [* {th:case}] [275]: karate.org.thymeleaf.standard.processor.StandardCaseTagProcessor
[THYMELEAF]             * [* {th:if}] [300]: karate.org.thymeleaf.standard.processor.StandardIfTagProcessor
[THYMELEAF]             * [* {th:unless}] [400]: karate.org.thymeleaf.standard.processor.StandardUnlessTagProcessor
[THYMELEAF]             * [* {th:object}] [500]: karate.org.thymeleaf.standard.processor.StandardObjectTagProcessor
[THYMELEAF]             * [* {th:with}] [600]: com.intuit.karate.template.KarateWithTagProcessor
[THYMELEAF]             * [* {th:attr}] [700]: com.intuit.karate.template.KarateAttributeTagProcessor.KarateAttrTagProcessor
[THYMELEAF]             * [* {th:attrappend}] [900]: com.intuit.karate.template.KarateAttributeTagProcessor.KarateAttrappendTagProcessor
[THYMELEAF]             * [* {th:attrprepend}] [900]: com.intuit.karate.template.KarateAttributeTagProcessor.KarateAttrprependTagProcessor
[THYMELEAF]             * [* {th:inline}] [1000]: karate.org.thymeleaf.standard.processor.StandardInlineXMLTagProcessor
[THYMELEAF]             * [* {xmlns:th}] [1000]: karate.org.thymeleaf.standard.processor.StandardXmlNsTagProcessor
[THYMELEAF]             * [* {th:text}] [1300]: karate.org.thymeleaf.standard.processor.StandardTextTagProcessor
[THYMELEAF]             * [* {th:utext}] [1400]: karate.org.thymeleaf.standard.processor.StandardUtextTagProcessor
[THYMELEAF]             * [* {th:fragment}] [1500]: karate.org.thymeleaf.standard.processor.StandardFragmentTagProcessor
[THYMELEAF]             * [* {th:assert}] [1550]: karate.org.thymeleaf.standard.processor.StandardAssertTagProcessor
[THYMELEAF]             * [* {th:remove}] [1600]: karate.org.thymeleaf.standard.processor.StandardRemoveTagProcessor
[THYMELEAF]             * [* {th:ref}] [10000]: karate.org.thymeleaf.standard.processor.StandardRefAttributeTagProcessor
[THYMELEAF]             * [{th:block} *] [100000]: karate.org.thymeleaf.standard.processor.StandardBlockTagProcessor
[THYMELEAF]             * [* th:*] [2147483647]: karate.org.thymeleaf.standard.processor.StandardDefaultAttributesTagProcessor
[THYMELEAF]         * Text Processors by [precedence]:
[THYMELEAF]             * [1000]: karate.org.thymeleaf.standard.processor.StandardInliningTextProcessor
[THYMELEAF]         * CDATA Section Processors by [precedence]:
[THYMELEAF]             * [1000]: karate.org.thymeleaf.standard.processor.StandardInliningCDATASectionProcessor
[THYMELEAF]         * Comment Processors by [precedence]:
[THYMELEAF]             * [1000]: karate.org.thymeleaf.standard.processor.StandardInliningCommentProcessor
[THYMELEAF]     * Processors for Template Mode: TEXT
[THYMELEAF]         * Element Tag Processors by [matching element and attribute name] [precedence]:
[THYMELEAF]             * [* {th:insert}] [100]: karate.org.thymeleaf.standard.processor.StandardInsertTagProcessor
[THYMELEAF]             * [* {th:replace}] [100]: karate.org.thymeleaf.standard.processor.StandardReplaceTagProcessor
[THYMELEAF]             * [* {th:each}] [200]: com.intuit.karate.template.KarateEachTagProcessor
[THYMELEAF]             * [* {th:switch}] [250]: karate.org.thymeleaf.standard.processor.StandardSwitchTagProcessor
[THYMELEAF]             * [* {th:case}] [275]: karate.org.thymeleaf.standard.processor.StandardCaseTagProcessor
[THYMELEAF]             * [* {th:if}] [300]: karate.org.thymeleaf.standard.processor.StandardIfTagProcessor
[THYMELEAF]             * [* {th:unless}] [400]: karate.org.thymeleaf.standard.processor.StandardUnlessTagProcessor
[THYMELEAF]             * [* {th:object}] [500]: karate.org.thymeleaf.standard.processor.StandardObjectTagProcessor
[THYMELEAF]             * [* {th:with}] [600]: com.intuit.karate.template.KarateWithTagProcessor
[THYMELEAF]             * [* {th:inline}] [1000]: karate.org.thymeleaf.standard.processor.StandardInlineTextualTagProcessor
[THYMELEAF]             * [* {th:text}] [1300]: karate.org.thymeleaf.standard.processor.StandardTextTagProcessor
[THYMELEAF]             * [* {th:utext}] [1400]: karate.org.thymeleaf.standard.processor.StandardUtextTagProcessor
[THYMELEAF]             * [* {th:assert}] [1550]: karate.org.thymeleaf.standard.processor.StandardAssertTagProcessor
[THYMELEAF]             * [* {th:remove}] [1600]: karate.org.thymeleaf.standard.processor.StandardRemoveTagProcessor
[THYMELEAF]             * [* 100000] [karate.org.thymeleaf.standard.processor.StandardBlockTagProcessor]: {}
[THYMELEAF]             * [{th:block} *] [100000]: karate.org.thymeleaf.standard.processor.StandardBlockTagProcessor
[THYMELEAF]         * Text Processors by [precedence]:
[THYMELEAF]             * [1000]: karate.org.thymeleaf.standard.processor.StandardInliningTextProcessor
[THYMELEAF]     * Processors for Template Mode: JAVASCRIPT
[THYMELEAF]         * Element Tag Processors by [matching element and attribute name] [precedence]:
[THYMELEAF]             * [* {th:insert}] [100]: karate.org.thymeleaf.standard.processor.StandardInsertTagProcessor
[THYMELEAF]             * [* {th:replace}] [100]: karate.org.thymeleaf.standard.processor.StandardReplaceTagProcessor
[THYMELEAF]             * [* {th:each}] [200]: com.intuit.karate.template.KarateEachTagProcessor
[THYMELEAF]             * [* {th:switch}] [250]: karate.org.thymeleaf.standard.processor.StandardSwitchTagProcessor
[THYMELEAF]             * [* {th:case}] [275]: karate.org.thymeleaf.standard.processor.StandardCaseTagProcessor
[THYMELEAF]             * [* {th:if}] [300]: karate.org.thymeleaf.standard.processor.StandardIfTagProcessor
[THYMELEAF]             * [* {th:unless}] [400]: karate.org.thymeleaf.standard.processor.StandardUnlessTagProcessor
[THYMELEAF]             * [* {th:object}] [500]: karate.org.thymeleaf.standard.processor.StandardObjectTagProcessor
[THYMELEAF]             * [* {th:with}] [600]: com.intuit.karate.template.KarateWithTagProcessor
[THYMELEAF]             * [* {th:inline}] [1000]: karate.org.thymeleaf.standard.processor.StandardInlineTextualTagProcessor
[THYMELEAF]             * [* {th:text}] [1300]: karate.org.thymeleaf.standard.processor.StandardTextTagProcessor
[THYMELEAF]             * [* {th:utext}] [1400]: karate.org.thymeleaf.standard.processor.StandardUtextTagProcessor
[THYMELEAF]             * [* {th:assert}] [1550]: karate.org.thymeleaf.standard.processor.StandardAssertTagProcessor
[THYMELEAF]             * [* {th:remove}] [1600]: karate.org.thymeleaf.standard.processor.StandardRemoveTagProcessor
[THYMELEAF]             * [{th:block} *] [100000]: karate.org.thymeleaf.standard.processor.StandardBlockTagProcessor
[THYMELEAF]             * [* 100000] [karate.org.thymeleaf.standard.processor.StandardBlockTagProcessor]: {}
[THYMELEAF]         * Text Processors by [precedence]:
[THYMELEAF]             * [1000]: karate.org.thymeleaf.standard.processor.StandardInliningTextProcessor
[THYMELEAF]     * Processors for Template Mode: CSS
[THYMELEAF]         * Element Tag Processors by [matching element and attribute name] [precedence]:
[THYMELEAF]             * [* {th:insert}] [100]: karate.org.thymeleaf.standard.processor.StandardInsertTagProcessor
[THYMELEAF]             * [* {th:replace}] [100]: karate.org.thymeleaf.standard.processor.StandardReplaceTagProcessor
[THYMELEAF]             * [* {th:each}] [200]: com.intuit.karate.template.KarateEachTagProcessor
[THYMELEAF]             * [* {th:switch}] [250]: karate.org.thymeleaf.standard.processor.StandardSwitchTagProcessor
[THYMELEAF]             * [* {th:case}] [275]: karate.org.thymeleaf.standard.processor.StandardCaseTagProcessor
[THYMELEAF]             * [* {th:if}] [300]: karate.org.thymeleaf.standard.processor.StandardIfTagProcessor
[THYMELEAF]             * [* {th:unless}] [400]: karate.org.thymeleaf.standard.processor.StandardUnlessTagProcessor
[THYMELEAF]             * [* {th:object}] [500]: karate.org.thymeleaf.standard.processor.StandardObjectTagProcessor
[THYMELEAF]             * [* {th:with}] [600]: com.intuit.karate.template.KarateWithTagProcessor
[THYMELEAF]             * [* {th:inline}] [1000]: karate.org.thymeleaf.standard.processor.StandardInlineTextualTagProcessor
[THYMELEAF]             * [* {th:text}] [1300]: karate.org.thymeleaf.standard.processor.StandardTextTagProcessor
[THYMELEAF]             * [* {th:utext}] [1400]: karate.org.thymeleaf.standard.processor.StandardUtextTagProcessor
[THYMELEAF]             * [* {th:assert}] [1550]: karate.org.thymeleaf.standard.processor.StandardAssertTagProcessor
[THYMELEAF]             * [* {th:remove}] [1600]: karate.org.thymeleaf.standard.processor.StandardRemoveTagProcessor
[THYMELEAF]             * [{th:block} *] [100000]: karate.org.thymeleaf.standard.processor.StandardBlockTagProcessor
[THYMELEAF]             * [* 100000] [karate.org.thymeleaf.standard.processor.StandardBlockTagProcessor]: {}
[THYMELEAF]         * Text Processors by [precedence]:
[THYMELEAF]             * [1000]: karate.org.thymeleaf.standard.processor.StandardInliningTextProcessor
[THYMELEAF]     * Expression Objects:
[THYMELEAF]         * #ctx
[THYMELEAF]         * #root
[THYMELEAF]         * #vars
[THYMELEAF]         * #object
[THYMELEAF]         * #locale
[THYMELEAF]         * #request
[THYMELEAF]         * #response
[THYMELEAF]         * #session
[THYMELEAF]         * #servletContext
[THYMELEAF]         * #conversions
[THYMELEAF]         * #uris
[THYMELEAF]         * #calendars
[THYMELEAF]         * #dates
[THYMELEAF]         * #bools
[THYMELEAF]         * #numbers
[THYMELEAF]         * #objects
[THYMELEAF]         * #strings
[THYMELEAF]         * #arrays
[THYMELEAF]         * #lists
[THYMELEAF]         * #sets
[THYMELEAF]         * #maps
[THYMELEAF]         * #aggregates
[THYMELEAF]         * #messages
[THYMELEAF]         * #ids
[THYMELEAF]         * #execInfo
[THYMELEAF]         * #httpServletRequest
[THYMELEAF]         * #httpSession
[THYMELEAF]     * Execution Attributes:
[THYMELEAF]         * "StandardExpressionParser": com.intuit.karate.template.KarateStandardDialect@3434a4f0
[THYMELEAF]         * "StandardJavaScriptSerializer": karate.org.thymeleaf.standard.serializer.StandardJavaScriptSerializer@13250132
[THYMELEAF]         * "StandardCSSSerializer": karate.org.thymeleaf.standard.serializer.StandardCSSSerializer@40d848f9
[THYMELEAF]         * "StandardVariableExpressionEvaluator": com.intuit.karate.template.KarateStandardDialect@3434a4f0
[THYMELEAF]         * "StandardConversionService": karate.org.thymeleaf.standard.expression.StandardConversionService@4a864d4d
[THYMELEAF] * Dialect [2 of 2]: karate (com.intuit.karate.template.KarateScriptDialect)
[THYMELEAF]     * Prefix: "ka"
[THYMELEAF]     * Processors for Template Mode: HTML
[THYMELEAF]         * Element Tag Processors by [matching element and attribute name] [precedence]:
[THYMELEAF]             * [* {src}] [1000]: com.intuit.karate.template.KaScriptAttrProcessor
[THYMELEAF]         * Element Model Processors by [matching element and attribute name] [precedence]:
[THYMELEAF]             * [{script} {ka:scope,data-ka-scope}] [1000]: com.intuit.karate.template.KaScriptElemProcessor
[THYMELEAF]             * [* {ka:set,data-ka-set}] [1000]: com.intuit.karate.template.KaSetElemProcessor
[THYMELEAF] TEMPLATE ENGINE CONFIGURED OK
20:02:06.581 [main] DEBUG karate.org.thymeleaf.TemplateEngine - [THYMELEAF] TEMPLATE ENGINE INITIALIZED
---------------------------------------------------------
feature: classpath:com/big/features/APIfeatures/FIS-API/FIS-API.feature
scenarios: 11 | passed:  0 | failed: 11 | time: 0.0000
---------------------------------------------------------

20:02:06.921 [main] INFO com.intuit.karate.Suite - <<fail>> feature 3 of 12 (0 remaining) classpath:com/big/features/APIfeatures/FIS-API/FIS-API.feature
20:02:06.928 [main] ERROR com.intuit.karate - classpath:com/big/features/APIfeatures/SCU/DataTable.feature:7
Given I am on Google home Page
no step-definition method match found for: I am on Google home Page
classpath:com/big/features/APIfeatures/SCU/DataTable.feature:7
20:02:06.935 [main] DEBUG karate.org.thymeleaf.TemplateEngine - [THYMELEAF] INITIALIZING TEMPLATE ENGINE
20:02:06.959 [main] DEBUG karate.org.thymeleaf.TemplateEngine.CONFIG - Initializing Thymeleaf Template engine configuration...
[THYMELEAF] TEMPLATE ENGINE CONFIGURATION:
[THYMELEAF] * Thymeleaf version: 3.0.14.RELEASE (built 2021-12-08T00:45:29+0000)
[THYMELEAF] * Cache Manager implementation: karate.org.thymeleaf.cache.StandardCacheManager
[THYMELEAF] * Template resolvers:
[THYMELEAF]     * [1] com.intuit.karate.template.ResourceHtmlTemplateResolver
[THYMELEAF] * Message resolvers:
[THYMELEAF]     * karate.org.thymeleaf.messageresolver.StandardMessageResolver
[THYMELEAF] * Link builders:
[THYMELEAF]     * karate.org.thymeleaf.linkbuilder.StandardLinkBuilder
[THYMELEAF] * Dialect [1 of 2]: Standard (com.intuit.karate.template.KarateStandardDialect)
[THYMELEAF]     * Prefix: "th"
[THYMELEAF]     * Processors for Template Mode: HTML
[THYMELEAF]         * Element Tag Processors by [matching element and attribute name] [precedence]:
[THYMELEAF]             * [* {th:include,data-th-include}] [100]: karate.org.thymeleaf.standard.processor.StandardIncludeTagProcessor
[THYMELEAF]             * [* {th:insert,data-th-insert}] [100]: karate.org.thymeleaf.standard.processor.StandardInsertTagProcessor
[THYMELEAF]             * [* {th:replace,data-th-replace}] [100]: karate.org.thymeleaf.standard.processor.StandardReplaceTagProcessor
[THYMELEAF]             * [* {th:substituteby,data-th-substituteby}] [100]: karate.org.thymeleaf.standard.processor.StandardSubstituteByTagProcessor
[THYMELEAF]             * [* {th:each,data-th-each}] [200]: com.intuit.karate.template.KarateEachTagProcessor
[THYMELEAF]             * [* {th:switch,data-th-switch}] [250]: karate.org.thymeleaf.standard.processor.StandardSwitchTagProcessor
[THYMELEAF]             * [* {th:case,data-th-case}] [275]: karate.org.thymeleaf.standard.processor.StandardCaseTagProcessor
[THYMELEAF]             * [* {th:if,data-th-if}] [300]: karate.org.thymeleaf.standard.processor.StandardIfTagProcessor
[THYMELEAF]             * [* {th:unless,data-th-unless}] [400]: karate.org.thymeleaf.standard.processor.StandardUnlessTagProcessor
[THYMELEAF]             * [* {th:object,data-th-object}] [500]: karate.org.thymeleaf.standard.processor.StandardObjectTagProcessor
[THYMELEAF]             * [* {th:with,data-th-with}] [600]: com.intuit.karate.template.KarateWithTagProcessor
[THYMELEAF]             * [* {th:attr,data-th-attr}] [700]: com.intuit.karate.template.KarateAttributeTagProcessor.KarateAttrTagProcessor
[THYMELEAF]             * [* {th:attrappend,data-th-attrappend}] [900]: com.intuit.karate.template.KarateAttributeTagProcessor.KarateAttrappendTagProcessor
[THYMELEAF]             * [* {th:attrprepend,data-th-attrprepend}] [900]: com.intuit.karate.template.KarateAttributeTagProcessor.KarateAttrprependTagProcessor
[THYMELEAF]             * [* {th:alt-title,data-th-alt-title}] [990]: karate.org.thymeleaf.standard.processor.StandardAltTitleTagProcessor
[THYMELEAF]             * [* {th:lang-xmllang,data-th-lang-xmllang}] [990]: karate.org.thymeleaf.standard.processor.StandardLangXmlLangTagProcessor
[THYMELEAF]             * [* {th:action,data-th-action}] [1000]: karate.org.thymeleaf.standard.processor.StandardActionTagProcessor
[THYMELEAF]             * [* {th:seamless,data-th-seamless}] [1000]: karate.org.thymeleaf.standard.processor.StandardConditionalFixedValueTagProcessor
[THYMELEAF]             * [* {th:loop,data-th-loop}] [1000]: karate.org.thymeleaf.standard.processor.StandardConditionalFixedValueTagProcessor
[THYMELEAF]             * [* {th:autoplay,data-th-autoplay}] [1000]: karate.org.thymeleaf.standard.processor.StandardConditionalFixedValueTagProcessor
[THYMELEAF]             * [* {th:checked,data-th-checked}] [1000]: karate.org.thymeleaf.standard.processor.StandardConditionalFixedValueTagProcessor
[THYMELEAF]             * [* {th:pubdate,data-th-pubdate}] [1000]: karate.org.thymeleaf.standard.processor.StandardConditionalFixedValueTagProcessor
[THYMELEAF]             * [* {th:novalidate,data-th-novalidate}] [1000]: karate.org.thymeleaf.standard.processor.StandardConditionalFixedValueTagProcessor
[THYMELEAF]             * [* {th:reversed,data-th-reversed}] [1000]: karate.org.thymeleaf.standard.processor.StandardConditionalFixedValueTagProcessor
[THYMELEAF]             * [* {th:nowrap,data-th-nowrap}] [1000]: karate.org.thymeleaf.standard.processor.StandardConditionalFixedValueTagProcessor
[THYMELEAF]             * [* {th:scoped,data-th-scoped}] [1000]: karate.org.thymeleaf.standard.processor.StandardConditionalFixedValueTagProcessor
[THYMELEAF]             * [* {th:open,data-th-open}] [1000]: karate.org.thymeleaf.standard.processor.StandardConditionalFixedValueTagProcessor
[THYMELEAF]             * [* {th:selected,data-th-selected}] [1000]: karate.org.thymeleaf.standard.processor.StandardConditionalFixedValueTagProcessor
[THYMELEAF]             * [* {th:async,data-th-async}] [1000]: karate.org.thymeleaf.standard.processor.StandardConditionalFixedValueTagProcessor
[THYMELEAF]             * [* {th:defer,data-th-defer}] [1000]: karate.org.thymeleaf.standard.processor.StandardConditionalFixedValueTagProcessor
[THYMELEAF]             * [* {th:autofocus,data-th-autofocus}] [1000]: karate.org.thymeleaf.standard.processor.StandardConditionalFixedValueTagProcessor
[THYMELEAF]             * [* {th:declare,data-th-declare}] [1000]: karate.org.thymeleaf.standard.processor.StandardConditionalFixedValueTagProcessor
[THYMELEAF]             * [* {th:default,data-th-default}] [1000]: karate.org.thymeleaf.standard.processor.StandardConditionalFixedValueTagProcessor
[THYMELEAF]             * [* {th:formnovalidate,data-th-formnovalidate}] [1000]: karate.org.thymeleaf.standard.processor.StandardConditionalFixedValueTagProcessor
[THYMELEAF]             * [* {th:readonly,data-th-readonly}] [1000]: karate.org.thymeleaf.standard.processor.StandardConditionalFixedValueTagProcessor
[THYMELEAF]             * [* {th:required,data-th-required}] [1000]: karate.org.thymeleaf.standard.processor.StandardConditionalFixedValueTagProcessor
[THYMELEAF]             * [* {th:controls,data-th-controls}] [1000]: karate.org.thymeleaf.standard.processor.StandardConditionalFixedValueTagProcessor
[THYMELEAF]             * [* {th:hidden,data-th-hidden}] [1000]: karate.org.thymeleaf.standard.processor.StandardConditionalFixedValueTagProcessor
[THYMELEAF]             * [* {th:multiple,data-th-multiple}] [1000]: karate.org.thymeleaf.standard.processor.StandardConditionalFixedValueTagProcessor
[THYMELEAF]             * [* {th:disabled,data-th-disabled}] [1000]: karate.org.thymeleaf.standard.processor.StandardConditionalFixedValueTagProcessor
[THYMELEAF]             * [* {th:ismap,data-th-ismap}] [1000]: karate.org.thymeleaf.standard.processor.StandardConditionalFixedValueTagProcessor
[THYMELEAF]             * [* {th:onpopstate,data-th-onpopstate}] [1000]: karate.org.thymeleaf.standard.processor.StandardDOMEventAttributeTagProcessor
[THYMELEAF]             * [* {th:onscroll,data-th-onscroll}] [1000]: karate.org.thymeleaf.standard.processor.StandardDOMEventAttributeTagProcessor
[THYMELEAF]             * [* {th:onsubmit,data-th-onsubmit}] [1000]: karate.org.thymeleaf.standard.processor.StandardDOMEventAttributeTagProcessor
[THYMELEAF]             * [* {th:onselect,data-th-onselect}] [1000]: karate.org.thymeleaf.standard.processor.StandardDOMEventAttributeTagProcessor
[THYMELEAF]             * [* {th:onabort,data-th-onabort}] [1000]: karate.org.thymeleaf.standard.processor.StandardDOMEventAttributeTagProcessor
[THYMELEAF]             * [* {th:oninput,data-th-oninput}] [1000]: karate.org.thymeleaf.standard.processor.StandardDOMEventAttributeTagProcessor
[THYMELEAF]             * [* {th:onratechange,data-th-onratechange}] [1000]: karate.org.thymeleaf.standard.processor.StandardDOMEventAttributeTagProcessor
[THYMELEAF]             * [* {th:ondragstart,data-th-ondragstart}] [1000]: karate.org.thymeleaf.standard.processor.StandardDOMEventAttributeTagProcessor
[THYMELEAF]             * [* {th:onloadedmetadata,data-th-onloadedmetadata}] [1000]: karate.org.thymeleaf.standard.processor.StandardDOMEventAttributeTagProcessor
[THYMELEAF]             * [* {th:oncanplaythrough,data-th-oncanplaythrough}] [1000]: karate.org.thymeleaf.standard.processor.StandardDOMEventAttributeTagProcessor
[THYMELEAF]             * [* {th:onkeydown,data-th-onkeydown}] [1000]: karate.org.thymeleaf.standard.processor.StandardDOMEventAttributeTagProcessor
[THYMELEAF]             * [* {th:onwaiting,data-th-onwaiting}] [1000]: karate.org.thymeleaf.standard.processor.StandardDOMEventAttributeTagProcessor
[THYMELEAF]             * [* {th:onreset,data-th-onreset}] [1000]: karate.org.thymeleaf.standard.processor.StandardDOMEventAttributeTagProcessor
[THYMELEAF]             * [* {th:oninvalid,data-th-oninvalid}] [1000]: karate.org.thymeleaf.standard.processor.StandardDOMEventAttributeTagProcessor
[THYMELEAF]             * [* {th:onkeypress,data-th-onkeypress}] [1000]: karate.org.thymeleaf.standard.processor.StandardDOMEventAttributeTagProcessor
[THYMELEAF]             * [* {th:ondragenter,data-th-ondragenter}] [1000]: karate.org.thymeleaf.standard.processor.StandardDOMEventAttributeTagProcessor
[THYMELEAF]             * [* {th:onmousewheel,data-th-onmousewheel}] [1000]: karate.org.thymeleaf.standard.processor.StandardDOMEventAttributeTagProcessor
[THYMELEAF]             * [* {th:onstorage,data-th-onstorage}] [1000]: karate.org.thymeleaf.standard.processor.StandardDOMEventAttributeTagProcessor
[THYMELEAF]             * [* {th:onprogress,data-th-onprogress}] [1000]: karate.org.thymeleaf.standard.processor.StandardDOMEventAttributeTagProcessor
[THYMELEAF]             * [* {th:onloadeddata,data-th-onloadeddata}] [1000]: karate.org.thymeleaf.standard.processor.StandardDOMEventAttributeTagProcessor
[THYMELEAF]             * [* {th:oncanplay,data-th-oncanplay}] [1000]: karate.org.thymeleaf.standard.processor.StandardDOMEventAttributeTagProcessor
[THYMELEAF]             * [* {th:ondblclick,data-th-ondblclick}] [1000]: karate.org.thymeleaf.standard.processor.StandardDOMEventAttributeTagProcessor
[THYMELEAF]             * [* {th:onmousemove,data-th-onmousemove}] [1000]: karate.org.thymeleaf.standard.processor.StandardDOMEventAttributeTagProcessor
[THYMELEAF]             * [* {th:onreadystatechange,data-th-onreadystatechange}] [1000]: karate.org.thymeleaf.standard.processor.StandardDOMEventAttributeTagProcessor
[THYMELEAF]             * [* {th:onerror,data-th-onerror}] [1000]: karate.org.thymeleaf.standard.processor.StandardDOMEventAttributeTagProcessor
[THYMELEAF]             * [* {th:onstalled,data-th-onstalled}] [1000]: karate.org.thymeleaf.standard.processor.StandardDOMEventAttributeTagProcessor
[THYMELEAF]             * [* {th:onpause,data-th-onpause}] [1000]: karate.org.thymeleaf.standard.processor.StandardDOMEventAttributeTagProcessor
[THYMELEAF]             * [* {th:onplay,data-th-onplay}] [1000]: karate.org.thymeleaf.standard.processor.StandardDOMEventAttributeTagProcessor
[THYMELEAF]             * [* {th:onload,data-th-onload}] [1000]: karate.org.thymeleaf.standard.processor.StandardDOMEventAttributeTagProcessor
[THYMELEAF]             * [* {th:onmouseup,data-th-onmouseup}] [1000]: karate.org.thymeleaf.standard.processor.StandardDOMEventAttributeTagProcessor
[THYMELEAF]             * [* {th:onplaying,data-th-onplaying}] [1000]: karate.org.thymeleaf.standard.processor.StandardDOMEventAttributeTagProcessor
[THYMELEAF]             * [* {th:onchange,data-th-onchange}] [1000]: karate.org.thymeleaf.standard.processor.StandardDOMEventAttributeTagProcessor
[THYMELEAF]             * [* {th:onloadstart,data-th-onloadstart}] [1000]: karate.org.thymeleaf.standard.processor.StandardDOMEventAttributeTagProcessor
[THYMELEAF]             * [* {th:ontimeupdate,data-th-ontimeupdate}] [1000]: karate.org.thymeleaf.standard.processor.StandardDOMEventAttributeTagProcessor
[THYMELEAF]             * [* {th:ondragover,data-th-ondragover}] [1000]: karate.org.thymeleaf.standard.processor.StandardDOMEventAttributeTagProcessor
[THYMELEAF]             * [* {th:onkeyup,data-th-onkeyup}] [1000]: karate.org.thymeleaf.standard.processor.StandardDOMEventAttributeTagProcessor
[THYMELEAF]             * [* {th:onblur,data-th-onblur}] [1000]: karate.org.thymeleaf.standard.processor.StandardDOMEventAttributeTagProcessor
[THYMELEAF]             * [* {th:ondrag,data-th-ondrag}] [1000]: karate.org.thymeleaf.standard.processor.StandardDOMEventAttributeTagProcessor
[THYMELEAF]             * [* {th:onforminput,data-th-onforminput}] [1000]: karate.org.thymeleaf.standard.processor.StandardDOMEventAttributeTagProcessor
[THYMELEAF]             * [* {th:onended,data-th-onended}] [1000]: karate.org.thymeleaf.standard.processor.StandardDOMEventAttributeTagProcessor
[THYMELEAF]             * [* {th:onunload,data-th-onunload}] [1000]: karate.org.thymeleaf.standard.processor.StandardDOMEventAttributeTagProcessor
[THYMELEAF]             * [* {th:onclick,data-th-onclick}] [1000]: karate.org.thymeleaf.standard.processor.StandardDOMEventAttributeTagProcessor
[THYMELEAF]             * [* {th:oncontextmenu,data-th-oncontextmenu}] [1000]: karate.org.thymeleaf.standard.processor.StandardDOMEventAttributeTagProcessor
[THYMELEAF]             * [* {th:onmousedown,data-th-onmousedown}] [1000]: karate.org.thymeleaf.standard.processor.StandardDOMEventAttributeTagProcessor
[THYMELEAF]             * [* {th:onvolumechange,data-th-onvolumechange}] [1000]: karate.org.thymeleaf.standard.processor.StandardDOMEventAttributeTagProcessor
[THYMELEAF]             * [* {th:onhashchange,data-th-onhashchange}] [1000]: karate.org.thymeleaf.standard.processor.StandardDOMEventAttributeTagProcessor
[THYMELEAF]             * [* {th:ononline,data-th-ononline}] [1000]: karate.org.thymeleaf.standard.processor.StandardDOMEventAttributeTagProcessor
[THYMELEAF]             * [* {th:ondragend,data-th-ondragend}] [1000]: karate.org.thymeleaf.standard.processor.StandardDOMEventAttributeTagProcessor
[THYMELEAF]             * [* {th:onbeforeunload,data-th-onbeforeunload}] [1000]: karate.org.thymeleaf.standard.processor.StandardDOMEventAttributeTagProcessor
[THYMELEAF]             * [* {th:onredo,data-th-onredo}] [1000]: karate.org.thymeleaf.standard.processor.StandardDOMEventAttributeTagProcessor
[THYMELEAF]             * [* {th:onmessage,data-th-onmessage}] [1000]: karate.org.thymeleaf.standard.processor.StandardDOMEventAttributeTagProcessor
[THYMELEAF]             * [* {th:onshow,data-th-onshow}] [1000]: karate.org.thymeleaf.standard.processor.StandardDOMEventAttributeTagProcessor
[THYMELEAF]             * [* {th:ondrop,data-th-ondrop}] [1000]: karate.org.thymeleaf.standard.processor.StandardDOMEventAttributeTagProcessor
[THYMELEAF]             * [* {th:onmouseover,data-th-onmouseover}] [1000]: karate.org.thymeleaf.standard.processor.StandardDOMEventAttributeTagProcessor
[THYMELEAF]             * [* {th:onseeking,data-th-onseeking}] [1000]: karate.org.thymeleaf.standard.processor.StandardDOMEventAttributeTagProcessor
[THYMELEAF]             * [* {th:onemptied,data-th-onemptied}] [1000]: karate.org.thymeleaf.standard.processor.StandardDOMEventAttributeTagProcessor
[THYMELEAF]             * [* {th:onoffline,data-th-onoffline}] [1000]: karate.org.thymeleaf.standard.processor.StandardDOMEventAttributeTagProcessor
[THYMELEAF]             * [* {th:onformchange,data-th-onformchange}] [1000]: karate.org.thymeleaf.standard.processor.StandardDOMEventAttributeTagProcessor
[THYMELEAF]             * [* {th:onsuspend,data-th-onsuspend}] [1000]: karate.org.thymeleaf.standard.processor.StandardDOMEventAttributeTagProcessor
[THYMELEAF]             * [* {th:ondurationchange,data-th-ondurationchange}] [1000]: karate.org.thymeleaf.standard.processor.StandardDOMEventAttributeTagProcessor
[THYMELEAF]             * [* {th:onbeforeprint,data-th-onbeforeprint}] [1000]: karate.org.thymeleaf.standard.processor.StandardDOMEventAttributeTagProcessor
[THYMELEAF]             * [* {th:onundo,data-th-onundo}] [1000]: karate.org.thymeleaf.standard.processor.StandardDOMEventAttributeTagProcessor
[THYMELEAF]             * [* {th:onmouseout,data-th-onmouseout}] [1000]: karate.org.thymeleaf.standard.processor.StandardDOMEventAttributeTagProcessor
[THYMELEAF]             * [* {th:onfocus,data-th-onfocus}] [1000]: karate.org.thymeleaf.standard.processor.StandardDOMEventAttributeTagProcessor
[THYMELEAF]             * [* {th:onafterprint,data-th-onafterprint}] [1000]: karate.org.thymeleaf.standard.processor.StandardDOMEventAttributeTagProcessor
[THYMELEAF]             * [* {th:onresize,data-th-onresize}] [1000]: karate.org.thymeleaf.standard.processor.StandardDOMEventAttributeTagProcessor
[THYMELEAF]             * [* {th:onseeked,data-th-onseeked}] [1000]: karate.org.thymeleaf.standard.processor.StandardDOMEventAttributeTagProcessor
[THYMELEAF]             * [* {th:ondragleave,data-th-ondragleave}] [1000]: karate.org.thymeleaf.standard.processor.StandardDOMEventAttributeTagProcessor
[THYMELEAF]             * [* {th:href,data-th-href}] [1000]: karate.org.thymeleaf.standard.processor.StandardHrefTagProcessor
[THYMELEAF]             * [* {th:inline,data-th-inline}] [1000]: karate.org.thymeleaf.standard.processor.StandardInlineHTMLTagProcessor
[THYMELEAF]             * [* {th:method,data-th-method}] [1000]: karate.org.thymeleaf.standard.processor.StandardMethodTagProcessor
[THYMELEAF]             * [* {th:name,data-th-name}] [1000]: karate.org.thymeleaf.standard.processor.StandardNonRemovableAttributeTagProcessor
[THYMELEAF]             * [* {th:type,data-th-type}] [1000]: karate.org.thymeleaf.standard.processor.StandardNonRemovableAttributeTagProcessor
[THYMELEAF]             * [* {th:hreflang,data-th-hreflang}] [1000]: karate.org.thymeleaf.standard.processor.StandardRemovableAttributeTagProcessor
[THYMELEAF]             * [* {th:cite,data-th-cite}] [1000]: karate.org.thymeleaf.standard.processor.StandardRemovableAttributeTagProcessor
[THYMELEAF]             * [* {th:media,data-th-media}] [1000]: karate.org.thymeleaf.standard.processor.StandardRemovableAttributeTagProcessor
[THYMELEAF]             * [* {th:formtarget,data-th-formtarget}] [1000]: karate.org.thymeleaf.standard.processor.StandardRemovableAttributeTagProcessor
[THYMELEAF]             * [* {th:height,data-th-height}] [1000]: karate.org.thymeleaf.standard.processor.StandardRemovableAttributeTagProcessor
[THYMELEAF]             * [* {th:start,data-th-start}] [1000]: karate.org.thymeleaf.standard.processor.StandardRemovableAttributeTagProcessor
[THYMELEAF]             * [* {th:standby,data-th-standby}] [1000]: karate.org.thymeleaf.standard.processor.StandardRemovableAttributeTagProcessor
[THYMELEAF]             * [* {th:label,data-th-label}] [1000]: karate.org.thymeleaf.standard.processor.StandardRemovableAttributeTagProcessor
[THYMELEAF]             * [* {th:width,data-th-width}] [1000]: karate.org.thymeleaf.standard.processor.StandardRemovableAttributeTagProcessor
[THYMELEAF]             * [* {th:manifest,data-th-manifest}] [1000]: karate.org.thymeleaf.standard.processor.StandardRemovableAttributeTagProcessor
[THYMELEAF]             * [* {th:accept-charset,data-th-accept-charset}] [1000]: karate.org.thymeleaf.standard.processor.StandardRemovableAttributeTagProcessor
[THYMELEAF]             * [* {th:formmethod,data-th-formmethod}] [1000]: karate.org.thymeleaf.standard.processor.StandardRemovableAttributeTagProcessor
[THYMELEAF]             * [* {th:archive,data-th-archive}] [1000]: karate.org.thymeleaf.standard.processor.StandardRemovableAttributeTagProcessor
[THYMELEAF]             * [* {th:codebase,data-th-codebase}] [1000]: karate.org.thymeleaf.standard.processor.StandardRemovableAttributeTagProcessor
[THYMELEAF]             * [* {th:scrolling,data-th-scrolling}] [1000]: karate.org.thymeleaf.standard.processor.StandardRemovableAttributeTagProcessor
[THYMELEAF]             * [* {th:accept,data-th-accept}] [1000]: karate.org.thymeleaf.standard.processor.StandardRemovableAttributeTagProcessor
[THYMELEAF]             * [* {th:kind,data-th-kind}] [1000]: karate.org.thymeleaf.standard.processor.StandardRemovableAttributeTagProcessor
[THYMELEAF]             * [* {th:enctype,data-th-enctype}] [1000]: karate.org.thymeleaf.standard.processor.StandardRemovableAttributeTagProcessor
[THYMELEAF]             * [* {th:cellpadding,data-th-cellpadding}] [1000]: karate.org.thymeleaf.standard.processor.StandardRemovableAttributeTagProcessor
[THYMELEAF]             * [* {th:hspace,data-th-hspace}] [1000]: karate.org.thymeleaf.standard.processor.StandardRemovableAttributeTagProcessor
[THYMELEAF]             * [* {th:rev,data-th-rev}] [1000]: karate.org.thymeleaf.standard.processor.StandardRemovableAttributeTagProcessor
[THYMELEAF]             * [* {th:maxlength,data-th-maxlength}] [1000]: karate.org.thymeleaf.standard.processor.StandardRemovableAttributeTagProcessor
[THYMELEAF]             * [* {th:vspace,data-th-vspace}] [1000]: karate.org.thymeleaf.standard.processor.StandardRemovableAttributeTagProcessor
[THYMELEAF]             * [* {th:usemap,data-th-usemap}] [1000]: karate.org.thymeleaf.standard.processor.StandardRemovableAttributeTagProcessor
[THYMELEAF]             * [* {th:sandbox,data-th-sandbox}] [1000]: karate.org.thymeleaf.standard.processor.StandardRemovableAttributeTagProcessor
[THYMELEAF]             * [* {th:scope,data-th-scope}] [1000]: karate.org.thymeleaf.standard.processor.StandardRemovableAttributeTagProcessor
[THYMELEAF]             * [* {th:valuetype,data-th-valuetype}] [1000]: karate.org.thymeleaf.standard.processor.StandardRemovableAttributeTagProcessor
[THYMELEAF]             * [* {th:formenctype,data-th-formenctype}] [1000]: karate.org.thymeleaf.standard.processor.StandardRemovableAttributeTagProcessor
[THYMELEAF]             * [* {th:optimum,data-th-optimum}] [1000]: karate.org.thymeleaf.standard.processor.StandardRemovableAttributeTagProcessor
[THYMELEAF]             * [* {th:accesskey,data-th-accesskey}] [1000]: karate.org.thymeleaf.standard.processor.StandardRemovableAttributeTagProcessor
[THYMELEAF]             * [* {th:preload,data-th-preload}] [1000]: karate.org.thymeleaf.standard.processor.StandardRemovableAttributeTagProcessor
[THYMELEAF]             * [* {th:formaction,data-th-formaction}] [1000]: karate.org.thymeleaf.standard.processor.StandardRemovableAttributeTagProcessor
[THYMELEAF]             * [* {th:span,data-th-span}] [1000]: karate.org.thymeleaf.standard.processor.StandardRemovableAttributeTagProcessor
[THYMELEAF]             * [* {th:abbr,data-th-abbr}] [1000]: karate.org.thymeleaf.standard.processor.StandardRemovableAttributeTagProcessor
[THYMELEAF]             * [* {th:contextmenu,data-th-contextmenu}] [1000]: karate.org.thymeleaf.standard.processor.StandardRemovableAttributeTagProcessor
[THYMELEAF]             * [* {th:poster,data-th-poster}] [1000]: karate.org.thymeleaf.standard.processor.StandardRemovableAttributeTagProcessor
[THYMELEAF]             * [* {th:pattern,data-th-pattern}] [1000]: karate.org.thymeleaf.standard.processor.StandardRemovableAttributeTagProcessor
[THYMELEAF]             * [* {th:contenteditable,data-th-contenteditable}] [1000]: karate.org.thymeleaf.standard.processor.StandardRemovableAttributeTagProcessor
[THYMELEAF]             * [* {th:rowspan,data-th-rowspan}] [1000]: karate.org.thymeleaf.standard.processor.StandardRemovableAttributeTagProcessor
[THYMELEAF]             * [* {th:background,data-th-background}] [1000]: karate.org.thymeleaf.standard.processor.StandardRemovableAttributeTagProcessor
[THYMELEAF]             * [* {th:spellcheck,data-th-spellcheck}] [1000]: karate.org.thymeleaf.standard.processor.StandardRemovableAttributeTagProcessor
[THYMELEAF]             * [* {th:headers,data-th-headers}] [1000]: karate.org.thymeleaf.standard.processor.StandardRemovableAttributeTagProcessor
[THYMELEAF]             * [* {th:challenge,data-th-challenge}] [1000]: karate.org.thymeleaf.standard.processor.StandardRemovableAttributeTagProcessor
[THYMELEAF]             * [* {th:low,data-th-low}] [1000]: karate.org.thymeleaf.standard.processor.StandardRemovableAttributeTagProcessor
[THYMELEAF]             * [* {th:scheme,data-th-scheme}] [1000]: karate.org.thymeleaf.standard.processor.StandardRemovableAttributeTagProcessor
[THYMELEAF]             * [* {th:draggable,data-th-draggable}] [1000]: karate.org.thymeleaf.standard.processor.StandardRemovableAttributeTagProcessor
[THYMELEAF]             * [* {th:bgcolor,data-th-bgcolor}] [1000]: karate.org.thymeleaf.standard.processor.StandardRemovableAttributeTagProcessor
[THYMELEAF]             * [* {th:form,data-th-form}] [1000]: karate.org.thymeleaf.standard.processor.StandardRemovableAttributeTagProcessor
[THYMELEAF]             * [* {th:autocomplete,data-th-autocomplete}] [1000]: karate.org.thymeleaf.standard.processor.StandardRemovableAttributeTagProcessor
[THYMELEAF]             * [* {th:class,data-th-class}] [1000]: karate.org.thymeleaf.standard.processor.StandardRemovableAttributeTagProcessor
[THYMELEAF]             * [* {th:step,data-th-step}] [1000]: karate.org.thymeleaf.standard.processor.StandardRemovableAttributeTagProcessor
[THYMELEAF]             * [* {th:border,data-th-border}] [1000]: karate.org.thymeleaf.standard.processor.StandardRemovableAttributeTagProcessor
[THYMELEAF]             * [* {th:colspan,data-th-colspan}] [1000]: karate.org.thymeleaf.standard.processor.StandardRemovableAttributeTagProcessor
[THYMELEAF]             * [* {th:longdesc,data-th-longdesc}] [1000]: karate.org.thymeleaf.standard.processor.StandardRemovableAttributeTagProcessor
[THYMELEAF]             * [* {th:keytype,data-th-keytype}] [1000]: karate.org.thymeleaf.standard.processor.StandardRemovableAttributeTagProcessor
[THYMELEAF]             * [* {th:radiogroup,data-th-radiogroup}] [1000]: karate.org.thymeleaf.standard.processor.StandardRemovableAttributeTagProcessor
[THYMELEAF]             * [* {th:max,data-th-max}] [1000]: karate.org.thymeleaf.standard.processor.StandardRemovableAttributeTagProcessor
[THYMELEAF]             * [* {th:rows,data-th-rows}] [1000]: karate.org.thymeleaf.standard.processor.StandardRemovableAttributeTagProcessor
[THYMELEAF]             * [* {th:wrap,data-th-wrap}] [1000]: karate.org.thymeleaf.standard.processor.StandardRemovableAttributeTagProcessor
[THYMELEAF]             * [* {th:target,data-th-target}] [1000]: karate.org.thymeleaf.standard.processor.StandardRemovableAttributeTagProcessor
[THYMELEAF]             * [* {th:list,data-th-list}] [1000]: karate.org.thymeleaf.standard.processor.StandardRemovableAttributeTagProcessor
[THYMELEAF]             * [* {th:content,data-th-content}] [1000]: karate.org.thymeleaf.standard.processor.StandardRemovableAttributeTagProcessor
[THYMELEAF]             * [* {th:frame,data-th-frame}] [1000]: karate.org.thymeleaf.standard.processor.StandardRemovableAttributeTagProcessor
[THYMELEAF]             * [* {th:classid,data-th-classid}] [1000]: karate.org.thymeleaf.standard.processor.StandardRemovableAttributeTagProcessor
[THYMELEAF]             * [* {th:id,data-th-id}] [1000]: karate.org.thymeleaf.standard.processor.StandardRemovableAttributeTagProcessor
[THYMELEAF]             * [* {th:align,data-th-align}] [1000]: karate.org.thymeleaf.standard.processor.StandardRemovableAttributeTagProcessor
[THYMELEAF]             * [* {th:charset,data-th-charset}] [1000]: karate.org.thymeleaf.standard.processor.StandardRemovableAttributeTagProcessor
[THYMELEAF]             * [* {th:title,data-th-title}] [1000]: karate.org.thymeleaf.standard.processor.StandardRemovableAttributeTagProcessor
[THYMELEAF]             * [* {th:high,data-th-high}] [1000]: karate.org.thymeleaf.standard.processor.StandardRemovableAttributeTagProcessor
[THYMELEAF]             * [* {th:min,data-th-min}] [1000]: karate.org.thymeleaf.standard.processor.StandardRemovableAttributeTagProcessor
[THYMELEAF]             * [* {th:datetime,data-th-datetime}] [1000]: karate.org.thymeleaf.standard.processor.StandardRemovableAttributeTagProcessor
[THYMELEAF]             * [* {th:icon,data-th-icon}] [1000]: karate.org.thymeleaf.standard.processor.StandardRemovableAttributeTagProcessor
[THYMELEAF]             * [* {th:placeholder,data-th-placeholder}] [1000]: karate.org.thymeleaf.standard.processor.StandardRemovableAttributeTagProcessor
[THYMELEAF]             * [* {th:for,data-th-for}] [1000]: karate.org.thymeleaf.standard.processor.StandardRemovableAttributeTagProcessor
[THYMELEAF]             * [* {th:cols,data-th-cols}] [1000]: karate.org.thymeleaf.standard.processor.StandardRemovableAttributeTagProcessor
[THYMELEAF]             * [* {th:sizes,data-th-sizes}] [1000]: karate.org.thymeleaf.standard.processor.StandardRemovableAttributeTagProcessor
[THYMELEAF]             * [* {th:alt,data-th-alt}] [1000]: karate.org.thymeleaf.standard.processor.StandardRemovableAttributeTagProcessor
[THYMELEAF]             * [* {th:rel,data-th-rel}] [1000]: karate.org.thymeleaf.standard.processor.StandardRemovableAttributeTagProcessor
[THYMELEAF]             * [* {th:rules,data-th-rules}] [1000]: karate.org.thymeleaf.standard.processor.StandardRemovableAttributeTagProcessor
[THYMELEAF]             * [* {th:dir,data-th-dir}] [1000]: karate.org.thymeleaf.standard.processor.StandardRemovableAttributeTagProcessor
[THYMELEAF]             * [* {th:marginwidth,data-th-marginwidth}] [1000]: karate.org.thymeleaf.standard.processor.StandardRemovableAttributeTagProcessor
[THYMELEAF]             * [* {th:tabindex,data-th-tabindex}] [1000]: karate.org.thymeleaf.standard.processor.StandardRemovableAttributeTagProcessor
[THYMELEAF]             * [* {th:dropzone,data-th-dropzone}] [1000]: karate.org.thymeleaf.standard.processor.StandardRemovableAttributeTagProcessor
[THYMELEAF]             * [* {th:compact,data-th-compact}] [1000]: karate.org.thymeleaf.standard.processor.StandardRemovableAttributeTagProcessor
[THYMELEAF]             * [* {th:marginheight,data-th-marginheight}] [1000]: karate.org.thymeleaf.standard.processor.StandardRemovableAttributeTagProcessor
[THYMELEAF]             * [* {th:http-equiv,data-th-http-equiv}] [1000]: karate.org.thymeleaf.standard.processor.StandardRemovableAttributeTagProcessor
[THYMELEAF]             * [* {th:summary,data-th-summary}] [1000]: karate.org.thymeleaf.standard.processor.StandardRemovableAttributeTagProcessor
[THYMELEAF]             * [* {th:audio,data-th-audio}] [1000]: karate.org.thymeleaf.standard.processor.StandardRemovableAttributeTagProcessor
[THYMELEAF]             * [* {th:srclang,data-th-srclang}] [1000]: karate.org.thymeleaf.standard.processor.StandardRemovableAttributeTagProcessor
[THYMELEAF]             * [* {th:cellspacing,data-th-cellspacing}] [1000]: karate.org.thymeleaf.standard.processor.StandardRemovableAttributeTagProcessor
[THYMELEAF]             * [* {th:data,data-th-data}] [1000]: karate.org.thymeleaf.standard.processor.StandardRemovableAttributeTagProcessor
[THYMELEAF]             * [* {th:lang,data-th-lang}] [1000]: karate.org.thymeleaf.standard.processor.StandardRemovableAttributeTagProcessor
[THYMELEAF]             * [* {th:axis,data-th-axis}] [1000]: karate.org.thymeleaf.standard.processor.StandardRemovableAttributeTagProcessor
[THYMELEAF]             * [* {th:codetype,data-th-codetype}] [1000]: karate.org.thymeleaf.standard.processor.StandardRemovableAttributeTagProcessor
[THYMELEAF]             * [* {th:style,data-th-style}] [1000]: karate.org.thymeleaf.standard.processor.StandardRemovableAttributeTagProcessor
[THYMELEAF]             * [* {th:size,data-th-size}] [1000]: karate.org.thymeleaf.standard.processor.StandardRemovableAttributeTagProcessor
[THYMELEAF]             * [* {th:frameborder,data-th-frameborder}] [1000]: karate.org.thymeleaf.standard.processor.StandardRemovableAttributeTagProcessor
[THYMELEAF]             * [* {th:src,data-th-src}] [1000]: karate.org.thymeleaf.standard.processor.StandardSrcTagProcessor
[THYMELEAF]             * [* {th:value,data-th-value}] [1000]: karate.org.thymeleaf.standard.processor.StandardValueTagProcessor
[THYMELEAF]             * [* {th:xmlbase,data-th-xmlbase}] [1000]: karate.org.thymeleaf.standard.processor.StandardXmlBaseTagProcessor
[THYMELEAF]             * [* {th:xmllang,data-th-xmllang}] [1000]: karate.org.thymeleaf.standard.processor.StandardXmlLangTagProcessor
[THYMELEAF]             * [* {xmlns:th}] [1000]: karate.org.thymeleaf.standard.processor.StandardXmlNsTagProcessor
[THYMELEAF]             * [* {th:xmlspace,data-th-xmlspace}] [1000]: karate.org.thymeleaf.standard.processor.StandardXmlSpaceTagProcessor
[THYMELEAF]             * [* {th:classappend,data-th-classappend}] [1100]: karate.org.thymeleaf.standard.processor.StandardClassappendTagProcessor
[THYMELEAF]             * [* {th:styleappend,data-th-styleappend}] [1100]: karate.org.thymeleaf.standard.processor.StandardStyleappendTagProcessor
[THYMELEAF]             * [* {th:text,data-th-text}] [1300]: karate.org.thymeleaf.standard.processor.StandardTextTagProcessor
[THYMELEAF]             * [* {th:utext,data-th-utext}] [1400]: karate.org.thymeleaf.standard.processor.StandardUtextTagProcessor
[THYMELEAF]             * [* {th:fragment,data-th-fragment}] [1500]: karate.org.thymeleaf.standard.processor.StandardFragmentTagProcessor
[THYMELEAF]             * [* {th:assert,data-th-assert}] [1550]: karate.org.thymeleaf.standard.processor.StandardAssertTagProcessor
[THYMELEAF]             * [* {th:remove,data-th-remove}] [1600]: karate.org.thymeleaf.standard.processor.StandardRemoveTagProcessor
[THYMELEAF]             * [* {th:ref,data-th-ref}] [10000]: karate.org.thymeleaf.standard.processor.StandardRefAttributeTagProcessor
[THYMELEAF]             * [{th:block,th-block} *] [100000]: karate.org.thymeleaf.standard.processor.StandardBlockTagProcessor
[THYMELEAF]             * [* th:*] [2147483647]: karate.org.thymeleaf.standard.processor.StandardDefaultAttributesTagProcessor
[THYMELEAF]         * Text Processors by [precedence]:
[THYMELEAF]             * [1000]: karate.org.thymeleaf.standard.processor.StandardInliningTextProcessor
[THYMELEAF]         * DOCTYPE Processors by [precedence]:
[THYMELEAF]             * [1000]: karate.org.thymeleaf.standard.processor.StandardTranslationDocTypeProcessor
[THYMELEAF]         * CDATA Section Processors by [precedence]:
[THYMELEAF]             * [1000]: karate.org.thymeleaf.standard.processor.StandardInliningCDATASectionProcessor
[THYMELEAF]         * Comment Processors by [precedence]:
[THYMELEAF]             * [1000]: karate.org.thymeleaf.standard.processor.StandardInliningCommentProcessor
[THYMELEAF]             * [1100]: karate.org.thymeleaf.standard.processor.StandardConditionalCommentProcessor
[THYMELEAF]     * Processors for Template Mode: XML
[THYMELEAF]         * Element Tag Processors by [matching element and attribute name] [precedence]:
[THYMELEAF]             * [* {th:include}] [100]: karate.org.thymeleaf.standard.processor.StandardIncludeTagProcessor
[THYMELEAF]             * [* {th:insert}] [100]: karate.org.thymeleaf.standard.processor.StandardInsertTagProcessor
[THYMELEAF]             * [* {th:replace}] [100]: karate.org.thymeleaf.standard.processor.StandardReplaceTagProcessor
[THYMELEAF]             * [* {th:substituteby}] [100]: karate.org.thymeleaf.standard.processor.StandardSubstituteByTagProcessor
[THYMELEAF]             * [* {th:each}] [200]: com.intuit.karate.template.KarateEachTagProcessor
[THYMELEAF]             * [* {th:switch}] [250]: karate.org.thymeleaf.standard.processor.StandardSwitchTagProcessor
[THYMELEAF]             * [* {th:case}] [275]: karate.org.thymeleaf.standard.processor.StandardCaseTagProcessor
[THYMELEAF]             * [* {th:if}] [300]: karate.org.thymeleaf.standard.processor.StandardIfTagProcessor
[THYMELEAF]             * [* {th:unless}] [400]: karate.org.thymeleaf.standard.processor.StandardUnlessTagProcessor
[THYMELEAF]             * [* {th:object}] [500]: karate.org.thymeleaf.standard.processor.StandardObjectTagProcessor
[THYMELEAF]             * [* {th:with}] [600]: com.intuit.karate.template.KarateWithTagProcessor
[THYMELEAF]             * [* {th:attr}] [700]: com.intuit.karate.template.KarateAttributeTagProcessor.KarateAttrTagProcessor
[THYMELEAF]             * [* {th:attrappend}] [900]: com.intuit.karate.template.KarateAttributeTagProcessor.KarateAttrappendTagProcessor
[THYMELEAF]             * [* {th:attrprepend}] [900]: com.intuit.karate.template.KarateAttributeTagProcessor.KarateAttrprependTagProcessor
[THYMELEAF]             * [* {th:inline}] [1000]: karate.org.thymeleaf.standard.processor.StandardInlineXMLTagProcessor
[THYMELEAF]             * [* {xmlns:th}] [1000]: karate.org.thymeleaf.standard.processor.StandardXmlNsTagProcessor
[THYMELEAF]             * [* {th:text}] [1300]: karate.org.thymeleaf.standard.processor.StandardTextTagProcessor
[THYMELEAF]             * [* {th:utext}] [1400]: karate.org.thymeleaf.standard.processor.StandardUtextTagProcessor
[THYMELEAF]             * [* {th:fragment}] [1500]: karate.org.thymeleaf.standard.processor.StandardFragmentTagProcessor
[THYMELEAF]             * [* {th:assert}] [1550]: karate.org.thymeleaf.standard.processor.StandardAssertTagProcessor
[THYMELEAF]             * [* {th:remove}] [1600]: karate.org.thymeleaf.standard.processor.StandardRemoveTagProcessor
[THYMELEAF]             * [* {th:ref}] [10000]: karate.org.thymeleaf.standard.processor.StandardRefAttributeTagProcessor
[THYMELEAF]             * [{th:block} *] [100000]: karate.org.thymeleaf.standard.processor.StandardBlockTagProcessor
[THYMELEAF]             * [* th:*] [2147483647]: karate.org.thymeleaf.standard.processor.StandardDefaultAttributesTagProcessor
[THYMELEAF]         * Text Processors by [precedence]:
[THYMELEAF]             * [1000]: karate.org.thymeleaf.standard.processor.StandardInliningTextProcessor
[THYMELEAF]         * CDATA Section Processors by [precedence]:
[THYMELEAF]             * [1000]: karate.org.thymeleaf.standard.processor.StandardInliningCDATASectionProcessor
[THYMELEAF]         * Comment Processors by [precedence]:
[THYMELEAF]             * [1000]: karate.org.thymeleaf.standard.processor.StandardInliningCommentProcessor
[THYMELEAF]     * Processors for Template Mode: TEXT
[THYMELEAF]         * Element Tag Processors by [matching element and attribute name] [precedence]:
[THYMELEAF]             * [* {th:insert}] [100]: karate.org.thymeleaf.standard.processor.StandardInsertTagProcessor
[THYMELEAF]             * [* {th:replace}] [100]: karate.org.thymeleaf.standard.processor.StandardReplaceTagProcessor
[THYMELEAF]             * [* {th:each}] [200]: com.intuit.karate.template.KarateEachTagProcessor
[THYMELEAF]             * [* {th:switch}] [250]: karate.org.thymeleaf.standard.processor.StandardSwitchTagProcessor
[THYMELEAF]             * [* {th:case}] [275]: karate.org.thymeleaf.standard.processor.StandardCaseTagProcessor
[THYMELEAF]             * [* {th:if}] [300]: karate.org.thymeleaf.standard.processor.StandardIfTagProcessor
[THYMELEAF]             * [* {th:unless}] [400]: karate.org.thymeleaf.standard.processor.StandardUnlessTagProcessor
[THYMELEAF]             * [* {th:object}] [500]: karate.org.thymeleaf.standard.processor.StandardObjectTagProcessor
[THYMELEAF]             * [* {th:with}] [600]: com.intuit.karate.template.KarateWithTagProcessor
[THYMELEAF]             * [* {th:inline}] [1000]: karate.org.thymeleaf.standard.processor.StandardInlineTextualTagProcessor
[THYMELEAF]             * [* {th:text}] [1300]: karate.org.thymeleaf.standard.processor.StandardTextTagProcessor
[THYMELEAF]             * [* {th:utext}] [1400]: karate.org.thymeleaf.standard.processor.StandardUtextTagProcessor
[THYMELEAF]             * [* {th:assert}] [1550]: karate.org.thymeleaf.standard.processor.StandardAssertTagProcessor
[THYMELEAF]             * [* {th:remove}] [1600]: karate.org.thymeleaf.standard.processor.StandardRemoveTagProcessor
[THYMELEAF]             * [{th:block} *] [100000]: karate.org.thymeleaf.standard.processor.StandardBlockTagProcessor
[THYMELEAF]             * [* 100000] [karate.org.thymeleaf.standard.processor.StandardBlockTagProcessor]: {}
[THYMELEAF]         * Text Processors by [precedence]:
[THYMELEAF]             * [1000]: karate.org.thymeleaf.standard.processor.StandardInliningTextProcessor
[THYMELEAF]     * Processors for Template Mode: JAVASCRIPT
[THYMELEAF]         * Element Tag Processors by [matching element and attribute name] [precedence]:
[THYMELEAF]             * [* {th:insert}] [100]: karate.org.thymeleaf.standard.processor.StandardInsertTagProcessor
[THYMELEAF]             * [* {th:replace}] [100]: karate.org.thymeleaf.standard.processor.StandardReplaceTagProcessor
[THYMELEAF]             * [* {th:each}] [200]: com.intuit.karate.template.KarateEachTagProcessor
[THYMELEAF]             * [* {th:switch}] [250]: karate.org.thymeleaf.standard.processor.StandardSwitchTagProcessor
[THYMELEAF]             * [* {th:case}] [275]: karate.org.thymeleaf.standard.processor.StandardCaseTagProcessor
[THYMELEAF]             * [* {th:if}] [300]: karate.org.thymeleaf.standard.processor.StandardIfTagProcessor
[THYMELEAF]             * [* {th:unless}] [400]: karate.org.thymeleaf.standard.processor.StandardUnlessTagProcessor
[THYMELEAF]             * [* {th:object}] [500]: karate.org.thymeleaf.standard.processor.StandardObjectTagProcessor
[THYMELEAF]             * [* {th:with}] [600]: com.intuit.karate.template.KarateWithTagProcessor
[THYMELEAF]             * [* {th:inline}] [1000]: karate.org.thymeleaf.standard.processor.StandardInlineTextualTagProcessor
[THYMELEAF]             * [* {th:text}] [1300]: karate.org.thymeleaf.standard.processor.StandardTextTagProcessor
[THYMELEAF]             * [* {th:utext}] [1400]: karate.org.thymeleaf.standard.processor.StandardUtextTagProcessor
[THYMELEAF]             * [* {th:assert}] [1550]: karate.org.thymeleaf.standard.processor.StandardAssertTagProcessor
[THYMELEAF]             * [* {th:remove}] [1600]: karate.org.thymeleaf.standard.processor.StandardRemoveTagProcessor
[THYMELEAF]             * [* 100000] [karate.org.thymeleaf.standard.processor.StandardBlockTagProcessor]: {}
[THYMELEAF]             * [{th:block} *] [100000]: karate.org.thymeleaf.standard.processor.StandardBlockTagProcessor
[THYMELEAF]         * Text Processors by [precedence]:
[THYMELEAF]             * [1000]: karate.org.thymeleaf.standard.processor.StandardInliningTextProcessor
[THYMELEAF]     * Processors for Template Mode: CSS
[THYMELEAF]         * Element Tag Processors by [matching element and attribute name] [precedence]:
[THYMELEAF]             * [* {th:insert}] [100]: karate.org.thymeleaf.standard.processor.StandardInsertTagProcessor
[THYMELEAF]             * [* {th:replace}] [100]: karate.org.thymeleaf.standard.processor.StandardReplaceTagProcessor
[THYMELEAF]             * [* {th:each}] [200]: com.intuit.karate.template.KarateEachTagProcessor
[THYMELEAF]             * [* {th:switch}] [250]: karate.org.thymeleaf.standard.processor.StandardSwitchTagProcessor
[THYMELEAF]             * [* {th:case}] [275]: karate.org.thymeleaf.standard.processor.StandardCaseTagProcessor
[THYMELEAF]             * [* {th:if}] [300]: karate.org.thymeleaf.standard.processor.StandardIfTagProcessor
[THYMELEAF]             * [* {th:unless}] [400]: karate.org.thymeleaf.standard.processor.StandardUnlessTagProcessor
[THYMELEAF]             * [* {th:object}] [500]: karate.org.thymeleaf.standard.processor.StandardObjectTagProcessor
[THYMELEAF]             * [* {th:with}] [600]: com.intuit.karate.template.KarateWithTagProcessor
[THYMELEAF]             * [* {th:inline}] [1000]: karate.org.thymeleaf.standard.processor.StandardInlineTextualTagProcessor
[THYMELEAF]             * [* {th:text}] [1300]: karate.org.thymeleaf.standard.processor.StandardTextTagProcessor
[THYMELEAF]             * [* {th:utext}] [1400]: karate.org.thymeleaf.standard.processor.StandardUtextTagProcessor
[THYMELEAF]             * [* {th:assert}] [1550]: karate.org.thymeleaf.standard.processor.StandardAssertTagProcessor
[THYMELEAF]             * [* {th:remove}] [1600]: karate.org.thymeleaf.standard.processor.StandardRemoveTagProcessor
[THYMELEAF]             * [{th:block} *] [100000]: karate.org.thymeleaf.standard.processor.StandardBlockTagProcessor
[THYMELEAF]             * [* 100000] [karate.org.thymeleaf.standard.processor.StandardBlockTagProcessor]: {}
[THYMELEAF]         * Text Processors by [precedence]:
[THYMELEAF]             * [1000]: karate.org.thymeleaf.standard.processor.StandardInliningTextProcessor
[THYMELEAF]     * Expression Objects:
[THYMELEAF]         * #ctx
[THYMELEAF]         * #root
[THYMELEAF]         * #vars
[THYMELEAF]         * #object
[THYMELEAF]         * #locale
[THYMELEAF]         * #request
[THYMELEAF]         * #response
[THYMELEAF]         * #session
[THYMELEAF]         * #servletContext
[THYMELEAF]         * #conversions
[THYMELEAF]         * #uris
[THYMELEAF]         * #calendars
[THYMELEAF]         * #dates
[THYMELEAF]         * #bools
[THYMELEAF]         * #numbers
[THYMELEAF]         * #objects
[THYMELEAF]         * #strings
[THYMELEAF]         * #arrays
[THYMELEAF]         * #lists
[THYMELEAF]         * #sets
[THYMELEAF]         * #maps
[THYMELEAF]         * #aggregates
[THYMELEAF]         * #messages
[THYMELEAF]         * #ids
[THYMELEAF]         * #execInfo
[THYMELEAF]         * #httpServletRequest
[THYMELEAF]         * #httpSession
[THYMELEAF]     * Execution Attributes:
[THYMELEAF]         * "StandardExpressionParser": com.intuit.karate.template.KarateStandardDialect@17ff8810
[THYMELEAF]         * "StandardJavaScriptSerializer": karate.org.thymeleaf.standard.serializer.StandardJavaScriptSerializer@6ce26986
[THYMELEAF]         * "StandardCSSSerializer": karate.org.thymeleaf.standard.serializer.StandardCSSSerializer@2bf2d6eb
[THYMELEAF]         * "StandardVariableExpressionEvaluator": com.intuit.karate.template.KarateStandardDialect@17ff8810
[THYMELEAF]         * "StandardConversionService": karate.org.thymeleaf.standard.expression.StandardConversionService@6d6cd1e0
[THYMELEAF] * Dialect [2 of 2]: karate (com.intuit.karate.template.KarateScriptDialect)
[THYMELEAF]     * Prefix: "ka"
[THYMELEAF]     * Processors for Template Mode: HTML
[THYMELEAF]         * Element Tag Processors by [matching element and attribute name] [precedence]:
[THYMELEAF]             * [* {src}] [1000]: com.intuit.karate.template.KaScriptAttrProcessor
[THYMELEAF]         * Element Model Processors by [matching element and attribute name] [precedence]:
[THYMELEAF]             * [{script} {ka:scope,data-ka-scope}] [1000]: com.intuit.karate.template.KaScriptElemProcessor
[THYMELEAF]             * [* {ka:set,data-ka-set}] [1000]: com.intuit.karate.template.KaSetElemProcessor
[THYMELEAF] TEMPLATE ENGINE CONFIGURED OK
20:02:06.961 [main] DEBUG karate.org.thymeleaf.TemplateEngine - [THYMELEAF] TEMPLATE ENGINE INITIALIZED
---------------------------------------------------------
feature: classpath:com/big/features/APIfeatures/SCU/DataTable.feature
scenarios:  1 | passed:  0 | failed:  1 | time: 0.0000
---------------------------------------------------------

20:02:06.993 [main] INFO com.intuit.karate.Suite - <<fail>> feature 4 of 12 (0 remaining) classpath:com/big/features/APIfeatures/SCU/DataTable.feature
20:02:06.997 [main] ERROR com.intuit.karate - classpath:com/big/features/APIfeatures/SCU/GoogleTest.feature:10
Given I am on Login page
no step-definition method match found for: I am on Login page
classpath:com/big/features/APIfeatures/SCU/GoogleTest.feature:10
20:02:07.007 [main] ERROR com.intuit.karate - classpath:com/big/features/APIfeatures/SCU/GoogleTest.feature:16
Given I am on google page
no step-definition method match found for: I am on google page
classpath:com/big/features/APIfeatures/SCU/GoogleTest.feature:16
20:02:07.013 [main] ERROR com.intuit.karate - classpath:com/big/features/APIfeatures/SCU/GoogleTest.feature:16
Given I am on google page
no step-definition method match found for: I am on google page
classpath:com/big/features/APIfeatures/SCU/GoogleTest.feature:16
20:02:07.021 [main] DEBUG karate.org.thymeleaf.TemplateEngine - [THYMELEAF] INITIALIZING TEMPLATE ENGINE
20:02:07.037 [main] DEBUG karate.org.thymeleaf.TemplateEngine.CONFIG - Initializing Thymeleaf Template engine configuration...
[THYMELEAF] TEMPLATE ENGINE CONFIGURATION:
[THYMELEAF] * Thymeleaf version: 3.0.14.RELEASE (built 2021-12-08T00:45:29+0000)
[THYMELEAF] * Cache Manager implementation: karate.org.thymeleaf.cache.StandardCacheManager
[THYMELEAF] * Template resolvers:
[THYMELEAF]     * [1] com.intuit.karate.template.ResourceHtmlTemplateResolver
[THYMELEAF] * Message resolvers:
[THYMELEAF]     * karate.org.thymeleaf.messageresolver.StandardMessageResolver
[THYMELEAF] * Link builders:
[THYMELEAF]     * karate.org.thymeleaf.linkbuilder.StandardLinkBuilder
[THYMELEAF] * Dialect [1 of 2]: Standard (com.intuit.karate.template.KarateStandardDialect)
[THYMELEAF]     * Prefix: "th"
[THYMELEAF]     * Processors for Template Mode: HTML
[THYMELEAF]         * Element Tag Processors by [matching element and attribute name] [precedence]:
[THYMELEAF]             * [* {th:include,data-th-include}] [100]: karate.org.thymeleaf.standard.processor.StandardIncludeTagProcessor
[THYMELEAF]             * [* {th:insert,data-th-insert}] [100]: karate.org.thymeleaf.standard.processor.StandardInsertTagProcessor
[THYMELEAF]             * [* {th:replace,data-th-replace}] [100]: karate.org.thymeleaf.standard.processor.StandardReplaceTagProcessor
[THYMELEAF]             * [* {th:substituteby,data-th-substituteby}] [100]: karate.org.thymeleaf.standard.processor.StandardSubstituteByTagProcessor
[THYMELEAF]             * [* {th:each,data-th-each}] [200]: com.intuit.karate.template.KarateEachTagProcessor
[THYMELEAF]             * [* {th:switch,data-th-switch}] [250]: karate.org.thymeleaf.standard.processor.StandardSwitchTagProcessor
[THYMELEAF]             * [* {th:case,data-th-case}] [275]: karate.org.thymeleaf.standard.processor.StandardCaseTagProcessor
[THYMELEAF]             * [* {th:if,data-th-if}] [300]: karate.org.thymeleaf.standard.processor.StandardIfTagProcessor
[THYMELEAF]             * [* {th:unless,data-th-unless}] [400]: karate.org.thymeleaf.standard.processor.StandardUnlessTagProcessor
[THYMELEAF]             * [* {th:object,data-th-object}] [500]: karate.org.thymeleaf.standard.processor.StandardObjectTagProcessor
[THYMELEAF]             * [* {th:with,data-th-with}] [600]: com.intuit.karate.template.KarateWithTagProcessor
[THYMELEAF]             * [* {th:attr,data-th-attr}] [700]: com.intuit.karate.template.KarateAttributeTagProcessor.KarateAttrTagProcessor
[THYMELEAF]             * [* {th:attrappend,data-th-attrappend}] [900]: com.intuit.karate.template.KarateAttributeTagProcessor.KarateAttrappendTagProcessor
[THYMELEAF]             * [* {th:attrprepend,data-th-attrprepend}] [900]: com.intuit.karate.template.KarateAttributeTagProcessor.KarateAttrprependTagProcessor
[THYMELEAF]             * [* {th:alt-title,data-th-alt-title}] [990]: karate.org.thymeleaf.standard.processor.StandardAltTitleTagProcessor
[THYMELEAF]             * [* {th:lang-xmllang,data-th-lang-xmllang}] [990]: karate.org.thymeleaf.standard.processor.StandardLangXmlLangTagProcessor
[THYMELEAF]             * [* {th:action,data-th-action}] [1000]: karate.org.thymeleaf.standard.processor.StandardActionTagProcessor
[THYMELEAF]             * [* {th:novalidate,data-th-novalidate}] [1000]: karate.org.thymeleaf.standard.processor.StandardConditionalFixedValueTagProcessor
[THYMELEAF]             * [* {th:hidden,data-th-hidden}] [1000]: karate.org.thymeleaf.standard.processor.StandardConditionalFixedValueTagProcessor
[THYMELEAF]             * [* {th:seamless,data-th-seamless}] [1000]: karate.org.thymeleaf.standard.processor.StandardConditionalFixedValueTagProcessor
[THYMELEAF]             * [* {th:disabled,data-th-disabled}] [1000]: karate.org.thymeleaf.standard.processor.StandardConditionalFixedValueTagProcessor
[THYMELEAF]             * [* {th:controls,data-th-controls}] [1000]: karate.org.thymeleaf.standard.processor.StandardConditionalFixedValueTagProcessor
[THYMELEAF]             * [* {th:ismap,data-th-ismap}] [1000]: karate.org.thymeleaf.standard.processor.StandardConditionalFixedValueTagProcessor
[THYMELEAF]             * [* {th:checked,data-th-checked}] [1000]: karate.org.thymeleaf.standard.processor.StandardConditionalFixedValueTagProcessor
[THYMELEAF]             * [* {th:required,data-th-required}] [1000]: karate.org.thymeleaf.standard.processor.StandardConditionalFixedValueTagProcessor
[THYMELEAF]             * [* {th:async,data-th-async}] [1000]: karate.org.thymeleaf.standard.processor.StandardConditionalFixedValueTagProcessor
[THYMELEAF]             * [* {th:reversed,data-th-reversed}] [1000]: karate.org.thymeleaf.standard.processor.StandardConditionalFixedValueTagProcessor
[THYMELEAF]             * [* {th:multiple,data-th-multiple}] [1000]: karate.org.thymeleaf.standard.processor.StandardConditionalFixedValueTagProcessor
[THYMELEAF]             * [* {th:nowrap,data-th-nowrap}] [1000]: karate.org.thymeleaf.standard.processor.StandardConditionalFixedValueTagProcessor
[THYMELEAF]             * [* {th:open,data-th-open}] [1000]: karate.org.thymeleaf.standard.processor.StandardConditionalFixedValueTagProcessor
[THYMELEAF]             * [* {th:readonly,data-th-readonly}] [1000]: karate.org.thymeleaf.standard.processor.StandardConditionalFixedValueTagProcessor
[THYMELEAF]             * [* {th:defer,data-th-defer}] [1000]: karate.org.thymeleaf.standard.processor.StandardConditionalFixedValueTagProcessor
[THYMELEAF]             * [* {th:pubdate,data-th-pubdate}] [1000]: karate.org.thymeleaf.standard.processor.StandardConditionalFixedValueTagProcessor
[THYMELEAF]             * [* {th:formnovalidate,data-th-formnovalidate}] [1000]: karate.org.thymeleaf.standard.processor.StandardConditionalFixedValueTagProcessor
[THYMELEAF]             * [* {th:autofocus,data-th-autofocus}] [1000]: karate.org.thymeleaf.standard.processor.StandardConditionalFixedValueTagProcessor
[THYMELEAF]             * [* {th:scoped,data-th-scoped}] [1000]: karate.org.thymeleaf.standard.processor.StandardConditionalFixedValueTagProcessor
[THYMELEAF]             * [* {th:loop,data-th-loop}] [1000]: karate.org.thymeleaf.standard.processor.StandardConditionalFixedValueTagProcessor
[THYMELEAF]             * [* {th:autoplay,data-th-autoplay}] [1000]: karate.org.thymeleaf.standard.processor.StandardConditionalFixedValueTagProcessor
[THYMELEAF]             * [* {th:selected,data-th-selected}] [1000]: karate.org.thymeleaf.standard.processor.StandardConditionalFixedValueTagProcessor
[THYMELEAF]             * [* {th:default,data-th-default}] [1000]: karate.org.thymeleaf.standard.processor.StandardConditionalFixedValueTagProcessor
[THYMELEAF]             * [* {th:declare,data-th-declare}] [1000]: karate.org.thymeleaf.standard.processor.StandardConditionalFixedValueTagProcessor
[THYMELEAF]             * [* {th:ontimeupdate,data-th-ontimeupdate}] [1000]: karate.org.thymeleaf.standard.processor.StandardDOMEventAttributeTagProcessor
[THYMELEAF]             * [* {th:onmessage,data-th-onmessage}] [1000]: karate.org.thymeleaf.standard.processor.StandardDOMEventAttributeTagProcessor
[THYMELEAF]             * [* {th:onloadstart,data-th-onloadstart}] [1000]: karate.org.thymeleaf.standard.processor.StandardDOMEventAttributeTagProcessor
[THYMELEAF]             * [* {th:onmousedown,data-th-onmousedown}] [1000]: karate.org.thymeleaf.standard.processor.StandardDOMEventAttributeTagProcessor
[THYMELEAF]             * [* {th:onseeking,data-th-onseeking}] [1000]: karate.org.thymeleaf.standard.processor.StandardDOMEventAttributeTagProcessor
[THYMELEAF]             * [* {th:onmouseup,data-th-onmouseup}] [1000]: karate.org.thymeleaf.standard.processor.StandardDOMEventAttributeTagProcessor
[THYMELEAF]             * [* {th:ondragenter,data-th-ondragenter}] [1000]: karate.org.thymeleaf.standard.processor.StandardDOMEventAttributeTagProcessor
[THYMELEAF]             * [* {th:onblur,data-th-onblur}] [1000]: karate.org.thymeleaf.standard.processor.StandardDOMEventAttributeTagProcessor
[THYMELEAF]             * [* {th:onoffline,data-th-onoffline}] [1000]: karate.org.thymeleaf.standard.processor.StandardDOMEventAttributeTagProcessor
[THYMELEAF]             * [* {th:onmouseout,data-th-onmouseout}] [1000]: karate.org.thymeleaf.standard.processor.StandardDOMEventAttributeTagProcessor
[THYMELEAF]             * [* {th:onseeked,data-th-onseeked}] [1000]: karate.org.thymeleaf.standard.processor.StandardDOMEventAttributeTagProcessor
[THYMELEAF]             * [* {th:onkeydown,data-th-onkeydown}] [1000]: karate.org.thymeleaf.standard.processor.StandardDOMEventAttributeTagProcessor
[THYMELEAF]             * [* {th:oncanplaythrough,data-th-oncanplaythrough}] [1000]: karate.org.thymeleaf.standard.processor.StandardDOMEventAttributeTagProcessor
[THYMELEAF]             * [* {th:onerror,data-th-onerror}] [1000]: karate.org.thymeleaf.standard.processor.StandardDOMEventAttributeTagProcessor
[THYMELEAF]             * [* {th:onresize,data-th-onresize}] [1000]: karate.org.thymeleaf.standard.processor.StandardDOMEventAttributeTagProcessor
[THYMELEAF]             * [* {th:onprogress,data-th-onprogress}] [1000]: karate.org.thymeleaf.standard.processor.StandardDOMEventAttributeTagProcessor
[THYMELEAF]             * [* {th:onforminput,data-th-onforminput}] [1000]: karate.org.thymeleaf.standard.processor.StandardDOMEventAttributeTagProcessor
[THYMELEAF]             * [* {th:onstorage,data-th-onstorage}] [1000]: karate.org.thymeleaf.standard.processor.StandardDOMEventAttributeTagProcessor
[THYMELEAF]             * [* {th:onloadedmetadata,data-th-onloadedmetadata}] [1000]: karate.org.thymeleaf.standard.processor.StandardDOMEventAttributeTagProcessor
[THYMELEAF]             * [* {th:onunload,data-th-onunload}] [1000]: karate.org.thymeleaf.standard.processor.StandardDOMEventAttributeTagProcessor
[THYMELEAF]             * [* {th:onloadeddata,data-th-onloadeddata}] [1000]: karate.org.thymeleaf.standard.processor.StandardDOMEventAttributeTagProcessor
[THYMELEAF]             * [* {th:ondblclick,data-th-ondblclick}] [1000]: karate.org.thymeleaf.standard.processor.StandardDOMEventAttributeTagProcessor
[THYMELEAF]             * [* {th:ononline,data-th-ononline}] [1000]: karate.org.thymeleaf.standard.processor.StandardDOMEventAttributeTagProcessor
[THYMELEAF]             * [* {th:onkeyup,data-th-onkeyup}] [1000]: karate.org.thymeleaf.standard.processor.StandardDOMEventAttributeTagProcessor
[THYMELEAF]             * [* {th:oninput,data-th-oninput}] [1000]: karate.org.thymeleaf.standard.processor.StandardDOMEventAttributeTagProcessor
[THYMELEAF]             * [* {th:onclick,data-th-onclick}] [1000]: karate.org.thymeleaf.standard.processor.StandardDOMEventAttributeTagProcessor
[THYMELEAF]             * [* {th:ondrop,data-th-ondrop}] [1000]: karate.org.thymeleaf.standard.processor.StandardDOMEventAttributeTagProcessor
[THYMELEAF]             * [* {th:oncanplay,data-th-oncanplay}] [1000]: karate.org.thymeleaf.standard.processor.StandardDOMEventAttributeTagProcessor
[THYMELEAF]             * [* {th:onemptied,data-th-onemptied}] [1000]: karate.org.thymeleaf.standard.processor.StandardDOMEventAttributeTagProcessor
[THYMELEAF]             * [* {th:onselect,data-th-onselect}] [1000]: karate.org.thymeleaf.standard.processor.StandardDOMEventAttributeTagProcessor
[THYMELEAF]             * [* {th:onredo,data-th-onredo}] [1000]: karate.org.thymeleaf.standard.processor.StandardDOMEventAttributeTagProcessor
[THYMELEAF]             * [* {th:ondragleave,data-th-ondragleave}] [1000]: karate.org.thymeleaf.standard.processor.StandardDOMEventAttributeTagProcessor
[THYMELEAF]             * [* {th:onmouseover,data-th-onmouseover}] [1000]: karate.org.thymeleaf.standard.processor.StandardDOMEventAttributeTagProcessor
[THYMELEAF]             * [* {th:onsubmit,data-th-onsubmit}] [1000]: karate.org.thymeleaf.standard.processor.StandardDOMEventAttributeTagProcessor
[THYMELEAF]             * [* {th:oninvalid,data-th-oninvalid}] [1000]: karate.org.thymeleaf.standard.processor.StandardDOMEventAttributeTagProcessor
[THYMELEAF]             * [* {th:onformchange,data-th-onformchange}] [1000]: karate.org.thymeleaf.standard.processor.StandardDOMEventAttributeTagProcessor
[THYMELEAF]             * [* {th:onreadystatechange,data-th-onreadystatechange}] [1000]: karate.org.thymeleaf.standard.processor.StandardDOMEventAttributeTagProcessor
[THYMELEAF]             * [* {th:onmousewheel,data-th-onmousewheel}] [1000]: karate.org.thymeleaf.standard.processor.StandardDOMEventAttributeTagProcessor
[THYMELEAF]             * [* {th:onmousemove,data-th-onmousemove}] [1000]: karate.org.thymeleaf.standard.processor.StandardDOMEventAttributeTagProcessor
[THYMELEAF]             * [* {th:onshow,data-th-onshow}] [1000]: karate.org.thymeleaf.standard.processor.StandardDOMEventAttributeTagProcessor
[THYMELEAF]             * [* {th:onstalled,data-th-onstalled}] [1000]: karate.org.thymeleaf.standard.processor.StandardDOMEventAttributeTagProcessor
[THYMELEAF]             * [* {th:onafterprint,data-th-onafterprint}] [1000]: karate.org.thymeleaf.standard.processor.StandardDOMEventAttributeTagProcessor
[THYMELEAF]             * [* {th:onended,data-th-onended}] [1000]: karate.org.thymeleaf.standard.processor.StandardDOMEventAttributeTagProcessor
[THYMELEAF]             * [* {th:onhashchange,data-th-onhashchange}] [1000]: karate.org.thymeleaf.standard.processor.StandardDOMEventAttributeTagProcessor
[THYMELEAF]             * [* {th:onfocus,data-th-onfocus}] [1000]: karate.org.thymeleaf.standard.processor.StandardDOMEventAttributeTagProcessor
[THYMELEAF]             * [* {th:onload,data-th-onload}] [1000]: karate.org.thymeleaf.standard.processor.StandardDOMEventAttributeTagProcessor
[THYMELEAF]             * [* {th:onreset,data-th-onreset}] [1000]: karate.org.thymeleaf.standard.processor.StandardDOMEventAttributeTagProcessor
[THYMELEAF]             * [* {th:ondurationchange,data-th-ondurationchange}] [1000]: karate.org.thymeleaf.standard.processor.StandardDOMEventAttributeTagProcessor
[THYMELEAF]             * [* {th:ondragover,data-th-ondragover}] [1000]: karate.org.thymeleaf.standard.processor.StandardDOMEventAttributeTagProcessor
[THYMELEAF]             * [* {th:onkeypress,data-th-onkeypress}] [1000]: karate.org.thymeleaf.standard.processor.StandardDOMEventAttributeTagProcessor
[THYMELEAF]             * [* {th:onbeforeprint,data-th-onbeforeprint}] [1000]: karate.org.thymeleaf.standard.processor.StandardDOMEventAttributeTagProcessor
[THYMELEAF]             * [* {th:ondragend,data-th-ondragend}] [1000]: karate.org.thymeleaf.standard.processor.StandardDOMEventAttributeTagProcessor
[THYMELEAF]             * [* {th:onratechange,data-th-onratechange}] [1000]: karate.org.thymeleaf.standard.processor.StandardDOMEventAttributeTagProcessor
[THYMELEAF]             * [* {th:onpopstate,data-th-onpopstate}] [1000]: karate.org.thymeleaf.standard.processor.StandardDOMEventAttributeTagProcessor
[THYMELEAF]             * [* {th:onplaying,data-th-onplaying}] [1000]: karate.org.thymeleaf.standard.processor.StandardDOMEventAttributeTagProcessor
[THYMELEAF]             * [* {th:onabort,data-th-onabort}] [1000]: karate.org.thymeleaf.standard.processor.StandardDOMEventAttributeTagProcessor
[THYMELEAF]             * [* {th:onscroll,data-th-onscroll}] [1000]: karate.org.thymeleaf.standard.processor.StandardDOMEventAttributeTagProcessor
[THYMELEAF]             * [* {th:onbeforeunload,data-th-onbeforeunload}] [1000]: karate.org.thymeleaf.standard.processor.StandardDOMEventAttributeTagProcessor
[THYMELEAF]             * [* {th:onplay,data-th-onplay}] [1000]: karate.org.thymeleaf.standard.processor.StandardDOMEventAttributeTagProcessor
[THYMELEAF]             * [* {th:oncontextmenu,data-th-oncontextmenu}] [1000]: karate.org.thymeleaf.standard.processor.StandardDOMEventAttributeTagProcessor
[THYMELEAF]             * [* {th:onwaiting,data-th-onwaiting}] [1000]: karate.org.thymeleaf.standard.processor.StandardDOMEventAttributeTagProcessor
[THYMELEAF]             * [* {th:ondrag,data-th-ondrag}] [1000]: karate.org.thymeleaf.standard.processor.StandardDOMEventAttributeTagProcessor
[THYMELEAF]             * [* {th:ondragstart,data-th-ondragstart}] [1000]: karate.org.thymeleaf.standard.processor.StandardDOMEventAttributeTagProcessor
[THYMELEAF]             * [* {th:onvolumechange,data-th-onvolumechange}] [1000]: karate.org.thymeleaf.standard.processor.StandardDOMEventAttributeTagProcessor
[THYMELEAF]             * [* {th:onundo,data-th-onundo}] [1000]: karate.org.thymeleaf.standard.processor.StandardDOMEventAttributeTagProcessor
[THYMELEAF]             * [* {th:onsuspend,data-th-onsuspend}] [1000]: karate.org.thymeleaf.standard.processor.StandardDOMEventAttributeTagProcessor
[THYMELEAF]             * [* {th:onchange,data-th-onchange}] [1000]: karate.org.thymeleaf.standard.processor.StandardDOMEventAttributeTagProcessor
[THYMELEAF]             * [* {th:onpause,data-th-onpause}] [1000]: karate.org.thymeleaf.standard.processor.StandardDOMEventAttributeTagProcessor
[THYMELEAF]             * [* {th:href,data-th-href}] [1000]: karate.org.thymeleaf.standard.processor.StandardHrefTagProcessor
[THYMELEAF]             * [* {th:inline,data-th-inline}] [1000]: karate.org.thymeleaf.standard.processor.StandardInlineHTMLTagProcessor
[THYMELEAF]             * [* {th:method,data-th-method}] [1000]: karate.org.thymeleaf.standard.processor.StandardMethodTagProcessor
[THYMELEAF]             * [* {th:type,data-th-type}] [1000]: karate.org.thymeleaf.standard.processor.StandardNonRemovableAttributeTagProcessor
[THYMELEAF]             * [* {th:name,data-th-name}] [1000]: karate.org.thymeleaf.standard.processor.StandardNonRemovableAttributeTagProcessor
[THYMELEAF]             * [* {th:srclang,data-th-srclang}] [1000]: karate.org.thymeleaf.standard.processor.StandardRemovableAttributeTagProcessor
[THYMELEAF]             * [* {th:scope,data-th-scope}] [1000]: karate.org.thymeleaf.standard.processor.StandardRemovableAttributeTagProcessor
[THYMELEAF]             * [* {th:spellcheck,data-th-spellcheck}] [1000]: karate.org.thymeleaf.standard.processor.StandardRemovableAttributeTagProcessor
[THYMELEAF]             * [* {th:tabindex,data-th-tabindex}] [1000]: karate.org.thymeleaf.standard.processor.StandardRemovableAttributeTagProcessor
[THYMELEAF]             * [* {th:audio,data-th-audio}] [1000]: karate.org.thymeleaf.standard.processor.StandardRemovableAttributeTagProcessor
[THYMELEAF]             * [* {th:cols,data-th-cols}] [1000]: karate.org.thymeleaf.standard.processor.StandardRemovableAttributeTagProcessor
[THYMELEAF]             * [* {th:autocomplete,data-th-autocomplete}] [1000]: karate.org.thymeleaf.standard.processor.StandardRemovableAttributeTagProcessor
[THYMELEAF]             * [* {th:bgcolor,data-th-bgcolor}] [1000]: karate.org.thymeleaf.standard.processor.StandardRemovableAttributeTagProcessor
[THYMELEAF]             * [* {th:start,data-th-start}] [1000]: karate.org.thymeleaf.standard.processor.StandardRemovableAttributeTagProcessor
[THYMELEAF]             * [* {th:archive,data-th-archive}] [1000]: karate.org.thymeleaf.standard.processor.StandardRemovableAttributeTagProcessor
[THYMELEAF]             * [* {th:preload,data-th-preload}] [1000]: karate.org.thymeleaf.standard.processor.StandardRemovableAttributeTagProcessor
[THYMELEAF]             * [* {th:hspace,data-th-hspace}] [1000]: karate.org.thymeleaf.standard.processor.StandardRemovableAttributeTagProcessor
[THYMELEAF]             * [* {th:style,data-th-style}] [1000]: karate.org.thymeleaf.standard.processor.StandardRemovableAttributeTagProcessor
[THYMELEAF]             * [* {th:optimum,data-th-optimum}] [1000]: karate.org.thymeleaf.standard.processor.StandardRemovableAttributeTagProcessor
[THYMELEAF]             * [* {th:maxlength,data-th-maxlength}] [1000]: karate.org.thymeleaf.standard.processor.StandardRemovableAttributeTagProcessor
[THYMELEAF]             * [* {th:http-equiv,data-th-http-equiv}] [1000]: karate.org.thymeleaf.standard.processor.StandardRemovableAttributeTagProcessor
[THYMELEAF]             * [* {th:challenge,data-th-challenge}] [1000]: karate.org.thymeleaf.standard.processor.StandardRemovableAttributeTagProcessor
[THYMELEAF]             * [* {th:datetime,data-th-datetime}] [1000]: karate.org.thymeleaf.standard.processor.StandardRemovableAttributeTagProcessor
[THYMELEAF]             * [* {th:cellspacing,data-th-cellspacing}] [1000]: karate.org.thymeleaf.standard.processor.StandardRemovableAttributeTagProcessor
[THYMELEAF]             * [* {th:accept,data-th-accept}] [1000]: karate.org.thymeleaf.standard.processor.StandardRemovableAttributeTagProcessor
[THYMELEAF]             * [* {th:formmethod,data-th-formmethod}] [1000]: karate.org.thymeleaf.standard.processor.StandardRemovableAttributeTagProcessor
[THYMELEAF]             * [* {th:min,data-th-min}] [1000]: karate.org.thymeleaf.standard.processor.StandardRemovableAttributeTagProcessor
[THYMELEAF]             * [* {th:frame,data-th-frame}] [1000]: karate.org.thymeleaf.standard.processor.StandardRemovableAttributeTagProcessor
[THYMELEAF]             * [* {th:dropzone,data-th-dropzone}] [1000]: karate.org.thymeleaf.standard.processor.StandardRemovableAttributeTagProcessor
[THYMELEAF]             * [* {th:poster,data-th-poster}] [1000]: karate.org.thymeleaf.standard.processor.StandardRemovableAttributeTagProcessor
[THYMELEAF]             * [* {th:keytype,data-th-keytype}] [1000]: karate.org.thymeleaf.standard.processor.StandardRemovableAttributeTagProcessor
[THYMELEAF]             * [* {th:background,data-th-background}] [1000]: karate.org.thymeleaf.standard.processor.StandardRemovableAttributeTagProcessor
[THYMELEAF]             * [* {th:sandbox,data-th-sandbox}] [1000]: karate.org.thymeleaf.standard.processor.StandardRemovableAttributeTagProcessor
[THYMELEAF]             * [* {th:media,data-th-media}] [1000]: karate.org.thymeleaf.standard.processor.StandardRemovableAttributeTagProcessor
[THYMELEAF]             * [* {th:kind,data-th-kind}] [1000]: karate.org.thymeleaf.standard.processor.StandardRemovableAttributeTagProcessor
[THYMELEAF]             * [* {th:data,data-th-data}] [1000]: karate.org.thymeleaf.standard.processor.StandardRemovableAttributeTagProcessor
[THYMELEAF]             * [* {th:sizes,data-th-sizes}] [1000]: karate.org.thymeleaf.standard.processor.StandardRemovableAttributeTagProcessor
[THYMELEAF]             * [* {th:longdesc,data-th-longdesc}] [1000]: karate.org.thymeleaf.standard.processor.StandardRemovableAttributeTagProcessor
[THYMELEAF]             * [* {th:accept-charset,data-th-accept-charset}] [1000]: karate.org.thymeleaf.standard.processor.StandardRemovableAttributeTagProcessor
[THYMELEAF]             * [* {th:formaction,data-th-formaction}] [1000]: karate.org.thymeleaf.standard.processor.StandardRemovableAttributeTagProcessor
[THYMELEAF]             * [* {th:align,data-th-align}] [1000]: karate.org.thymeleaf.standard.processor.StandardRemovableAttributeTagProcessor
[THYMELEAF]             * [* {th:marginheight,data-th-marginheight}] [1000]: karate.org.thymeleaf.standard.processor.StandardRemovableAttributeTagProcessor
[THYMELEAF]             * [* {th:rev,data-th-rev}] [1000]: karate.org.thymeleaf.standard.processor.StandardRemovableAttributeTagProcessor
[THYMELEAF]             * [* {th:marginwidth,data-th-marginwidth}] [1000]: karate.org.thymeleaf.standard.processor.StandardRemovableAttributeTagProcessor
[THYMELEAF]             * [* {th:rows,data-th-rows}] [1000]: karate.org.thymeleaf.standard.processor.StandardRemovableAttributeTagProcessor
[THYMELEAF]             * [* {th:contextmenu,data-th-contextmenu}] [1000]: karate.org.thymeleaf.standard.processor.StandardRemovableAttributeTagProcessor
[THYMELEAF]             * [* {th:enctype,data-th-enctype}] [1000]: karate.org.thymeleaf.standard.processor.StandardRemovableAttributeTagProcessor
[THYMELEAF]             * [* {th:size,data-th-size}] [1000]: karate.org.thymeleaf.standard.processor.StandardRemovableAttributeTagProcessor
[THYMELEAF]             * [* {th:alt,data-th-alt}] [1000]: karate.org.thymeleaf.standard.processor.StandardRemovableAttributeTagProcessor
[THYMELEAF]             * [* {th:manifest,data-th-manifest}] [1000]: karate.org.thymeleaf.standard.processor.StandardRemovableAttributeTagProcessor
[THYMELEAF]             * [* {th:height,data-th-height}] [1000]: karate.org.thymeleaf.standard.processor.StandardRemovableAttributeTagProcessor
[THYMELEAF]             * [* {th:accesskey,data-th-accesskey}] [1000]: karate.org.thymeleaf.standard.processor.StandardRemovableAttributeTagProcessor
[THYMELEAF]             * [* {th:vspace,data-th-vspace}] [1000]: karate.org.thymeleaf.standard.processor.StandardRemovableAttributeTagProcessor
[THYMELEAF]             * [* {th:icon,data-th-icon}] [1000]: karate.org.thymeleaf.standard.processor.StandardRemovableAttributeTagProcessor
[THYMELEAF]             * [* {th:border,data-th-border}] [1000]: karate.org.thymeleaf.standard.processor.StandardRemovableAttributeTagProcessor
[THYMELEAF]             * [* {th:codetype,data-th-codetype}] [1000]: karate.org.thymeleaf.standard.processor.StandardRemovableAttributeTagProcessor
[THYMELEAF]             * [* {th:summary,data-th-summary}] [1000]: karate.org.thymeleaf.standard.processor.StandardRemovableAttributeTagProcessor
[THYMELEAF]             * [* {th:scheme,data-th-scheme}] [1000]: karate.org.thymeleaf.standard.processor.StandardRemovableAttributeTagProcessor
[THYMELEAF]             * [* {th:rules,data-th-rules}] [1000]: karate.org.thymeleaf.standard.processor.StandardRemovableAttributeTagProcessor
[THYMELEAF]             * [* {th:label,data-th-label}] [1000]: karate.org.thymeleaf.standard.processor.StandardRemovableAttributeTagProcessor
[THYMELEAF]             * [* {th:pattern,data-th-pattern}] [1000]: karate.org.thymeleaf.standard.processor.StandardRemovableAttributeTagProcessor
[THYMELEAF]             * [* {th:wrap,data-th-wrap}] [1000]: karate.org.thymeleaf.standard.processor.StandardRemovableAttributeTagProcessor
[THYMELEAF]             * [* {th:cite,data-th-cite}] [1000]: karate.org.thymeleaf.standard.processor.StandardRemovableAttributeTagProcessor
[THYMELEAF]             * [* {th:max,data-th-max}] [1000]: karate.org.thymeleaf.standard.processor.StandardRemovableAttributeTagProcessor
[THYMELEAF]             * [* {th:standby,data-th-standby}] [1000]: karate.org.thymeleaf.standard.processor.StandardRemovableAttributeTagProcessor
[THYMELEAF]             * [* {th:id,data-th-id}] [1000]: karate.org.thymeleaf.standard.processor.StandardRemovableAttributeTagProcessor
[THYMELEAF]             * [* {th:lang,data-th-lang}] [1000]: karate.org.thymeleaf.standard.processor.StandardRemovableAttributeTagProcessor
[THYMELEAF]             * [* {th:charset,data-th-charset}] [1000]: karate.org.thymeleaf.standard.processor.StandardRemovableAttributeTagProcessor
[THYMELEAF]             * [* {th:class,data-th-class}] [1000]: karate.org.thymeleaf.standard.processor.StandardRemovableAttributeTagProcessor
[THYMELEAF]             * [* {th:formtarget,data-th-formtarget}] [1000]: karate.org.thymeleaf.standard.processor.StandardRemovableAttributeTagProcessor
[THYMELEAF]             * [* {th:scrolling,data-th-scrolling}] [1000]: karate.org.thymeleaf.standard.processor.StandardRemovableAttributeTagProcessor
[THYMELEAF]             * [* {th:draggable,data-th-draggable}] [1000]: karate.org.thymeleaf.standard.processor.StandardRemovableAttributeTagProcessor
[THYMELEAF]             * [* {th:form,data-th-form}] [1000]: karate.org.thymeleaf.standard.processor.StandardRemovableAttributeTagProcessor
[THYMELEAF]             * [* {th:rel,data-th-rel}] [1000]: karate.org.thymeleaf.standard.processor.StandardRemovableAttributeTagProcessor
[THYMELEAF]             * [* {th:list,data-th-list}] [1000]: karate.org.thymeleaf.standard.processor.StandardRemovableAttributeTagProcessor
[THYMELEAF]             * [* {th:valuetype,data-th-valuetype}] [1000]: karate.org.thymeleaf.standard.processor.StandardRemovableAttributeTagProcessor
[THYMELEAF]             * [* {th:contenteditable,data-th-contenteditable}] [1000]: karate.org.thymeleaf.standard.processor.StandardRemovableAttributeTagProcessor
[THYMELEAF]             * [* {th:for,data-th-for}] [1000]: karate.org.thymeleaf.standard.processor.StandardRemovableAttributeTagProcessor
[THYMELEAF]             * [* {th:codebase,data-th-codebase}] [1000]: karate.org.thymeleaf.standard.processor.StandardRemovableAttributeTagProcessor
[THYMELEAF]             * [* {th:width,data-th-width}] [1000]: karate.org.thymeleaf.standard.processor.StandardRemovableAttributeTagProcessor
[THYMELEAF]             * [* {th:step,data-th-step}] [1000]: karate.org.thymeleaf.standard.processor.StandardRemovableAttributeTagProcessor
[THYMELEAF]             * [* {th:abbr,data-th-abbr}] [1000]: karate.org.thymeleaf.standard.processor.StandardRemovableAttributeTagProcessor
[THYMELEAF]             * [* {th:rowspan,data-th-rowspan}] [1000]: karate.org.thymeleaf.standard.processor.StandardRemovableAttributeTagProcessor
[THYMELEAF]             * [* {th:placeholder,data-th-placeholder}] [1000]: karate.org.thymeleaf.standard.processor.StandardRemovableAttributeTagProcessor
[THYMELEAF]             * [* {th:target,data-th-target}] [1000]: karate.org.thymeleaf.standard.processor.StandardRemovableAttributeTagProcessor
[THYMELEAF]             * [* {th:headers,data-th-headers}] [1000]: karate.org.thymeleaf.standard.processor.StandardRemovableAttributeTagProcessor
[THYMELEAF]             * [* {th:cellpadding,data-th-cellpadding}] [1000]: karate.org.thymeleaf.standard.processor.StandardRemovableAttributeTagProcessor
[THYMELEAF]             * [* {th:classid,data-th-classid}] [1000]: karate.org.thymeleaf.standard.processor.StandardRemovableAttributeTagProcessor
[THYMELEAF]             * [* {th:span,data-th-span}] [1000]: karate.org.thymeleaf.standard.processor.StandardRemovableAttributeTagProcessor
[THYMELEAF]             * [* {th:axis,data-th-axis}] [1000]: karate.org.thymeleaf.standard.processor.StandardRemovableAttributeTagProcessor
[THYMELEAF]             * [* {th:content,data-th-content}] [1000]: karate.org.thymeleaf.standard.processor.StandardRemovableAttributeTagProcessor
[THYMELEAF]             * [* {th:low,data-th-low}] [1000]: karate.org.thymeleaf.standard.processor.StandardRemovableAttributeTagProcessor
[THYMELEAF]             * [* {th:formenctype,data-th-formenctype}] [1000]: karate.org.thymeleaf.standard.processor.StandardRemovableAttributeTagProcessor
[THYMELEAF]             * [* {th:usemap,data-th-usemap}] [1000]: karate.org.thymeleaf.standard.processor.StandardRemovableAttributeTagProcessor
[THYMELEAF]             * [* {th:hreflang,data-th-hreflang}] [1000]: karate.org.thymeleaf.standard.processor.StandardRemovableAttributeTagProcessor
[THYMELEAF]             * [* {th:title,data-th-title}] [1000]: karate.org.thymeleaf.standard.processor.StandardRemovableAttributeTagProcessor
[THYMELEAF]             * [* {th:colspan,data-th-colspan}] [1000]: karate.org.thymeleaf.standard.processor.StandardRemovableAttributeTagProcessor
[THYMELEAF]             * [* {th:radiogroup,data-th-radiogroup}] [1000]: karate.org.thymeleaf.standard.processor.StandardRemovableAttributeTagProcessor
[THYMELEAF]             * [* {th:high,data-th-high}] [1000]: karate.org.thymeleaf.standard.processor.StandardRemovableAttributeTagProcessor
[THYMELEAF]             * [* {th:frameborder,data-th-frameborder}] [1000]: karate.org.thymeleaf.standard.processor.StandardRemovableAttributeTagProcessor
[THYMELEAF]             * [* {th:dir,data-th-dir}] [1000]: karate.org.thymeleaf.standard.processor.StandardRemovableAttributeTagProcessor
[THYMELEAF]             * [* {th:compact,data-th-compact}] [1000]: karate.org.thymeleaf.standard.processor.StandardRemovableAttributeTagProcessor
[THYMELEAF]             * [* {th:src,data-th-src}] [1000]: karate.org.thymeleaf.standard.processor.StandardSrcTagProcessor
[THYMELEAF]             * [* {th:value,data-th-value}] [1000]: karate.org.thymeleaf.standard.processor.StandardValueTagProcessor
[THYMELEAF]             * [* {th:xmlbase,data-th-xmlbase}] [1000]: karate.org.thymeleaf.standard.processor.StandardXmlBaseTagProcessor
[THYMELEAF]             * [* {th:xmllang,data-th-xmllang}] [1000]: karate.org.thymeleaf.standard.processor.StandardXmlLangTagProcessor
[THYMELEAF]             * [* {xmlns:th}] [1000]: karate.org.thymeleaf.standard.processor.StandardXmlNsTagProcessor
[THYMELEAF]             * [* {th:xmlspace,data-th-xmlspace}] [1000]: karate.org.thymeleaf.standard.processor.StandardXmlSpaceTagProcessor
[THYMELEAF]             * [* {th:classappend,data-th-classappend}] [1100]: karate.org.thymeleaf.standard.processor.StandardClassappendTagProcessor
[THYMELEAF]             * [* {th:styleappend,data-th-styleappend}] [1100]: karate.org.thymeleaf.standard.processor.StandardStyleappendTagProcessor
[THYMELEAF]             * [* {th:text,data-th-text}] [1300]: karate.org.thymeleaf.standard.processor.StandardTextTagProcessor
[THYMELEAF]             * [* {th:utext,data-th-utext}] [1400]: karate.org.thymeleaf.standard.processor.StandardUtextTagProcessor
[THYMELEAF]             * [* {th:fragment,data-th-fragment}] [1500]: karate.org.thymeleaf.standard.processor.StandardFragmentTagProcessor
[THYMELEAF]             * [* {th:assert,data-th-assert}] [1550]: karate.org.thymeleaf.standard.processor.StandardAssertTagProcessor
[THYMELEAF]             * [* {th:remove,data-th-remove}] [1600]: karate.org.thymeleaf.standard.processor.StandardRemoveTagProcessor
[THYMELEAF]             * [* {th:ref,data-th-ref}] [10000]: karate.org.thymeleaf.standard.processor.StandardRefAttributeTagProcessor
[THYMELEAF]             * [{th:block,th-block} *] [100000]: karate.org.thymeleaf.standard.processor.StandardBlockTagProcessor
[THYMELEAF]             * [* th:*] [2147483647]: karate.org.thymeleaf.standard.processor.StandardDefaultAttributesTagProcessor
[THYMELEAF]         * Text Processors by [precedence]:
[THYMELEAF]             * [1000]: karate.org.thymeleaf.standard.processor.StandardInliningTextProcessor
[THYMELEAF]         * DOCTYPE Processors by [precedence]:
[THYMELEAF]             * [1000]: karate.org.thymeleaf.standard.processor.StandardTranslationDocTypeProcessor
[THYMELEAF]         * CDATA Section Processors by [precedence]:
[THYMELEAF]             * [1000]: karate.org.thymeleaf.standard.processor.StandardInliningCDATASectionProcessor
[THYMELEAF]         * Comment Processors by [precedence]:
[THYMELEAF]             * [1000]: karate.org.thymeleaf.standard.processor.StandardInliningCommentProcessor
[THYMELEAF]             * [1100]: karate.org.thymeleaf.standard.processor.StandardConditionalCommentProcessor
[THYMELEAF]     * Processors for Template Mode: XML
[THYMELEAF]         * Element Tag Processors by [matching element and attribute name] [precedence]:
[THYMELEAF]             * [* {th:include}] [100]: karate.org.thymeleaf.standard.processor.StandardIncludeTagProcessor
[THYMELEAF]             * [* {th:insert}] [100]: karate.org.thymeleaf.standard.processor.StandardInsertTagProcessor
[THYMELEAF]             * [* {th:replace}] [100]: karate.org.thymeleaf.standard.processor.StandardReplaceTagProcessor
[THYMELEAF]             * [* {th:substituteby}] [100]: karate.org.thymeleaf.standard.processor.StandardSubstituteByTagProcessor
[THYMELEAF]             * [* {th:each}] [200]: com.intuit.karate.template.KarateEachTagProcessor
[THYMELEAF]             * [* {th:switch}] [250]: karate.org.thymeleaf.standard.processor.StandardSwitchTagProcessor
[THYMELEAF]             * [* {th:case}] [275]: karate.org.thymeleaf.standard.processor.StandardCaseTagProcessor
[THYMELEAF]             * [* {th:if}] [300]: karate.org.thymeleaf.standard.processor.StandardIfTagProcessor
[THYMELEAF]             * [* {th:unless}] [400]: karate.org.thymeleaf.standard.processor.StandardUnlessTagProcessor
[THYMELEAF]             * [* {th:object}] [500]: karate.org.thymeleaf.standard.processor.StandardObjectTagProcessor
[THYMELEAF]             * [* {th:with}] [600]: com.intuit.karate.template.KarateWithTagProcessor
[THYMELEAF]             * [* {th:attr}] [700]: com.intuit.karate.template.KarateAttributeTagProcessor.KarateAttrTagProcessor
[THYMELEAF]             * [* {th:attrappend}] [900]: com.intuit.karate.template.KarateAttributeTagProcessor.KarateAttrappendTagProcessor
[THYMELEAF]             * [* {th:attrprepend}] [900]: com.intuit.karate.template.KarateAttributeTagProcessor.KarateAttrprependTagProcessor
[THYMELEAF]             * [* {th:inline}] [1000]: karate.org.thymeleaf.standard.processor.StandardInlineXMLTagProcessor
[THYMELEAF]             * [* {xmlns:th}] [1000]: karate.org.thymeleaf.standard.processor.StandardXmlNsTagProcessor
[THYMELEAF]             * [* {th:text}] [1300]: karate.org.thymeleaf.standard.processor.StandardTextTagProcessor
[THYMELEAF]             * [* {th:utext}] [1400]: karate.org.thymeleaf.standard.processor.StandardUtextTagProcessor
[THYMELEAF]             * [* {th:fragment}] [1500]: karate.org.thymeleaf.standard.processor.StandardFragmentTagProcessor
[THYMELEAF]             * [* {th:assert}] [1550]: karate.org.thymeleaf.standard.processor.StandardAssertTagProcessor
[THYMELEAF]             * [* {th:remove}] [1600]: karate.org.thymeleaf.standard.processor.StandardRemoveTagProcessor
[THYMELEAF]             * [* {th:ref}] [10000]: karate.org.thymeleaf.standard.processor.StandardRefAttributeTagProcessor
[THYMELEAF]             * [{th:block} *] [100000]: karate.org.thymeleaf.standard.processor.StandardBlockTagProcessor
[THYMELEAF]             * [* th:*] [2147483647]: karate.org.thymeleaf.standard.processor.StandardDefaultAttributesTagProcessor
[THYMELEAF]         * Text Processors by [precedence]:
[THYMELEAF]             * [1000]: karate.org.thymeleaf.standard.processor.StandardInliningTextProcessor
[THYMELEAF]         * CDATA Section Processors by [precedence]:
[THYMELEAF]             * [1000]: karate.org.thymeleaf.standard.processor.StandardInliningCDATASectionProcessor
[THYMELEAF]         * Comment Processors by [precedence]:
[THYMELEAF]             * [1000]: karate.org.thymeleaf.standard.processor.StandardInliningCommentProcessor
[THYMELEAF]     * Processors for Template Mode: TEXT
[THYMELEAF]         * Element Tag Processors by [matching element and attribute name] [precedence]:
[THYMELEAF]             * [* {th:insert}] [100]: karate.org.thymeleaf.standard.processor.StandardInsertTagProcessor
[THYMELEAF]             * [* {th:replace}] [100]: karate.org.thymeleaf.standard.processor.StandardReplaceTagProcessor
[THYMELEAF]             * [* {th:each}] [200]: com.intuit.karate.template.KarateEachTagProcessor
[THYMELEAF]             * [* {th:switch}] [250]: karate.org.thymeleaf.standard.processor.StandardSwitchTagProcessor
[THYMELEAF]             * [* {th:case}] [275]: karate.org.thymeleaf.standard.processor.StandardCaseTagProcessor
[THYMELEAF]             * [* {th:if}] [300]: karate.org.thymeleaf.standard.processor.StandardIfTagProcessor
[THYMELEAF]             * [* {th:unless}] [400]: karate.org.thymeleaf.standard.processor.StandardUnlessTagProcessor
[THYMELEAF]             * [* {th:object}] [500]: karate.org.thymeleaf.standard.processor.StandardObjectTagProcessor
[THYMELEAF]             * [* {th:with}] [600]: com.intuit.karate.template.KarateWithTagProcessor
[THYMELEAF]             * [* {th:inline}] [1000]: karate.org.thymeleaf.standard.processor.StandardInlineTextualTagProcessor
[THYMELEAF]             * [* {th:text}] [1300]: karate.org.thymeleaf.standard.processor.StandardTextTagProcessor
[THYMELEAF]             * [* {th:utext}] [1400]: karate.org.thymeleaf.standard.processor.StandardUtextTagProcessor
[THYMELEAF]             * [* {th:assert}] [1550]: karate.org.thymeleaf.standard.processor.StandardAssertTagProcessor
[THYMELEAF]             * [* {th:remove}] [1600]: karate.org.thymeleaf.standard.processor.StandardRemoveTagProcessor
[THYMELEAF]             * [* 100000] [karate.org.thymeleaf.standard.processor.StandardBlockTagProcessor]: {}
[THYMELEAF]             * [{th:block} *] [100000]: karate.org.thymeleaf.standard.processor.StandardBlockTagProcessor
[THYMELEAF]         * Text Processors by [precedence]:
[THYMELEAF]             * [1000]: karate.org.thymeleaf.standard.processor.StandardInliningTextProcessor
[THYMELEAF]     * Processors for Template Mode: JAVASCRIPT
[THYMELEAF]         * Element Tag Processors by [matching element and attribute name] [precedence]:
[THYMELEAF]             * [* {th:insert}] [100]: karate.org.thymeleaf.standard.processor.StandardInsertTagProcessor
[THYMELEAF]             * [* {th:replace}] [100]: karate.org.thymeleaf.standard.processor.StandardReplaceTagProcessor
[THYMELEAF]             * [* {th:each}] [200]: com.intuit.karate.template.KarateEachTagProcessor
[THYMELEAF]             * [* {th:switch}] [250]: karate.org.thymeleaf.standard.processor.StandardSwitchTagProcessor
[THYMELEAF]             * [* {th:case}] [275]: karate.org.thymeleaf.standard.processor.StandardCaseTagProcessor
[THYMELEAF]             * [* {th:if}] [300]: karate.org.thymeleaf.standard.processor.StandardIfTagProcessor
[THYMELEAF]             * [* {th:unless}] [400]: karate.org.thymeleaf.standard.processor.StandardUnlessTagProcessor
[THYMELEAF]             * [* {th:object}] [500]: karate.org.thymeleaf.standard.processor.StandardObjectTagProcessor
[THYMELEAF]             * [* {th:with}] [600]: com.intuit.karate.template.KarateWithTagProcessor
[THYMELEAF]             * [* {th:inline}] [1000]: karate.org.thymeleaf.standard.processor.StandardInlineTextualTagProcessor
[THYMELEAF]             * [* {th:text}] [1300]: karate.org.thymeleaf.standard.processor.StandardTextTagProcessor
[THYMELEAF]             * [* {th:utext}] [1400]: karate.org.thymeleaf.standard.processor.StandardUtextTagProcessor
[THYMELEAF]             * [* {th:assert}] [1550]: karate.org.thymeleaf.standard.processor.StandardAssertTagProcessor
[THYMELEAF]             * [* {th:remove}] [1600]: karate.org.thymeleaf.standard.processor.StandardRemoveTagProcessor
[THYMELEAF]             * [{th:block} *] [100000]: karate.org.thymeleaf.standard.processor.StandardBlockTagProcessor
[THYMELEAF]             * [* 100000] [karate.org.thymeleaf.standard.processor.StandardBlockTagProcessor]: {}
[THYMELEAF]         * Text Processors by [precedence]:
[THYMELEAF]             * [1000]: karate.org.thymeleaf.standard.processor.StandardInliningTextProcessor
[THYMELEAF]     * Processors for Template Mode: CSS
[THYMELEAF]         * Element Tag Processors by [matching element and attribute name] [precedence]:
[THYMELEAF]             * [* {th:insert}] [100]: karate.org.thymeleaf.standard.processor.StandardInsertTagProcessor
[THYMELEAF]             * [* {th:replace}] [100]: karate.org.thymeleaf.standard.processor.StandardReplaceTagProcessor
[THYMELEAF]             * [* {th:each}] [200]: com.intuit.karate.template.KarateEachTagProcessor
[THYMELEAF]             * [* {th:switch}] [250]: karate.org.thymeleaf.standard.processor.StandardSwitchTagProcessor
[THYMELEAF]             * [* {th:case}] [275]: karate.org.thymeleaf.standard.processor.StandardCaseTagProcessor
[THYMELEAF]             * [* {th:if}] [300]: karate.org.thymeleaf.standard.processor.StandardIfTagProcessor
[THYMELEAF]             * [* {th:unless}] [400]: karate.org.thymeleaf.standard.processor.StandardUnlessTagProcessor
[THYMELEAF]             * [* {th:object}] [500]: karate.org.thymeleaf.standard.processor.StandardObjectTagProcessor
[THYMELEAF]             * [* {th:with}] [600]: com.intuit.karate.template.KarateWithTagProcessor
[THYMELEAF]             * [* {th:inline}] [1000]: karate.org.thymeleaf.standard.processor.StandardInlineTextualTagProcessor
[THYMELEAF]             * [* {th:text}] [1300]: karate.org.thymeleaf.standard.processor.StandardTextTagProcessor
[THYMELEAF]             * [* {th:utext}] [1400]: karate.org.thymeleaf.standard.processor.StandardUtextTagProcessor
[THYMELEAF]             * [* {th:assert}] [1550]: karate.org.thymeleaf.standard.processor.StandardAssertTagProcessor
[THYMELEAF]             * [* {th:remove}] [1600]: karate.org.thymeleaf.standard.processor.StandardRemoveTagProcessor
[THYMELEAF]             * [{th:block} *] [100000]: karate.org.thymeleaf.standard.processor.StandardBlockTagProcessor
[THYMELEAF]             * [* 100000] [karate.org.thymeleaf.standard.processor.StandardBlockTagProcessor]: {}
[THYMELEAF]         * Text Processors by [precedence]:
[THYMELEAF]             * [1000]: karate.org.thymeleaf.standard.processor.StandardInliningTextProcessor
[THYMELEAF]     * Expression Objects:
[THYMELEAF]         * #ctx
[THYMELEAF]         * #root
[THYMELEAF]         * #vars
[THYMELEAF]         * #object
[THYMELEAF]         * #locale
[THYMELEAF]         * #request
[THYMELEAF]         * #response
[THYMELEAF]         * #session
[THYMELEAF]         * #servletContext
[THYMELEAF]         * #conversions
[THYMELEAF]         * #uris
[THYMELEAF]         * #calendars
[THYMELEAF]         * #dates
[THYMELEAF]         * #bools
[THYMELEAF]         * #numbers
[THYMELEAF]         * #objects
[THYMELEAF]         * #strings
[THYMELEAF]         * #arrays
[THYMELEAF]         * #lists
[THYMELEAF]         * #sets
[THYMELEAF]         * #maps
[THYMELEAF]         * #aggregates
[THYMELEAF]         * #messages
[THYMELEAF]         * #ids
[THYMELEAF]         * #execInfo
[THYMELEAF]         * #httpServletRequest
[THYMELEAF]         * #httpSession
[THYMELEAF]     * Execution Attributes:
[THYMELEAF]         * "StandardExpressionParser": com.intuit.karate.template.KarateStandardDialect@7b5021d1
[THYMELEAF]         * "StandardJavaScriptSerializer": karate.org.thymeleaf.standard.serializer.StandardJavaScriptSerializer@4899799b
[THYMELEAF]         * "StandardCSSSerializer": karate.org.thymeleaf.standard.serializer.StandardCSSSerializer@3dea226b
[THYMELEAF]         * "StandardVariableExpressionEvaluator": com.intuit.karate.template.KarateStandardDialect@7b5021d1
[THYMELEAF]         * "StandardConversionService": karate.org.thymeleaf.standard.expression.StandardConversionService@74500e4f
[THYMELEAF] * Dialect [2 of 2]: karate (com.intuit.karate.template.KarateScriptDialect)
[THYMELEAF]     * Prefix: "ka"
[THYMELEAF]     * Processors for Template Mode: HTML
[THYMELEAF]         * Element Tag Processors by [matching element and attribute name] [precedence]:
[THYMELEAF]             * [* {src}] [1000]: com.intuit.karate.template.KaScriptAttrProcessor
[THYMELEAF]         * Element Model Processors by [matching element and attribute name] [precedence]:
[THYMELEAF]             * [{script} {ka:scope,data-ka-scope}] [1000]: com.intuit.karate.template.KaScriptElemProcessor
[THYMELEAF]             * [* {ka:set,data-ka-set}] [1000]: com.intuit.karate.template.KaSetElemProcessor
[THYMELEAF] TEMPLATE ENGINE CONFIGURED OK
20:02:07.038 [main] DEBUG karate.org.thymeleaf.TemplateEngine - [THYMELEAF] TEMPLATE ENGINE INITIALIZED
---------------------------------------------------------
feature: classpath:com/big/features/APIfeatures/SCU/GoogleTest.feature
scenarios:  3 | passed:  0 | failed:  3 | time: 0.0000
---------------------------------------------------------

20:02:07.112 [main] INFO com.intuit.karate.Suite - <<fail>> feature 5 of 12 (0 remaining) classpath:com/big/features/APIfeatures/SCU/GoogleTest.feature
20:02:07.151 [main] ERROR com.intuit.karate - classpath:com/big/features/APIfeatures/SCU/CC-XAPI/CC_XAPI.feature:6
Given url Baseurl +'/api/bat/member/'
js failed:
>>>>
01: Baseurl +'/api/bat/member/'
<<<<
org.graalvm.polyglot.PolyglotException: ReferenceError: "Baseurl" is not defined
- <js>.:program(Unnamed:1)

classpath:com/big/features/APIfeatures/SCU/CC-XAPI/CC_XAPI.feature:6
20:02:07.165 [main] ERROR com.intuit.karate - classpath:com/big/features/APIfeatures/SCU/CC-XAPI/CC_XAPI.feature:12
Given url Baseurl +'/healthcheck'
js failed:
>>>>
01: Baseurl +'/healthcheck'
<<<<
org.graalvm.polyglot.PolyglotException: ReferenceError: "Baseurl" is not defined
- <js>.:program(Unnamed:1)

classpath:com/big/features/APIfeatures/SCU/CC-XAPI/CC_XAPI.feature:12
20:02:07.188 [main] ERROR com.intuit.karate - classpath:com/big/features/APIfeatures/SCU/CC-XAPI/CC_XAPI.feature:18
Given url Baseurl '/api/bat/member/'
js failed:
>>>>
01: Baseurl '/api/bat/member/'
<<<<
org.graalvm.polyglot.PolyglotException: SyntaxError: Unnamed:1:9 Expected ; but found /api/bat/member/
Baseurl '/api/bat/member/'
         ^

- org.graalvm.polyglot.Context.eval(Context.java:425)
- com.intuit.karate.graal.JsEngine.evalForValue(JsEngine.java:141)
- com.intuit.karate.graal.JsEngine.eval(JsEngine.java:137)
- com.intuit.karate.core.ScenarioEngine.evalJs(ScenarioEngine.java:1344)
- com.intuit.karate.core.ScenarioEngine.evalKarateExpression(ScenarioEngine.java:2373)
- com.intuit.karate.core.ScenarioEngine.evalKarateExpression(ScenarioEngine.java:2292)
- com.intuit.karate.core.ScenarioEngine.url(ScenarioEngine.java:365)

classpath:com/big/features/APIfeatures/SCU/CC-XAPI/CC_XAPI.feature:18
20:02:07.195 [main] ERROR com.intuit.karate - classpath:com/big/features/APIfeatures/SCU/CC-XAPI/CC_XAPI.feature:24
Given url Baseurl + '/healthcheck'
js failed:
>>>>
01: Baseurl + '/healthcheck'
<<<<
org.graalvm.polyglot.PolyglotException: ReferenceError: "Baseurl" is not defined
- <js>.:program(Unnamed:1)

classpath:com/big/features/APIfeatures/SCU/CC-XAPI/CC_XAPI.feature:24
20:02:07.201 [main] ERROR com.intuit.karate - classpath:com/big/features/APIfeatures/SCU/CC-XAPI/CC_XAPI.feature:30
Given url Baseurl '/api/bat/member/'
js failed:
>>>>
01: Baseurl '/api/bat/member/'
<<<<
org.graalvm.polyglot.PolyglotException: SyntaxError: Unnamed:1:9 Expected ; but found /api/bat/member/
Baseurl '/api/bat/member/'
         ^

- org.graalvm.polyglot.Context.eval(Context.java:425)
- com.intuit.karate.graal.JsEngine.evalForValue(JsEngine.java:141)
- com.intuit.karate.graal.JsEngine.eval(JsEngine.java:137)
- com.intuit.karate.core.ScenarioEngine.evalJs(ScenarioEngine.java:1344)
- com.intuit.karate.core.ScenarioEngine.evalKarateExpression(ScenarioEngine.java:2373)
- com.intuit.karate.core.ScenarioEngine.evalKarateExpression(ScenarioEngine.java:2292)
- com.intuit.karate.core.ScenarioEngine.url(ScenarioEngine.java:365)

classpath:com/big/features/APIfeatures/SCU/CC-XAPI/CC_XAPI.feature:30
20:02:07.208 [main] ERROR com.intuit.karate - classpath:com/big/features/APIfeatures/SCU/CC-XAPI/CC_XAPI.feature:36
Given url Baseurl + '/healthcheck'
js failed:
>>>>
01: Baseurl + '/healthcheck'
<<<<
org.graalvm.polyglot.PolyglotException: ReferenceError: "Baseurl" is not defined
- <js>.:program(Unnamed:1)

classpath:com/big/features/APIfeatures/SCU/CC-XAPI/CC_XAPI.feature:36
20:02:07.238 [main] DEBUG com.jayway.jsonpath.internal.path.CompiledPath - Evaluating path: $
20:02:07.247 [main] ERROR com.intuit.karate - classpath:com/big/features/APIfeatures/SCU/CC-XAPI/CC_XAPI.feature:43
Given url BaseUrl
js failed:
>>>>
01: BaseUrl
<<<<
org.graalvm.polyglot.PolyglotException: ReferenceError: "BaseUrl" is not defined
- <js>.:program(Unnamed:1)

classpath:com/big/features/APIfeatures/SCU/CC-XAPI/CC_XAPI.feature:43
20:02:07.261 [main] DEBUG karate.org.thymeleaf.TemplateEngine - [THYMELEAF] INITIALIZING TEMPLATE ENGINE
20:02:07.300 [main] DEBUG karate.org.thymeleaf.TemplateEngine.CONFIG - Initializing Thymeleaf Template engine configuration...
[THYMELEAF] TEMPLATE ENGINE CONFIGURATION:
[THYMELEAF] * Thymeleaf version: 3.0.14.RELEASE (built 2021-12-08T00:45:29+0000)
[THYMELEAF] * Cache Manager implementation: karate.org.thymeleaf.cache.StandardCacheManager
[THYMELEAF] * Template resolvers:
[THYMELEAF]     * [1] com.intuit.karate.template.ResourceHtmlTemplateResolver
[THYMELEAF] * Message resolvers:
[THYMELEAF]     * karate.org.thymeleaf.messageresolver.StandardMessageResolver
[THYMELEAF] * Link builders:
[THYMELEAF]     * karate.org.thymeleaf.linkbuilder.StandardLinkBuilder
[THYMELEAF] * Dialect [1 of 2]: Standard (com.intuit.karate.template.KarateStandardDialect)
[THYMELEAF]     * Prefix: "th"
[THYMELEAF]     * Processors for Template Mode: HTML
[THYMELEAF]         * Element Tag Processors by [matching element and attribute name] [precedence]:
[THYMELEAF]             * [* {th:include,data-th-include}] [100]: karate.org.thymeleaf.standard.processor.StandardIncludeTagProcessor
[THYMELEAF]             * [* {th:insert,data-th-insert}] [100]: karate.org.thymeleaf.standard.processor.StandardInsertTagProcessor
[THYMELEAF]             * [* {th:replace,data-th-replace}] [100]: karate.org.thymeleaf.standard.processor.StandardReplaceTagProcessor
[THYMELEAF]             * [* {th:substituteby,data-th-substituteby}] [100]: karate.org.thymeleaf.standard.processor.StandardSubstituteByTagProcessor
[THYMELEAF]             * [* {th:each,data-th-each}] [200]: com.intuit.karate.template.KarateEachTagProcessor
[THYMELEAF]             * [* {th:switch,data-th-switch}] [250]: karate.org.thymeleaf.standard.processor.StandardSwitchTagProcessor
[THYMELEAF]             * [* {th:case,data-th-case}] [275]: karate.org.thymeleaf.standard.processor.StandardCaseTagProcessor
[THYMELEAF]             * [* {th:if,data-th-if}] [300]: karate.org.thymeleaf.standard.processor.StandardIfTagProcessor
[THYMELEAF]             * [* {th:unless,data-th-unless}] [400]: karate.org.thymeleaf.standard.processor.StandardUnlessTagProcessor
[THYMELEAF]             * [* {th:object,data-th-object}] [500]: karate.org.thymeleaf.standard.processor.StandardObjectTagProcessor
[THYMELEAF]             * [* {th:with,data-th-with}] [600]: com.intuit.karate.template.KarateWithTagProcessor
[THYMELEAF]             * [* {th:attr,data-th-attr}] [700]: com.intuit.karate.template.KarateAttributeTagProcessor.KarateAttrTagProcessor
[THYMELEAF]             * [* {th:attrappend,data-th-attrappend}] [900]: com.intuit.karate.template.KarateAttributeTagProcessor.KarateAttrappendTagProcessor
[THYMELEAF]             * [* {th:attrprepend,data-th-attrprepend}] [900]: com.intuit.karate.template.KarateAttributeTagProcessor.KarateAttrprependTagProcessor
[THYMELEAF]             * [* {th:alt-title,data-th-alt-title}] [990]: karate.org.thymeleaf.standard.processor.StandardAltTitleTagProcessor
[THYMELEAF]             * [* {th:lang-xmllang,data-th-lang-xmllang}] [990]: karate.org.thymeleaf.standard.processor.StandardLangXmlLangTagProcessor
[THYMELEAF]             * [* {th:action,data-th-action}] [1000]: karate.org.thymeleaf.standard.processor.StandardActionTagProcessor
[THYMELEAF]             * [* {th:autoplay,data-th-autoplay}] [1000]: karate.org.thymeleaf.standard.processor.StandardConditionalFixedValueTagProcessor
[THYMELEAF]             * [* {th:default,data-th-default}] [1000]: karate.org.thymeleaf.standard.processor.StandardConditionalFixedValueTagProcessor
[THYMELEAF]             * [* {th:novalidate,data-th-novalidate}] [1000]: karate.org.thymeleaf.standard.processor.StandardConditionalFixedValueTagProcessor
[THYMELEAF]             * [* {th:hidden,data-th-hidden}] [1000]: karate.org.thymeleaf.standard.processor.StandardConditionalFixedValueTagProcessor
[THYMELEAF]             * [* {th:disabled,data-th-disabled}] [1000]: karate.org.thymeleaf.standard.processor.StandardConditionalFixedValueTagProcessor
[THYMELEAF]             * [* {th:formnovalidate,data-th-formnovalidate}] [1000]: karate.org.thymeleaf.standard.processor.StandardConditionalFixedValueTagProcessor
[THYMELEAF]             * [* {th:scoped,data-th-scoped}] [1000]: karate.org.thymeleaf.standard.processor.StandardConditionalFixedValueTagProcessor
[THYMELEAF]             * [* {th:defer,data-th-defer}] [1000]: karate.org.thymeleaf.standard.processor.StandardConditionalFixedValueTagProcessor
[THYMELEAF]             * [* {th:ismap,data-th-ismap}] [1000]: karate.org.thymeleaf.standard.processor.StandardConditionalFixedValueTagProcessor
[THYMELEAF]             * [* {th:seamless,data-th-seamless}] [1000]: karate.org.thymeleaf.standard.processor.StandardConditionalFixedValueTagProcessor
[THYMELEAF]             * [* {th:selected,data-th-selected}] [1000]: karate.org.thymeleaf.standard.processor.StandardConditionalFixedValueTagProcessor
[THYMELEAF]             * [* {th:autofocus,data-th-autofocus}] [1000]: karate.org.thymeleaf.standard.processor.StandardConditionalFixedValueTagProcessor
[THYMELEAF]             * [* {th:nowrap,data-th-nowrap}] [1000]: karate.org.thymeleaf.standard.processor.StandardConditionalFixedValueTagProcessor
[THYMELEAF]             * [* {th:reversed,data-th-reversed}] [1000]: karate.org.thymeleaf.standard.processor.StandardConditionalFixedValueTagProcessor
[THYMELEAF]             * [* {th:multiple,data-th-multiple}] [1000]: karate.org.thymeleaf.standard.processor.StandardConditionalFixedValueTagProcessor
[THYMELEAF]             * [* {th:async,data-th-async}] [1000]: karate.org.thymeleaf.standard.processor.StandardConditionalFixedValueTagProcessor
[THYMELEAF]             * [* {th:required,data-th-required}] [1000]: karate.org.thymeleaf.standard.processor.StandardConditionalFixedValueTagProcessor
[THYMELEAF]             * [* {th:pubdate,data-th-pubdate}] [1000]: karate.org.thymeleaf.standard.processor.StandardConditionalFixedValueTagProcessor
[THYMELEAF]             * [* {th:open,data-th-open}] [1000]: karate.org.thymeleaf.standard.processor.StandardConditionalFixedValueTagProcessor
[THYMELEAF]             * [* {th:loop,data-th-loop}] [1000]: karate.org.thymeleaf.standard.processor.StandardConditionalFixedValueTagProcessor
[THYMELEAF]             * [* {th:controls,data-th-controls}] [1000]: karate.org.thymeleaf.standard.processor.StandardConditionalFixedValueTagProcessor
[THYMELEAF]             * [* {th:readonly,data-th-readonly}] [1000]: karate.org.thymeleaf.standard.processor.StandardConditionalFixedValueTagProcessor
[THYMELEAF]             * [* {th:declare,data-th-declare}] [1000]: karate.org.thymeleaf.standard.processor.StandardConditionalFixedValueTagProcessor
[THYMELEAF]             * [* {th:checked,data-th-checked}] [1000]: karate.org.thymeleaf.standard.processor.StandardConditionalFixedValueTagProcessor
[THYMELEAF]             * [* {th:onhashchange,data-th-onhashchange}] [1000]: karate.org.thymeleaf.standard.processor.StandardDOMEventAttributeTagProcessor
[THYMELEAF]             * [* {th:onmouseout,data-th-onmouseout}] [1000]: karate.org.thymeleaf.standard.processor.StandardDOMEventAttributeTagProcessor
[THYMELEAF]             * [* {th:onloadstart,data-th-onloadstart}] [1000]: karate.org.thymeleaf.standard.processor.StandardDOMEventAttributeTagProcessor
[THYMELEAF]             * [* {th:onended,data-th-onended}] [1000]: karate.org.thymeleaf.standard.processor.StandardDOMEventAttributeTagProcessor
[THYMELEAF]             * [* {th:onreadystatechange,data-th-onreadystatechange}] [1000]: karate.org.thymeleaf.standard.processor.StandardDOMEventAttributeTagProcessor
[THYMELEAF]             * [* {th:onsubmit,data-th-onsubmit}] [1000]: karate.org.thymeleaf.standard.processor.StandardDOMEventAttributeTagProcessor
[THYMELEAF]             * [* {th:onstalled,data-th-onstalled}] [1000]: karate.org.thymeleaf.standard.processor.StandardDOMEventAttributeTagProcessor
[THYMELEAF]             * [* {th:onplaying,data-th-onplaying}] [1000]: karate.org.thymeleaf.standard.processor.StandardDOMEventAttributeTagProcessor
[THYMELEAF]             * [* {th:ondblclick,data-th-ondblclick}] [1000]: karate.org.thymeleaf.standard.processor.StandardDOMEventAttributeTagProcessor
[THYMELEAF]             * [* {th:onkeyup,data-th-onkeyup}] [1000]: karate.org.thymeleaf.standard.processor.StandardDOMEventAttributeTagProcessor
[THYMELEAF]             * [* {th:onbeforeunload,data-th-onbeforeunload}] [1000]: karate.org.thymeleaf.standard.processor.StandardDOMEventAttributeTagProcessor
[THYMELEAF]             * [* {th:onwaiting,data-th-onwaiting}] [1000]: karate.org.thymeleaf.standard.processor.StandardDOMEventAttributeTagProcessor
[THYMELEAF]             * [* {th:onerror,data-th-onerror}] [1000]: karate.org.thymeleaf.standard.processor.StandardDOMEventAttributeTagProcessor
[THYMELEAF]             * [* {th:onshow,data-th-onshow}] [1000]: karate.org.thymeleaf.standard.processor.StandardDOMEventAttributeTagProcessor
[THYMELEAF]             * [* {th:onafterprint,data-th-onafterprint}] [1000]: karate.org.thymeleaf.standard.processor.StandardDOMEventAttributeTagProcessor
[THYMELEAF]             * [* {th:onmessage,data-th-onmessage}] [1000]: karate.org.thymeleaf.standard.processor.StandardDOMEventAttributeTagProcessor
[THYMELEAF]             * [* {th:onloadedmetadata,data-th-onloadedmetadata}] [1000]: karate.org.thymeleaf.standard.processor.StandardDOMEventAttributeTagProcessor
[THYMELEAF]             * [* {th:onreset,data-th-onreset}] [1000]: karate.org.thymeleaf.standard.processor.StandardDOMEventAttributeTagProcessor
[THYMELEAF]             * [* {th:onblur,data-th-onblur}] [1000]: karate.org.thymeleaf.standard.processor.StandardDOMEventAttributeTagProcessor
[THYMELEAF]             * [* {th:oninvalid,data-th-oninvalid}] [1000]: karate.org.thymeleaf.standard.processor.StandardDOMEventAttributeTagProcessor
[THYMELEAF]             * [* {th:onformchange,data-th-onformchange}] [1000]: karate.org.thymeleaf.standard.processor.StandardDOMEventAttributeTagProcessor
[THYMELEAF]             * [* {th:onchange,data-th-onchange}] [1000]: karate.org.thymeleaf.standard.processor.StandardDOMEventAttributeTagProcessor
[THYMELEAF]             * [* {th:onkeypress,data-th-onkeypress}] [1000]: karate.org.thymeleaf.standard.processor.StandardDOMEventAttributeTagProcessor
[THYMELEAF]             * [* {th:onmouseover,data-th-onmouseover}] [1000]: karate.org.thymeleaf.standard.processor.StandardDOMEventAttributeTagProcessor
[THYMELEAF]             * [* {th:oncontextmenu,data-th-oncontextmenu}] [1000]: karate.org.thymeleaf.standard.processor.StandardDOMEventAttributeTagProcessor
[THYMELEAF]             * [* {th:onresize,data-th-onresize}] [1000]: karate.org.thymeleaf.standard.processor.StandardDOMEventAttributeTagProcessor
[THYMELEAF]             * [* {th:ondrag,data-th-ondrag}] [1000]: karate.org.thymeleaf.standard.processor.StandardDOMEventAttributeTagProcessor
[THYMELEAF]             * [* {th:ondragend,data-th-ondragend}] [1000]: karate.org.thymeleaf.standard.processor.StandardDOMEventAttributeTagProcessor
[THYMELEAF]             * [* {th:onselect,data-th-onselect}] [1000]: karate.org.thymeleaf.standard.processor.StandardDOMEventAttributeTagProcessor
[THYMELEAF]             * [* {th:onseeked,data-th-onseeked}] [1000]: karate.org.thymeleaf.standard.processor.StandardDOMEventAttributeTagProcessor
[THYMELEAF]             * [* {th:ondurationchange,data-th-ondurationchange}] [1000]: karate.org.thymeleaf.standard.processor.StandardDOMEventAttributeTagProcessor
[THYMELEAF]             * [* {th:onemptied,data-th-onemptied}] [1000]: karate.org.thymeleaf.standard.processor.StandardDOMEventAttributeTagProcessor
[THYMELEAF]             * [* {th:onundo,data-th-onundo}] [1000]: karate.org.thymeleaf.standard.processor.StandardDOMEventAttributeTagProcessor
[THYMELEAF]             * [* {th:onplay,data-th-onplay}] [1000]: karate.org.thymeleaf.standard.processor.StandardDOMEventAttributeTagProcessor
[THYMELEAF]             * [* {th:ontimeupdate,data-th-ontimeupdate}] [1000]: karate.org.thymeleaf.standard.processor.StandardDOMEventAttributeTagProcessor
[THYMELEAF]             * [* {th:onforminput,data-th-onforminput}] [1000]: karate.org.thymeleaf.standard.processor.StandardDOMEventAttributeTagProcessor
[THYMELEAF]             * [* {th:onkeydown,data-th-onkeydown}] [1000]: karate.org.thymeleaf.standard.processor.StandardDOMEventAttributeTagProcessor
[THYMELEAF]             * [* {th:onload,data-th-onload}] [1000]: karate.org.thymeleaf.standard.processor.StandardDOMEventAttributeTagProcessor
[THYMELEAF]             * [* {th:onmousedown,data-th-onmousedown}] [1000]: karate.org.thymeleaf.standard.processor.StandardDOMEventAttributeTagProcessor
[THYMELEAF]             * [* {th:ondragover,data-th-ondragover}] [1000]: karate.org.thymeleaf.standard.processor.StandardDOMEventAttributeTagProcessor
[THYMELEAF]             * [* {th:onprogress,data-th-onprogress}] [1000]: karate.org.thymeleaf.standard.processor.StandardDOMEventAttributeTagProcessor
[THYMELEAF]             * [* {th:onstorage,data-th-onstorage}] [1000]: karate.org.thymeleaf.standard.processor.StandardDOMEventAttributeTagProcessor
[THYMELEAF]             * [* {th:ondragleave,data-th-ondragleave}] [1000]: karate.org.thymeleaf.standard.processor.StandardDOMEventAttributeTagProcessor
[THYMELEAF]             * [* {th:onsuspend,data-th-onsuspend}] [1000]: karate.org.thymeleaf.standard.processor.StandardDOMEventAttributeTagProcessor
[THYMELEAF]             * [* {th:ondragenter,data-th-ondragenter}] [1000]: karate.org.thymeleaf.standard.processor.StandardDOMEventAttributeTagProcessor
[THYMELEAF]             * [* {th:onoffline,data-th-onoffline}] [1000]: karate.org.thymeleaf.standard.processor.StandardDOMEventAttributeTagProcessor
[THYMELEAF]             * [* {th:onfocus,data-th-onfocus}] [1000]: karate.org.thymeleaf.standard.processor.StandardDOMEventAttributeTagProcessor
[THYMELEAF]             * [* {th:onseeking,data-th-onseeking}] [1000]: karate.org.thymeleaf.standard.processor.StandardDOMEventAttributeTagProcessor
[THYMELEAF]             * [* {th:onloadeddata,data-th-onloadeddata}] [1000]: karate.org.thymeleaf.standard.processor.StandardDOMEventAttributeTagProcessor
[THYMELEAF]             * [* {th:oncanplay,data-th-oncanplay}] [1000]: karate.org.thymeleaf.standard.processor.StandardDOMEventAttributeTagProcessor
[THYMELEAF]             * [* {th:onratechange,data-th-onratechange}] [1000]: karate.org.thymeleaf.standard.processor.StandardDOMEventAttributeTagProcessor
[THYMELEAF]             * [* {th:ondrop,data-th-ondrop}] [1000]: karate.org.thymeleaf.standard.processor.StandardDOMEventAttributeTagProcessor
[THYMELEAF]             * [* {th:onclick,data-th-onclick}] [1000]: karate.org.thymeleaf.standard.processor.StandardDOMEventAttributeTagProcessor
[THYMELEAF]             * [* {th:ondragstart,data-th-ondragstart}] [1000]: karate.org.thymeleaf.standard.processor.StandardDOMEventAttributeTagProcessor
[THYMELEAF]             * [* {th:onpause,data-th-onpause}] [1000]: karate.org.thymeleaf.standard.processor.StandardDOMEventAttributeTagProcessor
[THYMELEAF]             * [* {th:onabort,data-th-onabort}] [1000]: karate.org.thymeleaf.standard.processor.StandardDOMEventAttributeTagProcessor
[THYMELEAF]             * [* {th:onbeforeprint,data-th-onbeforeprint}] [1000]: karate.org.thymeleaf.standard.processor.StandardDOMEventAttributeTagProcessor
[THYMELEAF]             * [* {th:onmouseup,data-th-onmouseup}] [1000]: karate.org.thymeleaf.standard.processor.StandardDOMEventAttributeTagProcessor
[THYMELEAF]             * [* {th:onmousewheel,data-th-onmousewheel}] [1000]: karate.org.thymeleaf.standard.processor.StandardDOMEventAttributeTagProcessor
[THYMELEAF]             * [* {th:ononline,data-th-ononline}] [1000]: karate.org.thymeleaf.standard.processor.StandardDOMEventAttributeTagProcessor
[THYMELEAF]             * [* {th:onmousemove,data-th-onmousemove}] [1000]: karate.org.thymeleaf.standard.processor.StandardDOMEventAttributeTagProcessor
[THYMELEAF]             * [* {th:onredo,data-th-onredo}] [1000]: karate.org.thymeleaf.standard.processor.StandardDOMEventAttributeTagProcessor
[THYMELEAF]             * [* {th:onpopstate,data-th-onpopstate}] [1000]: karate.org.thymeleaf.standard.processor.StandardDOMEventAttributeTagProcessor
[THYMELEAF]             * [* {th:oncanplaythrough,data-th-oncanplaythrough}] [1000]: karate.org.thymeleaf.standard.processor.StandardDOMEventAttributeTagProcessor
[THYMELEAF]             * [* {th:onscroll,data-th-onscroll}] [1000]: karate.org.thymeleaf.standard.processor.StandardDOMEventAttributeTagProcessor
[THYMELEAF]             * [* {th:oninput,data-th-oninput}] [1000]: karate.org.thymeleaf.standard.processor.StandardDOMEventAttributeTagProcessor
[THYMELEAF]             * [* {th:onvolumechange,data-th-onvolumechange}] [1000]: karate.org.thymeleaf.standard.processor.StandardDOMEventAttributeTagProcessor
[THYMELEAF]             * [* {th:onunload,data-th-onunload}] [1000]: karate.org.thymeleaf.standard.processor.StandardDOMEventAttributeTagProcessor
[THYMELEAF]             * [* {th:href,data-th-href}] [1000]: karate.org.thymeleaf.standard.processor.StandardHrefTagProcessor
[THYMELEAF]             * [* {th:inline,data-th-inline}] [1000]: karate.org.thymeleaf.standard.processor.StandardInlineHTMLTagProcessor
[THYMELEAF]             * [* {th:method,data-th-method}] [1000]: karate.org.thymeleaf.standard.processor.StandardMethodTagProcessor
[THYMELEAF]             * [* {th:type,data-th-type}] [1000]: karate.org.thymeleaf.standard.processor.StandardNonRemovableAttributeTagProcessor
[THYMELEAF]             * [* {th:name,data-th-name}] [1000]: karate.org.thymeleaf.standard.processor.StandardNonRemovableAttributeTagProcessor
[THYMELEAF]             * [* {th:wrap,data-th-wrap}] [1000]: karate.org.thymeleaf.standard.processor.StandardRemovableAttributeTagProcessor
[THYMELEAF]             * [* {th:hspace,data-th-hspace}] [1000]: karate.org.thymeleaf.standard.processor.StandardRemovableAttributeTagProcessor
[THYMELEAF]             * [* {th:marginheight,data-th-marginheight}] [1000]: karate.org.thymeleaf.standard.processor.StandardRemovableAttributeTagProcessor
[THYMELEAF]             * [* {th:for,data-th-for}] [1000]: karate.org.thymeleaf.standard.processor.StandardRemovableAttributeTagProcessor
[THYMELEAF]             * [* {th:codetype,data-th-codetype}] [1000]: karate.org.thymeleaf.standard.processor.StandardRemovableAttributeTagProcessor
[THYMELEAF]             * [* {th:step,data-th-step}] [1000]: karate.org.thymeleaf.standard.processor.StandardRemovableAttributeTagProcessor
[THYMELEAF]             * [* {th:cols,data-th-cols}] [1000]: karate.org.thymeleaf.standard.processor.StandardRemovableAttributeTagProcessor
[THYMELEAF]             * [* {th:media,data-th-media}] [1000]: karate.org.thymeleaf.standard.processor.StandardRemovableAttributeTagProcessor
[THYMELEAF]             * [* {th:lang,data-th-lang}] [1000]: karate.org.thymeleaf.standard.processor.StandardRemovableAttributeTagProcessor
[THYMELEAF]             * [* {th:cellspacing,data-th-cellspacing}] [1000]: karate.org.thymeleaf.standard.processor.StandardRemovableAttributeTagProcessor
[THYMELEAF]             * [* {th:width,data-th-width}] [1000]: karate.org.thymeleaf.standard.processor.StandardRemovableAttributeTagProcessor
[THYMELEAF]             * [* {th:charset,data-th-charset}] [1000]: karate.org.thymeleaf.standard.processor.StandardRemovableAttributeTagProcessor
[THYMELEAF]             * [* {th:rules,data-th-rules}] [1000]: karate.org.thymeleaf.standard.processor.StandardRemovableAttributeTagProcessor
[THYMELEAF]             * [* {th:scrolling,data-th-scrolling}] [1000]: karate.org.thymeleaf.standard.processor.StandardRemovableAttributeTagProcessor
[THYMELEAF]             * [* {th:keytype,data-th-keytype}] [1000]: karate.org.thymeleaf.standard.processor.StandardRemovableAttributeTagProcessor
[THYMELEAF]             * [* {th:codebase,data-th-codebase}] [1000]: karate.org.thymeleaf.standard.processor.StandardRemovableAttributeTagProcessor
[THYMELEAF]             * [* {th:http-equiv,data-th-http-equiv}] [1000]: karate.org.thymeleaf.standard.processor.StandardRemovableAttributeTagProcessor
[THYMELEAF]             * [* {th:axis,data-th-axis}] [1000]: karate.org.thymeleaf.standard.processor.StandardRemovableAttributeTagProcessor
[THYMELEAF]             * [* {th:alt,data-th-alt}] [1000]: karate.org.thymeleaf.standard.processor.StandardRemovableAttributeTagProcessor
[THYMELEAF]             * [* {th:max,data-th-max}] [1000]: karate.org.thymeleaf.standard.processor.StandardRemovableAttributeTagProcessor
[THYMELEAF]             * [* {th:sizes,data-th-sizes}] [1000]: karate.org.thymeleaf.standard.processor.StandardRemovableAttributeTagProcessor
[THYMELEAF]             * [* {th:audio,data-th-audio}] [1000]: karate.org.thymeleaf.standard.processor.StandardRemovableAttributeTagProcessor
[THYMELEAF]             * [* {th:span,data-th-span}] [1000]: karate.org.thymeleaf.standard.processor.StandardRemovableAttributeTagProcessor
[THYMELEAF]             * [* {th:rel,data-th-rel}] [1000]: karate.org.thymeleaf.standard.processor.StandardRemovableAttributeTagProcessor
[THYMELEAF]             * [* {th:border,data-th-border}] [1000]: karate.org.thymeleaf.standard.processor.StandardRemovableAttributeTagProcessor
[THYMELEAF]             * [* {th:formaction,data-th-formaction}] [1000]: karate.org.thymeleaf.standard.processor.StandardRemovableAttributeTagProcessor
[THYMELEAF]             * [* {th:datetime,data-th-datetime}] [1000]: karate.org.thymeleaf.standard.processor.StandardRemovableAttributeTagProcessor
[THYMELEAF]             * [* {th:target,data-th-target}] [1000]: karate.org.thymeleaf.standard.processor.StandardRemovableAttributeTagProcessor
[THYMELEAF]             * [* {th:frameborder,data-th-frameborder}] [1000]: karate.org.thymeleaf.standard.processor.StandardRemovableAttributeTagProcessor
[THYMELEAF]             * [* {th:accesskey,data-th-accesskey}] [1000]: karate.org.thymeleaf.standard.processor.StandardRemovableAttributeTagProcessor
[THYMELEAF]             * [* {th:valuetype,data-th-valuetype}] [1000]: karate.org.thymeleaf.standard.processor.StandardRemovableAttributeTagProcessor
[THYMELEAF]             * [* {th:background,data-th-background}] [1000]: karate.org.thymeleaf.standard.processor.StandardRemovableAttributeTagProcessor
[THYMELEAF]             * [* {th:contenteditable,data-th-contenteditable}] [1000]: karate.org.thymeleaf.standard.processor.StandardRemovableAttributeTagProcessor
[THYMELEAF]             * [* {th:colspan,data-th-colspan}] [1000]: karate.org.thymeleaf.standard.processor.StandardRemovableAttributeTagProcessor
[THYMELEAF]             * [* {th:title,data-th-title}] [1000]: karate.org.thymeleaf.standard.processor.StandardRemovableAttributeTagProcessor
[THYMELEAF]             * [* {th:preload,data-th-preload}] [1000]: karate.org.thymeleaf.standard.processor.StandardRemovableAttributeTagProcessor
[THYMELEAF]             * [* {th:height,data-th-height}] [1000]: karate.org.thymeleaf.standard.processor.StandardRemovableAttributeTagProcessor
[THYMELEAF]             * [* {th:formtarget,data-th-formtarget}] [1000]: karate.org.thymeleaf.standard.processor.StandardRemovableAttributeTagProcessor
[THYMELEAF]             * [* {th:frame,data-th-frame}] [1000]: karate.org.thymeleaf.standard.processor.StandardRemovableAttributeTagProcessor
[THYMELEAF]             * [* {th:radiogroup,data-th-radiogroup}] [1000]: karate.org.thymeleaf.standard.processor.StandardRemovableAttributeTagProcessor
[THYMELEAF]             * [* {th:classid,data-th-classid}] [1000]: karate.org.thymeleaf.standard.processor.StandardRemovableAttributeTagProcessor
[THYMELEAF]             * [* {th:dropzone,data-th-dropzone}] [1000]: karate.org.thymeleaf.standard.processor.StandardRemovableAttributeTagProcessor
[THYMELEAF]             * [* {th:autocomplete,data-th-autocomplete}] [1000]: karate.org.thymeleaf.standard.processor.StandardRemovableAttributeTagProcessor
[THYMELEAF]             * [* {th:poster,data-th-poster}] [1000]: karate.org.thymeleaf.standard.processor.StandardRemovableAttributeTagProcessor
[THYMELEAF]             * [* {th:spellcheck,data-th-spellcheck}] [1000]: karate.org.thymeleaf.standard.processor.StandardRemovableAttributeTagProcessor
[THYMELEAF]             * [* {th:optimum,data-th-optimum}] [1000]: karate.org.thymeleaf.standard.processor.StandardRemovableAttributeTagProcessor
[THYMELEAF]             * [* {th:challenge,data-th-challenge}] [1000]: karate.org.thymeleaf.standard.processor.StandardRemovableAttributeTagProcessor
[THYMELEAF]             * [* {th:maxlength,data-th-maxlength}] [1000]: karate.org.thymeleaf.standard.processor.StandardRemovableAttributeTagProcessor
[THYMELEAF]             * [* {th:list,data-th-list}] [1000]: karate.org.thymeleaf.standard.processor.StandardRemovableAttributeTagProcessor
[THYMELEAF]             * [* {th:pattern,data-th-pattern}] [1000]: karate.org.thymeleaf.standard.processor.StandardRemovableAttributeTagProcessor
[THYMELEAF]             * [* {th:placeholder,data-th-placeholder}] [1000]: karate.org.thymeleaf.standard.processor.StandardRemovableAttributeTagProcessor
[THYMELEAF]             * [* {th:size,data-th-size}] [1000]: karate.org.thymeleaf.standard.processor.StandardRemovableAttributeTagProcessor
[THYMELEAF]             * [* {th:abbr,data-th-abbr}] [1000]: karate.org.thymeleaf.standard.processor.StandardRemovableAttributeTagProcessor
[THYMELEAF]             * [* {th:rowspan,data-th-rowspan}] [1000]: karate.org.thymeleaf.standard.processor.StandardRemovableAttributeTagProcessor
[THYMELEAF]             * [* {th:tabindex,data-th-tabindex}] [1000]: karate.org.thymeleaf.standard.processor.StandardRemovableAttributeTagProcessor
[THYMELEAF]             * [* {th:longdesc,data-th-longdesc}] [1000]: karate.org.thymeleaf.standard.processor.StandardRemovableAttributeTagProcessor
[THYMELEAF]             * [* {th:content,data-th-content}] [1000]: karate.org.thymeleaf.standard.processor.StandardRemovableAttributeTagProcessor
[THYMELEAF]             * [* {th:accept-charset,data-th-accept-charset}] [1000]: karate.org.thymeleaf.standard.processor.StandardRemovableAttributeTagProcessor
[THYMELEAF]             * [* {th:low,data-th-low}] [1000]: karate.org.thymeleaf.standard.processor.StandardRemovableAttributeTagProcessor
[THYMELEAF]             * [* {th:label,data-th-label}] [1000]: karate.org.thymeleaf.standard.processor.StandardRemovableAttributeTagProcessor
[THYMELEAF]             * [* {th:rows,data-th-rows}] [1000]: karate.org.thymeleaf.standard.processor.StandardRemovableAttributeTagProcessor
[THYMELEAF]             * [* {th:formmethod,data-th-formmethod}] [1000]: karate.org.thymeleaf.standard.processor.StandardRemovableAttributeTagProcessor
[THYMELEAF]             * [* {th:marginwidth,data-th-marginwidth}] [1000]: karate.org.thymeleaf.standard.processor.StandardRemovableAttributeTagProcessor
[THYMELEAF]             * [* {th:dir,data-th-dir}] [1000]: karate.org.thymeleaf.standard.processor.StandardRemovableAttributeTagProcessor
[THYMELEAF]             * [* {th:cite,data-th-cite}] [1000]: karate.org.thymeleaf.standard.processor.StandardRemovableAttributeTagProcessor
[THYMELEAF]             * [* {th:form,data-th-form}] [1000]: karate.org.thymeleaf.standard.processor.StandardRemovableAttributeTagProcessor
[THYMELEAF]             * [* {th:rev,data-th-rev}] [1000]: karate.org.thymeleaf.standard.processor.StandardRemovableAttributeTagProcessor
[THYMELEAF]             * [* {th:compact,data-th-compact}] [1000]: karate.org.thymeleaf.standard.processor.StandardRemovableAttributeTagProcessor
[THYMELEAF]             * [* {th:usemap,data-th-usemap}] [1000]: karate.org.thymeleaf.standard.processor.StandardRemovableAttributeTagProcessor
[THYMELEAF]             * [* {th:bgcolor,data-th-bgcolor}] [1000]: karate.org.thymeleaf.standard.processor.StandardRemovableAttributeTagProcessor
[THYMELEAF]             * [* {th:headers,data-th-headers}] [1000]: karate.org.thymeleaf.standard.processor.StandardRemovableAttributeTagProcessor
[THYMELEAF]             * [* {th:draggable,data-th-draggable}] [1000]: karate.org.thymeleaf.standard.processor.StandardRemovableAttributeTagProcessor
[THYMELEAF]             * [* {th:standby,data-th-standby}] [1000]: karate.org.thymeleaf.standard.processor.StandardRemovableAttributeTagProcessor
[THYMELEAF]             * [* {th:id,data-th-id}] [1000]: karate.org.thymeleaf.standard.processor.StandardRemovableAttributeTagProcessor
[THYMELEAF]             * [* {th:scheme,data-th-scheme}] [1000]: karate.org.thymeleaf.standard.processor.StandardRemovableAttributeTagProcessor
[THYMELEAF]             * [* {th:sandbox,data-th-sandbox}] [1000]: karate.org.thymeleaf.standard.processor.StandardRemovableAttributeTagProcessor
[THYMELEAF]             * [* {th:manifest,data-th-manifest}] [1000]: karate.org.thymeleaf.standard.processor.StandardRemovableAttributeTagProcessor
[THYMELEAF]             * [* {th:cellpadding,data-th-cellpadding}] [1000]: karate.org.thymeleaf.standard.processor.StandardRemovableAttributeTagProcessor
[THYMELEAF]             * [* {th:accept,data-th-accept}] [1000]: karate.org.thymeleaf.standard.processor.StandardRemovableAttributeTagProcessor
[THYMELEAF]             * [* {th:start,data-th-start}] [1000]: karate.org.thymeleaf.standard.processor.StandardRemovableAttributeTagProcessor
[THYMELEAF]             * [* {th:vspace,data-th-vspace}] [1000]: karate.org.thymeleaf.standard.processor.StandardRemovableAttributeTagProcessor
[THYMELEAF]             * [* {th:hreflang,data-th-hreflang}] [1000]: karate.org.thymeleaf.standard.processor.StandardRemovableAttributeTagProcessor
[THYMELEAF]             * [* {th:kind,data-th-kind}] [1000]: karate.org.thymeleaf.standard.processor.StandardRemovableAttributeTagProcessor
[THYMELEAF]             * [* {th:align,data-th-align}] [1000]: karate.org.thymeleaf.standard.processor.StandardRemovableAttributeTagProcessor
[THYMELEAF]             * [* {th:data,data-th-data}] [1000]: karate.org.thymeleaf.standard.processor.StandardRemovableAttributeTagProcessor
[THYMELEAF]             * [* {th:class,data-th-class}] [1000]: karate.org.thymeleaf.standard.processor.StandardRemovableAttributeTagProcessor
[THYMELEAF]             * [* {th:formenctype,data-th-formenctype}] [1000]: karate.org.thymeleaf.standard.processor.StandardRemovableAttributeTagProcessor
[THYMELEAF]             * [* {th:srclang,data-th-srclang}] [1000]: karate.org.thymeleaf.standard.processor.StandardRemovableAttributeTagProcessor
[THYMELEAF]             * [* {th:scope,data-th-scope}] [1000]: karate.org.thymeleaf.standard.processor.StandardRemovableAttributeTagProcessor
[THYMELEAF]             * [* {th:summary,data-th-summary}] [1000]: karate.org.thymeleaf.standard.processor.StandardRemovableAttributeTagProcessor
[THYMELEAF]             * [* {th:icon,data-th-icon}] [1000]: karate.org.thymeleaf.standard.processor.StandardRemovableAttributeTagProcessor
[THYMELEAF]             * [* {th:high,data-th-high}] [1000]: karate.org.thymeleaf.standard.processor.StandardRemovableAttributeTagProcessor
[THYMELEAF]             * [* {th:enctype,data-th-enctype}] [1000]: karate.org.thymeleaf.standard.processor.StandardRemovableAttributeTagProcessor
[THYMELEAF]             * [* {th:style,data-th-style}] [1000]: karate.org.thymeleaf.standard.processor.StandardRemovableAttributeTagProcessor
[THYMELEAF]             * [* {th:contextmenu,data-th-contextmenu}] [1000]: karate.org.thymeleaf.standard.processor.StandardRemovableAttributeTagProcessor
[THYMELEAF]             * [* {th:min,data-th-min}] [1000]: karate.org.thymeleaf.standard.processor.StandardRemovableAttributeTagProcessor
[THYMELEAF]             * [* {th:archive,data-th-archive}] [1000]: karate.org.thymeleaf.standard.processor.StandardRemovableAttributeTagProcessor
[THYMELEAF]             * [* {th:src,data-th-src}] [1000]: karate.org.thymeleaf.standard.processor.StandardSrcTagProcessor
[THYMELEAF]             * [* {th:value,data-th-value}] [1000]: karate.org.thymeleaf.standard.processor.StandardValueTagProcessor
[THYMELEAF]             * [* {th:xmlbase,data-th-xmlbase}] [1000]: karate.org.thymeleaf.standard.processor.StandardXmlBaseTagProcessor
[THYMELEAF]             * [* {th:xmllang,data-th-xmllang}] [1000]: karate.org.thymeleaf.standard.processor.StandardXmlLangTagProcessor
[THYMELEAF]             * [* {xmlns:th}] [1000]: karate.org.thymeleaf.standard.processor.StandardXmlNsTagProcessor
[THYMELEAF]             * [* {th:xmlspace,data-th-xmlspace}] [1000]: karate.org.thymeleaf.standard.processor.StandardXmlSpaceTagProcessor
[THYMELEAF]             * [* {th:classappend,data-th-classappend}] [1100]: karate.org.thymeleaf.standard.processor.StandardClassappendTagProcessor
[THYMELEAF]             * [* {th:styleappend,data-th-styleappend}] [1100]: karate.org.thymeleaf.standard.processor.StandardStyleappendTagProcessor
[THYMELEAF]             * [* {th:text,data-th-text}] [1300]: karate.org.thymeleaf.standard.processor.StandardTextTagProcessor
[THYMELEAF]             * [* {th:utext,data-th-utext}] [1400]: karate.org.thymeleaf.standard.processor.StandardUtextTagProcessor
[THYMELEAF]             * [* {th:fragment,data-th-fragment}] [1500]: karate.org.thymeleaf.standard.processor.StandardFragmentTagProcessor
[THYMELEAF]             * [* {th:assert,data-th-assert}] [1550]: karate.org.thymeleaf.standard.processor.StandardAssertTagProcessor
[THYMELEAF]             * [* {th:remove,data-th-remove}] [1600]: karate.org.thymeleaf.standard.processor.StandardRemoveTagProcessor
[THYMELEAF]             * [* {th:ref,data-th-ref}] [10000]: karate.org.thymeleaf.standard.processor.StandardRefAttributeTagProcessor
[THYMELEAF]             * [{th:block,th-block} *] [100000]: karate.org.thymeleaf.standard.processor.StandardBlockTagProcessor
[THYMELEAF]             * [* th:*] [2147483647]: karate.org.thymeleaf.standard.processor.StandardDefaultAttributesTagProcessor
[THYMELEAF]         * Text Processors by [precedence]:
[THYMELEAF]             * [1000]: karate.org.thymeleaf.standard.processor.StandardInliningTextProcessor
[THYMELEAF]         * DOCTYPE Processors by [precedence]:
[THYMELEAF]             * [1000]: karate.org.thymeleaf.standard.processor.StandardTranslationDocTypeProcessor
[THYMELEAF]         * CDATA Section Processors by [precedence]:
[THYMELEAF]             * [1000]: karate.org.thymeleaf.standard.processor.StandardInliningCDATASectionProcessor
[THYMELEAF]         * Comment Processors by [precedence]:
[THYMELEAF]             * [1000]: karate.org.thymeleaf.standard.processor.StandardInliningCommentProcessor
[THYMELEAF]             * [1100]: karate.org.thymeleaf.standard.processor.StandardConditionalCommentProcessor
[THYMELEAF]     * Processors for Template Mode: XML
[THYMELEAF]         * Element Tag Processors by [matching element and attribute name] [precedence]:
[THYMELEAF]             * [* {th:include}] [100]: karate.org.thymeleaf.standard.processor.StandardIncludeTagProcessor
[THYMELEAF]             * [* {th:insert}] [100]: karate.org.thymeleaf.standard.processor.StandardInsertTagProcessor
[THYMELEAF]             * [* {th:replace}] [100]: karate.org.thymeleaf.standard.processor.StandardReplaceTagProcessor
[THYMELEAF]             * [* {th:substituteby}] [100]: karate.org.thymeleaf.standard.processor.StandardSubstituteByTagProcessor
[THYMELEAF]             * [* {th:each}] [200]: com.intuit.karate.template.KarateEachTagProcessor
[THYMELEAF]             * [* {th:switch}] [250]: karate.org.thymeleaf.standard.processor.StandardSwitchTagProcessor
[THYMELEAF]             * [* {th:case}] [275]: karate.org.thymeleaf.standard.processor.StandardCaseTagProcessor
[THYMELEAF]             * [* {th:if}] [300]: karate.org.thymeleaf.standard.processor.StandardIfTagProcessor
[THYMELEAF]             * [* {th:unless}] [400]: karate.org.thymeleaf.standard.processor.StandardUnlessTagProcessor
[THYMELEAF]             * [* {th:object}] [500]: karate.org.thymeleaf.standard.processor.StandardObjectTagProcessor
[THYMELEAF]             * [* {th:with}] [600]: com.intuit.karate.template.KarateWithTagProcessor
[THYMELEAF]             * [* {th:attr}] [700]: com.intuit.karate.template.KarateAttributeTagProcessor.KarateAttrTagProcessor
[THYMELEAF]             * [* {th:attrappend}] [900]: com.intuit.karate.template.KarateAttributeTagProcessor.KarateAttrappendTagProcessor
[THYMELEAF]             * [* {th:attrprepend}] [900]: com.intuit.karate.template.KarateAttributeTagProcessor.KarateAttrprependTagProcessor
[THYMELEAF]             * [* {th:inline}] [1000]: karate.org.thymeleaf.standard.processor.StandardInlineXMLTagProcessor
[THYMELEAF]             * [* {xmlns:th}] [1000]: karate.org.thymeleaf.standard.processor.StandardXmlNsTagProcessor
[THYMELEAF]             * [* {th:text}] [1300]: karate.org.thymeleaf.standard.processor.StandardTextTagProcessor
[THYMELEAF]             * [* {th:utext}] [1400]: karate.org.thymeleaf.standard.processor.StandardUtextTagProcessor
[THYMELEAF]             * [* {th:fragment}] [1500]: karate.org.thymeleaf.standard.processor.StandardFragmentTagProcessor
[THYMELEAF]             * [* {th:assert}] [1550]: karate.org.thymeleaf.standard.processor.StandardAssertTagProcessor
[THYMELEAF]             * [* {th:remove}] [1600]: karate.org.thymeleaf.standard.processor.StandardRemoveTagProcessor
[THYMELEAF]             * [* {th:ref}] [10000]: karate.org.thymeleaf.standard.processor.StandardRefAttributeTagProcessor
[THYMELEAF]             * [{th:block} *] [100000]: karate.org.thymeleaf.standard.processor.StandardBlockTagProcessor
[THYMELEAF]             * [* th:*] [2147483647]: karate.org.thymeleaf.standard.processor.StandardDefaultAttributesTagProcessor
[THYMELEAF]         * Text Processors by [precedence]:
[THYMELEAF]             * [1000]: karate.org.thymeleaf.standard.processor.StandardInliningTextProcessor
[THYMELEAF]         * CDATA Section Processors by [precedence]:
[THYMELEAF]             * [1000]: karate.org.thymeleaf.standard.processor.StandardInliningCDATASectionProcessor
[THYMELEAF]         * Comment Processors by [precedence]:
[THYMELEAF]             * [1000]: karate.org.thymeleaf.standard.processor.StandardInliningCommentProcessor
[THYMELEAF]     * Processors for Template Mode: TEXT
[THYMELEAF]         * Element Tag Processors by [matching element and attribute name] [precedence]:
[THYMELEAF]             * [* {th:insert}] [100]: karate.org.thymeleaf.standard.processor.StandardInsertTagProcessor
[THYMELEAF]             * [* {th:replace}] [100]: karate.org.thymeleaf.standard.processor.StandardReplaceTagProcessor
[THYMELEAF]             * [* {th:each}] [200]: com.intuit.karate.template.KarateEachTagProcessor
[THYMELEAF]             * [* {th:switch}] [250]: karate.org.thymeleaf.standard.processor.StandardSwitchTagProcessor
[THYMELEAF]             * [* {th:case}] [275]: karate.org.thymeleaf.standard.processor.StandardCaseTagProcessor
[THYMELEAF]             * [* {th:if}] [300]: karate.org.thymeleaf.standard.processor.StandardIfTagProcessor
[THYMELEAF]             * [* {th:unless}] [400]: karate.org.thymeleaf.standard.processor.StandardUnlessTagProcessor
[THYMELEAF]             * [* {th:object}] [500]: karate.org.thymeleaf.standard.processor.StandardObjectTagProcessor
[THYMELEAF]             * [* {th:with}] [600]: com.intuit.karate.template.KarateWithTagProcessor
[THYMELEAF]             * [* {th:inline}] [1000]: karate.org.thymeleaf.standard.processor.StandardInlineTextualTagProcessor
[THYMELEAF]             * [* {th:text}] [1300]: karate.org.thymeleaf.standard.processor.StandardTextTagProcessor
[THYMELEAF]             * [* {th:utext}] [1400]: karate.org.thymeleaf.standard.processor.StandardUtextTagProcessor
[THYMELEAF]             * [* {th:assert}] [1550]: karate.org.thymeleaf.standard.processor.StandardAssertTagProcessor
[THYMELEAF]             * [* {th:remove}] [1600]: karate.org.thymeleaf.standard.processor.StandardRemoveTagProcessor
[THYMELEAF]             * [{th:block} *] [100000]: karate.org.thymeleaf.standard.processor.StandardBlockTagProcessor
[THYMELEAF]             * [* 100000] [karate.org.thymeleaf.standard.processor.StandardBlockTagProcessor]: {}
[THYMELEAF]         * Text Processors by [precedence]:
[THYMELEAF]             * [1000]: karate.org.thymeleaf.standard.processor.StandardInliningTextProcessor
[THYMELEAF]     * Processors for Template Mode: JAVASCRIPT
[THYMELEAF]         * Element Tag Processors by [matching element and attribute name] [precedence]:
[THYMELEAF]             * [* {th:insert}] [100]: karate.org.thymeleaf.standard.processor.StandardInsertTagProcessor
[THYMELEAF]             * [* {th:replace}] [100]: karate.org.thymeleaf.standard.processor.StandardReplaceTagProcessor
[THYMELEAF]             * [* {th:each}] [200]: com.intuit.karate.template.KarateEachTagProcessor
[THYMELEAF]             * [* {th:switch}] [250]: karate.org.thymeleaf.standard.processor.StandardSwitchTagProcessor
[THYMELEAF]             * [* {th:case}] [275]: karate.org.thymeleaf.standard.processor.StandardCaseTagProcessor
[THYMELEAF]             * [* {th:if}] [300]: karate.org.thymeleaf.standard.processor.StandardIfTagProcessor
[THYMELEAF]             * [* {th:unless}] [400]: karate.org.thymeleaf.standard.processor.StandardUnlessTagProcessor
[THYMELEAF]             * [* {th:object}] [500]: karate.org.thymeleaf.standard.processor.StandardObjectTagProcessor
[THYMELEAF]             * [* {th:with}] [600]: com.intuit.karate.template.KarateWithTagProcessor
[THYMELEAF]             * [* {th:inline}] [1000]: karate.org.thymeleaf.standard.processor.StandardInlineTextualTagProcessor
[THYMELEAF]             * [* {th:text}] [1300]: karate.org.thymeleaf.standard.processor.StandardTextTagProcessor
[THYMELEAF]             * [* {th:utext}] [1400]: karate.org.thymeleaf.standard.processor.StandardUtextTagProcessor
[THYMELEAF]             * [* {th:assert}] [1550]: karate.org.thymeleaf.standard.processor.StandardAssertTagProcessor
[THYMELEAF]             * [* {th:remove}] [1600]: karate.org.thymeleaf.standard.processor.StandardRemoveTagProcessor
[THYMELEAF]             * [{th:block} *] [100000]: karate.org.thymeleaf.standard.processor.StandardBlockTagProcessor
[THYMELEAF]             * [* 100000] [karate.org.thymeleaf.standard.processor.StandardBlockTagProcessor]: {}
[THYMELEAF]         * Text Processors by [precedence]:
[THYMELEAF]             * [1000]: karate.org.thymeleaf.standard.processor.StandardInliningTextProcessor
[THYMELEAF]     * Processors for Template Mode: CSS
[THYMELEAF]         * Element Tag Processors by [matching element and attribute name] [precedence]:
[THYMELEAF]             * [* {th:insert}] [100]: karate.org.thymeleaf.standard.processor.StandardInsertTagProcessor
[THYMELEAF]             * [* {th:replace}] [100]: karate.org.thymeleaf.standard.processor.StandardReplaceTagProcessor
[THYMELEAF]             * [* {th:each}] [200]: com.intuit.karate.template.KarateEachTagProcessor
[THYMELEAF]             * [* {th:switch}] [250]: karate.org.thymeleaf.standard.processor.StandardSwitchTagProcessor
[THYMELEAF]             * [* {th:case}] [275]: karate.org.thymeleaf.standard.processor.StandardCaseTagProcessor
[THYMELEAF]             * [* {th:if}] [300]: karate.org.thymeleaf.standard.processor.StandardIfTagProcessor
[THYMELEAF]             * [* {th:unless}] [400]: karate.org.thymeleaf.standard.processor.StandardUnlessTagProcessor
[THYMELEAF]             * [* {th:object}] [500]: karate.org.thymeleaf.standard.processor.StandardObjectTagProcessor
[THYMELEAF]             * [* {th:with}] [600]: com.intuit.karate.template.KarateWithTagProcessor
[THYMELEAF]             * [* {th:inline}] [1000]: karate.org.thymeleaf.standard.processor.StandardInlineTextualTagProcessor
[THYMELEAF]             * [* {th:text}] [1300]: karate.org.thymeleaf.standard.processor.StandardTextTagProcessor
[THYMELEAF]             * [* {th:utext}] [1400]: karate.org.thymeleaf.standard.processor.StandardUtextTagProcessor
[THYMELEAF]             * [* {th:assert}] [1550]: karate.org.thymeleaf.standard.processor.StandardAssertTagProcessor
[THYMELEAF]             * [* {th:remove}] [1600]: karate.org.thymeleaf.standard.processor.StandardRemoveTagProcessor
[THYMELEAF]             * [{th:block} *] [100000]: karate.org.thymeleaf.standard.processor.StandardBlockTagProcessor
[THYMELEAF]             * [* 100000] [karate.org.thymeleaf.standard.processor.StandardBlockTagProcessor]: {}
[THYMELEAF]         * Text Processors by [precedence]:
[THYMELEAF]             * [1000]: karate.org.thymeleaf.standard.processor.StandardInliningTextProcessor
[THYMELEAF]     * Expression Objects:
[THYMELEAF]         * #ctx
[THYMELEAF]         * #root
[THYMELEAF]         * #vars
[THYMELEAF]         * #object
[THYMELEAF]         * #locale
[THYMELEAF]         * #request
[THYMELEAF]         * #response
[THYMELEAF]         * #session
[THYMELEAF]         * #servletContext
[THYMELEAF]         * #conversions
[THYMELEAF]         * #uris
[THYMELEAF]         * #calendars
[THYMELEAF]         * #dates
[THYMELEAF]         * #bools
[THYMELEAF]         * #numbers
[THYMELEAF]         * #objects
[THYMELEAF]         * #strings
[THYMELEAF]         * #arrays
[THYMELEAF]         * #lists
[THYMELEAF]         * #sets
[THYMELEAF]         * #maps
[THYMELEAF]         * #aggregates
[THYMELEAF]         * #messages
[THYMELEAF]         * #ids
[THYMELEAF]         * #execInfo
[THYMELEAF]         * #httpServletRequest
[THYMELEAF]         * #httpSession
[THYMELEAF]     * Execution Attributes:
[THYMELEAF]         * "StandardExpressionParser": com.intuit.karate.template.KarateStandardDialect@75527e36
[THYMELEAF]         * "StandardJavaScriptSerializer": karate.org.thymeleaf.standard.serializer.StandardJavaScriptSerializer@63553e9f
[THYMELEAF]         * "StandardCSSSerializer": karate.org.thymeleaf.standard.serializer.StandardCSSSerializer@218df7d6
[THYMELEAF]         * "StandardVariableExpressionEvaluator": com.intuit.karate.template.KarateStandardDialect@75527e36
[THYMELEAF]         * "StandardConversionService": karate.org.thymeleaf.standard.expression.StandardConversionService@295b07e0
[THYMELEAF] * Dialect [2 of 2]: karate (com.intuit.karate.template.KarateScriptDialect)
[THYMELEAF]     * Prefix: "ka"
[THYMELEAF]     * Processors for Template Mode: HTML
[THYMELEAF]         * Element Tag Processors by [matching element and attribute name] [precedence]:
[THYMELEAF]             * [* {src}] [1000]: com.intuit.karate.template.KaScriptAttrProcessor
[THYMELEAF]         * Element Model Processors by [matching element and attribute name] [precedence]:
[THYMELEAF]             * [{script} {ka:scope,data-ka-scope}] [1000]: com.intuit.karate.template.KaScriptElemProcessor
[THYMELEAF]             * [* {ka:set,data-ka-set}] [1000]: com.intuit.karate.template.KaSetElemProcessor
[THYMELEAF] TEMPLATE ENGINE CONFIGURED OK
20:02:07.304 [main] DEBUG karate.org.thymeleaf.TemplateEngine - [THYMELEAF] TEMPLATE ENGINE INITIALIZED
---------------------------------------------------------
feature: classpath:com/big/features/APIfeatures/SCU/CC-XAPI/CC_XAPI.feature
scenarios:  7 | passed:  0 | failed:  7 | time: 0.0865
---------------------------------------------------------

20:02:07.398 [main] INFO com.intuit.karate.Suite - <<fail>> feature 6 of 12 (0 remaining) classpath:com/big/features/APIfeatures/SCU/CC-XAPI/CC_XAPI.feature
20:02:07.404 [main] ERROR com.intuit.karate - classpath:com/big/features/APIfeatures/SCU/Core ISO XAPI/Core_ISO_XAPI.feature:6
Given url Baseurl 'core-api/secure/iso20022/account'
js failed:
>>>>
01: Baseurl 'core-api/secure/iso20022/account'
<<<<
org.graalvm.polyglot.PolyglotException: SyntaxError: Unnamed:1:9 Expected ; but found core-api/secure/iso20022/account
Baseurl 'core-api/secure/iso20022/account'
         ^

- org.graalvm.polyglot.Context.eval(Context.java:425)
- com.intuit.karate.graal.JsEngine.evalForValue(JsEngine.java:141)
- com.intuit.karate.graal.JsEngine.eval(JsEngine.java:137)
- com.intuit.karate.core.ScenarioEngine.evalJs(ScenarioEngine.java:1344)
- com.intuit.karate.core.ScenarioEngine.evalKarateExpression(ScenarioEngine.java:2373)
- com.intuit.karate.core.ScenarioEngine.evalKarateExpression(ScenarioEngine.java:2292)
- com.intuit.karate.core.ScenarioEngine.url(ScenarioEngine.java:365)

classpath:com/big/features/APIfeatures/SCU/Core ISO XAPI/Core_ISO_XAPI.feature:6
20:02:07.409 [main] ERROR com.intuit.karate - classpath:com/big/features/APIfeatures/SCU/Core ISO XAPI/Core_ISO_XAPI.feature:12
Given url Baseurl + '/healthcheck'
js failed:
>>>>
01: Baseurl + '/healthcheck'
<<<<
org.graalvm.polyglot.PolyglotException: ReferenceError: "Baseurl" is not defined
- <js>.:program(Unnamed:1)

classpath:com/big/features/APIfeatures/SCU/Core ISO XAPI/Core_ISO_XAPI.feature:12
20:02:07.414 [main] ERROR com.intuit.karate - classpath:com/big/features/APIfeatures/SCU/Core ISO XAPI/Core_ISO_XAPI.feature:18
Given url Baseurl '/api/bat/member/'
js failed:
>>>>
01: Baseurl '/api/bat/member/'
<<<<
org.graalvm.polyglot.PolyglotException: SyntaxError: Unnamed:1:9 Expected ; but found /api/bat/member/
Baseurl '/api/bat/member/'
         ^

- org.graalvm.polyglot.Context.eval(Context.java:425)
- com.intuit.karate.graal.JsEngine.evalForValue(JsEngine.java:141)
- com.intuit.karate.graal.JsEngine.eval(JsEngine.java:137)
- com.intuit.karate.core.ScenarioEngine.evalJs(ScenarioEngine.java:1344)
- com.intuit.karate.core.ScenarioEngine.evalKarateExpression(ScenarioEngine.java:2373)
- com.intuit.karate.core.ScenarioEngine.evalKarateExpression(ScenarioEngine.java:2292)
- com.intuit.karate.core.ScenarioEngine.url(ScenarioEngine.java:365)

classpath:com/big/features/APIfeatures/SCU/Core ISO XAPI/Core_ISO_XAPI.feature:18
20:02:07.420 [main] ERROR com.intuit.karate - classpath:com/big/features/APIfeatures/SCU/Core ISO XAPI/Core_ISO_XAPI.feature:24
Given url Baseurl + '/healthcheck'
js failed:
>>>>
01: Baseurl + '/healthcheck'
<<<<
org.graalvm.polyglot.PolyglotException: ReferenceError: "Baseurl" is not defined
- <js>.:program(Unnamed:1)

classpath:com/big/features/APIfeatures/SCU/Core ISO XAPI/Core_ISO_XAPI.feature:24
20:02:07.425 [main] ERROR com.intuit.karate - classpath:com/big/features/APIfeatures/SCU/Core ISO XAPI/Core_ISO_XAPI.feature:30
Given url Baseurl '/api/bat/member/'
js failed:
>>>>
01: Baseurl '/api/bat/member/'
<<<<
org.graalvm.polyglot.PolyglotException: SyntaxError: Unnamed:1:9 Expected ; but found /api/bat/member/
Baseurl '/api/bat/member/'
         ^

- org.graalvm.polyglot.Context.eval(Context.java:425)
- com.intuit.karate.graal.JsEngine.evalForValue(JsEngine.java:141)
- com.intuit.karate.graal.JsEngine.eval(JsEngine.java:137)
- com.intuit.karate.core.ScenarioEngine.evalJs(ScenarioEngine.java:1344)
- com.intuit.karate.core.ScenarioEngine.evalKarateExpression(ScenarioEngine.java:2373)
- com.intuit.karate.core.ScenarioEngine.evalKarateExpression(ScenarioEngine.java:2292)
- com.intuit.karate.core.ScenarioEngine.url(ScenarioEngine.java:365)

classpath:com/big/features/APIfeatures/SCU/Core ISO XAPI/Core_ISO_XAPI.feature:30
20:02:07.430 [main] ERROR com.intuit.karate - classpath:com/big/features/APIfeatures/SCU/Core ISO XAPI/Core_ISO_XAPI.feature:36
Given url Baseurl + '/healthcheck'
js failed:
>>>>
01: Baseurl + '/healthcheck'
<<<<
org.graalvm.polyglot.PolyglotException: ReferenceError: "Baseurl" is not defined
- <js>.:program(Unnamed:1)

classpath:com/big/features/APIfeatures/SCU/Core ISO XAPI/Core_ISO_XAPI.feature:36
20:02:07.435 [main] DEBUG com.jayway.jsonpath.internal.path.CompiledPath - Evaluating path: $
20:02:07.436 [main] ERROR com.intuit.karate - classpath:com/big/features/APIfeatures/SCU/Core ISO XAPI/Core_ISO_XAPI.feature:43
Given url BaseUrl
js failed:
>>>>
01: BaseUrl
<<<<
org.graalvm.polyglot.PolyglotException: ReferenceError: "BaseUrl" is not defined
- <js>.:program(Unnamed:1)

classpath:com/big/features/APIfeatures/SCU/Core ISO XAPI/Core_ISO_XAPI.feature:43
20:02:07.445 [main] DEBUG karate.org.thymeleaf.TemplateEngine - [THYMELEAF] INITIALIZING TEMPLATE ENGINE
20:02:07.460 [main] DEBUG karate.org.thymeleaf.TemplateEngine.CONFIG - Initializing Thymeleaf Template engine configuration...
[THYMELEAF] TEMPLATE ENGINE CONFIGURATION:
[THYMELEAF] * Thymeleaf version: 3.0.14.RELEASE (built 2021-12-08T00:45:29+0000)
[THYMELEAF] * Cache Manager implementation: karate.org.thymeleaf.cache.StandardCacheManager
[THYMELEAF] * Template resolvers:
[THYMELEAF]     * [1] com.intuit.karate.template.ResourceHtmlTemplateResolver
[THYMELEAF] * Message resolvers:
[THYMELEAF]     * karate.org.thymeleaf.messageresolver.StandardMessageResolver
[THYMELEAF] * Link builders:
[THYMELEAF]     * karate.org.thymeleaf.linkbuilder.StandardLinkBuilder
[THYMELEAF] * Dialect [1 of 2]: Standard (com.intuit.karate.template.KarateStandardDialect)
[THYMELEAF]     * Prefix: "th"
[THYMELEAF]     * Processors for Template Mode: HTML
[THYMELEAF]         * Element Tag Processors by [matching element and attribute name] [precedence]:
[THYMELEAF]             * [* {th:include,data-th-include}] [100]: karate.org.thymeleaf.standard.processor.StandardIncludeTagProcessor
[THYMELEAF]             * [* {th:insert,data-th-insert}] [100]: karate.org.thymeleaf.standard.processor.StandardInsertTagProcessor
[THYMELEAF]             * [* {th:replace,data-th-replace}] [100]: karate.org.thymeleaf.standard.processor.StandardReplaceTagProcessor
[THYMELEAF]             * [* {th:substituteby,data-th-substituteby}] [100]: karate.org.thymeleaf.standard.processor.StandardSubstituteByTagProcessor
[THYMELEAF]             * [* {th:each,data-th-each}] [200]: com.intuit.karate.template.KarateEachTagProcessor
[THYMELEAF]             * [* {th:switch,data-th-switch}] [250]: karate.org.thymeleaf.standard.processor.StandardSwitchTagProcessor
[THYMELEAF]             * [* {th:case,data-th-case}] [275]: karate.org.thymeleaf.standard.processor.StandardCaseTagProcessor
[THYMELEAF]             * [* {th:if,data-th-if}] [300]: karate.org.thymeleaf.standard.processor.StandardIfTagProcessor
[THYMELEAF]             * [* {th:unless,data-th-unless}] [400]: karate.org.thymeleaf.standard.processor.StandardUnlessTagProcessor
[THYMELEAF]             * [* {th:object,data-th-object}] [500]: karate.org.thymeleaf.standard.processor.StandardObjectTagProcessor
[THYMELEAF]             * [* {th:with,data-th-with}] [600]: com.intuit.karate.template.KarateWithTagProcessor
[THYMELEAF]             * [* {th:attr,data-th-attr}] [700]: com.intuit.karate.template.KarateAttributeTagProcessor.KarateAttrTagProcessor
[THYMELEAF]             * [* {th:attrappend,data-th-attrappend}] [900]: com.intuit.karate.template.KarateAttributeTagProcessor.KarateAttrappendTagProcessor
[THYMELEAF]             * [* {th:attrprepend,data-th-attrprepend}] [900]: com.intuit.karate.template.KarateAttributeTagProcessor.KarateAttrprependTagProcessor
[THYMELEAF]             * [* {th:alt-title,data-th-alt-title}] [990]: karate.org.thymeleaf.standard.processor.StandardAltTitleTagProcessor
[THYMELEAF]             * [* {th:lang-xmllang,data-th-lang-xmllang}] [990]: karate.org.thymeleaf.standard.processor.StandardLangXmlLangTagProcessor
[THYMELEAF]             * [* {th:action,data-th-action}] [1000]: karate.org.thymeleaf.standard.processor.StandardActionTagProcessor
[THYMELEAF]             * [* {th:autofocus,data-th-autofocus}] [1000]: karate.org.thymeleaf.standard.processor.StandardConditionalFixedValueTagProcessor
[THYMELEAF]             * [* {th:readonly,data-th-readonly}] [1000]: karate.org.thymeleaf.standard.processor.StandardConditionalFixedValueTagProcessor
[THYMELEAF]             * [* {th:open,data-th-open}] [1000]: karate.org.thymeleaf.standard.processor.StandardConditionalFixedValueTagProcessor
[THYMELEAF]             * [* {th:pubdate,data-th-pubdate}] [1000]: karate.org.thymeleaf.standard.processor.StandardConditionalFixedValueTagProcessor
[THYMELEAF]             * [* {th:novalidate,data-th-novalidate}] [1000]: karate.org.thymeleaf.standard.processor.StandardConditionalFixedValueTagProcessor
[THYMELEAF]             * [* {th:controls,data-th-controls}] [1000]: karate.org.thymeleaf.standard.processor.StandardConditionalFixedValueTagProcessor
[THYMELEAF]             * [* {th:disabled,data-th-disabled}] [1000]: karate.org.thymeleaf.standard.processor.StandardConditionalFixedValueTagProcessor
[THYMELEAF]             * [* {th:default,data-th-default}] [1000]: karate.org.thymeleaf.standard.processor.StandardConditionalFixedValueTagProcessor
[THYMELEAF]             * [* {th:hidden,data-th-hidden}] [1000]: karate.org.thymeleaf.standard.processor.StandardConditionalFixedValueTagProcessor
[THYMELEAF]             * [* {th:required,data-th-required}] [1000]: karate.org.thymeleaf.standard.processor.StandardConditionalFixedValueTagProcessor
[THYMELEAF]             * [* {th:loop,data-th-loop}] [1000]: karate.org.thymeleaf.standard.processor.StandardConditionalFixedValueTagProcessor
[THYMELEAF]             * [* {th:selected,data-th-selected}] [1000]: karate.org.thymeleaf.standard.processor.StandardConditionalFixedValueTagProcessor
[THYMELEAF]             * [* {th:checked,data-th-checked}] [1000]: karate.org.thymeleaf.standard.processor.StandardConditionalFixedValueTagProcessor
[THYMELEAF]             * [* {th:scoped,data-th-scoped}] [1000]: karate.org.thymeleaf.standard.processor.StandardConditionalFixedValueTagProcessor
[THYMELEAF]             * [* {th:autoplay,data-th-autoplay}] [1000]: karate.org.thymeleaf.standard.processor.StandardConditionalFixedValueTagProcessor
[THYMELEAF]             * [* {th:nowrap,data-th-nowrap}] [1000]: karate.org.thymeleaf.standard.processor.StandardConditionalFixedValueTagProcessor
[THYMELEAF]             * [* {th:defer,data-th-defer}] [1000]: karate.org.thymeleaf.standard.processor.StandardConditionalFixedValueTagProcessor
[THYMELEAF]             * [* {th:formnovalidate,data-th-formnovalidate}] [1000]: karate.org.thymeleaf.standard.processor.StandardConditionalFixedValueTagProcessor
[THYMELEAF]             * [* {th:async,data-th-async}] [1000]: karate.org.thymeleaf.standard.processor.StandardConditionalFixedValueTagProcessor
[THYMELEAF]             * [* {th:declare,data-th-declare}] [1000]: karate.org.thymeleaf.standard.processor.StandardConditionalFixedValueTagProcessor
[THYMELEAF]             * [* {th:multiple,data-th-multiple}] [1000]: karate.org.thymeleaf.standard.processor.StandardConditionalFixedValueTagProcessor
[THYMELEAF]             * [* {th:seamless,data-th-seamless}] [1000]: karate.org.thymeleaf.standard.processor.StandardConditionalFixedValueTagProcessor
[THYMELEAF]             * [* {th:reversed,data-th-reversed}] [1000]: karate.org.thymeleaf.standard.processor.StandardConditionalFixedValueTagProcessor
[THYMELEAF]             * [* {th:ismap,data-th-ismap}] [1000]: karate.org.thymeleaf.standard.processor.StandardConditionalFixedValueTagProcessor
[THYMELEAF]             * [* {th:onmousewheel,data-th-onmousewheel}] [1000]: karate.org.thymeleaf.standard.processor.StandardDOMEventAttributeTagProcessor
[THYMELEAF]             * [* {th:ondrop,data-th-ondrop}] [1000]: karate.org.thymeleaf.standard.processor.StandardDOMEventAttributeTagProcessor
[THYMELEAF]             * [* {th:ondragover,data-th-ondragover}] [1000]: karate.org.thymeleaf.standard.processor.StandardDOMEventAttributeTagProcessor
[THYMELEAF]             * [* {th:onmousedown,data-th-onmousedown}] [1000]: karate.org.thymeleaf.standard.processor.StandardDOMEventAttributeTagProcessor
[THYMELEAF]             * [* {th:onratechange,data-th-onratechange}] [1000]: karate.org.thymeleaf.standard.processor.StandardDOMEventAttributeTagProcessor
[THYMELEAF]             * [* {th:onmessage,data-th-onmessage}] [1000]: karate.org.thymeleaf.standard.processor.StandardDOMEventAttributeTagProcessor
[THYMELEAF]             * [* {th:onscroll,data-th-onscroll}] [1000]: karate.org.thymeleaf.standard.processor.StandardDOMEventAttributeTagProcessor
[THYMELEAF]             * [* {th:onpopstate,data-th-onpopstate}] [1000]: karate.org.thymeleaf.standard.processor.StandardDOMEventAttributeTagProcessor
[THYMELEAF]             * [* {th:onmousemove,data-th-onmousemove}] [1000]: karate.org.thymeleaf.standard.processor.StandardDOMEventAttributeTagProcessor
[THYMELEAF]             * [* {th:onsuspend,data-th-onsuspend}] [1000]: karate.org.thymeleaf.standard.processor.StandardDOMEventAttributeTagProcessor
[THYMELEAF]             * [* {th:onplay,data-th-onplay}] [1000]: karate.org.thymeleaf.standard.processor.StandardDOMEventAttributeTagProcessor
[THYMELEAF]             * [* {th:onkeypress,data-th-onkeypress}] [1000]: karate.org.thymeleaf.standard.processor.StandardDOMEventAttributeTagProcessor
[THYMELEAF]             * [* {th:oninput,data-th-oninput}] [1000]: karate.org.thymeleaf.standard.processor.StandardDOMEventAttributeTagProcessor
[THYMELEAF]             * [* {th:onwaiting,data-th-onwaiting}] [1000]: karate.org.thymeleaf.standard.processor.StandardDOMEventAttributeTagProcessor
[THYMELEAF]             * [* {th:onloadedmetadata,data-th-onloadedmetadata}] [1000]: karate.org.thymeleaf.standard.processor.StandardDOMEventAttributeTagProcessor
[THYMELEAF]             * [* {th:onseeked,data-th-onseeked}] [1000]: karate.org.thymeleaf.standard.processor.StandardDOMEventAttributeTagProcessor
[THYMELEAF]             * [* {th:onerror,data-th-onerror}] [1000]: karate.org.thymeleaf.standard.processor.StandardDOMEventAttributeTagProcessor
[THYMELEAF]             * [* {th:ondragend,data-th-ondragend}] [1000]: karate.org.thymeleaf.standard.processor.StandardDOMEventAttributeTagProcessor
[THYMELEAF]             * [* {th:onplaying,data-th-onplaying}] [1000]: karate.org.thymeleaf.standard.processor.StandardDOMEventAttributeTagProcessor
[THYMELEAF]             * [* {th:onforminput,data-th-onforminput}] [1000]: karate.org.thymeleaf.standard.processor.StandardDOMEventAttributeTagProcessor
[THYMELEAF]             * [* {th:onsubmit,data-th-onsubmit}] [1000]: karate.org.thymeleaf.standard.processor.StandardDOMEventAttributeTagProcessor
[THYMELEAF]             * [* {th:ondragenter,data-th-ondragenter}] [1000]: karate.org.thymeleaf.standard.processor.StandardDOMEventAttributeTagProcessor
[THYMELEAF]             * [* {th:onreset,data-th-onreset}] [1000]: karate.org.thymeleaf.standard.processor.StandardDOMEventAttributeTagProcessor
[THYMELEAF]             * [* {th:onoffline,data-th-onoffline}] [1000]: karate.org.thymeleaf.standard.processor.StandardDOMEventAttributeTagProcessor
[THYMELEAF]             * [* {th:ondblclick,data-th-ondblclick}] [1000]: karate.org.thymeleaf.standard.processor.StandardDOMEventAttributeTagProcessor
[THYMELEAF]             * [* {th:onkeyup,data-th-onkeyup}] [1000]: karate.org.thymeleaf.standard.processor.StandardDOMEventAttributeTagProcessor
[THYMELEAF]             * [* {th:onundo,data-th-onundo}] [1000]: karate.org.thymeleaf.standard.processor.StandardDOMEventAttributeTagProcessor
[THYMELEAF]             * [* {th:onpause,data-th-onpause}] [1000]: karate.org.thymeleaf.standard.processor.StandardDOMEventAttributeTagProcessor
[THYMELEAF]             * [* {th:onredo,data-th-onredo}] [1000]: karate.org.thymeleaf.standard.processor.StandardDOMEventAttributeTagProcessor
[THYMELEAF]             * [* {th:onmouseup,data-th-onmouseup}] [1000]: karate.org.thymeleaf.standard.processor.StandardDOMEventAttributeTagProcessor
[THYMELEAF]             * [* {th:onafterprint,data-th-onafterprint}] [1000]: karate.org.thymeleaf.standard.processor.StandardDOMEventAttributeTagProcessor
[THYMELEAF]             * [* {th:onselect,data-th-onselect}] [1000]: karate.org.thymeleaf.standard.processor.StandardDOMEventAttributeTagProcessor
[THYMELEAF]             * [* {th:onseeking,data-th-onseeking}] [1000]: karate.org.thymeleaf.standard.processor.StandardDOMEventAttributeTagProcessor
[THYMELEAF]             * [* {th:onmouseover,data-th-onmouseover}] [1000]: karate.org.thymeleaf.standard.processor.StandardDOMEventAttributeTagProcessor
[THYMELEAF]             * [* {th:oncontextmenu,data-th-oncontextmenu}] [1000]: karate.org.thymeleaf.standard.processor.StandardDOMEventAttributeTagProcessor
[THYMELEAF]             * [* {th:onformchange,data-th-onformchange}] [1000]: karate.org.thymeleaf.standard.processor.StandardDOMEventAttributeTagProcessor
[THYMELEAF]             * [* {th:ondrag,data-th-ondrag}] [1000]: karate.org.thymeleaf.standard.processor.StandardDOMEventAttributeTagProcessor
[THYMELEAF]             * [* {th:onclick,data-th-onclick}] [1000]: karate.org.thymeleaf.standard.processor.StandardDOMEventAttributeTagProcessor
[THYMELEAF]             * [* {th:oninvalid,data-th-oninvalid}] [1000]: karate.org.thymeleaf.standard.processor.StandardDOMEventAttributeTagProcessor
[THYMELEAF]             * [* {th:onemptied,data-th-onemptied}] [1000]: karate.org.thymeleaf.standard.processor.StandardDOMEventAttributeTagProcessor
[THYMELEAF]             * [* {th:onchange,data-th-onchange}] [1000]: karate.org.thymeleaf.standard.processor.StandardDOMEventAttributeTagProcessor
[THYMELEAF]             * [* {th:onfocus,data-th-onfocus}] [1000]: karate.org.thymeleaf.standard.processor.StandardDOMEventAttributeTagProcessor
[THYMELEAF]             * [* {th:onbeforeunload,data-th-onbeforeunload}] [1000]: karate.org.thymeleaf.standard.processor.StandardDOMEventAttributeTagProcessor
[THYMELEAF]             * [* {th:onstalled,data-th-onstalled}] [1000]: karate.org.thymeleaf.standard.processor.StandardDOMEventAttributeTagProcessor
[THYMELEAF]             * [* {th:onshow,data-th-onshow}] [1000]: karate.org.thymeleaf.standard.processor.StandardDOMEventAttributeTagProcessor
[THYMELEAF]             * [* {th:ondragleave,data-th-ondragleave}] [1000]: karate.org.thymeleaf.standard.processor.StandardDOMEventAttributeTagProcessor
[THYMELEAF]             * [* {th:onblur,data-th-onblur}] [1000]: karate.org.thymeleaf.standard.processor.StandardDOMEventAttributeTagProcessor
[THYMELEAF]             * [* {th:ondurationchange,data-th-ondurationchange}] [1000]: karate.org.thymeleaf.standard.processor.StandardDOMEventAttributeTagProcessor
[THYMELEAF]             * [* {th:ondragstart,data-th-ondragstart}] [1000]: karate.org.thymeleaf.standard.processor.StandardDOMEventAttributeTagProcessor
[THYMELEAF]             * [* {th:onstorage,data-th-onstorage}] [1000]: karate.org.thymeleaf.standard.processor.StandardDOMEventAttributeTagProcessor
[THYMELEAF]             * [* {th:onreadystatechange,data-th-onreadystatechange}] [1000]: karate.org.thymeleaf.standard.processor.StandardDOMEventAttributeTagProcessor
[THYMELEAF]             * [* {th:onabort,data-th-onabort}] [1000]: karate.org.thymeleaf.standard.processor.StandardDOMEventAttributeTagProcessor
[THYMELEAF]             * [* {th:onloadeddata,data-th-onloadeddata}] [1000]: karate.org.thymeleaf.standard.processor.StandardDOMEventAttributeTagProcessor
[THYMELEAF]             * [* {th:onloadstart,data-th-onloadstart}] [1000]: karate.org.thymeleaf.standard.processor.StandardDOMEventAttributeTagProcessor
[THYMELEAF]             * [* {th:ontimeupdate,data-th-ontimeupdate}] [1000]: karate.org.thymeleaf.standard.processor.StandardDOMEventAttributeTagProcessor
[THYMELEAF]             * [* {th:onended,data-th-onended}] [1000]: karate.org.thymeleaf.standard.processor.StandardDOMEventAttributeTagProcessor
[THYMELEAF]             * [* {th:onunload,data-th-onunload}] [1000]: karate.org.thymeleaf.standard.processor.StandardDOMEventAttributeTagProcessor
[THYMELEAF]             * [* {th:onmouseout,data-th-onmouseout}] [1000]: karate.org.thymeleaf.standard.processor.StandardDOMEventAttributeTagProcessor
[THYMELEAF]             * [* {th:onkeydown,data-th-onkeydown}] [1000]: karate.org.thymeleaf.standard.processor.StandardDOMEventAttributeTagProcessor
[THYMELEAF]             * [* {th:onprogress,data-th-onprogress}] [1000]: karate.org.thymeleaf.standard.processor.StandardDOMEventAttributeTagProcessor
[THYMELEAF]             * [* {th:onbeforeprint,data-th-onbeforeprint}] [1000]: karate.org.thymeleaf.standard.processor.StandardDOMEventAttributeTagProcessor
[THYMELEAF]             * [* {th:onhashchange,data-th-onhashchange}] [1000]: karate.org.thymeleaf.standard.processor.StandardDOMEventAttributeTagProcessor
[THYMELEAF]             * [* {th:oncanplay,data-th-oncanplay}] [1000]: karate.org.thymeleaf.standard.processor.StandardDOMEventAttributeTagProcessor
[THYMELEAF]             * [* {th:oncanplaythrough,data-th-oncanplaythrough}] [1000]: karate.org.thymeleaf.standard.processor.StandardDOMEventAttributeTagProcessor
[THYMELEAF]             * [* {th:ononline,data-th-ononline}] [1000]: karate.org.thymeleaf.standard.processor.StandardDOMEventAttributeTagProcessor
[THYMELEAF]             * [* {th:onresize,data-th-onresize}] [1000]: karate.org.thymeleaf.standard.processor.StandardDOMEventAttributeTagProcessor
[THYMELEAF]             * [* {th:onvolumechange,data-th-onvolumechange}] [1000]: karate.org.thymeleaf.standard.processor.StandardDOMEventAttributeTagProcessor
[THYMELEAF]             * [* {th:onload,data-th-onload}] [1000]: karate.org.thymeleaf.standard.processor.StandardDOMEventAttributeTagProcessor
[THYMELEAF]             * [* {th:href,data-th-href}] [1000]: karate.org.thymeleaf.standard.processor.StandardHrefTagProcessor
[THYMELEAF]             * [* {th:inline,data-th-inline}] [1000]: karate.org.thymeleaf.standard.processor.StandardInlineHTMLTagProcessor
[THYMELEAF]             * [* {th:method,data-th-method}] [1000]: karate.org.thymeleaf.standard.processor.StandardMethodTagProcessor
[THYMELEAF]             * [* {th:type,data-th-type}] [1000]: karate.org.thymeleaf.standard.processor.StandardNonRemovableAttributeTagProcessor
[THYMELEAF]             * [* {th:name,data-th-name}] [1000]: karate.org.thymeleaf.standard.processor.StandardNonRemovableAttributeTagProcessor
[THYMELEAF]             * [* {th:cellpadding,data-th-cellpadding}] [1000]: karate.org.thymeleaf.standard.processor.StandardRemovableAttributeTagProcessor
[THYMELEAF]             * [* {th:class,data-th-class}] [1000]: karate.org.thymeleaf.standard.processor.StandardRemovableAttributeTagProcessor
[THYMELEAF]             * [* {th:sandbox,data-th-sandbox}] [1000]: karate.org.thymeleaf.standard.processor.StandardRemovableAttributeTagProcessor
[THYMELEAF]             * [* {th:dir,data-th-dir}] [1000]: karate.org.thymeleaf.standard.processor.StandardRemovableAttributeTagProcessor
[THYMELEAF]             * [* {th:enctype,data-th-enctype}] [1000]: karate.org.thymeleaf.standard.processor.StandardRemovableAttributeTagProcessor
[THYMELEAF]             * [* {th:scope,data-th-scope}] [1000]: karate.org.thymeleaf.standard.processor.StandardRemovableAttributeTagProcessor
[THYMELEAF]             * [* {th:wrap,data-th-wrap}] [1000]: karate.org.thymeleaf.standard.processor.StandardRemovableAttributeTagProcessor
[THYMELEAF]             * [* {th:icon,data-th-icon}] [1000]: karate.org.thymeleaf.standard.processor.StandardRemovableAttributeTagProcessor
[THYMELEAF]             * [* {th:codetype,data-th-codetype}] [1000]: karate.org.thymeleaf.standard.processor.StandardRemovableAttributeTagProcessor
[THYMELEAF]             * [* {th:min,data-th-min}] [1000]: karate.org.thymeleaf.standard.processor.StandardRemovableAttributeTagProcessor
[THYMELEAF]             * [* {th:list,data-th-list}] [1000]: karate.org.thymeleaf.standard.processor.StandardRemovableAttributeTagProcessor
[THYMELEAF]             * [* {th:max,data-th-max}] [1000]: karate.org.thymeleaf.standard.processor.StandardRemovableAttributeTagProcessor
[THYMELEAF]             * [* {th:title,data-th-title}] [1000]: karate.org.thymeleaf.standard.processor.StandardRemovableAttributeTagProcessor
[THYMELEAF]             * [* {th:archive,data-th-archive}] [1000]: karate.org.thymeleaf.standard.processor.StandardRemovableAttributeTagProcessor
[THYMELEAF]             * [* {th:standby,data-th-standby}] [1000]: karate.org.thymeleaf.standard.processor.StandardRemovableAttributeTagProcessor
[THYMELEAF]             * [* {th:form,data-th-form}] [1000]: karate.org.thymeleaf.standard.processor.StandardRemovableAttributeTagProcessor
[THYMELEAF]             * [* {th:tabindex,data-th-tabindex}] [1000]: karate.org.thymeleaf.standard.processor.StandardRemovableAttributeTagProcessor
[THYMELEAF]             * [* {th:background,data-th-background}] [1000]: karate.org.thymeleaf.standard.processor.StandardRemovableAttributeTagProcessor
[THYMELEAF]             * [* {th:low,data-th-low}] [1000]: karate.org.thymeleaf.standard.processor.StandardRemovableAttributeTagProcessor
[THYMELEAF]             * [* {th:rowspan,data-th-rowspan}] [1000]: karate.org.thymeleaf.standard.processor.StandardRemovableAttributeTagProcessor
[THYMELEAF]             * [* {th:srclang,data-th-srclang}] [1000]: karate.org.thymeleaf.standard.processor.StandardRemovableAttributeTagProcessor
[THYMELEAF]             * [* {th:span,data-th-span}] [1000]: karate.org.thymeleaf.standard.processor.StandardRemovableAttributeTagProcessor
[THYMELEAF]             * [* {th:compact,data-th-compact}] [1000]: karate.org.thymeleaf.standard.processor.StandardRemovableAttributeTagProcessor
[THYMELEAF]             * [* {th:audio,data-th-audio}] [1000]: karate.org.thymeleaf.standard.processor.StandardRemovableAttributeTagProcessor
[THYMELEAF]             * [* {th:cite,data-th-cite}] [1000]: karate.org.thymeleaf.standard.processor.StandardRemovableAttributeTagProcessor
[THYMELEAF]             * [* {th:datetime,data-th-datetime}] [1000]: karate.org.thymeleaf.standard.processor.StandardRemovableAttributeTagProcessor
[THYMELEAF]             * [* {th:charset,data-th-charset}] [1000]: karate.org.thymeleaf.standard.processor.StandardRemovableAttributeTagProcessor
[THYMELEAF]             * [* {th:contenteditable,data-th-contenteditable}] [1000]: karate.org.thymeleaf.standard.processor.StandardRemovableAttributeTagProcessor
[THYMELEAF]             * [* {th:bgcolor,data-th-bgcolor}] [1000]: karate.org.thymeleaf.standard.processor.StandardRemovableAttributeTagProcessor
[THYMELEAF]             * [* {th:marginwidth,data-th-marginwidth}] [1000]: karate.org.thymeleaf.standard.processor.StandardRemovableAttributeTagProcessor
[THYMELEAF]             * [* {th:high,data-th-high}] [1000]: karate.org.thymeleaf.standard.processor.StandardRemovableAttributeTagProcessor
[THYMELEAF]             * [* {th:contextmenu,data-th-contextmenu}] [1000]: karate.org.thymeleaf.standard.processor.StandardRemovableAttributeTagProcessor
[THYMELEAF]             * [* {th:scheme,data-th-scheme}] [1000]: karate.org.thymeleaf.standard.processor.StandardRemovableAttributeTagProcessor
[THYMELEAF]             * [* {th:headers,data-th-headers}] [1000]: karate.org.thymeleaf.standard.processor.StandardRemovableAttributeTagProcessor
[THYMELEAF]             * [* {th:rel,data-th-rel}] [1000]: karate.org.thymeleaf.standard.processor.StandardRemovableAttributeTagProcessor
[THYMELEAF]             * [* {th:lang,data-th-lang}] [1000]: karate.org.thymeleaf.standard.processor.StandardRemovableAttributeTagProcessor
[THYMELEAF]             * [* {th:frameborder,data-th-frameborder}] [1000]: karate.org.thymeleaf.standard.processor.StandardRemovableAttributeTagProcessor
[THYMELEAF]             * [* {th:rev,data-th-rev}] [1000]: karate.org.thymeleaf.standard.processor.StandardRemovableAttributeTagProcessor
[THYMELEAF]             * [* {th:autocomplete,data-th-autocomplete}] [1000]: karate.org.thymeleaf.standard.processor.StandardRemovableAttributeTagProcessor
[THYMELEAF]             * [* {th:size,data-th-size}] [1000]: karate.org.thymeleaf.standard.processor.StandardRemovableAttributeTagProcessor
[THYMELEAF]             * [* {th:align,data-th-align}] [1000]: karate.org.thymeleaf.standard.processor.StandardRemovableAttributeTagProcessor
[THYMELEAF]             * [* {th:radiogroup,data-th-radiogroup}] [1000]: karate.org.thymeleaf.standard.processor.StandardRemovableAttributeTagProcessor
[THYMELEAF]             * [* {th:alt,data-th-alt}] [1000]: karate.org.thymeleaf.standard.processor.StandardRemovableAttributeTagProcessor
[THYMELEAF]             * [* {th:accept,data-th-accept}] [1000]: karate.org.thymeleaf.standard.processor.StandardRemovableAttributeTagProcessor
[THYMELEAF]             * [* {th:kind,data-th-kind}] [1000]: karate.org.thymeleaf.standard.processor.StandardRemovableAttributeTagProcessor
[THYMELEAF]             * [* {th:content,data-th-content}] [1000]: karate.org.thymeleaf.standard.processor.StandardRemovableAttributeTagProcessor
[THYMELEAF]             * [* {th:axis,data-th-axis}] [1000]: karate.org.thymeleaf.standard.processor.StandardRemovableAttributeTagProcessor
[THYMELEAF]             * [* {th:preload,data-th-preload}] [1000]: karate.org.thymeleaf.standard.processor.StandardRemovableAttributeTagProcessor
[THYMELEAF]             * [* {th:step,data-th-step}] [1000]: karate.org.thymeleaf.standard.processor.StandardRemovableAttributeTagProcessor
[THYMELEAF]             * [* {th:spellcheck,data-th-spellcheck}] [1000]: karate.org.thymeleaf.standard.processor.StandardRemovableAttributeTagProcessor
[THYMELEAF]             * [* {th:hspace,data-th-hspace}] [1000]: karate.org.thymeleaf.standard.processor.StandardRemovableAttributeTagProcessor
[THYMELEAF]             * [* {th:accesskey,data-th-accesskey}] [1000]: karate.org.thymeleaf.standard.processor.StandardRemovableAttributeTagProcessor
[THYMELEAF]             * [* {th:label,data-th-label}] [1000]: karate.org.thymeleaf.standard.processor.StandardRemovableAttributeTagProcessor
[THYMELEAF]             * [* {th:frame,data-th-frame}] [1000]: karate.org.thymeleaf.standard.processor.StandardRemovableAttributeTagProcessor
[THYMELEAF]             * [* {th:media,data-th-media}] [1000]: karate.org.thymeleaf.standard.processor.StandardRemovableAttributeTagProcessor
[THYMELEAF]             * [* {th:width,data-th-width}] [1000]: karate.org.thymeleaf.standard.processor.StandardRemovableAttributeTagProcessor
[THYMELEAF]             * [* {th:classid,data-th-classid}] [1000]: karate.org.thymeleaf.standard.processor.StandardRemovableAttributeTagProcessor
[THYMELEAF]             * [* {th:rules,data-th-rules}] [1000]: karate.org.thymeleaf.standard.processor.StandardRemovableAttributeTagProcessor
[THYMELEAF]             * [* {th:optimum,data-th-optimum}] [1000]: karate.org.thymeleaf.standard.processor.StandardRemovableAttributeTagProcessor
[THYMELEAF]             * [* {th:placeholder,data-th-placeholder}] [1000]: karate.org.thymeleaf.standard.processor.StandardRemovableAttributeTagProcessor
[THYMELEAF]             * [* {th:hreflang,data-th-hreflang}] [1000]: karate.org.thymeleaf.standard.processor.StandardRemovableAttributeTagProcessor
[THYMELEAF]             * [* {th:for,data-th-for}] [1000]: karate.org.thymeleaf.standard.processor.StandardRemovableAttributeTagProcessor
[THYMELEAF]             * [* {th:http-equiv,data-th-http-equiv}] [1000]: karate.org.thymeleaf.standard.processor.StandardRemovableAttributeTagProcessor
[THYMELEAF]             * [* {th:border,data-th-border}] [1000]: karate.org.thymeleaf.standard.processor.StandardRemovableAttributeTagProcessor
[THYMELEAF]             * [* {th:sizes,data-th-sizes}] [1000]: karate.org.thymeleaf.standard.processor.StandardRemovableAttributeTagProcessor
[THYMELEAF]             * [* {th:accept-charset,data-th-accept-charset}] [1000]: karate.org.thymeleaf.standard.processor.StandardRemovableAttributeTagProcessor
[THYMELEAF]             * [* {th:formenctype,data-th-formenctype}] [1000]: karate.org.thymeleaf.standard.processor.StandardRemovableAttributeTagProcessor
[THYMELEAF]             * [* {th:start,data-th-start}] [1000]: karate.org.thymeleaf.standard.processor.StandardRemovableAttributeTagProcessor
[THYMELEAF]             * [* {th:summary,data-th-summary}] [1000]: karate.org.thymeleaf.standard.processor.StandardRemovableAttributeTagProcessor
[THYMELEAF]             * [* {th:style,data-th-style}] [1000]: karate.org.thymeleaf.standard.processor.StandardRemovableAttributeTagProcessor
[THYMELEAF]             * [* {th:formtarget,data-th-formtarget}] [1000]: karate.org.thymeleaf.standard.processor.StandardRemovableAttributeTagProcessor
[THYMELEAF]             * [* {th:keytype,data-th-keytype}] [1000]: karate.org.thymeleaf.standard.processor.StandardRemovableAttributeTagProcessor
[THYMELEAF]             * [* {th:data,data-th-data}] [1000]: karate.org.thymeleaf.standard.processor.StandardRemovableAttributeTagProcessor
[THYMELEAF]             * [* {th:codebase,data-th-codebase}] [1000]: karate.org.thymeleaf.standard.processor.StandardRemovableAttributeTagProcessor
[THYMELEAF]             * [* {th:dropzone,data-th-dropzone}] [1000]: karate.org.thymeleaf.standard.processor.StandardRemovableAttributeTagProcessor
[THYMELEAF]             * [* {th:maxlength,data-th-maxlength}] [1000]: karate.org.thymeleaf.standard.processor.StandardRemovableAttributeTagProcessor
[THYMELEAF]             * [* {th:usemap,data-th-usemap}] [1000]: karate.org.thymeleaf.standard.processor.StandardRemovableAttributeTagProcessor
[THYMELEAF]             * [* {th:rows,data-th-rows}] [1000]: karate.org.thymeleaf.standard.processor.StandardRemovableAttributeTagProcessor
[THYMELEAF]             * [* {th:formmethod,data-th-formmethod}] [1000]: karate.org.thymeleaf.standard.processor.StandardRemovableAttributeTagProcessor
[THYMELEAF]             * [* {th:draggable,data-th-draggable}] [1000]: karate.org.thymeleaf.standard.processor.StandardRemovableAttributeTagProcessor
[THYMELEAF]             * [* {th:abbr,data-th-abbr}] [1000]: karate.org.thymeleaf.standard.processor.StandardRemovableAttributeTagProcessor
[THYMELEAF]             * [* {th:vspace,data-th-vspace}] [1000]: karate.org.thymeleaf.standard.processor.StandardRemovableAttributeTagProcessor
[THYMELEAF]             * [* {th:challenge,data-th-challenge}] [1000]: karate.org.thymeleaf.standard.processor.StandardRemovableAttributeTagProcessor
[THYMELEAF]             * [* {th:manifest,data-th-manifest}] [1000]: karate.org.thymeleaf.standard.processor.StandardRemovableAttributeTagProcessor
[THYMELEAF]             * [* {th:target,data-th-target}] [1000]: karate.org.thymeleaf.standard.processor.StandardRemovableAttributeTagProcessor
[THYMELEAF]             * [* {th:longdesc,data-th-longdesc}] [1000]: karate.org.thymeleaf.standard.processor.StandardRemovableAttributeTagProcessor
[THYMELEAF]             * [* {th:cols,data-th-cols}] [1000]: karate.org.thymeleaf.standard.processor.StandardRemovableAttributeTagProcessor
[THYMELEAF]             * [* {th:formaction,data-th-formaction}] [1000]: karate.org.thymeleaf.standard.processor.StandardRemovableAttributeTagProcessor
[THYMELEAF]             * [* {th:height,data-th-height}] [1000]: karate.org.thymeleaf.standard.processor.StandardRemovableAttributeTagProcessor
[THYMELEAF]             * [* {th:marginheight,data-th-marginheight}] [1000]: karate.org.thymeleaf.standard.processor.StandardRemovableAttributeTagProcessor
[THYMELEAF]             * [* {th:cellspacing,data-th-cellspacing}] [1000]: karate.org.thymeleaf.standard.processor.StandardRemovableAttributeTagProcessor
[THYMELEAF]             * [* {th:poster,data-th-poster}] [1000]: karate.org.thymeleaf.standard.processor.StandardRemovableAttributeTagProcessor
[THYMELEAF]             * [* {th:valuetype,data-th-valuetype}] [1000]: karate.org.thymeleaf.standard.processor.StandardRemovableAttributeTagProcessor
[THYMELEAF]             * [* {th:scrolling,data-th-scrolling}] [1000]: karate.org.thymeleaf.standard.processor.StandardRemovableAttributeTagProcessor
[THYMELEAF]             * [* {th:id,data-th-id}] [1000]: karate.org.thymeleaf.standard.processor.StandardRemovableAttributeTagProcessor
[THYMELEAF]             * [* {th:colspan,data-th-colspan}] [1000]: karate.org.thymeleaf.standard.processor.StandardRemovableAttributeTagProcessor
[THYMELEAF]             * [* {th:pattern,data-th-pattern}] [1000]: karate.org.thymeleaf.standard.processor.StandardRemovableAttributeTagProcessor
[THYMELEAF]             * [* {th:src,data-th-src}] [1000]: karate.org.thymeleaf.standard.processor.StandardSrcTagProcessor
[THYMELEAF]             * [* {th:value,data-th-value}] [1000]: karate.org.thymeleaf.standard.processor.StandardValueTagProcessor
[THYMELEAF]             * [* {th:xmlbase,data-th-xmlbase}] [1000]: karate.org.thymeleaf.standard.processor.StandardXmlBaseTagProcessor
[THYMELEAF]             * [* {th:xmllang,data-th-xmllang}] [1000]: karate.org.thymeleaf.standard.processor.StandardXmlLangTagProcessor
[THYMELEAF]             * [* {xmlns:th}] [1000]: karate.org.thymeleaf.standard.processor.StandardXmlNsTagProcessor
[THYMELEAF]             * [* {th:xmlspace,data-th-xmlspace}] [1000]: karate.org.thymeleaf.standard.processor.StandardXmlSpaceTagProcessor
[THYMELEAF]             * [* {th:classappend,data-th-classappend}] [1100]: karate.org.thymeleaf.standard.processor.StandardClassappendTagProcessor
[THYMELEAF]             * [* {th:styleappend,data-th-styleappend}] [1100]: karate.org.thymeleaf.standard.processor.StandardStyleappendTagProcessor
[THYMELEAF]             * [* {th:text,data-th-text}] [1300]: karate.org.thymeleaf.standard.processor.StandardTextTagProcessor
[THYMELEAF]             * [* {th:utext,data-th-utext}] [1400]: karate.org.thymeleaf.standard.processor.StandardUtextTagProcessor
[THYMELEAF]             * [* {th:fragment,data-th-fragment}] [1500]: karate.org.thymeleaf.standard.processor.StandardFragmentTagProcessor
[THYMELEAF]             * [* {th:assert,data-th-assert}] [1550]: karate.org.thymeleaf.standard.processor.StandardAssertTagProcessor
[THYMELEAF]             * [* {th:remove,data-th-remove}] [1600]: karate.org.thymeleaf.standard.processor.StandardRemoveTagProcessor
[THYMELEAF]             * [* {th:ref,data-th-ref}] [10000]: karate.org.thymeleaf.standard.processor.StandardRefAttributeTagProcessor
[THYMELEAF]             * [{th:block,th-block} *] [100000]: karate.org.thymeleaf.standard.processor.StandardBlockTagProcessor
[THYMELEAF]             * [* th:*] [2147483647]: karate.org.thymeleaf.standard.processor.StandardDefaultAttributesTagProcessor
[THYMELEAF]         * Text Processors by [precedence]:
[THYMELEAF]             * [1000]: karate.org.thymeleaf.standard.processor.StandardInliningTextProcessor
[THYMELEAF]         * DOCTYPE Processors by [precedence]:
[THYMELEAF]             * [1000]: karate.org.thymeleaf.standard.processor.StandardTranslationDocTypeProcessor
[THYMELEAF]         * CDATA Section Processors by [precedence]:
[THYMELEAF]             * [1000]: karate.org.thymeleaf.standard.processor.StandardInliningCDATASectionProcessor
[THYMELEAF]         * Comment Processors by [precedence]:
[THYMELEAF]             * [1000]: karate.org.thymeleaf.standard.processor.StandardInliningCommentProcessor
[THYMELEAF]             * [1100]: karate.org.thymeleaf.standard.processor.StandardConditionalCommentProcessor
[THYMELEAF]     * Processors for Template Mode: XML
[THYMELEAF]         * Element Tag Processors by [matching element and attribute name] [precedence]:
[THYMELEAF]             * [* {th:include}] [100]: karate.org.thymeleaf.standard.processor.StandardIncludeTagProcessor
[THYMELEAF]             * [* {th:insert}] [100]: karate.org.thymeleaf.standard.processor.StandardInsertTagProcessor
[THYMELEAF]             * [* {th:replace}] [100]: karate.org.thymeleaf.standard.processor.StandardReplaceTagProcessor
[THYMELEAF]             * [* {th:substituteby}] [100]: karate.org.thymeleaf.standard.processor.StandardSubstituteByTagProcessor
[THYMELEAF]             * [* {th:each}] [200]: com.intuit.karate.template.KarateEachTagProcessor
[THYMELEAF]             * [* {th:switch}] [250]: karate.org.thymeleaf.standard.processor.StandardSwitchTagProcessor
[THYMELEAF]             * [* {th:case}] [275]: karate.org.thymeleaf.standard.processor.StandardCaseTagProcessor
[THYMELEAF]             * [* {th:if}] [300]: karate.org.thymeleaf.standard.processor.StandardIfTagProcessor
[THYMELEAF]             * [* {th:unless}] [400]: karate.org.thymeleaf.standard.processor.StandardUnlessTagProcessor
[THYMELEAF]             * [* {th:object}] [500]: karate.org.thymeleaf.standard.processor.StandardObjectTagProcessor
[THYMELEAF]             * [* {th:with}] [600]: com.intuit.karate.template.KarateWithTagProcessor
[THYMELEAF]             * [* {th:attr}] [700]: com.intuit.karate.template.KarateAttributeTagProcessor.KarateAttrTagProcessor
[THYMELEAF]             * [* {th:attrappend}] [900]: com.intuit.karate.template.KarateAttributeTagProcessor.KarateAttrappendTagProcessor
[THYMELEAF]             * [* {th:attrprepend}] [900]: com.intuit.karate.template.KarateAttributeTagProcessor.KarateAttrprependTagProcessor
[THYMELEAF]             * [* {th:inline}] [1000]: karate.org.thymeleaf.standard.processor.StandardInlineXMLTagProcessor
[THYMELEAF]             * [* {xmlns:th}] [1000]: karate.org.thymeleaf.standard.processor.StandardXmlNsTagProcessor
[THYMELEAF]             * [* {th:text}] [1300]: karate.org.thymeleaf.standard.processor.StandardTextTagProcessor
[THYMELEAF]             * [* {th:utext}] [1400]: karate.org.thymeleaf.standard.processor.StandardUtextTagProcessor
[THYMELEAF]             * [* {th:fragment}] [1500]: karate.org.thymeleaf.standard.processor.StandardFragmentTagProcessor
[THYMELEAF]             * [* {th:assert}] [1550]: karate.org.thymeleaf.standard.processor.StandardAssertTagProcessor
[THYMELEAF]             * [* {th:remove}] [1600]: karate.org.thymeleaf.standard.processor.StandardRemoveTagProcessor
[THYMELEAF]             * [* {th:ref}] [10000]: karate.org.thymeleaf.standard.processor.StandardRefAttributeTagProcessor
[THYMELEAF]             * [{th:block} *] [100000]: karate.org.thymeleaf.standard.processor.StandardBlockTagProcessor
[THYMELEAF]             * [* th:*] [2147483647]: karate.org.thymeleaf.standard.processor.StandardDefaultAttributesTagProcessor
[THYMELEAF]         * Text Processors by [precedence]:
[THYMELEAF]             * [1000]: karate.org.thymeleaf.standard.processor.StandardInliningTextProcessor
[THYMELEAF]         * CDATA Section Processors by [precedence]:
[THYMELEAF]             * [1000]: karate.org.thymeleaf.standard.processor.StandardInliningCDATASectionProcessor
[THYMELEAF]         * Comment Processors by [precedence]:
[THYMELEAF]             * [1000]: karate.org.thymeleaf.standard.processor.StandardInliningCommentProcessor
[THYMELEAF]     * Processors for Template Mode: TEXT
[THYMELEAF]         * Element Tag Processors by [matching element and attribute name] [precedence]:
[THYMELEAF]             * [* {th:insert}] [100]: karate.org.thymeleaf.standard.processor.StandardInsertTagProcessor
[THYMELEAF]             * [* {th:replace}] [100]: karate.org.thymeleaf.standard.processor.StandardReplaceTagProcessor
[THYMELEAF]             * [* {th:each}] [200]: com.intuit.karate.template.KarateEachTagProcessor
[THYMELEAF]             * [* {th:switch}] [250]: karate.org.thymeleaf.standard.processor.StandardSwitchTagProcessor
[THYMELEAF]             * [* {th:case}] [275]: karate.org.thymeleaf.standard.processor.StandardCaseTagProcessor
[THYMELEAF]             * [* {th:if}] [300]: karate.org.thymeleaf.standard.processor.StandardIfTagProcessor
[THYMELEAF]             * [* {th:unless}] [400]: karate.org.thymeleaf.standard.processor.StandardUnlessTagProcessor
[THYMELEAF]             * [* {th:object}] [500]: karate.org.thymeleaf.standard.processor.StandardObjectTagProcessor
[THYMELEAF]             * [* {th:with}] [600]: com.intuit.karate.template.KarateWithTagProcessor
[THYMELEAF]             * [* {th:inline}] [1000]: karate.org.thymeleaf.standard.processor.StandardInlineTextualTagProcessor
[THYMELEAF]             * [* {th:text}] [1300]: karate.org.thymeleaf.standard.processor.StandardTextTagProcessor
[THYMELEAF]             * [* {th:utext}] [1400]: karate.org.thymeleaf.standard.processor.StandardUtextTagProcessor
[THYMELEAF]             * [* {th:assert}] [1550]: karate.org.thymeleaf.standard.processor.StandardAssertTagProcessor
[THYMELEAF]             * [* {th:remove}] [1600]: karate.org.thymeleaf.standard.processor.StandardRemoveTagProcessor
[THYMELEAF]             * [* 100000] [karate.org.thymeleaf.standard.processor.StandardBlockTagProcessor]: {}
[THYMELEAF]             * [{th:block} *] [100000]: karate.org.thymeleaf.standard.processor.StandardBlockTagProcessor
[THYMELEAF]         * Text Processors by [precedence]:
[THYMELEAF]             * [1000]: karate.org.thymeleaf.standard.processor.StandardInliningTextProcessor
[THYMELEAF]     * Processors for Template Mode: JAVASCRIPT
[THYMELEAF]         * Element Tag Processors by [matching element and attribute name] [precedence]:
[THYMELEAF]             * [* {th:insert}] [100]: karate.org.thymeleaf.standard.processor.StandardInsertTagProcessor
[THYMELEAF]             * [* {th:replace}] [100]: karate.org.thymeleaf.standard.processor.StandardReplaceTagProcessor
[THYMELEAF]             * [* {th:each}] [200]: com.intuit.karate.template.KarateEachTagProcessor
[THYMELEAF]             * [* {th:switch}] [250]: karate.org.thymeleaf.standard.processor.StandardSwitchTagProcessor
[THYMELEAF]             * [* {th:case}] [275]: karate.org.thymeleaf.standard.processor.StandardCaseTagProcessor
[THYMELEAF]             * [* {th:if}] [300]: karate.org.thymeleaf.standard.processor.StandardIfTagProcessor
[THYMELEAF]             * [* {th:unless}] [400]: karate.org.thymeleaf.standard.processor.StandardUnlessTagProcessor
[THYMELEAF]             * [* {th:object}] [500]: karate.org.thymeleaf.standard.processor.StandardObjectTagProcessor
[THYMELEAF]             * [* {th:with}] [600]: com.intuit.karate.template.KarateWithTagProcessor
[THYMELEAF]             * [* {th:inline}] [1000]: karate.org.thymeleaf.standard.processor.StandardInlineTextualTagProcessor
[THYMELEAF]             * [* {th:text}] [1300]: karate.org.thymeleaf.standard.processor.StandardTextTagProcessor
[THYMELEAF]             * [* {th:utext}] [1400]: karate.org.thymeleaf.standard.processor.StandardUtextTagProcessor
[THYMELEAF]             * [* {th:assert}] [1550]: karate.org.thymeleaf.standard.processor.StandardAssertTagProcessor
[THYMELEAF]             * [* {th:remove}] [1600]: karate.org.thymeleaf.standard.processor.StandardRemoveTagProcessor
[THYMELEAF]             * [* 100000] [karate.org.thymeleaf.standard.processor.StandardBlockTagProcessor]: {}
[THYMELEAF]             * [{th:block} *] [100000]: karate.org.thymeleaf.standard.processor.StandardBlockTagProcessor
[THYMELEAF]         * Text Processors by [precedence]:
[THYMELEAF]             * [1000]: karate.org.thymeleaf.standard.processor.StandardInliningTextProcessor
[THYMELEAF]     * Processors for Template Mode: CSS
[THYMELEAF]         * Element Tag Processors by [matching element and attribute name] [precedence]:
[THYMELEAF]             * [* {th:insert}] [100]: karate.org.thymeleaf.standard.processor.StandardInsertTagProcessor
[THYMELEAF]             * [* {th:replace}] [100]: karate.org.thymeleaf.standard.processor.StandardReplaceTagProcessor
[THYMELEAF]             * [* {th:each}] [200]: com.intuit.karate.template.KarateEachTagProcessor
[THYMELEAF]             * [* {th:switch}] [250]: karate.org.thymeleaf.standard.processor.StandardSwitchTagProcessor
[THYMELEAF]             * [* {th:case}] [275]: karate.org.thymeleaf.standard.processor.StandardCaseTagProcessor
[THYMELEAF]             * [* {th:if}] [300]: karate.org.thymeleaf.standard.processor.StandardIfTagProcessor
[THYMELEAF]             * [* {th:unless}] [400]: karate.org.thymeleaf.standard.processor.StandardUnlessTagProcessor
[THYMELEAF]             * [* {th:object}] [500]: karate.org.thymeleaf.standard.processor.StandardObjectTagProcessor
[THYMELEAF]             * [* {th:with}] [600]: com.intuit.karate.template.KarateWithTagProcessor
[THYMELEAF]             * [* {th:inline}] [1000]: karate.org.thymeleaf.standard.processor.StandardInlineTextualTagProcessor
[THYMELEAF]             * [* {th:text}] [1300]: karate.org.thymeleaf.standard.processor.StandardTextTagProcessor
[THYMELEAF]             * [* {th:utext}] [1400]: karate.org.thymeleaf.standard.processor.StandardUtextTagProcessor
[THYMELEAF]             * [* {th:assert}] [1550]: karate.org.thymeleaf.standard.processor.StandardAssertTagProcessor
[THYMELEAF]             * [* {th:remove}] [1600]: karate.org.thymeleaf.standard.processor.StandardRemoveTagProcessor
[THYMELEAF]             * [* 100000] [karate.org.thymeleaf.standard.processor.StandardBlockTagProcessor]: {}
[THYMELEAF]             * [{th:block} *] [100000]: karate.org.thymeleaf.standard.processor.StandardBlockTagProcessor
[THYMELEAF]         * Text Processors by [precedence]:
[THYMELEAF]             * [1000]: karate.org.thymeleaf.standard.processor.StandardInliningTextProcessor
[THYMELEAF]     * Expression Objects:
[THYMELEAF]         * #ctx
[THYMELEAF]         * #root
[THYMELEAF]         * #vars
[THYMELEAF]         * #object
[THYMELEAF]         * #locale
[THYMELEAF]         * #request
[THYMELEAF]         * #response
[THYMELEAF]         * #session
[THYMELEAF]         * #servletContext
[THYMELEAF]         * #conversions
[THYMELEAF]         * #uris
[THYMELEAF]         * #calendars
[THYMELEAF]         * #dates
[THYMELEAF]         * #bools
[THYMELEAF]         * #numbers
[THYMELEAF]         * #objects
[THYMELEAF]         * #strings
[THYMELEAF]         * #arrays
[THYMELEAF]         * #lists
[THYMELEAF]         * #sets
[THYMELEAF]         * #maps
[THYMELEAF]         * #aggregates
[THYMELEAF]         * #messages
[THYMELEAF]         * #ids
[THYMELEAF]         * #execInfo
[THYMELEAF]         * #httpServletRequest
[THYMELEAF]         * #httpSession
[THYMELEAF]     * Execution Attributes:
[THYMELEAF]         * "StandardExpressionParser": com.intuit.karate.template.KarateStandardDialect@1f408ab6
[THYMELEAF]         * "StandardJavaScriptSerializer": karate.org.thymeleaf.standard.serializer.StandardJavaScriptSerializer@17d816b3
[THYMELEAF]         * "StandardCSSSerializer": karate.org.thymeleaf.standard.serializer.StandardCSSSerializer@126675fd
[THYMELEAF]         * "StandardVariableExpressionEvaluator": com.intuit.karate.template.KarateStandardDialect@1f408ab6
[THYMELEAF]         * "StandardConversionService": karate.org.thymeleaf.standard.expression.StandardConversionService@2c0dca15
[THYMELEAF] * Dialect [2 of 2]: karate (com.intuit.karate.template.KarateScriptDialect)
[THYMELEAF]     * Prefix: "ka"
[THYMELEAF]     * Processors for Template Mode: HTML
[THYMELEAF]         * Element Tag Processors by [matching element and attribute name] [precedence]:
[THYMELEAF]             * [* {src}] [1000]: com.intuit.karate.template.KaScriptAttrProcessor
[THYMELEAF]         * Element Model Processors by [matching element and attribute name] [precedence]:
[THYMELEAF]             * [{script} {ka:scope,data-ka-scope}] [1000]: com.intuit.karate.template.KaScriptElemProcessor
[THYMELEAF]             * [* {ka:set,data-ka-set}] [1000]: com.intuit.karate.template.KaSetElemProcessor
[THYMELEAF] TEMPLATE ENGINE CONFIGURED OK
20:02:07.461 [main] DEBUG karate.org.thymeleaf.TemplateEngine - [THYMELEAF] TEMPLATE ENGINE INITIALIZED
---------------------------------------------------------
feature: classpath:com/big/features/APIfeatures/SCU/Core ISO XAPI/Core_ISO_XAPI.feature
scenarios:  7 | passed:  0 | failed:  7 | time: 0.0076
---------------------------------------------------------

20:02:07.611 [main] INFO com.intuit.karate.Suite - <<fail>> feature 7 of 12 (0 remaining) classpath:com/big/features/APIfeatures/SCU/Core ISO XAPI/Core_ISO_XAPI.feature
20:02:07.623 [main] ERROR com.intuit.karate - classpath:com/big/features/APIfeatures/SCU/FIS-SAPI/FIS-SAPI.feature:3
* def Baseurl =''
"""
{
"email": "eve.holt@reqres.in",
"password": "pistol"
}
"""
no step-definition method match found for: def Baseurl =''
classpath:com/big/features/APIfeatures/SCU/FIS-SAPI/FIS-SAPI.feature:3
20:02:07.630 [main] ERROR com.intuit.karate - classpath:com/big/features/APIfeatures/SCU/FIS-SAPI/FIS-SAPI.feature:3
* def Baseurl =''
"""
{
"email": "eve.holt@reqres.in",
"password": "pistol"
}
"""
no step-definition method match found for: def Baseurl =''
classpath:com/big/features/APIfeatures/SCU/FIS-SAPI/FIS-SAPI.feature:3
20:02:07.633 [main] ERROR com.intuit.karate - classpath:com/big/features/APIfeatures/SCU/FIS-SAPI/FIS-SAPI.feature:3
* def Baseurl =''
"""
{
"email": "eve.holt@reqres.in",
"password": "pistol"
}
"""
no step-definition method match found for: def Baseurl =''
classpath:com/big/features/APIfeatures/SCU/FIS-SAPI/FIS-SAPI.feature:3
20:02:07.641 [main] DEBUG karate.org.thymeleaf.TemplateEngine - [THYMELEAF] INITIALIZING TEMPLATE ENGINE
20:02:07.652 [main] DEBUG karate.org.thymeleaf.TemplateEngine.CONFIG - Initializing Thymeleaf Template engine configuration...
[THYMELEAF] TEMPLATE ENGINE CONFIGURATION:
[THYMELEAF] * Thymeleaf version: 3.0.14.RELEASE (built 2021-12-08T00:45:29+0000)
[THYMELEAF] * Cache Manager implementation: karate.org.thymeleaf.cache.StandardCacheManager
[THYMELEAF] * Template resolvers:
[THYMELEAF]     * [1] com.intuit.karate.template.ResourceHtmlTemplateResolver
[THYMELEAF] * Message resolvers:
[THYMELEAF]     * karate.org.thymeleaf.messageresolver.StandardMessageResolver
[THYMELEAF] * Link builders:
[THYMELEAF]     * karate.org.thymeleaf.linkbuilder.StandardLinkBuilder
[THYMELEAF] * Dialect [1 of 2]: Standard (com.intuit.karate.template.KarateStandardDialect)
[THYMELEAF]     * Prefix: "th"
[THYMELEAF]     * Processors for Template Mode: HTML
[THYMELEAF]         * Element Tag Processors by [matching element and attribute name] [precedence]:
[THYMELEAF]             * [* {th:include,data-th-include}] [100]: karate.org.thymeleaf.standard.processor.StandardIncludeTagProcessor
[THYMELEAF]             * [* {th:insert,data-th-insert}] [100]: karate.org.thymeleaf.standard.processor.StandardInsertTagProcessor
[THYMELEAF]             * [* {th:replace,data-th-replace}] [100]: karate.org.thymeleaf.standard.processor.StandardReplaceTagProcessor
[THYMELEAF]             * [* {th:substituteby,data-th-substituteby}] [100]: karate.org.thymeleaf.standard.processor.StandardSubstituteByTagProcessor
[THYMELEAF]             * [* {th:each,data-th-each}] [200]: com.intuit.karate.template.KarateEachTagProcessor
[THYMELEAF]             * [* {th:switch,data-th-switch}] [250]: karate.org.thymeleaf.standard.processor.StandardSwitchTagProcessor
[THYMELEAF]             * [* {th:case,data-th-case}] [275]: karate.org.thymeleaf.standard.processor.StandardCaseTagProcessor
[THYMELEAF]             * [* {th:if,data-th-if}] [300]: karate.org.thymeleaf.standard.processor.StandardIfTagProcessor
[THYMELEAF]             * [* {th:unless,data-th-unless}] [400]: karate.org.thymeleaf.standard.processor.StandardUnlessTagProcessor
[THYMELEAF]             * [* {th:object,data-th-object}] [500]: karate.org.thymeleaf.standard.processor.StandardObjectTagProcessor
[THYMELEAF]             * [* {th:with,data-th-with}] [600]: com.intuit.karate.template.KarateWithTagProcessor
[THYMELEAF]             * [* {th:attr,data-th-attr}] [700]: com.intuit.karate.template.KarateAttributeTagProcessor.KarateAttrTagProcessor
[THYMELEAF]             * [* {th:attrappend,data-th-attrappend}] [900]: com.intuit.karate.template.KarateAttributeTagProcessor.KarateAttrappendTagProcessor
[THYMELEAF]             * [* {th:attrprepend,data-th-attrprepend}] [900]: com.intuit.karate.template.KarateAttributeTagProcessor.KarateAttrprependTagProcessor
[THYMELEAF]             * [* {th:alt-title,data-th-alt-title}] [990]: karate.org.thymeleaf.standard.processor.StandardAltTitleTagProcessor
[THYMELEAF]             * [* {th:lang-xmllang,data-th-lang-xmllang}] [990]: karate.org.thymeleaf.standard.processor.StandardLangXmlLangTagProcessor
[THYMELEAF]             * [* {th:action,data-th-action}] [1000]: karate.org.thymeleaf.standard.processor.StandardActionTagProcessor
[THYMELEAF]             * [* {th:ismap,data-th-ismap}] [1000]: karate.org.thymeleaf.standard.processor.StandardConditionalFixedValueTagProcessor
[THYMELEAF]             * [* {th:selected,data-th-selected}] [1000]: karate.org.thymeleaf.standard.processor.StandardConditionalFixedValueTagProcessor
[THYMELEAF]             * [* {th:readonly,data-th-readonly}] [1000]: karate.org.thymeleaf.standard.processor.StandardConditionalFixedValueTagProcessor
[THYMELEAF]             * [* {th:seamless,data-th-seamless}] [1000]: karate.org.thymeleaf.standard.processor.StandardConditionalFixedValueTagProcessor
[THYMELEAF]             * [* {th:scoped,data-th-scoped}] [1000]: karate.org.thymeleaf.standard.processor.StandardConditionalFixedValueTagProcessor
[THYMELEAF]             * [* {th:default,data-th-default}] [1000]: karate.org.thymeleaf.standard.processor.StandardConditionalFixedValueTagProcessor
[THYMELEAF]             * [* {th:autoplay,data-th-autoplay}] [1000]: karate.org.thymeleaf.standard.processor.StandardConditionalFixedValueTagProcessor
[THYMELEAF]             * [* {th:pubdate,data-th-pubdate}] [1000]: karate.org.thymeleaf.standard.processor.StandardConditionalFixedValueTagProcessor
[THYMELEAF]             * [* {th:open,data-th-open}] [1000]: karate.org.thymeleaf.standard.processor.StandardConditionalFixedValueTagProcessor
[THYMELEAF]             * [* {th:autofocus,data-th-autofocus}] [1000]: karate.org.thymeleaf.standard.processor.StandardConditionalFixedValueTagProcessor
[THYMELEAF]             * [* {th:controls,data-th-controls}] [1000]: karate.org.thymeleaf.standard.processor.StandardConditionalFixedValueTagProcessor
[THYMELEAF]             * [* {th:hidden,data-th-hidden}] [1000]: karate.org.thymeleaf.standard.processor.StandardConditionalFixedValueTagProcessor
[THYMELEAF]             * [* {th:multiple,data-th-multiple}] [1000]: karate.org.thymeleaf.standard.processor.StandardConditionalFixedValueTagProcessor
[THYMELEAF]             * [* {th:checked,data-th-checked}] [1000]: karate.org.thymeleaf.standard.processor.StandardConditionalFixedValueTagProcessor
[THYMELEAF]             * [* {th:reversed,data-th-reversed}] [1000]: karate.org.thymeleaf.standard.processor.StandardConditionalFixedValueTagProcessor
[THYMELEAF]             * [* {th:formnovalidate,data-th-formnovalidate}] [1000]: karate.org.thymeleaf.standard.processor.StandardConditionalFixedValueTagProcessor
[THYMELEAF]             * [* {th:novalidate,data-th-novalidate}] [1000]: karate.org.thymeleaf.standard.processor.StandardConditionalFixedValueTagProcessor
[THYMELEAF]             * [* {th:defer,data-th-defer}] [1000]: karate.org.thymeleaf.standard.processor.StandardConditionalFixedValueTagProcessor
[THYMELEAF]             * [* {th:loop,data-th-loop}] [1000]: karate.org.thymeleaf.standard.processor.StandardConditionalFixedValueTagProcessor
[THYMELEAF]             * [* {th:disabled,data-th-disabled}] [1000]: karate.org.thymeleaf.standard.processor.StandardConditionalFixedValueTagProcessor
[THYMELEAF]             * [* {th:required,data-th-required}] [1000]: karate.org.thymeleaf.standard.processor.StandardConditionalFixedValueTagProcessor
[THYMELEAF]             * [* {th:async,data-th-async}] [1000]: karate.org.thymeleaf.standard.processor.StandardConditionalFixedValueTagProcessor
[THYMELEAF]             * [* {th:declare,data-th-declare}] [1000]: karate.org.thymeleaf.standard.processor.StandardConditionalFixedValueTagProcessor
[THYMELEAF]             * [* {th:nowrap,data-th-nowrap}] [1000]: karate.org.thymeleaf.standard.processor.StandardConditionalFixedValueTagProcessor
[THYMELEAF]             * [* {th:onsuspend,data-th-onsuspend}] [1000]: karate.org.thymeleaf.standard.processor.StandardDOMEventAttributeTagProcessor
[THYMELEAF]             * [* {th:onloadeddata,data-th-onloadeddata}] [1000]: karate.org.thymeleaf.standard.processor.StandardDOMEventAttributeTagProcessor
[THYMELEAF]             * [* {th:onseeking,data-th-onseeking}] [1000]: karate.org.thymeleaf.standard.processor.StandardDOMEventAttributeTagProcessor
[THYMELEAF]             * [* {th:onafterprint,data-th-onafterprint}] [1000]: karate.org.thymeleaf.standard.processor.StandardDOMEventAttributeTagProcessor
[THYMELEAF]             * [* {th:onreset,data-th-onreset}] [1000]: karate.org.thymeleaf.standard.processor.StandardDOMEventAttributeTagProcessor
[THYMELEAF]             * [* {th:onoffline,data-th-onoffline}] [1000]: karate.org.thymeleaf.standard.processor.StandardDOMEventAttributeTagProcessor
[THYMELEAF]             * [* {th:ondblclick,data-th-ondblclick}] [1000]: karate.org.thymeleaf.standard.processor.StandardDOMEventAttributeTagProcessor
[THYMELEAF]             * [* {th:onstalled,data-th-onstalled}] [1000]: karate.org.thymeleaf.standard.processor.StandardDOMEventAttributeTagProcessor
[THYMELEAF]             * [* {th:onredo,data-th-onredo}] [1000]: karate.org.thymeleaf.standard.processor.StandardDOMEventAttributeTagProcessor
[THYMELEAF]             * [* {th:onbeforeprint,data-th-onbeforeprint}] [1000]: karate.org.thymeleaf.standard.processor.StandardDOMEventAttributeTagProcessor
[THYMELEAF]             * [* {th:oninput,data-th-oninput}] [1000]: karate.org.thymeleaf.standard.processor.StandardDOMEventAttributeTagProcessor
[THYMELEAF]             * [* {th:onundo,data-th-onundo}] [1000]: karate.org.thymeleaf.standard.processor.StandardDOMEventAttributeTagProcessor
[THYMELEAF]             * [* {th:onmousemove,data-th-onmousemove}] [1000]: karate.org.thymeleaf.standard.processor.StandardDOMEventAttributeTagProcessor
[THYMELEAF]             * [* {th:onchange,data-th-onchange}] [1000]: karate.org.thymeleaf.standard.processor.StandardDOMEventAttributeTagProcessor
[THYMELEAF]             * [* {th:ondragstart,data-th-ondragstart}] [1000]: karate.org.thymeleaf.standard.processor.StandardDOMEventAttributeTagProcessor
[THYMELEAF]             * [* {th:onstorage,data-th-onstorage}] [1000]: karate.org.thymeleaf.standard.processor.StandardDOMEventAttributeTagProcessor
[THYMELEAF]             * [* {th:onbeforeunload,data-th-onbeforeunload}] [1000]: karate.org.thymeleaf.standard.processor.StandardDOMEventAttributeTagProcessor
[THYMELEAF]             * [* {th:oncanplaythrough,data-th-oncanplaythrough}] [1000]: karate.org.thymeleaf.standard.processor.StandardDOMEventAttributeTagProcessor
[THYMELEAF]             * [* {th:onplaying,data-th-onplaying}] [1000]: karate.org.thymeleaf.standard.processor.StandardDOMEventAttributeTagProcessor
[THYMELEAF]             * [* {th:onkeypress,data-th-onkeypress}] [1000]: karate.org.thymeleaf.standard.processor.StandardDOMEventAttributeTagProcessor
[THYMELEAF]             * [* {th:onforminput,data-th-onforminput}] [1000]: karate.org.thymeleaf.standard.processor.StandardDOMEventAttributeTagProcessor
[THYMELEAF]             * [* {th:ondurationchange,data-th-ondurationchange}] [1000]: karate.org.thymeleaf.standard.processor.StandardDOMEventAttributeTagProcessor
[THYMELEAF]             * [* {th:onfocus,data-th-onfocus}] [1000]: karate.org.thymeleaf.standard.processor.StandardDOMEventAttributeTagProcessor
[THYMELEAF]             * [* {th:onabort,data-th-onabort}] [1000]: karate.org.thymeleaf.standard.processor.StandardDOMEventAttributeTagProcessor
[THYMELEAF]             * [* {th:ondragend,data-th-ondragend}] [1000]: karate.org.thymeleaf.standard.processor.StandardDOMEventAttributeTagProcessor
[THYMELEAF]             * [* {th:onmouseup,data-th-onmouseup}] [1000]: karate.org.thymeleaf.standard.processor.StandardDOMEventAttributeTagProcessor
[THYMELEAF]             * [* {th:onmouseover,data-th-onmouseover}] [1000]: karate.org.thymeleaf.standard.processor.StandardDOMEventAttributeTagProcessor
[THYMELEAF]             * [* {th:onvolumechange,data-th-onvolumechange}] [1000]: karate.org.thymeleaf.standard.processor.StandardDOMEventAttributeTagProcessor
[THYMELEAF]             * [* {th:ondrag,data-th-ondrag}] [1000]: karate.org.thymeleaf.standard.processor.StandardDOMEventAttributeTagProcessor
[THYMELEAF]             * [* {th:onclick,data-th-onclick}] [1000]: karate.org.thymeleaf.standard.processor.StandardDOMEventAttributeTagProcessor
[THYMELEAF]             * [* {th:onprogress,data-th-onprogress}] [1000]: karate.org.thymeleaf.standard.processor.StandardDOMEventAttributeTagProcessor
[THYMELEAF]             * [* {th:ontimeupdate,data-th-ontimeupdate}] [1000]: karate.org.thymeleaf.standard.processor.StandardDOMEventAttributeTagProcessor
[THYMELEAF]             * [* {th:onpause,data-th-onpause}] [1000]: karate.org.thymeleaf.standard.processor.StandardDOMEventAttributeTagProcessor
[THYMELEAF]             * [* {th:onshow,data-th-onshow}] [1000]: karate.org.thymeleaf.standard.processor.StandardDOMEventAttributeTagProcessor
[THYMELEAF]             * [* {th:onscroll,data-th-onscroll}] [1000]: karate.org.thymeleaf.standard.processor.StandardDOMEventAttributeTagProcessor
[THYMELEAF]             * [* {th:onmousedown,data-th-onmousedown}] [1000]: karate.org.thymeleaf.standard.processor.StandardDOMEventAttributeTagProcessor
[THYMELEAF]             * [* {th:onmessage,data-th-onmessage}] [1000]: karate.org.thymeleaf.standard.processor.StandardDOMEventAttributeTagProcessor
[THYMELEAF]             * [* {th:ondragenter,data-th-ondragenter}] [1000]: karate.org.thymeleaf.standard.processor.StandardDOMEventAttributeTagProcessor
[THYMELEAF]             * [* {th:onreadystatechange,data-th-onreadystatechange}] [1000]: karate.org.thymeleaf.standard.processor.StandardDOMEventAttributeTagProcessor
[THYMELEAF]             * [* {th:onpopstate,data-th-onpopstate}] [1000]: karate.org.thymeleaf.standard.processor.StandardDOMEventAttributeTagProcessor
[THYMELEAF]             * [* {th:onloadedmetadata,data-th-onloadedmetadata}] [1000]: karate.org.thymeleaf.standard.processor.StandardDOMEventAttributeTagProcessor
[THYMELEAF]             * [* {th:onmousewheel,data-th-onmousewheel}] [1000]: karate.org.thymeleaf.standard.processor.StandardDOMEventAttributeTagProcessor
[THYMELEAF]             * [* {th:oninvalid,data-th-oninvalid}] [1000]: karate.org.thymeleaf.standard.processor.StandardDOMEventAttributeTagProcessor
[THYMELEAF]             * [* {th:onresize,data-th-onresize}] [1000]: karate.org.thymeleaf.standard.processor.StandardDOMEventAttributeTagProcessor
[THYMELEAF]             * [* {th:onmouseout,data-th-onmouseout}] [1000]: karate.org.thymeleaf.standard.processor.StandardDOMEventAttributeTagProcessor
[THYMELEAF]             * [* {th:onkeydown,data-th-onkeydown}] [1000]: karate.org.thymeleaf.standard.processor.StandardDOMEventAttributeTagProcessor
[THYMELEAF]             * [* {th:ondragover,data-th-ondragover}] [1000]: karate.org.thymeleaf.standard.processor.StandardDOMEventAttributeTagProcessor
[THYMELEAF]             * [* {th:onloadstart,data-th-onloadstart}] [1000]: karate.org.thymeleaf.standard.processor.StandardDOMEventAttributeTagProcessor
[THYMELEAF]             * [* {th:oncanplay,data-th-oncanplay}] [1000]: karate.org.thymeleaf.standard.processor.StandardDOMEventAttributeTagProcessor
[THYMELEAF]             * [* {th:onsubmit,data-th-onsubmit}] [1000]: karate.org.thymeleaf.standard.processor.StandardDOMEventAttributeTagProcessor
[THYMELEAF]             * [* {th:onseeked,data-th-onseeked}] [1000]: karate.org.thymeleaf.standard.processor.StandardDOMEventAttributeTagProcessor
[THYMELEAF]             * [* {th:onplay,data-th-onplay}] [1000]: karate.org.thymeleaf.standard.processor.StandardDOMEventAttributeTagProcessor
[THYMELEAF]             * [* {th:onerror,data-th-onerror}] [1000]: karate.org.thymeleaf.standard.processor.StandardDOMEventAttributeTagProcessor
[THYMELEAF]             * [* {th:onformchange,data-th-onformchange}] [1000]: karate.org.thymeleaf.standard.processor.StandardDOMEventAttributeTagProcessor
[THYMELEAF]             * [* {th:onblur,data-th-onblur}] [1000]: karate.org.thymeleaf.standard.processor.StandardDOMEventAttributeTagProcessor
[THYMELEAF]             * [* {th:onload,data-th-onload}] [1000]: karate.org.thymeleaf.standard.processor.StandardDOMEventAttributeTagProcessor
[THYMELEAF]             * [* {th:onwaiting,data-th-onwaiting}] [1000]: karate.org.thymeleaf.standard.processor.StandardDOMEventAttributeTagProcessor
[THYMELEAF]             * [* {th:ondragleave,data-th-ondragleave}] [1000]: karate.org.thymeleaf.standard.processor.StandardDOMEventAttributeTagProcessor
[THYMELEAF]             * [* {th:onratechange,data-th-onratechange}] [1000]: karate.org.thymeleaf.standard.processor.StandardDOMEventAttributeTagProcessor
[THYMELEAF]             * [* {th:onunload,data-th-onunload}] [1000]: karate.org.thymeleaf.standard.processor.StandardDOMEventAttributeTagProcessor
[THYMELEAF]             * [* {th:onended,data-th-onended}] [1000]: karate.org.thymeleaf.standard.processor.StandardDOMEventAttributeTagProcessor
[THYMELEAF]             * [* {th:onselect,data-th-onselect}] [1000]: karate.org.thymeleaf.standard.processor.StandardDOMEventAttributeTagProcessor
[THYMELEAF]             * [* {th:onemptied,data-th-onemptied}] [1000]: karate.org.thymeleaf.standard.processor.StandardDOMEventAttributeTagProcessor
[THYMELEAF]             * [* {th:ononline,data-th-ononline}] [1000]: karate.org.thymeleaf.standard.processor.StandardDOMEventAttributeTagProcessor
[THYMELEAF]             * [* {th:onhashchange,data-th-onhashchange}] [1000]: karate.org.thymeleaf.standard.processor.StandardDOMEventAttributeTagProcessor
[THYMELEAF]             * [* {th:ondrop,data-th-ondrop}] [1000]: karate.org.thymeleaf.standard.processor.StandardDOMEventAttributeTagProcessor
[THYMELEAF]             * [* {th:oncontextmenu,data-th-oncontextmenu}] [1000]: karate.org.thymeleaf.standard.processor.StandardDOMEventAttributeTagProcessor
[THYMELEAF]             * [* {th:onkeyup,data-th-onkeyup}] [1000]: karate.org.thymeleaf.standard.processor.StandardDOMEventAttributeTagProcessor
[THYMELEAF]             * [* {th:href,data-th-href}] [1000]: karate.org.thymeleaf.standard.processor.StandardHrefTagProcessor
[THYMELEAF]             * [* {th:inline,data-th-inline}] [1000]: karate.org.thymeleaf.standard.processor.StandardInlineHTMLTagProcessor
[THYMELEAF]             * [* {th:method,data-th-method}] [1000]: karate.org.thymeleaf.standard.processor.StandardMethodTagProcessor
[THYMELEAF]             * [* {th:name,data-th-name}] [1000]: karate.org.thymeleaf.standard.processor.StandardNonRemovableAttributeTagProcessor
[THYMELEAF]             * [* {th:type,data-th-type}] [1000]: karate.org.thymeleaf.standard.processor.StandardNonRemovableAttributeTagProcessor
[THYMELEAF]             * [* {th:spellcheck,data-th-spellcheck}] [1000]: karate.org.thymeleaf.standard.processor.StandardRemovableAttributeTagProcessor
[THYMELEAF]             * [* {th:accesskey,data-th-accesskey}] [1000]: karate.org.thymeleaf.standard.processor.StandardRemovableAttributeTagProcessor
[THYMELEAF]             * [* {th:marginheight,data-th-marginheight}] [1000]: karate.org.thymeleaf.standard.processor.StandardRemovableAttributeTagProcessor
[THYMELEAF]             * [* {th:formtarget,data-th-formtarget}] [1000]: karate.org.thymeleaf.standard.processor.StandardRemovableAttributeTagProcessor
[THYMELEAF]             * [* {th:kind,data-th-kind}] [1000]: karate.org.thymeleaf.standard.processor.StandardRemovableAttributeTagProcessor
[THYMELEAF]             * [* {th:longdesc,data-th-longdesc}] [1000]: karate.org.thymeleaf.standard.processor.StandardRemovableAttributeTagProcessor
[THYMELEAF]             * [* {th:lang,data-th-lang}] [1000]: karate.org.thymeleaf.standard.processor.StandardRemovableAttributeTagProcessor
[THYMELEAF]             * [* {th:icon,data-th-icon}] [1000]: karate.org.thymeleaf.standard.processor.StandardRemovableAttributeTagProcessor
[THYMELEAF]             * [* {th:border,data-th-border}] [1000]: karate.org.thymeleaf.standard.processor.StandardRemovableAttributeTagProcessor
[THYMELEAF]             * [* {th:placeholder,data-th-placeholder}] [1000]: karate.org.thymeleaf.standard.processor.StandardRemovableAttributeTagProcessor
[THYMELEAF]             * [* {th:axis,data-th-axis}] [1000]: karate.org.thymeleaf.standard.processor.StandardRemovableAttributeTagProcessor
[THYMELEAF]             * [* {th:tabindex,data-th-tabindex}] [1000]: karate.org.thymeleaf.standard.processor.StandardRemovableAttributeTagProcessor
[THYMELEAF]             * [* {th:radiogroup,data-th-radiogroup}] [1000]: karate.org.thymeleaf.standard.processor.StandardRemovableAttributeTagProcessor
[THYMELEAF]             * [* {th:rel,data-th-rel}] [1000]: karate.org.thymeleaf.standard.processor.StandardRemovableAttributeTagProcessor
[THYMELEAF]             * [* {th:formaction,data-th-formaction}] [1000]: karate.org.thymeleaf.standard.processor.StandardRemovableAttributeTagProcessor
[THYMELEAF]             * [* {th:optimum,data-th-optimum}] [1000]: karate.org.thymeleaf.standard.processor.StandardRemovableAttributeTagProcessor
[THYMELEAF]             * [* {th:pattern,data-th-pattern}] [1000]: karate.org.thymeleaf.standard.processor.StandardRemovableAttributeTagProcessor
[THYMELEAF]             * [* {th:wrap,data-th-wrap}] [1000]: karate.org.thymeleaf.standard.processor.StandardRemovableAttributeTagProcessor
[THYMELEAF]             * [* {th:formenctype,data-th-formenctype}] [1000]: karate.org.thymeleaf.standard.processor.StandardRemovableAttributeTagProcessor
[THYMELEAF]             * [* {th:alt,data-th-alt}] [1000]: karate.org.thymeleaf.standard.processor.StandardRemovableAttributeTagProcessor
[THYMELEAF]             * [* {th:sandbox,data-th-sandbox}] [1000]: karate.org.thymeleaf.standard.processor.StandardRemovableAttributeTagProcessor
[THYMELEAF]             * [* {th:class,data-th-class}] [1000]: karate.org.thymeleaf.standard.processor.StandardRemovableAttributeTagProcessor
[THYMELEAF]             * [* {th:frameborder,data-th-frameborder}] [1000]: karate.org.thymeleaf.standard.processor.StandardRemovableAttributeTagProcessor
[THYMELEAF]             * [* {th:abbr,data-th-abbr}] [1000]: karate.org.thymeleaf.standard.processor.StandardRemovableAttributeTagProcessor
[THYMELEAF]             * [* {th:scrolling,data-th-scrolling}] [1000]: karate.org.thymeleaf.standard.processor.StandardRemovableAttributeTagProcessor
[THYMELEAF]             * [* {th:marginwidth,data-th-marginwidth}] [1000]: karate.org.thymeleaf.standard.processor.StandardRemovableAttributeTagProcessor
[THYMELEAF]             * [* {th:accept,data-th-accept}] [1000]: karate.org.thymeleaf.standard.processor.StandardRemovableAttributeTagProcessor
[THYMELEAF]             * [* {th:usemap,data-th-usemap}] [1000]: karate.org.thymeleaf.standard.processor.StandardRemovableAttributeTagProcessor
[THYMELEAF]             * [* {th:start,data-th-start}] [1000]: karate.org.thymeleaf.standard.processor.StandardRemovableAttributeTagProcessor
[THYMELEAF]             * [* {th:summary,data-th-summary}] [1000]: karate.org.thymeleaf.standard.processor.StandardRemovableAttributeTagProcessor
[THYMELEAF]             * [* {th:label,data-th-label}] [1000]: karate.org.thymeleaf.standard.processor.StandardRemovableAttributeTagProcessor
[THYMELEAF]             * [* {th:rows,data-th-rows}] [1000]: karate.org.thymeleaf.standard.processor.StandardRemovableAttributeTagProcessor
[THYMELEAF]             * [* {th:scheme,data-th-scheme}] [1000]: karate.org.thymeleaf.standard.processor.StandardRemovableAttributeTagProcessor
[THYMELEAF]             * [* {th:min,data-th-min}] [1000]: karate.org.thymeleaf.standard.processor.StandardRemovableAttributeTagProcessor
[THYMELEAF]             * [* {th:width,data-th-width}] [1000]: karate.org.thymeleaf.standard.processor.StandardRemovableAttributeTagProcessor
[THYMELEAF]             * [* {th:colspan,data-th-colspan}] [1000]: karate.org.thymeleaf.standard.processor.StandardRemovableAttributeTagProcessor
[THYMELEAF]             * [* {th:align,data-th-align}] [1000]: karate.org.thymeleaf.standard.processor.StandardRemovableAttributeTagProcessor
[THYMELEAF]             * [* {th:rev,data-th-rev}] [1000]: karate.org.thymeleaf.standard.processor.StandardRemovableAttributeTagProcessor
[THYMELEAF]             * [* {th:height,data-th-height}] [1000]: karate.org.thymeleaf.standard.processor.StandardRemovableAttributeTagProcessor
[THYMELEAF]             * [* {th:valuetype,data-th-valuetype}] [1000]: karate.org.thymeleaf.standard.processor.StandardRemovableAttributeTagProcessor
[THYMELEAF]             * [* {th:media,data-th-media}] [1000]: karate.org.thymeleaf.standard.processor.StandardRemovableAttributeTagProcessor
[THYMELEAF]             * [* {th:codebase,data-th-codebase}] [1000]: karate.org.thymeleaf.standard.processor.StandardRemovableAttributeTagProcessor
[THYMELEAF]             * [* {th:high,data-th-high}] [1000]: karate.org.thymeleaf.standard.processor.StandardRemovableAttributeTagProcessor
[THYMELEAF]             * [* {th:rules,data-th-rules}] [1000]: karate.org.thymeleaf.standard.processor.StandardRemovableAttributeTagProcessor
[THYMELEAF]             * [* {th:hspace,data-th-hspace}] [1000]: karate.org.thymeleaf.standard.processor.StandardRemovableAttributeTagProcessor
[THYMELEAF]             * [* {th:dir,data-th-dir}] [1000]: karate.org.thymeleaf.standard.processor.StandardRemovableAttributeTagProcessor
[THYMELEAF]             * [* {th:http-equiv,data-th-http-equiv}] [1000]: karate.org.thymeleaf.standard.processor.StandardRemovableAttributeTagProcessor
[THYMELEAF]             * [* {th:list,data-th-list}] [1000]: karate.org.thymeleaf.standard.processor.StandardRemovableAttributeTagProcessor
[THYMELEAF]             * [* {th:poster,data-th-poster}] [1000]: karate.org.thymeleaf.standard.processor.StandardRemovableAttributeTagProcessor
[THYMELEAF]             * [* {th:frame,data-th-frame}] [1000]: karate.org.thymeleaf.standard.processor.StandardRemovableAttributeTagProcessor
[THYMELEAF]             * [* {th:enctype,data-th-enctype}] [1000]: karate.org.thymeleaf.standard.processor.StandardRemovableAttributeTagProcessor
[THYMELEAF]             * [* {th:vspace,data-th-vspace}] [1000]: karate.org.thymeleaf.standard.processor.StandardRemovableAttributeTagProcessor
[THYMELEAF]             * [* {th:scope,data-th-scope}] [1000]: karate.org.thymeleaf.standard.processor.StandardRemovableAttributeTagProcessor
[THYMELEAF]             * [* {th:standby,data-th-standby}] [1000]: karate.org.thymeleaf.standard.processor.StandardRemovableAttributeTagProcessor
[THYMELEAF]             * [* {th:srclang,data-th-srclang}] [1000]: karate.org.thymeleaf.standard.processor.StandardRemovableAttributeTagProcessor
[THYMELEAF]             * [* {th:background,data-th-background}] [1000]: karate.org.thymeleaf.standard.processor.StandardRemovableAttributeTagProcessor
[THYMELEAF]             * [* {th:accept-charset,data-th-accept-charset}] [1000]: karate.org.thymeleaf.standard.processor.StandardRemovableAttributeTagProcessor
[THYMELEAF]             * [* {th:style,data-th-style}] [1000]: karate.org.thymeleaf.standard.processor.StandardRemovableAttributeTagProcessor
[THYMELEAF]             * [* {th:form,data-th-form}] [1000]: karate.org.thymeleaf.standard.processor.StandardRemovableAttributeTagProcessor
[THYMELEAF]             * [* {th:dropzone,data-th-dropzone}] [1000]: karate.org.thymeleaf.standard.processor.StandardRemovableAttributeTagProcessor
[THYMELEAF]             * [* {th:codetype,data-th-codetype}] [1000]: karate.org.thymeleaf.standard.processor.StandardRemovableAttributeTagProcessor
[THYMELEAF]             * [* {th:contenteditable,data-th-contenteditable}] [1000]: karate.org.thymeleaf.standard.processor.StandardRemovableAttributeTagProcessor
[THYMELEAF]             * [* {th:keytype,data-th-keytype}] [1000]: karate.org.thymeleaf.standard.processor.StandardRemovableAttributeTagProcessor
[THYMELEAF]             * [* {th:max,data-th-max}] [1000]: karate.org.thymeleaf.standard.processor.StandardRemovableAttributeTagProcessor
[THYMELEAF]             * [* {th:classid,data-th-classid}] [1000]: karate.org.thymeleaf.standard.processor.StandardRemovableAttributeTagProcessor
[THYMELEAF]             * [* {th:headers,data-th-headers}] [1000]: karate.org.thymeleaf.standard.processor.StandardRemovableAttributeTagProcessor
[THYMELEAF]             * [* {th:target,data-th-target}] [1000]: karate.org.thymeleaf.standard.processor.StandardRemovableAttributeTagProcessor
[THYMELEAF]             * [* {th:hreflang,data-th-hreflang}] [1000]: karate.org.thymeleaf.standard.processor.StandardRemovableAttributeTagProcessor
[THYMELEAF]             * [* {th:archive,data-th-archive}] [1000]: karate.org.thymeleaf.standard.processor.StandardRemovableAttributeTagProcessor
[THYMELEAF]             * [* {th:charset,data-th-charset}] [1000]: karate.org.thymeleaf.standard.processor.StandardRemovableAttributeTagProcessor
[THYMELEAF]             * [* {th:challenge,data-th-challenge}] [1000]: karate.org.thymeleaf.standard.processor.StandardRemovableAttributeTagProcessor
[THYMELEAF]             * [* {th:formmethod,data-th-formmethod}] [1000]: karate.org.thymeleaf.standard.processor.StandardRemovableAttributeTagProcessor
[THYMELEAF]             * [* {th:rowspan,data-th-rowspan}] [1000]: karate.org.thymeleaf.standard.processor.StandardRemovableAttributeTagProcessor
[THYMELEAF]             * [* {th:cellpadding,data-th-cellpadding}] [1000]: karate.org.thymeleaf.standard.processor.StandardRemovableAttributeTagProcessor
[THYMELEAF]             * [* {th:data,data-th-data}] [1000]: karate.org.thymeleaf.standard.processor.StandardRemovableAttributeTagProcessor
[THYMELEAF]             * [* {th:for,data-th-for}] [1000]: karate.org.thymeleaf.standard.processor.StandardRemovableAttributeTagProcessor
[THYMELEAF]             * [* {th:bgcolor,data-th-bgcolor}] [1000]: karate.org.thymeleaf.standard.processor.StandardRemovableAttributeTagProcessor
[THYMELEAF]             * [* {th:cols,data-th-cols}] [1000]: karate.org.thymeleaf.standard.processor.StandardRemovableAttributeTagProcessor
[THYMELEAF]             * [* {th:span,data-th-span}] [1000]: karate.org.thymeleaf.standard.processor.StandardRemovableAttributeTagProcessor
[THYMELEAF]             * [* {th:audio,data-th-audio}] [1000]: karate.org.thymeleaf.standard.processor.StandardRemovableAttributeTagProcessor
[THYMELEAF]             * [* {th:content,data-th-content}] [1000]: karate.org.thymeleaf.standard.processor.StandardRemovableAttributeTagProcessor
[THYMELEAF]             * [* {th:cellspacing,data-th-cellspacing}] [1000]: karate.org.thymeleaf.standard.processor.StandardRemovableAttributeTagProcessor
[THYMELEAF]             * [* {th:manifest,data-th-manifest}] [1000]: karate.org.thymeleaf.standard.processor.StandardRemovableAttributeTagProcessor
[THYMELEAF]             * [* {th:maxlength,data-th-maxlength}] [1000]: karate.org.thymeleaf.standard.processor.StandardRemovableAttributeTagProcessor
[THYMELEAF]             * [* {th:size,data-th-size}] [1000]: karate.org.thymeleaf.standard.processor.StandardRemovableAttributeTagProcessor
[THYMELEAF]             * [* {th:contextmenu,data-th-contextmenu}] [1000]: karate.org.thymeleaf.standard.processor.StandardRemovableAttributeTagProcessor
[THYMELEAF]             * [* {th:sizes,data-th-sizes}] [1000]: karate.org.thymeleaf.standard.processor.StandardRemovableAttributeTagProcessor
[THYMELEAF]             * [* {th:compact,data-th-compact}] [1000]: karate.org.thymeleaf.standard.processor.StandardRemovableAttributeTagProcessor
[THYMELEAF]             * [* {th:preload,data-th-preload}] [1000]: karate.org.thymeleaf.standard.processor.StandardRemovableAttributeTagProcessor
[THYMELEAF]             * [* {th:draggable,data-th-draggable}] [1000]: karate.org.thymeleaf.standard.processor.StandardRemovableAttributeTagProcessor
[THYMELEAF]             * [* {th:cite,data-th-cite}] [1000]: karate.org.thymeleaf.standard.processor.StandardRemovableAttributeTagProcessor
[THYMELEAF]             * [* {th:step,data-th-step}] [1000]: karate.org.thymeleaf.standard.processor.StandardRemovableAttributeTagProcessor
[THYMELEAF]             * [* {th:datetime,data-th-datetime}] [1000]: karate.org.thymeleaf.standard.processor.StandardRemovableAttributeTagProcessor
[THYMELEAF]             * [* {th:low,data-th-low}] [1000]: karate.org.thymeleaf.standard.processor.StandardRemovableAttributeTagProcessor
[THYMELEAF]             * [* {th:autocomplete,data-th-autocomplete}] [1000]: karate.org.thymeleaf.standard.processor.StandardRemovableAttributeTagProcessor
[THYMELEAF]             * [* {th:title,data-th-title}] [1000]: karate.org.thymeleaf.standard.processor.StandardRemovableAttributeTagProcessor
[THYMELEAF]             * [* {th:id,data-th-id}] [1000]: karate.org.thymeleaf.standard.processor.StandardRemovableAttributeTagProcessor
[THYMELEAF]             * [* {th:src,data-th-src}] [1000]: karate.org.thymeleaf.standard.processor.StandardSrcTagProcessor
[THYMELEAF]             * [* {th:value,data-th-value}] [1000]: karate.org.thymeleaf.standard.processor.StandardValueTagProcessor
[THYMELEAF]             * [* {th:xmlbase,data-th-xmlbase}] [1000]: karate.org.thymeleaf.standard.processor.StandardXmlBaseTagProcessor
[THYMELEAF]             * [* {th:xmllang,data-th-xmllang}] [1000]: karate.org.thymeleaf.standard.processor.StandardXmlLangTagProcessor
[THYMELEAF]             * [* {xmlns:th}] [1000]: karate.org.thymeleaf.standard.processor.StandardXmlNsTagProcessor
[THYMELEAF]             * [* {th:xmlspace,data-th-xmlspace}] [1000]: karate.org.thymeleaf.standard.processor.StandardXmlSpaceTagProcessor
[THYMELEAF]             * [* {th:classappend,data-th-classappend}] [1100]: karate.org.thymeleaf.standard.processor.StandardClassappendTagProcessor
[THYMELEAF]             * [* {th:styleappend,data-th-styleappend}] [1100]: karate.org.thymeleaf.standard.processor.StandardStyleappendTagProcessor
[THYMELEAF]             * [* {th:text,data-th-text}] [1300]: karate.org.thymeleaf.standard.processor.StandardTextTagProcessor
[THYMELEAF]             * [* {th:utext,data-th-utext}] [1400]: karate.org.thymeleaf.standard.processor.StandardUtextTagProcessor
[THYMELEAF]             * [* {th:fragment,data-th-fragment}] [1500]: karate.org.thymeleaf.standard.processor.StandardFragmentTagProcessor
[THYMELEAF]             * [* {th:assert,data-th-assert}] [1550]: karate.org.thymeleaf.standard.processor.StandardAssertTagProcessor
[THYMELEAF]             * [* {th:remove,data-th-remove}] [1600]: karate.org.thymeleaf.standard.processor.StandardRemoveTagProcessor
[THYMELEAF]             * [* {th:ref,data-th-ref}] [10000]: karate.org.thymeleaf.standard.processor.StandardRefAttributeTagProcessor
[THYMELEAF]             * [{th:block,th-block} *] [100000]: karate.org.thymeleaf.standard.processor.StandardBlockTagProcessor
[THYMELEAF]             * [* th:*] [2147483647]: karate.org.thymeleaf.standard.processor.StandardDefaultAttributesTagProcessor
[THYMELEAF]         * Text Processors by [precedence]:
[THYMELEAF]             * [1000]: karate.org.thymeleaf.standard.processor.StandardInliningTextProcessor
[THYMELEAF]         * DOCTYPE Processors by [precedence]:
[THYMELEAF]             * [1000]: karate.org.thymeleaf.standard.processor.StandardTranslationDocTypeProcessor
[THYMELEAF]         * CDATA Section Processors by [precedence]:
[THYMELEAF]             * [1000]: karate.org.thymeleaf.standard.processor.StandardInliningCDATASectionProcessor
[THYMELEAF]         * Comment Processors by [precedence]:
[THYMELEAF]             * [1000]: karate.org.thymeleaf.standard.processor.StandardInliningCommentProcessor
[THYMELEAF]             * [1100]: karate.org.thymeleaf.standard.processor.StandardConditionalCommentProcessor
[THYMELEAF]     * Processors for Template Mode: XML
[THYMELEAF]         * Element Tag Processors by [matching element and attribute name] [precedence]:
[THYMELEAF]             * [* {th:include}] [100]: karate.org.thymeleaf.standard.processor.StandardIncludeTagProcessor
[THYMELEAF]             * [* {th:insert}] [100]: karate.org.thymeleaf.standard.processor.StandardInsertTagProcessor
[THYMELEAF]             * [* {th:replace}] [100]: karate.org.thymeleaf.standard.processor.StandardReplaceTagProcessor
[THYMELEAF]             * [* {th:substituteby}] [100]: karate.org.thymeleaf.standard.processor.StandardSubstituteByTagProcessor
[THYMELEAF]             * [* {th:each}] [200]: com.intuit.karate.template.KarateEachTagProcessor
[THYMELEAF]             * [* {th:switch}] [250]: karate.org.thymeleaf.standard.processor.StandardSwitchTagProcessor
[THYMELEAF]             * [* {th:case}] [275]: karate.org.thymeleaf.standard.processor.StandardCaseTagProcessor
[THYMELEAF]             * [* {th:if}] [300]: karate.org.thymeleaf.standard.processor.StandardIfTagProcessor
[THYMELEAF]             * [* {th:unless}] [400]: karate.org.thymeleaf.standard.processor.StandardUnlessTagProcessor
[THYMELEAF]             * [* {th:object}] [500]: karate.org.thymeleaf.standard.processor.StandardObjectTagProcessor
[THYMELEAF]             * [* {th:with}] [600]: com.intuit.karate.template.KarateWithTagProcessor
[THYMELEAF]             * [* {th:attr}] [700]: com.intuit.karate.template.KarateAttributeTagProcessor.KarateAttrTagProcessor
[THYMELEAF]             * [* {th:attrappend}] [900]: com.intuit.karate.template.KarateAttributeTagProcessor.KarateAttrappendTagProcessor
[THYMELEAF]             * [* {th:attrprepend}] [900]: com.intuit.karate.template.KarateAttributeTagProcessor.KarateAttrprependTagProcessor
[THYMELEAF]             * [* {th:inline}] [1000]: karate.org.thymeleaf.standard.processor.StandardInlineXMLTagProcessor
[THYMELEAF]             * [* {xmlns:th}] [1000]: karate.org.thymeleaf.standard.processor.StandardXmlNsTagProcessor
[THYMELEAF]             * [* {th:text}] [1300]: karate.org.thymeleaf.standard.processor.StandardTextTagProcessor
[THYMELEAF]             * [* {th:utext}] [1400]: karate.org.thymeleaf.standard.processor.StandardUtextTagProcessor
[THYMELEAF]             * [* {th:fragment}] [1500]: karate.org.thymeleaf.standard.processor.StandardFragmentTagProcessor
[THYMELEAF]             * [* {th:assert}] [1550]: karate.org.thymeleaf.standard.processor.StandardAssertTagProcessor
[THYMELEAF]             * [* {th:remove}] [1600]: karate.org.thymeleaf.standard.processor.StandardRemoveTagProcessor
[THYMELEAF]             * [* {th:ref}] [10000]: karate.org.thymeleaf.standard.processor.StandardRefAttributeTagProcessor
[THYMELEAF]             * [{th:block} *] [100000]: karate.org.thymeleaf.standard.processor.StandardBlockTagProcessor
[THYMELEAF]             * [* th:*] [2147483647]: karate.org.thymeleaf.standard.processor.StandardDefaultAttributesTagProcessor
[THYMELEAF]         * Text Processors by [precedence]:
[THYMELEAF]             * [1000]: karate.org.thymeleaf.standard.processor.StandardInliningTextProcessor
[THYMELEAF]         * CDATA Section Processors by [precedence]:
[THYMELEAF]             * [1000]: karate.org.thymeleaf.standard.processor.StandardInliningCDATASectionProcessor
[THYMELEAF]         * Comment Processors by [precedence]:
[THYMELEAF]             * [1000]: karate.org.thymeleaf.standard.processor.StandardInliningCommentProcessor
[THYMELEAF]     * Processors for Template Mode: TEXT
[THYMELEAF]         * Element Tag Processors by [matching element and attribute name] [precedence]:
[THYMELEAF]             * [* {th:insert}] [100]: karate.org.thymeleaf.standard.processor.StandardInsertTagProcessor
[THYMELEAF]             * [* {th:replace}] [100]: karate.org.thymeleaf.standard.processor.StandardReplaceTagProcessor
[THYMELEAF]             * [* {th:each}] [200]: com.intuit.karate.template.KarateEachTagProcessor
[THYMELEAF]             * [* {th:switch}] [250]: karate.org.thymeleaf.standard.processor.StandardSwitchTagProcessor
[THYMELEAF]             * [* {th:case}] [275]: karate.org.thymeleaf.standard.processor.StandardCaseTagProcessor
[THYMELEAF]             * [* {th:if}] [300]: karate.org.thymeleaf.standard.processor.StandardIfTagProcessor
[THYMELEAF]             * [* {th:unless}] [400]: karate.org.thymeleaf.standard.processor.StandardUnlessTagProcessor
[THYMELEAF]             * [* {th:object}] [500]: karate.org.thymeleaf.standard.processor.StandardObjectTagProcessor
[THYMELEAF]             * [* {th:with}] [600]: com.intuit.karate.template.KarateWithTagProcessor
[THYMELEAF]             * [* {th:inline}] [1000]: karate.org.thymeleaf.standard.processor.StandardInlineTextualTagProcessor
[THYMELEAF]             * [* {th:text}] [1300]: karate.org.thymeleaf.standard.processor.StandardTextTagProcessor
[THYMELEAF]             * [* {th:utext}] [1400]: karate.org.thymeleaf.standard.processor.StandardUtextTagProcessor
[THYMELEAF]             * [* {th:assert}] [1550]: karate.org.thymeleaf.standard.processor.StandardAssertTagProcessor
[THYMELEAF]             * [* {th:remove}] [1600]: karate.org.thymeleaf.standard.processor.StandardRemoveTagProcessor
[THYMELEAF]             * [* 100000] [karate.org.thymeleaf.standard.processor.StandardBlockTagProcessor]: {}
[THYMELEAF]             * [{th:block} *] [100000]: karate.org.thymeleaf.standard.processor.StandardBlockTagProcessor
[THYMELEAF]         * Text Processors by [precedence]:
[THYMELEAF]             * [1000]: karate.org.thymeleaf.standard.processor.StandardInliningTextProcessor
[THYMELEAF]     * Processors for Template Mode: JAVASCRIPT
[THYMELEAF]         * Element Tag Processors by [matching element and attribute name] [precedence]:
[THYMELEAF]             * [* {th:insert}] [100]: karate.org.thymeleaf.standard.processor.StandardInsertTagProcessor
[THYMELEAF]             * [* {th:replace}] [100]: karate.org.thymeleaf.standard.processor.StandardReplaceTagProcessor
[THYMELEAF]             * [* {th:each}] [200]: com.intuit.karate.template.KarateEachTagProcessor
[THYMELEAF]             * [* {th:switch}] [250]: karate.org.thymeleaf.standard.processor.StandardSwitchTagProcessor
[THYMELEAF]             * [* {th:case}] [275]: karate.org.thymeleaf.standard.processor.StandardCaseTagProcessor
[THYMELEAF]             * [* {th:if}] [300]: karate.org.thymeleaf.standard.processor.StandardIfTagProcessor
[THYMELEAF]             * [* {th:unless}] [400]: karate.org.thymeleaf.standard.processor.StandardUnlessTagProcessor
[THYMELEAF]             * [* {th:object}] [500]: karate.org.thymeleaf.standard.processor.StandardObjectTagProcessor
[THYMELEAF]             * [* {th:with}] [600]: com.intuit.karate.template.KarateWithTagProcessor
[THYMELEAF]             * [* {th:inline}] [1000]: karate.org.thymeleaf.standard.processor.StandardInlineTextualTagProcessor
[THYMELEAF]             * [* {th:text}] [1300]: karate.org.thymeleaf.standard.processor.StandardTextTagProcessor
[THYMELEAF]             * [* {th:utext}] [1400]: karate.org.thymeleaf.standard.processor.StandardUtextTagProcessor
[THYMELEAF]             * [* {th:assert}] [1550]: karate.org.thymeleaf.standard.processor.StandardAssertTagProcessor
[THYMELEAF]             * [* {th:remove}] [1600]: karate.org.thymeleaf.standard.processor.StandardRemoveTagProcessor
[THYMELEAF]             * [{th:block} *] [100000]: karate.org.thymeleaf.standard.processor.StandardBlockTagProcessor
[THYMELEAF]             * [* 100000] [karate.org.thymeleaf.standard.processor.StandardBlockTagProcessor]: {}
[THYMELEAF]         * Text Processors by [precedence]:
[THYMELEAF]             * [1000]: karate.org.thymeleaf.standard.processor.StandardInliningTextProcessor
[THYMELEAF]     * Processors for Template Mode: CSS
[THYMELEAF]         * Element Tag Processors by [matching element and attribute name] [precedence]:
[THYMELEAF]             * [* {th:insert}] [100]: karate.org.thymeleaf.standard.processor.StandardInsertTagProcessor
[THYMELEAF]             * [* {th:replace}] [100]: karate.org.thymeleaf.standard.processor.StandardReplaceTagProcessor
[THYMELEAF]             * [* {th:each}] [200]: com.intuit.karate.template.KarateEachTagProcessor
[THYMELEAF]             * [* {th:switch}] [250]: karate.org.thymeleaf.standard.processor.StandardSwitchTagProcessor
[THYMELEAF]             * [* {th:case}] [275]: karate.org.thymeleaf.standard.processor.StandardCaseTagProcessor
[THYMELEAF]             * [* {th:if}] [300]: karate.org.thymeleaf.standard.processor.StandardIfTagProcessor
[THYMELEAF]             * [* {th:unless}] [400]: karate.org.thymeleaf.standard.processor.StandardUnlessTagProcessor
[THYMELEAF]             * [* {th:object}] [500]: karate.org.thymeleaf.standard.processor.StandardObjectTagProcessor
[THYMELEAF]             * [* {th:with}] [600]: com.intuit.karate.template.KarateWithTagProcessor
[THYMELEAF]             * [* {th:inline}] [1000]: karate.org.thymeleaf.standard.processor.StandardInlineTextualTagProcessor
[THYMELEAF]             * [* {th:text}] [1300]: karate.org.thymeleaf.standard.processor.StandardTextTagProcessor
[THYMELEAF]             * [* {th:utext}] [1400]: karate.org.thymeleaf.standard.processor.StandardUtextTagProcessor
[THYMELEAF]             * [* {th:assert}] [1550]: karate.org.thymeleaf.standard.processor.StandardAssertTagProcessor
[THYMELEAF]             * [* {th:remove}] [1600]: karate.org.thymeleaf.standard.processor.StandardRemoveTagProcessor
[THYMELEAF]             * [* 100000] [karate.org.thymeleaf.standard.processor.StandardBlockTagProcessor]: {}
[THYMELEAF]             * [{th:block} *] [100000]: karate.org.thymeleaf.standard.processor.StandardBlockTagProcessor
[THYMELEAF]         * Text Processors by [precedence]:
[THYMELEAF]             * [1000]: karate.org.thymeleaf.standard.processor.StandardInliningTextProcessor
[THYMELEAF]     * Expression Objects:
[THYMELEAF]         * #ctx
[THYMELEAF]         * #root
[THYMELEAF]         * #vars
[THYMELEAF]         * #object
[THYMELEAF]         * #locale
[THYMELEAF]         * #request
[THYMELEAF]         * #response
[THYMELEAF]         * #session
[THYMELEAF]         * #servletContext
[THYMELEAF]         * #conversions
[THYMELEAF]         * #uris
[THYMELEAF]         * #calendars
[THYMELEAF]         * #dates
[THYMELEAF]         * #bools
[THYMELEAF]         * #numbers
[THYMELEAF]         * #objects
[THYMELEAF]         * #strings
[THYMELEAF]         * #arrays
[THYMELEAF]         * #lists
[THYMELEAF]         * #sets
[THYMELEAF]         * #maps
[THYMELEAF]         * #aggregates
[THYMELEAF]         * #messages
[THYMELEAF]         * #ids
[THYMELEAF]         * #execInfo
[THYMELEAF]         * #httpServletRequest
[THYMELEAF]         * #httpSession
[THYMELEAF]     * Execution Attributes:
[THYMELEAF]         * "StandardExpressionParser": com.intuit.karate.template.KarateStandardDialect@b841713
[THYMELEAF]         * "StandardJavaScriptSerializer": karate.org.thymeleaf.standard.serializer.StandardJavaScriptSerializer@7ee2423
[THYMELEAF]         * "StandardCSSSerializer": karate.org.thymeleaf.standard.serializer.StandardCSSSerializer@343d1d25
[THYMELEAF]         * "StandardVariableExpressionEvaluator": com.intuit.karate.template.KarateStandardDialect@b841713
[THYMELEAF]         * "StandardConversionService": karate.org.thymeleaf.standard.expression.StandardConversionService@762da62b
[THYMELEAF] * Dialect [2 of 2]: karate (com.intuit.karate.template.KarateScriptDialect)
[THYMELEAF]     * Prefix: "ka"
[THYMELEAF]     * Processors for Template Mode: HTML
[THYMELEAF]         * Element Tag Processors by [matching element and attribute name] [precedence]:
[THYMELEAF]             * [* {src}] [1000]: com.intuit.karate.template.KaScriptAttrProcessor
[THYMELEAF]         * Element Model Processors by [matching element and attribute name] [precedence]:
[THYMELEAF]             * [{script} {ka:scope,data-ka-scope}] [1000]: com.intuit.karate.template.KaScriptElemProcessor
[THYMELEAF]             * [* {ka:set,data-ka-set}] [1000]: com.intuit.karate.template.KaSetElemProcessor
[THYMELEAF] TEMPLATE ENGINE CONFIGURED OK
20:02:07.653 [main] DEBUG karate.org.thymeleaf.TemplateEngine - [THYMELEAF] TEMPLATE ENGINE INITIALIZED
---------------------------------------------------------
feature: classpath:com/big/features/APIfeatures/SCU/FIS-SAPI/FIS-SAPI.feature
scenarios:  3 | passed:  0 | failed:  3 | time: 0.0000
---------------------------------------------------------

20:02:07.702 [main] INFO com.intuit.karate.Suite - <<fail>> feature 8 of 12 (0 remaining) classpath:com/big/features/APIfeatures/SCU/FIS-SAPI/FIS-SAPI.feature
20:02:07.716 [main] DEBUG com.jayway.jsonpath.internal.path.CompiledPath - Evaluating path: $
20:02:07.718 [main] ERROR com.intuit.karate - classpath:com/big/features/APIfeatures/SCU/FISSSO-XAPI/Read_Token_Read_Card.feature:8
* def result = call read(../Village Branch Service XAPI/Village_Branch_XAPI.feature)
js failed:
>>>>
01: read(../Village Branch Service XAPI/Village_Branch_XAPI.feature)
<<<<
org.graalvm.polyglot.PolyglotException: SyntaxError: Unnamed:1:5 Expected an operand but found .
read(../Village Branch Service XAPI/Village_Branch_XAPI.feature)
     ^

- org.graalvm.polyglot.Context.eval(Context.java:425)
- com.intuit.karate.graal.JsEngine.evalForValue(JsEngine.java:141)
- com.intuit.karate.graal.JsEngine.eval(JsEngine.java:137)
- com.intuit.karate.core.ScenarioEngine.evalJs(ScenarioEngine.java:1344)
- com.intuit.karate.core.ScenarioEngine.evalKarateExpression(ScenarioEngine.java:2373)
- com.intuit.karate.core.ScenarioEngine.evalKarateExpression(ScenarioEngine.java:2292)
- com.intuit.karate.core.ScenarioEngine.call(ScenarioEngine.java:2056)

classpath:com/big/features/APIfeatures/SCU/FISSSO-XAPI/Read_Token_Read_Card.feature:8
20:02:07.725 [main] DEBUG karate.org.thymeleaf.TemplateEngine - [THYMELEAF] INITIALIZING TEMPLATE ENGINE
20:02:07.735 [main] DEBUG karate.org.thymeleaf.TemplateEngine.CONFIG - Initializing Thymeleaf Template engine configuration...
[THYMELEAF] TEMPLATE ENGINE CONFIGURATION:
[THYMELEAF] * Thymeleaf version: 3.0.14.RELEASE (built 2021-12-08T00:45:29+0000)
[THYMELEAF] * Cache Manager implementation: karate.org.thymeleaf.cache.StandardCacheManager
[THYMELEAF] * Template resolvers:
[THYMELEAF]     * [1] com.intuit.karate.template.ResourceHtmlTemplateResolver
[THYMELEAF] * Message resolvers:
[THYMELEAF]     * karate.org.thymeleaf.messageresolver.StandardMessageResolver
[THYMELEAF] * Link builders:
[THYMELEAF]     * karate.org.thymeleaf.linkbuilder.StandardLinkBuilder
[THYMELEAF] * Dialect [1 of 2]: Standard (com.intuit.karate.template.KarateStandardDialect)
[THYMELEAF]     * Prefix: "th"
[THYMELEAF]     * Processors for Template Mode: HTML
[THYMELEAF]         * Element Tag Processors by [matching element and attribute name] [precedence]:
[THYMELEAF]             * [* {th:include,data-th-include}] [100]: karate.org.thymeleaf.standard.processor.StandardIncludeTagProcessor
[THYMELEAF]             * [* {th:insert,data-th-insert}] [100]: karate.org.thymeleaf.standard.processor.StandardInsertTagProcessor
[THYMELEAF]             * [* {th:replace,data-th-replace}] [100]: karate.org.thymeleaf.standard.processor.StandardReplaceTagProcessor
[THYMELEAF]             * [* {th:substituteby,data-th-substituteby}] [100]: karate.org.thymeleaf.standard.processor.StandardSubstituteByTagProcessor
[THYMELEAF]             * [* {th:each,data-th-each}] [200]: com.intuit.karate.template.KarateEachTagProcessor
[THYMELEAF]             * [* {th:switch,data-th-switch}] [250]: karate.org.thymeleaf.standard.processor.StandardSwitchTagProcessor
[THYMELEAF]             * [* {th:case,data-th-case}] [275]: karate.org.thymeleaf.standard.processor.StandardCaseTagProcessor
[THYMELEAF]             * [* {th:if,data-th-if}] [300]: karate.org.thymeleaf.standard.processor.StandardIfTagProcessor
[THYMELEAF]             * [* {th:unless,data-th-unless}] [400]: karate.org.thymeleaf.standard.processor.StandardUnlessTagProcessor
[THYMELEAF]             * [* {th:object,data-th-object}] [500]: karate.org.thymeleaf.standard.processor.StandardObjectTagProcessor
[THYMELEAF]             * [* {th:with,data-th-with}] [600]: com.intuit.karate.template.KarateWithTagProcessor
[THYMELEAF]             * [* {th:attr,data-th-attr}] [700]: com.intuit.karate.template.KarateAttributeTagProcessor.KarateAttrTagProcessor
[THYMELEAF]             * [* {th:attrappend,data-th-attrappend}] [900]: com.intuit.karate.template.KarateAttributeTagProcessor.KarateAttrappendTagProcessor
[THYMELEAF]             * [* {th:attrprepend,data-th-attrprepend}] [900]: com.intuit.karate.template.KarateAttributeTagProcessor.KarateAttrprependTagProcessor
[THYMELEAF]             * [* {th:alt-title,data-th-alt-title}] [990]: karate.org.thymeleaf.standard.processor.StandardAltTitleTagProcessor
[THYMELEAF]             * [* {th:lang-xmllang,data-th-lang-xmllang}] [990]: karate.org.thymeleaf.standard.processor.StandardLangXmlLangTagProcessor
[THYMELEAF]             * [* {th:action,data-th-action}] [1000]: karate.org.thymeleaf.standard.processor.StandardActionTagProcessor
[THYMELEAF]             * [* {th:seamless,data-th-seamless}] [1000]: karate.org.thymeleaf.standard.processor.StandardConditionalFixedValueTagProcessor
[THYMELEAF]             * [* {th:async,data-th-async}] [1000]: karate.org.thymeleaf.standard.processor.StandardConditionalFixedValueTagProcessor
[THYMELEAF]             * [* {th:defer,data-th-defer}] [1000]: karate.org.thymeleaf.standard.processor.StandardConditionalFixedValueTagProcessor
[THYMELEAF]             * [* {th:controls,data-th-controls}] [1000]: karate.org.thymeleaf.standard.processor.StandardConditionalFixedValueTagProcessor
[THYMELEAF]             * [* {th:default,data-th-default}] [1000]: karate.org.thymeleaf.standard.processor.StandardConditionalFixedValueTagProcessor
[THYMELEAF]             * [* {th:autofocus,data-th-autofocus}] [1000]: karate.org.thymeleaf.standard.processor.StandardConditionalFixedValueTagProcessor
[THYMELEAF]             * [* {th:checked,data-th-checked}] [1000]: karate.org.thymeleaf.standard.processor.StandardConditionalFixedValueTagProcessor
[THYMELEAF]             * [* {th:formnovalidate,data-th-formnovalidate}] [1000]: karate.org.thymeleaf.standard.processor.StandardConditionalFixedValueTagProcessor
[THYMELEAF]             * [* {th:readonly,data-th-readonly}] [1000]: karate.org.thymeleaf.standard.processor.StandardConditionalFixedValueTagProcessor
[THYMELEAF]             * [* {th:hidden,data-th-hidden}] [1000]: karate.org.thymeleaf.standard.processor.StandardConditionalFixedValueTagProcessor
[THYMELEAF]             * [* {th:open,data-th-open}] [1000]: karate.org.thymeleaf.standard.processor.StandardConditionalFixedValueTagProcessor
[THYMELEAF]             * [* {th:reversed,data-th-reversed}] [1000]: karate.org.thymeleaf.standard.processor.StandardConditionalFixedValueTagProcessor
[THYMELEAF]             * [* {th:declare,data-th-declare}] [1000]: karate.org.thymeleaf.standard.processor.StandardConditionalFixedValueTagProcessor
[THYMELEAF]             * [* {th:novalidate,data-th-novalidate}] [1000]: karate.org.thymeleaf.standard.processor.StandardConditionalFixedValueTagProcessor
[THYMELEAF]             * [* {th:required,data-th-required}] [1000]: karate.org.thymeleaf.standard.processor.StandardConditionalFixedValueTagProcessor
[THYMELEAF]             * [* {th:ismap,data-th-ismap}] [1000]: karate.org.thymeleaf.standard.processor.StandardConditionalFixedValueTagProcessor
[THYMELEAF]             * [* {th:scoped,data-th-scoped}] [1000]: karate.org.thymeleaf.standard.processor.StandardConditionalFixedValueTagProcessor
[THYMELEAF]             * [* {th:multiple,data-th-multiple}] [1000]: karate.org.thymeleaf.standard.processor.StandardConditionalFixedValueTagProcessor
[THYMELEAF]             * [* {th:autoplay,data-th-autoplay}] [1000]: karate.org.thymeleaf.standard.processor.StandardConditionalFixedValueTagProcessor
[THYMELEAF]             * [* {th:disabled,data-th-disabled}] [1000]: karate.org.thymeleaf.standard.processor.StandardConditionalFixedValueTagProcessor
[THYMELEAF]             * [* {th:selected,data-th-selected}] [1000]: karate.org.thymeleaf.standard.processor.StandardConditionalFixedValueTagProcessor
[THYMELEAF]             * [* {th:nowrap,data-th-nowrap}] [1000]: karate.org.thymeleaf.standard.processor.StandardConditionalFixedValueTagProcessor
[THYMELEAF]             * [* {th:loop,data-th-loop}] [1000]: karate.org.thymeleaf.standard.processor.StandardConditionalFixedValueTagProcessor
[THYMELEAF]             * [* {th:pubdate,data-th-pubdate}] [1000]: karate.org.thymeleaf.standard.processor.StandardConditionalFixedValueTagProcessor
[THYMELEAF]             * [* {th:onerror,data-th-onerror}] [1000]: karate.org.thymeleaf.standard.processor.StandardDOMEventAttributeTagProcessor
[THYMELEAF]             * [* {th:onloadedmetadata,data-th-onloadedmetadata}] [1000]: karate.org.thymeleaf.standard.processor.StandardDOMEventAttributeTagProcessor
[THYMELEAF]             * [* {th:onmousemove,data-th-onmousemove}] [1000]: karate.org.thymeleaf.standard.processor.StandardDOMEventAttributeTagProcessor
[THYMELEAF]             * [* {th:ontimeupdate,data-th-ontimeupdate}] [1000]: karate.org.thymeleaf.standard.processor.StandardDOMEventAttributeTagProcessor
[THYMELEAF]             * [* {th:onabort,data-th-onabort}] [1000]: karate.org.thymeleaf.standard.processor.StandardDOMEventAttributeTagProcessor
[THYMELEAF]             * [* {th:onmessage,data-th-onmessage}] [1000]: karate.org.thymeleaf.standard.processor.StandardDOMEventAttributeTagProcessor
[THYMELEAF]             * [* {th:onclick,data-th-onclick}] [1000]: karate.org.thymeleaf.standard.processor.StandardDOMEventAttributeTagProcessor
[THYMELEAF]             * [* {th:onloadeddata,data-th-onloadeddata}] [1000]: karate.org.thymeleaf.standard.processor.StandardDOMEventAttributeTagProcessor
[THYMELEAF]             * [* {th:ondragend,data-th-ondragend}] [1000]: karate.org.thymeleaf.standard.processor.StandardDOMEventAttributeTagProcessor
[THYMELEAF]             * [* {th:onsubmit,data-th-onsubmit}] [1000]: karate.org.thymeleaf.standard.processor.StandardDOMEventAttributeTagProcessor
[THYMELEAF]             * [* {th:onscroll,data-th-onscroll}] [1000]: karate.org.thymeleaf.standard.processor.StandardDOMEventAttributeTagProcessor
[THYMELEAF]             * [* {th:onended,data-th-onended}] [1000]: karate.org.thymeleaf.standard.processor.StandardDOMEventAttributeTagProcessor
[THYMELEAF]             * [* {th:onresize,data-th-onresize}] [1000]: karate.org.thymeleaf.standard.processor.StandardDOMEventAttributeTagProcessor
[THYMELEAF]             * [* {th:ondragleave,data-th-ondragleave}] [1000]: karate.org.thymeleaf.standard.processor.StandardDOMEventAttributeTagProcessor
[THYMELEAF]             * [* {th:onstorage,data-th-onstorage}] [1000]: karate.org.thymeleaf.standard.processor.StandardDOMEventAttributeTagProcessor
[THYMELEAF]             * [* {th:onemptied,data-th-onemptied}] [1000]: karate.org.thymeleaf.standard.processor.StandardDOMEventAttributeTagProcessor
[THYMELEAF]             * [* {th:ondblclick,data-th-ondblclick}] [1000]: karate.org.thymeleaf.standard.processor.StandardDOMEventAttributeTagProcessor
[THYMELEAF]             * [* {th:oncanplay,data-th-oncanplay}] [1000]: karate.org.thymeleaf.standard.processor.StandardDOMEventAttributeTagProcessor
[THYMELEAF]             * [* {th:ondurationchange,data-th-ondurationchange}] [1000]: karate.org.thymeleaf.standard.processor.StandardDOMEventAttributeTagProcessor
[THYMELEAF]             * [* {th:onbeforeprint,data-th-onbeforeprint}] [1000]: karate.org.thymeleaf.standard.processor.StandardDOMEventAttributeTagProcessor
[THYMELEAF]             * [* {th:onstalled,data-th-onstalled}] [1000]: karate.org.thymeleaf.standard.processor.StandardDOMEventAttributeTagProcessor
[THYMELEAF]             * [* {th:ondrop,data-th-ondrop}] [1000]: karate.org.thymeleaf.standard.processor.StandardDOMEventAttributeTagProcessor
[THYMELEAF]             * [* {th:onbeforeunload,data-th-onbeforeunload}] [1000]: karate.org.thymeleaf.standard.processor.StandardDOMEventAttributeTagProcessor
[THYMELEAF]             * [* {th:onkeypress,data-th-onkeypress}] [1000]: karate.org.thymeleaf.standard.processor.StandardDOMEventAttributeTagProcessor
[THYMELEAF]             * [* {th:oncontextmenu,data-th-oncontextmenu}] [1000]: karate.org.thymeleaf.standard.processor.StandardDOMEventAttributeTagProcessor
[THYMELEAF]             * [* {th:oninput,data-th-oninput}] [1000]: karate.org.thymeleaf.standard.processor.StandardDOMEventAttributeTagProcessor
[THYMELEAF]             * [* {th:ononline,data-th-ononline}] [1000]: karate.org.thymeleaf.standard.processor.StandardDOMEventAttributeTagProcessor
[THYMELEAF]             * [* {th:oninvalid,data-th-oninvalid}] [1000]: karate.org.thymeleaf.standard.processor.StandardDOMEventAttributeTagProcessor
[THYMELEAF]             * [* {th:onmouseout,data-th-onmouseout}] [1000]: karate.org.thymeleaf.standard.processor.StandardDOMEventAttributeTagProcessor
[THYMELEAF]             * [* {th:ondrag,data-th-ondrag}] [1000]: karate.org.thymeleaf.standard.processor.StandardDOMEventAttributeTagProcessor
[THYMELEAF]             * [* {th:onseeking,data-th-onseeking}] [1000]: karate.org.thymeleaf.standard.processor.StandardDOMEventAttributeTagProcessor
[THYMELEAF]             * [* {th:onselect,data-th-onselect}] [1000]: karate.org.thymeleaf.standard.processor.StandardDOMEventAttributeTagProcessor
[THYMELEAF]             * [* {th:onwaiting,data-th-onwaiting}] [1000]: karate.org.thymeleaf.standard.processor.StandardDOMEventAttributeTagProcessor
[THYMELEAF]             * [* {th:onvolumechange,data-th-onvolumechange}] [1000]: karate.org.thymeleaf.standard.processor.StandardDOMEventAttributeTagProcessor
[THYMELEAF]             * [* {th:onprogress,data-th-onprogress}] [1000]: karate.org.thymeleaf.standard.processor.StandardDOMEventAttributeTagProcessor
[THYMELEAF]             * [* {th:onundo,data-th-onundo}] [1000]: karate.org.thymeleaf.standard.processor.StandardDOMEventAttributeTagProcessor
[THYMELEAF]             * [* {th:onratechange,data-th-onratechange}] [1000]: karate.org.thymeleaf.standard.processor.StandardDOMEventAttributeTagProcessor
[THYMELEAF]             * [* {th:onmousedown,data-th-onmousedown}] [1000]: karate.org.thymeleaf.standard.processor.StandardDOMEventAttributeTagProcessor
[THYMELEAF]             * [* {th:onpause,data-th-onpause}] [1000]: karate.org.thymeleaf.standard.processor.StandardDOMEventAttributeTagProcessor
[THYMELEAF]             * [* {th:onreadystatechange,data-th-onreadystatechange}] [1000]: karate.org.thymeleaf.standard.processor.StandardDOMEventAttributeTagProcessor
[THYMELEAF]             * [* {th:onoffline,data-th-onoffline}] [1000]: karate.org.thymeleaf.standard.processor.StandardDOMEventAttributeTagProcessor
[THYMELEAF]             * [* {th:onshow,data-th-onshow}] [1000]: karate.org.thymeleaf.standard.processor.StandardDOMEventAttributeTagProcessor
[THYMELEAF]             * [* {th:onformchange,data-th-onformchange}] [1000]: karate.org.thymeleaf.standard.processor.StandardDOMEventAttributeTagProcessor
[THYMELEAF]             * [* {th:onkeydown,data-th-onkeydown}] [1000]: karate.org.thymeleaf.standard.processor.StandardDOMEventAttributeTagProcessor
[THYMELEAF]             * [* {th:onplay,data-th-onplay}] [1000]: karate.org.thymeleaf.standard.processor.StandardDOMEventAttributeTagProcessor
[THYMELEAF]             * [* {th:onredo,data-th-onredo}] [1000]: karate.org.thymeleaf.standard.processor.StandardDOMEventAttributeTagProcessor
[THYMELEAF]             * [* {th:ondragover,data-th-ondragover}] [1000]: karate.org.thymeleaf.standard.processor.StandardDOMEventAttributeTagProcessor
[THYMELEAF]             * [* {th:onfocus,data-th-onfocus}] [1000]: karate.org.thymeleaf.standard.processor.StandardDOMEventAttributeTagProcessor
[THYMELEAF]             * [* {th:ondragstart,data-th-ondragstart}] [1000]: karate.org.thymeleaf.standard.processor.StandardDOMEventAttributeTagProcessor
[THYMELEAF]             * [* {th:onkeyup,data-th-onkeyup}] [1000]: karate.org.thymeleaf.standard.processor.StandardDOMEventAttributeTagProcessor
[THYMELEAF]             * [* {th:onseeked,data-th-onseeked}] [1000]: karate.org.thymeleaf.standard.processor.StandardDOMEventAttributeTagProcessor
[THYMELEAF]             * [* {th:onafterprint,data-th-onafterprint}] [1000]: karate.org.thymeleaf.standard.processor.StandardDOMEventAttributeTagProcessor
[THYMELEAF]             * [* {th:onmouseover,data-th-onmouseover}] [1000]: karate.org.thymeleaf.standard.processor.StandardDOMEventAttributeTagProcessor
[THYMELEAF]             * [* {th:onforminput,data-th-onforminput}] [1000]: karate.org.thymeleaf.standard.processor.StandardDOMEventAttributeTagProcessor
[THYMELEAF]             * [* {th:onunload,data-th-onunload}] [1000]: karate.org.thymeleaf.standard.processor.StandardDOMEventAttributeTagProcessor
[THYMELEAF]             * [* {th:onhashchange,data-th-onhashchange}] [1000]: karate.org.thymeleaf.standard.processor.StandardDOMEventAttributeTagProcessor
[THYMELEAF]             * [* {th:onreset,data-th-onreset}] [1000]: karate.org.thymeleaf.standard.processor.StandardDOMEventAttributeTagProcessor
[THYMELEAF]             * [* {th:onsuspend,data-th-onsuspend}] [1000]: karate.org.thymeleaf.standard.processor.StandardDOMEventAttributeTagProcessor
[THYMELEAF]             * [* {th:onloadstart,data-th-onloadstart}] [1000]: karate.org.thymeleaf.standard.processor.StandardDOMEventAttributeTagProcessor
[THYMELEAF]             * [* {th:onblur,data-th-onblur}] [1000]: karate.org.thymeleaf.standard.processor.StandardDOMEventAttributeTagProcessor
[THYMELEAF]             * [* {th:onchange,data-th-onchange}] [1000]: karate.org.thymeleaf.standard.processor.StandardDOMEventAttributeTagProcessor
[THYMELEAF]             * [* {th:onmousewheel,data-th-onmousewheel}] [1000]: karate.org.thymeleaf.standard.processor.StandardDOMEventAttributeTagProcessor
[THYMELEAF]             * [* {th:oncanplaythrough,data-th-oncanplaythrough}] [1000]: karate.org.thymeleaf.standard.processor.StandardDOMEventAttributeTagProcessor
[THYMELEAF]             * [* {th:onload,data-th-onload}] [1000]: karate.org.thymeleaf.standard.processor.StandardDOMEventAttributeTagProcessor
[THYMELEAF]             * [* {th:ondragenter,data-th-ondragenter}] [1000]: karate.org.thymeleaf.standard.processor.StandardDOMEventAttributeTagProcessor
[THYMELEAF]             * [* {th:onmouseup,data-th-onmouseup}] [1000]: karate.org.thymeleaf.standard.processor.StandardDOMEventAttributeTagProcessor
[THYMELEAF]             * [* {th:onpopstate,data-th-onpopstate}] [1000]: karate.org.thymeleaf.standard.processor.StandardDOMEventAttributeTagProcessor
[THYMELEAF]             * [* {th:onplaying,data-th-onplaying}] [1000]: karate.org.thymeleaf.standard.processor.StandardDOMEventAttributeTagProcessor
[THYMELEAF]             * [* {th:href,data-th-href}] [1000]: karate.org.thymeleaf.standard.processor.StandardHrefTagProcessor
[THYMELEAF]             * [* {th:inline,data-th-inline}] [1000]: karate.org.thymeleaf.standard.processor.StandardInlineHTMLTagProcessor
[THYMELEAF]             * [* {th:method,data-th-method}] [1000]: karate.org.thymeleaf.standard.processor.StandardMethodTagProcessor
[THYMELEAF]             * [* {th:type,data-th-type}] [1000]: karate.org.thymeleaf.standard.processor.StandardNonRemovableAttributeTagProcessor
[THYMELEAF]             * [* {th:name,data-th-name}] [1000]: karate.org.thymeleaf.standard.processor.StandardNonRemovableAttributeTagProcessor
[THYMELEAF]             * [* {th:list,data-th-list}] [1000]: karate.org.thymeleaf.standard.processor.StandardRemovableAttributeTagProcessor
[THYMELEAF]             * [* {th:axis,data-th-axis}] [1000]: karate.org.thymeleaf.standard.processor.StandardRemovableAttributeTagProcessor
[THYMELEAF]             * [* {th:srclang,data-th-srclang}] [1000]: karate.org.thymeleaf.standard.processor.StandardRemovableAttributeTagProcessor
[THYMELEAF]             * [* {th:start,data-th-start}] [1000]: karate.org.thymeleaf.standard.processor.StandardRemovableAttributeTagProcessor
[THYMELEAF]             * [* {th:target,data-th-target}] [1000]: karate.org.thymeleaf.standard.processor.StandardRemovableAttributeTagProcessor
[THYMELEAF]             * [* {th:step,data-th-step}] [1000]: karate.org.thymeleaf.standard.processor.StandardRemovableAttributeTagProcessor
[THYMELEAF]             * [* {th:contenteditable,data-th-contenteditable}] [1000]: karate.org.thymeleaf.standard.processor.StandardRemovableAttributeTagProcessor
[THYMELEAF]             * [* {th:scrolling,data-th-scrolling}] [1000]: karate.org.thymeleaf.standard.processor.StandardRemovableAttributeTagProcessor
[THYMELEAF]             * [* {th:archive,data-th-archive}] [1000]: karate.org.thymeleaf.standard.processor.StandardRemovableAttributeTagProcessor
[THYMELEAF]             * [* {th:cite,data-th-cite}] [1000]: karate.org.thymeleaf.standard.processor.StandardRemovableAttributeTagProcessor
[THYMELEAF]             * [* {th:classid,data-th-classid}] [1000]: karate.org.thymeleaf.standard.processor.StandardRemovableAttributeTagProcessor
[THYMELEAF]             * [* {th:valuetype,data-th-valuetype}] [1000]: karate.org.thymeleaf.standard.processor.StandardRemovableAttributeTagProcessor
[THYMELEAF]             * [* {th:pattern,data-th-pattern}] [1000]: karate.org.thymeleaf.standard.processor.StandardRemovableAttributeTagProcessor
[THYMELEAF]             * [* {th:radiogroup,data-th-radiogroup}] [1000]: karate.org.thymeleaf.standard.processor.StandardRemovableAttributeTagProcessor
[THYMELEAF]             * [* {th:placeholder,data-th-placeholder}] [1000]: karate.org.thymeleaf.standard.processor.StandardRemovableAttributeTagProcessor
[THYMELEAF]             * [* {th:rules,data-th-rules}] [1000]: karate.org.thymeleaf.standard.processor.StandardRemovableAttributeTagProcessor
[THYMELEAF]             * [* {th:tabindex,data-th-tabindex}] [1000]: karate.org.thymeleaf.standard.processor.StandardRemovableAttributeTagProcessor
[THYMELEAF]             * [* {th:scheme,data-th-scheme}] [1000]: karate.org.thymeleaf.standard.processor.StandardRemovableAttributeTagProcessor
[THYMELEAF]             * [* {th:high,data-th-high}] [1000]: karate.org.thymeleaf.standard.processor.StandardRemovableAttributeTagProcessor
[THYMELEAF]             * [* {th:height,data-th-height}] [1000]: karate.org.thymeleaf.standard.processor.StandardRemovableAttributeTagProcessor
[THYMELEAF]             * [* {th:kind,data-th-kind}] [1000]: karate.org.thymeleaf.standard.processor.StandardRemovableAttributeTagProcessor
[THYMELEAF]             * [* {th:formaction,data-th-formaction}] [1000]: karate.org.thymeleaf.standard.processor.StandardRemovableAttributeTagProcessor
[THYMELEAF]             * [* {th:marginwidth,data-th-marginwidth}] [1000]: karate.org.thymeleaf.standard.processor.StandardRemovableAttributeTagProcessor
[THYMELEAF]             * [* {th:data,data-th-data}] [1000]: karate.org.thymeleaf.standard.processor.StandardRemovableAttributeTagProcessor
[THYMELEAF]             * [* {th:alt,data-th-alt}] [1000]: karate.org.thymeleaf.standard.processor.StandardRemovableAttributeTagProcessor
[THYMELEAF]             * [* {th:keytype,data-th-keytype}] [1000]: karate.org.thymeleaf.standard.processor.StandardRemovableAttributeTagProcessor
[THYMELEAF]             * [* {th:formenctype,data-th-formenctype}] [1000]: karate.org.thymeleaf.standard.processor.StandardRemovableAttributeTagProcessor
[THYMELEAF]             * [* {th:icon,data-th-icon}] [1000]: karate.org.thymeleaf.standard.processor.StandardRemovableAttributeTagProcessor
[THYMELEAF]             * [* {th:rows,data-th-rows}] [1000]: karate.org.thymeleaf.standard.processor.StandardRemovableAttributeTagProcessor
[THYMELEAF]             * [* {th:accept-charset,data-th-accept-charset}] [1000]: karate.org.thymeleaf.standard.processor.StandardRemovableAttributeTagProcessor
[THYMELEAF]             * [* {th:summary,data-th-summary}] [1000]: karate.org.thymeleaf.standard.processor.StandardRemovableAttributeTagProcessor
[THYMELEAF]             * [* {th:sandbox,data-th-sandbox}] [1000]: karate.org.thymeleaf.standard.processor.StandardRemovableAttributeTagProcessor
[THYMELEAF]             * [* {th:hreflang,data-th-hreflang}] [1000]: karate.org.thymeleaf.standard.processor.StandardRemovableAttributeTagProcessor
[THYMELEAF]             * [* {th:accept,data-th-accept}] [1000]: karate.org.thymeleaf.standard.processor.StandardRemovableAttributeTagProcessor
[THYMELEAF]             * [* {th:style,data-th-style}] [1000]: karate.org.thymeleaf.standard.processor.StandardRemovableAttributeTagProcessor
[THYMELEAF]             * [* {th:spellcheck,data-th-spellcheck}] [1000]: karate.org.thymeleaf.standard.processor.StandardRemovableAttributeTagProcessor
[THYMELEAF]             * [* {th:preload,data-th-preload}] [1000]: karate.org.thymeleaf.standard.processor.StandardRemovableAttributeTagProcessor
[THYMELEAF]             * [* {th:frameborder,data-th-frameborder}] [1000]: karate.org.thymeleaf.standard.processor.StandardRemovableAttributeTagProcessor
[THYMELEAF]             * [* {th:challenge,data-th-challenge}] [1000]: karate.org.thymeleaf.standard.processor.StandardRemovableAttributeTagProcessor
[THYMELEAF]             * [* {th:span,data-th-span}] [1000]: karate.org.thymeleaf.standard.processor.StandardRemovableAttributeTagProcessor
[THYMELEAF]             * [* {th:abbr,data-th-abbr}] [1000]: karate.org.thymeleaf.standard.processor.StandardRemovableAttributeTagProcessor
[THYMELEAF]             * [* {th:lang,data-th-lang}] [1000]: karate.org.thymeleaf.standard.processor.StandardRemovableAttributeTagProcessor
[THYMELEAF]             * [* {th:scope,data-th-scope}] [1000]: karate.org.thymeleaf.standard.processor.StandardRemovableAttributeTagProcessor
[THYMELEAF]             * [* {th:codetype,data-th-codetype}] [1000]: karate.org.thymeleaf.standard.processor.StandardRemovableAttributeTagProcessor
[THYMELEAF]             * [* {th:charset,data-th-charset}] [1000]: karate.org.thymeleaf.standard.processor.StandardRemovableAttributeTagProcessor
[THYMELEAF]             * [* {th:width,data-th-width}] [1000]: karate.org.thymeleaf.standard.processor.StandardRemovableAttributeTagProcessor
[THYMELEAF]             * [* {th:sizes,data-th-sizes}] [1000]: karate.org.thymeleaf.standard.processor.StandardRemovableAttributeTagProcessor
[THYMELEAF]             * [* {th:frame,data-th-frame}] [1000]: karate.org.thymeleaf.standard.processor.StandardRemovableAttributeTagProcessor
[THYMELEAF]             * [* {th:max,data-th-max}] [1000]: karate.org.thymeleaf.standard.processor.StandardRemovableAttributeTagProcessor
[THYMELEAF]             * [* {th:cellspacing,data-th-cellspacing}] [1000]: karate.org.thymeleaf.standard.processor.StandardRemovableAttributeTagProcessor
[THYMELEAF]             * [* {th:formtarget,data-th-formtarget}] [1000]: karate.org.thymeleaf.standard.processor.StandardRemovableAttributeTagProcessor
[THYMELEAF]             * [* {th:colspan,data-th-colspan}] [1000]: karate.org.thymeleaf.standard.processor.StandardRemovableAttributeTagProcessor
[THYMELEAF]             * [* {th:vspace,data-th-vspace}] [1000]: karate.org.thymeleaf.standard.processor.StandardRemovableAttributeTagProcessor
[THYMELEAF]             * [* {th:cellpadding,data-th-cellpadding}] [1000]: karate.org.thymeleaf.standard.processor.StandardRemovableAttributeTagProcessor
[THYMELEAF]             * [* {th:standby,data-th-standby}] [1000]: karate.org.thymeleaf.standard.processor.StandardRemovableAttributeTagProcessor
[THYMELEAF]             * [* {th:draggable,data-th-draggable}] [1000]: karate.org.thymeleaf.standard.processor.StandardRemovableAttributeTagProcessor
[THYMELEAF]             * [* {th:contextmenu,data-th-contextmenu}] [1000]: karate.org.thymeleaf.standard.processor.StandardRemovableAttributeTagProcessor
[THYMELEAF]             * [* {th:headers,data-th-headers}] [1000]: karate.org.thymeleaf.standard.processor.StandardRemovableAttributeTagProcessor
[THYMELEAF]             * [* {th:manifest,data-th-manifest}] [1000]: karate.org.thymeleaf.standard.processor.StandardRemovableAttributeTagProcessor
[THYMELEAF]             * [* {th:size,data-th-size}] [1000]: karate.org.thymeleaf.standard.processor.StandardRemovableAttributeTagProcessor
[THYMELEAF]             * [* {th:rel,data-th-rel}] [1000]: karate.org.thymeleaf.standard.processor.StandardRemovableAttributeTagProcessor
[THYMELEAF]             * [* {th:form,data-th-form}] [1000]: karate.org.thymeleaf.standard.processor.StandardRemovableAttributeTagProcessor
[THYMELEAF]             * [* {th:background,data-th-background}] [1000]: karate.org.thymeleaf.standard.processor.StandardRemovableAttributeTagProcessor
[THYMELEAF]             * [* {th:autocomplete,data-th-autocomplete}] [1000]: karate.org.thymeleaf.standard.processor.StandardRemovableAttributeTagProcessor
[THYMELEAF]             * [* {th:low,data-th-low}] [1000]: karate.org.thymeleaf.standard.processor.StandardRemovableAttributeTagProcessor
[THYMELEAF]             * [* {th:dir,data-th-dir}] [1000]: karate.org.thymeleaf.standard.processor.StandardRemovableAttributeTagProcessor
[THYMELEAF]             * [* {th:border,data-th-border}] [1000]: karate.org.thymeleaf.standard.processor.StandardRemovableAttributeTagProcessor
[THYMELEAF]             * [* {th:id,data-th-id}] [1000]: karate.org.thymeleaf.standard.processor.StandardRemovableAttributeTagProcessor
[THYMELEAF]             * [* {th:rowspan,data-th-rowspan}] [1000]: karate.org.thymeleaf.standard.processor.StandardRemovableAttributeTagProcessor
[THYMELEAF]             * [* {th:wrap,data-th-wrap}] [1000]: karate.org.thymeleaf.standard.processor.StandardRemovableAttributeTagProcessor
[THYMELEAF]             * [* {th:datetime,data-th-datetime}] [1000]: karate.org.thymeleaf.standard.processor.StandardRemovableAttributeTagProcessor
[THYMELEAF]             * [* {th:min,data-th-min}] [1000]: karate.org.thymeleaf.standard.processor.StandardRemovableAttributeTagProcessor
[THYMELEAF]             * [* {th:maxlength,data-th-maxlength}] [1000]: karate.org.thymeleaf.standard.processor.StandardRemovableAttributeTagProcessor
[THYMELEAF]             * [* {th:title,data-th-title}] [1000]: karate.org.thymeleaf.standard.processor.StandardRemovableAttributeTagProcessor
[THYMELEAF]             * [* {th:align,data-th-align}] [1000]: karate.org.thymeleaf.standard.processor.StandardRemovableAttributeTagProcessor
[THYMELEAF]             * [* {th:bgcolor,data-th-bgcolor}] [1000]: karate.org.thymeleaf.standard.processor.StandardRemovableAttributeTagProcessor
[THYMELEAF]             * [* {th:cols,data-th-cols}] [1000]: karate.org.thymeleaf.standard.processor.StandardRemovableAttributeTagProcessor
[THYMELEAF]             * [* {th:formmethod,data-th-formmethod}] [1000]: karate.org.thymeleaf.standard.processor.StandardRemovableAttributeTagProcessor
[THYMELEAF]             * [* {th:content,data-th-content}] [1000]: karate.org.thymeleaf.standard.processor.StandardRemovableAttributeTagProcessor
[THYMELEAF]             * [* {th:optimum,data-th-optimum}] [1000]: karate.org.thymeleaf.standard.processor.StandardRemovableAttributeTagProcessor
[THYMELEAF]             * [* {th:http-equiv,data-th-http-equiv}] [1000]: karate.org.thymeleaf.standard.processor.StandardRemovableAttributeTagProcessor
[THYMELEAF]             * [* {th:audio,data-th-audio}] [1000]: karate.org.thymeleaf.standard.processor.StandardRemovableAttributeTagProcessor
[THYMELEAF]             * [* {th:enctype,data-th-enctype}] [1000]: karate.org.thymeleaf.standard.processor.StandardRemovableAttributeTagProcessor
[THYMELEAF]             * [* {th:accesskey,data-th-accesskey}] [1000]: karate.org.thymeleaf.standard.processor.StandardRemovableAttributeTagProcessor
[THYMELEAF]             * [* {th:rev,data-th-rev}] [1000]: karate.org.thymeleaf.standard.processor.StandardRemovableAttributeTagProcessor
[THYMELEAF]             * [* {th:codebase,data-th-codebase}] [1000]: karate.org.thymeleaf.standard.processor.StandardRemovableAttributeTagProcessor
[THYMELEAF]             * [* {th:longdesc,data-th-longdesc}] [1000]: karate.org.thymeleaf.standard.processor.StandardRemovableAttributeTagProcessor
[THYMELEAF]             * [* {th:marginheight,data-th-marginheight}] [1000]: karate.org.thymeleaf.standard.processor.StandardRemovableAttributeTagProcessor
[THYMELEAF]             * [* {th:media,data-th-media}] [1000]: karate.org.thymeleaf.standard.processor.StandardRemovableAttributeTagProcessor
[THYMELEAF]             * [* {th:compact,data-th-compact}] [1000]: karate.org.thymeleaf.standard.processor.StandardRemovableAttributeTagProcessor
[THYMELEAF]             * [* {th:class,data-th-class}] [1000]: karate.org.thymeleaf.standard.processor.StandardRemovableAttributeTagProcessor
[THYMELEAF]             * [* {th:hspace,data-th-hspace}] [1000]: karate.org.thymeleaf.standard.processor.StandardRemovableAttributeTagProcessor
[THYMELEAF]             * [* {th:dropzone,data-th-dropzone}] [1000]: karate.org.thymeleaf.standard.processor.StandardRemovableAttributeTagProcessor
[THYMELEAF]             * [* {th:poster,data-th-poster}] [1000]: karate.org.thymeleaf.standard.processor.StandardRemovableAttributeTagProcessor
[THYMELEAF]             * [* {th:label,data-th-label}] [1000]: karate.org.thymeleaf.standard.processor.StandardRemovableAttributeTagProcessor
[THYMELEAF]             * [* {th:for,data-th-for}] [1000]: karate.org.thymeleaf.standard.processor.StandardRemovableAttributeTagProcessor
[THYMELEAF]             * [* {th:usemap,data-th-usemap}] [1000]: karate.org.thymeleaf.standard.processor.StandardRemovableAttributeTagProcessor
[THYMELEAF]             * [* {th:src,data-th-src}] [1000]: karate.org.thymeleaf.standard.processor.StandardSrcTagProcessor
[THYMELEAF]             * [* {th:value,data-th-value}] [1000]: karate.org.thymeleaf.standard.processor.StandardValueTagProcessor
[THYMELEAF]             * [* {th:xmlbase,data-th-xmlbase}] [1000]: karate.org.thymeleaf.standard.processor.StandardXmlBaseTagProcessor
[THYMELEAF]             * [* {th:xmllang,data-th-xmllang}] [1000]: karate.org.thymeleaf.standard.processor.StandardXmlLangTagProcessor
[THYMELEAF]             * [* {xmlns:th}] [1000]: karate.org.thymeleaf.standard.processor.StandardXmlNsTagProcessor
[THYMELEAF]             * [* {th:xmlspace,data-th-xmlspace}] [1000]: karate.org.thymeleaf.standard.processor.StandardXmlSpaceTagProcessor
[THYMELEAF]             * [* {th:classappend,data-th-classappend}] [1100]: karate.org.thymeleaf.standard.processor.StandardClassappendTagProcessor
[THYMELEAF]             * [* {th:styleappend,data-th-styleappend}] [1100]: karate.org.thymeleaf.standard.processor.StandardStyleappendTagProcessor
[THYMELEAF]             * [* {th:text,data-th-text}] [1300]: karate.org.thymeleaf.standard.processor.StandardTextTagProcessor
[THYMELEAF]             * [* {th:utext,data-th-utext}] [1400]: karate.org.thymeleaf.standard.processor.StandardUtextTagProcessor
[THYMELEAF]             * [* {th:fragment,data-th-fragment}] [1500]: karate.org.thymeleaf.standard.processor.StandardFragmentTagProcessor
[THYMELEAF]             * [* {th:assert,data-th-assert}] [1550]: karate.org.thymeleaf.standard.processor.StandardAssertTagProcessor
[THYMELEAF]             * [* {th:remove,data-th-remove}] [1600]: karate.org.thymeleaf.standard.processor.StandardRemoveTagProcessor
[THYMELEAF]             * [* {th:ref,data-th-ref}] [10000]: karate.org.thymeleaf.standard.processor.StandardRefAttributeTagProcessor
[THYMELEAF]             * [{th:block,th-block} *] [100000]: karate.org.thymeleaf.standard.processor.StandardBlockTagProcessor
[THYMELEAF]             * [* th:*] [2147483647]: karate.org.thymeleaf.standard.processor.StandardDefaultAttributesTagProcessor
[THYMELEAF]         * Text Processors by [precedence]:
[THYMELEAF]             * [1000]: karate.org.thymeleaf.standard.processor.StandardInliningTextProcessor
[THYMELEAF]         * DOCTYPE Processors by [precedence]:
[THYMELEAF]             * [1000]: karate.org.thymeleaf.standard.processor.StandardTranslationDocTypeProcessor
[THYMELEAF]         * CDATA Section Processors by [precedence]:
[THYMELEAF]             * [1000]: karate.org.thymeleaf.standard.processor.StandardInliningCDATASectionProcessor
[THYMELEAF]         * Comment Processors by [precedence]:
[THYMELEAF]             * [1000]: karate.org.thymeleaf.standard.processor.StandardInliningCommentProcessor
[THYMELEAF]             * [1100]: karate.org.thymeleaf.standard.processor.StandardConditionalCommentProcessor
[THYMELEAF]     * Processors for Template Mode: XML
[THYMELEAF]         * Element Tag Processors by [matching element and attribute name] [precedence]:
[THYMELEAF]             * [* {th:include}] [100]: karate.org.thymeleaf.standard.processor.StandardIncludeTagProcessor
[THYMELEAF]             * [* {th:insert}] [100]: karate.org.thymeleaf.standard.processor.StandardInsertTagProcessor
[THYMELEAF]             * [* {th:replace}] [100]: karate.org.thymeleaf.standard.processor.StandardReplaceTagProcessor
[THYMELEAF]             * [* {th:substituteby}] [100]: karate.org.thymeleaf.standard.processor.StandardSubstituteByTagProcessor
[THYMELEAF]             * [* {th:each}] [200]: com.intuit.karate.template.KarateEachTagProcessor
[THYMELEAF]             * [* {th:switch}] [250]: karate.org.thymeleaf.standard.processor.StandardSwitchTagProcessor
[THYMELEAF]             * [* {th:case}] [275]: karate.org.thymeleaf.standard.processor.StandardCaseTagProcessor
[THYMELEAF]             * [* {th:if}] [300]: karate.org.thymeleaf.standard.processor.StandardIfTagProcessor
[THYMELEAF]             * [* {th:unless}] [400]: karate.org.thymeleaf.standard.processor.StandardUnlessTagProcessor
[THYMELEAF]             * [* {th:object}] [500]: karate.org.thymeleaf.standard.processor.StandardObjectTagProcessor
[THYMELEAF]             * [* {th:with}] [600]: com.intuit.karate.template.KarateWithTagProcessor
[THYMELEAF]             * [* {th:attr}] [700]: com.intuit.karate.template.KarateAttributeTagProcessor.KarateAttrTagProcessor
[THYMELEAF]             * [* {th:attrappend}] [900]: com.intuit.karate.template.KarateAttributeTagProcessor.KarateAttrappendTagProcessor
[THYMELEAF]             * [* {th:attrprepend}] [900]: com.intuit.karate.template.KarateAttributeTagProcessor.KarateAttrprependTagProcessor
[THYMELEAF]             * [* {th:inline}] [1000]: karate.org.thymeleaf.standard.processor.StandardInlineXMLTagProcessor
[THYMELEAF]             * [* {xmlns:th}] [1000]: karate.org.thymeleaf.standard.processor.StandardXmlNsTagProcessor
[THYMELEAF]             * [* {th:text}] [1300]: karate.org.thymeleaf.standard.processor.StandardTextTagProcessor
[THYMELEAF]             * [* {th:utext}] [1400]: karate.org.thymeleaf.standard.processor.StandardUtextTagProcessor
[THYMELEAF]             * [* {th:fragment}] [1500]: karate.org.thymeleaf.standard.processor.StandardFragmentTagProcessor
[THYMELEAF]             * [* {th:assert}] [1550]: karate.org.thymeleaf.standard.processor.StandardAssertTagProcessor
[THYMELEAF]             * [* {th:remove}] [1600]: karate.org.thymeleaf.standard.processor.StandardRemoveTagProcessor
[THYMELEAF]             * [* {th:ref}] [10000]: karate.org.thymeleaf.standard.processor.StandardRefAttributeTagProcessor
[THYMELEAF]             * [{th:block} *] [100000]: karate.org.thymeleaf.standard.processor.StandardBlockTagProcessor
[THYMELEAF]             * [* th:*] [2147483647]: karate.org.thymeleaf.standard.processor.StandardDefaultAttributesTagProcessor
[THYMELEAF]         * Text Processors by [precedence]:
[THYMELEAF]             * [1000]: karate.org.thymeleaf.standard.processor.StandardInliningTextProcessor
[THYMELEAF]         * CDATA Section Processors by [precedence]:
[THYMELEAF]             * [1000]: karate.org.thymeleaf.standard.processor.StandardInliningCDATASectionProcessor
[THYMELEAF]         * Comment Processors by [precedence]:
[THYMELEAF]             * [1000]: karate.org.thymeleaf.standard.processor.StandardInliningCommentProcessor
[THYMELEAF]     * Processors for Template Mode: TEXT
[THYMELEAF]         * Element Tag Processors by [matching element and attribute name] [precedence]:
[THYMELEAF]             * [* {th:insert}] [100]: karate.org.thymeleaf.standard.processor.StandardInsertTagProcessor
[THYMELEAF]             * [* {th:replace}] [100]: karate.org.thymeleaf.standard.processor.StandardReplaceTagProcessor
[THYMELEAF]             * [* {th:each}] [200]: com.intuit.karate.template.KarateEachTagProcessor
[THYMELEAF]             * [* {th:switch}] [250]: karate.org.thymeleaf.standard.processor.StandardSwitchTagProcessor
[THYMELEAF]             * [* {th:case}] [275]: karate.org.thymeleaf.standard.processor.StandardCaseTagProcessor
[THYMELEAF]             * [* {th:if}] [300]: karate.org.thymeleaf.standard.processor.StandardIfTagProcessor
[THYMELEAF]             * [* {th:unless}] [400]: karate.org.thymeleaf.standard.processor.StandardUnlessTagProcessor
[THYMELEAF]             * [* {th:object}] [500]: karate.org.thymeleaf.standard.processor.StandardObjectTagProcessor
[THYMELEAF]             * [* {th:with}] [600]: com.intuit.karate.template.KarateWithTagProcessor
[THYMELEAF]             * [* {th:inline}] [1000]: karate.org.thymeleaf.standard.processor.StandardInlineTextualTagProcessor
[THYMELEAF]             * [* {th:text}] [1300]: karate.org.thymeleaf.standard.processor.StandardTextTagProcessor
[THYMELEAF]             * [* {th:utext}] [1400]: karate.org.thymeleaf.standard.processor.StandardUtextTagProcessor
[THYMELEAF]             * [* {th:assert}] [1550]: karate.org.thymeleaf.standard.processor.StandardAssertTagProcessor
[THYMELEAF]             * [* {th:remove}] [1600]: karate.org.thymeleaf.standard.processor.StandardRemoveTagProcessor
[THYMELEAF]             * [{th:block} *] [100000]: karate.org.thymeleaf.standard.processor.StandardBlockTagProcessor
[THYMELEAF]             * [* 100000] [karate.org.thymeleaf.standard.processor.StandardBlockTagProcessor]: {}
[THYMELEAF]         * Text Processors by [precedence]:
[THYMELEAF]             * [1000]: karate.org.thymeleaf.standard.processor.StandardInliningTextProcessor
[THYMELEAF]     * Processors for Template Mode: JAVASCRIPT
[THYMELEAF]         * Element Tag Processors by [matching element and attribute name] [precedence]:
[THYMELEAF]             * [* {th:insert}] [100]: karate.org.thymeleaf.standard.processor.StandardInsertTagProcessor
[THYMELEAF]             * [* {th:replace}] [100]: karate.org.thymeleaf.standard.processor.StandardReplaceTagProcessor
[THYMELEAF]             * [* {th:each}] [200]: com.intuit.karate.template.KarateEachTagProcessor
[THYMELEAF]             * [* {th:switch}] [250]: karate.org.thymeleaf.standard.processor.StandardSwitchTagProcessor
[THYMELEAF]             * [* {th:case}] [275]: karate.org.thymeleaf.standard.processor.StandardCaseTagProcessor
[THYMELEAF]             * [* {th:if}] [300]: karate.org.thymeleaf.standard.processor.StandardIfTagProcessor
[THYMELEAF]             * [* {th:unless}] [400]: karate.org.thymeleaf.standard.processor.StandardUnlessTagProcessor
[THYMELEAF]             * [* {th:object}] [500]: karate.org.thymeleaf.standard.processor.StandardObjectTagProcessor
[THYMELEAF]             * [* {th:with}] [600]: com.intuit.karate.template.KarateWithTagProcessor
[THYMELEAF]             * [* {th:inline}] [1000]: karate.org.thymeleaf.standard.processor.StandardInlineTextualTagProcessor
[THYMELEAF]             * [* {th:text}] [1300]: karate.org.thymeleaf.standard.processor.StandardTextTagProcessor
[THYMELEAF]             * [* {th:utext}] [1400]: karate.org.thymeleaf.standard.processor.StandardUtextTagProcessor
[THYMELEAF]             * [* {th:assert}] [1550]: karate.org.thymeleaf.standard.processor.StandardAssertTagProcessor
[THYMELEAF]             * [* {th:remove}] [1600]: karate.org.thymeleaf.standard.processor.StandardRemoveTagProcessor
[THYMELEAF]             * [{th:block} *] [100000]: karate.org.thymeleaf.standard.processor.StandardBlockTagProcessor
[THYMELEAF]             * [* 100000] [karate.org.thymeleaf.standard.processor.StandardBlockTagProcessor]: {}
[THYMELEAF]         * Text Processors by [precedence]:
[THYMELEAF]             * [1000]: karate.org.thymeleaf.standard.processor.StandardInliningTextProcessor
[THYMELEAF]     * Processors for Template Mode: CSS
[THYMELEAF]         * Element Tag Processors by [matching element and attribute name] [precedence]:
[THYMELEAF]             * [* {th:insert}] [100]: karate.org.thymeleaf.standard.processor.StandardInsertTagProcessor
[THYMELEAF]             * [* {th:replace}] [100]: karate.org.thymeleaf.standard.processor.StandardReplaceTagProcessor
[THYMELEAF]             * [* {th:each}] [200]: com.intuit.karate.template.KarateEachTagProcessor
[THYMELEAF]             * [* {th:switch}] [250]: karate.org.thymeleaf.standard.processor.StandardSwitchTagProcessor
[THYMELEAF]             * [* {th:case}] [275]: karate.org.thymeleaf.standard.processor.StandardCaseTagProcessor
[THYMELEAF]             * [* {th:if}] [300]: karate.org.thymeleaf.standard.processor.StandardIfTagProcessor
[THYMELEAF]             * [* {th:unless}] [400]: karate.org.thymeleaf.standard.processor.StandardUnlessTagProcessor
[THYMELEAF]             * [* {th:object}] [500]: karate.org.thymeleaf.standard.processor.StandardObjectTagProcessor
[THYMELEAF]             * [* {th:with}] [600]: com.intuit.karate.template.KarateWithTagProcessor
[THYMELEAF]             * [* {th:inline}] [1000]: karate.org.thymeleaf.standard.processor.StandardInlineTextualTagProcessor
[THYMELEAF]             * [* {th:text}] [1300]: karate.org.thymeleaf.standard.processor.StandardTextTagProcessor
[THYMELEAF]             * [* {th:utext}] [1400]: karate.org.thymeleaf.standard.processor.StandardUtextTagProcessor
[THYMELEAF]             * [* {th:assert}] [1550]: karate.org.thymeleaf.standard.processor.StandardAssertTagProcessor
[THYMELEAF]             * [* {th:remove}] [1600]: karate.org.thymeleaf.standard.processor.StandardRemoveTagProcessor
[THYMELEAF]             * [{th:block} *] [100000]: karate.org.thymeleaf.standard.processor.StandardBlockTagProcessor
[THYMELEAF]             * [* 100000] [karate.org.thymeleaf.standard.processor.StandardBlockTagProcessor]: {}
[THYMELEAF]         * Text Processors by [precedence]:
[THYMELEAF]             * [1000]: karate.org.thymeleaf.standard.processor.StandardInliningTextProcessor
[THYMELEAF]     * Expression Objects:
[THYMELEAF]         * #ctx
[THYMELEAF]         * #root
[THYMELEAF]         * #vars
[THYMELEAF]         * #object
[THYMELEAF]         * #locale
[THYMELEAF]         * #request
[THYMELEAF]         * #response
[THYMELEAF]         * #session
[THYMELEAF]         * #servletContext
[THYMELEAF]         * #conversions
[THYMELEAF]         * #uris
[THYMELEAF]         * #calendars
[THYMELEAF]         * #dates
[THYMELEAF]         * #bools
[THYMELEAF]         * #numbers
[THYMELEAF]         * #objects
[THYMELEAF]         * #strings
[THYMELEAF]         * #arrays
[THYMELEAF]         * #lists
[THYMELEAF]         * #sets
[THYMELEAF]         * #maps
[THYMELEAF]         * #aggregates
[THYMELEAF]         * #messages
[THYMELEAF]         * #ids
[THYMELEAF]         * #execInfo
[THYMELEAF]         * #httpServletRequest
[THYMELEAF]         * #httpSession
[THYMELEAF]     * Execution Attributes:
[THYMELEAF]         * "StandardExpressionParser": com.intuit.karate.template.KarateStandardDialect@4e10a320
[THYMELEAF]         * "StandardJavaScriptSerializer": karate.org.thymeleaf.standard.serializer.StandardJavaScriptSerializer@77d54a41
[THYMELEAF]         * "StandardCSSSerializer": karate.org.thymeleaf.standard.serializer.StandardCSSSerializer@41026e5c
[THYMELEAF]         * "StandardVariableExpressionEvaluator": com.intuit.karate.template.KarateStandardDialect@4e10a320
[THYMELEAF]         * "StandardConversionService": karate.org.thymeleaf.standard.expression.StandardConversionService@12421766
[THYMELEAF] * Dialect [2 of 2]: karate (com.intuit.karate.template.KarateScriptDialect)
[THYMELEAF]     * Prefix: "ka"
[THYMELEAF]     * Processors for Template Mode: HTML
[THYMELEAF]         * Element Tag Processors by [matching element and attribute name] [precedence]:
[THYMELEAF]             * [* {src}] [1000]: com.intuit.karate.template.KaScriptAttrProcessor
[THYMELEAF]         * Element Model Processors by [matching element and attribute name] [precedence]:
[THYMELEAF]             * [{script} {ka:scope,data-ka-scope}] [1000]: com.intuit.karate.template.KaScriptElemProcessor
[THYMELEAF]             * [* {ka:set,data-ka-set}] [1000]: com.intuit.karate.template.KaSetElemProcessor
[THYMELEAF] TEMPLATE ENGINE CONFIGURED OK
20:02:07.759 [main] DEBUG karate.org.thymeleaf.TemplateEngine - [THYMELEAF] TEMPLATE ENGINE INITIALIZED
---------------------------------------------------------
feature: classpath:com/big/features/APIfeatures/SCU/FISSSO-XAPI/Read_Token_Read_Card.feature
scenarios:  1 | passed:  0 | failed:  1 | time: 0.0113
---------------------------------------------------------

20:02:07.845 [main] INFO com.intuit.karate.Suite - <<fail>> feature 9 of 12 (0 remaining) classpath:com/big/features/APIfeatures/SCU/FISSSO-XAPI/Read_Token_Read_Card.feature
20:02:07.861 [main] ERROR com.intuit.karate - classpath:com/big/features/APIfeatures/SCU/TOKEN -SAPI/TokenSAPI.feature:6
Given url Baseurl '/api/bat/member/'
js failed:
>>>>
01: Baseurl '/api/bat/member/'
<<<<
org.graalvm.polyglot.PolyglotException: SyntaxError: Unnamed:1:9 Expected ; but found /api/bat/member/
Baseurl '/api/bat/member/'
         ^

- org.graalvm.polyglot.Context.eval(Context.java:425)
- com.intuit.karate.graal.JsEngine.evalForValue(JsEngine.java:141)
- com.intuit.karate.graal.JsEngine.eval(JsEngine.java:137)
- com.intuit.karate.core.ScenarioEngine.evalJs(ScenarioEngine.java:1344)
- com.intuit.karate.core.ScenarioEngine.evalKarateExpression(ScenarioEngine.java:2373)
- com.intuit.karate.core.ScenarioEngine.evalKarateExpression(ScenarioEngine.java:2292)
- com.intuit.karate.core.ScenarioEngine.url(ScenarioEngine.java:365)

classpath:com/big/features/APIfeatures/SCU/TOKEN -SAPI/TokenSAPI.feature:6
20:02:07.872 [main] DEBUG karate.org.thymeleaf.TemplateEngine - [THYMELEAF] INITIALIZING TEMPLATE ENGINE
20:02:07.886 [main] DEBUG karate.org.thymeleaf.TemplateEngine.CONFIG - Initializing Thymeleaf Template engine configuration...
[THYMELEAF] TEMPLATE ENGINE CONFIGURATION:
[THYMELEAF] * Thymeleaf version: 3.0.14.RELEASE (built 2021-12-08T00:45:29+0000)
[THYMELEAF] * Cache Manager implementation: karate.org.thymeleaf.cache.StandardCacheManager
[THYMELEAF] * Template resolvers:
[THYMELEAF]     * [1] com.intuit.karate.template.ResourceHtmlTemplateResolver
[THYMELEAF] * Message resolvers:
[THYMELEAF]     * karate.org.thymeleaf.messageresolver.StandardMessageResolver
[THYMELEAF] * Link builders:
[THYMELEAF]     * karate.org.thymeleaf.linkbuilder.StandardLinkBuilder
[THYMELEAF] * Dialect [1 of 2]: Standard (com.intuit.karate.template.KarateStandardDialect)
[THYMELEAF]     * Prefix: "th"
[THYMELEAF]     * Processors for Template Mode: HTML
[THYMELEAF]         * Element Tag Processors by [matching element and attribute name] [precedence]:
[THYMELEAF]             * [* {th:include,data-th-include}] [100]: karate.org.thymeleaf.standard.processor.StandardIncludeTagProcessor
[THYMELEAF]             * [* {th:insert,data-th-insert}] [100]: karate.org.thymeleaf.standard.processor.StandardInsertTagProcessor
[THYMELEAF]             * [* {th:replace,data-th-replace}] [100]: karate.org.thymeleaf.standard.processor.StandardReplaceTagProcessor
[THYMELEAF]             * [* {th:substituteby,data-th-substituteby}] [100]: karate.org.thymeleaf.standard.processor.StandardSubstituteByTagProcessor
[THYMELEAF]             * [* {th:each,data-th-each}] [200]: com.intuit.karate.template.KarateEachTagProcessor
[THYMELEAF]             * [* {th:switch,data-th-switch}] [250]: karate.org.thymeleaf.standard.processor.StandardSwitchTagProcessor
[THYMELEAF]             * [* {th:case,data-th-case}] [275]: karate.org.thymeleaf.standard.processor.StandardCaseTagProcessor
[THYMELEAF]             * [* {th:if,data-th-if}] [300]: karate.org.thymeleaf.standard.processor.StandardIfTagProcessor
[THYMELEAF]             * [* {th:unless,data-th-unless}] [400]: karate.org.thymeleaf.standard.processor.StandardUnlessTagProcessor
[THYMELEAF]             * [* {th:object,data-th-object}] [500]: karate.org.thymeleaf.standard.processor.StandardObjectTagProcessor
[THYMELEAF]             * [* {th:with,data-th-with}] [600]: com.intuit.karate.template.KarateWithTagProcessor
[THYMELEAF]             * [* {th:attr,data-th-attr}] [700]: com.intuit.karate.template.KarateAttributeTagProcessor.KarateAttrTagProcessor
[THYMELEAF]             * [* {th:attrappend,data-th-attrappend}] [900]: com.intuit.karate.template.KarateAttributeTagProcessor.KarateAttrappendTagProcessor
[THYMELEAF]             * [* {th:attrprepend,data-th-attrprepend}] [900]: com.intuit.karate.template.KarateAttributeTagProcessor.KarateAttrprependTagProcessor
[THYMELEAF]             * [* {th:alt-title,data-th-alt-title}] [990]: karate.org.thymeleaf.standard.processor.StandardAltTitleTagProcessor
[THYMELEAF]             * [* {th:lang-xmllang,data-th-lang-xmllang}] [990]: karate.org.thymeleaf.standard.processor.StandardLangXmlLangTagProcessor
[THYMELEAF]             * [* {th:action,data-th-action}] [1000]: karate.org.thymeleaf.standard.processor.StandardActionTagProcessor
[THYMELEAF]             * [* {th:declare,data-th-declare}] [1000]: karate.org.thymeleaf.standard.processor.StandardConditionalFixedValueTagProcessor
[THYMELEAF]             * [* {th:formnovalidate,data-th-formnovalidate}] [1000]: karate.org.thymeleaf.standard.processor.StandardConditionalFixedValueTagProcessor
[THYMELEAF]             * [* {th:required,data-th-required}] [1000]: karate.org.thymeleaf.standard.processor.StandardConditionalFixedValueTagProcessor
[THYMELEAF]             * [* {th:pubdate,data-th-pubdate}] [1000]: karate.org.thymeleaf.standard.processor.StandardConditionalFixedValueTagProcessor
[THYMELEAF]             * [* {th:nowrap,data-th-nowrap}] [1000]: karate.org.thymeleaf.standard.processor.StandardConditionalFixedValueTagProcessor
[THYMELEAF]             * [* {th:multiple,data-th-multiple}] [1000]: karate.org.thymeleaf.standard.processor.StandardConditionalFixedValueTagProcessor
[THYMELEAF]             * [* {th:controls,data-th-controls}] [1000]: karate.org.thymeleaf.standard.processor.StandardConditionalFixedValueTagProcessor
[THYMELEAF]             * [* {th:disabled,data-th-disabled}] [1000]: karate.org.thymeleaf.standard.processor.StandardConditionalFixedValueTagProcessor
[THYMELEAF]             * [* {th:default,data-th-default}] [1000]: karate.org.thymeleaf.standard.processor.StandardConditionalFixedValueTagProcessor
[THYMELEAF]             * [* {th:defer,data-th-defer}] [1000]: karate.org.thymeleaf.standard.processor.StandardConditionalFixedValueTagProcessor
[THYMELEAF]             * [* {th:selected,data-th-selected}] [1000]: karate.org.thymeleaf.standard.processor.StandardConditionalFixedValueTagProcessor
[THYMELEAF]             * [* {th:autofocus,data-th-autofocus}] [1000]: karate.org.thymeleaf.standard.processor.StandardConditionalFixedValueTagProcessor
[THYMELEAF]             * [* {th:autoplay,data-th-autoplay}] [1000]: karate.org.thymeleaf.standard.processor.StandardConditionalFixedValueTagProcessor
[THYMELEAF]             * [* {th:open,data-th-open}] [1000]: karate.org.thymeleaf.standard.processor.StandardConditionalFixedValueTagProcessor
[THYMELEAF]             * [* {th:loop,data-th-loop}] [1000]: karate.org.thymeleaf.standard.processor.StandardConditionalFixedValueTagProcessor
[THYMELEAF]             * [* {th:readonly,data-th-readonly}] [1000]: karate.org.thymeleaf.standard.processor.StandardConditionalFixedValueTagProcessor
[THYMELEAF]             * [* {th:ismap,data-th-ismap}] [1000]: karate.org.thymeleaf.standard.processor.StandardConditionalFixedValueTagProcessor
[THYMELEAF]             * [* {th:seamless,data-th-seamless}] [1000]: karate.org.thymeleaf.standard.processor.StandardConditionalFixedValueTagProcessor
[THYMELEAF]             * [* {th:hidden,data-th-hidden}] [1000]: karate.org.thymeleaf.standard.processor.StandardConditionalFixedValueTagProcessor
[THYMELEAF]             * [* {th:checked,data-th-checked}] [1000]: karate.org.thymeleaf.standard.processor.StandardConditionalFixedValueTagProcessor
[THYMELEAF]             * [* {th:novalidate,data-th-novalidate}] [1000]: karate.org.thymeleaf.standard.processor.StandardConditionalFixedValueTagProcessor
[THYMELEAF]             * [* {th:async,data-th-async}] [1000]: karate.org.thymeleaf.standard.processor.StandardConditionalFixedValueTagProcessor
[THYMELEAF]             * [* {th:scoped,data-th-scoped}] [1000]: karate.org.thymeleaf.standard.processor.StandardConditionalFixedValueTagProcessor
[THYMELEAF]             * [* {th:reversed,data-th-reversed}] [1000]: karate.org.thymeleaf.standard.processor.StandardConditionalFixedValueTagProcessor
[THYMELEAF]             * [* {th:oncanplay,data-th-oncanplay}] [1000]: karate.org.thymeleaf.standard.processor.StandardDOMEventAttributeTagProcessor
[THYMELEAF]             * [* {th:onabort,data-th-onabort}] [1000]: karate.org.thymeleaf.standard.processor.StandardDOMEventAttributeTagProcessor
[THYMELEAF]             * [* {th:oncanplaythrough,data-th-oncanplaythrough}] [1000]: karate.org.thymeleaf.standard.processor.StandardDOMEventAttributeTagProcessor
[THYMELEAF]             * [* {th:onpause,data-th-onpause}] [1000]: karate.org.thymeleaf.standard.processor.StandardDOMEventAttributeTagProcessor
[THYMELEAF]             * [* {th:oncontextmenu,data-th-oncontextmenu}] [1000]: karate.org.thymeleaf.standard.processor.StandardDOMEventAttributeTagProcessor
[THYMELEAF]             * [* {th:onreadystatechange,data-th-onreadystatechange}] [1000]: karate.org.thymeleaf.standard.processor.StandardDOMEventAttributeTagProcessor
[THYMELEAF]             * [* {th:onbeforeprint,data-th-onbeforeprint}] [1000]: karate.org.thymeleaf.standard.processor.StandardDOMEventAttributeTagProcessor
[THYMELEAF]             * [* {th:onkeypress,data-th-onkeypress}] [1000]: karate.org.thymeleaf.standard.processor.StandardDOMEventAttributeTagProcessor
[THYMELEAF]             * [* {th:onloadeddata,data-th-onloadeddata}] [1000]: karate.org.thymeleaf.standard.processor.StandardDOMEventAttributeTagProcessor
[THYMELEAF]             * [* {th:onmouseover,data-th-onmouseover}] [1000]: karate.org.thymeleaf.standard.processor.StandardDOMEventAttributeTagProcessor
[THYMELEAF]             * [* {th:onformchange,data-th-onformchange}] [1000]: karate.org.thymeleaf.standard.processor.StandardDOMEventAttributeTagProcessor
[THYMELEAF]             * [* {th:onresize,data-th-onresize}] [1000]: karate.org.thymeleaf.standard.processor.StandardDOMEventAttributeTagProcessor
[THYMELEAF]             * [* {th:onmouseup,data-th-onmouseup}] [1000]: karate.org.thymeleaf.standard.processor.StandardDOMEventAttributeTagProcessor
[THYMELEAF]             * [* {th:oninput,data-th-oninput}] [1000]: karate.org.thymeleaf.standard.processor.StandardDOMEventAttributeTagProcessor
[THYMELEAF]             * [* {th:onundo,data-th-onundo}] [1000]: karate.org.thymeleaf.standard.processor.StandardDOMEventAttributeTagProcessor
[THYMELEAF]             * [* {th:ondrop,data-th-ondrop}] [1000]: karate.org.thymeleaf.standard.processor.StandardDOMEventAttributeTagProcessor
[THYMELEAF]             * [* {th:onselect,data-th-onselect}] [1000]: karate.org.thymeleaf.standard.processor.StandardDOMEventAttributeTagProcessor
[THYMELEAF]             * [* {th:onreset,data-th-onreset}] [1000]: karate.org.thymeleaf.standard.processor.StandardDOMEventAttributeTagProcessor
[THYMELEAF]             * [* {th:onforminput,data-th-onforminput}] [1000]: karate.org.thymeleaf.standard.processor.StandardDOMEventAttributeTagProcessor
[THYMELEAF]             * [* {th:onblur,data-th-onblur}] [1000]: karate.org.thymeleaf.standard.processor.StandardDOMEventAttributeTagProcessor
[THYMELEAF]             * [* {th:oninvalid,data-th-oninvalid}] [1000]: karate.org.thymeleaf.standard.processor.StandardDOMEventAttributeTagProcessor
[THYMELEAF]             * [* {th:onloadedmetadata,data-th-onloadedmetadata}] [1000]: karate.org.thymeleaf.standard.processor.StandardDOMEventAttributeTagProcessor
[THYMELEAF]             * [* {th:onafterprint,data-th-onafterprint}] [1000]: karate.org.thymeleaf.standard.processor.StandardDOMEventAttributeTagProcessor
[THYMELEAF]             * [* {th:onloadstart,data-th-onloadstart}] [1000]: karate.org.thymeleaf.standard.processor.StandardDOMEventAttributeTagProcessor
[THYMELEAF]             * [* {th:onfocus,data-th-onfocus}] [1000]: karate.org.thymeleaf.standard.processor.StandardDOMEventAttributeTagProcessor
[THYMELEAF]             * [* {th:onended,data-th-onended}] [1000]: karate.org.thymeleaf.standard.processor.StandardDOMEventAttributeTagProcessor
[THYMELEAF]             * [* {th:onmousedown,data-th-onmousedown}] [1000]: karate.org.thymeleaf.standard.processor.StandardDOMEventAttributeTagProcessor
[THYMELEAF]             * [* {th:onmessage,data-th-onmessage}] [1000]: karate.org.thymeleaf.standard.processor.StandardDOMEventAttributeTagProcessor
[THYMELEAF]             * [* {th:ononline,data-th-ononline}] [1000]: karate.org.thymeleaf.standard.processor.StandardDOMEventAttributeTagProcessor
[THYMELEAF]             * [* {th:onredo,data-th-onredo}] [1000]: karate.org.thymeleaf.standard.processor.StandardDOMEventAttributeTagProcessor
[THYMELEAF]             * [* {th:onkeyup,data-th-onkeyup}] [1000]: karate.org.thymeleaf.standard.processor.StandardDOMEventAttributeTagProcessor
[THYMELEAF]             * [* {th:onerror,data-th-onerror}] [1000]: karate.org.thymeleaf.standard.processor.StandardDOMEventAttributeTagProcessor
[THYMELEAF]             * [* {th:onchange,data-th-onchange}] [1000]: karate.org.thymeleaf.standard.processor.StandardDOMEventAttributeTagProcessor
[THYMELEAF]             * [* {th:onhashchange,data-th-onhashchange}] [1000]: karate.org.thymeleaf.standard.processor.StandardDOMEventAttributeTagProcessor
[THYMELEAF]             * [* {th:ontimeupdate,data-th-ontimeupdate}] [1000]: karate.org.thymeleaf.standard.processor.StandardDOMEventAttributeTagProcessor
[THYMELEAF]             * [* {th:onsubmit,data-th-onsubmit}] [1000]: karate.org.thymeleaf.standard.processor.StandardDOMEventAttributeTagProcessor
[THYMELEAF]             * [* {th:onplaying,data-th-onplaying}] [1000]: karate.org.thymeleaf.standard.processor.StandardDOMEventAttributeTagProcessor
[THYMELEAF]             * [* {th:onratechange,data-th-onratechange}] [1000]: karate.org.thymeleaf.standard.processor.StandardDOMEventAttributeTagProcessor
[THYMELEAF]             * [* {th:ondragenter,data-th-ondragenter}] [1000]: karate.org.thymeleaf.standard.processor.StandardDOMEventAttributeTagProcessor
[THYMELEAF]             * [* {th:onvolumechange,data-th-onvolumechange}] [1000]: karate.org.thymeleaf.standard.processor.StandardDOMEventAttributeTagProcessor
[THYMELEAF]             * [* {th:onbeforeunload,data-th-onbeforeunload}] [1000]: karate.org.thymeleaf.standard.processor.StandardDOMEventAttributeTagProcessor
[THYMELEAF]             * [* {th:onplay,data-th-onplay}] [1000]: karate.org.thymeleaf.standard.processor.StandardDOMEventAttributeTagProcessor
[THYMELEAF]             * [* {th:onunload,data-th-onunload}] [1000]: karate.org.thymeleaf.standard.processor.StandardDOMEventAttributeTagProcessor
[THYMELEAF]             * [* {th:ondurationchange,data-th-ondurationchange}] [1000]: karate.org.thymeleaf.standard.processor.StandardDOMEventAttributeTagProcessor
[THYMELEAF]             * [* {th:onshow,data-th-onshow}] [1000]: karate.org.thymeleaf.standard.processor.StandardDOMEventAttributeTagProcessor
[THYMELEAF]             * [* {th:onseeked,data-th-onseeked}] [1000]: karate.org.thymeleaf.standard.processor.StandardDOMEventAttributeTagProcessor
[THYMELEAF]             * [* {th:onwaiting,data-th-onwaiting}] [1000]: karate.org.thymeleaf.standard.processor.StandardDOMEventAttributeTagProcessor
[THYMELEAF]             * [* {th:onkeydown,data-th-onkeydown}] [1000]: karate.org.thymeleaf.standard.processor.StandardDOMEventAttributeTagProcessor
[THYMELEAF]             * [* {th:onseeking,data-th-onseeking}] [1000]: karate.org.thymeleaf.standard.processor.StandardDOMEventAttributeTagProcessor
[THYMELEAF]             * [* {th:onpopstate,data-th-onpopstate}] [1000]: karate.org.thymeleaf.standard.processor.StandardDOMEventAttributeTagProcessor
[THYMELEAF]             * [* {th:onmouseout,data-th-onmouseout}] [1000]: karate.org.thymeleaf.standard.processor.StandardDOMEventAttributeTagProcessor
[THYMELEAF]             * [* {th:ondragstart,data-th-ondragstart}] [1000]: karate.org.thymeleaf.standard.processor.StandardDOMEventAttributeTagProcessor
[THYMELEAF]             * [* {th:onscroll,data-th-onscroll}] [1000]: karate.org.thymeleaf.standard.processor.StandardDOMEventAttributeTagProcessor
[THYMELEAF]             * [* {th:ondragend,data-th-ondragend}] [1000]: karate.org.thymeleaf.standard.processor.StandardDOMEventAttributeTagProcessor
[THYMELEAF]             * [* {th:onoffline,data-th-onoffline}] [1000]: karate.org.thymeleaf.standard.processor.StandardDOMEventAttributeTagProcessor
[THYMELEAF]             * [* {th:onstalled,data-th-onstalled}] [1000]: karate.org.thymeleaf.standard.processor.StandardDOMEventAttributeTagProcessor
[THYMELEAF]             * [* {th:onload,data-th-onload}] [1000]: karate.org.thymeleaf.standard.processor.StandardDOMEventAttributeTagProcessor
[THYMELEAF]             * [* {th:onclick,data-th-onclick}] [1000]: karate.org.thymeleaf.standard.processor.StandardDOMEventAttributeTagProcessor
[THYMELEAF]             * [* {th:ondblclick,data-th-ondblclick}] [1000]: karate.org.thymeleaf.standard.processor.StandardDOMEventAttributeTagProcessor
[THYMELEAF]             * [* {th:ondragover,data-th-ondragover}] [1000]: karate.org.thymeleaf.standard.processor.StandardDOMEventAttributeTagProcessor
[THYMELEAF]             * [* {th:onmousewheel,data-th-onmousewheel}] [1000]: karate.org.thymeleaf.standard.processor.StandardDOMEventAttributeTagProcessor
[THYMELEAF]             * [* {th:ondrag,data-th-ondrag}] [1000]: karate.org.thymeleaf.standard.processor.StandardDOMEventAttributeTagProcessor
[THYMELEAF]             * [* {th:onmousemove,data-th-onmousemove}] [1000]: karate.org.thymeleaf.standard.processor.StandardDOMEventAttributeTagProcessor
[THYMELEAF]             * [* {th:onprogress,data-th-onprogress}] [1000]: karate.org.thymeleaf.standard.processor.StandardDOMEventAttributeTagProcessor
[THYMELEAF]             * [* {th:ondragleave,data-th-ondragleave}] [1000]: karate.org.thymeleaf.standard.processor.StandardDOMEventAttributeTagProcessor
[THYMELEAF]             * [* {th:onemptied,data-th-onemptied}] [1000]: karate.org.thymeleaf.standard.processor.StandardDOMEventAttributeTagProcessor
[THYMELEAF]             * [* {th:onsuspend,data-th-onsuspend}] [1000]: karate.org.thymeleaf.standard.processor.StandardDOMEventAttributeTagProcessor
[THYMELEAF]             * [* {th:onstorage,data-th-onstorage}] [1000]: karate.org.thymeleaf.standard.processor.StandardDOMEventAttributeTagProcessor
[THYMELEAF]             * [* {th:href,data-th-href}] [1000]: karate.org.thymeleaf.standard.processor.StandardHrefTagProcessor
[THYMELEAF]             * [* {th:inline,data-th-inline}] [1000]: karate.org.thymeleaf.standard.processor.StandardInlineHTMLTagProcessor
[THYMELEAF]             * [* {th:method,data-th-method}] [1000]: karate.org.thymeleaf.standard.processor.StandardMethodTagProcessor
[THYMELEAF]             * [* {th:name,data-th-name}] [1000]: karate.org.thymeleaf.standard.processor.StandardNonRemovableAttributeTagProcessor
[THYMELEAF]             * [* {th:type,data-th-type}] [1000]: karate.org.thymeleaf.standard.processor.StandardNonRemovableAttributeTagProcessor
[THYMELEAF]             * [* {th:max,data-th-max}] [1000]: karate.org.thymeleaf.standard.processor.StandardRemovableAttributeTagProcessor
[THYMELEAF]             * [* {th:align,data-th-align}] [1000]: karate.org.thymeleaf.standard.processor.StandardRemovableAttributeTagProcessor
[THYMELEAF]             * [* {th:axis,data-th-axis}] [1000]: karate.org.thymeleaf.standard.processor.StandardRemovableAttributeTagProcessor
[THYMELEAF]             * [* {th:preload,data-th-preload}] [1000]: karate.org.thymeleaf.standard.processor.StandardRemovableAttributeTagProcessor
[THYMELEAF]             * [* {th:rows,data-th-rows}] [1000]: karate.org.thymeleaf.standard.processor.StandardRemovableAttributeTagProcessor
[THYMELEAF]             * [* {th:formtarget,data-th-formtarget}] [1000]: karate.org.thymeleaf.standard.processor.StandardRemovableAttributeTagProcessor
[THYMELEAF]             * [* {th:frame,data-th-frame}] [1000]: karate.org.thymeleaf.standard.processor.StandardRemovableAttributeTagProcessor
[THYMELEAF]             * [* {th:lang,data-th-lang}] [1000]: karate.org.thymeleaf.standard.processor.StandardRemovableAttributeTagProcessor
[THYMELEAF]             * [* {th:border,data-th-border}] [1000]: karate.org.thymeleaf.standard.processor.StandardRemovableAttributeTagProcessor
[THYMELEAF]             * [* {th:codebase,data-th-codebase}] [1000]: karate.org.thymeleaf.standard.processor.StandardRemovableAttributeTagProcessor
[THYMELEAF]             * [* {th:enctype,data-th-enctype}] [1000]: karate.org.thymeleaf.standard.processor.StandardRemovableAttributeTagProcessor
[THYMELEAF]             * [* {th:accept,data-th-accept}] [1000]: karate.org.thymeleaf.standard.processor.StandardRemovableAttributeTagProcessor
[THYMELEAF]             * [* {th:vspace,data-th-vspace}] [1000]: karate.org.thymeleaf.standard.processor.StandardRemovableAttributeTagProcessor
[THYMELEAF]             * [* {th:title,data-th-title}] [1000]: karate.org.thymeleaf.standard.processor.StandardRemovableAttributeTagProcessor
[THYMELEAF]             * [* {th:srclang,data-th-srclang}] [1000]: karate.org.thymeleaf.standard.processor.StandardRemovableAttributeTagProcessor
[THYMELEAF]             * [* {th:span,data-th-span}] [1000]: karate.org.thymeleaf.standard.processor.StandardRemovableAttributeTagProcessor
[THYMELEAF]             * [* {th:datetime,data-th-datetime}] [1000]: karate.org.thymeleaf.standard.processor.StandardRemovableAttributeTagProcessor
[THYMELEAF]             * [* {th:low,data-th-low}] [1000]: karate.org.thymeleaf.standard.processor.StandardRemovableAttributeTagProcessor
[THYMELEAF]             * [* {th:sandbox,data-th-sandbox}] [1000]: karate.org.thymeleaf.standard.processor.StandardRemovableAttributeTagProcessor
[THYMELEAF]             * [* {th:high,data-th-high}] [1000]: karate.org.thymeleaf.standard.processor.StandardRemovableAttributeTagProcessor
[THYMELEAF]             * [* {th:standby,data-th-standby}] [1000]: karate.org.thymeleaf.standard.processor.StandardRemovableAttributeTagProcessor
[THYMELEAF]             * [* {th:poster,data-th-poster}] [1000]: karate.org.thymeleaf.standard.processor.StandardRemovableAttributeTagProcessor
[THYMELEAF]             * [* {th:accept-charset,data-th-accept-charset}] [1000]: karate.org.thymeleaf.standard.processor.StandardRemovableAttributeTagProcessor
[THYMELEAF]             * [* {th:charset,data-th-charset}] [1000]: karate.org.thymeleaf.standard.processor.StandardRemovableAttributeTagProcessor
[THYMELEAF]             * [* {th:accesskey,data-th-accesskey}] [1000]: karate.org.thymeleaf.standard.processor.StandardRemovableAttributeTagProcessor
[THYMELEAF]             * [* {th:contenteditable,data-th-contenteditable}] [1000]: karate.org.thymeleaf.standard.processor.StandardRemovableAttributeTagProcessor
[THYMELEAF]             * [* {th:hreflang,data-th-hreflang}] [1000]: karate.org.thymeleaf.standard.processor.StandardRemovableAttributeTagProcessor
[THYMELEAF]             * [* {th:id,data-th-id}] [1000]: karate.org.thymeleaf.standard.processor.StandardRemovableAttributeTagProcessor
[THYMELEAF]             * [* {th:autocomplete,data-th-autocomplete}] [1000]: karate.org.thymeleaf.standard.processor.StandardRemovableAttributeTagProcessor
[THYMELEAF]             * [* {th:archive,data-th-archive}] [1000]: karate.org.thymeleaf.standard.processor.StandardRemovableAttributeTagProcessor
[THYMELEAF]             * [* {th:sizes,data-th-sizes}] [1000]: karate.org.thymeleaf.standard.processor.StandardRemovableAttributeTagProcessor
[THYMELEAF]             * [* {th:marginwidth,data-th-marginwidth}] [1000]: karate.org.thymeleaf.standard.processor.StandardRemovableAttributeTagProcessor
[THYMELEAF]             * [* {th:scope,data-th-scope}] [1000]: karate.org.thymeleaf.standard.processor.StandardRemovableAttributeTagProcessor
[THYMELEAF]             * [* {th:placeholder,data-th-placeholder}] [1000]: karate.org.thymeleaf.standard.processor.StandardRemovableAttributeTagProcessor
[THYMELEAF]             * [* {th:scrolling,data-th-scrolling}] [1000]: karate.org.thymeleaf.standard.processor.StandardRemovableAttributeTagProcessor
[THYMELEAF]             * [* {th:dir,data-th-dir}] [1000]: karate.org.thymeleaf.standard.processor.StandardRemovableAttributeTagProcessor
[THYMELEAF]             * [* {th:wrap,data-th-wrap}] [1000]: karate.org.thymeleaf.standard.processor.StandardRemovableAttributeTagProcessor
[THYMELEAF]             * [* {th:headers,data-th-headers}] [1000]: karate.org.thymeleaf.standard.processor.StandardRemovableAttributeTagProcessor
[THYMELEAF]             * [* {th:scheme,data-th-scheme}] [1000]: karate.org.thymeleaf.standard.processor.StandardRemovableAttributeTagProcessor
[THYMELEAF]             * [* {th:valuetype,data-th-valuetype}] [1000]: karate.org.thymeleaf.standard.processor.StandardRemovableAttributeTagProcessor
[THYMELEAF]             * [* {th:size,data-th-size}] [1000]: karate.org.thymeleaf.standard.processor.StandardRemovableAttributeTagProcessor
[THYMELEAF]             * [* {th:start,data-th-start}] [1000]: karate.org.thymeleaf.standard.processor.StandardRemovableAttributeTagProcessor
[THYMELEAF]             * [* {th:class,data-th-class}] [1000]: karate.org.thymeleaf.standard.processor.StandardRemovableAttributeTagProcessor
[THYMELEAF]             * [* {th:longdesc,data-th-longdesc}] [1000]: karate.org.thymeleaf.standard.processor.StandardRemovableAttributeTagProcessor
[THYMELEAF]             * [* {th:cellspacing,data-th-cellspacing}] [1000]: karate.org.thymeleaf.standard.processor.StandardRemovableAttributeTagProcessor
[THYMELEAF]             * [* {th:width,data-th-width}] [1000]: karate.org.thymeleaf.standard.processor.StandardRemovableAttributeTagProcessor
[THYMELEAF]             * [* {th:rev,data-th-rev}] [1000]: karate.org.thymeleaf.standard.processor.StandardRemovableAttributeTagProcessor
[THYMELEAF]             * [* {th:rules,data-th-rules}] [1000]: karate.org.thymeleaf.standard.processor.StandardRemovableAttributeTagProcessor
[THYMELEAF]             * [* {th:rel,data-th-rel}] [1000]: karate.org.thymeleaf.standard.processor.StandardRemovableAttributeTagProcessor
[THYMELEAF]             * [* {th:audio,data-th-audio}] [1000]: karate.org.thymeleaf.standard.processor.StandardRemovableAttributeTagProcessor
[THYMELEAF]             * [* {th:kind,data-th-kind}] [1000]: karate.org.thymeleaf.standard.processor.StandardRemovableAttributeTagProcessor
[THYMELEAF]             * [* {th:style,data-th-style}] [1000]: karate.org.thymeleaf.standard.processor.StandardRemovableAttributeTagProcessor
[THYMELEAF]             * [* {th:bgcolor,data-th-bgcolor}] [1000]: karate.org.thymeleaf.standard.processor.StandardRemovableAttributeTagProcessor
[THYMELEAF]             * [* {th:colspan,data-th-colspan}] [1000]: karate.org.thymeleaf.standard.processor.StandardRemovableAttributeTagProcessor
[THYMELEAF]             * [* {th:hspace,data-th-hspace}] [1000]: karate.org.thymeleaf.standard.processor.StandardRemovableAttributeTagProcessor
[THYMELEAF]             * [* {th:rowspan,data-th-rowspan}] [1000]: karate.org.thymeleaf.standard.processor.StandardRemovableAttributeTagProcessor
[THYMELEAF]             * [* {th:marginheight,data-th-marginheight}] [1000]: karate.org.thymeleaf.standard.processor.StandardRemovableAttributeTagProcessor
[THYMELEAF]             * [* {th:compact,data-th-compact}] [1000]: karate.org.thymeleaf.standard.processor.StandardRemovableAttributeTagProcessor
[THYMELEAF]             * [* {th:cellpadding,data-th-cellpadding}] [1000]: karate.org.thymeleaf.standard.processor.StandardRemovableAttributeTagProcessor
[THYMELEAF]             * [* {th:abbr,data-th-abbr}] [1000]: karate.org.thymeleaf.standard.processor.StandardRemovableAttributeTagProcessor
[THYMELEAF]             * [* {th:dropzone,data-th-dropzone}] [1000]: karate.org.thymeleaf.standard.processor.StandardRemovableAttributeTagProcessor
[THYMELEAF]             * [* {th:media,data-th-media}] [1000]: karate.org.thymeleaf.standard.processor.StandardRemovableAttributeTagProcessor
[THYMELEAF]             * [* {th:radiogroup,data-th-radiogroup}] [1000]: karate.org.thymeleaf.standard.processor.StandardRemovableAttributeTagProcessor
[THYMELEAF]             * [* {th:classid,data-th-classid}] [1000]: karate.org.thymeleaf.standard.processor.StandardRemovableAttributeTagProcessor
[THYMELEAF]             * [* {th:list,data-th-list}] [1000]: karate.org.thymeleaf.standard.processor.StandardRemovableAttributeTagProcessor
[THYMELEAF]             * [* {th:alt,data-th-alt}] [1000]: karate.org.thymeleaf.standard.processor.StandardRemovableAttributeTagProcessor
[THYMELEAF]             * [* {th:content,data-th-content}] [1000]: karate.org.thymeleaf.standard.processor.StandardRemovableAttributeTagProcessor
[THYMELEAF]             * [* {th:keytype,data-th-keytype}] [1000]: karate.org.thymeleaf.standard.processor.StandardRemovableAttributeTagProcessor
[THYMELEAF]             * [* {th:optimum,data-th-optimum}] [1000]: karate.org.thymeleaf.standard.processor.StandardRemovableAttributeTagProcessor
[THYMELEAF]             * [* {th:challenge,data-th-challenge}] [1000]: karate.org.thymeleaf.standard.processor.StandardRemovableAttributeTagProcessor
[THYMELEAF]             * [* {th:tabindex,data-th-tabindex}] [1000]: karate.org.thymeleaf.standard.processor.StandardRemovableAttributeTagProcessor
[THYMELEAF]             * [* {th:icon,data-th-icon}] [1000]: karate.org.thymeleaf.standard.processor.StandardRemovableAttributeTagProcessor
[THYMELEAF]             * [* {th:contextmenu,data-th-contextmenu}] [1000]: karate.org.thymeleaf.standard.processor.StandardRemovableAttributeTagProcessor
[THYMELEAF]             * [* {th:background,data-th-background}] [1000]: karate.org.thymeleaf.standard.processor.StandardRemovableAttributeTagProcessor
[THYMELEAF]             * [* {th:usemap,data-th-usemap}] [1000]: karate.org.thymeleaf.standard.processor.StandardRemovableAttributeTagProcessor
[THYMELEAF]             * [* {th:formaction,data-th-formaction}] [1000]: karate.org.thymeleaf.standard.processor.StandardRemovableAttributeTagProcessor
[THYMELEAF]             * [* {th:target,data-th-target}] [1000]: karate.org.thymeleaf.standard.processor.StandardRemovableAttributeTagProcessor
[THYMELEAF]             * [* {th:pattern,data-th-pattern}] [1000]: karate.org.thymeleaf.standard.processor.StandardRemovableAttributeTagProcessor
[THYMELEAF]             * [* {th:http-equiv,data-th-http-equiv}] [1000]: karate.org.thymeleaf.standard.processor.StandardRemovableAttributeTagProcessor
[THYMELEAF]             * [* {th:formenctype,data-th-formenctype}] [1000]: karate.org.thymeleaf.standard.processor.StandardRemovableAttributeTagProcessor
[THYMELEAF]             * [* {th:label,data-th-label}] [1000]: karate.org.thymeleaf.standard.processor.StandardRemovableAttributeTagProcessor
[THYMELEAF]             * [* {th:draggable,data-th-draggable}] [1000]: karate.org.thymeleaf.standard.processor.StandardRemovableAttributeTagProcessor
[THYMELEAF]             * [* {th:formmethod,data-th-formmethod}] [1000]: karate.org.thymeleaf.standard.processor.StandardRemovableAttributeTagProcessor
[THYMELEAF]             * [* {th:cite,data-th-cite}] [1000]: karate.org.thymeleaf.standard.processor.StandardRemovableAttributeTagProcessor
[THYMELEAF]             * [* {th:codetype,data-th-codetype}] [1000]: karate.org.thymeleaf.standard.processor.StandardRemovableAttributeTagProcessor
[THYMELEAF]             * [* {th:summary,data-th-summary}] [1000]: karate.org.thymeleaf.standard.processor.StandardRemovableAttributeTagProcessor
[THYMELEAF]             * [* {th:min,data-th-min}] [1000]: karate.org.thymeleaf.standard.processor.StandardRemovableAttributeTagProcessor
[THYMELEAF]             * [* {th:form,data-th-form}] [1000]: karate.org.thymeleaf.standard.processor.StandardRemovableAttributeTagProcessor
[THYMELEAF]             * [* {th:height,data-th-height}] [1000]: karate.org.thymeleaf.standard.processor.StandardRemovableAttributeTagProcessor
[THYMELEAF]             * [* {th:spellcheck,data-th-spellcheck}] [1000]: karate.org.thymeleaf.standard.processor.StandardRemovableAttributeTagProcessor
[THYMELEAF]             * [* {th:data,data-th-data}] [1000]: karate.org.thymeleaf.standard.processor.StandardRemovableAttributeTagProcessor
[THYMELEAF]             * [* {th:cols,data-th-cols}] [1000]: karate.org.thymeleaf.standard.processor.StandardRemovableAttributeTagProcessor
[THYMELEAF]             * [* {th:manifest,data-th-manifest}] [1000]: karate.org.thymeleaf.standard.processor.StandardRemovableAttributeTagProcessor
[THYMELEAF]             * [* {th:for,data-th-for}] [1000]: karate.org.thymeleaf.standard.processor.StandardRemovableAttributeTagProcessor
[THYMELEAF]             * [* {th:frameborder,data-th-frameborder}] [1000]: karate.org.thymeleaf.standard.processor.StandardRemovableAttributeTagProcessor
[THYMELEAF]             * [* {th:step,data-th-step}] [1000]: karate.org.thymeleaf.standard.processor.StandardRemovableAttributeTagProcessor
[THYMELEAF]             * [* {th:maxlength,data-th-maxlength}] [1000]: karate.org.thymeleaf.standard.processor.StandardRemovableAttributeTagProcessor
[THYMELEAF]             * [* {th:src,data-th-src}] [1000]: karate.org.thymeleaf.standard.processor.StandardSrcTagProcessor
[THYMELEAF]             * [* {th:value,data-th-value}] [1000]: karate.org.thymeleaf.standard.processor.StandardValueTagProcessor
[THYMELEAF]             * [* {th:xmlbase,data-th-xmlbase}] [1000]: karate.org.thymeleaf.standard.processor.StandardXmlBaseTagProcessor
[THYMELEAF]             * [* {th:xmllang,data-th-xmllang}] [1000]: karate.org.thymeleaf.standard.processor.StandardXmlLangTagProcessor
[THYMELEAF]             * [* {xmlns:th}] [1000]: karate.org.thymeleaf.standard.processor.StandardXmlNsTagProcessor
[THYMELEAF]             * [* {th:xmlspace,data-th-xmlspace}] [1000]: karate.org.thymeleaf.standard.processor.StandardXmlSpaceTagProcessor
[THYMELEAF]             * [* {th:classappend,data-th-classappend}] [1100]: karate.org.thymeleaf.standard.processor.StandardClassappendTagProcessor
[THYMELEAF]             * [* {th:styleappend,data-th-styleappend}] [1100]: karate.org.thymeleaf.standard.processor.StandardStyleappendTagProcessor
[THYMELEAF]             * [* {th:text,data-th-text}] [1300]: karate.org.thymeleaf.standard.processor.StandardTextTagProcessor
[THYMELEAF]             * [* {th:utext,data-th-utext}] [1400]: karate.org.thymeleaf.standard.processor.StandardUtextTagProcessor
[THYMELEAF]             * [* {th:fragment,data-th-fragment}] [1500]: karate.org.thymeleaf.standard.processor.StandardFragmentTagProcessor
[THYMELEAF]             * [* {th:assert,data-th-assert}] [1550]: karate.org.thymeleaf.standard.processor.StandardAssertTagProcessor
[THYMELEAF]             * [* {th:remove,data-th-remove}] [1600]: karate.org.thymeleaf.standard.processor.StandardRemoveTagProcessor
[THYMELEAF]             * [* {th:ref,data-th-ref}] [10000]: karate.org.thymeleaf.standard.processor.StandardRefAttributeTagProcessor
[THYMELEAF]             * [{th:block,th-block} *] [100000]: karate.org.thymeleaf.standard.processor.StandardBlockTagProcessor
[THYMELEAF]             * [* th:*] [2147483647]: karate.org.thymeleaf.standard.processor.StandardDefaultAttributesTagProcessor
[THYMELEAF]         * Text Processors by [precedence]:
[THYMELEAF]             * [1000]: karate.org.thymeleaf.standard.processor.StandardInliningTextProcessor
[THYMELEAF]         * DOCTYPE Processors by [precedence]:
[THYMELEAF]             * [1000]: karate.org.thymeleaf.standard.processor.StandardTranslationDocTypeProcessor
[THYMELEAF]         * CDATA Section Processors by [precedence]:
[THYMELEAF]             * [1000]: karate.org.thymeleaf.standard.processor.StandardInliningCDATASectionProcessor
[THYMELEAF]         * Comment Processors by [precedence]:
[THYMELEAF]             * [1000]: karate.org.thymeleaf.standard.processor.StandardInliningCommentProcessor
[THYMELEAF]             * [1100]: karate.org.thymeleaf.standard.processor.StandardConditionalCommentProcessor
[THYMELEAF]     * Processors for Template Mode: XML
[THYMELEAF]         * Element Tag Processors by [matching element and attribute name] [precedence]:
[THYMELEAF]             * [* {th:include}] [100]: karate.org.thymeleaf.standard.processor.StandardIncludeTagProcessor
[THYMELEAF]             * [* {th:insert}] [100]: karate.org.thymeleaf.standard.processor.StandardInsertTagProcessor
[THYMELEAF]             * [* {th:replace}] [100]: karate.org.thymeleaf.standard.processor.StandardReplaceTagProcessor
[THYMELEAF]             * [* {th:substituteby}] [100]: karate.org.thymeleaf.standard.processor.StandardSubstituteByTagProcessor
[THYMELEAF]             * [* {th:each}] [200]: com.intuit.karate.template.KarateEachTagProcessor
[THYMELEAF]             * [* {th:switch}] [250]: karate.org.thymeleaf.standard.processor.StandardSwitchTagProcessor
[THYMELEAF]             * [* {th:case}] [275]: karate.org.thymeleaf.standard.processor.StandardCaseTagProcessor
[THYMELEAF]             * [* {th:if}] [300]: karate.org.thymeleaf.standard.processor.StandardIfTagProcessor
[THYMELEAF]             * [* {th:unless}] [400]: karate.org.thymeleaf.standard.processor.StandardUnlessTagProcessor
[THYMELEAF]             * [* {th:object}] [500]: karate.org.thymeleaf.standard.processor.StandardObjectTagProcessor
[THYMELEAF]             * [* {th:with}] [600]: com.intuit.karate.template.KarateWithTagProcessor
[THYMELEAF]             * [* {th:attr}] [700]: com.intuit.karate.template.KarateAttributeTagProcessor.KarateAttrTagProcessor
[THYMELEAF]             * [* {th:attrappend}] [900]: com.intuit.karate.template.KarateAttributeTagProcessor.KarateAttrappendTagProcessor
[THYMELEAF]             * [* {th:attrprepend}] [900]: com.intuit.karate.template.KarateAttributeTagProcessor.KarateAttrprependTagProcessor
[THYMELEAF]             * [* {th:inline}] [1000]: karate.org.thymeleaf.standard.processor.StandardInlineXMLTagProcessor
[THYMELEAF]             * [* {xmlns:th}] [1000]: karate.org.thymeleaf.standard.processor.StandardXmlNsTagProcessor
[THYMELEAF]             * [* {th:text}] [1300]: karate.org.thymeleaf.standard.processor.StandardTextTagProcessor
[THYMELEAF]             * [* {th:utext}] [1400]: karate.org.thymeleaf.standard.processor.StandardUtextTagProcessor
[THYMELEAF]             * [* {th:fragment}] [1500]: karate.org.thymeleaf.standard.processor.StandardFragmentTagProcessor
[THYMELEAF]             * [* {th:assert}] [1550]: karate.org.thymeleaf.standard.processor.StandardAssertTagProcessor
[THYMELEAF]             * [* {th:remove}] [1600]: karate.org.thymeleaf.standard.processor.StandardRemoveTagProcessor
[THYMELEAF]             * [* {th:ref}] [10000]: karate.org.thymeleaf.standard.processor.StandardRefAttributeTagProcessor
[THYMELEAF]             * [{th:block} *] [100000]: karate.org.thymeleaf.standard.processor.StandardBlockTagProcessor
[THYMELEAF]             * [* th:*] [2147483647]: karate.org.thymeleaf.standard.processor.StandardDefaultAttributesTagProcessor
[THYMELEAF]         * Text Processors by [precedence]:
[THYMELEAF]             * [1000]: karate.org.thymeleaf.standard.processor.StandardInliningTextProcessor
[THYMELEAF]         * CDATA Section Processors by [precedence]:
[THYMELEAF]             * [1000]: karate.org.thymeleaf.standard.processor.StandardInliningCDATASectionProcessor
[THYMELEAF]         * Comment Processors by [precedence]:
[THYMELEAF]             * [1000]: karate.org.thymeleaf.standard.processor.StandardInliningCommentProcessor
[THYMELEAF]     * Processors for Template Mode: TEXT
[THYMELEAF]         * Element Tag Processors by [matching element and attribute name] [precedence]:
[THYMELEAF]             * [* {th:insert}] [100]: karate.org.thymeleaf.standard.processor.StandardInsertTagProcessor
[THYMELEAF]             * [* {th:replace}] [100]: karate.org.thymeleaf.standard.processor.StandardReplaceTagProcessor
[THYMELEAF]             * [* {th:each}] [200]: com.intuit.karate.template.KarateEachTagProcessor
[THYMELEAF]             * [* {th:switch}] [250]: karate.org.thymeleaf.standard.processor.StandardSwitchTagProcessor
[THYMELEAF]             * [* {th:case}] [275]: karate.org.thymeleaf.standard.processor.StandardCaseTagProcessor
[THYMELEAF]             * [* {th:if}] [300]: karate.org.thymeleaf.standard.processor.StandardIfTagProcessor
[THYMELEAF]             * [* {th:unless}] [400]: karate.org.thymeleaf.standard.processor.StandardUnlessTagProcessor
[THYMELEAF]             * [* {th:object}] [500]: karate.org.thymeleaf.standard.processor.StandardObjectTagProcessor
[THYMELEAF]             * [* {th:with}] [600]: com.intuit.karate.template.KarateWithTagProcessor
[THYMELEAF]             * [* {th:inline}] [1000]: karate.org.thymeleaf.standard.processor.StandardInlineTextualTagProcessor
[THYMELEAF]             * [* {th:text}] [1300]: karate.org.thymeleaf.standard.processor.StandardTextTagProcessor
[THYMELEAF]             * [* {th:utext}] [1400]: karate.org.thymeleaf.standard.processor.StandardUtextTagProcessor
[THYMELEAF]             * [* {th:assert}] [1550]: karate.org.thymeleaf.standard.processor.StandardAssertTagProcessor
[THYMELEAF]             * [* {th:remove}] [1600]: karate.org.thymeleaf.standard.processor.StandardRemoveTagProcessor
[THYMELEAF]             * [{th:block} *] [100000]: karate.org.thymeleaf.standard.processor.StandardBlockTagProcessor
[THYMELEAF]             * [* 100000] [karate.org.thymeleaf.standard.processor.StandardBlockTagProcessor]: {}
[THYMELEAF]         * Text Processors by [precedence]:
[THYMELEAF]             * [1000]: karate.org.thymeleaf.standard.processor.StandardInliningTextProcessor
[THYMELEAF]     * Processors for Template Mode: JAVASCRIPT
[THYMELEAF]         * Element Tag Processors by [matching element and attribute name] [precedence]:
[THYMELEAF]             * [* {th:insert}] [100]: karate.org.thymeleaf.standard.processor.StandardInsertTagProcessor
[THYMELEAF]             * [* {th:replace}] [100]: karate.org.thymeleaf.standard.processor.StandardReplaceTagProcessor
[THYMELEAF]             * [* {th:each}] [200]: com.intuit.karate.template.KarateEachTagProcessor
[THYMELEAF]             * [* {th:switch}] [250]: karate.org.thymeleaf.standard.processor.StandardSwitchTagProcessor
[THYMELEAF]             * [* {th:case}] [275]: karate.org.thymeleaf.standard.processor.StandardCaseTagProcessor
[THYMELEAF]             * [* {th:if}] [300]: karate.org.thymeleaf.standard.processor.StandardIfTagProcessor
[THYMELEAF]             * [* {th:unless}] [400]: karate.org.thymeleaf.standard.processor.StandardUnlessTagProcessor
[THYMELEAF]             * [* {th:object}] [500]: karate.org.thymeleaf.standard.processor.StandardObjectTagProcessor
[THYMELEAF]             * [* {th:with}] [600]: com.intuit.karate.template.KarateWithTagProcessor
[THYMELEAF]             * [* {th:inline}] [1000]: karate.org.thymeleaf.standard.processor.StandardInlineTextualTagProcessor
[THYMELEAF]             * [* {th:text}] [1300]: karate.org.thymeleaf.standard.processor.StandardTextTagProcessor
[THYMELEAF]             * [* {th:utext}] [1400]: karate.org.thymeleaf.standard.processor.StandardUtextTagProcessor
[THYMELEAF]             * [* {th:assert}] [1550]: karate.org.thymeleaf.standard.processor.StandardAssertTagProcessor
[THYMELEAF]             * [* {th:remove}] [1600]: karate.org.thymeleaf.standard.processor.StandardRemoveTagProcessor
[THYMELEAF]             * [{th:block} *] [100000]: karate.org.thymeleaf.standard.processor.StandardBlockTagProcessor
[THYMELEAF]             * [* 100000] [karate.org.thymeleaf.standard.processor.StandardBlockTagProcessor]: {}
[THYMELEAF]         * Text Processors by [precedence]:
[THYMELEAF]             * [1000]: karate.org.thymeleaf.standard.processor.StandardInliningTextProcessor
[THYMELEAF]     * Processors for Template Mode: CSS
[THYMELEAF]         * Element Tag Processors by [matching element and attribute name] [precedence]:
[THYMELEAF]             * [* {th:insert}] [100]: karate.org.thymeleaf.standard.processor.StandardInsertTagProcessor
[THYMELEAF]             * [* {th:replace}] [100]: karate.org.thymeleaf.standard.processor.StandardReplaceTagProcessor
[THYMELEAF]             * [* {th:each}] [200]: com.intuit.karate.template.KarateEachTagProcessor
[THYMELEAF]             * [* {th:switch}] [250]: karate.org.thymeleaf.standard.processor.StandardSwitchTagProcessor
[THYMELEAF]             * [* {th:case}] [275]: karate.org.thymeleaf.standard.processor.StandardCaseTagProcessor
[THYMELEAF]             * [* {th:if}] [300]: karate.org.thymeleaf.standard.processor.StandardIfTagProcessor
[THYMELEAF]             * [* {th:unless}] [400]: karate.org.thymeleaf.standard.processor.StandardUnlessTagProcessor
[THYMELEAF]             * [* {th:object}] [500]: karate.org.thymeleaf.standard.processor.StandardObjectTagProcessor
[THYMELEAF]             * [* {th:with}] [600]: com.intuit.karate.template.KarateWithTagProcessor
[THYMELEAF]             * [* {th:inline}] [1000]: karate.org.thymeleaf.standard.processor.StandardInlineTextualTagProcessor
[THYMELEAF]             * [* {th:text}] [1300]: karate.org.thymeleaf.standard.processor.StandardTextTagProcessor
[THYMELEAF]             * [* {th:utext}] [1400]: karate.org.thymeleaf.standard.processor.StandardUtextTagProcessor
[THYMELEAF]             * [* {th:assert}] [1550]: karate.org.thymeleaf.standard.processor.StandardAssertTagProcessor
[THYMELEAF]             * [* {th:remove}] [1600]: karate.org.thymeleaf.standard.processor.StandardRemoveTagProcessor
[THYMELEAF]             * [* 100000] [karate.org.thymeleaf.standard.processor.StandardBlockTagProcessor]: {}
[THYMELEAF]             * [{th:block} *] [100000]: karate.org.thymeleaf.standard.processor.StandardBlockTagProcessor
[THYMELEAF]         * Text Processors by [precedence]:
[THYMELEAF]             * [1000]: karate.org.thymeleaf.standard.processor.StandardInliningTextProcessor
[THYMELEAF]     * Expression Objects:
[THYMELEAF]         * #ctx
[THYMELEAF]         * #root
[THYMELEAF]         * #vars
[THYMELEAF]         * #object
[THYMELEAF]         * #locale
[THYMELEAF]         * #request
[THYMELEAF]         * #response
[THYMELEAF]         * #session
[THYMELEAF]         * #servletContext
[THYMELEAF]         * #conversions
[THYMELEAF]         * #uris
[THYMELEAF]         * #calendars
[THYMELEAF]         * #dates
[THYMELEAF]         * #bools
[THYMELEAF]         * #numbers
[THYMELEAF]         * #objects
[THYMELEAF]         * #strings
[THYMELEAF]         * #arrays
[THYMELEAF]         * #lists
[THYMELEAF]         * #sets
[THYMELEAF]         * #maps
[THYMELEAF]         * #aggregates
[THYMELEAF]         * #messages
[THYMELEAF]         * #ids
[THYMELEAF]         * #execInfo
[THYMELEAF]         * #httpServletRequest
[THYMELEAF]         * #httpSession
[THYMELEAF]     * Execution Attributes:
[THYMELEAF]         * "StandardExpressionParser": com.intuit.karate.template.KarateStandardDialect@508f4bb5
[THYMELEAF]         * "StandardJavaScriptSerializer": karate.org.thymeleaf.standard.serializer.StandardJavaScriptSerializer@5d22ed6c
[THYMELEAF]         * "StandardCSSSerializer": karate.org.thymeleaf.standard.serializer.StandardCSSSerializer@37c37d67
[THYMELEAF]         * "StandardVariableExpressionEvaluator": com.intuit.karate.template.KarateStandardDialect@508f4bb5
[THYMELEAF]         * "StandardConversionService": karate.org.thymeleaf.standard.expression.StandardConversionService@5a4b8e25
[THYMELEAF] * Dialect [2 of 2]: karate (com.intuit.karate.template.KarateScriptDialect)
[THYMELEAF]     * Prefix: "ka"
[THYMELEAF]     * Processors for Template Mode: HTML
[THYMELEAF]         * Element Tag Processors by [matching element and attribute name] [precedence]:
[THYMELEAF]             * [* {src}] [1000]: com.intuit.karate.template.KaScriptAttrProcessor
[THYMELEAF]         * Element Model Processors by [matching element and attribute name] [precedence]:
[THYMELEAF]             * [{script} {ka:scope,data-ka-scope}] [1000]: com.intuit.karate.template.KaScriptElemProcessor
[THYMELEAF]             * [* {ka:set,data-ka-set}] [1000]: com.intuit.karate.template.KaSetElemProcessor
[THYMELEAF] TEMPLATE ENGINE CONFIGURED OK
20:02:07.886 [main] DEBUG karate.org.thymeleaf.TemplateEngine - [THYMELEAF] TEMPLATE ENGINE INITIALIZED
---------------------------------------------------------
feature: classpath:com/big/features/APIfeatures/SCU/TOKEN -SAPI/TokenSAPI.feature
scenarios:  1 | passed:  0 | failed:  1 | time: 0.0038
---------------------------------------------------------

20:02:07.903 [main] INFO com.intuit.karate.Suite - <<fail>> feature 10 of 12 (0 remaining) classpath:com/big/features/APIfeatures/SCU/TOKEN -SAPI/TokenSAPI.feature
20:02:07.910 [main] ERROR com.intuit.karate - classpath:com/big/features/APIfeatures/SCU/TOKEN -XAPI/Token.feature:6
Given url Baseurl '/api/bat/member/'
js failed:
>>>>
01: Baseurl '/api/bat/member/'
<<<<
org.graalvm.polyglot.PolyglotException: SyntaxError: Unnamed:1:9 Expected ; but found /api/bat/member/
Baseurl '/api/bat/member/'
         ^

- org.graalvm.polyglot.Context.eval(Context.java:425)
- com.intuit.karate.graal.JsEngine.evalForValue(JsEngine.java:141)
- com.intuit.karate.graal.JsEngine.eval(JsEngine.java:137)
- com.intuit.karate.core.ScenarioEngine.evalJs(ScenarioEngine.java:1344)
- com.intuit.karate.core.ScenarioEngine.evalKarateExpression(ScenarioEngine.java:2373)
- com.intuit.karate.core.ScenarioEngine.evalKarateExpression(ScenarioEngine.java:2292)
- com.intuit.karate.core.ScenarioEngine.url(ScenarioEngine.java:365)

classpath:com/big/features/APIfeatures/SCU/TOKEN -XAPI/Token.feature:6
20:02:07.914 [main] ERROR com.intuit.karate - classpath:com/big/features/APIfeatures/SCU/TOKEN -XAPI/Token.feature:12
Given url Baseurl + '/healthcheck'
js failed:
>>>>
01: Baseurl + '/healthcheck'
<<<<
org.graalvm.polyglot.PolyglotException: ReferenceError: "Baseurl" is not defined
- <js>.:program(Unnamed:1)

classpath:com/big/features/APIfeatures/SCU/TOKEN -XAPI/Token.feature:12
20:02:07.918 [main] DEBUG com.jayway.jsonpath.internal.path.CompiledPath - Evaluating path: $
20:02:07.919 [main] ERROR com.intuit.karate - classpath:com/big/features/APIfeatures/SCU/TOKEN -XAPI/Token.feature:19
Given url BaseUrl
js failed:
>>>>
01: BaseUrl
<<<<
org.graalvm.polyglot.PolyglotException: ReferenceError: "BaseUrl" is not defined
- <js>.:program(Unnamed:1)

classpath:com/big/features/APIfeatures/SCU/TOKEN -XAPI/Token.feature:19
20:02:07.925 [main] DEBUG karate.org.thymeleaf.TemplateEngine - [THYMELEAF] INITIALIZING TEMPLATE ENGINE
20:02:07.934 [main] DEBUG karate.org.thymeleaf.TemplateEngine.CONFIG - Initializing Thymeleaf Template engine configuration...
[THYMELEAF] TEMPLATE ENGINE CONFIGURATION:
[THYMELEAF] * Thymeleaf version: 3.0.14.RELEASE (built 2021-12-08T00:45:29+0000)
[THYMELEAF] * Cache Manager implementation: karate.org.thymeleaf.cache.StandardCacheManager
[THYMELEAF] * Template resolvers:
[THYMELEAF]     * [1] com.intuit.karate.template.ResourceHtmlTemplateResolver
[THYMELEAF] * Message resolvers:
[THYMELEAF]     * karate.org.thymeleaf.messageresolver.StandardMessageResolver
[THYMELEAF] * Link builders:
[THYMELEAF]     * karate.org.thymeleaf.linkbuilder.StandardLinkBuilder
[THYMELEAF] * Dialect [1 of 2]: Standard (com.intuit.karate.template.KarateStandardDialect)
[THYMELEAF]     * Prefix: "th"
[THYMELEAF]     * Processors for Template Mode: HTML
[THYMELEAF]         * Element Tag Processors by [matching element and attribute name] [precedence]:
[THYMELEAF]             * [* {th:include,data-th-include}] [100]: karate.org.thymeleaf.standard.processor.StandardIncludeTagProcessor
[THYMELEAF]             * [* {th:insert,data-th-insert}] [100]: karate.org.thymeleaf.standard.processor.StandardInsertTagProcessor
[THYMELEAF]             * [* {th:replace,data-th-replace}] [100]: karate.org.thymeleaf.standard.processor.StandardReplaceTagProcessor
[THYMELEAF]             * [* {th:substituteby,data-th-substituteby}] [100]: karate.org.thymeleaf.standard.processor.StandardSubstituteByTagProcessor
[THYMELEAF]             * [* {th:each,data-th-each}] [200]: com.intuit.karate.template.KarateEachTagProcessor
[THYMELEAF]             * [* {th:switch,data-th-switch}] [250]: karate.org.thymeleaf.standard.processor.StandardSwitchTagProcessor
[THYMELEAF]             * [* {th:case,data-th-case}] [275]: karate.org.thymeleaf.standard.processor.StandardCaseTagProcessor
[THYMELEAF]             * [* {th:if,data-th-if}] [300]: karate.org.thymeleaf.standard.processor.StandardIfTagProcessor
[THYMELEAF]             * [* {th:unless,data-th-unless}] [400]: karate.org.thymeleaf.standard.processor.StandardUnlessTagProcessor
[THYMELEAF]             * [* {th:object,data-th-object}] [500]: karate.org.thymeleaf.standard.processor.StandardObjectTagProcessor
[THYMELEAF]             * [* {th:with,data-th-with}] [600]: com.intuit.karate.template.KarateWithTagProcessor
[THYMELEAF]             * [* {th:attr,data-th-attr}] [700]: com.intuit.karate.template.KarateAttributeTagProcessor.KarateAttrTagProcessor
[THYMELEAF]             * [* {th:attrappend,data-th-attrappend}] [900]: com.intuit.karate.template.KarateAttributeTagProcessor.KarateAttrappendTagProcessor
[THYMELEAF]             * [* {th:attrprepend,data-th-attrprepend}] [900]: com.intuit.karate.template.KarateAttributeTagProcessor.KarateAttrprependTagProcessor
[THYMELEAF]             * [* {th:alt-title,data-th-alt-title}] [990]: karate.org.thymeleaf.standard.processor.StandardAltTitleTagProcessor
[THYMELEAF]             * [* {th:lang-xmllang,data-th-lang-xmllang}] [990]: karate.org.thymeleaf.standard.processor.StandardLangXmlLangTagProcessor
[THYMELEAF]             * [* {th:action,data-th-action}] [1000]: karate.org.thymeleaf.standard.processor.StandardActionTagProcessor
[THYMELEAF]             * [* {th:seamless,data-th-seamless}] [1000]: karate.org.thymeleaf.standard.processor.StandardConditionalFixedValueTagProcessor
[THYMELEAF]             * [* {th:readonly,data-th-readonly}] [1000]: karate.org.thymeleaf.standard.processor.StandardConditionalFixedValueTagProcessor
[THYMELEAF]             * [* {th:defer,data-th-defer}] [1000]: karate.org.thymeleaf.standard.processor.StandardConditionalFixedValueTagProcessor
[THYMELEAF]             * [* {th:declare,data-th-declare}] [1000]: karate.org.thymeleaf.standard.processor.StandardConditionalFixedValueTagProcessor
[THYMELEAF]             * [* {th:open,data-th-open}] [1000]: karate.org.thymeleaf.standard.processor.StandardConditionalFixedValueTagProcessor
[THYMELEAF]             * [* {th:disabled,data-th-disabled}] [1000]: karate.org.thymeleaf.standard.processor.StandardConditionalFixedValueTagProcessor
[THYMELEAF]             * [* {th:pubdate,data-th-pubdate}] [1000]: karate.org.thymeleaf.standard.processor.StandardConditionalFixedValueTagProcessor
[THYMELEAF]             * [* {th:controls,data-th-controls}] [1000]: karate.org.thymeleaf.standard.processor.StandardConditionalFixedValueTagProcessor
[THYMELEAF]             * [* {th:ismap,data-th-ismap}] [1000]: karate.org.thymeleaf.standard.processor.StandardConditionalFixedValueTagProcessor
[THYMELEAF]             * [* {th:required,data-th-required}] [1000]: karate.org.thymeleaf.standard.processor.StandardConditionalFixedValueTagProcessor
[THYMELEAF]             * [* {th:novalidate,data-th-novalidate}] [1000]: karate.org.thymeleaf.standard.processor.StandardConditionalFixedValueTagProcessor
[THYMELEAF]             * [* {th:hidden,data-th-hidden}] [1000]: karate.org.thymeleaf.standard.processor.StandardConditionalFixedValueTagProcessor
[THYMELEAF]             * [* {th:scoped,data-th-scoped}] [1000]: karate.org.thymeleaf.standard.processor.StandardConditionalFixedValueTagProcessor
[THYMELEAF]             * [* {th:loop,data-th-loop}] [1000]: karate.org.thymeleaf.standard.processor.StandardConditionalFixedValueTagProcessor
[THYMELEAF]             * [* {th:autoplay,data-th-autoplay}] [1000]: karate.org.thymeleaf.standard.processor.StandardConditionalFixedValueTagProcessor
[THYMELEAF]             * [* {th:async,data-th-async}] [1000]: karate.org.thymeleaf.standard.processor.StandardConditionalFixedValueTagProcessor
[THYMELEAF]             * [* {th:nowrap,data-th-nowrap}] [1000]: karate.org.thymeleaf.standard.processor.StandardConditionalFixedValueTagProcessor
[THYMELEAF]             * [* {th:selected,data-th-selected}] [1000]: karate.org.thymeleaf.standard.processor.StandardConditionalFixedValueTagProcessor
[THYMELEAF]             * [* {th:reversed,data-th-reversed}] [1000]: karate.org.thymeleaf.standard.processor.StandardConditionalFixedValueTagProcessor
[THYMELEAF]             * [* {th:multiple,data-th-multiple}] [1000]: karate.org.thymeleaf.standard.processor.StandardConditionalFixedValueTagProcessor
[THYMELEAF]             * [* {th:formnovalidate,data-th-formnovalidate}] [1000]: karate.org.thymeleaf.standard.processor.StandardConditionalFixedValueTagProcessor
[THYMELEAF]             * [* {th:checked,data-th-checked}] [1000]: karate.org.thymeleaf.standard.processor.StandardConditionalFixedValueTagProcessor
[THYMELEAF]             * [* {th:autofocus,data-th-autofocus}] [1000]: karate.org.thymeleaf.standard.processor.StandardConditionalFixedValueTagProcessor
[THYMELEAF]             * [* {th:default,data-th-default}] [1000]: karate.org.thymeleaf.standard.processor.StandardConditionalFixedValueTagProcessor
[THYMELEAF]             * [* {th:ondragstart,data-th-ondragstart}] [1000]: karate.org.thymeleaf.standard.processor.StandardDOMEventAttributeTagProcessor
[THYMELEAF]             * [* {th:ondragleave,data-th-ondragleave}] [1000]: karate.org.thymeleaf.standard.processor.StandardDOMEventAttributeTagProcessor
[THYMELEAF]             * [* {th:onkeypress,data-th-onkeypress}] [1000]: karate.org.thymeleaf.standard.processor.StandardDOMEventAttributeTagProcessor
[THYMELEAF]             * [* {th:onbeforeprint,data-th-onbeforeprint}] [1000]: karate.org.thymeleaf.standard.processor.StandardDOMEventAttributeTagProcessor
[THYMELEAF]             * [* {th:onvolumechange,data-th-onvolumechange}] [1000]: karate.org.thymeleaf.standard.processor.StandardDOMEventAttributeTagProcessor
[THYMELEAF]             * [* {th:ondragover,data-th-ondragover}] [1000]: karate.org.thymeleaf.standard.processor.StandardDOMEventAttributeTagProcessor
[THYMELEAF]             * [* {th:onunload,data-th-onunload}] [1000]: karate.org.thymeleaf.standard.processor.StandardDOMEventAttributeTagProcessor
[THYMELEAF]             * [* {th:onratechange,data-th-onratechange}] [1000]: karate.org.thymeleaf.standard.processor.StandardDOMEventAttributeTagProcessor
[THYMELEAF]             * [* {th:onmouseup,data-th-onmouseup}] [1000]: karate.org.thymeleaf.standard.processor.StandardDOMEventAttributeTagProcessor
[THYMELEAF]             * [* {th:onsubmit,data-th-onsubmit}] [1000]: karate.org.thymeleaf.standard.processor.StandardDOMEventAttributeTagProcessor
[THYMELEAF]             * [* {th:ontimeupdate,data-th-ontimeupdate}] [1000]: karate.org.thymeleaf.standard.processor.StandardDOMEventAttributeTagProcessor
[THYMELEAF]             * [* {th:ondrag,data-th-ondrag}] [1000]: karate.org.thymeleaf.standard.processor.StandardDOMEventAttributeTagProcessor
[THYMELEAF]             * [* {th:oncontextmenu,data-th-oncontextmenu}] [1000]: karate.org.thymeleaf.standard.processor.StandardDOMEventAttributeTagProcessor
[THYMELEAF]             * [* {th:onseeking,data-th-onseeking}] [1000]: karate.org.thymeleaf.standard.processor.StandardDOMEventAttributeTagProcessor
[THYMELEAF]             * [* {th:onabort,data-th-onabort}] [1000]: karate.org.thymeleaf.standard.processor.StandardDOMEventAttributeTagProcessor
[THYMELEAF]             * [* {th:onwaiting,data-th-onwaiting}] [1000]: karate.org.thymeleaf.standard.processor.StandardDOMEventAttributeTagProcessor
[THYMELEAF]             * [* {th:onmouseout,data-th-onmouseout}] [1000]: karate.org.thymeleaf.standard.processor.StandardDOMEventAttributeTagProcessor
[THYMELEAF]             * [* {th:ondblclick,data-th-ondblclick}] [1000]: karate.org.thymeleaf.standard.processor.StandardDOMEventAttributeTagProcessor
[THYMELEAF]             * [* {th:onended,data-th-onended}] [1000]: karate.org.thymeleaf.standard.processor.StandardDOMEventAttributeTagProcessor
[THYMELEAF]             * [* {th:ononline,data-th-ononline}] [1000]: karate.org.thymeleaf.standard.processor.StandardDOMEventAttributeTagProcessor
[THYMELEAF]             * [* {th:ondragend,data-th-ondragend}] [1000]: karate.org.thymeleaf.standard.processor.StandardDOMEventAttributeTagProcessor
[THYMELEAF]             * [* {th:oncanplaythrough,data-th-oncanplaythrough}] [1000]: karate.org.thymeleaf.standard.processor.StandardDOMEventAttributeTagProcessor
[THYMELEAF]             * [* {th:onmessage,data-th-onmessage}] [1000]: karate.org.thymeleaf.standard.processor.StandardDOMEventAttributeTagProcessor
[THYMELEAF]             * [* {th:onundo,data-th-onundo}] [1000]: karate.org.thymeleaf.standard.processor.StandardDOMEventAttributeTagProcessor
[THYMELEAF]             * [* {th:ondrop,data-th-ondrop}] [1000]: karate.org.thymeleaf.standard.processor.StandardDOMEventAttributeTagProcessor
[THYMELEAF]             * [* {th:onerror,data-th-onerror}] [1000]: karate.org.thymeleaf.standard.processor.StandardDOMEventAttributeTagProcessor
[THYMELEAF]             * [* {th:onshow,data-th-onshow}] [1000]: karate.org.thymeleaf.standard.processor.StandardDOMEventAttributeTagProcessor
[THYMELEAF]             * [* {th:ondurationchange,data-th-ondurationchange}] [1000]: karate.org.thymeleaf.standard.processor.StandardDOMEventAttributeTagProcessor
[THYMELEAF]             * [* {th:onloadedmetadata,data-th-onloadedmetadata}] [1000]: karate.org.thymeleaf.standard.processor.StandardDOMEventAttributeTagProcessor
[THYMELEAF]             * [* {th:onplay,data-th-onplay}] [1000]: karate.org.thymeleaf.standard.processor.StandardDOMEventAttributeTagProcessor
[THYMELEAF]             * [* {th:onemptied,data-th-onemptied}] [1000]: karate.org.thymeleaf.standard.processor.StandardDOMEventAttributeTagProcessor
[THYMELEAF]             * [* {th:onafterprint,data-th-onafterprint}] [1000]: karate.org.thymeleaf.standard.processor.StandardDOMEventAttributeTagProcessor
[THYMELEAF]             * [* {th:oninvalid,data-th-oninvalid}] [1000]: karate.org.thymeleaf.standard.processor.StandardDOMEventAttributeTagProcessor
[THYMELEAF]             * [* {th:oncanplay,data-th-oncanplay}] [1000]: karate.org.thymeleaf.standard.processor.StandardDOMEventAttributeTagProcessor
[THYMELEAF]             * [* {th:onhashchange,data-th-onhashchange}] [1000]: karate.org.thymeleaf.standard.processor.StandardDOMEventAttributeTagProcessor
[THYMELEAF]             * [* {th:onpopstate,data-th-onpopstate}] [1000]: karate.org.thymeleaf.standard.processor.StandardDOMEventAttributeTagProcessor
[THYMELEAF]             * [* {th:onforminput,data-th-onforminput}] [1000]: karate.org.thymeleaf.standard.processor.StandardDOMEventAttributeTagProcessor
[THYMELEAF]             * [* {th:onblur,data-th-onblur}] [1000]: karate.org.thymeleaf.standard.processor.StandardDOMEventAttributeTagProcessor
[THYMELEAF]             * [* {th:onloadstart,data-th-onloadstart}] [1000]: karate.org.thymeleaf.standard.processor.StandardDOMEventAttributeTagProcessor
[THYMELEAF]             * [* {th:onseeked,data-th-onseeked}] [1000]: karate.org.thymeleaf.standard.processor.StandardDOMEventAttributeTagProcessor
[THYMELEAF]             * [* {th:onselect,data-th-onselect}] [1000]: karate.org.thymeleaf.standard.processor.StandardDOMEventAttributeTagProcessor
[THYMELEAF]             * [* {th:onformchange,data-th-onformchange}] [1000]: karate.org.thymeleaf.standard.processor.StandardDOMEventAttributeTagProcessor
[THYMELEAF]             * [* {th:onloadeddata,data-th-onloadeddata}] [1000]: karate.org.thymeleaf.standard.processor.StandardDOMEventAttributeTagProcessor
[THYMELEAF]             * [* {th:onclick,data-th-onclick}] [1000]: karate.org.thymeleaf.standard.processor.StandardDOMEventAttributeTagProcessor
[THYMELEAF]             * [* {th:onload,data-th-onload}] [1000]: karate.org.thymeleaf.standard.processor.StandardDOMEventAttributeTagProcessor
[THYMELEAF]             * [* {th:onsuspend,data-th-onsuspend}] [1000]: karate.org.thymeleaf.standard.processor.StandardDOMEventAttributeTagProcessor
[THYMELEAF]             * [* {th:onmousewheel,data-th-onmousewheel}] [1000]: karate.org.thymeleaf.standard.processor.StandardDOMEventAttributeTagProcessor
[THYMELEAF]             * [* {th:onstorage,data-th-onstorage}] [1000]: karate.org.thymeleaf.standard.processor.StandardDOMEventAttributeTagProcessor
[THYMELEAF]             * [* {th:onprogress,data-th-onprogress}] [1000]: karate.org.thymeleaf.standard.processor.StandardDOMEventAttributeTagProcessor
[THYMELEAF]             * [* {th:onscroll,data-th-onscroll}] [1000]: karate.org.thymeleaf.standard.processor.StandardDOMEventAttributeTagProcessor
[THYMELEAF]             * [* {th:onmousemove,data-th-onmousemove}] [1000]: karate.org.thymeleaf.standard.processor.StandardDOMEventAttributeTagProcessor
[THYMELEAF]             * [* {th:oninput,data-th-oninput}] [1000]: karate.org.thymeleaf.standard.processor.StandardDOMEventAttributeTagProcessor
[THYMELEAF]             * [* {th:onoffline,data-th-onoffline}] [1000]: karate.org.thymeleaf.standard.processor.StandardDOMEventAttributeTagProcessor
[THYMELEAF]             * [* {th:onkeydown,data-th-onkeydown}] [1000]: karate.org.thymeleaf.standard.processor.StandardDOMEventAttributeTagProcessor
[THYMELEAF]             * [* {th:onstalled,data-th-onstalled}] [1000]: karate.org.thymeleaf.standard.processor.StandardDOMEventAttributeTagProcessor
[THYMELEAF]             * [* {th:onmouseover,data-th-onmouseover}] [1000]: karate.org.thymeleaf.standard.processor.StandardDOMEventAttributeTagProcessor
[THYMELEAF]             * [* {th:ondragenter,data-th-ondragenter}] [1000]: karate.org.thymeleaf.standard.processor.StandardDOMEventAttributeTagProcessor
[THYMELEAF]             * [* {th:onreset,data-th-onreset}] [1000]: karate.org.thymeleaf.standard.processor.StandardDOMEventAttributeTagProcessor
[THYMELEAF]             * [* {th:onplaying,data-th-onplaying}] [1000]: karate.org.thymeleaf.standard.processor.StandardDOMEventAttributeTagProcessor
[THYMELEAF]             * [* {th:onfocus,data-th-onfocus}] [1000]: karate.org.thymeleaf.standard.processor.StandardDOMEventAttributeTagProcessor
[THYMELEAF]             * [* {th:onreadystatechange,data-th-onreadystatechange}] [1000]: karate.org.thymeleaf.standard.processor.StandardDOMEventAttributeTagProcessor
[THYMELEAF]             * [* {th:onpause,data-th-onpause}] [1000]: karate.org.thymeleaf.standard.processor.StandardDOMEventAttributeTagProcessor
[THYMELEAF]             * [* {th:onresize,data-th-onresize}] [1000]: karate.org.thymeleaf.standard.processor.StandardDOMEventAttributeTagProcessor
[THYMELEAF]             * [* {th:onredo,data-th-onredo}] [1000]: karate.org.thymeleaf.standard.processor.StandardDOMEventAttributeTagProcessor
[THYMELEAF]             * [* {th:onkeyup,data-th-onkeyup}] [1000]: karate.org.thymeleaf.standard.processor.StandardDOMEventAttributeTagProcessor
[THYMELEAF]             * [* {th:onchange,data-th-onchange}] [1000]: karate.org.thymeleaf.standard.processor.StandardDOMEventAttributeTagProcessor
[THYMELEAF]             * [* {th:onbeforeunload,data-th-onbeforeunload}] [1000]: karate.org.thymeleaf.standard.processor.StandardDOMEventAttributeTagProcessor
[THYMELEAF]             * [* {th:onmousedown,data-th-onmousedown}] [1000]: karate.org.thymeleaf.standard.processor.StandardDOMEventAttributeTagProcessor
[THYMELEAF]             * [* {th:href,data-th-href}] [1000]: karate.org.thymeleaf.standard.processor.StandardHrefTagProcessor
[THYMELEAF]             * [* {th:inline,data-th-inline}] [1000]: karate.org.thymeleaf.standard.processor.StandardInlineHTMLTagProcessor
[THYMELEAF]             * [* {th:method,data-th-method}] [1000]: karate.org.thymeleaf.standard.processor.StandardMethodTagProcessor
[THYMELEAF]             * [* {th:name,data-th-name}] [1000]: karate.org.thymeleaf.standard.processor.StandardNonRemovableAttributeTagProcessor
[THYMELEAF]             * [* {th:type,data-th-type}] [1000]: karate.org.thymeleaf.standard.processor.StandardNonRemovableAttributeTagProcessor
[THYMELEAF]             * [* {th:sizes,data-th-sizes}] [1000]: karate.org.thymeleaf.standard.processor.StandardRemovableAttributeTagProcessor
[THYMELEAF]             * [* {th:srclang,data-th-srclang}] [1000]: karate.org.thymeleaf.standard.processor.StandardRemovableAttributeTagProcessor
[THYMELEAF]             * [* {th:standby,data-th-standby}] [1000]: karate.org.thymeleaf.standard.processor.StandardRemovableAttributeTagProcessor
[THYMELEAF]             * [* {th:class,data-th-class}] [1000]: karate.org.thymeleaf.standard.processor.StandardRemovableAttributeTagProcessor
[THYMELEAF]             * [* {th:axis,data-th-axis}] [1000]: karate.org.thymeleaf.standard.processor.StandardRemovableAttributeTagProcessor
[THYMELEAF]             * [* {th:min,data-th-min}] [1000]: karate.org.thymeleaf.standard.processor.StandardRemovableAttributeTagProcessor
[THYMELEAF]             * [* {th:maxlength,data-th-maxlength}] [1000]: karate.org.thymeleaf.standard.processor.StandardRemovableAttributeTagProcessor
[THYMELEAF]             * [* {th:http-equiv,data-th-http-equiv}] [1000]: karate.org.thymeleaf.standard.processor.StandardRemovableAttributeTagProcessor
[THYMELEAF]             * [* {th:formmethod,data-th-formmethod}] [1000]: karate.org.thymeleaf.standard.processor.StandardRemovableAttributeTagProcessor
[THYMELEAF]             * [* {th:classid,data-th-classid}] [1000]: karate.org.thymeleaf.standard.processor.StandardRemovableAttributeTagProcessor
[THYMELEAF]             * [* {th:abbr,data-th-abbr}] [1000]: karate.org.thymeleaf.standard.processor.StandardRemovableAttributeTagProcessor
[THYMELEAF]             * [* {th:cols,data-th-cols}] [1000]: karate.org.thymeleaf.standard.processor.StandardRemovableAttributeTagProcessor
[THYMELEAF]             * [* {th:list,data-th-list}] [1000]: karate.org.thymeleaf.standard.processor.StandardRemovableAttributeTagProcessor
[THYMELEAF]             * [* {th:poster,data-th-poster}] [1000]: karate.org.thymeleaf.standard.processor.StandardRemovableAttributeTagProcessor
[THYMELEAF]             * [* {th:rows,data-th-rows}] [1000]: karate.org.thymeleaf.standard.processor.StandardRemovableAttributeTagProcessor
[THYMELEAF]             * [* {th:content,data-th-content}] [1000]: karate.org.thymeleaf.standard.processor.StandardRemovableAttributeTagProcessor
[THYMELEAF]             * [* {th:tabindex,data-th-tabindex}] [1000]: karate.org.thymeleaf.standard.processor.StandardRemovableAttributeTagProcessor
[THYMELEAF]             * [* {th:rules,data-th-rules}] [1000]: karate.org.thymeleaf.standard.processor.StandardRemovableAttributeTagProcessor
[THYMELEAF]             * [* {th:preload,data-th-preload}] [1000]: karate.org.thymeleaf.standard.processor.StandardRemovableAttributeTagProcessor
[THYMELEAF]             * [* {th:max,data-th-max}] [1000]: karate.org.thymeleaf.standard.processor.StandardRemovableAttributeTagProcessor
[THYMELEAF]             * [* {th:audio,data-th-audio}] [1000]: karate.org.thymeleaf.standard.processor.StandardRemovableAttributeTagProcessor
[THYMELEAF]             * [* {th:autocomplete,data-th-autocomplete}] [1000]: karate.org.thymeleaf.standard.processor.StandardRemovableAttributeTagProcessor
[THYMELEAF]             * [* {th:datetime,data-th-datetime}] [1000]: karate.org.thymeleaf.standard.processor.StandardRemovableAttributeTagProcessor
[THYMELEAF]             * [* {th:longdesc,data-th-longdesc}] [1000]: karate.org.thymeleaf.standard.processor.StandardRemovableAttributeTagProcessor
[THYMELEAF]             * [* {th:draggable,data-th-draggable}] [1000]: karate.org.thymeleaf.standard.processor.StandardRemovableAttributeTagProcessor
[THYMELEAF]             * [* {th:dir,data-th-dir}] [1000]: karate.org.thymeleaf.standard.processor.StandardRemovableAttributeTagProcessor
[THYMELEAF]             * [* {th:hreflang,data-th-hreflang}] [1000]: karate.org.thymeleaf.standard.processor.StandardRemovableAttributeTagProcessor
[THYMELEAF]             * [* {th:label,data-th-label}] [1000]: karate.org.thymeleaf.standard.processor.StandardRemovableAttributeTagProcessor
[THYMELEAF]             * [* {th:wrap,data-th-wrap}] [1000]: karate.org.thymeleaf.standard.processor.StandardRemovableAttributeTagProcessor
[THYMELEAF]             * [* {th:usemap,data-th-usemap}] [1000]: karate.org.thymeleaf.standard.processor.StandardRemovableAttributeTagProcessor
[THYMELEAF]             * [* {th:target,data-th-target}] [1000]: karate.org.thymeleaf.standard.processor.StandardRemovableAttributeTagProcessor
[THYMELEAF]             * [* {th:style,data-th-style}] [1000]: karate.org.thymeleaf.standard.processor.StandardRemovableAttributeTagProcessor
[THYMELEAF]             * [* {th:start,data-th-start}] [1000]: karate.org.thymeleaf.standard.processor.StandardRemovableAttributeTagProcessor
[THYMELEAF]             * [* {th:spellcheck,data-th-spellcheck}] [1000]: karate.org.thymeleaf.standard.processor.StandardRemovableAttributeTagProcessor
[THYMELEAF]             * [* {th:placeholder,data-th-placeholder}] [1000]: karate.org.thymeleaf.standard.processor.StandardRemovableAttributeTagProcessor
[THYMELEAF]             * [* {th:cite,data-th-cite}] [1000]: karate.org.thymeleaf.standard.processor.StandardRemovableAttributeTagProcessor
[THYMELEAF]             * [* {th:summary,data-th-summary}] [1000]: karate.org.thymeleaf.standard.processor.StandardRemovableAttributeTagProcessor
[THYMELEAF]             * [* {th:marginheight,data-th-marginheight}] [1000]: karate.org.thymeleaf.standard.processor.StandardRemovableAttributeTagProcessor
[THYMELEAF]             * [* {th:high,data-th-high}] [1000]: karate.org.thymeleaf.standard.processor.StandardRemovableAttributeTagProcessor
[THYMELEAF]             * [* {th:sandbox,data-th-sandbox}] [1000]: karate.org.thymeleaf.standard.processor.StandardRemovableAttributeTagProcessor
[THYMELEAF]             * [* {th:scheme,data-th-scheme}] [1000]: karate.org.thymeleaf.standard.processor.StandardRemovableAttributeTagProcessor
[THYMELEAF]             * [* {th:cellspacing,data-th-cellspacing}] [1000]: karate.org.thymeleaf.standard.processor.StandardRemovableAttributeTagProcessor
[THYMELEAF]             * [* {th:frame,data-th-frame}] [1000]: karate.org.thymeleaf.standard.processor.StandardRemovableAttributeTagProcessor
[THYMELEAF]             * [* {th:rowspan,data-th-rowspan}] [1000]: karate.org.thymeleaf.standard.processor.StandardRemovableAttributeTagProcessor
[THYMELEAF]             * [* {th:frameborder,data-th-frameborder}] [1000]: karate.org.thymeleaf.standard.processor.StandardRemovableAttributeTagProcessor
[THYMELEAF]             * [* {th:marginwidth,data-th-marginwidth}] [1000]: karate.org.thymeleaf.standard.processor.StandardRemovableAttributeTagProcessor
[THYMELEAF]             * [* {th:border,data-th-border}] [1000]: karate.org.thymeleaf.standard.processor.StandardRemovableAttributeTagProcessor
[THYMELEAF]             * [* {th:width,data-th-width}] [1000]: karate.org.thymeleaf.standard.processor.StandardRemovableAttributeTagProcessor
[THYMELEAF]             * [* {th:contextmenu,data-th-contextmenu}] [1000]: karate.org.thymeleaf.standard.processor.StandardRemovableAttributeTagProcessor
[THYMELEAF]             * [* {th:formaction,data-th-formaction}] [1000]: karate.org.thymeleaf.standard.processor.StandardRemovableAttributeTagProcessor
[THYMELEAF]             * [* {th:accept,data-th-accept}] [1000]: karate.org.thymeleaf.standard.processor.StandardRemovableAttributeTagProcessor
[THYMELEAF]             * [* {th:span,data-th-span}] [1000]: karate.org.thymeleaf.standard.processor.StandardRemovableAttributeTagProcessor
[THYMELEAF]             * [* {th:alt,data-th-alt}] [1000]: karate.org.thymeleaf.standard.processor.StandardRemovableAttributeTagProcessor
[THYMELEAF]             * [* {th:challenge,data-th-challenge}] [1000]: karate.org.thymeleaf.standard.processor.StandardRemovableAttributeTagProcessor
[THYMELEAF]             * [* {th:charset,data-th-charset}] [1000]: karate.org.thymeleaf.standard.processor.StandardRemovableAttributeTagProcessor
[THYMELEAF]             * [* {th:kind,data-th-kind}] [1000]: karate.org.thymeleaf.standard.processor.StandardRemovableAttributeTagProcessor
[THYMELEAF]             * [* {th:rel,data-th-rel}] [1000]: karate.org.thymeleaf.standard.processor.StandardRemovableAttributeTagProcessor
[THYMELEAF]             * [* {th:bgcolor,data-th-bgcolor}] [1000]: karate.org.thymeleaf.standard.processor.StandardRemovableAttributeTagProcessor
[THYMELEAF]             * [* {th:accept-charset,data-th-accept-charset}] [1000]: karate.org.thymeleaf.standard.processor.StandardRemovableAttributeTagProcessor
[THYMELEAF]             * [* {th:archive,data-th-archive}] [1000]: karate.org.thymeleaf.standard.processor.StandardRemovableAttributeTagProcessor
[THYMELEAF]             * [* {th:contenteditable,data-th-contenteditable}] [1000]: karate.org.thymeleaf.standard.processor.StandardRemovableAttributeTagProcessor
[THYMELEAF]             * [* {th:data,data-th-data}] [1000]: karate.org.thymeleaf.standard.processor.StandardRemovableAttributeTagProcessor
[THYMELEAF]             * [* {th:background,data-th-background}] [1000]: karate.org.thymeleaf.standard.processor.StandardRemovableAttributeTagProcessor
[THYMELEAF]             * [* {th:height,data-th-height}] [1000]: karate.org.thymeleaf.standard.processor.StandardRemovableAttributeTagProcessor
[THYMELEAF]             * [* {th:colspan,data-th-colspan}] [1000]: karate.org.thymeleaf.standard.processor.StandardRemovableAttributeTagProcessor
[THYMELEAF]             * [* {th:enctype,data-th-enctype}] [1000]: karate.org.thymeleaf.standard.processor.StandardRemovableAttributeTagProcessor
[THYMELEAF]             * [* {th:form,data-th-form}] [1000]: karate.org.thymeleaf.standard.processor.StandardRemovableAttributeTagProcessor
[THYMELEAF]             * [* {th:compact,data-th-compact}] [1000]: karate.org.thymeleaf.standard.processor.StandardRemovableAttributeTagProcessor
[THYMELEAF]             * [* {th:for,data-th-for}] [1000]: karate.org.thymeleaf.standard.processor.StandardRemovableAttributeTagProcessor
[THYMELEAF]             * [* {th:cellpadding,data-th-cellpadding}] [1000]: karate.org.thymeleaf.standard.processor.StandardRemovableAttributeTagProcessor
[THYMELEAF]             * [* {th:title,data-th-title}] [1000]: karate.org.thymeleaf.standard.processor.StandardRemovableAttributeTagProcessor
[THYMELEAF]             * [* {th:dropzone,data-th-dropzone}] [1000]: karate.org.thymeleaf.standard.processor.StandardRemovableAttributeTagProcessor
[THYMELEAF]             * [* {th:step,data-th-step}] [1000]: karate.org.thymeleaf.standard.processor.StandardRemovableAttributeTagProcessor
[THYMELEAF]             * [* {th:align,data-th-align}] [1000]: karate.org.thymeleaf.standard.processor.StandardRemovableAttributeTagProcessor
[THYMELEAF]             * [* {th:media,data-th-media}] [1000]: karate.org.thymeleaf.standard.processor.StandardRemovableAttributeTagProcessor
[THYMELEAF]             * [* {th:lang,data-th-lang}] [1000]: karate.org.thymeleaf.standard.processor.StandardRemovableAttributeTagProcessor
[THYMELEAF]             * [* {th:low,data-th-low}] [1000]: karate.org.thymeleaf.standard.processor.StandardRemovableAttributeTagProcessor
[THYMELEAF]             * [* {th:vspace,data-th-vspace}] [1000]: karate.org.thymeleaf.standard.processor.StandardRemovableAttributeTagProcessor
[THYMELEAF]             * [* {th:manifest,data-th-manifest}] [1000]: karate.org.thymeleaf.standard.processor.StandardRemovableAttributeTagProcessor
[THYMELEAF]             * [* {th:optimum,data-th-optimum}] [1000]: karate.org.thymeleaf.standard.processor.StandardRemovableAttributeTagProcessor
[THYMELEAF]             * [* {th:keytype,data-th-keytype}] [1000]: karate.org.thymeleaf.standard.processor.StandardRemovableAttributeTagProcessor
[THYMELEAF]             * [* {th:scope,data-th-scope}] [1000]: karate.org.thymeleaf.standard.processor.StandardRemovableAttributeTagProcessor
[THYMELEAF]             * [* {th:size,data-th-size}] [1000]: karate.org.thymeleaf.standard.processor.StandardRemovableAttributeTagProcessor
[THYMELEAF]             * [* {th:formtarget,data-th-formtarget}] [1000]: karate.org.thymeleaf.standard.processor.StandardRemovableAttributeTagProcessor
[THYMELEAF]             * [* {th:hspace,data-th-hspace}] [1000]: karate.org.thymeleaf.standard.processor.StandardRemovableAttributeTagProcessor
[THYMELEAF]             * [* {th:accesskey,data-th-accesskey}] [1000]: karate.org.thymeleaf.standard.processor.StandardRemovableAttributeTagProcessor
[THYMELEAF]             * [* {th:formenctype,data-th-formenctype}] [1000]: karate.org.thymeleaf.standard.processor.StandardRemovableAttributeTagProcessor
[THYMELEAF]             * [* {th:codebase,data-th-codebase}] [1000]: karate.org.thymeleaf.standard.processor.StandardRemovableAttributeTagProcessor
[THYMELEAF]             * [* {th:icon,data-th-icon}] [1000]: karate.org.thymeleaf.standard.processor.StandardRemovableAttributeTagProcessor
[THYMELEAF]             * [* {th:headers,data-th-headers}] [1000]: karate.org.thymeleaf.standard.processor.StandardRemovableAttributeTagProcessor
[THYMELEAF]             * [* {th:valuetype,data-th-valuetype}] [1000]: karate.org.thymeleaf.standard.processor.StandardRemovableAttributeTagProcessor
[THYMELEAF]             * [* {th:codetype,data-th-codetype}] [1000]: karate.org.thymeleaf.standard.processor.StandardRemovableAttributeTagProcessor
[THYMELEAF]             * [* {th:pattern,data-th-pattern}] [1000]: karate.org.thymeleaf.standard.processor.StandardRemovableAttributeTagProcessor
[THYMELEAF]             * [* {th:scrolling,data-th-scrolling}] [1000]: karate.org.thymeleaf.standard.processor.StandardRemovableAttributeTagProcessor
[THYMELEAF]             * [* {th:radiogroup,data-th-radiogroup}] [1000]: karate.org.thymeleaf.standard.processor.StandardRemovableAttributeTagProcessor
[THYMELEAF]             * [* {th:id,data-th-id}] [1000]: karate.org.thymeleaf.standard.processor.StandardRemovableAttributeTagProcessor
[THYMELEAF]             * [* {th:rev,data-th-rev}] [1000]: karate.org.thymeleaf.standard.processor.StandardRemovableAttributeTagProcessor
[THYMELEAF]             * [* {th:src,data-th-src}] [1000]: karate.org.thymeleaf.standard.processor.StandardSrcTagProcessor
[THYMELEAF]             * [* {th:value,data-th-value}] [1000]: karate.org.thymeleaf.standard.processor.StandardValueTagProcessor
[THYMELEAF]             * [* {th:xmlbase,data-th-xmlbase}] [1000]: karate.org.thymeleaf.standard.processor.StandardXmlBaseTagProcessor
[THYMELEAF]             * [* {th:xmllang,data-th-xmllang}] [1000]: karate.org.thymeleaf.standard.processor.StandardXmlLangTagProcessor
[THYMELEAF]             * [* {xmlns:th}] [1000]: karate.org.thymeleaf.standard.processor.StandardXmlNsTagProcessor
[THYMELEAF]             * [* {th:xmlspace,data-th-xmlspace}] [1000]: karate.org.thymeleaf.standard.processor.StandardXmlSpaceTagProcessor
[THYMELEAF]             * [* {th:classappend,data-th-classappend}] [1100]: karate.org.thymeleaf.standard.processor.StandardClassappendTagProcessor
[THYMELEAF]             * [* {th:styleappend,data-th-styleappend}] [1100]: karate.org.thymeleaf.standard.processor.StandardStyleappendTagProcessor
[THYMELEAF]             * [* {th:text,data-th-text}] [1300]: karate.org.thymeleaf.standard.processor.StandardTextTagProcessor
[THYMELEAF]             * [* {th:utext,data-th-utext}] [1400]: karate.org.thymeleaf.standard.processor.StandardUtextTagProcessor
[THYMELEAF]             * [* {th:fragment,data-th-fragment}] [1500]: karate.org.thymeleaf.standard.processor.StandardFragmentTagProcessor
[THYMELEAF]             * [* {th:assert,data-th-assert}] [1550]: karate.org.thymeleaf.standard.processor.StandardAssertTagProcessor
[THYMELEAF]             * [* {th:remove,data-th-remove}] [1600]: karate.org.thymeleaf.standard.processor.StandardRemoveTagProcessor
[THYMELEAF]             * [* {th:ref,data-th-ref}] [10000]: karate.org.thymeleaf.standard.processor.StandardRefAttributeTagProcessor
[THYMELEAF]             * [{th:block,th-block} *] [100000]: karate.org.thymeleaf.standard.processor.StandardBlockTagProcessor
[THYMELEAF]             * [* th:*] [2147483647]: karate.org.thymeleaf.standard.processor.StandardDefaultAttributesTagProcessor
[THYMELEAF]         * Text Processors by [precedence]:
[THYMELEAF]             * [1000]: karate.org.thymeleaf.standard.processor.StandardInliningTextProcessor
[THYMELEAF]         * DOCTYPE Processors by [precedence]:
[THYMELEAF]             * [1000]: karate.org.thymeleaf.standard.processor.StandardTranslationDocTypeProcessor
[THYMELEAF]         * CDATA Section Processors by [precedence]:
[THYMELEAF]             * [1000]: karate.org.thymeleaf.standard.processor.StandardInliningCDATASectionProcessor
[THYMELEAF]         * Comment Processors by [precedence]:
[THYMELEAF]             * [1000]: karate.org.thymeleaf.standard.processor.StandardInliningCommentProcessor
[THYMELEAF]             * [1100]: karate.org.thymeleaf.standard.processor.StandardConditionalCommentProcessor
[THYMELEAF]     * Processors for Template Mode: XML
[THYMELEAF]         * Element Tag Processors by [matching element and attribute name] [precedence]:
[THYMELEAF]             * [* {th:include}] [100]: karate.org.thymeleaf.standard.processor.StandardIncludeTagProcessor
[THYMELEAF]             * [* {th:insert}] [100]: karate.org.thymeleaf.standard.processor.StandardInsertTagProcessor
[THYMELEAF]             * [* {th:replace}] [100]: karate.org.thymeleaf.standard.processor.StandardReplaceTagProcessor
[THYMELEAF]             * [* {th:substituteby}] [100]: karate.org.thymeleaf.standard.processor.StandardSubstituteByTagProcessor
[THYMELEAF]             * [* {th:each}] [200]: com.intuit.karate.template.KarateEachTagProcessor
[THYMELEAF]             * [* {th:switch}] [250]: karate.org.thymeleaf.standard.processor.StandardSwitchTagProcessor
[THYMELEAF]             * [* {th:case}] [275]: karate.org.thymeleaf.standard.processor.StandardCaseTagProcessor
[THYMELEAF]             * [* {th:if}] [300]: karate.org.thymeleaf.standard.processor.StandardIfTagProcessor
[THYMELEAF]             * [* {th:unless}] [400]: karate.org.thymeleaf.standard.processor.StandardUnlessTagProcessor
[THYMELEAF]             * [* {th:object}] [500]: karate.org.thymeleaf.standard.processor.StandardObjectTagProcessor
[THYMELEAF]             * [* {th:with}] [600]: com.intuit.karate.template.KarateWithTagProcessor
[THYMELEAF]             * [* {th:attr}] [700]: com.intuit.karate.template.KarateAttributeTagProcessor.KarateAttrTagProcessor
[THYMELEAF]             * [* {th:attrappend}] [900]: com.intuit.karate.template.KarateAttributeTagProcessor.KarateAttrappendTagProcessor
[THYMELEAF]             * [* {th:attrprepend}] [900]: com.intuit.karate.template.KarateAttributeTagProcessor.KarateAttrprependTagProcessor
[THYMELEAF]             * [* {th:inline}] [1000]: karate.org.thymeleaf.standard.processor.StandardInlineXMLTagProcessor
[THYMELEAF]             * [* {xmlns:th}] [1000]: karate.org.thymeleaf.standard.processor.StandardXmlNsTagProcessor
[THYMELEAF]             * [* {th:text}] [1300]: karate.org.thymeleaf.standard.processor.StandardTextTagProcessor
[THYMELEAF]             * [* {th:utext}] [1400]: karate.org.thymeleaf.standard.processor.StandardUtextTagProcessor
[THYMELEAF]             * [* {th:fragment}] [1500]: karate.org.thymeleaf.standard.processor.StandardFragmentTagProcessor
[THYMELEAF]             * [* {th:assert}] [1550]: karate.org.thymeleaf.standard.processor.StandardAssertTagProcessor
[THYMELEAF]             * [* {th:remove}] [1600]: karate.org.thymeleaf.standard.processor.StandardRemoveTagProcessor
[THYMELEAF]             * [* {th:ref}] [10000]: karate.org.thymeleaf.standard.processor.StandardRefAttributeTagProcessor
[THYMELEAF]             * [{th:block} *] [100000]: karate.org.thymeleaf.standard.processor.StandardBlockTagProcessor
[THYMELEAF]             * [* th:*] [2147483647]: karate.org.thymeleaf.standard.processor.StandardDefaultAttributesTagProcessor
[THYMELEAF]         * Text Processors by [precedence]:
[THYMELEAF]             * [1000]: karate.org.thymeleaf.standard.processor.StandardInliningTextProcessor
[THYMELEAF]         * CDATA Section Processors by [precedence]:
[THYMELEAF]             * [1000]: karate.org.thymeleaf.standard.processor.StandardInliningCDATASectionProcessor
[THYMELEAF]         * Comment Processors by [precedence]:
[THYMELEAF]             * [1000]: karate.org.thymeleaf.standard.processor.StandardInliningCommentProcessor
[THYMELEAF]     * Processors for Template Mode: TEXT
[THYMELEAF]         * Element Tag Processors by [matching element and attribute name] [precedence]:
[THYMELEAF]             * [* {th:insert}] [100]: karate.org.thymeleaf.standard.processor.StandardInsertTagProcessor
[THYMELEAF]             * [* {th:replace}] [100]: karate.org.thymeleaf.standard.processor.StandardReplaceTagProcessor
[THYMELEAF]             * [* {th:each}] [200]: com.intuit.karate.template.KarateEachTagProcessor
[THYMELEAF]             * [* {th:switch}] [250]: karate.org.thymeleaf.standard.processor.StandardSwitchTagProcessor
[THYMELEAF]             * [* {th:case}] [275]: karate.org.thymeleaf.standard.processor.StandardCaseTagProcessor
[THYMELEAF]             * [* {th:if}] [300]: karate.org.thymeleaf.standard.processor.StandardIfTagProcessor
[THYMELEAF]             * [* {th:unless}] [400]: karate.org.thymeleaf.standard.processor.StandardUnlessTagProcessor
[THYMELEAF]             * [* {th:object}] [500]: karate.org.thymeleaf.standard.processor.StandardObjectTagProcessor
[THYMELEAF]             * [* {th:with}] [600]: com.intuit.karate.template.KarateWithTagProcessor
[THYMELEAF]             * [* {th:inline}] [1000]: karate.org.thymeleaf.standard.processor.StandardInlineTextualTagProcessor
[THYMELEAF]             * [* {th:text}] [1300]: karate.org.thymeleaf.standard.processor.StandardTextTagProcessor
[THYMELEAF]             * [* {th:utext}] [1400]: karate.org.thymeleaf.standard.processor.StandardUtextTagProcessor
[THYMELEAF]             * [* {th:assert}] [1550]: karate.org.thymeleaf.standard.processor.StandardAssertTagProcessor
[THYMELEAF]             * [* {th:remove}] [1600]: karate.org.thymeleaf.standard.processor.StandardRemoveTagProcessor
[THYMELEAF]             * [{th:block} *] [100000]: karate.org.thymeleaf.standard.processor.StandardBlockTagProcessor
[THYMELEAF]             * [* 100000] [karate.org.thymeleaf.standard.processor.StandardBlockTagProcessor]: {}
[THYMELEAF]         * Text Processors by [precedence]:
[THYMELEAF]             * [1000]: karate.org.thymeleaf.standard.processor.StandardInliningTextProcessor
[THYMELEAF]     * Processors for Template Mode: JAVASCRIPT
[THYMELEAF]         * Element Tag Processors by [matching element and attribute name] [precedence]:
[THYMELEAF]             * [* {th:insert}] [100]: karate.org.thymeleaf.standard.processor.StandardInsertTagProcessor
[THYMELEAF]             * [* {th:replace}] [100]: karate.org.thymeleaf.standard.processor.StandardReplaceTagProcessor
[THYMELEAF]             * [* {th:each}] [200]: com.intuit.karate.template.KarateEachTagProcessor
[THYMELEAF]             * [* {th:switch}] [250]: karate.org.thymeleaf.standard.processor.StandardSwitchTagProcessor
[THYMELEAF]             * [* {th:case}] [275]: karate.org.thymeleaf.standard.processor.StandardCaseTagProcessor
[THYMELEAF]             * [* {th:if}] [300]: karate.org.thymeleaf.standard.processor.StandardIfTagProcessor
[THYMELEAF]             * [* {th:unless}] [400]: karate.org.thymeleaf.standard.processor.StandardUnlessTagProcessor
[THYMELEAF]             * [* {th:object}] [500]: karate.org.thymeleaf.standard.processor.StandardObjectTagProcessor
[THYMELEAF]             * [* {th:with}] [600]: com.intuit.karate.template.KarateWithTagProcessor
[THYMELEAF]             * [* {th:inline}] [1000]: karate.org.thymeleaf.standard.processor.StandardInlineTextualTagProcessor
[THYMELEAF]             * [* {th:text}] [1300]: karate.org.thymeleaf.standard.processor.StandardTextTagProcessor
[THYMELEAF]             * [* {th:utext}] [1400]: karate.org.thymeleaf.standard.processor.StandardUtextTagProcessor
[THYMELEAF]             * [* {th:assert}] [1550]: karate.org.thymeleaf.standard.processor.StandardAssertTagProcessor
[THYMELEAF]             * [* {th:remove}] [1600]: karate.org.thymeleaf.standard.processor.StandardRemoveTagProcessor
[THYMELEAF]             * [{th:block} *] [100000]: karate.org.thymeleaf.standard.processor.StandardBlockTagProcessor
[THYMELEAF]             * [* 100000] [karate.org.thymeleaf.standard.processor.StandardBlockTagProcessor]: {}
[THYMELEAF]         * Text Processors by [precedence]:
[THYMELEAF]             * [1000]: karate.org.thymeleaf.standard.processor.StandardInliningTextProcessor
[THYMELEAF]     * Processors for Template Mode: CSS
[THYMELEAF]         * Element Tag Processors by [matching element and attribute name] [precedence]:
[THYMELEAF]             * [* {th:insert}] [100]: karate.org.thymeleaf.standard.processor.StandardInsertTagProcessor
[THYMELEAF]             * [* {th:replace}] [100]: karate.org.thymeleaf.standard.processor.StandardReplaceTagProcessor
[THYMELEAF]             * [* {th:each}] [200]: com.intuit.karate.template.KarateEachTagProcessor
[THYMELEAF]             * [* {th:switch}] [250]: karate.org.thymeleaf.standard.processor.StandardSwitchTagProcessor
[THYMELEAF]             * [* {th:case}] [275]: karate.org.thymeleaf.standard.processor.StandardCaseTagProcessor
[THYMELEAF]             * [* {th:if}] [300]: karate.org.thymeleaf.standard.processor.StandardIfTagProcessor
[THYMELEAF]             * [* {th:unless}] [400]: karate.org.thymeleaf.standard.processor.StandardUnlessTagProcessor
[THYMELEAF]             * [* {th:object}] [500]: karate.org.thymeleaf.standard.processor.StandardObjectTagProcessor
[THYMELEAF]             * [* {th:with}] [600]: com.intuit.karate.template.KarateWithTagProcessor
[THYMELEAF]             * [* {th:inline}] [1000]: karate.org.thymeleaf.standard.processor.StandardInlineTextualTagProcessor
[THYMELEAF]             * [* {th:text}] [1300]: karate.org.thymeleaf.standard.processor.StandardTextTagProcessor
[THYMELEAF]             * [* {th:utext}] [1400]: karate.org.thymeleaf.standard.processor.StandardUtextTagProcessor
[THYMELEAF]             * [* {th:assert}] [1550]: karate.org.thymeleaf.standard.processor.StandardAssertTagProcessor
[THYMELEAF]             * [* {th:remove}] [1600]: karate.org.thymeleaf.standard.processor.StandardRemoveTagProcessor
[THYMELEAF]             * [{th:block} *] [100000]: karate.org.thymeleaf.standard.processor.StandardBlockTagProcessor
[THYMELEAF]             * [* 100000] [karate.org.thymeleaf.standard.processor.StandardBlockTagProcessor]: {}
[THYMELEAF]         * Text Processors by [precedence]:
[THYMELEAF]             * [1000]: karate.org.thymeleaf.standard.processor.StandardInliningTextProcessor
[THYMELEAF]     * Expression Objects:
[THYMELEAF]         * #ctx
[THYMELEAF]         * #root
[THYMELEAF]         * #vars
[THYMELEAF]         * #object
[THYMELEAF]         * #locale
[THYMELEAF]         * #request
[THYMELEAF]         * #response
[THYMELEAF]         * #session
[THYMELEAF]         * #servletContext
[THYMELEAF]         * #conversions
[THYMELEAF]         * #uris
[THYMELEAF]         * #calendars
[THYMELEAF]         * #dates
[THYMELEAF]         * #bools
[THYMELEAF]         * #numbers
[THYMELEAF]         * #objects
[THYMELEAF]         * #strings
[THYMELEAF]         * #arrays
[THYMELEAF]         * #lists
[THYMELEAF]         * #sets
[THYMELEAF]         * #maps
[THYMELEAF]         * #aggregates
[THYMELEAF]         * #messages
[THYMELEAF]         * #ids
[THYMELEAF]         * #execInfo
[THYMELEAF]         * #httpServletRequest
[THYMELEAF]         * #httpSession
[THYMELEAF]     * Execution Attributes:
[THYMELEAF]         * "StandardExpressionParser": com.intuit.karate.template.KarateStandardDialect@2db3675a
[THYMELEAF]         * "StandardJavaScriptSerializer": karate.org.thymeleaf.standard.serializer.StandardJavaScriptSerializer@1cfa7ee0
[THYMELEAF]         * "StandardCSSSerializer": karate.org.thymeleaf.standard.serializer.StandardCSSSerializer@612290d
[THYMELEAF]         * "StandardVariableExpressionEvaluator": com.intuit.karate.template.KarateStandardDialect@2db3675a
[THYMELEAF]         * "StandardConversionService": karate.org.thymeleaf.standard.expression.StandardConversionService@57cff804
[THYMELEAF] * Dialect [2 of 2]: karate (com.intuit.karate.template.KarateScriptDialect)
[THYMELEAF]     * Prefix: "ka"
[THYMELEAF]     * Processors for Template Mode: HTML
[THYMELEAF]         * Element Tag Processors by [matching element and attribute name] [precedence]:
[THYMELEAF]             * [* {src}] [1000]: com.intuit.karate.template.KaScriptAttrProcessor
[THYMELEAF]         * Element Model Processors by [matching element and attribute name] [precedence]:
[THYMELEAF]             * [{script} {ka:scope,data-ka-scope}] [1000]: com.intuit.karate.template.KaScriptElemProcessor
[THYMELEAF]             * [* {ka:set,data-ka-set}] [1000]: com.intuit.karate.template.KaSetElemProcessor
[THYMELEAF] TEMPLATE ENGINE CONFIGURED OK
20:02:07.935 [main] DEBUG karate.org.thymeleaf.TemplateEngine - [THYMELEAF] TEMPLATE ENGINE INITIALIZED
---------------------------------------------------------
feature: classpath:com/big/features/APIfeatures/SCU/TOKEN -XAPI/Token.feature
scenarios:  3 | passed:  0 | failed:  3 | time: 0.0039
---------------------------------------------------------

20:02:08.027 [main] INFO com.intuit.karate.Suite - <<fail>> feature 11 of 12 (0 remaining) classpath:com/big/features/APIfeatures/SCU/TOKEN -XAPI/Token.feature
20:02:08.329 [main] DEBUG karate.org.apache.http.client.protocol.RequestAddCookies - CookieSpec selected: karate
20:02:08.339 [main] DEBUG karate.org.apache.http.client.protocol.RequestAuthCache - Auth cache not set in the context
20:02:08.343 [main] DEBUG com.intuit.karate - request:
1 > GET https://village-branch-directory-xapi.ca-c1.cloudhub.io/api/v1/branch/1
1 > Host: village-branch-directory-xapi.ca-c1.cloudhub.io
1 > Connection: Keep-Alive
1 > User-Agent: Apache-HttpClient/4.5.13 (Java/19.0.1)
1 > Accept-Encoding: gzip,deflate


20:02:08.344 [main] DEBUG karate.org.apache.http.impl.conn.PoolingHttpClientConnectionManager - Connection request: [route: {s}->https://village-branch-directory-xapi.ca-c1.cloudhub.io:443][total available: 0; route allocated: 0 of 5; total allocated: 0 of 10]
20:02:08.363 [main] DEBUG karate.org.apache.http.impl.conn.PoolingHttpClientConnectionManager - Connection leased: [id: 0][route: {s}->https://village-branch-directory-xapi.ca-c1.cloudhub.io:443][total available: 0; route allocated: 1 of 5; total allocated: 1 of 10]
20:02:08.365 [main] DEBUG karate.org.apache.http.impl.execchain.MainClientExec - Opening connection {s}->https://village-branch-directory-xapi.ca-c1.cloudhub.io:443
20:02:08.439 [main] DEBUG karate.org.apache.http.impl.conn.DefaultHttpClientConnectionOperator - Connecting to village-branch-directory-xapi.ca-c1.cloudhub.io/3.98.101.186:443
20:02:08.439 [main] DEBUG karate.org.apache.http.conn.ssl.SSLConnectionSocketFactory - Connecting socket to village-branch-directory-xapi.ca-c1.cloudhub.io/3.98.101.186:443 with timeout 30000
20:02:08.806 [main] DEBUG karate.org.apache.http.conn.ssl.SSLConnectionSocketFactory - Enabled protocols: [TLSv1.3, TLSv1.2]
20:02:08.807 [main] DEBUG karate.org.apache.http.conn.ssl.SSLConnectionSocketFactory - Enabled cipher suites:[TLS_AES_256_GCM_SHA384, TLS_AES_128_GCM_SHA256, TLS_CHACHA20_POLY1305_SHA256, TLS_ECDHE_ECDSA_WITH_AES_256_GCM_SHA384, TLS_ECDHE_ECDSA_WITH_AES_128_GCM_SHA256, TLS_ECDHE_ECDSA_WITH_CHACHA20_POLY1305_SHA256, TLS_ECDHE_RSA_WITH_AES_256_GCM_SHA384, TLS_ECDHE_RSA_WITH_CHACHA20_POLY1305_SHA256, TLS_ECDHE_RSA_WITH_AES_128_GCM_SHA256, TLS_DHE_RSA_WITH_AES_256_GCM_SHA384, TLS_DHE_RSA_WITH_CHACHA20_POLY1305_SHA256, TLS_DHE_DSS_WITH_AES_256_GCM_SHA384, TLS_DHE_RSA_WITH_AES_128_GCM_SHA256, TLS_DHE_DSS_WITH_AES_128_GCM_SHA256, TLS_ECDHE_ECDSA_WITH_AES_256_CBC_SHA384, TLS_ECDHE_RSA_WITH_AES_256_CBC_SHA384, TLS_ECDHE_ECDSA_WITH_AES_128_CBC_SHA256, TLS_ECDHE_RSA_WITH_AES_128_CBC_SHA256, TLS_DHE_RSA_WITH_AES_256_CBC_SHA256, TLS_DHE_DSS_WITH_AES_256_CBC_SHA256, TLS_DHE_RSA_WITH_AES_128_CBC_SHA256, TLS_DHE_DSS_WITH_AES_128_CBC_SHA256, TLS_ECDH_ECDSA_WITH_AES_256_GCM_SHA384, TLS_ECDH_RSA_WITH_AES_256_GCM_SHA384, TLS_ECDH_ECDSA_WITH_AES_128_GCM_SHA256, TLS_ECDH_RSA_WITH_AES_128_GCM_SHA256, TLS_ECDH_ECDSA_WITH_AES_256_CBC_SHA384, TLS_ECDH_RSA_WITH_AES_256_CBC_SHA384, TLS_ECDH_ECDSA_WITH_AES_128_CBC_SHA256, TLS_ECDH_RSA_WITH_AES_128_CBC_SHA256, TLS_ECDHE_ECDSA_WITH_AES_256_CBC_SHA, TLS_ECDHE_RSA_WITH_AES_256_CBC_SHA, TLS_ECDHE_ECDSA_WITH_AES_128_CBC_SHA, TLS_ECDHE_RSA_WITH_AES_128_CBC_SHA, TLS_DHE_RSA_WITH_AES_256_CBC_SHA, TLS_DHE_DSS_WITH_AES_256_CBC_SHA, TLS_DHE_RSA_WITH_AES_128_CBC_SHA, TLS_DHE_DSS_WITH_AES_128_CBC_SHA, TLS_ECDH_ECDSA_WITH_AES_256_CBC_SHA, TLS_ECDH_RSA_WITH_AES_256_CBC_SHA, TLS_ECDH_ECDSA_WITH_AES_128_CBC_SHA, TLS_ECDH_RSA_WITH_AES_128_CBC_SHA, TLS_RSA_WITH_AES_256_GCM_SHA384, TLS_RSA_WITH_AES_128_GCM_SHA256, TLS_RSA_WITH_AES_256_CBC_SHA256, TLS_RSA_WITH_AES_128_CBC_SHA256, TLS_RSA_WITH_AES_256_CBC_SHA, TLS_RSA_WITH_AES_128_CBC_SHA, TLS_EMPTY_RENEGOTIATION_INFO_SCSV]
20:02:08.807 [main] DEBUG karate.org.apache.http.conn.ssl.SSLConnectionSocketFactory - Starting handshake
20:02:09.507 [main] DEBUG karate.org.apache.http.conn.ssl.SSLConnectionSocketFactory - Secure session established
20:02:09.508 [main] DEBUG karate.org.apache.http.conn.ssl.SSLConnectionSocketFactory -  negotiated protocol: TLSv1.2
20:02:09.508 [main] DEBUG karate.org.apache.http.conn.ssl.SSLConnectionSocketFactory -  negotiated cipher suite: TLS_ECDHE_RSA_WITH_AES_128_GCM_SHA256
20:02:09.509 [main] DEBUG karate.org.apache.http.conn.ssl.SSLConnectionSocketFactory -  peer principal: CN=ca-c1.cloudhub.io
20:02:09.510 [main] DEBUG karate.org.apache.http.conn.ssl.SSLConnectionSocketFactory -  peer alternative names: [ca-c1.cloudhub.io, mr.cloudhub.io, *.ca-c1.cloudhub.io, *.ca.cloudhub.io, *.mr.cloudhub.io, ca.cloudhub.io]
20:02:09.510 [main] DEBUG karate.org.apache.http.conn.ssl.SSLConnectionSocketFactory -  issuer principal: CN=Amazon RSA 2048 M02, O=Amazon, C=US
20:02:09.526 [main] DEBUG karate.org.apache.http.impl.conn.DefaultHttpClientConnectionOperator - Connection established 192.168.1.4:53784<->3.98.101.186:443
20:02:09.527 [main] DEBUG karate.org.apache.http.impl.conn.DefaultManagedHttpClientConnection - http-outgoing-0: set socket timeout to 30000
20:02:09.528 [main] DEBUG karate.org.apache.http.impl.execchain.MainClientExec - Executing request GET /api/v1/branch/1 HTTP/1.1
20:02:09.528 [main] DEBUG karate.org.apache.http.impl.execchain.MainClientExec - Target auth state: UNCHALLENGED
20:02:09.530 [main] DEBUG karate.org.apache.http.impl.execchain.MainClientExec - Proxy auth state: UNCHALLENGED
20:02:09.535 [main] DEBUG karate.org.apache.http.headers - http-outgoing-0 >> GET /api/v1/branch/1 HTTP/1.1
20:02:09.536 [main] DEBUG karate.org.apache.http.headers - http-outgoing-0 >> Host: village-branch-directory-xapi.ca-c1.cloudhub.io
20:02:09.536 [main] DEBUG karate.org.apache.http.headers - http-outgoing-0 >> Connection: Keep-Alive
20:02:09.537 [main] DEBUG karate.org.apache.http.headers - http-outgoing-0 >> User-Agent: Apache-HttpClient/4.5.13 (Java/19.0.1)
20:02:09.537 [main] DEBUG karate.org.apache.http.headers - http-outgoing-0 >> Accept-Encoding: gzip,deflate
20:02:09.537 [main] DEBUG karate.org.apache.http.wire - http-outgoing-0 >> "GET /api/v1/branch/1 HTTP/1.1[\r][\n]"
20:02:09.538 [main] DEBUG karate.org.apache.http.wire - http-outgoing-0 >> "Host: village-branch-directory-xapi.ca-c1.cloudhub.io[\r][\n]"
20:02:09.538 [main] DEBUG karate.org.apache.http.wire - http-outgoing-0 >> "Connection: Keep-Alive[\r][\n]"
20:02:09.538 [main] DEBUG karate.org.apache.http.wire - http-outgoing-0 >> "User-Agent: Apache-HttpClient/4.5.13 (Java/19.0.1)[\r][\n]"
20:02:09.539 [main] DEBUG karate.org.apache.http.wire - http-outgoing-0 >> "Accept-Encoding: gzip,deflate[\r][\n]"
20:02:09.539 [main] DEBUG karate.org.apache.http.wire - http-outgoing-0 >> "[\r][\n]"
20:02:10.484 [main] DEBUG karate.org.apache.http.wire - http-outgoing-0 << "HTTP/1.1 200 OK[\r][\n]"
20:02:10.485 [main] DEBUG karate.org.apache.http.wire - http-outgoing-0 << "Content-Type: application/json; charset=UTF-8[\r][\n]"
20:02:10.485 [main] DEBUG karate.org.apache.http.wire - http-outgoing-0 << "Date: Mon, 17 Apr 2023 14:32:10 GMT[\r][\n]"
20:02:10.485 [main] DEBUG karate.org.apache.http.wire - http-outgoing-0 << "Server: nginx[\r][\n]"
20:02:10.485 [main] DEBUG karate.org.apache.http.wire - http-outgoing-0 << "Content-Length: 18343[\r][\n]"
20:02:10.485 [main] DEBUG karate.org.apache.http.wire - http-outgoing-0 << "Connection: keep-alive[\r][\n]"
20:02:10.485 [main] DEBUG karate.org.apache.http.wire - http-outgoing-0 << "[\r][\n]"
20:02:10.485 [main] DEBUG karate.org.apache.http.wire - http-outgoing-0 << "{[\n]"
20:02:10.485 [main] DEBUG karate.org.apache.http.wire - http-outgoing-0 << "  "Messages": [[\n]"
20:02:10.485 [main] DEBUG karate.org.apache.http.wire - http-outgoing-0 << "    [\n]"
20:02:10.485 [main] DEBUG karate.org.apache.http.wire - http-outgoing-0 << "  ],[\n]"
20:02:10.485 [main] DEBUG karate.org.apache.http.wire - http-outgoing-0 << "  "ApiVersionNumber": "1.3.0.0",[\n]"
20:02:10.485 [main] DEBUG karate.org.apache.http.wire - http-outgoing-0 << "  "IsSuccess": true,[\n]"
20:02:10.485 [main] DEBUG karate.org.apache.http.wire - http-outgoing-0 << "  "Response": {[\n]"
20:02:10.486 [main] DEBUG karate.org.apache.http.wire - http-outgoing-0 << "    "Region": "Northeast",[\n]"
20:02:10.486 [main] DEBUG karate.org.apache.http.wire - http-outgoing-0 << "    "BranchNumber": 205,[\n]"
20:02:10.486 [main] DEBUG karate.org.apache.http.wire - http-outgoing-0 << "    "BranchName": "Atrium Centre",[\n]"
20:02:10.486 [main] DEBUG karate.org.apache.http.wire - http-outgoing-0 << "    "BranchAddress": "5012 49 Street",[\n]"
20:02:10.486 [main] DEBUG karate.org.apache.http.wire - http-outgoing-0 << "    "City": "Lloydminster",[\n]"
20:02:10.486 [main] DEBUG karate.org.apache.http.wire - http-outgoing-0 << "    "TransitNumber": "10199-899",[\n]"
20:02:10.486 [main] DEBUG karate.org.apache.http.wire - http-outgoing-0 << "    "CommunityCityName": "Lloydminster",[\n]"
20:02:10.486 [main] DEBUG karate.org.apache.http.wire - http-outgoing-0 << "    "LocationType": {[\n]"
20:02:10.486 [main] DEBUG karate.org.apache.http.wire - http-outgoing-0 << "      "LocationTypeId": 1,[\n]"
20:02:10.486 [main] DEBUG karate.org.apache.http.wire - http-outgoing-0 << "      "LocationTypeName": "Branch"[\n]"
20:02:10.486 [main] DEBUG karate.org.apache.http.wire - http-outgoing-0 << "    },[\n]"
20:02:10.486 [main] DEBUG karate.org.apache.http.wire - http-outgoing-0 << "    "BranchId": 1,[\n]"
20:02:10.487 [main] DEBUG karate.org.apache.http.wire - http-outgoing-0 << "    "RegionId": 1,[\n]"
20:02:10.487 [main] DEBUG karate.org.apache.http.wire - http-outgoing-0 << "    "Bin": 603164,[\n]"
20:02:10.487 [main] DEBUG karate.org.apache.http.wire - http-outgoing-0 << "    "BranchManager": "Tara Ferguson",[\n]"
20:02:10.487 [main] DEBUG karate.org.apache.http.wire - http-outgoing-0 << "    "MailingAddress": "5012 49 ST",[\n]"
20:02:10.487 [main] DEBUG karate.org.apache.http.wire - http-outgoing-0 << "    "PostalCode": "T9V 0K2",[\n]"
20:02:10.487 [main] DEBUG karate.org.apache.http.wire - http-outgoing-0 << "    "Latitude": "53.282527",[\n]"
20:02:10.487 [main] DEBUG karate.org.apache.http.wire - http-outgoing-0 << "    "Longitude": "-110.0058147",[\n]"
20:02:10.487 [main] DEBUG karate.org.apache.http.wire - http-outgoing-0 << "    "Notes": null,[\n]"
20:02:10.487 [main] DEBUG karate.org.apache.http.wire - http-outgoing-0 << "    "IsActive": true,[\n]"
20:02:10.487 [main] DEBUG karate.org.apache.http.wire - http-outgoing-0 << "    "BranchServices": [[\n]"
20:02:10.487 [main] DEBUG karate.org.apache.http.wire - http-outgoing-0 << "      {[\n]"
20:02:10.487 [main] DEBUG karate.org.apache.http.wire - http-outgoing-0 << "        "ServiceId": 214,[\n]"
20:02:10.487 [main] DEBUG karate.org.apache.http.wire - http-outgoing-0 << "        "ParentId": 1,[\n]"
20:02:10.487 [main] DEBUG karate.org.apache.http.wire - http-outgoing-0 << "        "ServiceTypeId": 7,[\n]"
20:02:10.488 [main] DEBUG karate.org.apache.http.wire - http-outgoing-0 << "        "ServiceValue": true,[\n]"
20:02:10.488 [main] DEBUG karate.org.apache.http.wire - http-outgoing-0 << "        "ServiceTypeCode": "Chequesource",[\n]"
20:02:10.488 [main] DEBUG karate.org.apache.http.wire - http-outgoing-0 << "        "ServiceTypeTitle": "Cheque Source",[\n]"
20:02:10.488 [main] DEBUG karate.org.apache.http.wire - http-outgoing-0 << "        "ServiceTypeDesc": "Has Cheque Source?"[\n]"
20:02:10.488 [main] DEBUG karate.org.apache.http.wire - http-outgoing-0 << "      },[\n]"
20:02:10.488 [main] DEBUG karate.org.apache.http.wire - http-outgoing-0 << "      {[\n]"
20:02:10.488 [main] DEBUG karate.org.apache.http.wire - http-outgoing-0 << "        "ServiceId": 733,[\n]"
20:02:10.488 [main] DEBUG karate.org.apache.http.wire - http-outgoing-0 << "        "ParentId": 1,[\n]"
20:02:10.488 [main] DEBUG karate.org.apache.http.wire - http-outgoing-0 << "        "ServiceTypeId": 5,[\n]"
20:02:10.488 [main] DEBUG karate.org.apache.http.wire - http-outgoing-0 << "        "ServiceValue": true,[\n]"
20:02:10.488 [main] DEBUG karate.org.apache.http.wire - http-outgoing-0 << "        "ServiceTypeCode": "CommercialServices",[\n]"
20:02:10.488 [main] DEBUG karate.org.apache.http.wire - http-outgoing-0 << "        "ServiceTypeTitle": "Commercial Services",[\n]"
20:02:10.489 [main] DEBUG karate.org.apache.http.wire - http-outgoing-0 << "        "ServiceTypeDesc": "Has Commercial Service?"[\n]"
20:02:10.489 [main] DEBUG karate.org.apache.http.wire - http-outgoing-0 << "      },[\n]"
20:02:10.489 [main] DEBUG karate.org.apache.http.wire - http-outgoing-0 << "      {[\n]"
20:02:10.489 [main] DEBUG karate.org.apache.http.wire - http-outgoing-0 << "        "ServiceId": 596,[\n]"
20:02:10.489 [main] DEBUG karate.org.apache.http.wire - http-outgoing-0 << "        "ParentId": 1,[\n]"
20:02:10.489 [main] DEBUG karate.org.apache.http.wire - http-outgoing-0 << "        "ServiceTypeId": 6,[\n]"
20:02:10.489 [main] DEBUG karate.org.apache.http.wire - http-outgoing-0 << "        "ServiceValue": true,[\n]"
20:02:10.489 [main] DEBUG karate.org.apache.http.wire - http-outgoing-0 << "        "ServiceTypeCode": "FinancialPlanning",[\n]"
20:02:10.489 [main] DEBUG karate.org.apache.http.wire - http-outgoing-0 << "        "ServiceTypeTitle": "Financial Planning",[\n]"
20:02:10.489 [main] DEBUG karate.org.apache.http.wire - http-outgoing-0 << "        "ServiceTypeDesc": "Has Financial Planning?"[\n]"
20:02:10.489 [main] DEBUG karate.org.apache.http.wire - http-outgoing-0 << "      },[\n]"
20:02:10.489 [main] DEBUG karate.org.apache.http.wire - http-outgoing-0 << "      {[\n]"
20:02:10.490 [main] DEBUG karate.org.apache.http.wire - http-outgoing-0 << "        "ServiceId": 454,[\n]"
20:02:10.490 [main] DEBUG karate.org.apache.http.wire - http-outgoing-0 << "        "ParentId": 1,[\n]"
20:02:10.490 [main] DEBUG karate.org.apache.http.wire - http-outgoing-0 << "        "ServiceTypeId": 4,[\n]"
20:02:10.490 [main] DEBUG karate.org.apache.http.wire - http-outgoing-0 << "        "ServiceValue": true,[\n]"
20:02:10.490 [main] DEBUG karate.org.apache.http.wire - http-outgoing-0 << "        "ServiceTypeCode": "InsuranceOffice",[\n]"
20:02:10.490 [main] DEBUG karate.org.apache.http.wire - http-outgoing-0 << "        "ServiceTypeTitle": "Insurance Office",[\n]"
20:02:10.490 [main] DEBUG karate.org.apache.http.wire - http-outgoing-0 << "        "ServiceTypeDesc": "Has Insurance Office?"[\n]"
20:02:10.490 [main] DEBUG karate.org.apache.http.wire - http-outgoing-0 << "      },[\n]"
20:02:10.490 [main] DEBUG karate.org.apache.http.wire - http-outgoing-0 << "      {[\n]"
20:02:10.490 [main] DEBUG karate.org.apache.http.wire - http-outgoing-0 << "        "ServiceId": 48,[\n]"
20:02:10.490 [main] DEBUG karate.org.apache.http.wire - http-outgoing-0 << "        "ParentId": 1,[\n]"
20:02:10.490 [main] DEBUG karate.org.apache.http.wire - http-outgoing-0 << "        "ServiceTypeId": 2,[\n]"
20:02:10.490 [main] DEBUG karate.org.apache.http.wire - http-outgoing-0 << "        "ServiceValue": true,[\n]"
20:02:10.490 [main] DEBUG karate.org.apache.http.wire - http-outgoing-0 << "        "ServiceTypeCode": "VideoConference",[\n]"
20:02:10.490 [main] DEBUG karate.org.apache.http.wire - http-outgoing-0 << "        "ServiceTypeTitle": "Video Conference",[\n]"
20:02:10.491 [main] DEBUG karate.org.apache.http.wire - http-outgoing-0 << "        "ServiceTypeDesc": "Has Video Conference?"[\n]"
20:02:10.491 [main] DEBUG karate.org.apache.http.wire - http-outgoing-0 << "      },[\n]"
20:02:10.491 [main] DEBUG karate.org.apache.http.wire - http-outgoing-0 << "      {[\n]"
20:02:10.491 [main] DEBUG karate.org.apache.http.wire - http-outgoing-0 << "        "ServiceId": 851,[\n]"
20:02:10.491 [main] DEBUG karate.org.apache.http.wire - http-outgoing-0 << "        "ParentId": 1,[\n]"
20:02:10.491 [main] DEBUG karate.org.apache.http.wire - http-outgoing-0 << "        "ServiceTypeId": 3,[\n]"
20:02:10.491 [main] DEBUG karate.org.apache.http.wire - http-outgoing-0 << "        "ServiceValue": true,[\n]"
20:02:10.491 [main] DEBUG karate.org.apache.http.wire - http-outgoing-0 << "        "ServiceTypeCode": "WealthManagement",[\n]"
20:02:10.491 [main] DEBUG karate.org.apache.http.wire - http-outgoing-0 << "        "ServiceTypeTitle": "Wealth Management",[\n]"
20:02:10.491 [main] DEBUG karate.org.apache.http.wire - http-outgoing-0 << "        "ServiceTypeDesc": "Has Wealth Management?"[\n]"
20:02:10.491 [main] DEBUG karate.org.apache.http.wire - http-outgoing-0 << "      },[\n]"
20:02:10.491 [main] DEBUG karate.org.apache.http.wire - http-outgoing-0 << "      {[\n]"
20:02:10.491 [main] DEBUG karate.org.apache.http.wire - http-outgoing-0 << "        "ServiceId": 649,[\n]"
20:02:10.491 [main] DEBUG karate.org.apache.http.wire - http-outgoing-0 << "        "ParentId": 1,[\n]"
20:02:10.491 [main] DEBUG karate.org.apache.http.wire - http-outgoing-0 << "        "ServiceTypeId": 1,[\n]"
20:02:10.491 [main] DEBUG karate.org.apache.http.wire - http-outgoing-0 << "        "ServiceValue": true,[\n]"
20:02:10.492 [main] DEBUG karate.org.apache.http.wire - http-outgoing-0 << "        "ServiceTypeCode": "WheelChairAccess",[\n]"
20:02:10.492 [main] DEBUG karate.org.apache.http.wire - http-outgoing-0 << "        "ServiceTypeTitle": "WheelChair Access",[\n]"
20:02:10.492 [main] DEBUG karate.org.apache.http.wire - http-outgoing-0 << "        "ServiceTypeDesc": "Has WheelChair Access?"[\n]"
20:02:10.492 [main] DEBUG karate.org.apache.http.wire - http-outgoing-0 << "      }[\n]"
20:02:10.492 [main] DEBUG karate.org.apache.http.wire - http-outgoing-0 << "    ],[\n]"
20:02:10.492 [main] DEBUG karate.org.apache.http.wire - http-outgoing-0 << "    "ATMs": [[\n]"
20:02:10.492 [main] DEBUG karate.org.apache.http.wire - http-outgoing-0 << "      {[\n]"
20:02:10.492 [main] DEBUG karate.org.apache.http.wire - http-outgoing-0 << "        "ATMMake": {[\n]"
20:02:10.492 [main] DEBUG karate.org.apache.http.wire - http-outgoing-0 << "          "ATMMakeId": 2,[\n]"
20:02:10.492 [main] DEBUG karate.org.apache.http.wire - http-outgoing-0 << "          "MakeBrand": "NCR"[\n]"
20:02:10.492 [main] DEBUG karate.org.apache.http.wire - http-outgoing-0 << "        },[\n]"
20:02:10.492 [main] DEBUG karate.org.apache.http.wire - http-outgoing-0 << "        "LockMake": {[\n]"
20:02:10.492 [main] DEBUG karate.org.apache.http.wire - http-outgoing-0 << "          "LockMakeId": 2,[\n]"
20:02:10.492 [main] DEBUG karate.org.apache.http.wire - http-outgoing-0 << "          "LockBrand": "S & G"[\n]"
20:02:10.492 [main] DEBUG karate.org.apache.http.wire - http-outgoing-0 << "        },[\n]"
20:02:10.492 [main] DEBUG karate.org.apache.http.wire - http-outgoing-0 << "        "Branch": null,[\n]"
20:02:10.493 [main] DEBUG karate.org.apache.http.wire - http-outgoing-0 << "        "ATMHours": [[\n]"
20:02:10.493 [main] DEBUG karate.org.apache.http.wire - http-outgoing-0 << "          {[\n]"
20:02:10.493 [main] DEBUG karate.org.apache.http.wire - http-outgoing-0 << "            "HourId": 933,[\n]"
20:02:10.493 [main] DEBUG karate.org.apache.http.wire - http-outgoing-0 << "            "ParentId": 1,[\n]"
20:02:10.493 [main] DEBUG karate.org.apache.http.wire - http-outgoing-0 << "            "DayOfWeek": null,[\n]"
20:02:10.493 [main] DEBUG karate.org.apache.http.wire - http-outgoing-0 << "            "OpenTime": "08:00:00",[\n]"
20:02:10.493 [main] DEBUG karate.org.apache.http.wire - http-outgoing-0 << "            "CloseTime": "20:00:00",[\n]"
20:02:10.493 [main] DEBUG karate.org.apache.http.wire - http-outgoing-0 << "            "Comments": null,[\n]"
20:02:10.493 [main] DEBUG karate.org.apache.http.wire - http-outgoing-0 << "            "IsClosed": false[\n]"
20:02:10.493 [main] DEBUG karate.org.apache.http.wire - http-outgoing-0 << "          },[\n]"
20:02:10.493 [main] DEBUG karate.org.apache.http.wire - http-outgoing-0 << "          {[\n]"
20:02:10.493 [main] DEBUG karate.org.apache.http.wire - http-outgoing-0 << "            "HourId": 934,[\n]"
20:02:10.493 [main] DEBUG karate.org.apache.http.wire - http-outgoing-0 << "            "ParentId": 1,[\n]"
20:02:10.493 [main] DEBUG karate.org.apache.http.wire - http-outgoing-0 << "            "DayOfWeek": null,[\n]"
20:02:10.494 [main] DEBUG karate.org.apache.http.wire - http-outgoing-0 << "            "OpenTime": "08:00:00",[\n]"
20:02:10.494 [main] DEBUG karate.org.apache.http.wire - http-outgoing-0 << "            "CloseTime": "20:00:00",[\n]"
20:02:10.494 [main] DEBUG karate.org.apache.http.wire - http-outgoing-0 << "            "Comments": null,[\n]"
20:02:10.494 [main] DEBUG karate.org.apache.http.wire - http-outgoing-0 << "            "IsClosed": false[\n]"
20:02:10.494 [main] DEBUG karate.org.apache.http.wire - http-outgoing-0 << "          },[\n]"
20:02:10.494 [main] DEBUG karate.org.apache.http.wire - http-outgoing-0 << "          {[\n]"
20:02:10.494 [main] DEBUG karate.org.apache.http.wire - http-outgoing-0 << "            "HourId": 935,[\n]"
20:02:10.494 [main] DEBUG karate.org.apache.http.wire - http-outgoing-0 << "            "ParentId": 1,[\n]"
20:02:10.494 [main] DEBUG karate.org.apache.http.wire - http-outgoing-0 << "            "DayOfWeek": null,[\n]"
20:02:10.494 [main] DEBUG karate.org.apache.http.wire - http-outgoing-0 << "            "OpenTime": "08:00:00",[\n]"
20:02:10.494 [main] DEBUG karate.org.apache.http.wire - http-outgoing-0 << "            "CloseTime": "20:00:00",[\n]"
20:02:10.494 [main] DEBUG karate.org.apache.http.wire - http-outgoing-0 << "            "Comments": null,[\n]"
20:02:10.494 [main] DEBUG karate.org.apache.http.wire - http-outgoing-0 << "            "IsClosed": false[\n]"
20:02:10.494 [main] DEBUG karate.org.apache.http.wire - http-outgoing-0 << "          },[\n]"
20:02:10.494 [main] DEBUG karate.org.apache.http.wire - http-outgoing-0 << "          {[\n]"
20:02:10.494 [main] DEBUG karate.org.apache.http.wire - http-outgoing-0 << "            "HourId": 936,[\n]"
20:02:10.494 [main] DEBUG karate.org.apache.http.wire - http-outgoing-0 << "            "ParentId": 1,[\n]"
20:02:10.494 [main] DEBUG karate.org.apache.http.wire - http-outgoing-0 << "            "DayOfWeek": null,[\n]"
20:02:10.495 [main] DEBUG karate.org.apache.http.wire - http-outgoing-0 << "            "OpenTime": "08:00:00",[\n]"
20:02:10.495 [main] DEBUG karate.org.apache.http.wire - http-outgoing-0 << "            "CloseTime": "20:00:00",[\n]"
20:02:10.495 [main] DEBUG karate.org.apache.http.wire - http-outgoing-0 << "            "Comments": null,[\n]"
20:02:10.495 [main] DEBUG karate.org.apache.http.wire - http-outgoing-0 << "            "IsClosed": false[\n]"
20:02:10.495 [main] DEBUG karate.org.apache.http.wire - http-outgoing-0 << "          },[\n]"
20:02:10.495 [main] DEBUG karate.org.apache.http.wire - http-outgoing-0 << "          {[\n]"
20:02:10.495 [main] DEBUG karate.org.apache.http.wire - http-outgoing-0 << "            "HourId": 937,[\n]"
20:02:10.495 [main] DEBUG karate.org.apache.http.wire - http-outgoing-0 << "            "ParentId": 1,[\n]"
20:02:10.495 [main] DEBUG karate.org.apache.http.wire - http-outgoing-0 << "            "DayOfWeek": null,[\n]"
20:02:10.495 [main] DEBUG karate.org.apache.http.wire - http-outgoing-0 << "            "OpenTime": "08:00:00",[\n]"
20:02:10.495 [main] DEBUG karate.org.apache.http.wire - http-outgoing-0 << "            "CloseTime": "20:00:00",[\n]"
20:02:10.495 [main] DEBUG karate.org.apache.http.wire - http-outgoing-0 << "            "Comments": null,[\n]"
20:02:10.495 [main] DEBUG karate.org.apache.http.wire - http-outgoing-0 << "            "IsClosed": false[\n]"
20:02:10.495 [main] DEBUG karate.org.apache.http.wire - http-outgoing-0 << "          },[\n]"
20:02:10.495 [main] DEBUG karate.org.apache.http.wire - http-outgoing-0 << "          {[\n]"
20:02:10.495 [main] DEBUG karate.org.apache.http.wire - http-outgoing-0 << "            "HourId": 938,[\n]"
20:02:10.495 [main] DEBUG karate.org.apache.http.wire - http-outgoing-0 << "            "ParentId": 1,[\n]"
20:02:10.495 [main] DEBUG karate.org.apache.http.wire - http-outgoing-0 << "            "DayOfWeek": null,[\n]"
20:02:10.496 [main] DEBUG karate.org.apache.http.wire - http-outgoing-0 << "            "OpenTime": "10:00:00",[\n]"
20:02:10.496 [main] DEBUG karate.org.apache.http.wire - http-outgoing-0 << "            "CloseTime": "17:00:00",[\n]"
20:02:10.496 [main] DEBUG karate.org.apache.http.wire - http-outgoing-0 << "            "Comments": null,[\n]"
20:02:10.496 [main] DEBUG karate.org.apache.http.wire - http-outgoing-0 << "            "IsClosed": false[\n]"
20:02:10.496 [main] DEBUG karate.org.apache.http.wire - http-outgoing-0 << "          },[\n]"
20:02:10.496 [main] DEBUG karate.org.apache.http.wire - http-outgoing-0 << "          {[\n]"
20:02:10.496 [main] DEBUG karate.org.apache.http.wire - http-outgoing-0 << "            "HourId": 939,[\n]"
20:02:10.496 [main] DEBUG karate.org.apache.http.wire - http-outgoing-0 << "            "ParentId": 1,[\n]"
20:02:10.496 [main] DEBUG karate.org.apache.http.wire - http-outgoing-0 << "            "DayOfWeek": null,[\n]"
20:02:10.496 [main] DEBUG karate.org.apache.http.wire - http-outgoing-0 << "            "OpenTime": null,[\n]"
20:02:10.496 [main] DEBUG karate.org.apache.http.wire - http-outgoing-0 << "            "CloseTime": null,[\n]"
20:02:10.496 [main] DEBUG karate.org.apache.http.wire - http-outgoing-0 << "            "Comments": null,[\n]"
20:02:10.496 [main] DEBUG karate.org.apache.http.wire - http-outgoing-0 << "            "IsClosed": true[\n]"
20:02:10.496 [main] DEBUG karate.org.apache.http.wire - http-outgoing-0 << "          }[\n]"
20:02:10.496 [main] DEBUG karate.org.apache.http.wire - http-outgoing-0 << "        ],[\n]"
20:02:10.496 [main] DEBUG karate.org.apache.http.wire - http-outgoing-0 << "        "ATMServices": [[\n]"
20:02:10.497 [main] DEBUG karate.org.apache.http.wire - http-outgoing-0 << "          {[\n]"
20:02:10.497 [main] DEBUG karate.org.apache.http.wire - http-outgoing-0 << "            "ServiceId": 4,[\n]"
20:02:10.497 [main] DEBUG karate.org.apache.http.wire - http-outgoing-0 << "            "ParentId": 1,[\n]"
20:02:10.497 [main] DEBUG karate.org.apache.http.wire - http-outgoing-0 << "            "ServiceTypeId": 11,[\n]"
20:02:10.497 [main] DEBUG karate.org.apache.http.wire - http-outgoing-0 << "            "ServiceValue": false,[\n]"
20:02:10.497 [main] DEBUG karate.org.apache.http.wire - http-outgoing-0 << "            "ServiceTypeCode": "24Hours",[\n]"
20:02:10.498 [main] DEBUG karate.org.apache.http.wire - http-outgoing-0 << "            "ServiceTypeTitle": "24 Hours",[\n]"
20:02:10.498 [main] DEBUG karate.org.apache.http.wire - http-outgoing-0 << "            "ServiceTypeDesc": "Is 24 Hours?"[\n]"
20:02:10.498 [main] DEBUG karate.org.apache.http.wire - http-outgoing-0 << "          },[\n]"
20:02:10.498 [main] DEBUG karate.org.apache.http.wire - http-outgoing-0 << "          {[\n]"
20:02:10.498 [main] DEBUG karate.org.apache.http.wire - http-outgoing-0 << "            "ServiceId": 2,[\n]"
20:02:10.498 [main] DEBUG karate.org.apache.http.wire - http-outgoing-0 << "            "ParentId": 1,[\n]"
20:02:10.498 [main] DEBUG karate.org.apache.http.wire - http-outgoing-0 << "            "ServiceTypeId": 9,[\n]"
20:02:10.498 [main] DEBUG karate.org.apache.http.wire - http-outgoing-0 << "            "ServiceValue": false,[\n]"
20:02:10.498 [main] DEBUG karate.org.apache.http.wire - http-outgoing-0 << "            "ServiceTypeCode": "Camera",[\n]"
20:02:10.498 [main] DEBUG karate.org.apache.http.wire - http-outgoing-0 << "            "ServiceTypeTitle": "Camera",[\n]"
20:02:10.498 [main] DEBUG karate.org.apache.http.wire - http-outgoing-0 << "            "ServiceTypeDesc": "Has Camera?"[\n]"
20:02:10.498 [main] DEBUG karate.org.apache.http.wire - http-outgoing-0 << "          },[\n]"
20:02:10.498 [main] DEBUG karate.org.apache.http.wire - http-outgoing-0 << "          {[\n]"
20:02:10.499 [main] DEBUG karate.org.apache.http.wire - http-outgoing-0 << "            "ServiceId": 5022,[\n]"
20:02:10.499 [main] DEBUG karate.org.apache.http.wire - http-outgoing-0 << "            "ParentId": 1,[\n]"
20:02:10.499 [main] DEBUG karate.org.apache.http.wire - http-outgoing-0 << "            "ServiceTypeId": 1012,[\n]"
20:02:10.499 [main] DEBUG karate.org.apache.http.wire - http-outgoing-0 << "            "ServiceValue": true,[\n]"
20:02:10.499 [main] DEBUG karate.org.apache.http.wire - http-outgoing-0 << "            "ServiceTypeCode": "DepositAutomation",[\n]"
20:02:10.499 [main] DEBUG karate.org.apache.http.wire - http-outgoing-0 << "            "ServiceTypeTitle": "Deposit Automation",[\n]"
20:02:10.499 [main] DEBUG karate.org.apache.http.wire - http-outgoing-0 << "            "ServiceTypeDesc": "Offers Deposit Automation?"[\n]"
20:02:10.499 [main] DEBUG karate.org.apache.http.wire - http-outgoing-0 << "          },[\n]"
20:02:10.499 [main] DEBUG karate.org.apache.http.wire - http-outgoing-0 << "          {[\n]"
20:02:10.499 [main] DEBUG karate.org.apache.http.wire - http-outgoing-0 << "            "ServiceId": 1,[\n]"
20:02:10.499 [main] DEBUG karate.org.apache.http.wire - http-outgoing-0 << "            "ParentId": 1,[\n]"
20:02:10.499 [main] DEBUG karate.org.apache.http.wire - http-outgoing-0 << "            "ServiceTypeId": 8,[\n]"
20:02:10.499 [main] DEBUG karate.org.apache.http.wire - http-outgoing-0 << "            "ServiceValue": false,[\n]"
20:02:10.499 [main] DEBUG karate.org.apache.http.wire - http-outgoing-0 << "            "ServiceTypeCode": "DriveThru",[\n]"
20:02:10.499 [main] DEBUG karate.org.apache.http.wire - http-outgoing-0 << "            "ServiceTypeTitle": "Drive Thru",[\n]"
20:02:10.499 [main] DEBUG karate.org.apache.http.wire - http-outgoing-0 << "            "ServiceTypeDesc": "Has DriveThru?"[\n]"
20:02:10.499 [main] DEBUG karate.org.apache.http.wire - http-outgoing-0 << "          },[\n]"
20:02:10.499 [main] DEBUG karate.org.apache.http.wire - http-outgoing-0 << "          {[\n]"
20:02:10.499 [main] DEBUG karate.org.apache.http.wire - http-outgoing-0 << "            "ServiceId": 3,[\n]"
20:02:10.499 [main] DEBUG karate.org.apache.http.wire - http-outgoing-0 << "            "ParentId": 1,[\n]"
20:02:10.500 [main] DEBUG karate.org.apache.http.wire - http-outgoing-0 << "            "ServiceTypeId": 10,[\n]"
20:02:10.500 [main] DEBUG karate.org.apache.http.wire - http-outgoing-0 << "            "ServiceValue": true,[\n]"
20:02:10.500 [main] DEBUG karate.org.apache.http.wire - http-outgoing-0 << "            "ServiceTypeCode": "FullService",[\n]"
20:02:10.500 [main] DEBUG karate.org.apache.http.wire - http-outgoing-0 << "            "ServiceTypeTitle": "Full Service",[\n]"
20:02:10.500 [main] DEBUG karate.org.apache.http.wire - http-outgoing-0 << "            "ServiceTypeDesc": "Is Full Service?"[\n]"
20:02:10.500 [main] DEBUG karate.org.apache.http.wire - http-outgoing-0 << "          },[\n]"
20:02:10.500 [main] DEBUG karate.org.apache.http.wire - http-outgoing-0 << "          {[\n]"
20:02:10.500 [main] DEBUG karate.org.apache.http.wire - http-outgoing-0 << "            "ServiceId": 3022,[\n]"
20:02:10.501 [main] DEBUG karate.org.apache.http.wire - http-outgoing-0 << "            "ParentId": 1,[\n]"
20:02:10.501 [main] DEBUG karate.org.apache.http.wire - http-outgoing-0 << "            "ServiceTypeId": 12,[\n]"
20:02:10.501 [main] DEBUG karate.org.apache.http.wire - http-outgoing-0 << "            "ServiceValue": true,[\n]"
20:02:10.501 [main] DEBUG karate.org.apache.http.wire - http-outgoing-0 << "            "ServiceTypeCode": "USDCurrency",[\n]"
20:02:10.501 [main] DEBUG karate.org.apache.http.wire - http-outgoing-0 << "            "ServiceTypeTitle": "USD Currency",[\n]"
20:02:10.501 [main] DEBUG karate.org.apache.http.wire - http-outgoing-0 << "            "ServiceTypeDesc": "Offers USD Currency?"[\n]"
20:02:10.501 [main] DEBUG karate.org.apache.http.wire - http-outgoing-0 << "          }[\n]"
20:02:10.501 [main] DEBUG karate.org.apache.http.wire - http-outgoing-0 << "        ],[\n]"
20:02:10.501 [main] DEBUG karate.org.apache.http.wire - http-outgoing-0 << "        "ATMId": 1,[\n]"
20:02:10.501 [main] DEBUG karate.org.apache.http.wire - http-outgoing-0 << "        "ATMNumber": "A001N865",[\n]"
20:02:10.501 [main] DEBUG karate.org.apache.http.wire - http-outgoing-0 << "        "ATMName": "Lloydminster - Atrium Centre",[\n]"
20:02:10.501 [main] DEBUG karate.org.apache.http.wire - http-outgoing-0 << "        "ModelNumber": "6634",[\n]"
20:02:10.501 [main] DEBUG karate.org.apache.http.wire - http-outgoing-0 << "        "Notes": "Branch loads cash and process deposits",[\n]"
20:02:10.501 [main] DEBUG karate.org.apache.http.wire - http-outgoing-0 << "        "Brinks": "Fort Knox",[\n]"
20:02:10.501 [main] DEBUG karate.org.apache.http.wire - http-outgoing-0 << "        "BalancedBy": "Adam Lamping",[\n]"
20:02:10.501 [main] DEBUG karate.org.apache.http.wire - http-outgoing-0 << "        "Cassette1": "10 CAD",[\n]"
20:02:10.501 [main] DEBUG karate.org.apache.http.wire - http-outgoing-0 << "        "Cassette2": "20 CAD",[\n]"
20:02:10.502 [main] DEBUG karate.org.apache.http.wire - http-outgoing-0 << "        "Cassette3": "50 CAD",[\n]"
20:02:10.502 [main] DEBUG karate.org.apache.http.wire - http-outgoing-0 << "        "Cassette4": "100 USD"[\n]"
20:02:10.502 [main] DEBUG karate.org.apache.http.wire - http-outgoing-0 << "      },[\n]"
20:02:10.502 [main] DEBUG karate.org.apache.http.wire - http-outgoing-0 << "      {[\n]"
20:02:10.502 [main] DEBUG karate.org.apache.http.wire - http-outgoing-0 << "        "ATMMake": null,[\n]"
20:02:10.502 [main] DEBUG karate.org.apache.http.wire - http-outgoing-0 << "        "LockMake": null,[\n]"
20:02:10.502 [main] DEBUG karate.org.apache.http.wire - http-outgoing-0 << "        "Branch": null,[\n]"
20:02:10.502 [main] DEBUG karate.org.apache.http.wire - http-outgoing-0 << "        "ATMHours": [[\n]"
20:02:10.502 [main] DEBUG karate.org.apache.http.wire - http-outgoing-0 << "          {[\n]"
20:02:10.502 [main] DEBUG karate.org.apache.http.wire - http-outgoing-0 << "            "HourId": 3464,[\n]"
20:02:10.502 [main] DEBUG karate.org.apache.http.wire - http-outgoing-0 << "            "ParentId": 1310,[\n]"
20:02:10.502 [main] DEBUG karate.org.apache.http.wire - http-outgoing-0 << "            "DayOfWeek": null,[\n]"
20:02:10.502 [main] DEBUG karate.org.apache.http.wire - http-outgoing-0 << "            "OpenTime": null,[\n]"
20:02:10.502 [main] DEBUG karate.org.apache.http.wire - http-outgoing-0 << "            "CloseTime": null,[\n]"
20:02:10.502 [main] DEBUG karate.org.apache.http.wire - http-outgoing-0 << "            "Comments": null,[\n]"
20:02:10.502 [main] DEBUG karate.org.apache.http.wire - http-outgoing-0 << "            "IsClosed": true[\n]"
20:02:10.502 [main] DEBUG karate.org.apache.http.wire - http-outgoing-0 << "          },[\n]"
20:02:10.502 [main] DEBUG karate.org.apache.http.wire - http-outgoing-0 << "          {[\n]"
20:02:10.502 [main] DEBUG karate.org.apache.http.wire - http-outgoing-0 << "            "HourId": 3465,[\n]"
20:02:10.502 [main] DEBUG karate.org.apache.http.wire - http-outgoing-0 << "            "ParentId": 1310,[\n]"
20:02:10.502 [main] DEBUG karate.org.apache.http.wire - http-outgoing-0 << "            "DayOfWeek": null,[\n]"
20:02:10.502 [main] DEBUG karate.org.apache.http.wire - http-outgoing-0 << "            "OpenTime": null,[\n]"
20:02:10.502 [main] DEBUG karate.org.apache.http.wire - http-outgoing-0 << "            "CloseTime": null,[\n]"
20:02:10.502 [main] DEBUG karate.org.apache.http.wire - http-outgoing-0 << "            "Comments": null,[\n]"
20:02:10.502 [main] DEBUG karate.org.apache.http.wire - http-outgoing-0 << "            "IsClosed": true[\n]"
20:02:10.502 [main] DEBUG karate.org.apache.http.wire - http-outgoing-0 << "          },[\n]"
20:02:10.502 [main] DEBUG karate.org.apache.http.wire - http-outgoing-0 << "          {[\n]"
20:02:10.502 [main] DEBUG karate.org.apache.http.wire - http-outgoing-0 << "            "HourId": 3466,[\n]"
20:02:10.502 [main] DEBUG karate.org.apache.http.wire - http-outgoing-0 << "            "ParentId": 1310,[\n]"
20:02:10.502 [main] DEBUG karate.org.apache.http.wire - http-outgoing-0 << "            "DayOfWeek": null,[\n]"
20:02:10.502 [main] DEBUG karate.org.apache.http.wire - http-outgoing-0 << "            "OpenTime": null,[\n]"
20:02:10.503 [main] DEBUG karate.org.apache.http.wire - http-outgoing-0 << "            "CloseTime": null,[\n]"
20:02:10.503 [main] DEBUG karate.org.apache.http.wire - http-outgoing-0 << "            "Comments": null,[\n]"
20:02:10.503 [main] DEBUG karate.org.apache.http.wire - http-outgoing-0 << "            "IsClosed": true[\n]"
20:02:10.503 [main] DEBUG karate.org.apache.http.wire - http-outgoing-0 << "          },[\n]"
20:02:10.503 [main] DEBUG karate.org.apache.http.wire - http-outgoing-0 << "          {[\n]"
20:02:10.503 [main] DEBUG karate.org.apache.http.wire - http-outgoing-0 << "            "HourId": 3467,[\n]"
20:02:10.503 [main] DEBUG karate.org.apache.http.wire - http-outgoing-0 << "            "ParentId": 1310,[\n]"
20:02:10.503 [main] DEBUG karate.org.apache.http.wire - http-outgoing-0 << "            "DayOfWeek": null,[\n]"
20:02:10.503 [main] DEBUG karate.org.apache.http.wire - http-outgoing-0 << "            "OpenTime": null,[\n]"
20:02:10.503 [main] DEBUG karate.org.apache.http.wire - http-outgoing-0 << "            "CloseTime": null,[\n]"
20:02:10.503 [main] DEBUG karate.org.apache.http.wire - http-outgoing-0 << "            "Comments": null,[\n]"
20:02:10.503 [main] DEBUG karate.org.apache.http.wire - http-outgoing-0 << "            "IsClosed": true[\n]"
20:02:10.503 [main] DEBUG karate.org.apache.http.wire - http-outgoing-0 << "          },[\n]"
20:02:10.503 [main] DEBUG karate.org.apache.http.wire - http-outgoing-0 << "          {[\n]"
20:02:10.503 [main] DEBUG karate.org.apache.http.wire - http-outgoing-0 << "            "HourId": 3468,[\n]"
20:02:10.503 [main] DEBUG karate.org.apache.http.wire - http-outgoing-0 << "            "ParentId": 1310,[\n]"
20:02:10.503 [main] DEBUG karate.org.apache.http.wire - http-outgoing-0 << "            "DayOfWeek": null,[\n]"
20:02:10.503 [main] DEBUG karate.org.apache.http.wire - http-outgoing-0 << "            "OpenTime": null,[\n]"
20:02:10.503 [main] DEBUG karate.org.apache.http.wire - http-outgoing-0 << "            "CloseTime": null,[\n]"
20:02:10.503 [main] DEBUG karate.org.apache.http.wire - http-outgoing-0 << "            "Comments": null,[\n]"
20:02:10.503 [main] DEBUG karate.org.apache.http.wire - http-outgoing-0 << "            "IsClosed": true[\n]"
20:02:10.503 [main] DEBUG karate.org.apache.http.wire - http-outgoing-0 << "          },[\n]"
20:02:10.503 [main] DEBUG karate.org.apache.http.wire - http-outgoing-0 << "          {[\n]"
20:02:10.503 [main] DEBUG karate.org.apache.http.wire - http-outgoing-0 << "            "H"
20:02:10.505 [main] DEBUG karate.org.apache.http.headers - http-outgoing-0 << HTTP/1.1 200 OK
20:02:10.506 [main] DEBUG karate.org.apache.http.headers - http-outgoing-0 << Content-Type: application/json; charset=UTF-8
20:02:10.506 [main] DEBUG karate.org.apache.http.headers - http-outgoing-0 << Date: Mon, 17 Apr 2023 14:32:10 GMT
20:02:10.506 [main] DEBUG karate.org.apache.http.headers - http-outgoing-0 << Server: nginx
20:02:10.506 [main] DEBUG karate.org.apache.http.headers - http-outgoing-0 << Content-Length: 18343
20:02:10.506 [main] DEBUG karate.org.apache.http.headers - http-outgoing-0 << Connection: keep-alive
20:02:10.510 [main] DEBUG karate.org.apache.http.impl.execchain.MainClientExec - Connection can be kept alive indefinitely
20:02:10.512 [main] DEBUG karate.org.apache.http.wire - http-outgoing-0 << "ourId": 3469,[\n]"
20:02:10.512 [main] DEBUG karate.org.apache.http.wire - http-outgoing-0 << "            "ParentId": 1310,[\n]"
20:02:10.512 [main] DEBUG karate.org.apache.http.wire - http-outgoing-0 << "            "DayOfWeek": null,[\n]"
20:02:10.512 [main] DEBUG karate.org.apache.http.wire - http-outgoing-0 << "            "OpenTime": null,[\n]"
20:02:10.512 [main] DEBUG karate.org.apache.http.wire - http-outgoing-0 << "            "CloseTime": null,[\n]"
20:02:10.512 [main] DEBUG karate.org.apache.http.wire - http-outgoing-0 << "            "Comments": null,[\n]"
20:02:10.512 [main] DEBUG karate.org.apache.http.wire - http-outgoing-0 << "            "IsClosed": true[\n]"
20:02:10.512 [main] DEBUG karate.org.apache.http.wire - http-outgoing-0 << "          },[\n]"
20:02:10.512 [main] DEBUG karate.org.apache.http.wire - http-outgoing-0 << "          {[\n]"
20:02:10.512 [main] DEBUG karate.org.apache.http.wire - http-outgoing-0 << "            "HourId": 3470,[\n]"
20:02:10.512 [main] DEBUG karate.org.apache.http.wire - http-outgoing-0 << "            "ParentId": 1310,[\n]"
20:02:10.512 [main] DEBUG karate.org.apache.http.wire - http-outgoing-0 << "            "DayOfWeek": null,[\n]"
20:02:10.512 [main] DEBUG karate.org.apache.http.wire - http-outgoing-0 << "            "OpenTime": null,[\n]"
20:02:10.512 [main] DEBUG karate.org.apache.http.wire - http-outgoing-0 << "            "CloseTime": null,[\n]"
20:02:10.512 [main] DEBUG karate.org.apache.http.wire - http-outgoing-0 << "            "Comments": null,[\n]"
20:02:10.512 [main] DEBUG karate.org.apache.http.wire - http-outgoing-0 << "            "IsClosed": true[\n]"
20:02:10.512 [main] DEBUG karate.org.apache.http.wire - http-outgoing-0 << "          }[\n]"
20:02:10.512 [main] DEBUG karate.org.apache.http.wire - http-outgoing-0 << "        ],[\n]"
20:02:10.512 [main] DEBUG karate.org.apache.http.wire - http-outgoing-0 << "        "ATMServices": [[\n]"
20:02:10.512 [main] DEBUG karate.org.apache.http.wire - http-outgoing-0 << "          {[\n]"
20:02:10.512 [main] DEBUG karate.org.apache.http.wire - http-outgoing-0 << "            "ServiceId": 3315,[\n]"
20:02:10.512 [main] DEBUG karate.org.apache.http.wire - http-outgoing-0 << "            "ParentId": 1310,[\n]"
20:02:10.512 [main] DEBUG karate.org.apache.http.wire - http-outgoing-0 << "            "ServiceTypeId": 11,[\n]"
20:02:10.513 [main] DEBUG karate.org.apache.http.wire - http-outgoing-0 << "            "ServiceValue": false,[\n]"
20:02:10.513 [main] DEBUG karate.org.apache.http.wire - http-outgoing-0 << "            "ServiceTypeCode": "24Hours",[\n]"
20:02:10.513 [main] DEBUG karate.org.apache.http.wire - http-outgoing-0 << "            "ServiceTypeTitle": "24 Hours",[\n]"
20:02:10.513 [main] DEBUG karate.org.apache.http.wire - http-outgoing-0 << "            "ServiceTypeDesc": "Is 24 Hours?"[\n]"
20:02:10.513 [main] DEBUG karate.org.apache.http.wire - http-outgoing-0 << "          },[\n]"
20:02:10.513 [main] DEBUG karate.org.apache.http.wire - http-outgoing-0 << "          {[\n]"
20:02:10.513 [main] DEBUG karate.org.apache.http.wire - http-outgoing-0 << "            "ServiceId": 3316,[\n]"
20:02:10.513 [main] DEBUG karate.org.apache.http.wire - http-outgoing-0 << "            "ParentId": 1310,[\n]"
20:02:10.513 [main] DEBUG karate.org.apache.http.wire - http-outgoing-0 << "            "ServiceTypeId": 9,[\n]"
20:02:10.513 [main] DEBUG karate.org.apache.http.wire - http-outgoing-0 << "            "ServiceValue": false,[\n]"
20:02:10.513 [main] DEBUG karate.org.apache.http.wire - http-outgoing-0 << "            "ServiceTypeCode": "Camera",[\n]"
20:02:10.513 [main] DEBUG karate.org.apache.http.wire - http-outgoing-0 << "            "ServiceTypeTitle": "Camera",[\n]"
20:02:10.513 [main] DEBUG karate.org.apache.http.wire - http-outgoing-0 << "            "ServiceTypeDesc": "Has Ca"
20:02:10.513 [main] DEBUG karate.org.apache.http.wire - http-outgoing-0 << "mera?"[\n]"
20:02:10.513 [main] DEBUG karate.org.apache.http.wire - http-outgoing-0 << "          },[\n]"
20:02:10.513 [main] DEBUG karate.org.apache.http.wire - http-outgoing-0 << "          {[\n]"
20:02:10.513 [main] DEBUG karate.org.apache.http.wire - http-outgoing-0 << "            "ServiceId": 5315,[\n]"
20:02:10.513 [main] DEBUG karate.org.apache.http.wire - http-outgoing-0 << "            "ParentId": 1310,[\n]"
20:02:10.513 [main] DEBUG karate.org.apache.http.wire - http-outgoing-0 << "            "ServiceTypeId": 1012,[\n]"
20:02:10.513 [main] DEBUG karate.org.apache.http.wire - http-outgoing-0 << "            "ServiceValue": false,[\n]"
20:02:10.513 [main] DEBUG karate.org.apache.http.wire - http-outgoing-0 << "            "ServiceTypeCode": "DepositAutomation",[\n]"
20:02:10.513 [main] DEBUG karate.org.apache.http.wire - http-outgoing-0 << "            "ServiceTypeTitle": "Deposit Automation",[\n]"
20:02:10.513 [main] DEBUG karate.org.apache.http.wire - http-outgoing-0 << "            "ServiceTypeDesc": "Offers Deposit Automation?"[\n]"
20:02:10.513 [main] DEBUG karate.org.apache.http.wire - http-outgoing-0 << "          },[\n]"
20:02:10.513 [main] DEBUG karate.org.apache.http.wire - http-outgoing-0 << "          {[\n]"
20:02:10.513 [main] DEBUG karate.org.apache.http.wire - http-outgoing-0 << "            "ServiceId": 3317,[\n]"
20:02:10.513 [main] DEBUG karate.org.apache.http.wire - http-outgoing-0 << "            "ParentId": 1310,[\n]"
20:02:10.513 [main] DEBUG karate.org.apache.http.wire - http-outgoing-0 << "            "ServiceTypeId": 8,[\n]"
20:02:10.513 [main] DEBUG karate.org.apache.http.wire - http-outgoing-0 << "            "ServiceValue": false,[\n]"
20:02:10.513 [main] DEBUG karate.org.apache.http.wire - http-outgoing-0 << "            "ServiceTypeCode": "DriveThru",[\n]"
20:02:10.514 [main] DEBUG karate.org.apache.http.wire - http-outgoing-0 << "            "ServiceTypeTitle": "Drive Thru",[\n]"
20:02:10.514 [main] DEBUG karate.org.apache.http.wire - http-outgoing-0 << "            "ServiceTypeDesc": "Has DriveThru?"[\n]"
20:02:10.514 [main] DEBUG karate.org.apache.http.wire - http-outgoing-0 << "          },[\n]"
20:02:10.514 [main] DEBUG karate.org.apache.http.wire - http-outgoing-0 << "          {[\n]"
20:02:10.514 [main] DEBUG karate.org.apache.http.wire - http-outgoing-0 << "            "ServiceId": 3318,[\n]"
20:02:10.514 [main] DEBUG karate.org.apache.http.wire - http-outgoing-0 << "            "ParentId": 1310,[\n]"
20:02:10.514 [main] DEBUG karate.org.apache.http.wire - http-outgoing-0 << "            "ServiceTypeId": 10,[\n]"
20:02:10.514 [main] DEBUG karate.org.apache.http.wire - http-outgoing-0 << "            "ServiceValue": false,[\n]"
20:02:10.515 [main] DEBUG karate.org.apache.http.wire - http-outgoing-0 << "            "ServiceTypeCode": "FullService",[\n]"
20:02:10.515 [main] DEBUG karate.org.apache.http.wire - http-outgoing-0 << "            "ServiceTypeTitle": "Full Service",[\n]"
20:02:10.515 [main] DEBUG karate.org.apache.http.wire - http-outgoing-0 << "            "ServiceTypeDesc": "Is Full Service?"[\n]"
20:02:10.515 [main] DEBUG karate.org.apache.http.wire - http-outgoing-0 << "          },[\n]"
20:02:10.515 [main] DEBUG karate.org.apache.http.wire - http-outgoing-0 << "          {[\n]"
20:02:10.517 [main] DEBUG karate.org.apache.http.wire - http-outgoing-0 << "            "ServiceId": 3319,[\n]"
20:02:10.518 [main] DEBUG karate.org.apache.http.wire - http-outgoing-0 << "            "ParentId": 1310,[\n]"
20:02:10.518 [main] DEBUG karate.org.apache.http.wire - http-outgoing-0 << "            "Service"
20:02:10.518 [main] DEBUG karate.org.apache.http.wire - http-outgoing-0 << "TypeId": 12,[\n]"
20:02:10.518 [main] DEBUG karate.org.apache.http.wire - http-outgoing-0 << "            "ServiceValue": false,[\n]"
20:02:10.518 [main] DEBUG karate.org.apache.http.wire - http-outgoing-0 << "            "ServiceTypeCode": "USDCurrency",[\n]"
20:02:10.519 [main] DEBUG karate.org.apache.http.wire - http-outgoing-0 << "            "ServiceTypeTitle": "USD Currency",[\n]"
20:02:10.519 [main] DEBUG karate.org.apache.http.wire - http-outgoing-0 << "            "ServiceTypeDesc": "Offers USD Currency?"[\n]"
20:02:10.519 [main] DEBUG karate.org.apache.http.wire - http-outgoing-0 << "          }[\n]"
20:02:10.522 [main] DEBUG karate.org.apache.http.wire - http-outgoing-0 << "        ],[\n]"
20:02:10.522 [main] DEBUG karate.org.apache.http.wire - http-outgoing-0 << "        "ATMId": 1310,[\n]"
20:02:10.523 [main] DEBUG karate.org.apache.http.wire - http-outgoing-0 << "        "ATMNumber": "1234",[\n]"
20:02:10.523 [main] DEBUG karate.org.apache.http.wire - http-outgoing-0 << "        "ATMName": "south",[\n]"
20:02:10.523 [main] DEBUG karate.org.apache.http.wire - http-outgoing-0 << "        "ModelNumber": null,[\n]"
20:02:10.523 [main] DEBUG karate.org.apache.http.wire - http-outgoing-0 << "        "Notes": null,[\n]"
20:02:10.523 [main] DEBUG karate.org.apache.http.wire - http-outgoing-0 << "        "Brinks": "2234 john",[\n]"
20:02:10.524 [main] DEBUG karate.org.apache.http.wire - http-outgoing-0 << "        "BalancedBy": "john",[\n]"
20:02:10.524 [main] DEBUG karate.org.apache.http.wire - http-outgoing-0 << "        "Cassette1": null,[\n]"
20:02:10.524 [main] DEBUG karate.org.apache.http.wire - http-outgoing-0 << "        "Cassette2": null,[\n]"
20:02:10.524 [main] DEBUG karate.org.apache.http.wire - http-outgoing-0 << "        "Cassette3": null,[\n]"
20:02:10.524 [main] DEBUG karate.org.apache.http.wire - http-outgoing-0 << "        "Cassette4": null[\n]"
20:02:10.524 [main] DEBUG karate.org.apache.http.wire - http-outgoing-0 << "      },[\n]"
20:02:10.524 [main] DEBUG karate.org.apache.http.wire - http-outgoing-0 << "      {[\n]"
20:02:10.524 [main] DEBUG karate.org.apache.http.wire - http-outgoing-0 << "        "ATMMake": {[\n]"
20:02:10.524 [main] DEBUG karate.org.apache.http.wire - http-outgoing-0 << "          "ATMMakeId": 1,[\n]"
20:02:10.524 [main] DEBUG karate.org.apache.http.wire - http-outgoing-0 << "          "MakeBrand": "Diebold"[\n]"
20:02:10.524 [main] DEBUG karate.org.apache.http.wire - http-outgoing-0 << "        },[\n]"
20:02:10.524 [main] DEBUG karate.org.apache.http.wire - http-outgoing-0 << "        "LockMake": {[\n]"
20:02:10.525 [main] DEBUG karate.org.apache.http.wire - http-outgoing-0 << "          "LockMakeId": 2,[\n]"
20:02:10.526 [main] DEBUG karate.org.apache.http.wire - http-outgoing-0 << "          "LockBrand": "S & G"[\n]"
20:02:10.526 [main] DEBUG karate.org.apache.http.wire - http-outgoing-0 << "        },[\n]"
20:02:10.526 [main] DEBUG karate.org.apache.http.wire - http-outgoing-0 << "        "Branch": null,[\n]"
20:02:10.526 [main] DEBUG karate.org.apache.http.wire - http-outgoing-0 << "        "ATMHours": [[\n]"
20:02:10.526 [main] DEBUG karate.org.apache.http.wire - http-outgoing-0 << "          {[\n]"
20:02:10.526 [main] DEBUG karate.org.apache.http.wire - http-outgoing-0 << "            "HourId": 3499,[\n]"
20:02:10.526 [main] DEBUG karate.org.apache.http.wire - http-outgoing-0 << "            "ParentId": 1311,[\n]"
20:02:10.526 [main] DEBUG karate.org.apache.http.wire - http-outgoing-0 << "            "DayOfWeek": null,[\n]"
20:02:10.526 [main] DEBUG karate.org.apache.http.wire - http-outgoing-0 << "            "OpenTime": null,[\n]"
20:02:10.526 [main] DEBUG karate.org.apache.http.wire - http-outgoing-0 << "            "CloseTime": null,[\n]"
20:02:10.526 [main] DEBUG karate.org.apache.http.wire - http-outgoing-0 << "            "Comments": null,[\n]"
20:02:10.526 [main] DEBUG karate.org.apache.http.wire - http-outgoing-0 << "            "IsClosed": true[\n]"
20:02:10.526 [main] DEBUG karate.org.apache.http.wire - http-outgoing-0 << "          },[\n]"
20:02:10.526 [main] DEBUG karate.org.apache.http.wire - http-outgoing-0 << "          {[\n]"
20:02:10.526 [main] DEBUG karate.org.apache.http.wire - http-outgoing-0 << "            "H"
20:02:10.526 [main] DEBUG karate.org.apache.http.wire - http-outgoing-0 << "ourId": 3500,[\n]"
20:02:10.526 [main] DEBUG karate.org.apache.http.wire - http-outgoing-0 << "            "ParentId": 1311,[\n]"
20:02:10.526 [main] DEBUG karate.org.apache.http.wire - http-outgoing-0 << "            "DayOfWeek": null,[\n]"
20:02:10.526 [main] DEBUG karate.org.apache.http.wire - http-outgoing-0 << "            "OpenTime": null,[\n]"
20:02:10.526 [main] DEBUG karate.org.apache.http.wire - http-outgoing-0 << "            "CloseTime": null,[\n]"
20:02:10.526 [main] DEBUG karate.org.apache.http.wire - http-outgoing-0 << "            "Comments": null,[\n]"
20:02:10.526 [main] DEBUG karate.org.apache.http.wire - http-outgoing-0 << "            "IsClosed": true[\n]"
20:02:10.526 [main] DEBUG karate.org.apache.http.wire - http-outgoing-0 << "          },[\n]"
20:02:10.526 [main] DEBUG karate.org.apache.http.wire - http-outgoing-0 << "          {[\n]"
20:02:10.526 [main] DEBUG karate.org.apache.http.wire - http-outgoing-0 << "            "HourId": 3501,[\n]"
20:02:10.526 [main] DEBUG karate.org.apache.http.wire - http-outgoing-0 << "            "ParentId": 1311,[\n]"
20:02:10.526 [main] DEBUG karate.org.apache.http.wire - http-outgoing-0 << "            "DayOfWeek": null,[\n]"
20:02:10.526 [main] DEBUG karate.org.apache.http.wire - http-outgoing-0 << "            "OpenTime": null,[\n]"
20:02:10.526 [main] DEBUG karate.org.apache.http.wire - http-outgoing-0 << "            "CloseTime": null,[\n]"
20:02:10.526 [main] DEBUG karate.org.apache.http.wire - http-outgoing-0 << "            "Comments": null,[\n]"
20:02:10.526 [main] DEBUG karate.org.apache.http.wire - http-outgoing-0 << "            "IsClosed": true[\n]"
20:02:10.527 [main] DEBUG karate.org.apache.http.wire - http-outgoing-0 << "          },[\n]"
20:02:10.527 [main] DEBUG karate.org.apache.http.wire - http-outgoing-0 << "          {[\n]"
20:02:10.527 [main] DEBUG karate.org.apache.http.wire - http-outgoing-0 << "            "HourId": 3502,[\n]"
20:02:10.527 [main] DEBUG karate.org.apache.http.wire - http-outgoing-0 << "            "ParentId": 1311,[\n]"
20:02:10.527 [main] DEBUG karate.org.apache.http.wire - http-outgoing-0 << "            "DayOfWeek": null,[\n]"
20:02:10.527 [main] DEBUG karate.org.apache.http.wire - http-outgoing-0 << "            "OpenTime": null,[\n]"
20:02:10.527 [main] DEBUG karate.org.apache.http.wire - http-outgoing-0 << "            "CloseTime": null,[\n]"
20:02:10.527 [main] DEBUG karate.org.apache.http.wire - http-outgoing-0 << "            "Comments": null,[\n]"
20:02:10.527 [main] DEBUG karate.org.apache.http.wire - http-outgoing-0 << "            "IsClosed": true[\n]"
20:02:10.527 [main] DEBUG karate.org.apache.http.wire - http-outgoing-0 << "          },[\n]"
20:02:10.527 [main] DEBUG karate.org.apache.http.wire - http-outgoing-0 << "          {[\n]"
20:02:10.527 [main] DEBUG karate.org.apache.http.wire - http-outgoing-0 << "            "HourId": 3503,[\n]"
20:02:10.527 [main] DEBUG karate.org.apache.http.wire - http-outgoing-0 << "            "ParentId": 1311,[\n]"
20:02:10.527 [main] DEBUG karate.org.apache.http.wire - http-outgoing-0 << "            "DayOfWeek": null,[\n]"
20:02:10.527 [main] DEBUG karate.org.apache.http.wire - http-outgoing-0 << "            "OpenTime": null,[\n]"
20:02:10.527 [main] DEBUG karate.org.apache.http.wire - http-outgoing-0 << "            "CloseTime": null,[\n]"
20:02:10.527 [main] DEBUG karate.org.apache.http.wire - http-outgoing-0 << "            "Comments": null,[\n]"
20:02:10.527 [main] DEBUG karate.org.apache.http.wire - http-outgoing-0 << "            "IsClosed": true[\n]"
20:02:10.527 [main] DEBUG karate.org.apache.http.wire - http-outgoing-0 << "          },[\n]"
20:02:10.527 [main] DEBUG karate.org.apache.http.wire - http-outgoing-0 << "          {[\n]"
20:02:10.527 [main] DEBUG karate.org.apache.http.wire - http-outgoing-0 << "            "HourId": 3504,[\n]"
20:02:10.527 [main] DEBUG karate.org.apache.http.wire - http-outgoing-0 << "            "ParentId": 1311,[\n]"
20:02:10.527 [main] DEBUG karate.org.apache.http.wire - http-outgoing-0 << "            "DayOfWeek": null,[\n]"
20:02:10.527 [main] DEBUG karate.org.apache.http.wire - http-outgoing-0 << "            ""
20:02:10.527 [main] DEBUG karate.org.apache.http.wire - http-outgoing-0 << "OpenTime": null,[\n]"
20:02:10.527 [main] DEBUG karate.org.apache.http.wire - http-outgoing-0 << "            "CloseTime": null,[\n]"
20:02:10.527 [main] DEBUG karate.org.apache.http.wire - http-outgoing-0 << "            "Comments": null,[\n]"
20:02:10.527 [main] DEBUG karate.org.apache.http.wire - http-outgoing-0 << "            "IsClosed": true[\n]"
20:02:10.527 [main] DEBUG karate.org.apache.http.wire - http-outgoing-0 << "          },[\n]"
20:02:10.527 [main] DEBUG karate.org.apache.http.wire - http-outgoing-0 << "          {[\n]"
20:02:10.527 [main] DEBUG karate.org.apache.http.wire - http-outgoing-0 << "            "HourId": 3505,[\n]"
20:02:10.527 [main] DEBUG karate.org.apache.http.wire - http-outgoing-0 << "            "ParentId": 1311,[\n]"
20:02:10.527 [main] DEBUG karate.org.apache.http.wire - http-outgoing-0 << "            "DayOfWeek": null,[\n]"
20:02:10.528 [main] DEBUG karate.org.apache.http.wire - http-outgoing-0 << "            "OpenTime": null,[\n]"
20:02:10.528 [main] DEBUG karate.org.apache.http.wire - http-outgoing-0 << "            "CloseTime": null,[\n]"
20:02:10.528 [main] DEBUG karate.org.apache.http.wire - http-outgoing-0 << "            "Comments": null,[\n]"
20:02:10.528 [main] DEBUG karate.org.apache.http.wire - http-outgoing-0 << "            "IsClosed": true[\n]"
20:02:10.528 [main] DEBUG karate.org.apache.http.wire - http-outgoing-0 << "          }[\n]"
20:02:10.528 [main] DEBUG karate.org.apache.http.wire - http-outgoing-0 << "        ],[\n]"
20:02:10.528 [main] DEBUG karate.org.apache.http.wire - http-outgoing-0 << "        "ATMServices": [[\n]"
20:02:10.528 [main] DEBUG karate.org.apache.http.wire - http-outgoing-0 << "          {[\n]"
20:02:10.528 [main] DEBUG karate.org.apache.http.wire - http-outgoing-0 << "            "ServiceId": 3324,[\n]"
20:02:10.528 [main] DEBUG karate.org.apache.http.wire - http-outgoing-0 << "            "ParentId": 1311,[\n]"
20:02:10.528 [main] DEBUG karate.org.apache.http.wire - http-outgoing-0 << "            "ServiceTypeId": 11,[\n]"
20:02:10.528 [main] DEBUG karate.org.apache.http.wire - http-outgoing-0 << "            "ServiceValue": false,[\n]"
20:02:10.528 [main] DEBUG karate.org.apache.http.wire - http-outgoing-0 << "            "ServiceTypeCode": "24Hours",[\n]"
20:02:10.528 [main] DEBUG karate.org.apache.http.wire - http-outgoing-0 << "            "ServiceTypeTitle": "24 Hours",[\n]"
20:02:10.528 [main] DEBUG karate.org.apache.http.wire - http-outgoing-0 << "            "ServiceTypeDesc": "Is 24 Hours?"[\n]"
20:02:10.528 [main] DEBUG karate.org.apache.http.wire - http-outgoing-0 << "          },[\n]"
20:02:10.528 [main] DEBUG karate.org.apache.http.wire - http-outgoing-0 << "          {[\n]"
20:02:10.528 [main] DEBUG karate.org.apache.http.wire - http-outgoing-0 << "            "ServiceId": 3325,[\n]"
20:02:10.528 [main] DEBUG karate.org.apache.http.wire - http-outgoing-0 << "            "ParentId": 1311,[\n]"
20:02:10.528 [main] DEBUG karate.org.apache.http.wire - http-outgoing-0 << "            "ServiceTypeId": 9,[\n]"
20:02:10.528 [main] DEBUG karate.org.apache.http.wire - http-outgoing-0 << "            "ServiceValue": false,[\n]"
20:02:10.528 [main] DEBUG karate.org.apache.http.wire - http-outgoing-0 << "            "ServiceTypeCode": "Camera",[\n]"
20:02:10.528 [main] DEBUG karate.org.apache.http.wire - http-outgoing-0 << "            "ServiceTypeTitle": "Camera",[\n]"
20:02:10.528 [main] DEBUG karate.org.apache.http.wire - http-outgoing-0 << "            "ServiceTypeDesc": "Has Camera?"[\n]"
20:02:10.528 [main] DEBUG karate.org.apache.http.wire - http-outgoing-0 << "          },[\n]"
20:02:10.529 [main] DEBUG karate.org.apache.http.wire - http-outgoing-0 << "          {[\n]"
20:02:10.529 [main] DEBUG karate.org.apache.http.wire - http-outgoing-0 << "            "ServiceId": 5316,[\n]"
20:02:10.529 [main] DEBUG karate.org.apache.http.wire - http-outgoing-0 << "            "ParentId": 1"
20:02:10.529 [main] DEBUG karate.org.apache.http.wire - http-outgoing-0 << "311,[\n]"
20:02:10.529 [main] DEBUG karate.org.apache.http.wire - http-outgoing-0 << "            "ServiceTypeId": 1012,[\n]"
20:02:10.529 [main] DEBUG karate.org.apache.http.wire - http-outgoing-0 << "            "ServiceValue": false,[\n]"
20:02:10.529 [main] DEBUG karate.org.apache.http.wire - http-outgoing-0 << "            "ServiceTypeCode": "DepositAutomation",[\n]"
20:02:10.529 [main] DEBUG karate.org.apache.http.wire - http-outgoing-0 << "            "ServiceTypeTitle": "Deposit Automation",[\n]"
20:02:10.529 [main] DEBUG karate.org.apache.http.wire - http-outgoing-0 << "            "ServiceTypeDesc": "Offers Deposit Automation?"[\n]"
20:02:10.529 [main] DEBUG karate.org.apache.http.wire - http-outgoing-0 << "          },[\n]"
20:02:10.530 [main] DEBUG karate.org.apache.http.wire - http-outgoing-0 << "          {[\n]"
20:02:10.530 [main] DEBUG karate.org.apache.http.wire - http-outgoing-0 << "            "ServiceId": 3326,[\n]"
20:02:10.530 [main] DEBUG karate.org.apache.http.wire - http-outgoing-0 << "            "ParentId": 1311,[\n]"
20:02:10.530 [main] DEBUG karate.org.apache.http.wire - http-outgoing-0 << "            "ServiceTypeId": 8,[\n]"
20:02:10.531 [main] DEBUG karate.org.apache.http.wire - http-outgoing-0 << "            "ServiceValue": false,[\n]"
20:02:10.531 [main] DEBUG karate.org.apache.http.wire - http-outgoing-0 << "            "ServiceTypeCode": "DriveThru",[\n]"
20:02:10.531 [main] DEBUG karate.org.apache.http.wire - http-outgoing-0 << "            "ServiceTypeTitle": "Drive Thru",[\n]"
20:02:10.531 [main] DEBUG karate.org.apache.http.wire - http-outgoing-0 << "            "ServiceTypeDesc": "Has DriveThru?"[\n]"
20:02:10.531 [main] DEBUG karate.org.apache.http.wire - http-outgoing-0 << "          },[\n]"
20:02:10.531 [main] DEBUG karate.org.apache.http.wire - http-outgoing-0 << "          {[\n]"
20:02:10.531 [main] DEBUG karate.org.apache.http.wire - http-outgoing-0 << "            "ServiceId": 3327,[\n]"
20:02:10.531 [main] DEBUG karate.org.apache.http.wire - http-outgoing-0 << "            "ParentId": 1311,[\n]"
20:02:10.531 [main] DEBUG karate.org.apache.http.wire - http-outgoing-0 << "            "ServiceTypeId": 10,[\n]"
20:02:10.531 [main] DEBUG karate.org.apache.http.wire - http-outgoing-0 << "            "ServiceValue": false,[\n]"
20:02:10.531 [main] DEBUG karate.org.apache.http.wire - http-outgoing-0 << "            "ServiceTypeCode": "FullService",[\n]"
20:02:10.531 [main] DEBUG karate.org.apache.http.wire - http-outgoing-0 << "            "ServiceTypeTitle": "Full Service",[\n]"
20:02:10.531 [main] DEBUG karate.org.apache.http.wire - http-outgoing-0 << "            "ServiceTypeDesc": "Is Full Service?"[\n]"
20:02:10.531 [main] DEBUG karate.org.apache.http.wire - http-outgoing-0 << "          },[\n]"
20:02:10.531 [main] DEBUG karate.org.apache.http.wire - http-outgoing-0 << "          {[\n]"
20:02:10.531 [main] DEBUG karate.org.apache.http.wire - http-outgoing-0 << "            "ServiceId": 3328,[\n]"
20:02:10.533 [main] DEBUG karate.org.apache.http.wire - http-outgoing-0 << "            "ParentId": 1311,[\n]"
20:02:10.533 [main] DEBUG karate.org.apache.http.wire - http-outgoing-0 << "            "ServiceTypeId": 12,[\n]"
20:02:10.533 [main] DEBUG karate.org.apache.http.wire - http-outgoing-0 << "            "ServiceValue": false,[\n]"
20:02:10.533 [main] DEBUG karate.org.apache.http.wire - http-outgoing-0 << "            "ServiceTypeCode": "USDCurre"
20:02:10.533 [main] DEBUG karate.org.apache.http.wire - http-outgoing-0 << "ncy",[\n]"
20:02:10.533 [main] DEBUG karate.org.apache.http.wire - http-outgoing-0 << "            "ServiceTypeTitle": "USD Currency",[\n]"
20:02:10.533 [main] DEBUG karate.org.apache.http.wire - http-outgoing-0 << "            "ServiceTypeDesc": "Offers USD Currency?"[\n]"
20:02:10.533 [main] DEBUG karate.org.apache.http.wire - http-outgoing-0 << "          }[\n]"
20:02:10.533 [main] DEBUG karate.org.apache.http.wire - http-outgoing-0 << "        ],[\n]"
20:02:10.533 [main] DEBUG karate.org.apache.http.wire - http-outgoing-0 << "        "ATMId": 1311,[\n]"
20:02:10.534 [main] DEBUG karate.org.apache.http.wire - http-outgoing-0 << "        "ATMNumber": "44556677",[\n]"
20:02:10.534 [main] DEBUG karate.org.apache.http.wire - http-outgoing-0 << "        "ATMName": "SouthWest",[\n]"
20:02:10.534 [main] DEBUG karate.org.apache.http.wire - http-outgoing-0 << "        "ModelNumber": null,[\n]"
20:02:10.534 [main] DEBUG karate.org.apache.http.wire - http-outgoing-0 << "        "Notes": null,[\n]"
20:02:10.534 [main] DEBUG karate.org.apache.http.wire - http-outgoing-0 << "        "Brinks": "Jar5566",[\n]"
20:02:10.534 [main] DEBUG karate.org.apache.http.wire - http-outgoing-0 << "        "BalancedBy": "Jamal",[\n]"
20:02:10.534 [main] DEBUG karate.org.apache.http.wire - http-outgoing-0 << "        "Cassette1": null,[\n]"
20:02:10.534 [main] DEBUG karate.org.apache.http.wire - http-outgoing-0 << "        "Cassette2": null,[\n]"
20:02:10.534 [main] DEBUG karate.org.apache.http.wire - http-outgoing-0 << "        "Cassette3": null,[\n]"
20:02:10.534 [main] DEBUG karate.org.apache.http.wire - http-outgoing-0 << "        "Cassette4": null[\n]"
20:02:10.534 [main] DEBUG karate.org.apache.http.wire - http-outgoing-0 << "      }[\n]"
20:02:10.534 [main] DEBUG karate.org.apache.http.wire - http-outgoing-0 << "    ],[\n]"
20:02:10.534 [main] DEBUG karate.org.apache.http.wire - http-outgoing-0 << "    "BranchHours": [[\n]"
20:02:10.534 [main] DEBUG karate.org.apache.http.wire - http-outgoing-0 << "      {[\n]"
20:02:10.534 [main] DEBUG karate.org.apache.http.wire - http-outgoing-0 << "        "HourId": 1,[\n]"
20:02:10.534 [main] DEBUG karate.org.apache.http.wire - http-outgoing-0 << "        "ParentId": 1,[\n]"
20:02:10.534 [main] DEBUG karate.org.apache.http.wire - http-outgoing-0 << "        "DayOfWeek": "Monday",[\n]"
20:02:10.534 [main] DEBUG karate.org.apache.http.wire - http-outgoing-0 << "        "OpenTime": "09:30:00",[\n]"
20:02:10.534 [main] DEBUG karate.org.apache.http.wire - http-outgoing-0 << "        "CloseTime": "17:00:00",[\n]"
20:02:10.534 [main] DEBUG karate.org.apache.http.wire - http-outgoing-0 << "        "Comments": null,[\n]"
20:02:10.534 [main] DEBUG karate.org.apache.http.wire - http-outgoing-0 << "        "IsClosed": false[\n]"
20:02:10.534 [main] DEBUG karate.org.apache.http.wire - http-outgoing-0 << "      },[\n]"
20:02:10.534 [main] DEBUG karate.org.apache.http.wire - http-outgoing-0 << "      {[\n]"
20:02:10.534 [main] DEBUG karate.org.apache.http.wire - http-outgoing-0 << "        "HourId": 2,[\n]"
20:02:10.534 [main] DEBUG karate.org.apache.http.wire - http-outgoing-0 << "        "ParentId": 1,[\n]"
20:02:10.534 [main] DEBUG karate.org.apache.http.wire - http-outgoing-0 << "        "DayOfWeek": "Tuesday",[\n]"
20:02:10.534 [main] DEBUG karate.org.apache.http.wire - http-outgoing-0 << "        "OpenTime": "09:30:00",[\n]"
20:02:10.534 [main] DEBUG karate.org.apache.http.wire - http-outgoing-0 << "        "CloseTime": "17:00:00",[\n]"
20:02:10.534 [main] DEBUG karate.org.apache.http.wire - http-outgoing-0 << "        "Comments": null,[\n]"
20:02:10.534 [main] DEBUG karate.org.apache.http.wire - http-outgoing-0 << "        "IsClosed": false[\n]"
20:02:10.534 [main] DEBUG karate.org.apache.http.wire - http-outgoing-0 << "      },[\n]"
20:02:10.534 [main] DEBUG karate.org.apache.http.wire - http-outgoing-0 << "      {[\n]"
20:02:10.534 [main] DEBUG karate.org.apache.http.wire - http-outgoing-0 << "        "HourId": 3,[\n]"
20:02:10.534 [main] DEBUG karate.org.apache.http.wire - http-outgoing-0 << "        "ParentId": 1,[\n]"
20:02:10.534 [main] DEBUG karate.org.apache.http.wire - http-outgoing-0 << "        "DayOfWeek": "Wednesday",[\n]"
20:02:10.534 [main] DEBUG karate.org.apache.http.wire - http-outgoing-0 << "        "OpenTime": "09:30:00",[\n]"
20:02:10.534 [main] DEBUG karate.org.apache.http.wire - http-outgoing-0 << "        "Clos"
20:02:10.534 [main] DEBUG karate.org.apache.http.wire - http-outgoing-0 << "eTime": "17:00:00",[\n]"
20:02:10.534 [main] DEBUG karate.org.apache.http.wire - http-outgoing-0 << "        "Comments": null,[\n]"
20:02:10.534 [main] DEBUG karate.org.apache.http.wire - http-outgoing-0 << "        "IsClosed": false[\n]"
20:02:10.534 [main] DEBUG karate.org.apache.http.wire - http-outgoing-0 << "      },[\n]"
20:02:10.534 [main] DEBUG karate.org.apache.http.wire - http-outgoing-0 << "      {[\n]"
20:02:10.534 [main] DEBUG karate.org.apache.http.wire - http-outgoing-0 << "        "HourId": 4,[\n]"
20:02:10.534 [main] DEBUG karate.org.apache.http.wire - http-outgoing-0 << "        "ParentId": 1,[\n]"
20:02:10.534 [main] DEBUG karate.org.apache.http.wire - http-outgoing-0 << "        "DayOfWeek": "Thursday",[\n]"
20:02:10.534 [main] DEBUG karate.org.apache.http.wire - http-outgoing-0 << "        "OpenTime": "09:30:00",[\n]"
20:02:10.534 [main] DEBUG karate.org.apache.http.wire - http-outgoing-0 << "        "CloseTime": "17:00:00",[\n]"
20:02:10.534 [main] DEBUG karate.org.apache.http.wire - http-outgoing-0 << "        "Comments": null,[\n]"
20:02:10.534 [main] DEBUG karate.org.apache.http.wire - http-outgoing-0 << "        "IsClosed": false[\n]"
20:02:10.534 [main] DEBUG karate.org.apache.http.wire - http-outgoing-0 << "      },[\n]"
20:02:10.534 [main] DEBUG karate.org.apache.http.wire - http-outgoing-0 << "      {[\n]"
20:02:10.534 [main] DEBUG karate.org.apache.http.wire - http-outgoing-0 << "        "HourId": 5,[\n]"
20:02:10.534 [main] DEBUG karate.org.apache.http.wire - http-outgoing-0 << "        "ParentId": 1,[\n]"
20:02:10.534 [main] DEBUG karate.org.apache.http.wire - http-outgoing-0 << "        "DayOfWeek": "Friday",[\n]"
20:02:10.534 [main] DEBUG karate.org.apache.http.wire - http-outgoing-0 << "        "OpenTime": "09:30:00",[\n]"
20:02:10.534 [main] DEBUG karate.org.apache.http.wire - http-outgoing-0 << "        "CloseTime": "17:00:00",[\n]"
20:02:10.534 [main] DEBUG karate.org.apache.http.wire - http-outgoing-0 << "        "Comments": null,[\n]"
20:02:10.534 [main] DEBUG karate.org.apache.http.wire - http-outgoing-0 << "        "IsClosed": false[\n]"
20:02:10.534 [main] DEBUG karate.org.apache.http.wire - http-outgoing-0 << "      },[\n]"
20:02:10.534 [main] DEBUG karate.org.apache.http.wire - http-outgoing-0 << "      {[\n]"
20:02:10.534 [main] DEBUG karate.org.apache.http.wire - http-outgoing-0 << "        "HourId": 6,[\n]"
20:02:10.535 [main] DEBUG karate.org.apache.http.wire - http-outgoing-0 << "        "ParentId": 1,[\n]"
20:02:10.535 [main] DEBUG karate.org.apache.http.wire - http-outgoing-0 << "        "DayOfWeek": "Saturday",[\n]"
20:02:10.535 [main] DEBUG karate.org.apache.http.wire - http-outgoing-0 << "        "OpenTime": null,[\n]"
20:02:10.535 [main] DEBUG karate.org.apache.http.wire - http-outgoing-0 << "        "CloseTime": null,[\n]"
20:02:10.535 [main] DEBUG karate.org.apache.http.wire - http-outgoing-0 << "        "Comments": null,[\n]"
20:02:10.535 [main] DEBUG karate.org.apache.http.wire - http-outgoing-0 << "        "IsClosed": true[\n]"
20:02:10.535 [main] DEBUG karate.org.apache.http.wire - http-outgoing-0 << "      },[\n]"
20:02:10.535 [main] DEBUG karate.org.apache.http.wire - http-outgoing-0 << "      {[\n]"
20:02:10.535 [main] DEBUG karate.org.apache.http.wire - http-outgoing-0 << "        "HourId": 7,[\n]"
20:02:10.535 [main] DEBUG karate.org.apache.http.wire - http-outgoing-0 << "        "ParentId": 1,[\n]"
20:02:10.535 [main] DEBUG karate.org.apache.http.wire - http-outgoing-0 << "        "DayOfWeek": "Sunday",[\n]"
20:02:10.535 [main] DEBUG karate.org.apache.http.wire - http-outgoing-0 << "        "OpenTime": null,[\n]"
20:02:10.535 [main] DEBUG karate.org.apache.http.wire - http-outgoing-0 << "        "CloseTime": null,[\n]"
20:02:10.535 [main] DEBUG karate.org.apache.http.wire - http-outgoing-0 << "        "Comments": null,[\n]"
20:02:10.535 [main] DEBUG karate.org.apache.http.wire - http-outgoing-0 << "        "IsClosed": true[\n]"
20:02:10.535 [main] DEBUG karate.org.apache.http.wire - http-outgoing-0 << "      }[\n]"
20:02:10.535 [main] DEBUG karate.org.apache.http.wire - http-outgoing-0 << "    ],[\n]"
20:02:10.535 [main] DEBUG karate.org.apache.http.wire - http-outgoing-0 << "    "ContactInfo": [[\n]"
20:02:10.535 [main] DEBUG karate.org.apache.http.wire - http-outgoing-0 << "      {[\n]"
20:02:10.535 [main] DEBUG karate.org.apache.http.wire - http-outgoing-0 << "        "ContactInfoId": 1,[\n]"
20:02:10.535 [main] DEBUG karate.org.apache.http.wire - http-outgoing-0 << "        "BranchId": 1,[\n]"
20:02:10.535 [main] DEBUG karate.org.apache.http.wire - http-outgoing-0 << "        "ContactInfoValue": "780.875.4434","
20:02:10.538 [main] DEBUG karate.org.apache.http.wire - http-outgoing-0 << "[\n]"
20:02:10.538 [main] DEBUG karate.org.apache.http.wire - http-outgoing-0 << "        "ContactDescription": null,[\n]"
20:02:10.539 [main] DEBUG karate.org.apache.http.wire - http-outgoing-0 << "        "ContactInfoTypeId": 0,[\n]"
20:02:10.539 [main] DEBUG karate.org.apache.http.wire - http-outgoing-0 << "        "ContactInfoType": {[\n]"
20:02:10.539 [main] DEBUG karate.org.apache.http.wire - http-outgoing-0 << "          "ContactInfoTypeId": 1,[\n]"
20:02:10.539 [main] DEBUG karate.org.apache.http.wire - http-outgoing-0 << "          "ContactInfoTypeDesc": "Main Phone"[\n]"
20:02:10.539 [main] DEBUG karate.org.apache.http.wire - http-outgoing-0 << "        }[\n]"
20:02:10.539 [main] DEBUG karate.org.apache.http.wire - http-outgoing-0 << "      },[\n]"
20:02:10.539 [main] DEBUG karate.org.apache.http.wire - http-outgoing-0 << "      {[\n]"
20:02:10.539 [main] DEBUG karate.org.apache.http.wire - http-outgoing-0 << "        "ContactInfoId": 104,[\n]"
20:02:10.539 [main] DEBUG karate.org.apache.http.wire - http-outgoing-0 << "        "BranchId": 1,[\n]"
20:02:10.539 [main] DEBUG karate.org.apache.http.wire - http-outgoing-0 << "        "ContactInfoValue": "780.808.4777",[\n]"
20:02:10.539 [main] DEBUG karate.org.apache.http.wire - http-outgoing-0 << "        "ContactDescription": null,[\n]"
20:02:10.539 [main] DEBUG karate.org.apache.http.wire - http-outgoing-0 << "        "ContactInfoTypeId": 0,[\n]"
20:02:10.539 [main] DEBUG karate.org.apache.http.wire - http-outgoing-0 << "        "ContactInfoType": {[\n]"
20:02:10.539 [main] DEBUG karate.org.apache.http.wire - http-outgoing-0 << "          "ContactInfoTypeId": 3,[\n]"
20:02:10.539 [main] DEBUG karate.org.apache.http.wire - http-outgoing-0 << "          "ContactInfoTypeDesc": "Main Fax"[\n]"
20:02:10.539 [main] DEBUG karate.org.apache.http.wire - http-outgoing-0 << "        }[\n]"
20:02:10.539 [main] DEBUG karate.org.apache.http.wire - http-outgoing-0 << "      },[\n]"
20:02:10.539 [main] DEBUG karate.org.apache.http.wire - http-outgoing-0 << "      {[\n]"
20:02:10.539 [main] DEBUG karate.org.apache.http.wire - http-outgoing-0 << "        "ContactInfoId": 222,[\n]"
20:02:10.539 [main] DEBUG karate.org.apache.http.wire - http-outgoing-0 << "        "BranchId": 1,[\n]"
20:02:10.539 [main] DEBUG karate.org.apache.http.wire - http-outgoing-0 << "        "ContactInfoValue": "877.606.6333",[\n]"
20:02:10.539 [main] DEBUG karate.org.apache.http.wire - http-outgoing-0 << "        "ContactDescription": null,[\n]"
20:02:10.539 [main] DEBUG karate.org.apache.http.wire - http-outgoing-0 << "        "ContactInfoTypeId": 0,[\n]"
20:02:10.539 [main] DEBUG karate.org.apache.http.wire - http-outgoing-0 << "        "ContactInfoType": {[\n]"
20:02:10.539 [main] DEBUG karate.org.apache.http.wire - http-outgoing-0 << "          "ContactInfoTypeId": 2,[\n]"
20:02:10.539 [main] DEBUG karate.org.apache.http.wire - http-outgoing-0 << "          "ContactInfoTypeDesc": "Other Phone"[\n]"
20:02:10.539 [main] DEBUG karate.org.apache.http.wire - http-outgoing-0 << "        }[\n]"
20:02:10.539 [main] DEBUG karate.org.apache.http.wire - http-outgoing-0 << "      },[\n]"
20:02:10.539 [main] DEBUG karate.org.apache.http.wire - http-outgoing-0 << "      {[\n]"
20:02:10.539 [main] DEBUG karate.org.apache.http.wire - http-outgoing-0 << "        "ContactInfoId": 223,[\n]"
20:02:10.539 [main] DEBUG karate.org.apache.http.wire - http-outgoing-0 << "        "BranchId": 1,[\n]"
20:02:10.539 [main] DEBUG karate.org.apache.http.wire - http-outgoing-0 << "        "ContactInfoValue": "4999",[\n]"
20:02:10.539 [main] DEBUG karate.org.apache.http.wire - http-outgoing-0 << "        "ContactDescription": "Access Code - Legacy CWCU",[\n]"
20:02:10.539 [main] DEBUG karate.org.apache.http.wire - http-outgoing-0 << "        "ContactInfoTypeId": 0,[\n]"
20:02:10.539 [main] DEBUG karate.org.apache.http.wire - http-outgoing-0 << "        "ContactInfoType": {[\n]"
20:02:10.539 [main] DEBUG karate.org.apache.http.wire - http-outgoing-0 << "         "
20:02:10.539 [main] DEBUG karate.org.apache.http.wire - http-outgoing-0 << " "ContactInfoTypeId": 2,[\n]"
20:02:10.539 [main] DEBUG karate.org.apache.http.wire - http-outgoing-0 << "          "ContactInfoTypeDesc": "Other Phone"[\n]"
20:02:10.539 [main] DEBUG karate.org.apache.http.wire - http-outgoing-0 << "        }[\n]"
20:02:10.539 [main] DEBUG karate.org.apache.http.wire - http-outgoing-0 << "      },[\n]"
20:02:10.539 [main] DEBUG karate.org.apache.http.wire - http-outgoing-0 << "      {[\n]"
20:02:10.539 [main] DEBUG karate.org.apache.http.wire - http-outgoing-0 << "        "ContactInfoId": 299,[\n]"
20:02:10.539 [main] DEBUG karate.org.apache.http.wire - http-outgoing-0 << "        "BranchId": 1,[\n]"
20:02:10.539 [main] DEBUG karate.org.apache.http.wire - http-outgoing-0 << "        "ContactInfoValue": "AtriumCenterBranchManagement@servus.ca",[\n]"
20:02:10.539 [main] DEBUG karate.org.apache.http.wire - http-outgoing-0 << "        "ContactDescription": null,[\n]"
20:02:10.539 [main] DEBUG karate.org.apache.http.wire - http-outgoing-0 << "        "ContactInfoTypeId": 0,[\n]"
20:02:10.539 [main] DEBUG karate.org.apache.http.wire - http-outgoing-0 << "        "ContactInfoType": {[\n]"
20:02:10.539 [main] DEBUG karate.org.apache.http.wire - http-outgoing-0 << "          "ContactInfoTypeId": 5,[\n]"
20:02:10.539 [main] DEBUG karate.org.apache.http.wire - http-outgoing-0 << "          "ContactInfoTypeDesc": "Main Email"[\n]"
20:02:10.539 [main] DEBUG karate.org.apache.http.wire - http-outgoing-0 << "        }[\n]"
20:02:10.539 [main] DEBUG karate.org.apache.http.wire - http-outgoing-0 << "      },[\n]"
20:02:10.539 [main] DEBUG karate.org.apache.http.wire - http-outgoing-0 << "      {[\n]"
20:02:10.539 [main] DEBUG karate.org.apache.http.wire - http-outgoing-0 << "        "ContactInfoId": 423,[\n]"
20:02:10.539 [main] DEBUG karate.org.apache.http.wire - http-outgoing-0 << "        "BranchId": 1,[\n]"
20:02:10.539 [main] DEBUG karate.org.apache.http.wire - http-outgoing-0 << "        "ContactInfoValue": "780.808.4745",[\n]"
20:02:10.539 [main] DEBUG karate.org.apache.http.wire - http-outgoing-0 << "        "ContactDescription": null,[\n]"
20:02:10.539 [main] DEBUG karate.org.apache.http.wire - http-outgoing-0 << "        "ContactInfoTypeId": 0,[\n]"
20:02:10.539 [main] DEBUG karate.org.apache.http.wire - http-outgoing-0 << "        "ContactInfoType": {[\n]"
20:02:10.539 [main] DEBUG karate.org.apache.http.wire - http-outgoing-0 << "          "ContactInfoTypeId": 7,[\n]"
20:02:10.539 [main] DEBUG karate.org.apache.http.wire - http-outgoing-0 << "          "ContactInfoTypeDesc": "Direct Line"[\n]"
20:02:10.540 [main] DEBUG karate.org.apache.http.wire - http-outgoing-0 << "        }[\n]"
20:02:10.540 [main] DEBUG karate.org.apache.http.wire - http-outgoing-0 << "      },[\n]"
20:02:10.540 [main] DEBUG karate.org.apache.http.wire - http-outgoing-0 << "      {[\n]"
20:02:10.540 [main] DEBUG karate.org.apache.http.wire - http-outgoing-0 << "        "ContactInfoId": 2608,[\n]"
20:02:10.540 [main] DEBUG karate.org.apache.http.wire - http-outgoing-0 << "        "BranchId": 1,[\n]"
20:02:10.540 [main] DEBUG karate.org.apache.http.wire - http-outgoing-0 << "        "ContactInfoValue": "https://branchdirectory.preprod.prv/Admin/EditBranch/1",[\n]"
20:02:10.540 [main] DEBUG karate.org.apache.http.wire - http-outgoing-0 << "        "ContactDescription": "Test case ",[\n]"
20:02:10.540 [main] DEBUG karate.org.apache.http.wire - http-outgoing-0 << "        "ContactInfoTypeId": 0,[\n]"
20:02:10.540 [main] DEBUG karate.org.apache.http.wire - http-outgoing-0 << "        "ContactInfoType": {[\n]"
20:02:10.540 [main] DEBUG karate.org.apache.http.wire - http-outgoing-0 << "          "ContactInfoTypeId": 8,[\n]"
20:02:10.540 [main] DEBUG karate.org.apache.http.wire - http-outgoing-0 << "          "Contac"
20:02:10.540 [main] DEBUG karate.org.apache.http.wire - http-outgoing-0 << "tInfoTypeDesc": "Appointment Booking - Retail"[\n]"
20:02:10.540 [main] DEBUG karate.org.apache.http.wire - http-outgoing-0 << "        }[\n]"
20:02:10.540 [main] DEBUG karate.org.apache.http.wire - http-outgoing-0 << "      }[\n]"
20:02:10.540 [main] DEBUG karate.org.apache.http.wire - http-outgoing-0 << "    ][\n]"
20:02:10.540 [main] DEBUG karate.org.apache.http.wire - http-outgoing-0 << "  }[\n]"
20:02:10.540 [main] DEBUG karate.org.apache.http.wire - http-outgoing-0 << "}"
20:02:10.540 [main] DEBUG karate.org.apache.http.impl.conn.PoolingHttpClientConnectionManager - Connection [id: 0][route: {s}->https://village-branch-directory-xapi.ca-c1.cloudhub.io:443] can be kept alive indefinitely
20:02:10.540 [main] DEBUG karate.org.apache.http.impl.conn.DefaultManagedHttpClientConnection - http-outgoing-0: set socket timeout to 0
20:02:10.540 [main] DEBUG karate.org.apache.http.impl.conn.PoolingHttpClientConnectionManager - Connection released: [id: 0][route: {s}->https://village-branch-directory-xapi.ca-c1.cloudhub.io:443][total available: 1; route allocated: 1 of 5; total allocated: 1 of 10]
20:02:10.547 [main] DEBUG com.intuit.karate - response time in milliseconds: 2197
1 < 200
1 < Content-Type: application/json; charset=UTF-8
1 < Date: Mon, 17 Apr 2023 14:32:10 GMT
1 < Server: nginx
1 < Content-Length: 18343
1 < Connection: keep-alive
{
  "Messages": [
    
  ],
  "ApiVersionNumber": "1.3.0.0",
  "IsSuccess": true,
  "Response": {
    "Region": "Northeast",
    "BranchNumber": 205,
    "BranchName": "Atrium Centre",
    "BranchAddress": "5012 49 Street",
    "City": "Lloydminster",
    "TransitNumber": "10199-899",
    "CommunityCityName": "Lloydminster",
    "LocationType": {
      "LocationTypeId": 1,
      "LocationTypeName": "Branch"
    },
    "BranchId": 1,
    "RegionId": 1,
    "Bin": 603164,
    "BranchManager": "Tara Ferguson",
    "MailingAddress": "5012 49 ST",
    "PostalCode": "T9V 0K2",
    "Latitude": "53.282527",
    "Longitude": "-110.0058147",
    "Notes": null,
    "IsActive": true,
    "BranchServices": [
      {
        "ServiceId": 214,
        "ParentId": 1,
        "ServiceTypeId": 7,
        "ServiceValue": true,
        "ServiceTypeCode": "Chequesource",
        "ServiceTypeTitle": "Cheque Source",
        "ServiceTypeDesc": "Has Cheque Source?"
      },
      {
        "ServiceId": 733,
        "ParentId": 1,
        "ServiceTypeId": 5,
        "ServiceValue": true,
        "ServiceTypeCode": "CommercialServices",
        "ServiceTypeTitle": "Commercial Services",
        "ServiceTypeDesc": "Has Commercial Service?"
      },
      {
        "ServiceId": 596,
        "ParentId": 1,
        "ServiceTypeId": 6,
        "ServiceValue": true,
        "ServiceTypeCode": "FinancialPlanning",
        "ServiceTypeTitle": "Financial Planning",
        "ServiceTypeDesc": "Has Financial Planning?"
      },
      {
        "ServiceId": 454,
        "ParentId": 1,
        "ServiceTypeId": 4,
        "ServiceValue": true,
        "ServiceTypeCode": "InsuranceOffice",
        "ServiceTypeTitle": "Insurance Office",
        "ServiceTypeDesc": "Has Insurance Office?"
      },
      {
        "ServiceId": 48,
        "ParentId": 1,
        "ServiceTypeId": 2,
        "ServiceValue": true,
        "ServiceTypeCode": "VideoConference",
        "ServiceTypeTitle": "Video Conference",
        "ServiceTypeDesc": "Has Video Conference?"
      },
      {
        "ServiceId": 851,
        "ParentId": 1,
        "ServiceTypeId": 3,
        "ServiceValue": true,
        "ServiceTypeCode": "WealthManagement",
        "ServiceTypeTitle": "Wealth Management",
        "ServiceTypeDesc": "Has Wealth Management?"
      },
      {
        "ServiceId": 649,
        "ParentId": 1,
        "ServiceTypeId": 1,
        "ServiceValue": true,
        "ServiceTypeCode": "WheelChairAccess",
        "ServiceTypeTitle": "WheelChair Access",
        "ServiceTypeDesc": "Has WheelChair Access?"
      }
    ],
    "ATMs": [
      {
        "ATMMake": {
          "ATMMakeId": 2,
          "MakeBrand": "NCR"
        },
        "LockMake": {
          "LockMakeId": 2,
          "LockBrand": "S & G"
        },
        "Branch": null,
        "ATMHours": [
          {
            "HourId": 933,
            "ParentId": 1,
            "DayOfWeek": null,
            "OpenTime": "08:00:00",
            "CloseTime": "20:00:00",
            "Comments": null,
            "IsClosed": false
          },
          {
            "HourId": 934,
            "ParentId": 1,
            "DayOfWeek": null,
            "OpenTime": "08:00:00",
            "CloseTime": "20:00:00",
            "Comments": null,
            "IsClosed": false
          },
          {
            "HourId": 935,
            "ParentId": 1,
            "DayOfWeek": null,
            "OpenTime": "08:00:00",
            "CloseTime": "20:00:00",
            "Comments": null,
            "IsClosed": false
          },
          {
            "HourId": 936,
            "ParentId": 1,
            "DayOfWeek": null,
            "OpenTime": "08:00:00",
            "CloseTime": "20:00:00",
            "Comments": null,
            "IsClosed": false
          },
          {
            "HourId": 937,
            "ParentId": 1,
            "DayOfWeek": null,
            "OpenTime": "08:00:00",
            "CloseTime": "20:00:00",
            "Comments": null,
            "IsClosed": false
          },
          {
            "HourId": 938,
            "ParentId": 1,
            "DayOfWeek": null,
            "OpenTime": "10:00:00",
            "CloseTime": "17:00:00",
            "Comments": null,
            "IsClosed": false
          },
          {
            "HourId": 939,
            "ParentId": 1,
            "DayOfWeek": null,
            "OpenTime": null,
            "CloseTime": null,
            "Comments": null,
            "IsClosed": true
          }
        ],
        "ATMServices": [
          {
            "ServiceId": 4,
            "ParentId": 1,
            "ServiceTypeId": 11,
            "ServiceValue": false,
            "ServiceTypeCode": "24Hours",
            "ServiceTypeTitle": "24 Hours",
            "ServiceTypeDesc": "Is 24 Hours?"
          },
          {
            "ServiceId": 2,
            "ParentId": 1,
            "ServiceTypeId": 9,
            "ServiceValue": false,
            "ServiceTypeCode": "Camera",
            "ServiceTypeTitle": "Camera",
            "ServiceTypeDesc": "Has Camera?"
          },
          {
            "ServiceId": 5022,
            "ParentId": 1,
            "ServiceTypeId": 1012,
            "ServiceValue": true,
            "ServiceTypeCode": "DepositAutomation",
            "ServiceTypeTitle": "Deposit Automation",
            "ServiceTypeDesc": "Offers Deposit Automation?"
          },
          {
            "ServiceId": 1,
            "ParentId": 1,
            "ServiceTypeId": 8,
            "ServiceValue": false,
            "ServiceTypeCode": "DriveThru",
            "ServiceTypeTitle": "Drive Thru",
            "ServiceTypeDesc": "Has DriveThru?"
          },
          {
            "ServiceId": 3,
            "ParentId": 1,
            "ServiceTypeId": 10,
            "ServiceValue": true,
            "ServiceTypeCode": "FullService",
            "ServiceTypeTitle": "Full Service",
            "ServiceTypeDesc": "Is Full Service?"
          },
          {
            "ServiceId": 3022,
            "ParentId": 1,
            "ServiceTypeId": 12,
            "ServiceValue": true,
            "ServiceTypeCode": "USDCurrency",
            "ServiceTypeTitle": "USD Currency",
            "ServiceTypeDesc": "Offers USD Currency?"
          }
        ],
        "ATMId": 1,
        "ATMNumber": "A001N865",
        "ATMName": "Lloydminster - Atrium Centre",
        "ModelNumber": "6634",
        "Notes": "Branch loads cash and process deposits",
        "Brinks": "Fort Knox",
        "BalancedBy": "Adam Lamping",
        "Cassette1": "10 CAD",
        "Cassette2": "20 CAD",
        "Cassette3": "50 CAD",
        "Cassette4": "100 USD"
      },
      {
        "ATMMake": null,
        "LockMake": null,
        "Branch": null,
        "ATMHours": [
          {
            "HourId": 3464,
            "ParentId": 1310,
            "DayOfWeek": null,
            "OpenTime": null,
            "CloseTime": null,
            "Comments": null,
            "IsClosed": true
          },
          {
            "HourId": 3465,
            "ParentId": 1310,
            "DayOfWeek": null,
            "OpenTime": null,
            "CloseTime": null,
            "Comments": null,
            "IsClosed": true
          },
          {
            "HourId": 3466,
            "ParentId": 1310,
            "DayOfWeek": null,
            "OpenTime": null,
            "CloseTime": null,
            "Comments": null,
            "IsClosed": true
          },
          {
            "HourId": 3467,
            "ParentId": 1310,
            "DayOfWeek": null,
            "OpenTime": null,
            "CloseTime": null,
            "Comments": null,
            "IsClosed": true
          },
          {
            "HourId": 3468,
            "ParentId": 1310,
            "DayOfWeek": null,
            "OpenTime": null,
            "CloseTime": null,
            "Comments": null,
            "IsClosed": true
          },
          {
            "HourId": 3469,
            "ParentId": 1310,
            "DayOfWeek": null,
            "OpenTime": null,
            "CloseTime": null,
            "Comments": null,
            "IsClosed": true
          },
          {
            "HourId": 3470,
            "ParentId": 1310,
            "DayOfWeek": null,
            "OpenTime": null,
            "CloseTime": null,
            "Comments": null,
            "IsClosed": true
          }
        ],
        "ATMServices": [
          {
            "ServiceId": 3315,
            "ParentId": 1310,
            "ServiceTypeId": 11,
            "ServiceValue": false,
            "ServiceTypeCode": "24Hours",
            "ServiceTypeTitle": "24 Hours",
            "ServiceTypeDesc": "Is 24 Hours?"
          },
          {
            "ServiceId": 3316,
            "ParentId": 1310,
            "ServiceTypeId": 9,
            "ServiceValue": false,
            "ServiceTypeCode": "Camera",
            "ServiceTypeTitle": "Camera",
            "ServiceTypeDesc": "Has Camera?"
          },
          {
            "ServiceId": 5315,
            "ParentId": 1310,
            "ServiceTypeId": 1012,
            "ServiceValue": false,
            "ServiceTypeCode": "DepositAutomation",
            "ServiceTypeTitle": "Deposit Automation",
            "ServiceTypeDesc": "Offers Deposit Automation?"
          },
          {
            "ServiceId": 3317,
            "ParentId": 1310,
            "ServiceTypeId": 8,
            "ServiceValue": false,
            "ServiceTypeCode": "DriveThru",
            "ServiceTypeTitle": "Drive Thru",
            "ServiceTypeDesc": "Has DriveThru?"
          },
          {
            "ServiceId": 3318,
            "ParentId": 1310,
            "ServiceTypeId": 10,
            "ServiceValue": false,
            "ServiceTypeCode": "FullService",
            "ServiceTypeTitle": "Full Service",
            "ServiceTypeDesc": "Is Full Service?"
          },
          {
            "ServiceId": 3319,
            "ParentId": 1310,
            "ServiceTypeId": 12,
            "ServiceValue": false,
            "ServiceTypeCode": "USDCurrency",
            "ServiceTypeTitle": "USD Currency",
            "ServiceTypeDesc": "Offers USD Currency?"
          }
        ],
        "ATMId": 1310,
        "ATMNumber": "1234",
        "ATMName": "south",
        "ModelNumber": null,
        "Notes": null,
        "Brinks": "2234 john",
        "BalancedBy": "john",
        "Cassette1": null,
        "Cassette2": null,
        "Cassette3": null,
        "Cassette4": null
      },
      {
        "ATMMake": {
          "ATMMakeId": 1,
          "MakeBrand": "Diebold"
        },
        "LockMake": {
          "LockMakeId": 2,
          "LockBrand": "S & G"
        },
        "Branch": null,
        "ATMHours": [
          {
            "HourId": 3499,
            "ParentId": 1311,
            "DayOfWeek": null,
            "OpenTime": null,
            "CloseTime": null,
            "Comments": null,
            "IsClosed": true
          },
          {
            "HourId": 3500,
            "ParentId": 1311,
            "DayOfWeek": null,
            "OpenTime": null,
            "CloseTime": null,
            "Comments": null,
            "IsClosed": true
          },
          {
            "HourId": 3501,
            "ParentId": 1311,
            "DayOfWeek": null,
            "OpenTime": null,
            "CloseTime": null,
            "Comments": null,
            "IsClosed": true
          },
          {
            "HourId": 3502,
            "ParentId": 1311,
            "DayOfWeek": null,
            "OpenTime": null,
            "CloseTime": null,
            "Comments": null,
            "IsClosed": true
          },
          {
            "HourId": 3503,
            "ParentId": 1311,
            "DayOfWeek": null,
            "OpenTime": null,
            "CloseTime": null,
            "Comments": null,
            "IsClosed": true
          },
          {
            "HourId": 3504,
            "ParentId": 1311,
            "DayOfWeek": null,
            "OpenTime": null,
            "CloseTime": null,
            "Comments": null,
            "IsClosed": true
          },
          {
            "HourId": 3505,
            "ParentId": 1311,
            "DayOfWeek": null,
            "OpenTime": null,
            "CloseTime": null,
            "Comments": null,
            "IsClosed": true
          }
        ],
        "ATMServices": [
          {
            "ServiceId": 3324,
            "ParentId": 1311,
            "ServiceTypeId": 11,
            "ServiceValue": false,
            "ServiceTypeCode": "24Hours",
            "ServiceTypeTitle": "24 Hours",
            "ServiceTypeDesc": "Is 24 Hours?"
          },
          {
            "ServiceId": 3325,
            "ParentId": 1311,
            "ServiceTypeId": 9,
            "ServiceValue": false,
            "ServiceTypeCode": "Camera",
            "ServiceTypeTitle": "Camera",
            "ServiceTypeDesc": "Has Camera?"
          },
          {
            "ServiceId": 5316,
            "ParentId": 1311,
            "ServiceTypeId": 1012,
            "ServiceValue": false,
            "ServiceTypeCode": "DepositAutomation",
            "ServiceTypeTitle": "Deposit Automation",
            "ServiceTypeDesc": "Offers Deposit Automation?"
          },
          {
            "ServiceId": 3326,
            "ParentId": 1311,
            "ServiceTypeId": 8,
            "ServiceValue": false,
            "ServiceTypeCode": "DriveThru",
            "ServiceTypeTitle": "Drive Thru",
            "ServiceTypeDesc": "Has DriveThru?"
          },
          {
            "ServiceId": 3327,
            "ParentId": 1311,
            "ServiceTypeId": 10,
            "ServiceValue": false,
            "ServiceTypeCode": "FullService",
            "ServiceTypeTitle": "Full Service",
            "ServiceTypeDesc": "Is Full Service?"
          },
          {
            "ServiceId": 3328,
            "ParentId": 1311,
            "ServiceTypeId": 12,
            "ServiceValue": false,
            "ServiceTypeCode": "USDCurrency",
            "ServiceTypeTitle": "USD Currency",
            "ServiceTypeDesc": "Offers USD Currency?"
          }
        ],
        "ATMId": 1311,
        "ATMNumber": "44556677",
        "ATMName": "SouthWest",
        "ModelNumber": null,
        "Notes": null,
        "Brinks": "Jar5566",
        "BalancedBy": "Jamal",
        "Cassette1": null,
        "Cassette2": null,
        "Cassette3": null,
        "Cassette4": null
      }
    ],
    "BranchHours": [
      {
        "HourId": 1,
        "ParentId": 1,
        "DayOfWeek": "Monday",
        "OpenTime": "09:30:00",
        "CloseTime": "17:00:00",
        "Comments": null,
        "IsClosed": false
      },
      {
        "HourId": 2,
        "ParentId": 1,
        "DayOfWeek": "Tuesday",
        "OpenTime": "09:30:00",
        "CloseTime": "17:00:00",
        "Comments": null,
        "IsClosed": false
      },
      {
        "HourId": 3,
        "ParentId": 1,
        "DayOfWeek": "Wednesday",
        "OpenTime": "09:30:00",
        "CloseTime": "17:00:00",
        "Comments": null,
        "IsClosed": false
      },
      {
        "HourId": 4,
        "ParentId": 1,
        "DayOfWeek": "Thursday",
        "OpenTime": "09:30:00",
        "CloseTime": "17:00:00",
        "Comments": null,
        "IsClosed": false
      },
      {
        "HourId": 5,
        "ParentId": 1,
        "DayOfWeek": "Friday",
        "OpenTime": "09:30:00",
        "CloseTime": "17:00:00",
        "Comments": null,
        "IsClosed": false
      },
      {
        "HourId": 6,
        "ParentId": 1,
        "DayOfWeek": "Saturday",
        "OpenTime": null,
        "CloseTime": null,
        "Comments": null,
        "IsClosed": true
      },
      {
        "HourId": 7,
        "ParentId": 1,
        "DayOfWeek": "Sunday",
        "OpenTime": null,
        "CloseTime": null,
        "Comments": null,
        "IsClosed": true
      }
    ],
    "ContactInfo": [
      {
        "ContactInfoId": 1,
        "BranchId": 1,
        "ContactInfoValue": "780.875.4434",
        "ContactDescription": null,
        "ContactInfoTypeId": 0,
        "ContactInfoType": {
          "ContactInfoTypeId": 1,
          "ContactInfoTypeDesc": "Main Phone"
        }
      },
      {
        "ContactInfoId": 104,
        "BranchId": 1,
        "ContactInfoValue": "780.808.4777",
        "ContactDescription": null,
        "ContactInfoTypeId": 0,
        "ContactInfoType": {
          "ContactInfoTypeId": 3,
          "ContactInfoTypeDesc": "Main Fax"
        }
      },
      {
        "ContactInfoId": 222,
        "BranchId": 1,
        "ContactInfoValue": "877.606.6333",
        "ContactDescription": null,
        "ContactInfoTypeId": 0,
        "ContactInfoType": {
          "ContactInfoTypeId": 2,
          "ContactInfoTypeDesc": "Other Phone"
        }
      },
      {
        "ContactInfoId": 223,
        "BranchId": 1,
        "ContactInfoValue": "4999",
        "ContactDescription": "Access Code - Legacy CWCU",
        "ContactInfoTypeId": 0,
        "ContactInfoType": {
          "ContactInfoTypeId": 2,
          "ContactInfoTypeDesc": "Other Phone"
        }
      },
      {
        "ContactInfoId": 299,
        "BranchId": 1,
        "ContactInfoValue": "AtriumCenterBranchManagement@servus.ca",
        "ContactDescription": null,
        "ContactInfoTypeId": 0,
        "ContactInfoType": {
          "ContactInfoTypeId": 5,
          "ContactInfoTypeDesc": "Main Email"
        }
      },
      {
        "ContactInfoId": 423,
        "BranchId": 1,
        "ContactInfoValue": "780.808.4745",
        "ContactDescription": null,
        "ContactInfoTypeId": 0,
        "ContactInfoType": {
          "ContactInfoTypeId": 7,
          "ContactInfoTypeDesc": "Direct Line"
        }
      },
      {
        "ContactInfoId": 2608,
        "BranchId": 1,
        "ContactInfoValue": "https://branchdirectory.preprod.prv/Admin/EditBranch/1",
        "ContactDescription": "Test case ",
        "ContactInfoTypeId": 0,
        "ContactInfoType": {
          "ContactInfoTypeId": 8,
          "ContactInfoTypeDesc": "Appointment Booking - Retail"
        }
      }
    ]
  }
}

20:02:10.570 [main] ERROR com.intuit.karate - classpath:com/big/features/APIfeatures/SCU/Village Branch Service XAPI/Village_Branch_XAPI.feature:8
Then match responseStatus 200
no step-definition method match found for: match responseStatus 200
classpath:com/big/features/APIfeatures/SCU/Village Branch Service XAPI/Village_Branch_XAPI.feature:8
20:02:10.586 [main] DEBUG karate.org.apache.http.client.protocol.RequestAddCookies - CookieSpec selected: karate
20:02:10.587 [main] DEBUG karate.org.apache.http.client.protocol.RequestAuthCache - Auth cache not set in the context
20:02:10.587 [main] DEBUG com.intuit.karate - request:
1 > GET https://village-branch-directory-xapi.ca-c1.cloudhub.io/api/v1/branch?branchIds=1&branchIds=2
1 > Host: village-branch-directory-xapi.ca-c1.cloudhub.io
1 > Connection: Keep-Alive
1 > User-Agent: Apache-HttpClient/4.5.13 (Java/19.0.1)
1 > Accept-Encoding: gzip,deflate


20:02:10.587 [main] DEBUG karate.org.apache.http.impl.conn.PoolingHttpClientConnectionManager - Connection request: [route: {s}->https://village-branch-directory-xapi.ca-c1.cloudhub.io:443][total available: 0; route allocated: 0 of 5; total allocated: 0 of 10]
20:02:10.588 [main] DEBUG karate.org.apache.http.impl.conn.PoolingHttpClientConnectionManager - Connection leased: [id: 1][route: {s}->https://village-branch-directory-xapi.ca-c1.cloudhub.io:443][total available: 0; route allocated: 1 of 5; total allocated: 1 of 10]
20:02:10.588 [main] DEBUG karate.org.apache.http.impl.execchain.MainClientExec - Opening connection {s}->https://village-branch-directory-xapi.ca-c1.cloudhub.io:443
20:02:10.588 [main] DEBUG karate.org.apache.http.impl.conn.DefaultHttpClientConnectionOperator - Connecting to village-branch-directory-xapi.ca-c1.cloudhub.io/3.98.101.186:443
20:02:10.588 [main] DEBUG karate.org.apache.http.conn.ssl.SSLConnectionSocketFactory - Connecting socket to village-branch-directory-xapi.ca-c1.cloudhub.io/3.98.101.186:443 with timeout 30000
20:02:10.872 [main] DEBUG karate.org.apache.http.conn.ssl.SSLConnectionSocketFactory - Enabled protocols: [TLSv1.3, TLSv1.2]
20:02:10.872 [main] DEBUG karate.org.apache.http.conn.ssl.SSLConnectionSocketFactory - Enabled cipher suites:[TLS_AES_256_GCM_SHA384, TLS_AES_128_GCM_SHA256, TLS_CHACHA20_POLY1305_SHA256, TLS_ECDHE_ECDSA_WITH_AES_256_GCM_SHA384, TLS_ECDHE_ECDSA_WITH_AES_128_GCM_SHA256, TLS_ECDHE_ECDSA_WITH_CHACHA20_POLY1305_SHA256, TLS_ECDHE_RSA_WITH_AES_256_GCM_SHA384, TLS_ECDHE_RSA_WITH_CHACHA20_POLY1305_SHA256, TLS_ECDHE_RSA_WITH_AES_128_GCM_SHA256, TLS_DHE_RSA_WITH_AES_256_GCM_SHA384, TLS_DHE_RSA_WITH_CHACHA20_POLY1305_SHA256, TLS_DHE_DSS_WITH_AES_256_GCM_SHA384, TLS_DHE_RSA_WITH_AES_128_GCM_SHA256, TLS_DHE_DSS_WITH_AES_128_GCM_SHA256, TLS_ECDHE_ECDSA_WITH_AES_256_CBC_SHA384, TLS_ECDHE_RSA_WITH_AES_256_CBC_SHA384, TLS_ECDHE_ECDSA_WITH_AES_128_CBC_SHA256, TLS_ECDHE_RSA_WITH_AES_128_CBC_SHA256, TLS_DHE_RSA_WITH_AES_256_CBC_SHA256, TLS_DHE_DSS_WITH_AES_256_CBC_SHA256, TLS_DHE_RSA_WITH_AES_128_CBC_SHA256, TLS_DHE_DSS_WITH_AES_128_CBC_SHA256, TLS_ECDH_ECDSA_WITH_AES_256_GCM_SHA384, TLS_ECDH_RSA_WITH_AES_256_GCM_SHA384, TLS_ECDH_ECDSA_WITH_AES_128_GCM_SHA256, TLS_ECDH_RSA_WITH_AES_128_GCM_SHA256, TLS_ECDH_ECDSA_WITH_AES_256_CBC_SHA384, TLS_ECDH_RSA_WITH_AES_256_CBC_SHA384, TLS_ECDH_ECDSA_WITH_AES_128_CBC_SHA256, TLS_ECDH_RSA_WITH_AES_128_CBC_SHA256, TLS_ECDHE_ECDSA_WITH_AES_256_CBC_SHA, TLS_ECDHE_RSA_WITH_AES_256_CBC_SHA, TLS_ECDHE_ECDSA_WITH_AES_128_CBC_SHA, TLS_ECDHE_RSA_WITH_AES_128_CBC_SHA, TLS_DHE_RSA_WITH_AES_256_CBC_SHA, TLS_DHE_DSS_WITH_AES_256_CBC_SHA, TLS_DHE_RSA_WITH_AES_128_CBC_SHA, TLS_DHE_DSS_WITH_AES_128_CBC_SHA, TLS_ECDH_ECDSA_WITH_AES_256_CBC_SHA, TLS_ECDH_RSA_WITH_AES_256_CBC_SHA, TLS_ECDH_ECDSA_WITH_AES_128_CBC_SHA, TLS_ECDH_RSA_WITH_AES_128_CBC_SHA, TLS_RSA_WITH_AES_256_GCM_SHA384, TLS_RSA_WITH_AES_128_GCM_SHA256, TLS_RSA_WITH_AES_256_CBC_SHA256, TLS_RSA_WITH_AES_128_CBC_SHA256, TLS_RSA_WITH_AES_256_CBC_SHA, TLS_RSA_WITH_AES_128_CBC_SHA, TLS_EMPTY_RENEGOTIATION_INFO_SCSV]
20:02:10.872 [main] DEBUG karate.org.apache.http.conn.ssl.SSLConnectionSocketFactory - Starting handshake
20:02:11.480 [main] DEBUG karate.org.apache.http.conn.ssl.SSLConnectionSocketFactory - Secure session established
20:02:11.480 [main] DEBUG karate.org.apache.http.conn.ssl.SSLConnectionSocketFactory -  negotiated protocol: TLSv1.2
20:02:11.480 [main] DEBUG karate.org.apache.http.conn.ssl.SSLConnectionSocketFactory -  negotiated cipher suite: TLS_ECDHE_RSA_WITH_AES_128_GCM_SHA256
20:02:11.480 [main] DEBUG karate.org.apache.http.conn.ssl.SSLConnectionSocketFactory -  peer principal: CN=ca-c1.cloudhub.io
20:02:11.480 [main] DEBUG karate.org.apache.http.conn.ssl.SSLConnectionSocketFactory -  peer alternative names: [ca-c1.cloudhub.io, mr.cloudhub.io, *.ca-c1.cloudhub.io, *.ca.cloudhub.io, *.mr.cloudhub.io, ca.cloudhub.io]
20:02:11.480 [main] DEBUG karate.org.apache.http.conn.ssl.SSLConnectionSocketFactory -  issuer principal: CN=Amazon RSA 2048 M02, O=Amazon, C=US
20:02:11.482 [main] DEBUG karate.org.apache.http.impl.conn.DefaultHttpClientConnectionOperator - Connection established 192.168.1.4:53785<->3.98.101.186:443
20:02:11.482 [main] DEBUG karate.org.apache.http.impl.conn.DefaultManagedHttpClientConnection - http-outgoing-1: set socket timeout to 30000
20:02:11.482 [main] DEBUG karate.org.apache.http.impl.execchain.MainClientExec - Executing request GET /api/v1/branch?branchIds=1&branchIds=2 HTTP/1.1
20:02:11.482 [main] DEBUG karate.org.apache.http.impl.execchain.MainClientExec - Target auth state: UNCHALLENGED
20:02:11.482 [main] DEBUG karate.org.apache.http.impl.execchain.MainClientExec - Proxy auth state: UNCHALLENGED
20:02:11.482 [main] DEBUG karate.org.apache.http.headers - http-outgoing-1 >> GET /api/v1/branch?branchIds=1&branchIds=2 HTTP/1.1
20:02:11.482 [main] DEBUG karate.org.apache.http.headers - http-outgoing-1 >> Host: village-branch-directory-xapi.ca-c1.cloudhub.io
20:02:11.482 [main] DEBUG karate.org.apache.http.headers - http-outgoing-1 >> Connection: Keep-Alive
20:02:11.482 [main] DEBUG karate.org.apache.http.headers - http-outgoing-1 >> User-Agent: Apache-HttpClient/4.5.13 (Java/19.0.1)
20:02:11.482 [main] DEBUG karate.org.apache.http.headers - http-outgoing-1 >> Accept-Encoding: gzip,deflate
20:02:11.482 [main] DEBUG karate.org.apache.http.wire - http-outgoing-1 >> "GET /api/v1/branch?branchIds=1&branchIds=2 HTTP/1.1[\r][\n]"
20:02:11.482 [main] DEBUG karate.org.apache.http.wire - http-outgoing-1 >> "Host: village-branch-directory-xapi.ca-c1.cloudhub.io[\r][\n]"
20:02:11.482 [main] DEBUG karate.org.apache.http.wire - http-outgoing-1 >> "Connection: Keep-Alive[\r][\n]"
20:02:11.482 [main] DEBUG karate.org.apache.http.wire - http-outgoing-1 >> "User-Agent: Apache-HttpClient/4.5.13 (Java/19.0.1)[\r][\n]"
20:02:11.483 [main] DEBUG karate.org.apache.http.wire - http-outgoing-1 >> "Accept-Encoding: gzip,deflate[\r][\n]"
20:02:11.483 [main] DEBUG karate.org.apache.http.wire - http-outgoing-1 >> "[\r][\n]"
20:02:12.289 [main] DEBUG karate.org.apache.http.wire - http-outgoing-1 << "HTTP/1.1 200 OK[\r][\n]"
20:02:12.290 [main] DEBUG karate.org.apache.http.wire - http-outgoing-1 << "Content-Type: application/json; charset=UTF-8[\r][\n]"
20:02:12.290 [main] DEBUG karate.org.apache.http.wire - http-outgoing-1 << "Date: Mon, 17 Apr 2023 14:32:11 GMT[\r][\n]"
20:02:12.290 [main] DEBUG karate.org.apache.http.wire - http-outgoing-1 << "Server: nginx[\r][\n]"
20:02:12.290 [main] DEBUG karate.org.apache.http.wire - http-outgoing-1 << "Content-Length: 30100[\r][\n]"
20:02:12.290 [main] DEBUG karate.org.apache.http.wire - http-outgoing-1 << "Connection: keep-alive[\r][\n]"
20:02:12.290 [main] DEBUG karate.org.apache.http.wire - http-outgoing-1 << "[\r][\n]"
20:02:12.290 [main] DEBUG karate.org.apache.http.wire - http-outgoing-1 << "{[\n]"
20:02:12.290 [main] DEBUG karate.org.apache.http.wire - http-outgoing-1 << "  "Total": "2",[\n]"
20:02:12.290 [main] DEBUG karate.org.apache.http.wire - http-outgoing-1 << "  "Messages": [[\n]"
20:02:12.290 [main] DEBUG karate.org.apache.http.wire - http-outgoing-1 << "    [\n]"
20:02:12.290 [main] DEBUG karate.org.apache.http.wire - http-outgoing-1 << "  ],[\n]"
20:02:12.290 [main] DEBUG karate.org.apache.http.wire - http-outgoing-1 << "  "ApiVersionNumber": "1.3.0.0",[\n]"
20:02:12.290 [main] DEBUG karate.org.apache.http.wire - http-outgoing-1 << "  "IsSuccess": true,[\n]"
20:02:12.290 [main] DEBUG karate.org.apache.http.wire - http-outgoing-1 << "  "Response": [[\n]"
20:02:12.290 [main] DEBUG karate.org.apache.http.wire - http-outgoing-1 << "    {[\n]"
20:02:12.290 [main] DEBUG karate.org.apache.http.wire - http-outgoing-1 << "      "Region": "Northeast",[\n]"
20:02:12.290 [main] DEBUG karate.org.apache.http.wire - http-outgoing-1 << "      "BranchNumber": 205,[\n]"
20:02:12.290 [main] DEBUG karate.org.apache.http.wire - http-outgoing-1 << "      "BranchName": "Atrium Centre",[\n]"
20:02:12.290 [main] DEBUG karate.org.apache.http.wire - http-outgoing-1 << "      "BranchAddress": "5012 49 Street",[\n]"
20:02:12.290 [main] DEBUG karate.org.apache.http.wire - http-outgoing-1 << "      "City": "Lloydminster",[\n]"
20:02:12.290 [main] DEBUG karate.org.apache.http.wire - http-outgoing-1 << "      "TransitNumber": "10199-899",[\n]"
20:02:12.290 [main] DEBUG karate.org.apache.http.wire - http-outgoing-1 << "      "CommunityCityName": "Lloydminster",[\n]"
20:02:12.290 [main] DEBUG karate.org.apache.http.wire - http-outgoing-1 << "      "LocationType": {[\n]"
20:02:12.290 [main] DEBUG karate.org.apache.http.wire - http-outgoing-1 << "        "LocationTypeId": 1,[\n]"
20:02:12.290 [main] DEBUG karate.org.apache.http.wire - http-outgoing-1 << "        "LocationTypeName": "Branch"[\n]"
20:02:12.290 [main] DEBUG karate.org.apache.http.wire - http-outgoing-1 << "      },[\n]"
20:02:12.290 [main] DEBUG karate.org.apache.http.wire - http-outgoing-1 << "      "BranchId": 1,[\n]"
20:02:12.290 [main] DEBUG karate.org.apache.http.wire - http-outgoing-1 << "      "RegionId": 1,[\n]"
20:02:12.290 [main] DEBUG karate.org.apache.http.wire - http-outgoing-1 << "      "Bin": 603164,[\n]"
20:02:12.290 [main] DEBUG karate.org.apache.http.wire - http-outgoing-1 << "      "BranchManager": "Tara Ferguson",[\n]"
20:02:12.290 [main] DEBUG karate.org.apache.http.wire - http-outgoing-1 << "      "MailingAddress": "5012 49 ST",[\n]"
20:02:12.290 [main] DEBUG karate.org.apache.http.wire - http-outgoing-1 << "      "PostalCode": "T9V 0K2",[\n]"
20:02:12.290 [main] DEBUG karate.org.apache.http.wire - http-outgoing-1 << "      "Latitude": "53.282527",[\n]"
20:02:12.290 [main] DEBUG karate.org.apache.http.wire - http-outgoing-1 << "      "Longitude": "-110.0058147",[\n]"
20:02:12.290 [main] DEBUG karate.org.apache.http.wire - http-outgoing-1 << "      "Notes": null,[\n]"
20:02:12.290 [main] DEBUG karate.org.apache.http.wire - http-outgoing-1 << "      "IsActive": true,[\n]"
20:02:12.290 [main] DEBUG karate.org.apache.http.wire - http-outgoing-1 << "      "BranchServices": [[\n]"
20:02:12.290 [main] DEBUG karate.org.apache.http.wire - http-outgoing-1 << "        {[\n]"
20:02:12.290 [main] DEBUG karate.org.apache.http.wire - http-outgoing-1 << "          "ServiceId": 214,[\n]"
20:02:12.291 [main] DEBUG karate.org.apache.http.wire - http-outgoing-1 << "          "ParentId": 1,[\n]"
20:02:12.291 [main] DEBUG karate.org.apache.http.wire - http-outgoing-1 << "          "ServiceTypeId": 7,[\n]"
20:02:12.291 [main] DEBUG karate.org.apache.http.wire - http-outgoing-1 << "          "ServiceValue": true,[\n]"
20:02:12.291 [main] DEBUG karate.org.apache.http.wire - http-outgoing-1 << "          "ServiceTypeCode": "Chequesource",[\n]"
20:02:12.291 [main] DEBUG karate.org.apache.http.wire - http-outgoing-1 << "          "ServiceTypeTitle": "Cheque Source",[\n]"
20:02:12.291 [main] DEBUG karate.org.apache.http.wire - http-outgoing-1 << "          "ServiceTypeDesc": "Has Cheque Source?"[\n]"
20:02:12.291 [main] DEBUG karate.org.apache.http.wire - http-outgoing-1 << "        },[\n]"
20:02:12.291 [main] DEBUG karate.org.apache.http.wire - http-outgoing-1 << "        {[\n]"
20:02:12.291 [main] DEBUG karate.org.apache.http.wire - http-outgoing-1 << "          "ServiceId": 733,[\n]"
20:02:12.291 [main] DEBUG karate.org.apache.http.wire - http-outgoing-1 << "          "ParentId": 1,[\n]"
20:02:12.291 [main] DEBUG karate.org.apache.http.wire - http-outgoing-1 << "          "ServiceTypeId": 5,[\n]"
20:02:12.291 [main] DEBUG karate.org.apache.http.wire - http-outgoing-1 << "          "ServiceValue": true,[\n]"
20:02:12.291 [main] DEBUG karate.org.apache.http.wire - http-outgoing-1 << "          "ServiceTypeCode": "CommercialServices",[\n]"
20:02:12.291 [main] DEBUG karate.org.apache.http.wire - http-outgoing-1 << "          "ServiceTypeTitle": "Commercial Services",[\n]"
20:02:12.291 [main] DEBUG karate.org.apache.http.wire - http-outgoing-1 << "          "ServiceTypeDesc": "Has Commercial Service?"[\n]"
20:02:12.291 [main] DEBUG karate.org.apache.http.wire - http-outgoing-1 << "        },[\n]"
20:02:12.291 [main] DEBUG karate.org.apache.http.wire - http-outgoing-1 << "        {[\n]"
20:02:12.291 [main] DEBUG karate.org.apache.http.wire - http-outgoing-1 << "          "ServiceId": 596,[\n]"
20:02:12.291 [main] DEBUG karate.org.apache.http.wire - http-outgoing-1 << "          "ParentId": 1,[\n]"
20:02:12.291 [main] DEBUG karate.org.apache.http.wire - http-outgoing-1 << "          "ServiceTypeId": 6,[\n]"
20:02:12.291 [main] DEBUG karate.org.apache.http.wire - http-outgoing-1 << "          "ServiceValue": true,[\n]"
20:02:12.291 [main] DEBUG karate.org.apache.http.wire - http-outgoing-1 << "          "ServiceTypeCode": "FinancialPlanning",[\n]"
20:02:12.291 [main] DEBUG karate.org.apache.http.wire - http-outgoing-1 << "          "ServiceTypeTitle": "Financial Planning",[\n]"
20:02:12.291 [main] DEBUG karate.org.apache.http.wire - http-outgoing-1 << "          "ServiceTypeDesc": "Has Financial Planning?"[\n]"
20:02:12.291 [main] DEBUG karate.org.apache.http.wire - http-outgoing-1 << "        },[\n]"
20:02:12.291 [main] DEBUG karate.org.apache.http.wire - http-outgoing-1 << "        {[\n]"
20:02:12.291 [main] DEBUG karate.org.apache.http.wire - http-outgoing-1 << "          "ServiceId": 454,[\n]"
20:02:12.291 [main] DEBUG karate.org.apache.http.wire - http-outgoing-1 << "          "ParentId": 1,[\n]"
20:02:12.291 [main] DEBUG karate.org.apache.http.wire - http-outgoing-1 << "          "ServiceTypeId": 4,[\n]"
20:02:12.291 [main] DEBUG karate.org.apache.http.wire - http-outgoing-1 << "          "ServiceValue": true,[\n]"
20:02:12.291 [main] DEBUG karate.org.apache.http.wire - http-outgoing-1 << "          "ServiceTypeCode": "InsuranceOffice",[\n]"
20:02:12.291 [main] DEBUG karate.org.apache.http.wire - http-outgoing-1 << "          "ServiceTypeTitle": "Insurance Office",[\n]"
20:02:12.291 [main] DEBUG karate.org.apache.http.wire - http-outgoing-1 << "          "ServiceTypeDesc": "Has Insurance Office?"[\n]"
20:02:12.291 [main] DEBUG karate.org.apache.http.wire - http-outgoing-1 << "        },[\n]"
20:02:12.291 [main] DEBUG karate.org.apache.http.wire - http-outgoing-1 << "        {[\n]"
20:02:12.291 [main] DEBUG karate.org.apache.http.wire - http-outgoing-1 << "          "ServiceId": 48,[\n]"
20:02:12.291 [main] DEBUG karate.org.apache.http.wire - http-outgoing-1 << "          "ParentId": 1,[\n]"
20:02:12.291 [main] DEBUG karate.org.apache.http.wire - http-outgoing-1 << "          "ServiceTypeId": 2,[\n]"
20:02:12.291 [main] DEBUG karate.org.apache.http.wire - http-outgoing-1 << "          "ServiceValue": true,[\n]"
20:02:12.292 [main] DEBUG karate.org.apache.http.wire - http-outgoing-1 << "          "ServiceTypeCode": "VideoConference",[\n]"
20:02:12.292 [main] DEBUG karate.org.apache.http.wire - http-outgoing-1 << "          "ServiceTypeTitle": "Video Conference",[\n]"
20:02:12.292 [main] DEBUG karate.org.apache.http.wire - http-outgoing-1 << "          "ServiceTypeDesc": "Has Video Conference?"[\n]"
20:02:12.292 [main] DEBUG karate.org.apache.http.wire - http-outgoing-1 << "        },[\n]"
20:02:12.292 [main] DEBUG karate.org.apache.http.wire - http-outgoing-1 << "        {[\n]"
20:02:12.292 [main] DEBUG karate.org.apache.http.wire - http-outgoing-1 << "          "ServiceId": 851,[\n]"
20:02:12.292 [main] DEBUG karate.org.apache.http.wire - http-outgoing-1 << "          "ParentId": 1,[\n]"
20:02:12.292 [main] DEBUG karate.org.apache.http.wire - http-outgoing-1 << "          "ServiceTypeId": 3,[\n]"
20:02:12.292 [main] DEBUG karate.org.apache.http.wire - http-outgoing-1 << "          "ServiceValue": true,[\n]"
20:02:12.292 [main] DEBUG karate.org.apache.http.wire - http-outgoing-1 << "          "ServiceTypeCode": "WealthManagement",[\n]"
20:02:12.292 [main] DEBUG karate.org.apache.http.wire - http-outgoing-1 << "          "ServiceTypeTitle": "Wealth Management",[\n]"
20:02:12.292 [main] DEBUG karate.org.apache.http.wire - http-outgoing-1 << "          "ServiceTypeDesc": "Has Wealth Management?"[\n]"
20:02:12.292 [main] DEBUG karate.org.apache.http.wire - http-outgoing-1 << "        },[\n]"
20:02:12.292 [main] DEBUG karate.org.apache.http.wire - http-outgoing-1 << "        {[\n]"
20:02:12.292 [main] DEBUG karate.org.apache.http.wire - http-outgoing-1 << "          "ServiceId": 649,[\n]"
20:02:12.292 [main] DEBUG karate.org.apache.http.wire - http-outgoing-1 << "          "ParentId": 1,[\n]"
20:02:12.292 [main] DEBUG karate.org.apache.http.wire - http-outgoing-1 << "          "ServiceTypeId": 1,[\n]"
20:02:12.292 [main] DEBUG karate.org.apache.http.wire - http-outgoing-1 << "          "ServiceValue": true,[\n]"
20:02:12.292 [main] DEBUG karate.org.apache.http.wire - http-outgoing-1 << "          "ServiceTypeCode": "WheelChairAccess",[\n]"
20:02:12.292 [main] DEBUG karate.org.apache.http.wire - http-outgoing-1 << "          "ServiceTypeTitle": "WheelChair Access",[\n]"
20:02:12.292 [main] DEBUG karate.org.apache.http.wire - http-outgoing-1 << "          "ServiceTypeDesc": "Has WheelChair Access?"[\n]"
20:02:12.292 [main] DEBUG karate.org.apache.http.wire - http-outgoing-1 << "        }[\n]"
20:02:12.292 [main] DEBUG karate.org.apache.http.wire - http-outgoing-1 << "      ],[\n]"
20:02:12.292 [main] DEBUG karate.org.apache.http.wire - http-outgoing-1 << "      "ATMs": [[\n]"
20:02:12.292 [main] DEBUG karate.org.apache.http.wire - http-outgoing-1 << "        {[\n]"
20:02:12.292 [main] DEBUG karate.org.apache.http.wire - http-outgoing-1 << "          "ATMMake": {[\n]"
20:02:12.292 [main] DEBUG karate.org.apache.http.wire - http-outgoing-1 << "            "ATMMakeId": 2,[\n]"
20:02:12.292 [main] DEBUG karate.org.apache.http.wire - http-outgoing-1 << "            "MakeBrand": "NCR"[\n]"
20:02:12.292 [main] DEBUG karate.org.apache.http.wire - http-outgoing-1 << "          },[\n]"
20:02:12.292 [main] DEBUG karate.org.apache.http.wire - http-outgoing-1 << "          "LockMake": {[\n]"
20:02:12.292 [main] DEBUG karate.org.apache.http.wire - http-outgoing-1 << "            "LockMakeId": 2,[\n]"
20:02:12.292 [main] DEBUG karate.org.apache.http.wire - http-outgoing-1 << "            "LockBrand": "S & G"[\n]"
20:02:12.292 [main] DEBUG karate.org.apache.http.wire - http-outgoing-1 << "          },[\n]"
20:02:12.292 [main] DEBUG karate.org.apache.http.wire - http-outgoing-1 << "          "Branch": null,[\n]"
20:02:12.292 [main] DEBUG karate.org.apache.http.wire - http-outgoing-1 << "          "ATMHours": [[\n]"
20:02:12.292 [main] DEBUG karate.org.apache.http.wire - http-outgoing-1 << "            {[\n]"
20:02:12.292 [main] DEBUG karate.org.apache.http.wire - http-outgoing-1 << "              "HourId": 933,[\n]"
20:02:12.292 [main] DEBUG karate.org.apache.http.wire - http-outgoing-1 << "              "ParentId": 1,[\n]"
20:02:12.292 [main] DEBUG karate.org.apache.http.wire - http-outgoing-1 << "              "DayOfWeek": null,[\n]"
20:02:12.292 [main] DEBUG karate.org.apache.http.wire - http-outgoing-1 << "              "OpenTime": "08:00:00",[\n]"
20:02:12.293 [main] DEBUG karate.org.apache.http.wire - http-outgoing-1 << "              "CloseTime": "20:00:00",[\n]"
20:02:12.293 [main] DEBUG karate.org.apache.http.wire - http-outgoing-1 << "              "Comments": null,[\n]"
20:02:12.293 [main] DEBUG karate.org.apache.http.wire - http-outgoing-1 << "              "IsClosed": false[\n]"
20:02:12.293 [main] DEBUG karate.org.apache.http.wire - http-outgoing-1 << "            },[\n]"
20:02:12.293 [main] DEBUG karate.org.apache.http.wire - http-outgoing-1 << "            {[\n]"
20:02:12.293 [main] DEBUG karate.org.apache.http.wire - http-outgoing-1 << "              "HourId": 934,[\n]"
20:02:12.293 [main] DEBUG karate.org.apache.http.wire - http-outgoing-1 << "              "ParentId": 1,[\n]"
20:02:12.293 [main] DEBUG karate.org.apache.http.wire - http-outgoing-1 << "              "DayOfWeek": null,[\n]"
20:02:12.293 [main] DEBUG karate.org.apache.http.wire - http-outgoing-1 << "              "OpenTime": "08:00:00",[\n]"
20:02:12.293 [main] DEBUG karate.org.apache.http.wire - http-outgoing-1 << "              "CloseTime": "20:00:00",[\n]"
20:02:12.293 [main] DEBUG karate.org.apache.http.wire - http-outgoing-1 << "              "Comments": null,[\n]"
20:02:12.293 [main] DEBUG karate.org.apache.http.wire - http-outgoing-1 << "              "IsClosed": false[\n]"
20:02:12.293 [main] DEBUG karate.org.apache.http.wire - http-outgoing-1 << "            },[\n]"
20:02:12.293 [main] DEBUG karate.org.apache.http.wire - http-outgoing-1 << "            {[\n]"
20:02:12.293 [main] DEBUG karate.org.apache.http.wire - http-outgoing-1 << "              "HourId": 935,[\n]"
20:02:12.293 [main] DEBUG karate.org.apache.http.wire - http-outgoing-1 << "              "ParentId": 1,[\n]"
20:02:12.293 [main] DEBUG karate.org.apache.http.wire - http-outgoing-1 << "              "DayOfWeek": null,[\n]"
20:02:12.293 [main] DEBUG karate.org.apache.http.wire - http-outgoing-1 << "              "OpenTime": "08:00:00",[\n]"
20:02:12.293 [main] DEBUG karate.org.apache.http.wire - http-outgoing-1 << "              "CloseTime": "20:00:00",[\n]"
20:02:12.293 [main] DEBUG karate.org.apache.http.wire - http-outgoing-1 << "              "Comments": null,[\n]"
20:02:12.293 [main] DEBUG karate.org.apache.http.wire - http-outgoing-1 << "              "IsClosed": false[\n]"
20:02:12.293 [main] DEBUG karate.org.apache.http.wire - http-outgoing-1 << "            },[\n]"
20:02:12.293 [main] DEBUG karate.org.apache.http.wire - http-outgoing-1 << "            {[\n]"
20:02:12.293 [main] DEBUG karate.org.apache.http.wire - http-outgoing-1 << "              "HourId": 936,[\n]"
20:02:12.293 [main] DEBUG karate.org.apache.http.wire - http-outgoing-1 << "              "ParentId": 1,[\n]"
20:02:12.293 [main] DEBUG karate.org.apache.http.wire - http-outgoing-1 << "              "DayOfWeek": null,[\n]"
20:02:12.293 [main] DEBUG karate.org.apache.http.wire - http-outgoing-1 << "              "OpenTime": "08:00:00",[\n]"
20:02:12.293 [main] DEBUG karate.org.apache.http.wire - http-outgoing-1 << "              "CloseTime": "20:00:00",[\n]"
20:02:12.293 [main] DEBUG karate.org.apache.http.wire - http-outgoing-1 << "              "Comments": null,[\n]"
20:02:12.293 [main] DEBUG karate.org.apache.http.wire - http-outgoing-1 << "              "IsClosed": false[\n]"
20:02:12.293 [main] DEBUG karate.org.apache.http.wire - http-outgoing-1 << "            },[\n]"
20:02:12.293 [main] DEBUG karate.org.apache.http.wire - http-outgoing-1 << "            {[\n]"
20:02:12.293 [main] DEBUG karate.org.apache.http.wire - http-outgoing-1 << "              "HourId": 937,[\n]"
20:02:12.293 [main] DEBUG karate.org.apache.http.wire - http-outgoing-1 << "              "ParentId": 1,[\n]"
20:02:12.293 [main] DEBUG karate.org.apache.http.wire - http-outgoing-1 << "              "DayOfWeek": null,[\n]"
20:02:12.293 [main] DEBUG karate.org.apache.http.wire - http-outgoing-1 << "              "OpenTime": "08:00:00",[\n]"
20:02:12.293 [main] DEBUG karate.org.apache.http.wire - http-outgoing-1 << "              "CloseTime": "20:00:00",[\n]"
20:02:12.293 [main] DEBUG karate.org.apache.http.wire - http-outgoing-1 << "              "Comments": null,[\n]"
20:02:12.293 [main] DEBUG karate.org.apache.http.wire - http-outgoing-1 << "              "IsClosed": false[\n]"
20:02:12.293 [main] DEBUG karate.org.apache.http.wire - http-outgoing-1 << "            },[\n]"
20:02:12.293 [main] DEBUG karate.org.apache.http.wire - http-outgoing-1 << "            {[\n]"
20:02:12.293 [main] DEBUG karate.org.apache.http.wire - http-outgoing-1 << "              "HourId": 938,[\n]"
20:02:12.294 [main] DEBUG karate.org.apache.http.wire - http-outgoing-1 << "              "ParentId": 1,[\n]"
20:02:12.294 [main] DEBUG karate.org.apache.http.wire - http-outgoing-1 << "              "DayOfWeek": null,[\n]"
20:02:12.294 [main] DEBUG karate.org.apache.http.wire - http-outgoing-1 << "              "OpenTime": "10:00:00",[\n]"
20:02:12.294 [main] DEBUG karate.org.apache.http.wire - http-outgoing-1 << "              "CloseTime": "17:00:00",[\n]"
20:02:12.294 [main] DEBUG karate.org.apache.http.wire - http-outgoing-1 << "              "Comments": null,[\n]"
20:02:12.294 [main] DEBUG karate.org.apache.http.wire - http-outgoing-1 << "              "IsClosed": false[\n]"
20:02:12.294 [main] DEBUG karate.org.apache.http.wire - http-outgoing-1 << "            },[\n]"
20:02:12.294 [main] DEBUG karate.org.apache.http.wire - http-outgoing-1 << "            {[\n]"
20:02:12.294 [main] DEBUG karate.org.apache.http.wire - http-outgoing-1 << "              "HourId": 939,[\n]"
20:02:12.294 [main] DEBUG karate.org.apache.http.wire - http-outgoing-1 << "              "ParentId": 1,[\n]"
20:02:12.294 [main] DEBUG karate.org.apache.http.wire - http-outgoing-1 << "              "DayOfWeek": null,[\n]"
20:02:12.294 [main] DEBUG karate.org.apache.http.wire - http-outgoing-1 << "              "OpenTime": null,[\n]"
20:02:12.294 [main] DEBUG karate.org.apache.http.wire - http-outgoing-1 << "              "CloseTime": null,[\n]"
20:02:12.294 [main] DEBUG karate.org.apache.http.wire - http-outgoing-1 << "              "Comments": null,[\n]"
20:02:12.294 [main] DEBUG karate.org.apache.http.wire - http-outgoing-1 << "              "IsClosed": true[\n]"
20:02:12.294 [main] DEBUG karate.org.apache.http.wire - http-outgoing-1 << "            }[\n]"
20:02:12.294 [main] DEBUG karate.org.apache.http.wire - http-outgoing-1 << "          ],[\n]"
20:02:12.294 [main] DEBUG karate.org.apache.http.wire - http-outgoing-1 << "          "ATMServices": [[\n]"
20:02:12.294 [main] DEBUG karate.org.apache.http.wire - http-outgoing-1 << "            {[\n]"
20:02:12.294 [main] DEBUG karate.org.apache.http.wire - http-outgoing-1 << "              "ServiceId": 4,[\n]"
20:02:12.294 [main] DEBUG karate.org.apache.http.wire - http-outgoing-1 << "              "ParentId": 1,[\n]"
20:02:12.294 [main] DEBUG karate.org.apache.http.wire - http-outgoing-1 << "              "ServiceTypeId": 11,[\n]"
20:02:12.294 [main] DEBUG karate.org.apache.http.wire - http-outgoing-1 << "              "ServiceValue": false,[\n]"
20:02:12.294 [main] DEBUG karate.org.apache.http.wire - http-outgoing-1 << "              "ServiceTypeCode": "24Hours",[\n]"
20:02:12.294 [main] DEBUG karate.org.apache.http.wire - http-outgoing-1 << "              "ServiceTypeTitle": "24 Hours",[\n]"
20:02:12.294 [main] DEBUG karate.org.apache.http.wire - http-outgoing-1 << "              "ServiceTypeDesc": "Is 24 Hours?"[\n]"
20:02:12.294 [main] DEBUG karate.org.apache.http.wire - http-outgoing-1 << "            },[\n]"
20:02:12.294 [main] DEBUG karate.org.apache.http.wire - http-outgoing-1 << "            {[\n]"
20:02:12.294 [main] DEBUG karate.org.apache.http.wire - http-outgoing-1 << "              "ServiceId": 2,[\n]"
20:02:12.294 [main] DEBUG karate.org.apache.http.wire - http-outgoing-1 << "              "ParentId": 1,[\n]"
20:02:12.295 [main] DEBUG karate.org.apache.http.wire - http-outgoing-1 << "              "ServiceTypeId": 9,[\n]"
20:02:12.295 [main] DEBUG karate.org.apache.http.wire - http-outgoing-1 << "              "ServiceValue": false,[\n]"
20:02:12.295 [main] DEBUG karate.org.apache.http.wire - http-outgoing-1 << "              "ServiceTypeCode": "Camera",[\n]"
20:02:12.295 [main] DEBUG karate.org.apache.http.wire - http-outgoing-1 << "              "ServiceTypeTitle": "Camera",[\n]"
20:02:12.295 [main] DEBUG karate.org.apache.http.wire - http-outgoing-1 << "              "ServiceTypeDesc": "Has Camera?"[\n]"
20:02:12.295 [main] DEBUG karate.org.apache.http.wire - http-outgoing-1 << "            },[\n]"
20:02:12.295 [main] DEBUG karate.org.apache.http.wire - http-outgoing-1 << "            {[\n]"
20:02:12.295 [main] DEBUG karate.org.apache.http.wire - http-outgoing-1 << "              "ServiceId": 5022,[\n]"
20:02:12.295 [main] DEBUG karate.org.apache.http.wire - http-outgoing-1 << "              "ParentId": 1,[\n]"
20:02:12.295 [main] DEBUG karate.org.apache.http.wire - http-outgoing-1 << "              "ServiceTypeId": 1012,[\n]"
20:02:12.295 [main] DEBUG karate.org.apache.http.wire - http-outgoing-1 << "              "ServiceValue": true,[\n]"
20:02:12.295 [main] DEBUG karate.org.apache.http.wire - http-outgoing-1 << "              "ServiceTypeCode": "DepositAutomation",[\n]"
20:02:12.295 [main] DEBUG karate.org.apache.http.wire - http-outgoing-1 << "              "ServiceTypeTitle": "Deposit Automation",[\n]"
20:02:12.295 [main] DEBUG karate.org.apache.http.wire - http-outgoing-1 << "              "ServiceTypeDesc": "Offers Deposit Automation?"[\n]"
20:02:12.295 [main] DEBUG karate.org.apache.http.wire - http-outgoing-1 << "            },[\n]"
20:02:12.295 [main] DEBUG karate.org.apache.http.wire - http-outgoing-1 << "            {[\n]"
20:02:12.295 [main] DEBUG karate.org.apache.http.wire - http-outgoing-1 << "              "ServiceId": 1,[\n]"
20:02:12.295 [main] DEBUG karate.org.apache.http.wire - http-outgoing-1 << "              "ParentId": 1,[\n]"
20:02:12.295 [main] DEBUG karate.org.apache.http.wire - http-outgoing-1 << "              "ServiceTypeId": 8,[\n]"
20:02:12.295 [main] DEBUG karate.org.apache.http.wire - http-outgoing-1 << "              "ServiceValue": false,[\n]"
20:02:12.295 [main] DEBUG karate.org.apache.http.wire - http-outgoing-1 << "              "ServiceTypeCode": "DriveThru",[\n]"
20:02:12.295 [main] DEBUG karate.org.apache.http.wire - http-outgoing-1 << "              "ServiceTypeTitle": "Drive Thru",[\n]"
20:02:12.295 [main] DEBUG karate.org.apache.http.wire - http-outgoing-1 << "              "ServiceTypeDesc": "Has DriveThru?"[\n]"
20:02:12.295 [main] DEBUG karate.org.apache.http.wire - http-outgoing-1 << "            },[\n]"
20:02:12.295 [main] DEBUG karate.org.apache.http.wire - http-outgoing-1 << "            {[\n]"
20:02:12.295 [main] DEBUG karate.org.apache.http.wire - http-outgoing-1 << "              "ServiceId": 3,[\n]"
20:02:12.295 [main] DEBUG karate.org.apache.http.wire - http-outgoing-1 << "              "ParentId": 1,[\n]"
20:02:12.295 [main] DEBUG karate.org.apache.http.wire - http-outgoing-1 << "              "ServiceTypeId": 10,[\n]"
20:02:12.295 [main] DEBUG karate.org.apache.http.wire - http-outgoing-1 << "              "ServiceValue": true,[\n]"
20:02:12.295 [main] DEBUG karate.org.apache.http.wire - http-outgoing-1 << "              "ServiceTypeCode": "FullService",[\n]"
20:02:12.295 [main] DEBUG karate.org.apache.http.wire - http-outgoing-1 << "              "ServiceTypeTitle": "Full Service",[\n]"
20:02:12.295 [main] DEBUG karate.org.apache.http.wire - http-outgoing-1 << "              "ServiceTypeDesc": "Is Full Service?"[\n]"
20:02:12.295 [main] DEBUG karate.org.apache.http.wire - http-outgoing-1 << "            },[\n]"
20:02:12.295 [main] DEBUG karate.org.apache.http.wire - http-outgoing-1 << "            {[\n]"
20:02:12.295 [main] DEBUG karate.org.apache.http.wire - http-outgoing-1 << "              "ServiceId": 3022,[\n]"
20:02:12.295 [main] DEBUG karate.org.apache.http.wire - http-outgoing-1 << "              "ParentId": 1,[\n]"
20:02:12.295 [main] DEBUG karate.org.apache.http.wire - http-outgoing-1 << "              "ServiceTypeId": 12,[\n]"
20:02:12.296 [main] DEBUG karate.org.apache.http.wire - http-outgoing-1 << "              "ServiceValue": true,[\n]"
20:02:12.296 [main] DEBUG karate.org.apache.http.wire - http-outgoing-1 << "              "ServiceTypeCode": "USDCurrency",[\n]"
20:02:12.296 [main] DEBUG karate.org.apache.http.wire - http-outgoing-1 << "              "ServiceTypeTitle": "USD Currency",[\n]"
20:02:12.296 [main] DEBUG karate.org.apache.http.wire - http-outgoing-1 << "              "ServiceTypeDesc": "Offers USD Currency?"[\n]"
20:02:12.296 [main] DEBUG karate.org.apache.http.wire - http-outgoing-1 << "            }[\n]"
20:02:12.296 [main] DEBUG karate.org.apache.http.wire - http-outgoing-1 << "          ],[\n]"
20:02:12.296 [main] DEBUG karate.org.apache.http.wire - http-outgoing-1 << "          "ATMId": 1,[\n]"
20:02:12.296 [main] DEBUG karate.org.apache.http.wire - http-outgoing-1 << "          "ATMNumber": "A001N865",[\n]"
20:02:12.296 [main] DEBUG karate.org.apache.http.wire - http-outgoing-1 << "          "ATMName": "Lloydminster - Atrium Centre",[\n]"
20:02:12.296 [main] DEBUG karate.org.apache.http.wire - http-outgoing-1 << "          "ModelNumber": "6634",[\n]"
20:02:12.296 [main] DEBUG karate.org.apache.http.wire - http-outgoing-1 << "          "Notes": "Branch loads cash and process deposits",[\n]"
20:02:12.296 [main] DEBUG karate.org.apache.http.wire - http-outgoing-1 << "          "Brinks": "Fort Knox",[\n]"
20:02:12.296 [main] DEBUG karate.org.apache.http.wire - http-outgoing-1 << "          "BalancedBy": "Adam Lamping",[\n]"
20:02:12.296 [main] DEBUG karate.org.apache.http.wire - http-outgoing-1 << "          "Cassette1": "10 CAD",[\n]"
20:02:12.296 [main] DEBUG karate.org.apache.http.wire - http-outgoing-1 << "          "Cassette2": "20 CAD",[\n]"
20:02:12.296 [main] DEBUG karate.org.apache.http.wire - http-outgoing-1 << "          "Cassette3": "50 CAD",[\n]"
20:02:12.296 [main] DEBUG karate.org.apache.http.wire - http-outgoing-1 << "          "Cassette4": "100 USD"[\n]"
20:02:12.296 [main] DEBUG karate.org.apache.http.wire - http-outgoing-1 << "        },[\n]"
20:02:12.296 [main] DEBUG karate.org.apache.http.wire - http-outgoing-1 << "        {[\n]"
20:02:12.296 [main] DEBUG karate.org.apache.http.wire - http-outgoing-1 << "          "ATMMake": null,[\n]"
20:02:12.296 [main] DEBUG karate.org.apache.http.wire - http-outgoing-1 << "          "LockMake": null,[\n]"
20:02:12.296 [main] DEBUG karate.org.apache.http.wire - http-outgoing-1 << "          "Branch": null,[\n]"
20:02:12.296 [main] DEBUG karate.org.apache.http.wire - http-outgoing-1 << "          "ATMHours": [[\n]"
20:02:12.296 [main] DEBUG karate.org.apache.http.wire - http-outgoing-1 << "            {[\n]"
20:02:12.296 [main] DEBUG karate.org.apache.http.wire - http-outgoing-1 << "              "HourId": 3464,[\n]"
20:02:12.296 [main] DEBUG karate.org.apache.http.wire - http-outgoing-1 << "              "ParentId": 1310,[\n]"
20:02:12.296 [main] DEBUG karate.org.apache.http.wire - http-outgoing-1 << "              "DayOfWeek": null,[\n]"
20:02:12.296 [main] DEBUG karate.org.apache.http.wire - http-outgoing-1 << "              "OpenTime": null,[\n]"
20:02:12.296 [main] DEBUG karate.org.apache.http.wire - http-outgoing-1 << "              "CloseTime": null,[\n]"
20:02:12.296 [main] DEBUG karate.org.apache.http.wire - http-outgoing-1 << "              "Comments": null,[\n]"
20:02:12.296 [main] DEBUG karate.org.apache.http.wire - http-outgoing-1 << "              "IsClosed": true[\n]"
20:02:12.296 [main] DEBUG karate.org.apache.http.wire - http-outgoing-1 << "            },[\n]"
20:02:12.296 [main] DEBUG karate.org.apache.http.wire - http-outgoing-1 << "            {[\n]"
20:02:12.296 [main] DEBUG karate.org.apache.http.wire - http-outgoing-1 << "              "HourId": 3465,[\n]"
20:02:12.296 [main] DEBUG karate.org.apache.http.wire - http-outgoing-1 << "              "ParentId": 1310,[\n]"
20:02:12.296 [main] DEBUG karate.org.apache.http.wire - http-outgoing-1 << "              "DayOfWeek": null,[\n]"
20:02:12.297 [main] DEBUG karate.org.apache.http.wire - http-outgoing-1 << "              "OpenTime": null,[\n]"
20:02:12.297 [main] DEBUG karate.org.apache.http.wire - http-outgoing-1 << "              "CloseTime": null,[\n]"
20:02:12.297 [main] DEBUG karate.org.apache.http.wire - http-outgoing-1 << "              "Comments": null,[\n]"
20:02:12.297 [main] DEBUG karate.org.apache.http.wire - http-outgoing-1 << "              "IsClosed": true[\n]"
20:02:12.297 [main] DEBUG karate.org.apache.http.wire - http-outgoing-1 << "            },[\n]"
20:02:12.297 [main] DEBUG karate.org.apache.http.wire - http-outgoing-1 << "            {[\n]"
20:02:12.297 [main] DEBUG karate.org.apache.http.wire - http-outgoing-1 << "              "HourId": 3466,[\n]"
20:02:12.297 [main] DEBUG karate.org.apache.http.wire - http-outgoing-1 << "              "ParentId": 1310,[\n]"
20:02:12.297 [main] DEBUG karate.org.apache.http.wire - http-outgoing-1 << "              "DayOfWeek": null,[\n]"
20:02:12.297 [main] DEBUG karate.org.apache.http.wire - http-outgoing-1 << "              "OpenTime": null,[\n]"
20:02:12.297 [main] DEBUG karate.org.apache.http.wire - http-outgoing-1 << "              "CloseTime": null,[\n]"
20:02:12.297 [main] DEBUG karate.org.apache.http.wire - http-outgoing-1 << "              "Comments": "
20:02:12.297 [main] DEBUG karate.org.apache.http.headers - http-outgoing-1 << HTTP/1.1 200 OK
20:02:12.297 [main] DEBUG karate.org.apache.http.headers - http-outgoing-1 << Content-Type: application/json; charset=UTF-8
20:02:12.297 [main] DEBUG karate.org.apache.http.headers - http-outgoing-1 << Date: Mon, 17 Apr 2023 14:32:11 GMT
20:02:12.297 [main] DEBUG karate.org.apache.http.headers - http-outgoing-1 << Server: nginx
20:02:12.297 [main] DEBUG karate.org.apache.http.headers - http-outgoing-1 << Content-Length: 30100
20:02:12.297 [main] DEBUG karate.org.apache.http.headers - http-outgoing-1 << Connection: keep-alive
20:02:12.297 [main] DEBUG karate.org.apache.http.impl.execchain.MainClientExec - Connection can be kept alive indefinitely
20:02:12.298 [main] DEBUG karate.org.apache.http.wire - http-outgoing-1 << "null,[\n]"
20:02:12.298 [main] DEBUG karate.org.apache.http.wire - http-outgoing-1 << "              "IsClosed": true[\n]"
20:02:12.298 [main] DEBUG karate.org.apache.http.wire - http-outgoing-1 << "            },[\n]"
20:02:12.298 [main] DEBUG karate.org.apache.http.wire - http-outgoing-1 << "            {[\n]"
20:02:12.298 [main] DEBUG karate.org.apache.http.wire - http-outgoing-1 << "              "HourId": 3467,[\n]"
20:02:12.298 [main] DEBUG karate.org.apache.http.wire - http-outgoing-1 << "              "ParentId": 1310,[\n]"
20:02:12.298 [main] DEBUG karate.org.apache.http.wire - http-outgoing-1 << "              "DayOfWeek": null,[\n]"
20:02:12.298 [main] DEBUG karate.org.apache.http.wire - http-outgoing-1 << "              "OpenTime": null,[\n]"
20:02:12.298 [main] DEBUG karate.org.apache.http.wire - http-outgoing-1 << "              "CloseTime": null,[\n]"
20:02:12.298 [main] DEBUG karate.org.apache.http.wire - http-outgoing-1 << "              "Comments": null,[\n]"
20:02:12.298 [main] DEBUG karate.org.apache.http.wire - http-outgoing-1 << "              "IsClosed": true[\n]"
20:02:12.298 [main] DEBUG karate.org.apache.http.wire - http-outgoing-1 << "            },[\n]"
20:02:12.298 [main] DEBUG karate.org.apache.http.wire - http-outgoing-1 << "            {[\n]"
20:02:12.298 [main] DEBUG karate.org.apache.http.wire - http-outgoing-1 << "              "HourId": 3468,[\n]"
20:02:12.298 [main] DEBUG karate.org.apache.http.wire - http-outgoing-1 << "              "ParentId": 1310,[\n]"
20:02:12.298 [main] DEBUG karate.org.apache.http.wire - http-outgoing-1 << "              "DayOfWeek": null,[\n]"
20:02:12.298 [main] DEBUG karate.org.apache.http.wire - http-outgoing-1 << "              "OpenTime": null,[\n]"
20:02:12.298 [main] DEBUG karate.org.apache.http.wire - http-outgoing-1 << "              "CloseTime": null,[\n]"
20:02:12.298 [main] DEBUG karate.org.apache.http.wire - http-outgoing-1 << "              "Comments": null,[\n]"
20:02:12.298 [main] DEBUG karate.org.apache.http.wire - http-outgoing-1 << "              "IsClosed": true[\n]"
20:02:12.299 [main] DEBUG karate.org.apache.http.wire - http-outgoing-1 << "            },[\n]"
20:02:12.299 [main] DEBUG karate.org.apache.http.wire - http-outgoing-1 << "            {[\n]"
20:02:12.299 [main] DEBUG karate.org.apache.http.wire - http-outgoing-1 << "              "HourId": 3469,[\n]"
20:02:12.299 [main] DEBUG karate.org.apache.http.wire - http-outgoing-1 << "              "ParentId": 1310,[\n]"
20:02:12.299 [main] DEBUG karate.org.apache.http.wire - http-outgoing-1 << "              "DayOfWeek": null,[\n]"
20:02:12.299 [main] DEBUG karate.org.apache.http.wire - http-outgoing-1 << "              "OpenTime": null,[\n]"
20:02:12.299 [main] DEBUG karate.org.apache.http.wire - http-outgoing-1 << "              "CloseTime": null,[\n]"
20:02:12.299 [main] DEBUG karate.org.apache.http.wire - http-outgoing-1 << "              "Comments": null,[\n]"
20:02:12.299 [main] DEBUG karate.org.apache.http.wire - http-outgoing-1 << "              "IsClosed": true[\n]"
20:02:12.299 [main] DEBUG karate.org.apache.http.wire - http-outgoing-1 << "            },[\n]"
20:02:12.299 [main] DEBUG karate.org.apache.http.wire - http-outgoing-1 << "            {[\n]"
20:02:12.299 [main] DEBUG karate.org.apache.http.wire - http-outgoing-1 << "              "HourId": 3470,[\n]"
20:02:12.299 [main] DEBUG karate.org.apache.http.wire - http-outgoing-1 << "              "ParentId": 1310,[\n]"
20:02:12.299 [main] DEBUG karate.org.apache.http.wire - http-outgoing-1 << "              "DayOfWeek": null,[\n]"
20:02:12.299 [main] DEBUG karate.org.apache.http.wire - http-outgoing-1 << "              "OpenTime": null,[\n]"
20:02:12.299 [main] DEBUG karate.org.apache.http.wire - http-outgoing-1 << "              "CloseTime": null,[\n]"
20:02:12.299 [main] DEBUG karate.org.apache.http.wire - http-outgoing-1 << "              "Comments": null,[\n]"
20:02:12.299 [main] DEBUG karate.org.apache.http.wire - http-outgoing-1 << "          "
20:02:12.299 [main] DEBUG karate.org.apache.http.wire - http-outgoing-1 << "    "IsClosed": true[\n]"
20:02:12.299 [main] DEBUG karate.org.apache.http.wire - http-outgoing-1 << "            }[\n]"
20:02:12.299 [main] DEBUG karate.org.apache.http.wire - http-outgoing-1 << "          ],[\n]"
20:02:12.299 [main] DEBUG karate.org.apache.http.wire - http-outgoing-1 << "          "ATMServices": [[\n]"
20:02:12.299 [main] DEBUG karate.org.apache.http.wire - http-outgoing-1 << "            {[\n]"
20:02:12.299 [main] DEBUG karate.org.apache.http.wire - http-outgoing-1 << "              "ServiceId": 3315,[\n]"
20:02:12.299 [main] DEBUG karate.org.apache.http.wire - http-outgoing-1 << "              "ParentId": 1310,[\n]"
20:02:12.299 [main] DEBUG karate.org.apache.http.wire - http-outgoing-1 << "              "ServiceTypeId": 11,[\n]"
20:02:12.299 [main] DEBUG karate.org.apache.http.wire - http-outgoing-1 << "              "ServiceValue": false,[\n]"
20:02:12.299 [main] DEBUG karate.org.apache.http.wire - http-outgoing-1 << "              "ServiceTypeCode": "24Hours",[\n]"
20:02:12.299 [main] DEBUG karate.org.apache.http.wire - http-outgoing-1 << "              "ServiceTypeTitle": "24 Hours",[\n]"
20:02:12.299 [main] DEBUG karate.org.apache.http.wire - http-outgoing-1 << "              "ServiceTypeDesc": "Is 24 Hours?"[\n]"
20:02:12.299 [main] DEBUG karate.org.apache.http.wire - http-outgoing-1 << "            },[\n]"
20:02:12.299 [main] DEBUG karate.org.apache.http.wire - http-outgoing-1 << "            {[\n]"
20:02:12.299 [main] DEBUG karate.org.apache.http.wire - http-outgoing-1 << "              "ServiceId": 3316,[\n]"
20:02:12.299 [main] DEBUG karate.org.apache.http.wire - http-outgoing-1 << "              "ParentId": 1310,[\n]"
20:02:12.299 [main] DEBUG karate.org.apache.http.wire - http-outgoing-1 << "              "ServiceTypeId": 9,[\n]"
20:02:12.299 [main] DEBUG karate.org.apache.http.wire - http-outgoing-1 << "              "ServiceValue": false,[\n]"
20:02:12.299 [main] DEBUG karate.org.apache.http.wire - http-outgoing-1 << "              "ServiceTypeCode": "Camera",[\n]"
20:02:12.299 [main] DEBUG karate.org.apache.http.wire - http-outgoing-1 << "              "ServiceTypeTitle": "Camera",[\n]"
20:02:12.300 [main] DEBUG karate.org.apache.http.wire - http-outgoing-1 << "              "ServiceTypeDesc": "Has Camera?"[\n]"
20:02:12.300 [main] DEBUG karate.org.apache.http.wire - http-outgoing-1 << "            },[\n]"
20:02:12.300 [main] DEBUG karate.org.apache.http.wire - http-outgoing-1 << "            {[\n]"
20:02:12.300 [main] DEBUG karate.org.apache.http.wire - http-outgoing-1 << "              "ServiceId": 5315,[\n]"
20:02:12.300 [main] DEBUG karate.org.apache.http.wire - http-outgoing-1 << "              "ParentId": 1310,[\n]"
20:02:12.300 [main] DEBUG karate.org.apache.http.wire - http-outgoing-1 << "              "ServiceTypeId": 1012,[\n]"
20:02:12.300 [main] DEBUG karate.org.apache.http.wire - http-outgoing-1 << "              "ServiceValue": false,[\n]"
20:02:12.300 [main] DEBUG karate.org.apache.http.wire - http-outgoing-1 << "              "ServiceTypeCode": "DepositAutomation",[\n]"
20:02:12.300 [main] DEBUG karate.org.apache.http.wire - http-outgoing-1 << "              "ServiceTypeTitle": "Deposit Automation",[\n]"
20:02:12.300 [main] DEBUG karate.org.apache.http.wire - http-outgoing-1 << "              "ServiceTypeDesc": "Offers Deposit Automation?"[\n]"
20:02:12.300 [main] DEBUG karate.org.apache.http.wire - http-outgoing-1 << "            },[\n]"
20:02:12.300 [main] DEBUG karate.org.apache.http.wire - http-outgoing-1 << "      "
20:02:12.300 [main] DEBUG karate.org.apache.http.wire - http-outgoing-1 << "      {[\n]"
20:02:12.300 [main] DEBUG karate.org.apache.http.wire - http-outgoing-1 << "              "ServiceId": 3317,[\n]"
20:02:12.300 [main] DEBUG karate.org.apache.http.wire - http-outgoing-1 << "              "ParentId": 1310,[\n]"
20:02:12.300 [main] DEBUG karate.org.apache.http.wire - http-outgoing-1 << "              "ServiceTypeId": 8,[\n]"
20:02:12.300 [main] DEBUG karate.org.apache.http.wire - http-outgoing-1 << "              "ServiceValue": false,[\n]"
20:02:12.300 [main] DEBUG karate.org.apache.http.wire - http-outgoing-1 << "              "ServiceTypeCode": "DriveThru",[\n]"
20:02:12.300 [main] DEBUG karate.org.apache.http.wire - http-outgoing-1 << "              "ServiceTypeTitle": "Drive Thru",[\n]"
20:02:12.300 [main] DEBUG karate.org.apache.http.wire - http-outgoing-1 << "              "ServiceTypeDesc": "Has DriveThru?"[\n]"
20:02:12.300 [main] DEBUG karate.org.apache.http.wire - http-outgoing-1 << "            },[\n]"
20:02:12.300 [main] DEBUG karate.org.apache.http.wire - http-outgoing-1 << "            {[\n]"
20:02:12.300 [main] DEBUG karate.org.apache.http.wire - http-outgoing-1 << "              "ServiceId": 3318,[\n]"
20:02:12.300 [main] DEBUG karate.org.apache.http.wire - http-outgoing-1 << "              "ParentId": 1310,[\n]"
20:02:12.301 [main] DEBUG karate.org.apache.http.wire - http-outgoing-1 << "              "ServiceTypeId": 10,[\n]"
20:02:12.301 [main] DEBUG karate.org.apache.http.wire - http-outgoing-1 << "              "ServiceValue": false,[\n]"
20:02:12.301 [main] DEBUG karate.org.apache.http.wire - http-outgoing-1 << "              "ServiceTypeCode": "FullService",[\n]"
20:02:12.301 [main] DEBUG karate.org.apache.http.wire - http-outgoing-1 << "              "ServiceTypeTitle": "Full Service",[\n]"
20:02:12.301 [main] DEBUG karate.org.apache.http.wire - http-outgoing-1 << "              "ServiceTypeDesc": "Is Full Service?"[\n]"
20:02:12.301 [main] DEBUG karate.org.apache.http.wire - http-outgoing-1 << "            },[\n]"
20:02:12.301 [main] DEBUG karate.org.apache.http.wire - http-outgoing-1 << "            {[\n]"
20:02:12.301 [main] DEBUG karate.org.apache.http.wire - http-outgoing-1 << "              "ServiceId": 3319,[\n]"
20:02:12.301 [main] DEBUG karate.org.apache.http.wire - http-outgoing-1 << "              "ParentId": 1310,[\n]"
20:02:12.301 [main] DEBUG karate.org.apache.http.wire - http-outgoing-1 << "              "ServiceTypeId": 12,[\n]"
20:02:12.301 [main] DEBUG karate.org.apache.http.wire - http-outgoing-1 << "              "ServiceValue": false,[\n]"
20:02:12.301 [main] DEBUG karate.org.apache.http.wire - http-outgoing-1 << "              "ServiceTypeCode": "USDCurrency",[\n]"
20:02:12.302 [main] DEBUG karate.org.apache.http.wire - http-outgoing-1 << "              "ServiceTypeTitle": "USD Currency",[\n]"
20:02:12.302 [main] DEBUG karate.org.apache.http.wire - http-outgoing-1 << "              "ServiceTypeDesc": "Offers USD Currency?"[\n]"
20:02:12.302 [main] DEBUG karate.org.apache.http.wire - http-outgoing-1 << "            }[\n]"
20:02:12.302 [main] DEBUG karate.org.apache.http.wire - http-outgoing-1 << "          ],[\n]"
20:02:12.302 [main] DEBUG karate.org.apache.http.wire - http-outgoing-1 << "          "ATMId": 1310,[\n]"
20:02:12.302 [main] DEBUG karate.org.apache.http.wire - http-outgoing-1 << "          "ATMNumber": "1234",[\n]"
20:02:12.302 [main] DEBUG karate.org.apache.http.wire - http-outgoing-1 << "          "ATMNam"
20:02:12.302 [main] DEBUG karate.org.apache.http.wire - http-outgoing-1 << "e": "south",[\n]"
20:02:12.302 [main] DEBUG karate.org.apache.http.wire - http-outgoing-1 << "          "ModelNumber": null,[\n]"
20:02:12.302 [main] DEBUG karate.org.apache.http.wire - http-outgoing-1 << "          "Notes": null,[\n]"
20:02:12.302 [main] DEBUG karate.org.apache.http.wire - http-outgoing-1 << "          "Brinks": "2234 john",[\n]"
20:02:12.302 [main] DEBUG karate.org.apache.http.wire - http-outgoing-1 << "          "BalancedBy": "john",[\n]"
20:02:12.302 [main] DEBUG karate.org.apache.http.wire - http-outgoing-1 << "          "Cassette1": null,[\n]"
20:02:12.302 [main] DEBUG karate.org.apache.http.wire - http-outgoing-1 << "          "Cassette2": null,[\n]"
20:02:12.303 [main] DEBUG karate.org.apache.http.wire - http-outgoing-1 << "          "Cassette3": null,[\n]"
20:02:12.303 [main] DEBUG karate.org.apache.http.wire - http-outgoing-1 << "          "Cassette4": null[\n]"
20:02:12.303 [main] DEBUG karate.org.apache.http.wire - http-outgoing-1 << "        },[\n]"
20:02:12.303 [main] DEBUG karate.org.apache.http.wire - http-outgoing-1 << "        {[\n]"
20:02:12.303 [main] DEBUG karate.org.apache.http.wire - http-outgoing-1 << "          "ATMMake": {[\n]"
20:02:12.303 [main] DEBUG karate.org.apache.http.wire - http-outgoing-1 << "            "ATMMakeId": 1,[\n]"
20:02:12.303 [main] DEBUG karate.org.apache.http.wire - http-outgoing-1 << "            "MakeBrand": "Diebold"[\n]"
20:02:12.303 [main] DEBUG karate.org.apache.http.wire - http-outgoing-1 << "          },[\n]"
20:02:12.303 [main] DEBUG karate.org.apache.http.wire - http-outgoing-1 << "          "LockMake": {[\n]"
20:02:12.303 [main] DEBUG karate.org.apache.http.wire - http-outgoing-1 << "            "LockMakeId": 2,[\n]"
20:02:12.304 [main] DEBUG karate.org.apache.http.wire - http-outgoing-1 << "            "LockBrand": "S & G"[\n]"
20:02:12.304 [main] DEBUG karate.org.apache.http.wire - http-outgoing-1 << "          },[\n]"
20:02:12.304 [main] DEBUG karate.org.apache.http.wire - http-outgoing-1 << "          "Branch": null,[\n]"
20:02:12.304 [main] DEBUG karate.org.apache.http.wire - http-outgoing-1 << "          "ATMHours": [[\n]"
20:02:12.304 [main] DEBUG karate.org.apache.http.wire - http-outgoing-1 << "            {[\n]"
20:02:12.304 [main] DEBUG karate.org.apache.http.wire - http-outgoing-1 << "              "HourId": 3499,[\n]"
20:02:12.304 [main] DEBUG karate.org.apache.http.wire - http-outgoing-1 << "              "ParentId": 1311,[\n]"
20:02:12.304 [main] DEBUG karate.org.apache.http.wire - http-outgoing-1 << "              "DayOfWeek": null,[\n]"
20:02:12.304 [main] DEBUG karate.org.apache.http.wire - http-outgoing-1 << "              "OpenTime": null,[\n]"
20:02:12.304 [main] DEBUG karate.org.apache.http.wire - http-outgoing-1 << "              "CloseTime": null,[\n]"
20:02:12.304 [main] DEBUG karate.org.apache.http.wire - http-outgoing-1 << "              "Comments": null,[\n]"
20:02:12.304 [main] DEBUG karate.org.apache.http.wire - http-outgoing-1 << "              "IsClosed": true[\n]"
20:02:12.304 [main] DEBUG karate.org.apache.http.wire - http-outgoing-1 << "            },[\n]"
20:02:12.304 [main] DEBUG karate.org.apache.http.wire - http-outgoing-1 << "            {[\n]"
20:02:12.304 [main] DEBUG karate.org.apache.http.wire - http-outgoing-1 << "              "HourId": 3500,[\n]"
20:02:12.304 [main] DEBUG karate.org.apache.http.wire - http-outgoing-1 << "              "ParentId": 1311,[\n]"
20:02:12.304 [main] DEBUG karate.org.apache.http.wire - http-outgoing-1 << "              "DayOfWeek": null,[\n]"
20:02:12.305 [main] DEBUG karate.org.apache.http.wire - http-outgoing-1 << "              "OpenTime": null,[\n]"
20:02:12.305 [main] DEBUG karate.org.apache.http.wire - http-outgoing-1 << "              "CloseTime": null,[\n]"
20:02:12.305 [main] DEBUG karate.org.apache.http.wire - http-outgoing-1 << "              "Comments": null,[\n]"
20:02:12.305 [main] DEBUG karate.org.apache.http.wire - http-outgoing-1 << "              "IsClosed": true[\n]"
20:02:12.305 [main] DEBUG karate.org.apache.http.wire - http-outgoing-1 << "            },[\n]"
20:02:12.305 [main] DEBUG karate.org.apache.http.wire - http-outgoing-1 << "  "
20:02:12.305 [main] DEBUG karate.org.apache.http.wire - http-outgoing-1 << "          {[\n]"
20:02:12.305 [main] DEBUG karate.org.apache.http.wire - http-outgoing-1 << "              "HourId": 3501,[\n]"
20:02:12.305 [main] DEBUG karate.org.apache.http.wire - http-outgoing-1 << "              "ParentId": 1311,[\n]"
20:02:12.305 [main] DEBUG karate.org.apache.http.wire - http-outgoing-1 << "              "DayOfWeek": null,[\n]"
20:02:12.305 [main] DEBUG karate.org.apache.http.wire - http-outgoing-1 << "              "OpenTime": null,[\n]"
20:02:12.305 [main] DEBUG karate.org.apache.http.wire - http-outgoing-1 << "              "CloseTime": null,[\n]"
20:02:12.305 [main] DEBUG karate.org.apache.http.wire - http-outgoing-1 << "              "Comments": null,[\n]"
20:02:12.305 [main] DEBUG karate.org.apache.http.wire - http-outgoing-1 << "              "IsClosed": true[\n]"
20:02:12.305 [main] DEBUG karate.org.apache.http.wire - http-outgoing-1 << "            },[\n]"
20:02:12.305 [main] DEBUG karate.org.apache.http.wire - http-outgoing-1 << "            {[\n]"
20:02:12.305 [main] DEBUG karate.org.apache.http.wire - http-outgoing-1 << "              "HourId": 3502,[\n]"
20:02:12.305 [main] DEBUG karate.org.apache.http.wire - http-outgoing-1 << "              "ParentId": 1311,[\n]"
20:02:12.305 [main] DEBUG karate.org.apache.http.wire - http-outgoing-1 << "              "DayOfWeek": null,[\n]"
20:02:12.305 [main] DEBUG karate.org.apache.http.wire - http-outgoing-1 << "              "OpenTime": null,[\n]"
20:02:12.305 [main] DEBUG karate.org.apache.http.wire - http-outgoing-1 << "              "CloseTime": null,[\n]"
20:02:12.305 [main] DEBUG karate.org.apache.http.wire - http-outgoing-1 << "              "Comments": null,[\n]"
20:02:12.305 [main] DEBUG karate.org.apache.http.wire - http-outgoing-1 << "              "IsClosed": true[\n]"
20:02:12.305 [main] DEBUG karate.org.apache.http.wire - http-outgoing-1 << "            },[\n]"
20:02:12.305 [main] DEBUG karate.org.apache.http.wire - http-outgoing-1 << "            {[\n]"
20:02:12.305 [main] DEBUG karate.org.apache.http.wire - http-outgoing-1 << "              "HourId": 3503,[\n]"
20:02:12.305 [main] DEBUG karate.org.apache.http.wire - http-outgoing-1 << "              "ParentId": 1311,[\n]"
20:02:12.305 [main] DEBUG karate.org.apache.http.wire - http-outgoing-1 << "              "DayOfWeek": null,[\n]"
20:02:12.305 [main] DEBUG karate.org.apache.http.wire - http-outgoing-1 << "              "OpenTime": null,[\n]"
20:02:12.305 [main] DEBUG karate.org.apache.http.wire - http-outgoing-1 << "              "CloseTime": null,[\n]"
20:02:12.305 [main] DEBUG karate.org.apache.http.wire - http-outgoing-1 << "              "Comments": null,[\n]"
20:02:12.305 [main] DEBUG karate.org.apache.http.wire - http-outgoing-1 << "              "IsClosed": true[\n]"
20:02:12.305 [main] DEBUG karate.org.apache.http.wire - http-outgoing-1 << "            },[\n]"
20:02:12.306 [main] DEBUG karate.org.apache.http.wire - http-outgoing-1 << "            {[\n]"
20:02:12.306 [main] DEBUG karate.org.apache.http.wire - http-outgoing-1 << "              "HourId": 3504,[\n]"
20:02:12.306 [main] DEBUG karate.org.apache.http.wire - http-outgoing-1 << "              "ParentId": 1311,[\n]"
20:02:12.306 [main] DEBUG karate.org.apache.http.wire - http-outgoing-1 << "              "DayOfWeek": null,[\n]"
20:02:12.306 [main] DEBUG karate.org.apache.http.wire - http-outgoing-1 << "              "OpenTime": null,[\n]"
20:02:12.306 [main] DEBUG karate.org.apache.http.wire - http-outgoing-1 << "              "CloseTime": null,[\n]"
20:02:12.307 [main] DEBUG karate.org.apache.http.wire - http-outgoing-1 << "              "Comments": null,[\n]"
20:02:12.307 [main] DEBUG karate.org.apache.http.wire - http-outgoing-1 << "              "IsClosed": true[\n]"
20:02:12.307 [main] DEBUG karate.org.apache.http.wire - http-outgoing-1 << "            },[\n]"
20:02:12.307 [main] DEBUG karate.org.apache.http.wire - http-outgoing-1 << "            {[\n]"
20:02:12.307 [main] DEBUG karate.org.apache.http.wire - http-outgoing-1 << "    "
20:02:12.307 [main] DEBUG karate.org.apache.http.wire - http-outgoing-1 << "          "HourId": 3505,[\n]"
20:02:12.307 [main] DEBUG karate.org.apache.http.wire - http-outgoing-1 << "              "ParentId": 1311,[\n]"
20:02:12.307 [main] DEBUG karate.org.apache.http.wire - http-outgoing-1 << "              "DayOfWeek": null,[\n]"
20:02:12.307 [main] DEBUG karate.org.apache.http.wire - http-outgoing-1 << "              "OpenTime": null,[\n]"
20:02:12.307 [main] DEBUG karate.org.apache.http.wire - http-outgoing-1 << "              "CloseTime": null,[\n]"
20:02:12.307 [main] DEBUG karate.org.apache.http.wire - http-outgoing-1 << "              "Comments": null,[\n]"
20:02:12.307 [main] DEBUG karate.org.apache.http.wire - http-outgoing-1 << "              "IsClosed": true[\n]"
20:02:12.307 [main] DEBUG karate.org.apache.http.wire - http-outgoing-1 << "            }[\n]"
20:02:12.307 [main] DEBUG karate.org.apache.http.wire - http-outgoing-1 << "          ],[\n]"
20:02:12.307 [main] DEBUG karate.org.apache.http.wire - http-outgoing-1 << "          "ATMServices": [[\n]"
20:02:12.307 [main] DEBUG karate.org.apache.http.wire - http-outgoing-1 << "            {[\n]"
20:02:12.307 [main] DEBUG karate.org.apache.http.wire - http-outgoing-1 << "              "ServiceId": 3324,[\n]"
20:02:12.307 [main] DEBUG karate.org.apache.http.wire - http-outgoing-1 << "              "ParentId": 1311,[\n]"
20:02:12.307 [main] DEBUG karate.org.apache.http.wire - http-outgoing-1 << "              "ServiceTypeId": 11,[\n]"
20:02:12.307 [main] DEBUG karate.org.apache.http.wire - http-outgoing-1 << "              "ServiceValue": false,[\n]"
20:02:12.307 [main] DEBUG karate.org.apache.http.wire - http-outgoing-1 << "              "ServiceTypeCode": "24Hours",[\n]"
20:02:12.307 [main] DEBUG karate.org.apache.http.wire - http-outgoing-1 << "              "ServiceTypeTitle": "24 Hours",[\n]"
20:02:12.307 [main] DEBUG karate.org.apache.http.wire - http-outgoing-1 << "              "ServiceTypeDesc": "Is 24 Hours?"[\n]"
20:02:12.307 [main] DEBUG karate.org.apache.http.wire - http-outgoing-1 << "            },[\n]"
20:02:12.307 [main] DEBUG karate.org.apache.http.wire - http-outgoing-1 << "            {[\n]"
20:02:12.307 [main] DEBUG karate.org.apache.http.wire - http-outgoing-1 << "              "ServiceId": 3325,[\n]"
20:02:12.307 [main] DEBUG karate.org.apache.http.wire - http-outgoing-1 << "              "ParentId": 1311,[\n]"
20:02:12.307 [main] DEBUG karate.org.apache.http.wire - http-outgoing-1 << "              "ServiceTypeId": 9,[\n]"
20:02:12.307 [main] DEBUG karate.org.apache.http.wire - http-outgoing-1 << "              "ServiceValue": false,[\n]"
20:02:12.307 [main] DEBUG karate.org.apache.http.wire - http-outgoing-1 << "              "ServiceTypeCode": "Camera",[\n]"
20:02:12.307 [main] DEBUG karate.org.apache.http.wire - http-outgoing-1 << "              "ServiceTypeTitle": "Camera",[\n]"
20:02:12.307 [main] DEBUG karate.org.apache.http.wire - http-outgoing-1 << "              "ServiceTypeDesc": "Has Camera?"[\n]"
20:02:12.307 [main] DEBUG karate.org.apache.http.wire - http-outgoing-1 << "            },[\n]"
20:02:12.307 [main] DEBUG karate.org.apache.http.wire - http-outgoing-1 << "            {[\n]"
20:02:12.307 [main] DEBUG karate.org.apache.http.wire - http-outgoing-1 << "              "ServiceId": 5316,[\n]"
20:02:12.307 [main] DEBUG karate.org.apache.http.wire - http-outgoing-1 << "              "ParentId": 1311,[\n]"
20:02:12.307 [main] DEBUG karate.org.apache.http.wire - http-outgoing-1 << "              "ServiceTypeId": 1012,[\n]"
20:02:12.307 [main] DEBUG karate.org.apache.http.wire - http-outgoing-1 << "              "ServiceValue": fa"
20:02:12.307 [main] DEBUG karate.org.apache.http.wire - http-outgoing-1 << "lse,[\n]"
20:02:12.308 [main] DEBUG karate.org.apache.http.wire - http-outgoing-1 << "              "ServiceTypeCode": "DepositAutomation",[\n]"
20:02:12.308 [main] DEBUG karate.org.apache.http.wire - http-outgoing-1 << "              "ServiceTypeTitle": "Deposit Automation",[\n]"
20:02:12.308 [main] DEBUG karate.org.apache.http.wire - http-outgoing-1 << "              "ServiceTypeDesc": "Offers Deposit Automation?"[\n]"
20:02:12.308 [main] DEBUG karate.org.apache.http.wire - http-outgoing-1 << "            },[\n]"
20:02:12.308 [main] DEBUG karate.org.apache.http.wire - http-outgoing-1 << "            {[\n]"
20:02:12.308 [main] DEBUG karate.org.apache.http.wire - http-outgoing-1 << "              "ServiceId": 3326,[\n]"
20:02:12.308 [main] DEBUG karate.org.apache.http.wire - http-outgoing-1 << "              "ParentId": 1311,[\n]"
20:02:12.308 [main] DEBUG karate.org.apache.http.wire - http-outgoing-1 << "              "ServiceTypeId": 8,[\n]"
20:02:12.308 [main] DEBUG karate.org.apache.http.wire - http-outgoing-1 << "              "ServiceValue": false,[\n]"
20:02:12.308 [main] DEBUG karate.org.apache.http.wire - http-outgoing-1 << "              "ServiceTypeCode": "DriveThru",[\n]"
20:02:12.308 [main] DEBUG karate.org.apache.http.wire - http-outgoing-1 << "              "ServiceTypeTitle": "Drive Thru",[\n]"
20:02:12.308 [main] DEBUG karate.org.apache.http.wire - http-outgoing-1 << "              "ServiceTypeDesc": "Has DriveThru?"[\n]"
20:02:12.308 [main] DEBUG karate.org.apache.http.wire - http-outgoing-1 << "            },[\n]"
20:02:12.308 [main] DEBUG karate.org.apache.http.wire - http-outgoing-1 << "            {[\n]"
20:02:12.308 [main] DEBUG karate.org.apache.http.wire - http-outgoing-1 << "              "ServiceId": 3327,[\n]"
20:02:12.308 [main] DEBUG karate.org.apache.http.wire - http-outgoing-1 << "              "ParentId": 1311,[\n]"
20:02:12.308 [main] DEBUG karate.org.apache.http.wire - http-outgoing-1 << "              "ServiceTypeId": 10,[\n]"
20:02:12.308 [main] DEBUG karate.org.apache.http.wire - http-outgoing-1 << "              "ServiceValue": false,[\n]"
20:02:12.308 [main] DEBUG karate.org.apache.http.wire - http-outgoing-1 << "              "ServiceTypeCode": "FullService",[\n]"
20:02:12.308 [main] DEBUG karate.org.apache.http.wire - http-outgoing-1 << "              "ServiceTypeTitle": "Full Service",[\n]"
20:02:12.308 [main] DEBUG karate.org.apache.http.wire - http-outgoing-1 << "              "ServiceTypeDesc": "Is Full Service?"[\n]"
20:02:12.308 [main] DEBUG karate.org.apache.http.wire - http-outgoing-1 << "            },[\n]"
20:02:12.308 [main] DEBUG karate.org.apache.http.wire - http-outgoing-1 << "            {[\n]"
20:02:12.308 [main] DEBUG karate.org.apache.http.wire - http-outgoing-1 << "              "ServiceId": 3328,[\n]"
20:02:12.308 [main] DEBUG karate.org.apache.http.wire - http-outgoing-1 << "              "ParentId": 1311,[\n]"
20:02:12.308 [main] DEBUG karate.org.apache.http.wire - http-outgoing-1 << "              "ServiceTypeId": 12,[\n]"
20:02:12.308 [main] DEBUG karate.org.apache.http.wire - http-outgoing-1 << "              "ServiceValue": false,[\n]"
20:02:12.308 [main] DEBUG karate.org.apache.http.wire - http-outgoing-1 << "              "ServiceTypeCode": "USDCurrency",[\n]"
20:02:12.308 [main] DEBUG karate.org.apache.http.wire - http-outgoing-1 << "        "
20:02:12.308 [main] DEBUG karate.org.apache.http.wire - http-outgoing-1 << "      "ServiceTypeTitle": "USD Currency",[\n]"
20:02:12.308 [main] DEBUG karate.org.apache.http.wire - http-outgoing-1 << "              "ServiceTypeDesc": "Offers USD Currency?"[\n]"
20:02:12.308 [main] DEBUG karate.org.apache.http.wire - http-outgoing-1 << "            }[\n]"
20:02:12.308 [main] DEBUG karate.org.apache.http.wire - http-outgoing-1 << "          ],[\n]"
20:02:12.308 [main] DEBUG karate.org.apache.http.wire - http-outgoing-1 << "          "ATMId": 1311,[\n]"
20:02:12.308 [main] DEBUG karate.org.apache.http.wire - http-outgoing-1 << "          "ATMNumber": "44556677",[\n]"
20:02:12.308 [main] DEBUG karate.org.apache.http.wire - http-outgoing-1 << "          "ATMName": "SouthWest",[\n]"
20:02:12.308 [main] DEBUG karate.org.apache.http.wire - http-outgoing-1 << "          "ModelNumber": null,[\n]"
20:02:12.308 [main] DEBUG karate.org.apache.http.wire - http-outgoing-1 << "          "Notes": null,[\n]"
20:02:12.308 [main] DEBUG karate.org.apache.http.wire - http-outgoing-1 << "          "Brinks": "Jar5566",[\n]"
20:02:12.309 [main] DEBUG karate.org.apache.http.wire - http-outgoing-1 << "          "BalancedBy": "Jamal",[\n]"
20:02:12.309 [main] DEBUG karate.org.apache.http.wire - http-outgoing-1 << "          "Cassette1": null,[\n]"
20:02:12.309 [main] DEBUG karate.org.apache.http.wire - http-outgoing-1 << "          "Cassette2": null,[\n]"
20:02:12.309 [main] DEBUG karate.org.apache.http.wire - http-outgoing-1 << "          "Cassette3": null,[\n]"
20:02:12.309 [main] DEBUG karate.org.apache.http.wire - http-outgoing-1 << "          "Cassette4": null[\n]"
20:02:12.309 [main] DEBUG karate.org.apache.http.wire - http-outgoing-1 << "        }[\n]"
20:02:12.309 [main] DEBUG karate.org.apache.http.wire - http-outgoing-1 << "      ],[\n]"
20:02:12.309 [main] DEBUG karate.org.apache.http.wire - http-outgoing-1 << "      "BranchHours": [[\n]"
20:02:12.309 [main] DEBUG karate.org.apache.http.wire - http-outgoing-1 << "        {[\n]"
20:02:12.309 [main] DEBUG karate.org.apache.http.wire - http-outgoing-1 << "          "HourId": 1,[\n]"
20:02:12.309 [main] DEBUG karate.org.apache.http.wire - http-outgoing-1 << "          "ParentId": 1,[\n]"
20:02:12.309 [main] DEBUG karate.org.apache.http.wire - http-outgoing-1 << "          "DayOfWeek": "Monday",[\n]"
20:02:12.309 [main] DEBUG karate.org.apache.http.wire - http-outgoing-1 << "          "OpenTime": "09:30:00",[\n]"
20:02:12.309 [main] DEBUG karate.org.apache.http.wire - http-outgoing-1 << "          "CloseTime": "17:00:00",[\n]"
20:02:12.309 [main] DEBUG karate.org.apache.http.wire - http-outgoing-1 << "          "Comments": null,[\n]"
20:02:12.309 [main] DEBUG karate.org.apache.http.wire - http-outgoing-1 << "          "IsClosed": false[\n]"
20:02:12.309 [main] DEBUG karate.org.apache.http.wire - http-outgoing-1 << "        },[\n]"
20:02:12.309 [main] DEBUG karate.org.apache.http.wire - http-outgoing-1 << "        {[\n]"
20:02:12.309 [main] DEBUG karate.org.apache.http.wire - http-outgoing-1 << "          "HourId": 2,[\n]"
20:02:12.310 [main] DEBUG karate.org.apache.http.wire - http-outgoing-1 << "          "ParentId": 1,[\n]"
20:02:12.310 [main] DEBUG karate.org.apache.http.wire - http-outgoing-1 << "          "DayOfWeek": "Tuesday",[\n]"
20:02:12.310 [main] DEBUG karate.org.apache.http.wire - http-outgoing-1 << "          "OpenTime": "09:30:00",[\n]"
20:02:12.310 [main] DEBUG karate.org.apache.http.wire - http-outgoing-1 << "          "CloseTime": "17:00:00",[\n]"
20:02:12.310 [main] DEBUG karate.org.apache.http.wire - http-outgoing-1 << "          "Comments": null,[\n]"
20:02:12.310 [main] DEBUG karate.org.apache.http.wire - http-outgoing-1 << "          "IsClosed": false[\n]"
20:02:12.310 [main] DEBUG karate.org.apache.http.wire - http-outgoing-1 << "        },[\n]"
20:02:12.310 [main] DEBUG karate.org.apache.http.wire - http-outgoing-1 << "        {[\n]"
20:02:12.310 [main] DEBUG karate.org.apache.http.wire - http-outgoing-1 << "          "HourId": 3,[\n]"
20:02:12.310 [main] DEBUG karate.org.apache.http.wire - http-outgoing-1 << "          "ParentId": 1,[\n]"
20:02:12.310 [main] DEBUG karate.org.apache.http.wire - http-outgoing-1 << "          "DayO"
20:02:12.317 [main] DEBUG karate.org.apache.http.wire - http-outgoing-1 << "fWeek": "Wednesday",[\n]"
20:02:12.317 [main] DEBUG karate.org.apache.http.wire - http-outgoing-1 << "          "OpenTime": "09:30:00",[\n]"
20:02:12.317 [main] DEBUG karate.org.apache.http.wire - http-outgoing-1 << "          "CloseTime": "17:00:00",[\n]"
20:02:12.317 [main] DEBUG karate.org.apache.http.wire - http-outgoing-1 << "          "Comments": null,[\n]"
20:02:12.317 [main] DEBUG karate.org.apache.http.wire - http-outgoing-1 << "          "IsClosed": false[\n]"
20:02:12.318 [main] DEBUG karate.org.apache.http.wire - http-outgoing-1 << "        },[\n]"
20:02:12.318 [main] DEBUG karate.org.apache.http.wire - http-outgoing-1 << "        {[\n]"
20:02:12.318 [main] DEBUG karate.org.apache.http.wire - http-outgoing-1 << "          "HourId": 4,[\n]"
20:02:12.318 [main] DEBUG karate.org.apache.http.wire - http-outgoing-1 << "          "ParentId": 1,[\n]"
20:02:12.318 [main] DEBUG karate.org.apache.http.wire - http-outgoing-1 << "          "DayOfWeek": "Thursday",[\n]"
20:02:12.318 [main] DEBUG karate.org.apache.http.wire - http-outgoing-1 << "          "OpenTime": "09:30:00",[\n]"
20:02:12.318 [main] DEBUG karate.org.apache.http.wire - http-outgoing-1 << "          "CloseTime": "17:00:00",[\n]"
20:02:12.318 [main] DEBUG karate.org.apache.http.wire - http-outgoing-1 << "          "Comments": null,[\n]"
20:02:12.318 [main] DEBUG karate.org.apache.http.wire - http-outgoing-1 << "          "IsClosed": false[\n]"
20:02:12.318 [main] DEBUG karate.org.apache.http.wire - http-outgoing-1 << "        },[\n]"
20:02:12.318 [main] DEBUG karate.org.apache.http.wire - http-outgoing-1 << "        {[\n]"
20:02:12.318 [main] DEBUG karate.org.apache.http.wire - http-outgoing-1 << "          "HourId": 5,[\n]"
20:02:12.318 [main] DEBUG karate.org.apache.http.wire - http-outgoing-1 << "          "ParentId": 1,[\n]"
20:02:12.318 [main] DEBUG karate.org.apache.http.wire - http-outgoing-1 << "          "DayOfWeek": "Friday",[\n]"
20:02:12.318 [main] DEBUG karate.org.apache.http.wire - http-outgoing-1 << "          "OpenTime": "09:30:00",[\n]"
20:02:12.318 [main] DEBUG karate.org.apache.http.wire - http-outgoing-1 << "          "CloseTime": "17:00:00",[\n]"
20:02:12.318 [main] DEBUG karate.org.apache.http.wire - http-outgoing-1 << "          "Comments": null,[\n]"
20:02:12.318 [main] DEBUG karate.org.apache.http.wire - http-outgoing-1 << "          "IsClosed": false[\n]"
20:02:12.318 [main] DEBUG karate.org.apache.http.wire - http-outgoing-1 << "        },[\n]"
20:02:12.318 [main] DEBUG karate.org.apache.http.wire - http-outgoing-1 << "        {[\n]"
20:02:12.318 [main] DEBUG karate.org.apache.http.wire - http-outgoing-1 << "          "HourId": 6,[\n]"
20:02:12.318 [main] DEBUG karate.org.apache.http.wire - http-outgoing-1 << "          "ParentId": 1,[\n]"
20:02:12.319 [main] DEBUG karate.org.apache.http.wire - http-outgoing-1 << "          "DayOfWeek": "Saturday",[\n]"
20:02:12.319 [main] DEBUG karate.org.apache.http.wire - http-outgoing-1 << "          "OpenTime": null,[\n]"
20:02:12.319 [main] DEBUG karate.org.apache.http.wire - http-outgoing-1 << "          "CloseTime": null,[\n]"
20:02:12.319 [main] DEBUG karate.org.apache.http.wire - http-outgoing-1 << "          "Comments": null,[\n]"
20:02:12.319 [main] DEBUG karate.org.apache.http.wire - http-outgoing-1 << "          "IsClosed": true[\n]"
20:02:12.319 [main] DEBUG karate.org.apache.http.wire - http-outgoing-1 << "        },[\n]"
20:02:12.320 [main] DEBUG karate.org.apache.http.wire - http-outgoing-1 << "        {[\n]"
20:02:12.320 [main] DEBUG karate.org.apache.http.wire - http-outgoing-1 << "          "HourId": 7,[\n]"
20:02:12.320 [main] DEBUG karate.org.apache.http.wire - http-outgoing-1 << "          "ParentId": 1,[\n]"
20:02:12.320 [main] DEBUG karate.org.apache.http.wire - http-outgoing-1 << "          "DayOfWeek": "Sunday",[\n]"
20:02:12.320 [main] DEBUG karate.org.apache.http.wire - http-outgoing-1 << "          "OpenTime": null,[\n]"
20:02:12.320 [main] DEBUG karate.org.apache.http.wire - http-outgoing-1 << "          "CloseTime": null,[\n]"
20:02:12.320 [main] DEBUG karate.org.apache.http.wire - http-outgoing-1 << "          "Comments": null,[\n]"
20:02:12.320 [main] DEBUG karate.org.apache.http.wire - http-outgoing-1 << "          "IsClosed"
20:02:12.320 [main] DEBUG karate.org.apache.http.wire - http-outgoing-1 << "": true[\n]"
20:02:12.320 [main] DEBUG karate.org.apache.http.wire - http-outgoing-1 << "        }[\n]"
20:02:12.320 [main] DEBUG karate.org.apache.http.wire - http-outgoing-1 << "      ],[\n]"
20:02:12.320 [main] DEBUG karate.org.apache.http.wire - http-outgoing-1 << "      "ContactInfo": [[\n]"
20:02:12.320 [main] DEBUG karate.org.apache.http.wire - http-outgoing-1 << "        {[\n]"
20:02:12.320 [main] DEBUG karate.org.apache.http.wire - http-outgoing-1 << "          "ContactInfoId": 1,[\n]"
20:02:12.320 [main] DEBUG karate.org.apache.http.wire - http-outgoing-1 << "          "BranchId": 1,[\n]"
20:02:12.320 [main] DEBUG karate.org.apache.http.wire - http-outgoing-1 << "          "ContactInfoValue": "780.875.4434",[\n]"
20:02:12.320 [main] DEBUG karate.org.apache.http.wire - http-outgoing-1 << "          "ContactDescription": null,[\n]"
20:02:12.320 [main] DEBUG karate.org.apache.http.wire - http-outgoing-1 << "          "ContactInfoTypeId": 0,[\n]"
20:02:12.320 [main] DEBUG karate.org.apache.http.wire - http-outgoing-1 << "          "ContactInfoType": {[\n]"
20:02:12.320 [main] DEBUG karate.org.apache.http.wire - http-outgoing-1 << "            "ContactInfoTypeId": 1,[\n]"
20:02:12.320 [main] DEBUG karate.org.apache.http.wire - http-outgoing-1 << "            "ContactInfoTypeDesc": "Main Phone"[\n]"
20:02:12.320 [main] DEBUG karate.org.apache.http.wire - http-outgoing-1 << "          }[\n]"
20:02:12.321 [main] DEBUG karate.org.apache.http.wire - http-outgoing-1 << "        },[\n]"
20:02:12.321 [main] DEBUG karate.org.apache.http.wire - http-outgoing-1 << "        {[\n]"
20:02:12.321 [main] DEBUG karate.org.apache.http.wire - http-outgoing-1 << "          "ContactInfoId": 104,[\n]"
20:02:12.321 [main] DEBUG karate.org.apache.http.wire - http-outgoing-1 << "          "BranchId": 1,[\n]"
20:02:12.321 [main] DEBUG karate.org.apache.http.wire - http-outgoing-1 << "          "ContactInfoValue": "780.808.4777",[\n]"
20:02:12.321 [main] DEBUG karate.org.apache.http.wire - http-outgoing-1 << "          "ContactDescription": null,[\n]"
20:02:12.321 [main] DEBUG karate.org.apache.http.wire - http-outgoing-1 << "          "ContactInfoTypeId": 0,[\n]"
20:02:12.321 [main] DEBUG karate.org.apache.http.wire - http-outgoing-1 << "          "ContactInfoType": {[\n]"
20:02:12.321 [main] DEBUG karate.org.apache.http.wire - http-outgoing-1 << "            "ContactInfoTypeId": 3,[\n]"
20:02:12.321 [main] DEBUG karate.org.apache.http.wire - http-outgoing-1 << "            "ContactInfoTypeDesc": "Main Fax"[\n]"
20:02:12.321 [main] DEBUG karate.org.apache.http.wire - http-outgoing-1 << "          }[\n]"
20:02:12.321 [main] DEBUG karate.org.apache.http.wire - http-outgoing-1 << "        },[\n]"
20:02:12.321 [main] DEBUG karate.org.apache.http.wire - http-outgoing-1 << "        {[\n]"
20:02:12.321 [main] DEBUG karate.org.apache.http.wire - http-outgoing-1 << "          "ContactInfoId": 222,[\n]"
20:02:12.321 [main] DEBUG karate.org.apache.http.wire - http-outgoing-1 << "          "BranchId": 1,[\n]"
20:02:12.321 [main] DEBUG karate.org.apache.http.wire - http-outgoing-1 << "          "ContactInfoValue": "877.606.6333",[\n]"
20:02:12.321 [main] DEBUG karate.org.apache.http.wire - http-outgoing-1 << "          "ContactDescription": null,[\n]"
20:02:12.321 [main] DEBUG karate.org.apache.http.wire - http-outgoing-1 << "          "ContactInfoTypeId": 0,[\n]"
20:02:12.321 [main] DEBUG karate.org.apache.http.wire - http-outgoing-1 << "          "ContactInfoType": {[\n]"
20:02:12.321 [main] DEBUG karate.org.apache.http.wire - http-outgoing-1 << "            "ContactInfoTypeId": 2,[\n]"
20:02:12.321 [main] DEBUG karate.org.apache.http.wire - http-outgoing-1 << "            "ContactInfoTypeDesc": "Other Phone"[\n]"
20:02:12.321 [main] DEBUG karate.org.apache.http.wire - http-outgoing-1 << "          }[\n]"
20:02:12.321 [main] DEBUG karate.org.apache.http.wire - http-outgoing-1 << "        },[\n]"
20:02:12.321 [main] DEBUG karate.org.apache.http.wire - http-outgoing-1 << "        "
20:02:12.322 [main] DEBUG karate.org.apache.http.wire - http-outgoing-1 << "{[\n]"
20:02:12.322 [main] DEBUG karate.org.apache.http.wire - http-outgoing-1 << "          "ContactInfoId": 223,[\n]"
20:02:12.322 [main] DEBUG karate.org.apache.http.wire - http-outgoing-1 << "          "BranchId": 1,[\n]"
20:02:12.322 [main] DEBUG karate.org.apache.http.wire - http-outgoing-1 << "          "ContactInfoValue": "4999",[\n]"
20:02:12.322 [main] DEBUG karate.org.apache.http.wire - http-outgoing-1 << "          "ContactDescription": "Access Code - Legacy CWCU",[\n]"
20:02:12.322 [main] DEBUG karate.org.apache.http.wire - http-outgoing-1 << "          "ContactInfoTypeId": 0,[\n]"
20:02:12.322 [main] DEBUG karate.org.apache.http.wire - http-outgoing-1 << "          "ContactInfoType": {[\n]"
20:02:12.322 [main] DEBUG karate.org.apache.http.wire - http-outgoing-1 << "            "ContactInfoTypeId": 2,[\n]"
20:02:12.322 [main] DEBUG karate.org.apache.http.wire - http-outgoing-1 << "            "ContactInfoTypeDesc": "Other Phone"[\n]"
20:02:12.322 [main] DEBUG karate.org.apache.http.wire - http-outgoing-1 << "          }[\n]"
20:02:12.322 [main] DEBUG karate.org.apache.http.wire - http-outgoing-1 << "        },[\n]"
20:02:12.322 [main] DEBUG karate.org.apache.http.wire - http-outgoing-1 << "        {[\n]"
20:02:12.322 [main] DEBUG karate.org.apache.http.wire - http-outgoing-1 << "          "ContactInfoId": 299,[\n]"
20:02:12.322 [main] DEBUG karate.org.apache.http.wire - http-outgoing-1 << "          "BranchId": 1,[\n]"
20:02:12.322 [main] DEBUG karate.org.apache.http.wire - http-outgoing-1 << "          "ContactInfoValue": "AtriumCenterBranchManagement@servus.ca",[\n]"
20:02:12.322 [main] DEBUG karate.org.apache.http.wire - http-outgoing-1 << "          "ContactDescription": null,[\n]"
20:02:12.322 [main] DEBUG karate.org.apache.http.wire - http-outgoing-1 << "          "ContactInfoTypeId": 0,[\n]"
20:02:12.322 [main] DEBUG karate.org.apache.http.wire - http-outgoing-1 << "          "ContactInfoType": {[\n]"
20:02:12.322 [main] DEBUG karate.org.apache.http.wire - http-outgoing-1 << "            "ContactInfoTypeId": 5,[\n]"
20:02:12.322 [main] DEBUG karate.org.apache.http.wire - http-outgoing-1 << "            "ContactInfoTypeDesc": "Main Email"[\n]"
20:02:12.322 [main] DEBUG karate.org.apache.http.wire - http-outgoing-1 << "          }[\n]"
20:02:12.323 [main] DEBUG karate.org.apache.http.wire - http-outgoing-1 << "        },[\n]"
20:02:12.323 [main] DEBUG karate.org.apache.http.wire - http-outgoing-1 << "        {[\n]"
20:02:12.323 [main] DEBUG karate.org.apache.http.wire - http-outgoing-1 << "          "ContactInfoId": 423,[\n]"
20:02:12.323 [main] DEBUG karate.org.apache.http.wire - http-outgoing-1 << "          "BranchId": 1,[\n]"
20:02:12.323 [main] DEBUG karate.org.apache.http.wire - http-outgoing-1 << "          "ContactInfoValue": "780.808.4745",[\n]"
20:02:12.323 [main] DEBUG karate.org.apache.http.wire - http-outgoing-1 << "          "ContactDescription": null,[\n]"
20:02:12.323 [main] DEBUG karate.org.apache.http.wire - http-outgoing-1 << "          "ContactInfoTypeId": 0,[\n]"
20:02:12.323 [main] DEBUG karate.org.apache.http.wire - http-outgoing-1 << "          "ContactInfoType": {[\n]"
20:02:12.323 [main] DEBUG karate.org.apache.http.wire - http-outgoing-1 << "            "ContactInfoTypeId": 7,[\n]"
20:02:12.323 [main] DEBUG karate.org.apache.http.wire - http-outgoing-1 << "            "ContactInfoTypeDesc": "Direct Line"[\n]"
20:02:12.323 [main] DEBUG karate.org.apache.http.wire - http-outgoing-1 << "          }[\n]"
20:02:12.323 [main] DEBUG karate.org.apache.http.wire - http-outgoing-1 << "        },[\n]"
20:02:12.323 [main] DEBUG karate.org.apache.http.wire - http-outgoing-1 << "        {[\n]"
20:02:12.323 [main] DEBUG karate.org.apache.http.wire - http-outgoing-1 << "          "
20:02:12.323 [main] DEBUG karate.org.apache.http.wire - http-outgoing-1 << ""ContactInfoId": 2608,[\n]"
20:02:12.324 [main] DEBUG karate.org.apache.http.wire - http-outgoing-1 << "          "BranchId": 1,[\n]"
20:02:12.324 [main] DEBUG karate.org.apache.http.wire - http-outgoing-1 << "          "ContactInfoValue": "https://branchdirectory.preprod.prv/Admin/EditBranch/1",[\n]"
20:02:12.324 [main] DEBUG karate.org.apache.http.wire - http-outgoing-1 << "          "ContactDescription": "Test case ",[\n]"
20:02:12.324 [main] DEBUG karate.org.apache.http.wire - http-outgoing-1 << "          "ContactInfoTypeId": 0,[\n]"
20:02:12.324 [main] DEBUG karate.org.apache.http.wire - http-outgoing-1 << "          "ContactInfoType": {[\n]"
20:02:12.324 [main] DEBUG karate.org.apache.http.wire - http-outgoing-1 << "            "ContactInfoTypeId": 8,[\n]"
20:02:12.324 [main] DEBUG karate.org.apache.http.wire - http-outgoing-1 << "            "ContactInfoTypeDesc": "Appointment Booking - Retail"[\n]"
20:02:12.324 [main] DEBUG karate.org.apache.http.wire - http-outgoing-1 << "          }[\n]"
20:02:12.324 [main] DEBUG karate.org.apache.http.wire - http-outgoing-1 << "        }[\n]"
20:02:12.324 [main] DEBUG karate.org.apache.http.wire - http-outgoing-1 << "      ][\n]"
20:02:12.324 [main] DEBUG karate.org.apache.http.wire - http-outgoing-1 << "    },[\n]"
20:02:12.324 [main] DEBUG karate.org.apache.http.wire - http-outgoing-1 << "    {[\n]"
20:02:12.324 [main] DEBUG karate.org.apache.http.wire - http-outgoing-1 << "      "Region": "Northeast",[\n]"
20:02:12.324 [main] DEBUG karate.org.apache.http.wire - http-outgoing-1 << "      "BranchNumber": 177,[\n]"
20:02:12.324 [main] DEBUG karate.org.apache.http.wire - http-outgoing-1 << "      "BranchName": "18th Street Crossing",[\n]"
20:02:12.324 [main] DEBUG karate.org.apache.http.wire - http-outgoing-1 << "      "BranchAddress": "5009 - 18 Street",[\n]"
20:02:12.324 [main] DEBUG karate.org.apache.http.wire - http-outgoing-1 << "      "City": "Lloydminster",[\n]"
20:02:12.324 [main] DEBUG karate.org.apache.http.wire - http-outgoing-1 << "      "TransitNumber": "60199-899",[\n]"
20:02:12.324 [main] DEBUG karate.org.apache.http.wire - http-outgoing-1 << "      "CommunityCityName": "Lloydminster",[\n]"
20:02:12.324 [main] DEBUG karate.org.apache.http.wire - http-outgoing-1 << "      "LocationType": {[\n]"
20:02:12.324 [main] DEBUG karate.org.apache.http.wire - http-outgoing-1 << "        "LocationTypeId": 1,[\n]"
20:02:12.324 [main] DEBUG karate.org.apache.http.wire - http-outgoing-1 << "        "LocationTypeName": "Branch"[\n]"
20:02:12.324 [main] DEBUG karate.org.apache.http.wire - http-outgoing-1 << "      },[\n]"
20:02:12.324 [main] DEBUG karate.org.apache.http.wire - http-outgoing-1 << "      "BranchId": 2,[\n]"
20:02:12.328 [main] DEBUG karate.org.apache.http.wire - http-outgoing-1 << "      "RegionId": 1,[\n]"
20:02:12.328 [main] DEBUG karate.org.apache.http.wire - http-outgoing-1 << "      "Bin": 603164,[\n]"
20:02:12.328 [main] DEBUG karate.org.apache.http.wire - http-outgoing-1 << "      "BranchManager": "Allysa Squire",[\n]"
20:02:12.328 [main] DEBUG karate.org.apache.http.wire - http-outgoing-1 << "      "MailingAddress": "5009 - 18 Street",[\n]"
20:02:12.328 [main] DEBUG karate.org.apache.http.wire - http-outgoing-1 << "      "PostalCode": "T9V 2G7",[\n]"
20:02:12.328 [main] DEBUG karate.org.apache.http.wire - http-outgoing-1 << "      "Latitude": "53.2536594",[\n]"
20:02:12.328 [main] DEBUG karate.org.apache.http.wire - http-outgoing-1 << "      "Longitude": "-110.0057391",[\n]"
20:02:12.328 [main] DEBUG karate.org.apache.http.wire - http-outgoing-1 << "      "Notes": null,[\n]"
20:02:12.328 [main] DEBUG karate.org.apache.http.wire - http-outgoing-1 << "      "IsActive"
20:02:12.328 [main] DEBUG karate.org.apache.http.wire - http-outgoing-1 << "": true,[\n]"
20:02:12.329 [main] DEBUG karate.org.apache.http.wire - http-outgoing-1 << "      "BranchServices": [[\n]"
20:02:12.329 [main] DEBUG karate.org.apache.http.wire - http-outgoing-1 << "        {[\n]"
20:02:12.329 [main] DEBUG karate.org.apache.http.wire - http-outgoing-1 << "          "ServiceId": 368,[\n]"
20:02:12.329 [main] DEBUG karate.org.apache.http.wire - http-outgoing-1 << "          "ParentId": 2,[\n]"
20:02:12.329 [main] DEBUG karate.org.apache.http.wire - http-outgoing-1 << "          "ServiceTypeId": 5,[\n]"
20:02:12.329 [main] DEBUG karate.org.apache.http.wire - http-outgoing-1 << "          "ServiceValue": false,[\n]"
20:02:12.329 [main] DEBUG karate.org.apache.http.wire - http-outgoing-1 << "          "ServiceTypeCode": "CommercialServices",[\n]"
20:02:12.329 [main] DEBUG karate.org.apache.http.wire - http-outgoing-1 << "          "ServiceTypeTitle": "Commercial Services",[\n]"
20:02:12.329 [main] DEBUG karate.org.apache.http.wire - http-outgoing-1 << "          "ServiceTypeDesc": "Has Commercial Service?"[\n]"
20:02:12.329 [main] DEBUG karate.org.apache.http.wire - http-outgoing-1 << "        },[\n]"
20:02:12.329 [main] DEBUG karate.org.apache.http.wire - http-outgoing-1 << "        {[\n]"
20:02:12.329 [main] DEBUG karate.org.apache.http.wire - http-outgoing-1 << "          "ServiceId": 455,[\n]"
20:02:12.329 [main] DEBUG karate.org.apache.http.wire - http-outgoing-1 << "          "ParentId": 2,[\n]"
20:02:12.329 [main] DEBUG karate.org.apache.http.wire - http-outgoing-1 << "          "ServiceTypeId": 1,[\n]"
20:02:12.329 [main] DEBUG karate.org.apache.http.wire - http-outgoing-1 << "          "ServiceValue": true,[\n]"
20:02:12.329 [main] DEBUG karate.org.apache.http.wire - http-outgoing-1 << "          "ServiceTypeCode": "WheelChairAccess",[\n]"
20:02:12.329 [main] DEBUG karate.org.apache.http.wire - http-outgoing-1 << "          "ServiceTypeTitle": "WheelChair Access",[\n]"
20:02:12.330 [main] DEBUG karate.org.apache.http.wire - http-outgoing-1 << "          "ServiceTypeDesc": "Has WheelChair Access?"[\n]"
20:02:12.331 [main] DEBUG karate.org.apache.http.wire - http-outgoing-1 << "        },[\n]"
20:02:12.331 [main] DEBUG karate.org.apache.http.wire - http-outgoing-1 << "        {[\n]"
20:02:12.331 [main] DEBUG karate.org.apache.http.wire - http-outgoing-1 << "          "ServiceId": 621,[\n]"
20:02:12.331 [main] DEBUG karate.org.apache.http.wire - http-outgoing-1 << "          "ParentId": 2,[\n]"
20:02:12.331 [main] DEBUG karate.org.apache.http.wire - http-outgoing-1 << "          "ServiceTypeId": 3,[\n]"
20:02:12.331 [main] DEBUG karate.org.apache.http.wire - http-outgoing-1 << "          "ServiceValue": true,[\n]"
20:02:12.331 [main] DEBUG karate.org.apache.http.wire - http-outgoing-1 << "          "ServiceTypeCode": "WealthManagement",[\n]"
20:02:12.332 [main] DEBUG karate.org.apache.http.wire - http-outgoing-1 << "          "ServiceTypeTitle": "Wealth Management",[\n]"
20:02:12.332 [main] DEBUG karate.org.apache.http.wire - http-outgoing-1 << "          "ServiceTypeDesc": "Has Wealth Management?"[\n]"
20:02:12.332 [main] DEBUG karate.org.apache.http.wire - http-outgoing-1 << "        },[\n]"
20:02:12.332 [main] DEBUG karate.org.apache.http.wire - http-outgoing-1 << "        {[\n]"
20:02:12.332 [main] DEBUG karate.org.apache.http.wire - http-outgoing-1 << "          "ServiceId": 635,[\n]"
20:02:12.332 [main] DEBUG karate.org.apache.http.wire - http-outgoing-1 << "          "ParentId": 2,[\n]"
20:02:12.332 [main] DEBUG karate.org.apache.http.wire - http-outgoing-1 << "          "ServiceTypeId": 2,[\n]"
20:02:12.332 [main] DEBUG karate.org.apache.http.wire - http-outgoing-1 << "          "ServiceVa"
20:02:12.332 [main] DEBUG karate.org.apache.http.wire - http-outgoing-1 << "lue": false,[\n]"
20:02:12.332 [main] DEBUG karate.org.apache.http.wire - http-outgoing-1 << "          "ServiceTypeCode": "VideoConference",[\n]"
20:02:12.332 [main] DEBUG karate.org.apache.http.wire - http-outgoing-1 << "          "ServiceTypeTitle": "Video Conference",[\n]"
20:02:12.332 [main] DEBUG karate.org.apache.http.wire - http-outgoing-1 << "          "ServiceTypeDesc": "Has Video Conference?"[\n]"
20:02:12.332 [main] DEBUG karate.org.apache.http.wire - http-outgoing-1 << "        },[\n]"
20:02:12.332 [main] DEBUG karate.org.apache.http.wire - http-outgoing-1 << "        {[\n]"
20:02:12.332 [main] DEBUG karate.org.apache.http.wire - http-outgoing-1 << "          "ServiceId": 702,[\n]"
20:02:12.332 [main] DEBUG karate.org.apache.http.wire - http-outgoing-1 << "          "ParentId": 2,[\n]"
20:02:12.332 [main] DEBUG karate.org.apache.http.wire - http-outgoing-1 << "          "ServiceTypeId": 6,[\n]"
20:02:12.332 [main] DEBUG karate.org.apache.http.wire - http-outgoing-1 << "          "ServiceValue": false,[\n]"
20:02:12.332 [main] DEBUG karate.org.apache.http.wire - http-outgoing-1 << "          "ServiceTypeCode": "FinancialPlanning",[\n]"
20:02:12.332 [main] DEBUG karate.org.apache.http.wire - http-outgoing-1 << "          "ServiceTypeTitle": "Financial Planning",[\n]"
20:02:12.332 [main] DEBUG karate.org.apache.http.wire - http-outgoing-1 << "          "ServiceTypeDesc": "Has Financial Planning?"[\n]"
20:02:12.332 [main] DEBUG karate.org.apache.http.wire - http-outgoing-1 << "        },[\n]"
20:02:12.332 [main] DEBUG karate.org.apache.http.wire - http-outgoing-1 << "        {[\n]"
20:02:12.332 [main] DEBUG karate.org.apache.http.wire - http-outgoing-1 << "          "ServiceId": 828,[\n]"
20:02:12.332 [main] DEBUG karate.org.apache.http.wire - http-outgoing-1 << "          "ParentId": 2,[\n]"
20:02:12.332 [main] DEBUG karate.org.apache.http.wire - http-outgoing-1 << "          "ServiceTypeId": 4,[\n]"
20:02:12.332 [main] DEBUG karate.org.apache.http.wire - http-outgoing-1 << "          "ServiceValue": false,[\n]"
20:02:12.332 [main] DEBUG karate.org.apache.http.wire - http-outgoing-1 << "          "ServiceTypeCode": "InsuranceOffice",[\n]"
20:02:12.332 [main] DEBUG karate.org.apache.http.wire - http-outgoing-1 << "          "ServiceTypeTitle": "Insurance Office",[\n]"
20:02:12.332 [main] DEBUG karate.org.apache.http.wire - http-outgoing-1 << "          "ServiceTypeDesc": "Has Insurance Office?"[\n]"
20:02:12.332 [main] DEBUG karate.org.apache.http.wire - http-outgoing-1 << "        },[\n]"
20:02:12.332 [main] DEBUG karate.org.apache.http.wire - http-outgoing-1 << "        {[\n]"
20:02:12.332 [main] DEBUG karate.org.apache.http.wire - http-outgoing-1 << "          "ServiceId": 888,[\n]"
20:02:12.332 [main] DEBUG karate.org.apache.http.wire - http-outgoing-1 << "          "ParentId": 2,[\n]"
20:02:12.332 [main] DEBUG karate.org.apache.http.wire - http-outgoing-1 << "          "ServiceTypeId": 7,[\n]"
20:02:12.332 [main] DEBUG karate.org.apache.http.wire - http-outgoing-1 << "          "ServiceValue": true,[\n]"
20:02:12.332 [main] DEBUG karate.org.apache.http.wire - http-outgoing-1 << "          "ServiceTypeCode": "Chequesource",[\n]"
20:02:12.332 [main] DEBUG karate.org.apache.http.wire - http-outgoing-1 << "          "ServiceTypeTitle": "Cheque Source",[\n]"
20:02:12.332 [main] DEBUG karate.org.apache.http.wire - http-outgoing-1 << "          "ServiceTypeDesc": "Has Cheque Source?"[\n]"
20:02:12.332 [main] DEBUG karate.org.apache.http.wire - http-outgoing-1 << "        }[\n]"
20:02:12.332 [main] DEBUG karate.org.apache.http.wire - http-outgoing-1 << "      ],[\n]"
20:02:12.332 [main] DEBUG karate.org.apache.http.wire - http-outgoing-1 << "      "ATMs": [[\n]"
20:02:12.332 [main] DEBUG karate.org.apache.http.wire - http-outgoing-1 << "        {[\n]"
20:02:12.333 [main] DEBUG karate.org.apache.http.wire - http-outgoing-1 << "          "ATMMake": {[\n]"
20:02:12.333 [main] DEBUG karate.org.apache.http.wire - http-outgoing-1 << "            "ATMMakeId": 2,[\n]"
20:02:12.333 [main] DEBUG karate.org.apache.http.wire - http-outgoing-1 << "            "MakeBrand": "NCR"[\n]"
20:02:12.333 [main] DEBUG karate.org.apache.http.wire - http-outgoing-1 << "          },[\n]"
20:02:12.333 [main] DEBUG karate.org.apache.http.wire - http-outgoing-1 << "          "LockMake": {[\n]"
20:02:12.333 [main] DEBUG karate.org.apache.http.wire - http-outgoing-1 << "            "LockMakeId": 2,[\n]"
20:02:12.333 [main] DEBUG karate.org.apache.http.wire - http-outgoing-1 << "            "LockBrand": "S & G"[\n]"
20:02:12.333 [main] DEBUG karate.org.apache.http.wire - http-outgoing-1 << "          },[\n]"
20:02:12.333 [main] DEBUG karate.org.apache.http.wire - http-outgoing-1 << "          "Branch": null,[\n]"
20:02:12.333 [main] DEBUG karate.org.apache.http.wire - http-outgoing-1 << "          "ATMHours": [[\n]"
20:02:12.333 [main] DEBUG karate.org.apache.http.wire - http-outgoing-1 << "            {[\n]"
20:02:12.333 [main] DEBUG karate.org.apache.http.wire - http-outgoing-1 << "              "HourId": 1471,[\n]"
20:02:12.333 [main] DEBUG karate.org.apache.http.wire - http-outgoing-1 << "              "ParentId": 2,[\n]"
20:02:12.333 [main] DEBUG karate.org.apache.http.wire - http-outgoing-1 << "              "DayOfWeek": null,[\n]"
20:02:12.333 [main] DEBUG karate.org.apache.http.wire - http-outgoing-1 << "              "OpenTime": null,[\n]"
20:02:12.333 [main] DEBUG karate.org.apache.http.wire - http-outgoing-1 << "              "CloseTime": null,[\n]"
20:02:12.333 [main] DEBUG karate.org.apache.http.wire - http-outgoing-1 << "              "Comments": null,[\n]"
20:02:12.333 [main] DEBUG karate.org.apache.http.wire - http-outgoing-1 << "              "IsClosed": true[\n]"
20:02:12.333 [main] DEBUG karate.org.apache.http.wire - http-outgoing-1 << "            },[\n]"
20:02:12.333 [main] DEBUG karate.org.apache.http.wire - http-outgoing-1 << "            {[\n]"
20:02:12.333 [main] DEBUG karate.org.apache.http.wire - http-outgoing-1 << "              "HourId": 1472,[\n]"
20:02:12.333 [main] DEBUG karate.org.apache.http.wire - http-outgoing-1 << "              "ParentId": 2,[\n]"
20:02:12.333 [main] DEBUG karate.org.apache.http.wire - http-outgoing-1 << "              "DayOfWeek": null,[\n]"
20:02:12.333 [main] DEBUG karate.org.apache.http.wire - http-outgoing-1 << "              "OpenTime": null,[\n]"
20:02:12.333 [main] DEBUG karate.org.apache.http.wire - http-outgoing-1 << "              "CloseTime": null,[\n]"
20:02:12.333 [main] DEBUG karate.org.apache.http.wire - http-outgoing-1 << "              "Comments": null,[\n]"
20:02:12.333 [main] DEBUG karate.org.apache.http.wire - http-outgoing-1 << "              "IsClosed": true[\n]"
20:02:12.333 [main] DEBUG karate.org.apache.http.wire - http-outgoing-1 << "            },[\n]"
20:02:12.333 [main] DEBUG karate.org.apache.http.wire - http-outgoing-1 << "            {[\n]"
20:02:12.333 [main] DEBUG karate.org.apache.http.wire - http-outgoing-1 << "              "HourId": 1473,[\n]"
20:02:12.333 [main] DEBUG karate.org.apache.http.wire - http-outgoing-1 << "              "ParentId": 2,[\n]"
20:02:12.333 [main] DEBUG karate.org.apache.http.wire - http-outgoing-1 << "              "DayOfWeek": null,[\n]"
20:02:12.333 [main] DEBUG karate.org.apache.http.wire - http-outgoing-1 << "              "OpenTime": null,[\n]"
20:02:12.333 [main] DEBUG karate.org.apache.http.wire - http-outgoing-1 << "              "CloseTime": null,[\n]"
20:02:12.333 [main] DEBUG karate.org.apache.http.wire - http-outgoing-1 << "              "Comments": null,[\n]"
20:02:12.333 [main] DEBUG karate.org.apache.http.wire - http-outgoing-1 << "              "IsClosed": true[\n]"
20:02:12.333 [main] DEBUG karate.org.apache.http.wire - http-outgoing-1 << "   "
20:02:12.333 [main] DEBUG karate.org.apache.http.wire - http-outgoing-1 << "         },[\n]"
20:02:12.333 [main] DEBUG karate.org.apache.http.wire - http-outgoing-1 << "            {[\n]"
20:02:12.333 [main] DEBUG karate.org.apache.http.wire - http-outgoing-1 << "              "HourId": 1474,[\n]"
20:02:12.333 [main] DEBUG karate.org.apache.http.wire - http-outgoing-1 << "              "ParentId": 2,[\n]"
20:02:12.333 [main] DEBUG karate.org.apache.http.wire - http-outgoing-1 << "              "DayOfWeek": null,[\n]"
20:02:12.333 [main] DEBUG karate.org.apache.http.wire - http-outgoing-1 << "              "OpenTime": null,[\n]"
20:02:12.333 [main] DEBUG karate.org.apache.http.wire - http-outgoing-1 << "              "CloseTime": null,[\n]"
20:02:12.333 [main] DEBUG karate.org.apache.http.wire - http-outgoing-1 << "              "Comments": null,[\n]"
20:02:12.333 [main] DEBUG karate.org.apache.http.wire - http-outgoing-1 << "              "IsClosed": true[\n]"
20:02:12.333 [main] DEBUG karate.org.apache.http.wire - http-outgoing-1 << "            },[\n]"
20:02:12.333 [main] DEBUG karate.org.apache.http.wire - http-outgoing-1 << "            {[\n]"
20:02:12.333 [main] DEBUG karate.org.apache.http.wire - http-outgoing-1 << "              "HourId": 1475,[\n]"
20:02:12.333 [main] DEBUG karate.org.apache.http.wire - http-outgoing-1 << "              "ParentId": 2,[\n]"
20:02:12.333 [main] DEBUG karate.org.apache.http.wire - http-outgoing-1 << "              "DayOfWeek": null,[\n]"
20:02:12.333 [main] DEBUG karate.org.apache.http.wire - http-outgoing-1 << "              "OpenTime": null,[\n]"
20:02:12.333 [main] DEBUG karate.org.apache.http.wire - http-outgoing-1 << "              "CloseTime": null,[\n]"
20:02:12.333 [main] DEBUG karate.org.apache.http.wire - http-outgoing-1 << "              "Comments": null,[\n]"
20:02:12.333 [main] DEBUG karate.org.apache.http.wire - http-outgoing-1 << "              "IsClosed": true[\n]"
20:02:12.333 [main] DEBUG karate.org.apache.http.wire - http-outgoing-1 << "            },[\n]"
20:02:12.333 [main] DEBUG karate.org.apache.http.wire - http-outgoing-1 << "            {[\n]"
20:02:12.333 [main] DEBUG karate.org.apache.http.wire - http-outgoing-1 << "              "HourId": 1476,[\n]"
20:02:12.333 [main] DEBUG karate.org.apache.http.wire - http-outgoing-1 << "              "ParentId": 2,[\n]"
20:02:12.333 [main] DEBUG karate.org.apache.http.wire - http-outgoing-1 << "              "DayOfWeek": null,[\n]"
20:02:12.333 [main] DEBUG karate.org.apache.http.wire - http-outgoing-1 << "              "OpenTime": null,[\n]"
20:02:12.333 [main] DEBUG karate.org.apache.http.wire - http-outgoing-1 << "              "CloseTime": null,[\n]"
20:02:12.333 [main] DEBUG karate.org.apache.http.wire - http-outgoing-1 << "              "Comments": null,[\n]"
20:02:12.333 [main] DEBUG karate.org.apache.http.wire - http-outgoing-1 << "              "IsClosed": true[\n]"
20:02:12.333 [main] DEBUG karate.org.apache.http.wire - http-outgoing-1 << "            },[\n]"
20:02:12.333 [main] DEBUG karate.org.apache.http.wire - http-outgoing-1 << "            {[\n]"
20:02:12.333 [main] DEBUG karate.org.apache.http.wire - http-outgoing-1 << "              "HourId": 1477,[\n]"
20:02:12.333 [main] DEBUG karate.org.apache.http.wire - http-outgoing-1 << "              "ParentId": 2,[\n]"
20:02:12.333 [main] DEBUG karate.org.apache.http.wire - http-outgoing-1 << "              "DayOfWeek": null,[\n]"
20:02:12.333 [main] DEBUG karate.org.apache.http.wire - http-outgoing-1 << "              "OpenTime": null,[\n]"
20:02:12.333 [main] DEBUG karate.org.apache.http.wire - http-outgoing-1 << "              "CloseTime": null,[\n]"
20:02:12.333 [main] DEBUG karate.org.apache.http.wire - http-outgoing-1 << "              "Comments": null,[\n]"
20:02:12.333 [main] DEBUG karate.org.apache.http.wire - http-outgoing-1 << "              "IsClosed": true[\n]"
20:02:12.333 [main] DEBUG karate.org.apache.http.wire - http-outgoing-1 << "            }[\n]"
20:02:12.333 [main] DEBUG karate.org.apache.http.wire - http-outgoing-1 << "          ],[\n]"
20:02:12.333 [main] DEBUG karate.org.apache.http.wire - http-outgoing-1 << "    "
20:02:12.333 [main] DEBUG karate.org.apache.http.wire - http-outgoing-1 << "      "ATMServices": [[\n]"
20:02:12.333 [main] DEBUG karate.org.apache.http.wire - http-outgoing-1 << "            {[\n]"
20:02:12.333 [main] DEBUG karate.org.apache.http.wire - http-outgoing-1 << "              "ServiceId": 5,[\n]"
20:02:12.333 [main] DEBUG karate.org.apache.http.wire - http-outgoing-1 << "              "ParentId": 2,[\n]"
20:02:12.333 [main] DEBUG karate.org.apache.http.wire - http-outgoing-1 << "              "ServiceTypeId": 8,[\n]"
20:02:12.333 [main] DEBUG karate.org.apache.http.wire - http-outgoing-1 << "              "ServiceValue": true,[\n]"
20:02:12.333 [main] DEBUG karate.org.apache.http.wire - http-outgoing-1 << "              "ServiceTypeCode": "DriveThru",[\n]"
20:02:12.333 [main] DEBUG karate.org.apache.http.wire - http-outgoing-1 << "              "ServiceTypeTitle": "Drive Thru",[\n]"
20:02:12.333 [main] DEBUG karate.org.apache.http.wire - http-outgoing-1 << "              "ServiceTypeDesc": "Has DriveThru?"[\n]"
20:02:12.333 [main] DEBUG karate.org.apache.http.wire - http-outgoing-1 << "            },[\n]"
20:02:12.333 [main] DEBUG karate.org.apache.http.wire - http-outgoing-1 << "            {[\n]"
20:02:12.333 [main] DEBUG karate.org.apache.http.wire - http-outgoing-1 << "              "ServiceId": 6,[\n]"
20:02:12.333 [main] DEBUG karate.org.apache.http.wire - http-outgoing-1 << "              "ParentId": 2,[\n]"
20:02:12.333 [main] DEBUG karate.org.apache.http.wire - http-outgoing-1 << "              "ServiceTypeId": 9,[\n]"
20:02:12.333 [main] DEBUG karate.org.apache.http.wire - http-outgoing-1 << "              "ServiceValue": true,[\n]"
20:02:12.333 [main] DEBUG karate.org.apache.http.wire - http-outgoing-1 << "              "ServiceTypeCode": "Camera",[\n]"
20:02:12.333 [main] DEBUG karate.org.apache.http.wire - http-outgoing-1 << "              "ServiceTypeTitle": "Camera",[\n]"
20:02:12.334 [main] DEBUG karate.org.apache.http.wire - http-outgoing-1 << "              "ServiceTypeDesc": "Has Camera?"[\n]"
20:02:12.334 [main] DEBUG karate.org.apache.http.wire - http-outgoing-1 << "            },[\n]"
20:02:12.334 [main] DEBUG karate.org.apache.http.wire - http-outgoing-1 << "            {[\n]"
20:02:12.334 [main] DEBUG karate.org.apache.http.wire - http-outgoing-1 << "              "ServiceId": 7,[\n]"
20:02:12.334 [main] DEBUG karate.org.apache.http.wire - http-outgoing-1 << "              "ParentId": 2,[\n]"
20:02:12.334 [main] DEBUG karate.org.apache.http.wire - http-outgoing-1 << "              "ServiceTypeId": 10,[\n]"
20:02:12.334 [main] DEBUG karate.org.apache.http.wire - http-outgoing-1 << "              "ServiceValue": true,[\n]"
20:02:12.334 [main] DEBUG karate.org.apache.http.wire - http-outgoing-1 << "              "ServiceTypeCode": "FullService",[\n]"
20:02:12.334 [main] DEBUG karate.org.apache.http.wire - http-outgoing-1 << "              "ServiceTypeTitle": "Full Service",[\n]"
20:02:12.334 [main] DEBUG karate.org.apache.http.wire - http-outgoing-1 << "              "ServiceTypeDesc": "Is Full Service?"[\n]"
20:02:12.334 [main] DEBUG karate.org.apache.http.wire - http-outgoing-1 << "            },[\n]"
20:02:12.334 [main] DEBUG karate.org.apache.http.wire - http-outgoing-1 << "            {[\n]"
20:02:12.334 [main] DEBUG karate.org.apache.http.wire - http-outgoing-1 << "              "ServiceId": 8,[\n]"
20:02:12.334 [main] DEBUG karate.org.apache.http.wire - http-outgoing-1 << "              "ParentId": 2,[\n]"
20:02:12.334 [main] DEBUG karate.org.apache.http.wire - http-outgoing-1 << "              "ServiceTyp"
20:02:12.334 [main] DEBUG karate.org.apache.http.wire - http-outgoing-1 << "eId": 11,[\n]"
20:02:12.334 [main] DEBUG karate.org.apache.http.wire - http-outgoing-1 << "              "ServiceValue": true,[\n]"
20:02:12.334 [main] DEBUG karate.org.apache.http.wire - http-outgoing-1 << "              "ServiceTypeCode": "24Hours",[\n]"
20:02:12.334 [main] DEBUG karate.org.apache.http.wire - http-outgoing-1 << "              "ServiceTypeTitle": "24 Hours",[\n]"
20:02:12.334 [main] DEBUG karate.org.apache.http.wire - http-outgoing-1 << "              "ServiceTypeDesc": "Is 24 Hours?"[\n]"
20:02:12.334 [main] DEBUG karate.org.apache.http.wire - http-outgoing-1 << "            },[\n]"
20:02:12.334 [main] DEBUG karate.org.apache.http.wire - http-outgoing-1 << "            {[\n]"
20:02:12.334 [main] DEBUG karate.org.apache.http.wire - http-outgoing-1 << "              "ServiceId": 3023,[\n]"
20:02:12.334 [main] DEBUG karate.org.apache.http.wire - http-outgoing-1 << "              "ParentId": 2,[\n]"
20:02:12.334 [main] DEBUG karate.org.apache.http.wire - http-outgoing-1 << "              "ServiceTypeId": 12,[\n]"
20:02:12.334 [main] DEBUG karate.org.apache.http.wire - http-outgoing-1 << "              "ServiceValue": true,[\n]"
20:02:12.334 [main] DEBUG karate.org.apache.http.wire - http-outgoing-1 << "              "ServiceTypeCode": "USDCurrency",[\n]"
20:02:12.334 [main] DEBUG karate.org.apache.http.wire - http-outgoing-1 << "              "ServiceTypeTitle": "USD Currency",[\n]"
20:02:12.334 [main] DEBUG karate.org.apache.http.wire - http-outgoing-1 << "              "ServiceTypeDesc": "Offers USD Currency?"[\n]"
20:02:12.334 [main] DEBUG karate.org.apache.http.wire - http-outgoing-1 << "            },[\n]"
20:02:12.334 [main] DEBUG karate.org.apache.http.wire - http-outgoing-1 << "            {[\n]"
20:02:12.334 [main] DEBUG karate.org.apache.http.wire - http-outgoing-1 << "              "ServiceId": 5023,[\n]"
20:02:12.334 [main] DEBUG karate.org.apache.http.wire - http-outgoing-1 << "              "ParentId": 2,[\n]"
20:02:12.334 [main] DEBUG karate.org.apache.http.wire - http-outgoing-1 << "              "ServiceTypeId": 1012,[\n]"
20:02:12.334 [main] DEBUG karate.org.apache.http.wire - http-outgoing-1 << "              "ServiceValue": false,[\n]"
20:02:12.334 [main] DEBUG karate.org.apache.http.wire - http-outgoing-1 << "              "ServiceTypeCode": "DepositAutomation",[\n]"
20:02:12.334 [main] DEBUG karate.org.apache.http.wire - http-outgoing-1 << "              "ServiceTypeTitle": "Deposit Automation",[\n]"
20:02:12.334 [main] DEBUG karate.org.apache.http.wire - http-outgoing-1 << "              "ServiceTypeDesc": "Offers Deposit Automation?"[\n]"
20:02:12.334 [main] DEBUG karate.org.apache.http.wire - http-outgoing-1 << "            }[\n]"
20:02:12.334 [main] DEBUG karate.org.apache.http.wire - http-outgoing-1 << "          ],[\n]"
20:02:12.334 [main] DEBUG karate.org.apache.http.wire - http-outgoing-1 << "          "ATMId": 2,[\n]"
20:02:12.334 [main] DEBUG karate.org.apache.http.wire - http-outgoing-1 << "          "ATMNumber": "A001N746",[\n]"
20:02:12.334 [main] DEBUG karate.org.apache.http.wire - http-outgoing-1 << "          "ATMName": "Lloydminster - 18th Street Crossing",[\n]"
20:02:12.334 [main] DEBUG karate.org.apache.http.wire - http-outgoing-1 << "          "ModelNumber": "6634",[\n]"
20:02:12.334 [main] DEBUG karate.org.apache.http.wire - http-outgoing-1 << "          "
20:02:12.334 [main] DEBUG karate.org.apache.http.wire - http-outgoing-1 << ""Notes": "\r\nBranch loads cash and process deposits",[\n]"
20:02:12.334 [main] DEBUG karate.org.apache.http.wire - http-outgoing-1 << "          "Brinks": "Branch",[\n]"
20:02:12.334 [main] DEBUG karate.org.apache.http.wire - http-outgoing-1 << "          "BalancedBy": "Rabia Pervaiz 08 Dec 2022",[\n]"
20:02:12.334 [main] DEBUG karate.org.apache.http.wire - http-outgoing-1 << "          "Cassette1": null,[\n]"
20:02:12.334 [main] DEBUG karate.org.apache.http.wire - http-outgoing-1 << "          "Cassette2": null,[\n]"
20:02:12.334 [main] DEBUG karate.org.apache.http.wire - http-outgoing-1 << "          "Cassette3": null,[\n]"
20:02:12.334 [main] DEBUG karate.org.apache.http.wire - http-outgoing-1 << "          "Cassette4": null[\n]"
20:02:12.334 [main] DEBUG karate.org.apache.http.wire - http-outgoing-1 << "        }[\n]"
20:02:12.334 [main] DEBUG karate.org.apache.http.wire - http-outgoing-1 << "      ],[\n]"
20:02:12.334 [main] DEBUG karate.org.apache.http.wire - http-outgoing-1 << "      "BranchHours": [[\n]"
20:02:12.334 [main] DEBUG karate.org.apache.http.wire - http-outgoing-1 << "        {[\n]"
20:02:12.334 [main] DEBUG karate.org.apache.http.wire - http-outgoing-1 << "          "HourId": 8,[\n]"
20:02:12.334 [main] DEBUG karate.org.apache.http.wire - http-outgoing-1 << "          "ParentId": 2,[\n]"
20:02:12.334 [main] DEBUG karate.org.apache.http.wire - http-outgoing-1 << "          "DayOfWeek": "Monday",[\n]"
20:02:12.334 [main] DEBUG karate.org.apache.http.wire - http-outgoing-1 << "          "OpenTime": "09:30:00",[\n]"
20:02:12.334 [main] DEBUG karate.org.apache.http.wire - http-outgoing-1 << "          "CloseTime": "17:00:00",[\n]"
20:02:12.334 [main] DEBUG karate.org.apache.http.wire - http-outgoing-1 << "          "Comments": null,[\n]"
20:02:12.334 [main] DEBUG karate.org.apache.http.wire - http-outgoing-1 << "          "IsClosed": false[\n]"
20:02:12.334 [main] DEBUG karate.org.apache.http.wire - http-outgoing-1 << "        },[\n]"
20:02:12.334 [main] DEBUG karate.org.apache.http.wire - http-outgoing-1 << "        {[\n]"
20:02:12.334 [main] DEBUG karate.org.apache.http.wire - http-outgoing-1 << "          "HourId": 9,[\n]"
20:02:12.334 [main] DEBUG karate.org.apache.http.wire - http-outgoing-1 << "          "ParentId": 2,[\n]"
20:02:12.334 [main] DEBUG karate.org.apache.http.wire - http-outgoing-1 << "          "DayOfWeek": "Tuesday",[\n]"
20:02:12.334 [main] DEBUG karate.org.apache.http.wire - http-outgoing-1 << "          "OpenTime": "09:30:00",[\n]"
20:02:12.334 [main] DEBUG karate.org.apache.http.wire - http-outgoing-1 << "          "CloseTime": "17:00:00",[\n]"
20:02:12.334 [main] DEBUG karate.org.apache.http.wire - http-outgoing-1 << "          "Comments": null,[\n]"
20:02:12.334 [main] DEBUG karate.org.apache.http.wire - http-outgoing-1 << "          "IsClosed": false[\n]"
20:02:12.334 [main] DEBUG karate.org.apache.http.wire - http-outgoing-1 << "        },[\n]"
20:02:12.334 [main] DEBUG karate.org.apache.http.wire - http-outgoing-1 << "        {[\n]"
20:02:12.334 [main] DEBUG karate.org.apache.http.wire - http-outgoing-1 << "          "HourId": 10,[\n]"
20:02:12.334 [main] DEBUG karate.org.apache.http.wire - http-outgoing-1 << "          "ParentId": 2,[\n]"
20:02:12.334 [main] DEBUG karate.org.apache.http.wire - http-outgoing-1 << "          "DayOfWeek": "Wednesday",[\n]"
20:02:12.334 [main] DEBUG karate.org.apache.http.wire - http-outgoing-1 << "          "OpenTime": "09:30:00",[\n]"
20:02:12.334 [main] DEBUG karate.org.apache.http.wire - http-outgoing-1 << "          "CloseTime": "17:00:00",[\n]"
20:02:12.334 [main] DEBUG karate.org.apache.http.wire - http-outgoing-1 << "          "Comments": null,[\n]"
20:02:12.334 [main] DEBUG karate.org.apache.http.wire - http-outgoing-1 << "          "IsClosed": false[\n]"
20:02:12.334 [main] DEBUG karate.org.apache.http.wire - http-outgoing-1 << "        },[\n]"
20:02:12.335 [main] DEBUG karate.org.apache.http.wire - http-outgoing-1 << "        {[\n]"
20:02:12.335 [main] DEBUG karate.org.apache.http.wire - http-outgoing-1 << "          "HourId": 11,[\n]"
20:02:12.335 [main] DEBUG karate.org.apache.http.wire - http-outgoing-1 << "         "
20:02:12.335 [main] DEBUG karate.org.apache.http.wire - http-outgoing-1 << " "ParentId": 2,[\n]"
20:02:12.335 [main] DEBUG karate.org.apache.http.wire - http-outgoing-1 << "          "DayOfWeek": "Thursday",[\n]"
20:02:12.335 [main] DEBUG karate.org.apache.http.wire - http-outgoing-1 << "          "OpenTime": "09:30:00",[\n]"
20:02:12.335 [main] DEBUG karate.org.apache.http.wire - http-outgoing-1 << "          "CloseTime": "17:00:00",[\n]"
20:02:12.335 [main] DEBUG karate.org.apache.http.wire - http-outgoing-1 << "          "Comments": null,[\n]"
20:02:12.335 [main] DEBUG karate.org.apache.http.wire - http-outgoing-1 << "          "IsClosed": false[\n]"
20:02:12.335 [main] DEBUG karate.org.apache.http.wire - http-outgoing-1 << "        },[\n]"
20:02:12.335 [main] DEBUG karate.org.apache.http.wire - http-outgoing-1 << "        {[\n]"
20:02:12.335 [main] DEBUG karate.org.apache.http.wire - http-outgoing-1 << "          "HourId": 12,[\n]"
20:02:12.335 [main] DEBUG karate.org.apache.http.wire - http-outgoing-1 << "          "ParentId": 2,[\n]"
20:02:12.335 [main] DEBUG karate.org.apache.http.wire - http-outgoing-1 << "          "DayOfWeek": "Friday",[\n]"
20:02:12.335 [main] DEBUG karate.org.apache.http.wire - http-outgoing-1 << "          "OpenTime": "09:30:00",[\n]"
20:02:12.335 [main] DEBUG karate.org.apache.http.wire - http-outgoing-1 << "          "CloseTime": "18:00:00",[\n]"
20:02:12.335 [main] DEBUG karate.org.apache.http.wire - http-outgoing-1 << "          "Comments": null,[\n]"
20:02:12.335 [main] DEBUG karate.org.apache.http.wire - http-outgoing-1 << "          "IsClosed": false[\n]"
20:02:12.335 [main] DEBUG karate.org.apache.http.wire - http-outgoing-1 << "        },[\n]"
20:02:12.335 [main] DEBUG karate.org.apache.http.wire - http-outgoing-1 << "        {[\n]"
20:02:12.335 [main] DEBUG karate.org.apache.http.wire - http-outgoing-1 << "          "HourId": 13,[\n]"
20:02:12.335 [main] DEBUG karate.org.apache.http.wire - http-outgoing-1 << "          "ParentId": 2,[\n]"
20:02:12.335 [main] DEBUG karate.org.apache.http.wire - http-outgoing-1 << "          "DayOfWeek": "Saturday",[\n]"
20:02:12.335 [main] DEBUG karate.org.apache.http.wire - http-outgoing-1 << "          "OpenTime": "09:30:00",[\n]"
20:02:12.335 [main] DEBUG karate.org.apache.http.wire - http-outgoing-1 << "          "CloseTime": "15:00:00",[\n]"
20:02:12.335 [main] DEBUG karate.org.apache.http.wire - http-outgoing-1 << "          "Comments": null,[\n]"
20:02:12.335 [main] DEBUG karate.org.apache.http.wire - http-outgoing-1 << "          "IsClosed": false[\n]"
20:02:12.335 [main] DEBUG karate.org.apache.http.wire - http-outgoing-1 << "        },[\n]"
20:02:12.335 [main] DEBUG karate.org.apache.http.wire - http-outgoing-1 << "        {[\n]"
20:02:12.335 [main] DEBUG karate.org.apache.http.wire - http-outgoing-1 << "          "HourId": 14,[\n]"
20:02:12.335 [main] DEBUG karate.org.apache.http.wire - http-outgoing-1 << "          "ParentId": 2,[\n]"
20:02:12.335 [main] DEBUG karate.org.apache.http.wire - http-outgoing-1 << "          "DayOfWeek": "Sunday",[\n]"
20:02:12.335 [main] DEBUG karate.org.apache.http.wire - http-outgoing-1 << "          "OpenTime": null,[\n]"
20:02:12.335 [main] DEBUG karate.org.apache.http.wire - http-outgoing-1 << "          "CloseTime": null,[\n]"
20:02:12.335 [main] DEBUG karate.org.apache.http.wire - http-outgoing-1 << "          "Comments": null,[\n]"
20:02:12.335 [main] DEBUG karate.org.apache.http.wire - http-outgoing-1 << "          "IsClosed": true[\n]"
20:02:12.335 [main] DEBUG karate.org.apache.http.wire - http-outgoing-1 << "        }[\n]"
20:02:12.335 [main] DEBUG karate.org.apache.http.wire - http-outgoing-1 << "      ],[\n]"
20:02:12.335 [main] DEBUG karate.org.apache.http.wire - http-outgoing-1 << "      "ContactInfo": [[\n]"
20:02:12.335 [main] DEBUG karate.org.apache.http.wire - http-outgoing-1 << "        {[\n]"
20:02:12.335 [main] DEBUG karate.org.apache.http.wire - http-outgoing-1 << "          "ContactInfoId": 2,[\n]"
20:02:12.335 [main] DEBUG karate.org.apache.http.wire - http-outgoing-1 << "          "BranchId": 2,[\n]"
20:02:12.335 [main] DEBUG karate.org.apache.http.wire - http-outgoing-1 << "          "ContactInfoValue": "780-875-4434",[\n]"
20:02:12.335 [main] DEBUG karate.org.apache.http.wire - http-outgoing-1 << "          "ContactDesc"
20:02:12.335 [main] DEBUG karate.org.apache.http.wire - http-outgoing-1 << "ription": null,[\n]"
20:02:12.335 [main] DEBUG karate.org.apache.http.wire - http-outgoing-1 << "          "ContactInfoTypeId": 0,[\n]"
20:02:12.335 [main] DEBUG karate.org.apache.http.wire - http-outgoing-1 << "          "ContactInfoType": {[\n]"
20:02:12.335 [main] DEBUG karate.org.apache.http.wire - http-outgoing-1 << "            "ContactInfoTypeId": 1,[\n]"
20:02:12.335 [main] DEBUG karate.org.apache.http.wire - http-outgoing-1 << "            "ContactInfoTypeDesc": "Main Phone"[\n]"
20:02:12.335 [main] DEBUG karate.org.apache.http.wire - http-outgoing-1 << "          }[\n]"
20:02:12.336 [main] DEBUG karate.org.apache.http.wire - http-outgoing-1 << "        },[\n]"
20:02:12.336 [main] DEBUG karate.org.apache.http.wire - http-outgoing-1 << "        {[\n]"
20:02:12.336 [main] DEBUG karate.org.apache.http.wire - http-outgoing-1 << "          "ContactInfoId": 105,[\n]"
20:02:12.336 [main] DEBUG karate.org.apache.http.wire - http-outgoing-1 << "          "BranchId": 2,[\n]"
20:02:12.336 [main] DEBUG karate.org.apache.http.wire - http-outgoing-1 << "          "ContactInfoValue": "780-874-4222",[\n]"
20:02:12.336 [main] DEBUG karate.org.apache.http.wire - http-outgoing-1 << "          "ContactDescription": null,[\n]"
20:02:12.336 [main] DEBUG karate.org.apache.http.wire - http-outgoing-1 << "          "ContactInfoTypeId": 0,[\n]"
20:02:12.337 [main] DEBUG karate.org.apache.http.wire - http-outgoing-1 << "          "ContactInfoType": {[\n]"
20:02:12.337 [main] DEBUG karate.org.apache.http.wire - http-outgoing-1 << "            "ContactInfoTypeId": 3,[\n]"
20:02:12.337 [main] DEBUG karate.org.apache.http.wire - http-outgoing-1 << "            "ContactInfoTypeDesc": "Main Fax"[\n]"
20:02:12.337 [main] DEBUG karate.org.apache.http.wire - http-outgoing-1 << "          }[\n]"
20:02:12.337 [main] DEBUG karate.org.apache.http.wire - http-outgoing-1 << "        },[\n]"
20:02:12.337 [main] DEBUG karate.org.apache.http.wire - http-outgoing-1 << "        {[\n]"
20:02:12.337 [main] DEBUG karate.org.apache.http.wire - http-outgoing-1 << "          "ContactInfoId": 296,[\n]"
20:02:12.337 [main] DEBUG karate.org.apache.http.wire - http-outgoing-1 << "          "BranchId": 2,[\n]"
20:02:12.337 [main] DEBUG karate.org.apache.http.wire - http-outgoing-1 << "          "ContactInfoValue": "18thStreetCrossingBranch@servus.ca",[\n]"
20:02:12.337 [main] DEBUG karate.org.apache.http.wire - http-outgoing-1 << "          "ContactDescription": null,[\n]"
20:02:12.337 [main] DEBUG karate.org.apache.http.wire - http-outgoing-1 << "          "ContactInfoTypeId": 0,[\n]"
20:02:12.337 [main] DEBUG karate.org.apache.http.wire - http-outgoing-1 << "          "ContactInfoType": {[\n]"
20:02:12.337 [main] DEBUG karate.org.apache.http.wire - http-outgoing-1 << "            "ContactInfoTypeId": 5,[\n]"
20:02:12.337 [main] DEBUG karate.org.apache.http.wire - http-outgoing-1 << "            "ContactInfoTypeDesc": "Main Email"[\n]"
20:02:12.337 [main] DEBUG karate.org.apache.http.wire - http-outgoing-1 << "          }[\n]"
20:02:12.337 [main] DEBUG karate.org.apache.http.wire - http-outgoing-1 << "        },[\n]"
20:02:12.337 [main] DEBUG karate.org.apache.http.wire - http-outgoing-1 << "        {[\n]"
20:02:12.337 [main] DEBUG karate.org.apache.http.wire - http-outgoing-1 << "          "ContactInfoId": 424,[\n]"
20:02:12.337 [main] DEBUG karate.org.apache.http.wire - http-outgoing-1 << "          "BranchId": 2,[\n]"
20:02:12.337 [main] DEBUG karate.org.apache.http.wire - http-outgoing-1 << "          "ContactInfoValue": "780-874-4210",[\n]"
20:02:12.337 [main] DEBUG karate.org.apache.http.wire - http-outgoing-1 << "          "ContactDescription": "ext 44210",[\n]"
20:02:12.337 [main] DEBUG karate.org.apache.http.wire - http-outgoing-1 << "          "C"
20:02:12.337 [main] DEBUG karate.org.apache.http.wire - http-outgoing-1 << "ontactInfoTypeId": 0,[\n]"
20:02:12.337 [main] DEBUG karate.org.apache.http.wire - http-outgoing-1 << "          "ContactInfoType": {[\n]"
20:02:12.337 [main] DEBUG karate.org.apache.http.wire - http-outgoing-1 << "            "ContactInfoTypeId": 7,[\n]"
20:02:12.337 [main] DEBUG karate.org.apache.http.wire - http-outgoing-1 << "            "ContactInfoTypeDesc": "Direct Line"[\n]"
20:02:12.337 [main] DEBUG karate.org.apache.http.wire - http-outgoing-1 << "          }[\n]"
20:02:12.337 [main] DEBUG karate.org.apache.http.wire - http-outgoing-1 << "        },[\n]"
20:02:12.337 [main] DEBUG karate.org.apache.http.wire - http-outgoing-1 << "        {[\n]"
20:02:12.337 [main] DEBUG karate.org.apache.http.wire - http-outgoing-1 << "          "ContactInfoId": 2609,[\n]"
20:02:12.338 [main] DEBUG karate.org.apache.http.wire - http-outgoing-1 << "          "BranchId": 2,[\n]"
20:02:12.338 [main] DEBUG karate.org.apache.http.wire - http-outgoing-1 << "          "ContactInfoValue": "https://branchdirectory.preprod.prv/Admin/EditBranch/2",[\n]"
20:02:12.338 [main] DEBUG karate.org.apache.http.wire - http-outgoing-1 << "          "ContactDescription": "Chrome  ",[\n]"
20:02:12.338 [main] DEBUG karate.org.apache.http.wire - http-outgoing-1 << "          "ContactInfoTypeId": 0,[\n]"
20:02:12.338 [main] DEBUG karate.org.apache.http.wire - http-outgoing-1 << "          "ContactInfoType": {[\n]"
20:02:12.338 [main] DEBUG karate.org.apache.http.wire - http-outgoing-1 << "            "ContactInfoTypeId": 8,[\n]"
20:02:12.338 [main] DEBUG karate.org.apache.http.wire - http-outgoing-1 << "            "ContactInfoTypeDesc": "Appointment Booking - Retail"[\n]"
20:02:12.338 [main] DEBUG karate.org.apache.http.wire - http-outgoing-1 << "          }[\n]"
20:02:12.338 [main] DEBUG karate.org.apache.http.wire - http-outgoing-1 << "        }[\n]"
20:02:12.338 [main] DEBUG karate.org.apache.http.wire - http-outgoing-1 << "      ][\n]"
20:02:12.338 [main] DEBUG karate.org.apache.http.wire - http-outgoing-1 << "    }[\n]"
20:02:12.338 [main] DEBUG karate.org.apache.http.wire - http-outgoing-1 << "  ][\n]"
20:02:12.339 [main] DEBUG karate.org.apache.http.wire - http-outgoing-1 << "}"
20:02:12.339 [main] DEBUG karate.org.apache.http.impl.conn.PoolingHttpClientConnectionManager - Connection [id: 1][route: {s}->https://village-branch-directory-xapi.ca-c1.cloudhub.io:443] can be kept alive indefinitely
20:02:12.339 [main] DEBUG karate.org.apache.http.impl.conn.DefaultManagedHttpClientConnection - http-outgoing-1: set socket timeout to 0
20:02:12.339 [main] DEBUG karate.org.apache.http.impl.conn.PoolingHttpClientConnectionManager - Connection released: [id: 1][route: {s}->https://village-branch-directory-xapi.ca-c1.cloudhub.io:443][total available: 1; route allocated: 1 of 5; total allocated: 1 of 10]
20:02:12.339 [main] DEBUG com.intuit.karate - response time in milliseconds: 1752
1 < 200
1 < Content-Type: application/json; charset=UTF-8
1 < Date: Mon, 17 Apr 2023 14:32:11 GMT
1 < Server: nginx
1 < Content-Length: 30100
1 < Connection: keep-alive
{
  "Total": "2",
  "Messages": [
    
  ],
  "ApiVersionNumber": "1.3.0.0",
  "IsSuccess": true,
  "Response": [
    {
      "Region": "Northeast",
      "BranchNumber": 205,
      "BranchName": "Atrium Centre",
      "BranchAddress": "5012 49 Street",
      "City": "Lloydminster",
      "TransitNumber": "10199-899",
      "CommunityCityName": "Lloydminster",
      "LocationType": {
        "LocationTypeId": 1,
        "LocationTypeName": "Branch"
      },
      "BranchId": 1,
      "RegionId": 1,
      "Bin": 603164,
      "BranchManager": "Tara Ferguson",
      "MailingAddress": "5012 49 ST",
      "PostalCode": "T9V 0K2",
      "Latitude": "53.282527",
      "Longitude": "-110.0058147",
      "Notes": null,
      "IsActive": true,
      "BranchServices": [
        {
          "ServiceId": 214,
          "ParentId": 1,
          "ServiceTypeId": 7,
          "ServiceValue": true,
          "ServiceTypeCode": "Chequesource",
          "ServiceTypeTitle": "Cheque Source",
          "ServiceTypeDesc": "Has Cheque Source?"
        },
        {
          "ServiceId": 733,
          "ParentId": 1,
          "ServiceTypeId": 5,
          "ServiceValue": true,
          "ServiceTypeCode": "CommercialServices",
          "ServiceTypeTitle": "Commercial Services",
          "ServiceTypeDesc": "Has Commercial Service?"
        },
        {
          "ServiceId": 596,
          "ParentId": 1,
          "ServiceTypeId": 6,
          "ServiceValue": true,
          "ServiceTypeCode": "FinancialPlanning",
          "ServiceTypeTitle": "Financial Planning",
          "ServiceTypeDesc": "Has Financial Planning?"
        },
        {
          "ServiceId": 454,
          "ParentId": 1,
          "ServiceTypeId": 4,
          "ServiceValue": true,
          "ServiceTypeCode": "InsuranceOffice",
          "ServiceTypeTitle": "Insurance Office",
          "ServiceTypeDesc": "Has Insurance Office?"
        },
        {
          "ServiceId": 48,
          "ParentId": 1,
          "ServiceTypeId": 2,
          "ServiceValue": true,
          "ServiceTypeCode": "VideoConference",
          "ServiceTypeTitle": "Video Conference",
          "ServiceTypeDesc": "Has Video Conference?"
        },
        {
          "ServiceId": 851,
          "ParentId": 1,
          "ServiceTypeId": 3,
          "ServiceValue": true,
          "ServiceTypeCode": "WealthManagement",
          "ServiceTypeTitle": "Wealth Management",
          "ServiceTypeDesc": "Has Wealth Management?"
        },
        {
          "ServiceId": 649,
          "ParentId": 1,
          "ServiceTypeId": 1,
          "ServiceValue": true,
          "ServiceTypeCode": "WheelChairAccess",
          "ServiceTypeTitle": "WheelChair Access",
          "ServiceTypeDesc": "Has WheelChair Access?"
        }
      ],
      "ATMs": [
        {
          "ATMMake": {
            "ATMMakeId": 2,
            "MakeBrand": "NCR"
          },
          "LockMake": {
            "LockMakeId": 2,
            "LockBrand": "S & G"
          },
          "Branch": null,
          "ATMHours": [
            {
              "HourId": 933,
              "ParentId": 1,
              "DayOfWeek": null,
              "OpenTime": "08:00:00",
              "CloseTime": "20:00:00",
              "Comments": null,
              "IsClosed": false
            },
            {
              "HourId": 934,
              "ParentId": 1,
              "DayOfWeek": null,
              "OpenTime": "08:00:00",
              "CloseTime": "20:00:00",
              "Comments": null,
              "IsClosed": false
            },
            {
              "HourId": 935,
              "ParentId": 1,
              "DayOfWeek": null,
              "OpenTime": "08:00:00",
              "CloseTime": "20:00:00",
              "Comments": null,
              "IsClosed": false
            },
            {
              "HourId": 936,
              "ParentId": 1,
              "DayOfWeek": null,
              "OpenTime": "08:00:00",
              "CloseTime": "20:00:00",
              "Comments": null,
              "IsClosed": false
            },
            {
              "HourId": 937,
              "ParentId": 1,
              "DayOfWeek": null,
              "OpenTime": "08:00:00",
              "CloseTime": "20:00:00",
              "Comments": null,
              "IsClosed": false
            },
            {
              "HourId": 938,
              "ParentId": 1,
              "DayOfWeek": null,
              "OpenTime": "10:00:00",
              "CloseTime": "17:00:00",
              "Comments": null,
              "IsClosed": false
            },
            {
              "HourId": 939,
              "ParentId": 1,
              "DayOfWeek": null,
              "OpenTime": null,
              "CloseTime": null,
              "Comments": null,
              "IsClosed": true
            }
          ],
          "ATMServices": [
            {
              "ServiceId": 4,
              "ParentId": 1,
              "ServiceTypeId": 11,
              "ServiceValue": false,
              "ServiceTypeCode": "24Hours",
              "ServiceTypeTitle": "24 Hours",
              "ServiceTypeDesc": "Is 24 Hours?"
            },
            {
              "ServiceId": 2,
              "ParentId": 1,
              "ServiceTypeId": 9,
              "ServiceValue": false,
              "ServiceTypeCode": "Camera",
              "ServiceTypeTitle": "Camera",
              "ServiceTypeDesc": "Has Camera?"
            },
            {
              "ServiceId": 5022,
              "ParentId": 1,
              "ServiceTypeId": 1012,
              "ServiceValue": true,
              "ServiceTypeCode": "DepositAutomation",
              "ServiceTypeTitle": "Deposit Automation",
              "ServiceTypeDesc": "Offers Deposit Automation?"
            },
            {
              "ServiceId": 1,
              "ParentId": 1,
              "ServiceTypeId": 8,
              "ServiceValue": false,
              "ServiceTypeCode": "DriveThru",
              "ServiceTypeTitle": "Drive Thru",
              "ServiceTypeDesc": "Has DriveThru?"
            },
            {
              "ServiceId": 3,
              "ParentId": 1,
              "ServiceTypeId": 10,
              "ServiceValue": true,
              "ServiceTypeCode": "FullService",
              "ServiceTypeTitle": "Full Service",
              "ServiceTypeDesc": "Is Full Service?"
            },
            {
              "ServiceId": 3022,
              "ParentId": 1,
              "ServiceTypeId": 12,
              "ServiceValue": true,
              "ServiceTypeCode": "USDCurrency",
              "ServiceTypeTitle": "USD Currency",
              "ServiceTypeDesc": "Offers USD Currency?"
            }
          ],
          "ATMId": 1,
          "ATMNumber": "A001N865",
          "ATMName": "Lloydminster - Atrium Centre",
          "ModelNumber": "6634",
          "Notes": "Branch loads cash and process deposits",
          "Brinks": "Fort Knox",
          "BalancedBy": "Adam Lamping",
          "Cassette1": "10 CAD",
          "Cassette2": "20 CAD",
          "Cassette3": "50 CAD",
          "Cassette4": "100 USD"
        },
        {
          "ATMMake": null,
          "LockMake": null,
          "Branch": null,
          "ATMHours": [
            {
              "HourId": 3464,
              "ParentId": 1310,
              "DayOfWeek": null,
              "OpenTime": null,
              "CloseTime": null,
              "Comments": null,
              "IsClosed": true
            },
            {
              "HourId": 3465,
              "ParentId": 1310,
              "DayOfWeek": null,
              "OpenTime": null,
              "CloseTime": null,
              "Comments": null,
              "IsClosed": true
            },
            {
              "HourId": 3466,
              "ParentId": 1310,
              "DayOfWeek": null,
              "OpenTime": null,
              "CloseTime": null,
              "Comments": null,
              "IsClosed": true
            },
            {
              "HourId": 3467,
              "ParentId": 1310,
              "DayOfWeek": null,
              "OpenTime": null,
              "CloseTime": null,
              "Comments": null,
              "IsClosed": true
            },
            {
              "HourId": 3468,
              "ParentId": 1310,
              "DayOfWeek": null,
              "OpenTime": null,
              "CloseTime": null,
              "Comments": null,
              "IsClosed": true
            },
            {
              "HourId": 3469,
              "ParentId": 1310,
              "DayOfWeek": null,
              "OpenTime": null,
              "CloseTime": null,
              "Comments": null,
              "IsClosed": true
            },
            {
              "HourId": 3470,
              "ParentId": 1310,
              "DayOfWeek": null,
              "OpenTime": null,
              "CloseTime": null,
              "Comments": null,
              "IsClosed": true
            }
          ],
          "ATMServices": [
            {
              "ServiceId": 3315,
              "ParentId": 1310,
              "ServiceTypeId": 11,
              "ServiceValue": false,
              "ServiceTypeCode": "24Hours",
              "ServiceTypeTitle": "24 Hours",
              "ServiceTypeDesc": "Is 24 Hours?"
            },
            {
              "ServiceId": 3316,
              "ParentId": 1310,
              "ServiceTypeId": 9,
              "ServiceValue": false,
              "ServiceTypeCode": "Camera",
              "ServiceTypeTitle": "Camera",
              "ServiceTypeDesc": "Has Camera?"
            },
            {
              "ServiceId": 5315,
              "ParentId": 1310,
              "ServiceTypeId": 1012,
              "ServiceValue": false,
              "ServiceTypeCode": "DepositAutomation",
              "ServiceTypeTitle": "Deposit Automation",
              "ServiceTypeDesc": "Offers Deposit Automation?"
            },
            {
              "ServiceId": 3317,
              "ParentId": 1310,
              "ServiceTypeId": 8,
              "ServiceValue": false,
              "ServiceTypeCode": "DriveThru",
              "ServiceTypeTitle": "Drive Thru",
              "ServiceTypeDesc": "Has DriveThru?"
            },
            {
              "ServiceId": 3318,
              "ParentId": 1310,
              "ServiceTypeId": 10,
              "ServiceValue": false,
              "ServiceTypeCode": "FullService",
              "ServiceTypeTitle": "Full Service",
              "ServiceTypeDesc": "Is Full Service?"
            },
            {
              "ServiceId": 3319,
              "ParentId": 1310,
              "ServiceTypeId": 12,
              "ServiceValue": false,
              "ServiceTypeCode": "USDCurrency",
              "ServiceTypeTitle": "USD Currency",
              "ServiceTypeDesc": "Offers USD Currency?"
            }
          ],
          "ATMId": 1310,
          "ATMNumber": "1234",
          "ATMName": "south",
          "ModelNumber": null,
          "Notes": null,
          "Brinks": "2234 john",
          "BalancedBy": "john",
          "Cassette1": null,
          "Cassette2": null,
          "Cassette3": null,
          "Cassette4": null
        },
        {
          "ATMMake": {
            "ATMMakeId": 1,
            "MakeBrand": "Diebold"
          },
          "LockMake": {
            "LockMakeId": 2,
            "LockBrand": "S & G"
          },
          "Branch": null,
          "ATMHours": [
            {
              "HourId": 3499,
              "ParentId": 1311,
              "DayOfWeek": null,
              "OpenTime": null,
              "CloseTime": null,
              "Comments": null,
              "IsClosed": true
            },
            {
              "HourId": 3500,
              "ParentId": 1311,
              "DayOfWeek": null,
              "OpenTime": null,
              "CloseTime": null,
              "Comments": null,
              "IsClosed": true
            },
            {
              "HourId": 3501,
              "ParentId": 1311,
              "DayOfWeek": null,
              "OpenTime": null,
              "CloseTime": null,
              "Comments": null,
              "IsClosed": true
            },
            {
              "HourId": 3502,
              "ParentId": 1311,
              "DayOfWeek": null,
              "OpenTime": null,
              "CloseTime": null,
              "Comments": null,
              "IsClosed": true
            },
            {
              "HourId": 3503,
              "ParentId": 1311,
              "DayOfWeek": null,
              "OpenTime": null,
              "CloseTime": null,
              "Comments": null,
              "IsClosed": true
            },
            {
              "HourId": 3504,
              "ParentId": 1311,
              "DayOfWeek": null,
              "OpenTime": null,
              "CloseTime": null,
              "Comments": null,
              "IsClosed": true
            },
            {
              "HourId": 3505,
              "ParentId": 1311,
              "DayOfWeek": null,
              "OpenTime": null,
              "CloseTime": null,
              "Comments": null,
              "IsClosed": true
            }
          ],
          "ATMServices": [
            {
              "ServiceId": 3324,
              "ParentId": 1311,
              "ServiceTypeId": 11,
              "ServiceValue": false,
              "ServiceTypeCode": "24Hours",
              "ServiceTypeTitle": "24 Hours",
              "ServiceTypeDesc": "Is 24 Hours?"
            },
            {
              "ServiceId": 3325,
              "ParentId": 1311,
              "ServiceTypeId": 9,
              "ServiceValue": false,
              "ServiceTypeCode": "Camera",
              "ServiceTypeTitle": "Camera",
              "ServiceTypeDesc": "Has Camera?"
            },
            {
              "ServiceId": 5316,
              "ParentId": 1311,
              "ServiceTypeId": 1012,
              "ServiceValue": false,
              "ServiceTypeCode": "DepositAutomation",
              "ServiceTypeTitle": "Deposit Automation",
              "ServiceTypeDesc": "Offers Deposit Automation?"
            },
            {
              "ServiceId": 3326,
              "ParentId": 1311,
              "ServiceTypeId": 8,
              "ServiceValue": false,
              "ServiceTypeCode": "DriveThru",
              "ServiceTypeTitle": "Drive Thru",
              "ServiceTypeDesc": "Has DriveThru?"
            },
            {
              "ServiceId": 3327,
              "ParentId": 1311,
              "ServiceTypeId": 10,
              "ServiceValue": false,
              "ServiceTypeCode": "FullService",
              "ServiceTypeTitle": "Full Service",
              "ServiceTypeDesc": "Is Full Service?"
            },
            {
              "ServiceId": 3328,
              "ParentId": 1311,
              "ServiceTypeId": 12,
              "ServiceValue": false,
              "ServiceTypeCode": "USDCurrency",
              "ServiceTypeTitle": "USD Currency",
              "ServiceTypeDesc": "Offers USD Currency?"
            }
          ],
          "ATMId": 1311,
          "ATMNumber": "44556677",
          "ATMName": "SouthWest",
          "ModelNumber": null,
          "Notes": null,
          "Brinks": "Jar5566",
          "BalancedBy": "Jamal",
          "Cassette1": null,
          "Cassette2": null,
          "Cassette3": null,
          "Cassette4": null
        }
      ],
      "BranchHours": [
        {
          "HourId": 1,
          "ParentId": 1,
          "DayOfWeek": "Monday",
          "OpenTime": "09:30:00",
          "CloseTime": "17:00:00",
          "Comments": null,
          "IsClosed": false
        },
        {
          "HourId": 2,
          "ParentId": 1,
          "DayOfWeek": "Tuesday",
          "OpenTime": "09:30:00",
          "CloseTime": "17:00:00",
          "Comments": null,
          "IsClosed": false
        },
        {
          "HourId": 3,
          "ParentId": 1,
          "DayOfWeek": "Wednesday",
          "OpenTime": "09:30:00",
          "CloseTime": "17:00:00",
          "Comments": null,
          "IsClosed": false
        },
        {
          "HourId": 4,
          "ParentId": 1,
          "DayOfWeek": "Thursday",
          "OpenTime": "09:30:00",
          "CloseTime": "17:00:00",
          "Comments": null,
          "IsClosed": false
        },
        {
          "HourId": 5,
          "ParentId": 1,
          "DayOfWeek": "Friday",
          "OpenTime": "09:30:00",
          "CloseTime": "17:00:00",
          "Comments": null,
          "IsClosed": false
        },
        {
          "HourId": 6,
          "ParentId": 1,
          "DayOfWeek": "Saturday",
          "OpenTime": null,
          "CloseTime": null,
          "Comments": null,
          "IsClosed": true
        },
        {
          "HourId": 7,
          "ParentId": 1,
          "DayOfWeek": "Sunday",
          "OpenTime": null,
          "CloseTime": null,
          "Comments": null,
          "IsClosed": true
        }
      ],
      "ContactInfo": [
        {
          "ContactInfoId": 1,
          "BranchId": 1,
          "ContactInfoValue": "780.875.4434",
          "ContactDescription": null,
          "ContactInfoTypeId": 0,
          "ContactInfoType": {
            "ContactInfoTypeId": 1,
            "ContactInfoTypeDesc": "Main Phone"
          }
        },
        {
          "ContactInfoId": 104,
          "BranchId": 1,
          "ContactInfoValue": "780.808.4777",
          "ContactDescription": null,
          "ContactInfoTypeId": 0,
          "ContactInfoType": {
            "ContactInfoTypeId": 3,
            "ContactInfoTypeDesc": "Main Fax"
          }
        },
        {
          "ContactInfoId": 222,
          "BranchId": 1,
          "ContactInfoValue": "877.606.6333",
          "ContactDescription": null,
          "ContactInfoTypeId": 0,
          "ContactInfoType": {
            "ContactInfoTypeId": 2,
            "ContactInfoTypeDesc": "Other Phone"
          }
        },
        {
          "ContactInfoId": 223,
          "BranchId": 1,
          "ContactInfoValue": "4999",
          "ContactDescription": "Access Code - Legacy CWCU",
          "ContactInfoTypeId": 0,
          "ContactInfoType": {
            "ContactInfoTypeId": 2,
            "ContactInfoTypeDesc": "Other Phone"
          }
        },
        {
          "ContactInfoId": 299,
          "BranchId": 1,
          "ContactInfoValue": "AtriumCenterBranchManagement@servus.ca",
          "ContactDescription": null,
          "ContactInfoTypeId": 0,
          "ContactInfoType": {
            "ContactInfoTypeId": 5,
            "ContactInfoTypeDesc": "Main Email"
          }
        },
        {
          "ContactInfoId": 423,
          "BranchId": 1,
          "ContactInfoValue": "780.808.4745",
          "ContactDescription": null,
          "ContactInfoTypeId": 0,
          "ContactInfoType": {
            "ContactInfoTypeId": 7,
            "ContactInfoTypeDesc": "Direct Line"
          }
        },
        {
          "ContactInfoId": 2608,
          "BranchId": 1,
          "ContactInfoValue": "https://branchdirectory.preprod.prv/Admin/EditBranch/1",
          "ContactDescription": "Test case ",
          "ContactInfoTypeId": 0,
          "ContactInfoType": {
            "ContactInfoTypeId": 8,
            "ContactInfoTypeDesc": "Appointment Booking - Retail"
          }
        }
      ]
    },
    {
      "Region": "Northeast",
      "BranchNumber": 177,
      "BranchName": "18th Street Crossing",
      "BranchAddress": "5009 - 18 Street",
      "City": "Lloydminster",
      "TransitNumber": "60199-899",
      "CommunityCityName": "Lloydminster",
      "LocationType": {
        "LocationTypeId": 1,
        "LocationTypeName": "Branch"
      },
      "BranchId": 2,
      "RegionId": 1,
      "Bin": 603164,
      "BranchManager": "Allysa Squire",
      "MailingAddress": "5009 - 18 Street",
      "PostalCode": "T9V 2G7",
      "Latitude": "53.2536594",
      "Longitude": "-110.0057391",
      "Notes": null,
      "IsActive": true,
      "BranchServices": [
        {
          "ServiceId": 368,
          "ParentId": 2,
          "ServiceTypeId": 5,
          "ServiceValue": false,
          "ServiceTypeCode": "CommercialServices",
          "ServiceTypeTitle": "Commercial Services",
          "ServiceTypeDesc": "Has Commercial Service?"
        },
        {
          "ServiceId": 455,
          "ParentId": 2,
          "ServiceTypeId": 1,
          "ServiceValue": true,
          "ServiceTypeCode": "WheelChairAccess",
          "ServiceTypeTitle": "WheelChair Access",
          "ServiceTypeDesc": "Has WheelChair Access?"
        },
        {
          "ServiceId": 621,
          "ParentId": 2,
          "ServiceTypeId": 3,
          "ServiceValue": true,
          "ServiceTypeCode": "WealthManagement",
          "ServiceTypeTitle": "Wealth Management",
          "ServiceTypeDesc": "Has Wealth Management?"
        },
        {
          "ServiceId": 635,
          "ParentId": 2,
          "ServiceTypeId": 2,
          "ServiceValue": false,
          "ServiceTypeCode": "VideoConference",
          "ServiceTypeTitle": "Video Conference",
          "ServiceTypeDesc": "Has Video Conference?"
        },
        {
          "ServiceId": 702,
          "ParentId": 2,
          "ServiceTypeId": 6,
          "ServiceValue": false,
          "ServiceTypeCode": "FinancialPlanning",
          "ServiceTypeTitle": "Financial Planning",
          "ServiceTypeDesc": "Has Financial Planning?"
        },
        {
          "ServiceId": 828,
          "ParentId": 2,
          "ServiceTypeId": 4,
          "ServiceValue": false,
          "ServiceTypeCode": "InsuranceOffice",
          "ServiceTypeTitle": "Insurance Office",
          "ServiceTypeDesc": "Has Insurance Office?"
        },
        {
          "ServiceId": 888,
          "ParentId": 2,
          "ServiceTypeId": 7,
          "ServiceValue": true,
          "ServiceTypeCode": "Chequesource",
          "ServiceTypeTitle": "Cheque Source",
          "ServiceTypeDesc": "Has Cheque Source?"
        }
      ],
      "ATMs": [
        {
          "ATMMake": {
            "ATMMakeId": 2,
            "MakeBrand": "NCR"
          },
          "LockMake": {
            "LockMakeId": 2,
            "LockBrand": "S & G"
          },
          "Branch": null,
          "ATMHours": [
            {
              "HourId": 1471,
              "ParentId": 2,
              "DayOfWeek": null,
              "OpenTime": null,
              "CloseTime": null,
              "Comments": null,
              "IsClosed": true
            },
            {
              "HourId": 1472,
              "ParentId": 2,
              "DayOfWeek": null,
              "OpenTime": null,
              "CloseTime": null,
              "Comments": null,
              "IsClosed": true
            },
            {
              "HourId": 1473,
              "ParentId": 2,
              "DayOfWeek": null,
              "OpenTime": null,
              "CloseTime": null,
              "Comments": null,
              "IsClosed": true
            },
            {
              "HourId": 1474,
              "ParentId": 2,
              "DayOfWeek": null,
              "OpenTime": null,
              "CloseTime": null,
              "Comments": null,
              "IsClosed": true
            },
            {
              "HourId": 1475,
              "ParentId": 2,
              "DayOfWeek": null,
              "OpenTime": null,
              "CloseTime": null,
              "Comments": null,
              "IsClosed": true
            },
            {
              "HourId": 1476,
              "ParentId": 2,
              "DayOfWeek": null,
              "OpenTime": null,
              "CloseTime": null,
              "Comments": null,
              "IsClosed": true
            },
            {
              "HourId": 1477,
              "ParentId": 2,
              "DayOfWeek": null,
              "OpenTime": null,
              "CloseTime": null,
              "Comments": null,
              "IsClosed": true
            }
          ],
          "ATMServices": [
            {
              "ServiceId": 5,
              "ParentId": 2,
              "ServiceTypeId": 8,
              "ServiceValue": true,
              "ServiceTypeCode": "DriveThru",
              "ServiceTypeTitle": "Drive Thru",
              "ServiceTypeDesc": "Has DriveThru?"
            },
            {
              "ServiceId": 6,
              "ParentId": 2,
              "ServiceTypeId": 9,
              "ServiceValue": true,
              "ServiceTypeCode": "Camera",
              "ServiceTypeTitle": "Camera",
              "ServiceTypeDesc": "Has Camera?"
            },
            {
              "ServiceId": 7,
              "ParentId": 2,
              "ServiceTypeId": 10,
              "ServiceValue": true,
              "ServiceTypeCode": "FullService",
              "ServiceTypeTitle": "Full Service",
              "ServiceTypeDesc": "Is Full Service?"
            },
            {
              "ServiceId": 8,
              "ParentId": 2,
              "ServiceTypeId": 11,
              "ServiceValue": true,
              "ServiceTypeCode": "24Hours",
              "ServiceTypeTitle": "24 Hours",
              "ServiceTypeDesc": "Is 24 Hours?"
            },
            {
              "ServiceId": 3023,
              "ParentId": 2,
              "ServiceTypeId": 12,
              "ServiceValue": true,
              "ServiceTypeCode": "USDCurrency",
              "ServiceTypeTitle": "USD Currency",
              "ServiceTypeDesc": "Offers USD Currency?"
            },
            {
              "ServiceId": 5023,
              "ParentId": 2,
              "ServiceTypeId": 1012,
              "ServiceValue": false,
              "ServiceTypeCode": "DepositAutomation",
              "ServiceTypeTitle": "Deposit Automation",
              "ServiceTypeDesc": "Offers Deposit Automation?"
            }
          ],
          "ATMId": 2,
          "ATMNumber": "A001N746",
          "ATMName": "Lloydminster - 18th Street Crossing",
          "ModelNumber": "6634",
          "Notes": "\r\nBranch loads cash and process deposits",
          "Brinks": "Branch",
          "BalancedBy": "Rabia Pervaiz 08 Dec 2022",
          "Cassette1": null,
          "Cassette2": null,
          "Cassette3": null,
          "Cassette4": null
        }
      ],
      "BranchHours": [
        {
          "HourId": 8,
          "ParentId": 2,
          "DayOfWeek": "Monday",
          "OpenTime": "09:30:00",
          "CloseTime": "17:00:00",
          "Comments": null,
          "IsClosed": false
        },
        {
          "HourId": 9,
          "ParentId": 2,
          "DayOfWeek": "Tuesday",
          "OpenTime": "09:30:00",
          "CloseTime": "17:00:00",
          "Comments": null,
          "IsClosed": false
        },
        {
          "HourId": 10,
          "ParentId": 2,
          "DayOfWeek": "Wednesday",
          "OpenTime": "09:30:00",
          "CloseTime": "17:00:00",
          "Comments": null,
          "IsClosed": false
        },
        {
          "HourId": 11,
          "ParentId": 2,
          "DayOfWeek": "Thursday",
          "OpenTime": "09:30:00",
          "CloseTime": "17:00:00",
          "Comments": null,
          "IsClosed": false
        },
        {
          "HourId": 12,
          "ParentId": 2,
          "DayOfWeek": "Friday",
          "OpenTime": "09:30:00",
          "CloseTime": "18:00:00",
          "Comments": null,
          "IsClosed": false
        },
        {
          "HourId": 13,
          "ParentId": 2,
          "DayOfWeek": "Saturday",
          "OpenTime": "09:30:00",
          "CloseTime": "15:00:00",
          "Comments": null,
          "IsClosed": false
        },
        {
          "HourId": 14,
          "ParentId": 2,
          "DayOfWeek": "Sunday",
          "OpenTime": null,
          "CloseTime": null,
          "Comments": null,
          "IsClosed": true
        }
      ],
      "ContactInfo": [
        {
          "ContactInfoId": 2,
          "BranchId": 2,
          "ContactInfoValue": "780-875-4434",
          "ContactDescription": null,
          "ContactInfoTypeId": 0,
          "ContactInfoType": {
            "ContactInfoTypeId": 1,
            "ContactInfoTypeDesc": "Main Phone"
          }
        },
        {
          "ContactInfoId": 105,
          "BranchId": 2,
          "ContactInfoValue": "780-874-4222",
          "ContactDescription": null,
          "ContactInfoTypeId": 0,
          "ContactInfoType": {
            "ContactInfoTypeId": 3,
            "ContactInfoTypeDesc": "Main Fax"
          }
        },
        {
          "ContactInfoId": 296,
          "BranchId": 2,
          "ContactInfoValue": "18thStreetCrossingBranch@servus.ca",
          "ContactDescription": null,
          "ContactInfoTypeId": 0,
          "ContactInfoType": {
            "ContactInfoTypeId": 5,
            "ContactInfoTypeDesc": "Main Email"
          }
        },
        {
          "ContactInfoId": 424,
          "BranchId": 2,
          "ContactInfoValue": "780-874-4210",
          "ContactDescription": "ext 44210",
          "ContactInfoTypeId": 0,
          "ContactInfoType": {
            "ContactInfoTypeId": 7,
            "ContactInfoTypeDesc": "Direct Line"
          }
        },
        {
          "ContactInfoId": 2609,
          "BranchId": 2,
          "ContactInfoValue": "https://branchdirectory.preprod.prv/Admin/EditBranch/2",
          "ContactDescription": "Chrome  ",
          "ContactInfoTypeId": 0,
          "ContactInfoType": {
            "ContactInfoTypeId": 8,
            "ContactInfoTypeDesc": "Appointment Booking - Retail"
          }
        }
      ]
    }
  ]
}

20:02:12.355 [main] INFO com.intuit.karate - [print] response: {
  "Total": "2",
  "Messages": [
  ],
  "ApiVersionNumber": "1.3.0.0",
  "IsSuccess": true,
  "Response": [
    {
      "Region": "Northeast",
      "BranchNumber": 205,
      "BranchName": "Atrium Centre",
      "BranchAddress": "5012 49 Street",
      "City": "Lloydminster",
      "TransitNumber": "10199-899",
      "CommunityCityName": "Lloydminster",
      "LocationType": {
        "LocationTypeId": 1,
        "LocationTypeName": "Branch"
      },
      "BranchId": 1,
      "RegionId": 1,
      "Bin": 603164,
      "BranchManager": "Tara Ferguson",
      "MailingAddress": "5012 49 ST",
      "PostalCode": "T9V 0K2",
      "Latitude": "53.282527",
      "Longitude": "-110.0058147",
      "Notes": null,
      "IsActive": true,
      "BranchServices": [
        {
          "ServiceId": 214,
          "ParentId": 1,
          "ServiceTypeId": 7,
          "ServiceValue": true,
          "ServiceTypeCode": "Chequesource",
          "ServiceTypeTitle": "Cheque Source",
          "ServiceTypeDesc": "Has Cheque Source?"
        },
        {
          "ServiceId": 733,
          "ParentId": 1,
          "ServiceTypeId": 5,
          "ServiceValue": true,
          "ServiceTypeCode": "CommercialServices",
          "ServiceTypeTitle": "Commercial Services",
          "ServiceTypeDesc": "Has Commercial Service?"
        },
        {
          "ServiceId": 596,
          "ParentId": 1,
          "ServiceTypeId": 6,
          "ServiceValue": true,
          "ServiceTypeCode": "FinancialPlanning",
          "ServiceTypeTitle": "Financial Planning",
          "ServiceTypeDesc": "Has Financial Planning?"
        },
        {
          "ServiceId": 454,
          "ParentId": 1,
          "ServiceTypeId": 4,
          "ServiceValue": true,
          "ServiceTypeCode": "InsuranceOffice",
          "ServiceTypeTitle": "Insurance Office",
          "ServiceTypeDesc": "Has Insurance Office?"
        },
        {
          "ServiceId": 48,
          "ParentId": 1,
          "ServiceTypeId": 2,
          "ServiceValue": true,
          "ServiceTypeCode": "VideoConference",
          "ServiceTypeTitle": "Video Conference",
          "ServiceTypeDesc": "Has Video Conference?"
        },
        {
          "ServiceId": 851,
          "ParentId": 1,
          "ServiceTypeId": 3,
          "ServiceValue": true,
          "ServiceTypeCode": "WealthManagement",
          "ServiceTypeTitle": "Wealth Management",
          "ServiceTypeDesc": "Has Wealth Management?"
        },
        {
          "ServiceId": 649,
          "ParentId": 1,
          "ServiceTypeId": 1,
          "ServiceValue": true,
          "ServiceTypeCode": "WheelChairAccess",
          "ServiceTypeTitle": "WheelChair Access",
          "ServiceTypeDesc": "Has WheelChair Access?"
        }
      ],
      "ATMs": [
        {
          "ATMMake": {
            "ATMMakeId": 2,
            "MakeBrand": "NCR"
          },
          "LockMake": {
            "LockMakeId": 2,
            "LockBrand": "S & G"
          },
          "Branch": null,
          "ATMHours": [
            {
              "HourId": 933,
              "ParentId": 1,
              "DayOfWeek": null,
              "OpenTime": "08:00:00",
              "CloseTime": "20:00:00",
              "Comments": null,
              "IsClosed": false
            },
            {
              "HourId": 934,
              "ParentId": 1,
              "DayOfWeek": null,
              "OpenTime": "08:00:00",
              "CloseTime": "20:00:00",
              "Comments": null,
              "IsClosed": false
            },
            {
              "HourId": 935,
              "ParentId": 1,
              "DayOfWeek": null,
              "OpenTime": "08:00:00",
              "CloseTime": "20:00:00",
              "Comments": null,
              "IsClosed": false
            },
            {
              "HourId": 936,
              "ParentId": 1,
              "DayOfWeek": null,
              "OpenTime": "08:00:00",
              "CloseTime": "20:00:00",
              "Comments": null,
              "IsClosed": false
            },
            {
              "HourId": 937,
              "ParentId": 1,
              "DayOfWeek": null,
              "OpenTime": "08:00:00",
              "CloseTime": "20:00:00",
              "Comments": null,
              "IsClosed": false
            },
            {
              "HourId": 938,
              "ParentId": 1,
              "DayOfWeek": null,
              "OpenTime": "10:00:00",
              "CloseTime": "17:00:00",
              "Comments": null,
              "IsClosed": false
            },
            {
              "HourId": 939,
              "ParentId": 1,
              "DayOfWeek": null,
              "OpenTime": null,
              "CloseTime": null,
              "Comments": null,
              "IsClosed": true
            }
          ],
          "ATMServices": [
            {
              "ServiceId": 4,
              "ParentId": 1,
              "ServiceTypeId": 11,
              "ServiceValue": false,
              "ServiceTypeCode": "24Hours",
              "ServiceTypeTitle": "24 Hours",
              "ServiceTypeDesc": "Is 24 Hours?"
            },
            {
              "ServiceId": 2,
              "ParentId": 1,
              "ServiceTypeId": 9,
              "ServiceValue": false,
              "ServiceTypeCode": "Camera",
              "ServiceTypeTitle": "Camera",
              "ServiceTypeDesc": "Has Camera?"
            },
            {
              "ServiceId": 5022,
              "ParentId": 1,
              "ServiceTypeId": 1012,
              "ServiceValue": true,
              "ServiceTypeCode": "DepositAutomation",
              "ServiceTypeTitle": "Deposit Automation",
              "ServiceTypeDesc": "Offers Deposit Automation?"
            },
            {
              "ServiceId": 1,
              "ParentId": 1,
              "ServiceTypeId": 8,
              "ServiceValue": false,
              "ServiceTypeCode": "DriveThru",
              "ServiceTypeTitle": "Drive Thru",
              "ServiceTypeDesc": "Has DriveThru?"
            },
            {
              "ServiceId": 3,
              "ParentId": 1,
              "ServiceTypeId": 10,
              "ServiceValue": true,
              "ServiceTypeCode": "FullService",
              "ServiceTypeTitle": "Full Service",
              "ServiceTypeDesc": "Is Full Service?"
            },
            {
              "ServiceId": 3022,
              "ParentId": 1,
              "ServiceTypeId": 12,
              "ServiceValue": true,
              "ServiceTypeCode": "USDCurrency",
              "ServiceTypeTitle": "USD Currency",
              "ServiceTypeDesc": "Offers USD Currency?"
            }
          ],
          "ATMId": 1,
          "ATMNumber": "A001N865",
          "ATMName": "Lloydminster - Atrium Centre",
          "ModelNumber": "6634",
          "Notes": "Branch loads cash and process deposits",
          "Brinks": "Fort Knox",
          "BalancedBy": "Adam Lamping",
          "Cassette1": "10 CAD",
          "Cassette2": "20 CAD",
          "Cassette3": "50 CAD",
          "Cassette4": "100 USD"
        },
        {
          "ATMMake": null,
          "LockMake": null,
          "Branch": null,
          "ATMHours": [
            {
              "HourId": 3464,
              "ParentId": 1310,
              "DayOfWeek": null,
              "OpenTime": null,
              "CloseTime": null,
              "Comments": null,
              "IsClosed": true
            },
            {
              "HourId": 3465,
              "ParentId": 1310,
              "DayOfWeek": null,
              "OpenTime": null,
              "CloseTime": null,
              "Comments": null,
              "IsClosed": true
            },
            {
              "HourId": 3466,
              "ParentId": 1310,
              "DayOfWeek": null,
              "OpenTime": null,
              "CloseTime": null,
              "Comments": null,
              "IsClosed": true
            },
            {
              "HourId": 3467,
              "ParentId": 1310,
              "DayOfWeek": null,
              "OpenTime": null,
              "CloseTime": null,
              "Comments": null,
              "IsClosed": true
            },
            {
              "HourId": 3468,
              "ParentId": 1310,
              "DayOfWeek": null,
              "OpenTime": null,
              "CloseTime": null,
              "Comments": null,
              "IsClosed": true
            },
            {
              "HourId": 3469,
              "ParentId": 1310,
              "DayOfWeek": null,
              "OpenTime": null,
              "CloseTime": null,
              "Comments": null,
              "IsClosed": true
            },
            {
              "HourId": 3470,
              "ParentId": 1310,
              "DayOfWeek": null,
              "OpenTime": null,
              "CloseTime": null,
              "Comments": null,
              "IsClosed": true
            }
          ],
          "ATMServices": [
            {
              "ServiceId": 3315,
              "ParentId": 1310,
              "ServiceTypeId": 11,
              "ServiceValue": false,
              "ServiceTypeCode": "24Hours",
              "ServiceTypeTitle": "24 Hours",
              "ServiceTypeDesc": "Is 24 Hours?"
            },
            {
              "ServiceId": 3316,
              "ParentId": 1310,
              "ServiceTypeId": 9,
              "ServiceValue": false,
              "ServiceTypeCode": "Camera",
              "ServiceTypeTitle": "Camera",
              "ServiceTypeDesc": "Has Camera?"
            },
            {
              "ServiceId": 5315,
              "ParentId": 1310,
              "ServiceTypeId": 1012,
              "ServiceValue": false,
              "ServiceTypeCode": "DepositAutomation",
              "ServiceTypeTitle": "Deposit Automation",
              "ServiceTypeDesc": "Offers Deposit Automation?"
            },
            {
              "ServiceId": 3317,
              "ParentId": 1310,
              "ServiceTypeId": 8,
              "ServiceValue": false,
              "ServiceTypeCode": "DriveThru",
              "ServiceTypeTitle": "Drive Thru",
              "ServiceTypeDesc": "Has DriveThru?"
            },
            {
              "ServiceId": 3318,
              "ParentId": 1310,
              "ServiceTypeId": 10,
              "ServiceValue": false,
              "ServiceTypeCode": "FullService",
              "ServiceTypeTitle": "Full Service",
              "ServiceTypeDesc": "Is Full Service?"
            },
            {
              "ServiceId": 3319,
              "ParentId": 1310,
              "ServiceTypeId": 12,
              "ServiceValue": false,
              "ServiceTypeCode": "USDCurrency",
              "ServiceTypeTitle": "USD Currency",
              "ServiceTypeDesc": "Offers USD Currency?"
            }
          ],
          "ATMId": 1310,
          "ATMNumber": "1234",
          "ATMName": "south",
          "ModelNumber": null,
          "Notes": null,
          "Brinks": "2234 john",
          "BalancedBy": "john",
          "Cassette1": null,
          "Cassette2": null,
          "Cassette3": null,
          "Cassette4": null
        },
        {
          "ATMMake": {
            "ATMMakeId": 1,
            "MakeBrand": "Diebold"
          },
          "LockMake": {
            "LockMakeId": 2,
            "LockBrand": "S & G"
          },
          "Branch": null,
          "ATMHours": [
            {
              "HourId": 3499,
              "ParentId": 1311,
              "DayOfWeek": null,
              "OpenTime": null,
              "CloseTime": null,
              "Comments": null,
              "IsClosed": true
            },
            {
              "HourId": 3500,
              "ParentId": 1311,
              "DayOfWeek": null,
              "OpenTime": null,
              "CloseTime": null,
              "Comments": null,
              "IsClosed": true
            },
            {
              "HourId": 3501,
              "ParentId": 1311,
              "DayOfWeek": null,
              "OpenTime": null,
              "CloseTime": null,
              "Comments": null,
              "IsClosed": true
            },
            {
              "HourId": 3502,
              "ParentId": 1311,
              "DayOfWeek": null,
              "OpenTime": null,
              "CloseTime": null,
              "Comments": null,
              "IsClosed": true
            },
            {
              "HourId": 3503,
              "ParentId": 1311,
              "DayOfWeek": null,
              "OpenTime": null,
              "CloseTime": null,
              "Comments": null,
              "IsClosed": true
            },
            {
              "HourId": 3504,
              "ParentId": 1311,
              "DayOfWeek": null,
              "OpenTime": null,
              "CloseTime": null,
              "Comments": null,
              "IsClosed": true
            },
            {
              "HourId": 3505,
              "ParentId": 1311,
              "DayOfWeek": null,
              "OpenTime": null,
              "CloseTime": null,
              "Comments": null,
              "IsClosed": true
            }
          ],
          "ATMServices": [
            {
              "ServiceId": 3324,
              "ParentId": 1311,
              "ServiceTypeId": 11,
              "ServiceValue": false,
              "ServiceTypeCode": "24Hours",
              "ServiceTypeTitle": "24 Hours",
              "ServiceTypeDesc": "Is 24 Hours?"
            },
            {
              "ServiceId": 3325,
              "ParentId": 1311,
              "ServiceTypeId": 9,
              "ServiceValue": false,
              "ServiceTypeCode": "Camera",
              "ServiceTypeTitle": "Camera",
              "ServiceTypeDesc": "Has Camera?"
            },
            {
              "ServiceId": 5316,
              "ParentId": 1311,
              "ServiceTypeId": 1012,
              "ServiceValue": false,
              "ServiceTypeCode": "DepositAutomation",
              "ServiceTypeTitle": "Deposit Automation",
              "ServiceTypeDesc": "Offers Deposit Automation?"
            },
            {
              "ServiceId": 3326,
              "ParentId": 1311,
              "ServiceTypeId": 8,
              "ServiceValue": false,
              "ServiceTypeCode": "DriveThru",
              "ServiceTypeTitle": "Drive Thru",
              "ServiceTypeDesc": "Has DriveThru?"
            },
            {
              "ServiceId": 3327,
              "ParentId": 1311,
              "ServiceTypeId": 10,
              "ServiceValue": false,
              "ServiceTypeCode": "FullService",
              "ServiceTypeTitle": "Full Service",
              "ServiceTypeDesc": "Is Full Service?"
            },
            {
              "ServiceId": 3328,
              "ParentId": 1311,
              "ServiceTypeId": 12,
              "ServiceValue": false,
              "ServiceTypeCode": "USDCurrency",
              "ServiceTypeTitle": "USD Currency",
              "ServiceTypeDesc": "Offers USD Currency?"
            }
          ],
          "ATMId": 1311,
          "ATMNumber": "44556677",
          "ATMName": "SouthWest",
          "ModelNumber": null,
          "Notes": null,
          "Brinks": "Jar5566",
          "BalancedBy": "Jamal",
          "Cassette1": null,
          "Cassette2": null,
          "Cassette3": null,
          "Cassette4": null
        }
      ],
      "BranchHours": [
        {
          "HourId": 1,
          "ParentId": 1,
          "DayOfWeek": "Monday",
          "OpenTime": "09:30:00",
          "CloseTime": "17:00:00",
          "Comments": null,
          "IsClosed": false
        },
        {
          "HourId": 2,
          "ParentId": 1,
          "DayOfWeek": "Tuesday",
          "OpenTime": "09:30:00",
          "CloseTime": "17:00:00",
          "Comments": null,
          "IsClosed": false
        },
        {
          "HourId": 3,
          "ParentId": 1,
          "DayOfWeek": "Wednesday",
          "OpenTime": "09:30:00",
          "CloseTime": "17:00:00",
          "Comments": null,
          "IsClosed": false
        },
        {
          "HourId": 4,
          "ParentId": 1,
          "DayOfWeek": "Thursday",
          "OpenTime": "09:30:00",
          "CloseTime": "17:00:00",
          "Comments": null,
          "IsClosed": false
        },
        {
          "HourId": 5,
          "ParentId": 1,
          "DayOfWeek": "Friday",
          "OpenTime": "09:30:00",
          "CloseTime": "17:00:00",
          "Comments": null,
          "IsClosed": false
        },
        {
          "HourId": 6,
          "ParentId": 1,
          "DayOfWeek": "Saturday",
          "OpenTime": null,
          "CloseTime": null,
          "Comments": null,
          "IsClosed": true
        },
        {
          "HourId": 7,
          "ParentId": 1,
          "DayOfWeek": "Sunday",
          "OpenTime": null,
          "CloseTime": null,
          "Comments": null,
          "IsClosed": true
        }
      ],
      "ContactInfo": [
        {
          "ContactInfoId": 1,
          "BranchId": 1,
          "ContactInfoValue": "780.875.4434",
          "ContactDescription": null,
          "ContactInfoTypeId": 0,
          "ContactInfoType": {
            "ContactInfoTypeId": 1,
            "ContactInfoTypeDesc": "Main Phone"
          }
        },
        {
          "ContactInfoId": 104,
          "BranchId": 1,
          "ContactInfoValue": "780.808.4777",
          "ContactDescription": null,
          "ContactInfoTypeId": 0,
          "ContactInfoType": {
            "ContactInfoTypeId": 3,
            "ContactInfoTypeDesc": "Main Fax"
          }
        },
        {
          "ContactInfoId": 222,
          "BranchId": 1,
          "ContactInfoValue": "877.606.6333",
          "ContactDescription": null,
          "ContactInfoTypeId": 0,
          "ContactInfoType": {
            "ContactInfoTypeId": 2,
            "ContactInfoTypeDesc": "Other Phone"
          }
        },
        {
          "ContactInfoId": 223,
          "BranchId": 1,
          "ContactInfoValue": "4999",
          "ContactDescription": "Access Code - Legacy CWCU",
          "ContactInfoTypeId": 0,
          "ContactInfoType": {
            "ContactInfoTypeId": 2,
            "ContactInfoTypeDesc": "Other Phone"
          }
        },
        {
          "ContactInfoId": 299,
          "BranchId": 1,
          "ContactInfoValue": "AtriumCenterBranchManagement@servus.ca",
          "ContactDescription": null,
          "ContactInfoTypeId": 0,
          "ContactInfoType": {
            "ContactInfoTypeId": 5,
            "ContactInfoTypeDesc": "Main Email"
          }
        },
        {
          "ContactInfoId": 423,
          "BranchId": 1,
          "ContactInfoValue": "780.808.4745",
          "ContactDescription": null,
          "ContactInfoTypeId": 0,
          "ContactInfoType": {
            "ContactInfoTypeId": 7,
            "ContactInfoTypeDesc": "Direct Line"
          }
        },
        {
          "ContactInfoId": 2608,
          "BranchId": 1,
          "ContactInfoValue": "https://branchdirectory.preprod.prv/Admin/EditBranch/1",
          "ContactDescription": "Test case ",
          "ContactInfoTypeId": 0,
          "ContactInfoType": {
            "ContactInfoTypeId": 8,
            "ContactInfoTypeDesc": "Appointment Booking - Retail"
          }
        }
      ]
    },
    {
      "Region": "Northeast",
      "BranchNumber": 177,
      "BranchName": "18th Street Crossing",
      "BranchAddress": "5009 - 18 Street",
      "City": "Lloydminster",
      "TransitNumber": "60199-899",
      "CommunityCityName": "Lloydminster",
      "LocationType": {
        "LocationTypeId": 1,
        "LocationTypeName": "Branch"
      },
      "BranchId": 2,
      "RegionId": 1,
      "Bin": 603164,
      "BranchManager": "Allysa Squire",
      "MailingAddress": "5009 - 18 Street",
      "PostalCode": "T9V 2G7",
      "Latitude": "53.2536594",
      "Longitude": "-110.0057391",
      "Notes": null,
      "IsActive": true,
      "BranchServices": [
        {
          "ServiceId": 368,
          "ParentId": 2,
          "ServiceTypeId": 5,
          "ServiceValue": false,
          "ServiceTypeCode": "CommercialServices",
          "ServiceTypeTitle": "Commercial Services",
          "ServiceTypeDesc": "Has Commercial Service?"
        },
        {
          "ServiceId": 455,
          "ParentId": 2,
          "ServiceTypeId": 1,
          "ServiceValue": true,
          "ServiceTypeCode": "WheelChairAccess",
          "ServiceTypeTitle": "WheelChair Access",
          "ServiceTypeDesc": "Has WheelChair Access?"
        },
        {
          "ServiceId": 621,
          "ParentId": 2,
          "ServiceTypeId": 3,
          "ServiceValue": true,
          "ServiceTypeCode": "WealthManagement",
          "ServiceTypeTitle": "Wealth Management",
          "ServiceTypeDesc": "Has Wealth Management?"
        },
        {
          "ServiceId": 635,
          "ParentId": 2,
          "ServiceTypeId": 2,
          "ServiceValue": false,
          "ServiceTypeCode": "VideoConference",
          "ServiceTypeTitle": "Video Conference",
          "ServiceTypeDesc": "Has Video Conference?"
        },
        {
          "ServiceId": 702,
          "ParentId": 2,
          "ServiceTypeId": 6,
          "ServiceValue": false,
          "ServiceTypeCode": "FinancialPlanning",
          "ServiceTypeTitle": "Financial Planning",
          "ServiceTypeDesc": "Has Financial Planning?"
        },
        {
          "ServiceId": 828,
          "ParentId": 2,
          "ServiceTypeId": 4,
          "ServiceValue": false,
          "ServiceTypeCode": "InsuranceOffice",
          "ServiceTypeTitle": "Insurance Office",
          "ServiceTypeDesc": "Has Insurance Office?"
        },
        {
          "ServiceId": 888,
          "ParentId": 2,
          "ServiceTypeId": 7,
          "ServiceValue": true,
          "ServiceTypeCode": "Chequesource",
          "ServiceTypeTitle": "Cheque Source",
          "ServiceTypeDesc": "Has Cheque Source?"
        }
      ],
      "ATMs": [
        {
          "ATMMake": {
            "ATMMakeId": 2,
            "MakeBrand": "NCR"
          },
          "LockMake": {
            "LockMakeId": 2,
            "LockBrand": "S & G"
          },
          "Branch": null,
          "ATMHours": [
            {
              "HourId": 1471,
              "ParentId": 2,
              "DayOfWeek": null,
              "OpenTime": null,
              "CloseTime": null,
              "Comments": null,
              "IsClosed": true
            },
            {
              "HourId": 1472,
              "ParentId": 2,
              "DayOfWeek": null,
              "OpenTime": null,
              "CloseTime": null,
              "Comments": null,
              "IsClosed": true
            },
            {
              "HourId": 1473,
              "ParentId": 2,
              "DayOfWeek": null,
              "OpenTime": null,
              "CloseTime": null,
              "Comments": null,
              "IsClosed": true
            },
            {
              "HourId": 1474,
              "ParentId": 2,
              "DayOfWeek": null,
              "OpenTime": null,
              "CloseTime": null,
              "Comments": null,
              "IsClosed": true
            },
            {
              "HourId": 1475,
              "ParentId": 2,
              "DayOfWeek": null,
              "OpenTime": null,
              "CloseTime": null,
              "Comments": null,
              "IsClosed": true
            },
            {
              "HourId": 1476,
              "ParentId": 2,
              "DayOfWeek": null,
              "OpenTime": null,
              "CloseTime": null,
              "Comments": null,
              "IsClosed": true
            },
            {
              "HourId": 1477,
              "ParentId": 2,
              "DayOfWeek": null,
              "OpenTime": null,
              "CloseTime": null,
              "Comments": null,
              "IsClosed": true
            }
          ],
          "ATMServices": [
            {
              "ServiceId": 5,
              "ParentId": 2,
              "ServiceTypeId": 8,
              "ServiceValue": true,
              "ServiceTypeCode": "DriveThru",
              "ServiceTypeTitle": "Drive Thru",
              "ServiceTypeDesc": "Has DriveThru?"
            },
            {
              "ServiceId": 6,
              "ParentId": 2,
              "ServiceTypeId": 9,
              "ServiceValue": true,
              "ServiceTypeCode": "Camera",
              "ServiceTypeTitle": "Camera",
              "ServiceTypeDesc": "Has Camera?"
            },
            {
              "ServiceId": 7,
              "ParentId": 2,
              "ServiceTypeId": 10,
              "ServiceValue": true,
              "ServiceTypeCode": "FullService",
              "ServiceTypeTitle": "Full Service",
              "ServiceTypeDesc": "Is Full Service?"
            },
            {
              "ServiceId": 8,
              "ParentId": 2,
              "ServiceTypeId": 11,
              "ServiceValue": true,
              "ServiceTypeCode": "24Hours",
              "ServiceTypeTitle": "24 Hours",
              "ServiceTypeDesc": "Is 24 Hours?"
            },
            {
              "ServiceId": 3023,
              "ParentId": 2,
              "ServiceTypeId": 12,
              "ServiceValue": true,
              "ServiceTypeCode": "USDCurrency",
              "ServiceTypeTitle": "USD Currency",
              "ServiceTypeDesc": "Offers USD Currency?"
            },
            {
              "ServiceId": 5023,
              "ParentId": 2,
              "ServiceTypeId": 1012,
              "ServiceValue": false,
              "ServiceTypeCode": "DepositAutomation",
              "ServiceTypeTitle": "Deposit Automation",
              "ServiceTypeDesc": "Offers Deposit Automation?"
            }
          ],
          "ATMId": 2,
          "ATMNumber": "A001N746",
          "ATMName": "Lloydminster - 18th Street Crossing",
          "ModelNumber": "6634",
          "Notes": "\r\nBranch loads cash and process deposits",
          "Brinks": "Branch",
          "BalancedBy": "Rabia Pervaiz 08 Dec 2022",
          "Cassette1": null,
          "Cassette2": null,
          "Cassette3": null,
          "Cassette4": null
        }
      ],
      "BranchHours": [
        {
          "HourId": 8,
          "ParentId": 2,
          "DayOfWeek": "Monday",
          "OpenTime": "09:30:00",
          "CloseTime": "17:00:00",
          "Comments": null,
          "IsClosed": false
        },
        {
          "HourId": 9,
          "ParentId": 2,
          "DayOfWeek": "Tuesday",
          "OpenTime": "09:30:00",
          "CloseTime": "17:00:00",
          "Comments": null,
          "IsClosed": false
        },
        {
          "HourId": 10,
          "ParentId": 2,
          "DayOfWeek": "Wednesday",
          "OpenTime": "09:30:00",
          "CloseTime": "17:00:00",
          "Comments": null,
          "IsClosed": false
        },
        {
          "HourId": 11,
          "ParentId": 2,
          "DayOfWeek": "Thursday",
          "OpenTime": "09:30:00",
          "CloseTime": "17:00:00",
          "Comments": null,
          "IsClosed": false
        },
        {
          "HourId": 12,
          "ParentId": 2,
          "DayOfWeek": "Friday",
          "OpenTime": "09:30:00",
          "CloseTime": "18:00:00",
          "Comments": null,
          "IsClosed": false
        },
        {
          "HourId": 13,
          "ParentId": 2,
          "DayOfWeek": "Saturday",
          "OpenTime": "09:30:00",
          "CloseTime": "15:00:00",
          "Comments": null,
          "IsClosed": false
        },
        {
          "HourId": 14,
          "ParentId": 2,
          "DayOfWeek": "Sunday",
          "OpenTime": null,
          "CloseTime": null,
          "Comments": null,
          "IsClosed": true
        }
      ],
      "ContactInfo": [
        {
          "ContactInfoId": 2,
          "BranchId": 2,
          "ContactInfoValue": "780-875-4434",
          "ContactDescription": null,
          "ContactInfoTypeId": 0,
          "ContactInfoType": {
            "ContactInfoTypeId": 1,
            "ContactInfoTypeDesc": "Main Phone"
          }
        },
        {
          "ContactInfoId": 105,
          "BranchId": 2,
          "ContactInfoValue": "780-874-4222",
          "ContactDescription": null,
          "ContactInfoTypeId": 0,
          "ContactInfoType": {
            "ContactInfoTypeId": 3,
            "ContactInfoTypeDesc": "Main Fax"
          }
        },
        {
          "ContactInfoId": 296,
          "BranchId": 2,
          "ContactInfoValue": "18thStreetCrossingBranch@servus.ca",
          "ContactDescription": null,
          "ContactInfoTypeId": 0,
          "ContactInfoType": {
            "ContactInfoTypeId": 5,
            "ContactInfoTypeDesc": "Main Email"
          }
        },
        {
          "ContactInfoId": 424,
          "BranchId": 2,
          "ContactInfoValue": "780-874-4210",
          "ContactDescription": "ext 44210",
          "ContactInfoTypeId": 0,
          "ContactInfoType": {
            "ContactInfoTypeId": 7,
            "ContactInfoTypeDesc": "Direct Line"
          }
        },
        {
          "ContactInfoId": 2609,
          "BranchId": 2,
          "ContactInfoValue": "https://branchdirectory.preprod.prv/Admin/EditBranch/2",
          "ContactDescription": "Chrome  ",
          "ContactInfoTypeId": 0,
          "ContactInfoType": {
            "ContactInfoTypeId": 8,
            "ContactInfoTypeDesc": "Appointment Booking - Retail"
          }
        }
      ]
    }
  ]
}
 
20:02:12.383 [main] DEBUG karate.org.apache.http.client.protocol.RequestAddCookies - CookieSpec selected: karate
20:02:12.383 [main] DEBUG karate.org.apache.http.client.protocol.RequestAuthCache - Auth cache not set in the context
20:02:12.383 [main] DEBUG com.intuit.karate - request:
1 > GET https://village-branch-directory-xapi.ca-c1.cloudhub.io/api/v1/search/branchatm?search.searchKeyword=atrium
1 > Host: village-branch-directory-xapi.ca-c1.cloudhub.io
1 > Connection: Keep-Alive
1 > User-Agent: Apache-HttpClient/4.5.13 (Java/19.0.1)
1 > Accept-Encoding: gzip,deflate


20:02:12.384 [main] DEBUG karate.org.apache.http.impl.conn.PoolingHttpClientConnectionManager - Connection request: [route: {s}->https://village-branch-directory-xapi.ca-c1.cloudhub.io:443][total available: 0; route allocated: 0 of 5; total allocated: 0 of 10]
20:02:12.384 [main] DEBUG karate.org.apache.http.impl.conn.PoolingHttpClientConnectionManager - Connection leased: [id: 2][route: {s}->https://village-branch-directory-xapi.ca-c1.cloudhub.io:443][total available: 0; route allocated: 1 of 5; total allocated: 1 of 10]
20:02:12.384 [main] DEBUG karate.org.apache.http.impl.execchain.MainClientExec - Opening connection {s}->https://village-branch-directory-xapi.ca-c1.cloudhub.io:443
20:02:12.384 [main] DEBUG karate.org.apache.http.impl.conn.DefaultHttpClientConnectionOperator - Connecting to village-branch-directory-xapi.ca-c1.cloudhub.io/3.98.101.186:443
20:02:12.384 [main] DEBUG karate.org.apache.http.conn.ssl.SSLConnectionSocketFactory - Connecting socket to village-branch-directory-xapi.ca-c1.cloudhub.io/3.98.101.186:443 with timeout 30000
20:02:12.669 [main] DEBUG karate.org.apache.http.conn.ssl.SSLConnectionSocketFactory - Enabled protocols: [TLSv1.3, TLSv1.2]
20:02:12.669 [main] DEBUG karate.org.apache.http.conn.ssl.SSLConnectionSocketFactory - Enabled cipher suites:[TLS_AES_256_GCM_SHA384, TLS_AES_128_GCM_SHA256, TLS_CHACHA20_POLY1305_SHA256, TLS_ECDHE_ECDSA_WITH_AES_256_GCM_SHA384, TLS_ECDHE_ECDSA_WITH_AES_128_GCM_SHA256, TLS_ECDHE_ECDSA_WITH_CHACHA20_POLY1305_SHA256, TLS_ECDHE_RSA_WITH_AES_256_GCM_SHA384, TLS_ECDHE_RSA_WITH_CHACHA20_POLY1305_SHA256, TLS_ECDHE_RSA_WITH_AES_128_GCM_SHA256, TLS_DHE_RSA_WITH_AES_256_GCM_SHA384, TLS_DHE_RSA_WITH_CHACHA20_POLY1305_SHA256, TLS_DHE_DSS_WITH_AES_256_GCM_SHA384, TLS_DHE_RSA_WITH_AES_128_GCM_SHA256, TLS_DHE_DSS_WITH_AES_128_GCM_SHA256, TLS_ECDHE_ECDSA_WITH_AES_256_CBC_SHA384, TLS_ECDHE_RSA_WITH_AES_256_CBC_SHA384, TLS_ECDHE_ECDSA_WITH_AES_128_CBC_SHA256, TLS_ECDHE_RSA_WITH_AES_128_CBC_SHA256, TLS_DHE_RSA_WITH_AES_256_CBC_SHA256, TLS_DHE_DSS_WITH_AES_256_CBC_SHA256, TLS_DHE_RSA_WITH_AES_128_CBC_SHA256, TLS_DHE_DSS_WITH_AES_128_CBC_SHA256, TLS_ECDH_ECDSA_WITH_AES_256_GCM_SHA384, TLS_ECDH_RSA_WITH_AES_256_GCM_SHA384, TLS_ECDH_ECDSA_WITH_AES_128_GCM_SHA256, TLS_ECDH_RSA_WITH_AES_128_GCM_SHA256, TLS_ECDH_ECDSA_WITH_AES_256_CBC_SHA384, TLS_ECDH_RSA_WITH_AES_256_CBC_SHA384, TLS_ECDH_ECDSA_WITH_AES_128_CBC_SHA256, TLS_ECDH_RSA_WITH_AES_128_CBC_SHA256, TLS_ECDHE_ECDSA_WITH_AES_256_CBC_SHA, TLS_ECDHE_RSA_WITH_AES_256_CBC_SHA, TLS_ECDHE_ECDSA_WITH_AES_128_CBC_SHA, TLS_ECDHE_RSA_WITH_AES_128_CBC_SHA, TLS_DHE_RSA_WITH_AES_256_CBC_SHA, TLS_DHE_DSS_WITH_AES_256_CBC_SHA, TLS_DHE_RSA_WITH_AES_128_CBC_SHA, TLS_DHE_DSS_WITH_AES_128_CBC_SHA, TLS_ECDH_ECDSA_WITH_AES_256_CBC_SHA, TLS_ECDH_RSA_WITH_AES_256_CBC_SHA, TLS_ECDH_ECDSA_WITH_AES_128_CBC_SHA, TLS_ECDH_RSA_WITH_AES_128_CBC_SHA, TLS_RSA_WITH_AES_256_GCM_SHA384, TLS_RSA_WITH_AES_128_GCM_SHA256, TLS_RSA_WITH_AES_256_CBC_SHA256, TLS_RSA_WITH_AES_128_CBC_SHA256, TLS_RSA_WITH_AES_256_CBC_SHA, TLS_RSA_WITH_AES_128_CBC_SHA, TLS_EMPTY_RENEGOTIATION_INFO_SCSV]
20:02:12.669 [main] DEBUG karate.org.apache.http.conn.ssl.SSLConnectionSocketFactory - Starting handshake
20:02:13.279 [main] DEBUG karate.org.apache.http.conn.ssl.SSLConnectionSocketFactory - Secure session established
20:02:13.279 [main] DEBUG karate.org.apache.http.conn.ssl.SSLConnectionSocketFactory -  negotiated protocol: TLSv1.2
20:02:13.279 [main] DEBUG karate.org.apache.http.conn.ssl.SSLConnectionSocketFactory -  negotiated cipher suite: TLS_ECDHE_RSA_WITH_AES_128_GCM_SHA256
20:02:13.279 [main] DEBUG karate.org.apache.http.conn.ssl.SSLConnectionSocketFactory -  peer principal: CN=ca-c1.cloudhub.io
20:02:13.279 [main] DEBUG karate.org.apache.http.conn.ssl.SSLConnectionSocketFactory -  peer alternative names: [ca-c1.cloudhub.io, mr.cloudhub.io, *.ca-c1.cloudhub.io, *.ca.cloudhub.io, *.mr.cloudhub.io, ca.cloudhub.io]
20:02:13.279 [main] DEBUG karate.org.apache.http.conn.ssl.SSLConnectionSocketFactory -  issuer principal: CN=Amazon RSA 2048 M02, O=Amazon, C=US
20:02:13.280 [main] DEBUG karate.org.apache.http.impl.conn.DefaultHttpClientConnectionOperator - Connection established 192.168.1.4:53786<->3.98.101.186:443
20:02:13.280 [main] DEBUG karate.org.apache.http.impl.conn.DefaultManagedHttpClientConnection - http-outgoing-2: set socket timeout to 30000
20:02:13.280 [main] DEBUG karate.org.apache.http.impl.execchain.MainClientExec - Executing request GET /api/v1/search/branchatm?search.searchKeyword=atrium HTTP/1.1
20:02:13.280 [main] DEBUG karate.org.apache.http.impl.execchain.MainClientExec - Target auth state: UNCHALLENGED
20:02:13.280 [main] DEBUG karate.org.apache.http.impl.execchain.MainClientExec - Proxy auth state: UNCHALLENGED
20:02:13.281 [main] DEBUG karate.org.apache.http.headers - http-outgoing-2 >> GET /api/v1/search/branchatm?search.searchKeyword=atrium HTTP/1.1
20:02:13.281 [main] DEBUG karate.org.apache.http.headers - http-outgoing-2 >> Host: village-branch-directory-xapi.ca-c1.cloudhub.io
20:02:13.281 [main] DEBUG karate.org.apache.http.headers - http-outgoing-2 >> Connection: Keep-Alive
20:02:13.281 [main] DEBUG karate.org.apache.http.headers - http-outgoing-2 >> User-Agent: Apache-HttpClient/4.5.13 (Java/19.0.1)
20:02:13.281 [main] DEBUG karate.org.apache.http.headers - http-outgoing-2 >> Accept-Encoding: gzip,deflate
20:02:13.281 [main] DEBUG karate.org.apache.http.wire - http-outgoing-2 >> "GET /api/v1/search/branchatm?search.searchKeyword=atrium HTTP/1.1[\r][\n]"
20:02:13.281 [main] DEBUG karate.org.apache.http.wire - http-outgoing-2 >> "Host: village-branch-directory-xapi.ca-c1.cloudhub.io[\r][\n]"
20:02:13.281 [main] DEBUG karate.org.apache.http.wire - http-outgoing-2 >> "Connection: Keep-Alive[\r][\n]"
20:02:13.281 [main] DEBUG karate.org.apache.http.wire - http-outgoing-2 >> "User-Agent: Apache-HttpClient/4.5.13 (Java/19.0.1)[\r][\n]"
20:02:13.281 [main] DEBUG karate.org.apache.http.wire - http-outgoing-2 >> "Accept-Encoding: gzip,deflate[\r][\n]"
20:02:13.281 [main] DEBUG karate.org.apache.http.wire - http-outgoing-2 >> "[\r][\n]"
20:02:13.761 [main] DEBUG karate.org.apache.http.wire - http-outgoing-2 << "HTTP/1.1 200 OK[\r][\n]"
20:02:13.762 [main] DEBUG karate.org.apache.http.wire - http-outgoing-2 << "Content-Type: application/json; charset=UTF-8[\r][\n]"
20:02:13.762 [main] DEBUG karate.org.apache.http.wire - http-outgoing-2 << "Date: Mon, 17 Apr 2023 14:32:13 GMT[\r][\n]"
20:02:13.762 [main] DEBUG karate.org.apache.http.wire - http-outgoing-2 << "Server: nginx[\r][\n]"
20:02:13.762 [main] DEBUG karate.org.apache.http.wire - http-outgoing-2 << "Content-Length: 635[\r][\n]"
20:02:13.762 [main] DEBUG karate.org.apache.http.wire - http-outgoing-2 << "Connection: keep-alive[\r][\n]"
20:02:13.762 [main] DEBUG karate.org.apache.http.wire - http-outgoing-2 << "[\r][\n]"
20:02:13.762 [main] DEBUG karate.org.apache.http.wire - http-outgoing-2 << "{[\n]"
20:02:13.762 [main] DEBUG karate.org.apache.http.wire - http-outgoing-2 << "  "Total": "2",[\n]"
20:02:13.762 [main] DEBUG karate.org.apache.http.wire - http-outgoing-2 << "  "Messages": [[\n]"
20:02:13.762 [main] DEBUG karate.org.apache.http.wire - http-outgoing-2 << "    [\n]"
20:02:13.762 [main] DEBUG karate.org.apache.http.wire - http-outgoing-2 << "  ],[\n]"
20:02:13.762 [main] DEBUG karate.org.apache.http.wire - http-outgoing-2 << "  "ApiVersionNumber": "1.3.0.0",[\n]"
20:02:13.762 [main] DEBUG karate.org.apache.http.wire - http-outgoing-2 << "  "IsSuccess": true,[\n]"
20:02:13.762 [main] DEBUG karate.org.apache.http.wire - http-outgoing-2 << "  "Response": [[\n]"
20:02:13.762 [main] DEBUG karate.org.apache.http.wire - http-outgoing-2 << "    {[\n]"
20:02:13.762 [main] DEBUG karate.org.apache.http.wire - http-outgoing-2 << "      "Id": 1,[\n]"
20:02:13.762 [main] DEBUG karate.org.apache.http.wire - http-outgoing-2 << "      "Number": "205",[\n]"
20:02:13.762 [main] DEBUG karate.org.apache.http.wire - http-outgoing-2 << "      "Name": "Atrium Centre",[\n]"
20:02:13.762 [main] DEBUG karate.org.apache.http.wire - http-outgoing-2 << "      "Address": "5012 49 Street",[\n]"
20:02:13.762 [main] DEBUG karate.org.apache.http.wire - http-outgoing-2 << "      "CityName": "Lloydminster",[\n]"
20:02:13.762 [main] DEBUG karate.org.apache.http.wire - http-outgoing-2 << "      "Latitude": "53.282527",[\n]"
20:02:13.762 [main] DEBUG karate.org.apache.http.wire - http-outgoing-2 << "      "Longitude": "-110.0058147",[\n]"
20:02:13.762 [main] DEBUG karate.org.apache.http.wire - http-outgoing-2 << "      "IsActive": true,[\n]"
20:02:13.762 [main] DEBUG karate.org.apache.http.wire - http-outgoing-2 << "      "Type": 0[\n]"
20:02:13.762 [main] DEBUG karate.org.apache.http.wire - http-outgoing-2 << "    },[\n]"
20:02:13.762 [main] DEBUG karate.org.apache.http.wire - http-outgoing-2 << "    {[\n]"
20:02:13.762 [main] DEBUG karate.org.apache.http.wire - http-outgoing-2 << "      "Id": 1,[\n]"
20:02:13.762 [main] DEBUG karate.org.apache.http.wire - http-outgoing-2 << "      "Number": "A001N865",[\n]"
20:02:13.762 [main] DEBUG karate.org.apache.http.wire - http-outgoing-2 << "      "Name": "Lloydminster - Atrium Centre",[\n]"
20:02:13.762 [main] DEBUG karate.org.apache.http.wire - http-outgoing-2 << "      "Address": "5012 49 Street",[\n]"
20:02:13.762 [main] DEBUG karate.org.apache.http.wire - http-outgoing-2 << "      "CityName": "Lloydminster",[\n]"
20:02:13.762 [main] DEBUG karate.org.apache.http.wire - http-outgoing-2 << "      "Latitude": null,[\n]"
20:02:13.762 [main] DEBUG karate.org.apache.http.wire - http-outgoing-2 << "      "Longitude": null,[\n]"
20:02:13.762 [main] DEBUG karate.org.apache.http.wire - http-outgoing-2 << "      "IsActive": true,[\n]"
20:02:13.762 [main] DEBUG karate.org.apache.http.wire - http-outgoing-2 << "      "Type": 1[\n]"
20:02:13.762 [main] DEBUG karate.org.apache.http.wire - http-outgoing-2 << "    }[\n]"
20:02:13.762 [main] DEBUG karate.org.apache.http.wire - http-outgoing-2 << "  ][\n]"
20:02:13.763 [main] DEBUG karate.org.apache.http.wire - http-outgoing-2 << "}"
20:02:13.763 [main] DEBUG karate.org.apache.http.headers - http-outgoing-2 << HTTP/1.1 200 OK
20:02:13.763 [main] DEBUG karate.org.apache.http.headers - http-outgoing-2 << Content-Type: application/json; charset=UTF-8
20:02:13.763 [main] DEBUG karate.org.apache.http.headers - http-outgoing-2 << Date: Mon, 17 Apr 2023 14:32:13 GMT
20:02:13.763 [main] DEBUG karate.org.apache.http.headers - http-outgoing-2 << Server: nginx
20:02:13.763 [main] DEBUG karate.org.apache.http.headers - http-outgoing-2 << Content-Length: 635
20:02:13.763 [main] DEBUG karate.org.apache.http.headers - http-outgoing-2 << Connection: keep-alive
20:02:13.763 [main] DEBUG karate.org.apache.http.impl.execchain.MainClientExec - Connection can be kept alive indefinitely
20:02:13.763 [main] DEBUG karate.org.apache.http.impl.conn.PoolingHttpClientConnectionManager - Connection [id: 2][route: {s}->https://village-branch-directory-xapi.ca-c1.cloudhub.io:443] can be kept alive indefinitely
20:02:13.763 [main] DEBUG karate.org.apache.http.impl.conn.DefaultManagedHttpClientConnection - http-outgoing-2: set socket timeout to 0
20:02:13.763 [main] DEBUG karate.org.apache.http.impl.conn.PoolingHttpClientConnectionManager - Connection released: [id: 2][route: {s}->https://village-branch-directory-xapi.ca-c1.cloudhub.io:443][total available: 1; route allocated: 1 of 5; total allocated: 1 of 10]
20:02:13.764 [main] DEBUG com.intuit.karate - response time in milliseconds: 1380
1 < 200
1 < Content-Type: application/json; charset=UTF-8
1 < Date: Mon, 17 Apr 2023 14:32:13 GMT
1 < Server: nginx
1 < Content-Length: 635
1 < Connection: keep-alive
{
  "Total": "2",
  "Messages": [
    
  ],
  "ApiVersionNumber": "1.3.0.0",
  "IsSuccess": true,
  "Response": [
    {
      "Id": 1,
      "Number": "205",
      "Name": "Atrium Centre",
      "Address": "5012 49 Street",
      "CityName": "Lloydminster",
      "Latitude": "53.282527",
      "Longitude": "-110.0058147",
      "IsActive": true,
      "Type": 0
    },
    {
      "Id": 1,
      "Number": "A001N865",
      "Name": "Lloydminster - Atrium Centre",
      "Address": "5012 49 Street",
      "CityName": "Lloydminster",
      "Latitude": null,
      "Longitude": null,
      "IsActive": true,
      "Type": 1
    }
  ]
}

20:02:13.770 [main] INFO com.intuit.karate - [print] Resss {
  "Id": 1,
  "Number": "A001N865",
  "Name": "Lloydminster - Atrium Centre",
  "Address": "5012 49 Street",
  "CityName": "Lloydminster",
  "Latitude": null,
  "Longitude": null,
  "IsActive": true,
  "Type": 1
}
 
20:02:13.773 [main] INFO com.intuit.karate - [print] response  {
  "Total": "2",
  "Messages": [
  ],
  "ApiVersionNumber": "1.3.0.0",
  "IsSuccess": true,
  "Response": [
    {
      "Id": 1,
      "Number": "205",
      "Name": "Atrium Centre",
      "Address": "5012 49 Street",
      "CityName": "Lloydminster",
      "Latitude": "53.282527",
      "Longitude": "-110.0058147",
      "IsActive": true,
      "Type": 0
    },
    {
      "Id": 1,
      "Number": "A001N865",
      "Name": "Lloydminster - Atrium Centre",
      "Address": "5012 49 Street",
      "CityName": "Lloydminster",
      "Latitude": null,
      "Longitude": null,
      "IsActive": true,
      "Type": 1
    }
  ]
}
 
20:02:13.799 [main] DEBUG karate.org.apache.http.client.protocol.RequestAddCookies - CookieSpec selected: karate
20:02:13.799 [main] DEBUG karate.org.apache.http.client.protocol.RequestAuthCache - Auth cache not set in the context
20:02:13.799 [main] DEBUG com.intuit.karate - request:
1 > GET https://village-branch-directory-xapi.ca-c1.cloudhub.io/api/v1/atm?search.cityName=Red
1 > Host: village-branch-directory-xapi.ca-c1.cloudhub.io
1 > Connection: Keep-Alive
1 > User-Agent: Apache-HttpClient/4.5.13 (Java/19.0.1)
1 > Accept-Encoding: gzip,deflate


20:02:13.800 [main] DEBUG karate.org.apache.http.impl.conn.PoolingHttpClientConnectionManager - Connection request: [route: {s}->https://village-branch-directory-xapi.ca-c1.cloudhub.io:443][total available: 0; route allocated: 0 of 5; total allocated: 0 of 10]
20:02:13.800 [main] DEBUG karate.org.apache.http.impl.conn.PoolingHttpClientConnectionManager - Connection leased: [id: 3][route: {s}->https://village-branch-directory-xapi.ca-c1.cloudhub.io:443][total available: 0; route allocated: 1 of 5; total allocated: 1 of 10]
20:02:13.800 [main] DEBUG karate.org.apache.http.impl.execchain.MainClientExec - Opening connection {s}->https://village-branch-directory-xapi.ca-c1.cloudhub.io:443
20:02:13.801 [main] DEBUG karate.org.apache.http.impl.conn.DefaultHttpClientConnectionOperator - Connecting to village-branch-directory-xapi.ca-c1.cloudhub.io/3.98.101.186:443
20:02:13.801 [main] DEBUG karate.org.apache.http.conn.ssl.SSLConnectionSocketFactory - Connecting socket to village-branch-directory-xapi.ca-c1.cloudhub.io/3.98.101.186:443 with timeout 30000
20:02:14.083 [main] DEBUG karate.org.apache.http.conn.ssl.SSLConnectionSocketFactory - Enabled protocols: [TLSv1.3, TLSv1.2]
20:02:14.083 [main] DEBUG karate.org.apache.http.conn.ssl.SSLConnectionSocketFactory - Enabled cipher suites:[TLS_AES_256_GCM_SHA384, TLS_AES_128_GCM_SHA256, TLS_CHACHA20_POLY1305_SHA256, TLS_ECDHE_ECDSA_WITH_AES_256_GCM_SHA384, TLS_ECDHE_ECDSA_WITH_AES_128_GCM_SHA256, TLS_ECDHE_ECDSA_WITH_CHACHA20_POLY1305_SHA256, TLS_ECDHE_RSA_WITH_AES_256_GCM_SHA384, TLS_ECDHE_RSA_WITH_CHACHA20_POLY1305_SHA256, TLS_ECDHE_RSA_WITH_AES_128_GCM_SHA256, TLS_DHE_RSA_WITH_AES_256_GCM_SHA384, TLS_DHE_RSA_WITH_CHACHA20_POLY1305_SHA256, TLS_DHE_DSS_WITH_AES_256_GCM_SHA384, TLS_DHE_RSA_WITH_AES_128_GCM_SHA256, TLS_DHE_DSS_WITH_AES_128_GCM_SHA256, TLS_ECDHE_ECDSA_WITH_AES_256_CBC_SHA384, TLS_ECDHE_RSA_WITH_AES_256_CBC_SHA384, TLS_ECDHE_ECDSA_WITH_AES_128_CBC_SHA256, TLS_ECDHE_RSA_WITH_AES_128_CBC_SHA256, TLS_DHE_RSA_WITH_AES_256_CBC_SHA256, TLS_DHE_DSS_WITH_AES_256_CBC_SHA256, TLS_DHE_RSA_WITH_AES_128_CBC_SHA256, TLS_DHE_DSS_WITH_AES_128_CBC_SHA256, TLS_ECDH_ECDSA_WITH_AES_256_GCM_SHA384, TLS_ECDH_RSA_WITH_AES_256_GCM_SHA384, TLS_ECDH_ECDSA_WITH_AES_128_GCM_SHA256, TLS_ECDH_RSA_WITH_AES_128_GCM_SHA256, TLS_ECDH_ECDSA_WITH_AES_256_CBC_SHA384, TLS_ECDH_RSA_WITH_AES_256_CBC_SHA384, TLS_ECDH_ECDSA_WITH_AES_128_CBC_SHA256, TLS_ECDH_RSA_WITH_AES_128_CBC_SHA256, TLS_ECDHE_ECDSA_WITH_AES_256_CBC_SHA, TLS_ECDHE_RSA_WITH_AES_256_CBC_SHA, TLS_ECDHE_ECDSA_WITH_AES_128_CBC_SHA, TLS_ECDHE_RSA_WITH_AES_128_CBC_SHA, TLS_DHE_RSA_WITH_AES_256_CBC_SHA, TLS_DHE_DSS_WITH_AES_256_CBC_SHA, TLS_DHE_RSA_WITH_AES_128_CBC_SHA, TLS_DHE_DSS_WITH_AES_128_CBC_SHA, TLS_ECDH_ECDSA_WITH_AES_256_CBC_SHA, TLS_ECDH_RSA_WITH_AES_256_CBC_SHA, TLS_ECDH_ECDSA_WITH_AES_128_CBC_SHA, TLS_ECDH_RSA_WITH_AES_128_CBC_SHA, TLS_RSA_WITH_AES_256_GCM_SHA384, TLS_RSA_WITH_AES_128_GCM_SHA256, TLS_RSA_WITH_AES_256_CBC_SHA256, TLS_RSA_WITH_AES_128_CBC_SHA256, TLS_RSA_WITH_AES_256_CBC_SHA, TLS_RSA_WITH_AES_128_CBC_SHA, TLS_EMPTY_RENEGOTIATION_INFO_SCSV]
20:02:14.083 [main] DEBUG karate.org.apache.http.conn.ssl.SSLConnectionSocketFactory - Starting handshake
20:02:14.684 [main] DEBUG karate.org.apache.http.conn.ssl.SSLConnectionSocketFactory - Secure session established
20:02:14.684 [main] DEBUG karate.org.apache.http.conn.ssl.SSLConnectionSocketFactory -  negotiated protocol: TLSv1.2
20:02:14.684 [main] DEBUG karate.org.apache.http.conn.ssl.SSLConnectionSocketFactory -  negotiated cipher suite: TLS_ECDHE_RSA_WITH_AES_128_GCM_SHA256
20:02:14.684 [main] DEBUG karate.org.apache.http.conn.ssl.SSLConnectionSocketFactory -  peer principal: CN=ca-c1.cloudhub.io
20:02:14.684 [main] DEBUG karate.org.apache.http.conn.ssl.SSLConnectionSocketFactory -  peer alternative names: [ca-c1.cloudhub.io, mr.cloudhub.io, *.ca-c1.cloudhub.io, *.ca.cloudhub.io, *.mr.cloudhub.io, ca.cloudhub.io]
20:02:14.684 [main] DEBUG karate.org.apache.http.conn.ssl.SSLConnectionSocketFactory -  issuer principal: CN=Amazon RSA 2048 M02, O=Amazon, C=US
20:02:14.685 [main] DEBUG karate.org.apache.http.impl.conn.DefaultHttpClientConnectionOperator - Connection established 192.168.1.4:53787<->3.98.101.186:443
20:02:14.685 [main] DEBUG karate.org.apache.http.impl.conn.DefaultManagedHttpClientConnection - http-outgoing-3: set socket timeout to 30000
20:02:14.685 [main] DEBUG karate.org.apache.http.impl.execchain.MainClientExec - Executing request GET /api/v1/atm?search.cityName=Red HTTP/1.1
20:02:14.685 [main] DEBUG karate.org.apache.http.impl.execchain.MainClientExec - Target auth state: UNCHALLENGED
20:02:14.685 [main] DEBUG karate.org.apache.http.impl.execchain.MainClientExec - Proxy auth state: UNCHALLENGED
20:02:14.685 [main] DEBUG karate.org.apache.http.headers - http-outgoing-3 >> GET /api/v1/atm?search.cityName=Red HTTP/1.1
20:02:14.685 [main] DEBUG karate.org.apache.http.headers - http-outgoing-3 >> Host: village-branch-directory-xapi.ca-c1.cloudhub.io
20:02:14.685 [main] DEBUG karate.org.apache.http.headers - http-outgoing-3 >> Connection: Keep-Alive
20:02:14.685 [main] DEBUG karate.org.apache.http.headers - http-outgoing-3 >> User-Agent: Apache-HttpClient/4.5.13 (Java/19.0.1)
20:02:14.685 [main] DEBUG karate.org.apache.http.headers - http-outgoing-3 >> Accept-Encoding: gzip,deflate
20:02:14.685 [main] DEBUG karate.org.apache.http.wire - http-outgoing-3 >> "GET /api/v1/atm?search.cityName=Red HTTP/1.1[\r][\n]"
20:02:14.685 [main] DEBUG karate.org.apache.http.wire - http-outgoing-3 >> "Host: village-branch-directory-xapi.ca-c1.cloudhub.io[\r][\n]"
20:02:14.685 [main] DEBUG karate.org.apache.http.wire - http-outgoing-3 >> "Connection: Keep-Alive[\r][\n]"
20:02:14.685 [main] DEBUG karate.org.apache.http.wire - http-outgoing-3 >> "User-Agent: Apache-HttpClient/4.5.13 (Java/19.0.1)[\r][\n]"
20:02:14.685 [main] DEBUG karate.org.apache.http.wire - http-outgoing-3 >> "Accept-Encoding: gzip,deflate[\r][\n]"
20:02:14.686 [main] DEBUG karate.org.apache.http.wire - http-outgoing-3 >> "[\r][\n]"
20:02:15.451 [main] DEBUG karate.org.apache.http.wire - http-outgoing-3 << "HTTP/1.1 200 OK[\r][\n]"
20:02:15.451 [main] DEBUG karate.org.apache.http.wire - http-outgoing-3 << "Content-Type: application/json; charset=UTF-8[\r][\n]"
20:02:15.451 [main] DEBUG karate.org.apache.http.wire - http-outgoing-3 << "Date: Mon, 17 Apr 2023 14:32:15 GMT[\r][\n]"
20:02:15.451 [main] DEBUG karate.org.apache.http.wire - http-outgoing-3 << "Server: nginx[\r][\n]"
20:02:15.451 [main] DEBUG karate.org.apache.http.wire - http-outgoing-3 << "Content-Length: 58017[\r][\n]"
20:02:15.451 [main] DEBUG karate.org.apache.http.wire - http-outgoing-3 << "Connection: keep-alive[\r][\n]"
20:02:15.451 [main] DEBUG karate.org.apache.http.wire - http-outgoing-3 << "[\r][\n]"
20:02:15.451 [main] DEBUG karate.org.apache.http.wire - http-outgoing-3 << "{[\n]"
20:02:15.451 [main] DEBUG karate.org.apache.http.wire - http-outgoing-3 << "  "Total": 14,[\n]"
20:02:15.451 [main] DEBUG karate.org.apache.http.wire - http-outgoing-3 << "  "Messages": [[\n]"
20:02:15.451 [main] DEBUG karate.org.apache.http.wire - http-outgoing-3 << "    [\n]"
20:02:15.451 [main] DEBUG karate.org.apache.http.wire - http-outgoing-3 << "  ],[\n]"
20:02:15.451 [main] DEBUG karate.org.apache.http.wire - http-outgoing-3 << "  "ApiVersionNumber": "1.3.0.0",[\n]"
20:02:15.451 [main] DEBUG karate.org.apache.http.wire - http-outgoing-3 << "  "IsSuccess": true,[\n]"
20:02:15.451 [main] DEBUG karate.org.apache.http.wire - http-outgoing-3 << "  "Response": [[\n]"
20:02:15.451 [main] DEBUG karate.org.apache.http.wire - http-outgoing-3 << "    {[\n]"
20:02:15.451 [main] DEBUG karate.org.apache.http.wire - http-outgoing-3 << "      "CityName": "Red Deer",[\n]"
20:02:15.451 [main] DEBUG karate.org.apache.http.wire - http-outgoing-3 << "      "CityId": null,[\n]"
20:02:15.451 [main] DEBUG karate.org.apache.http.wire - http-outgoing-3 << "      "ATMMakeId": 3,[\n]"
20:02:15.452 [main] DEBUG karate.org.apache.http.wire - http-outgoing-3 << "      "LockMakeId": 3,[\n]"
20:02:15.452 [main] DEBUG karate.org.apache.http.wire - http-outgoing-3 << "      "AlarmVendorId": 1,[\n]"
20:02:15.452 [main] DEBUG karate.org.apache.http.wire - http-outgoing-3 << "      "BranchId": 18,[\n]"
20:02:15.452 [main] DEBUG karate.org.apache.http.wire - http-outgoing-3 << "      "AlarmVendor": {[\n]"
20:02:15.452 [main] DEBUG karate.org.apache.http.wire - http-outgoing-3 << "        "AlarmVendorId": 1,[\n]"
20:02:15.452 [main] DEBUG karate.org.apache.http.wire - http-outgoing-3 << "        "VendorName": "Tyco"[\n]"
20:02:15.452 [main] DEBUG karate.org.apache.http.wire - http-outgoing-3 << "      },[\n]"
20:02:15.452 [main] DEBUG karate.org.apache.http.wire - http-outgoing-3 << "      "ATMMake": {[\n]"
20:02:15.452 [main] DEBUG karate.org.apache.http.wire - http-outgoing-3 << "        "ATMMakeId": 3,[\n]"
20:02:15.452 [main] DEBUG karate.org.apache.http.wire - http-outgoing-3 << "        "MakeBrand": "Unknown"[\n]"
20:02:15.452 [main] DEBUG karate.org.apache.http.wire - http-outgoing-3 << "      },[\n]"
20:02:15.452 [main] DEBUG karate.org.apache.http.wire - http-outgoing-3 << "      "LockMake": {[\n]"
20:02:15.452 [main] DEBUG karate.org.apache.http.wire - http-outgoing-3 << "        "LockMakeId": 3,[\n]"
20:02:15.452 [main] DEBUG karate.org.apache.http.wire - http-outgoing-3 << "        "LockBrand": "Unknown"[\n]"
20:02:15.452 [main] DEBUG karate.org.apache.http.wire - http-outgoing-3 << "      },[\n]"
20:02:15.452 [main] DEBUG karate.org.apache.http.wire - http-outgoing-3 << "      "Branch": null,[\n]"
20:02:15.452 [main] DEBUG karate.org.apache.http.wire - http-outgoing-3 << "      "ATMHours": [[\n]"
20:02:15.452 [main] DEBUG karate.org.apache.http.wire - http-outgoing-3 << "        [\n]"
20:02:15.452 [main] DEBUG karate.org.apache.http.wire - http-outgoing-3 << "      ],[\n]"
20:02:15.452 [main] DEBUG karate.org.apache.http.wire - http-outgoing-3 << "      "ATMServices": [[\n]"
20:02:15.452 [main] DEBUG karate.org.apache.http.wire - http-outgoing-3 << "        {[\n]"
20:02:15.452 [main] DEBUG karate.org.apache.http.wire - http-outgoing-3 << "          "ServiceId": 3039,[\n]"
20:02:15.452 [main] DEBUG karate.org.apache.http.wire - http-outgoing-3 << "          "ParentId": 23,[\n]"
20:02:15.452 [main] DEBUG karate.org.apache.http.wire - http-outgoing-3 << "          "ServiceTypeId": 12,[\n]"
20:02:15.452 [main] DEBUG karate.org.apache.http.wire - http-outgoing-3 << "          "ServiceValue": false,[\n]"
20:02:15.452 [main] DEBUG karate.org.apache.http.wire - http-outgoing-3 << "          "ServiceTypeCode": "USDCurrency",[\n]"
20:02:15.452 [main] DEBUG karate.org.apache.http.wire - http-outgoing-3 << "          "ServiceTypeTitle": "USD Currency",[\n]"
20:02:15.452 [main] DEBUG karate.org.apache.http.wire - http-outgoing-3 << "          "ServiceTypeDesc": "Offers USD Currency?"[\n]"
20:02:15.452 [main] DEBUG karate.org.apache.http.wire - http-outgoing-3 << "        },[\n]"
20:02:15.453 [main] DEBUG karate.org.apache.http.wire - http-outgoing-3 << "        {[\n]"
20:02:15.453 [main] DEBUG karate.org.apache.http.wire - http-outgoing-3 << "          "ServiceId": 5039,[\n]"
20:02:15.453 [main] DEBUG karate.org.apache.http.wire - http-outgoing-3 << "          "ParentId": 23,[\n]"
20:02:15.453 [main] DEBUG karate.org.apache.http.wire - http-outgoing-3 << "          "ServiceTypeId": 1012,[\n]"
20:02:15.453 [main] DEBUG karate.org.apache.http.wire - http-outgoing-3 << "          "ServiceValue": false,[\n]"
20:02:15.453 [main] DEBUG karate.org.apache.http.wire - http-outgoing-3 << "          "ServiceTypeCode": "DepositAutomation",[\n]"
20:02:15.453 [main] DEBUG karate.org.apache.http.wire - http-outgoing-3 << "          "ServiceTypeTitle": "Deposit Automation",[\n]"
20:02:15.453 [main] DEBUG karate.org.apache.http.wire - http-outgoing-3 << "          "ServiceTypeDesc": "Offers Deposit Automation?"[\n]"
20:02:15.453 [main] DEBUG karate.org.apache.http.wire - http-outgoing-3 << "        }[\n]"
20:02:15.453 [main] DEBUG karate.org.apache.http.wire - http-outgoing-3 << "      ],[\n]"
20:02:15.453 [main] DEBUG karate.org.apache.http.wire - http-outgoing-3 << "      "ATMId": 23,[\n]"
20:02:15.453 [main] DEBUG karate.org.apache.http.wire - http-outgoing-3 << "      "ATMNumber": null,[\n]"
20:02:15.453 [main] DEBUG karate.org.apache.http.wire - http-outgoing-3 << "      "ATMName": "Red Deer - Regional Office",[\n]"
20:02:15.453 [main] DEBUG karate.org.apache.http.wire - http-outgoing-3 << "      "ModelNumber": null,[\n]"
20:02:15.453 [main] DEBUG karate.org.apache.http.wire - http-outgoing-3 << "      "SerialNumber": null,[\n]"
20:02:15.453 [main] DEBUG karate.org.apache.http.wire - http-outgoing-3 << "      "LockSerial": null,[\n]"
20:02:15.453 [main] DEBUG karate.org.apache.http.wire - http-outgoing-3 << "      "MainProvider": null,[\n]"
20:02:15.453 [main] DEBUG karate.org.apache.http.wire - http-outgoing-3 << "      "SoftwareVersion": null,[\n]"
20:02:15.453 [main] DEBUG karate.org.apache.http.wire - http-outgoing-3 << "      "ATMAddress": "601- 4901 48 Street",[\n]"
20:02:15.453 [main] DEBUG karate.org.apache.http.wire - http-outgoing-3 << "      "Latitude": null,[\n]"
20:02:15.453 [main] DEBUG karate.org.apache.http.wire - http-outgoing-3 << "      "Longitude": null,[\n]"
20:02:15.453 [main] DEBUG karate.org.apache.http.wire - http-outgoing-3 << "      "IPAddress": null,[\n]"
20:02:15.453 [main] DEBUG karate.org.apache.http.wire - http-outgoing-3 << "      "Gateway": null,[\n]"
20:02:15.453 [main] DEBUG karate.org.apache.http.wire - http-outgoing-3 << "      "Subnet": null,[\n]"
20:02:15.453 [main] DEBUG karate.org.apache.http.wire - http-outgoing-3 << "      "OriginalInstallDate": null,[\n]"
20:02:15.453 [main] DEBUG karate.org.apache.http.wire - http-outgoing-3 << "      "EPPModelNumber": null,[\n]"
20:02:15.453 [main] DEBUG karate.org.apache.http.wire - http-outgoing-3 << "      "EPPCertificateNumber": null,[\n]"
20:02:15.453 [main] DEBUG karate.org.apache.http.wire - http-outgoing-3 << "      "EPPPartNumber": null,[\n]"
20:02:15.453 [main] DEBUG karate.org.apache.http.wire - http-outgoing-3 << "      "EPPVersionNumber": null,[\n]"
20:02:15.453 [main] DEBUG karate.org.apache.http.wire - http-outgoing-3 << "      "EPPInstallDate": null,[\n]"
20:02:15.453 [main] DEBUG karate.org.apache.http.wire - http-outgoing-3 << "      "ReplacementDate": null,[\n]"
20:02:15.453 [main] DEBUG karate.org.apache.http.wire - http-outgoing-3 << "      "IsAddressSameAsBranch": true,[\n]"
20:02:15.453 [main] DEBUG karate.org.apache.http.wire - http-outgoing-3 << "      "ATMImageName": null,[\n]"
20:02:15.453 [main] DEBUG karate.org.apache.http.wire - http-outgoing-3 << "      "Notes": null,[\n]"
20:02:15.453 [main] DEBUG karate.org.apache.http.wire - http-outgoing-3 << "      "InternalNotes": null,[\n]"
20:02:15.453 [main] DEBUG karate.org.apache.http.wire - http-outgoing-3 << "      "BranchName": "Administration",[\n]"
20:02:15.453 [main] DEBUG karate.org.apache.http.wire - http-outgoing-3 << "      "IsActive": false,[\n]"
20:02:15.454 [main] DEBUG karate.org.apache.http.wire - http-outgoing-3 << "      "PostalCode": "",[\n]"
20:02:15.454 [main] DEBUG karate.org.apache.http.wire - http-outgoing-3 << "      "BranchCityId": 49,[\n]"
20:02:15.454 [main] DEBUG karate.org.apache.http.wire - http-outgoing-3 << "      "BranchAddress": "601- 4901 48 Street",[\n]"
20:02:15.454 [main] DEBUG karate.org.apache.http.wire - http-outgoing-3 << "      "Brinks": null,[\n]"
20:02:15.454 [main] DEBUG karate.org.apache.http.wire - http-outgoing-3 << "      "BalancedBy": null,[\n]"
20:02:15.454 [main] DEBUG karate.org.apache.http.wire - http-outgoing-3 << "      "Cassette1": null,[\n]"
20:02:15.454 [main] DEBUG karate.org.apache.http.wire - http-outgoing-3 << "      "Cassette2": null,[\n]"
20:02:15.454 [main] DEBUG karate.org.apache.http.wire - http-outgoing-3 << "      "Cassette3": null,[\n]"
20:02:15.454 [main] DEBUG karate.org.apache.http.wire - http-outgoing-3 << "      "Cassette4": null[\n]"
20:02:15.454 [main] DEBUG karate.org.apache.http.wire - http-outgoing-3 << "    },[\n]"
20:02:15.454 [main] DEBUG karate.org.apache.http.wire - http-outgoing-3 << "    {[\n]"
20:02:15.454 [main] DEBUG karate.org.apache.http.wire - http-outgoing-3 << "      "CityName": "Red Deer",[\n]"
20:02:15.454 [main] DEBUG karate.org.apache.http.wire - http-outgoing-3 << "      "CityId": null,[\n]"
20:02:15.454 [main] DEBUG karate.org.apache.http.wire - http-outgoing-3 << "      "ATMMakeId": 1,[\n]"
20:02:15.454 [main] DEBUG karate.org.apache.http.wire - http-outgoing-3 << "      "LockMakeId": 1,[\n]"
20:02:15.454 [main] DEBUG karate.org.apache.http.wire - http-outgoing-3 << "      "AlarmVendorId": 1,[\n]"
20:02:15.454 [main] DEBUG karate.org.apache.http.wire - http-outgoing-3 << "      "BranchId": 45,[\n]"
20:02:15.454 [main] DEBUG karate.org.apache.http.wire - http-outgoing-3 << "      "AlarmVendor": {[\n]"
20:02:15.454 [main] DEBUG karate.org.apache.http.wire - http-outgoing-3 << "        "AlarmVendorId": 1,[\n]"
20:02:15.454 [main] DEBUG karate.org.apache.http.wire - http-outgoing-3 << "        "VendorName": "Tyco"[\n]"
20:02:15.454 [main] DEBUG karate.org.apache.http.wire - http-outgoing-3 << "      },[\n]"
20:02:15.454 [main] DEBUG karate.org.apache.http.wire - http-outgoing-3 << "      "ATMMake": {[\n]"
20:02:15.454 [main] DEBUG karate.org.apache.http.wire - http-outgoing-3 << "        "ATMMakeId": 1,[\n]"
20:02:15.454 [main] DEBUG karate.org.apache.http.wire - http-outgoing-3 << "        "MakeBrand": "Diebold"[\n]"
20:02:15.454 [main] DEBUG karate.org.apache.http.wire - http-outgoing-3 << "      },[\n]"
20:02:15.454 [main] DEBUG karate.org.apache.http.wire - http-outgoing-3 << "      "LockMake": {[\n]"
20:02:15.454 [main] DEBUG karate.org.apache.http.wire - http-outgoing-3 << "        "LockMakeId": 1,[\n]"
20:02:15.454 [main] DEBUG karate.org.apache.http.wire - http-outgoing-3 << "        "LockBrand": "Cencon Mas-Hamilton"[\n]"
20:02:15.454 [main] DEBUG karate.org.apache.http.wire - http-outgoing-3 << "      },[\n]"
20:02:15.454 [main] DEBUG karate.org.apache.http.wire - http-outgoing-3 << "      "Branch": null,[\n]"
20:02:15.454 [main] DEBUG karate.org.apache.http.wire - http-outgoing-3 << "      "ATMHours": [[\n]"
20:02:15.454 [main] DEBUG karate.org.apache.http.wire - http-outgoing-3 << "        {[\n]"
20:02:15.454 [main] DEBUG karate.org.apache.http.wire - http-outgoing-3 << "          "HourId": 4765,[\n]"
20:02:15.454 [main] DEBUG karate.org.apache.http.wire - http-outgoing-3 << "          "ParentId": 124,[\n]"
20:02:15.454 [main] DEBUG karate.org.apache.http.wire - http-outgoing-3 << "          "DayOfWeek": "Monday",[\n]"
20:02:15.454 [main] DEBUG karate.org.apache.http.wire - http-outgoing-3 << "          "OpenTime": null,[\n]"
20:02:15.454 [main] DEBUG karate.org.apache.http.wire - http-outgoing-3 << "          "CloseTime": null,[\n]"
20:02:15.454 [main] DEBUG karate.org.apache.http.wire - http-outgoing-3 << "          "Comments": null,[\n]"
20:02:15.454 [main] DEBUG karate.org.apache.http.wire - http-outgoing-3 << "          "IsClosed": true[\n]"
20:02:15.454 [main] DEBUG karate.org.apache.http.wire - http-outgoing-3 << "        },[\n]"
20:02:15.454 [main] DEBUG karate.org.apache.http.wire - http-outgoing-3 << "        {[\n]"
20:02:15.454 [main] DEBUG karate.org.apache.http.wire - http-outgoing-3 << "          "HourId": 4766,[\n]"
20:02:15.454 [main] DEBUG karate.org.apache.http.wire - http-outgoing-3 << "          "ParentId": 124,[\n]"
20:02:15.454 [main] DEBUG karate.org.apache.http.wire - http-outgoing-3 << "          "DayOfWeek": "Tuesday",[\n]"
20:02:15.454 [main] DEBUG karate.org.apache.http.wire - http-outgoing-3 << "          "OpenTime": null,[\n]"
20:02:15.455 [main] DEBUG karate.org.apache.http.wire - http-outgoing-3 << "          "CloseTime": null,[\n]"
20:02:15.455 [main] DEBUG karate.org.apache.http.wire - http-outgoing-3 << "          "Comments": null,[\n]"
20:02:15.455 [main] DEBUG karate.org.apache.http.wire - http-outgoing-3 << "          "IsClosed": true[\n]"
20:02:15.455 [main] DEBUG karate.org.apache.http.wire - http-outgoing-3 << "        },[\n]"
20:02:15.455 [main] DEBUG karate.org.apache.http.wire - http-outgoing-3 << "        {[\n]"
20:02:15.455 [main] DEBUG karate.org.apache.http.wire - http-outgoing-3 << "          "HourId": 4767,[\n]"
20:02:15.455 [main] DEBUG karate.org.apache.http.wire - http-outgoing-3 << "          "ParentId": 124,[\n]"
20:02:15.455 [main] DEBUG karate.org.apache.http.wire - http-outgoing-3 << "          "DayOfWeek": "Wednesday",[\n]"
20:02:15.455 [main] DEBUG karate.org.apache.http.wire - http-outgoing-3 << "          "OpenTime": null,[\n]"
20:02:15.455 [main] DEBUG karate.org.apache.http.wire - http-outgoing-3 << "          "CloseTime": null,[\n]"
20:02:15.455 [main] DEBUG karate.org.apache.http.wire - http-outgoing-3 << "          "Comments": null,[\n]"
20:02:15.455 [main] DEBUG karate.org.apache.http.wire - http-outgoing-3 << "          "IsClosed": true[\n]"
20:02:15.455 [main] DEBUG karate.org.apache.http.wire - http-outgoing-3 << "        },[\n]"
20:02:15.455 [main] DEBUG karate.org.apache.http.wire - http-outgoing-3 << "        {[\n]"
20:02:15.455 [main] DEBUG karate.org.apache.http.wire - http-outgoing-3 << "          "HourId": 4768,[\n]"
20:02:15.455 [main] DEBUG karate.org.apache.http.wire - http-outgoing-3 << "          "ParentId": 124,[\n]"
20:02:15.455 [main] DEBUG karate.org.apache.http.wire - http-outgoing-3 << "          "DayOfWeek": "Thursday",[\n]"
20:02:15.455 [main] DEBUG karate.org.apache.http.wire - http-outgoing-3 << "          "OpenTime": null,[\n]"
20:02:15.455 [main] DEBUG karate.org.apache.http.wire - http-outgoing-3 << "          "CloseTime": null,[\n]"
20:02:15.455 [main] DEBUG karate.org.apache.http.wire - http-outgoing-3 << "          "Comments": null,[\n]"
20:02:15.455 [main] DEBUG karate.org.apache.http.wire - http-outgoing-3 << "          "IsClosed": true[\n]"
20:02:15.455 [main] DEBUG karate.org.apache.http.wire - http-outgoing-3 << "        },[\n]"
20:02:15.455 [main] DEBUG karate.org.apache.http.wire - http-outgoing-3 << "        {[\n]"
20:02:15.455 [main] DEBUG karate.org.apache.http.wire - http-outgoing-3 << "          "HourId": 4769,[\n]"
20:02:15.455 [main] DEBUG karate.org.apache.http.wire - http-outgoing-3 << "          "ParentId": 124,[\n]"
20:02:15.455 [main] DEBUG karate.org.apache.http.wire - http-outgoing-3 << "          "DayOfWeek": "Friday",[\n]"
20:02:15.455 [main] DEBUG karate.org.apache.http.wire - http-outgoing-3 << "          "OpenTime": null,[\n]"
20:02:15.455 [main] DEBUG karate.org.apache.http.wire - http-outgoing-3 << "          "CloseTime": null,[\n]"
20:02:15.455 [main] DEBUG karate.org.apache.http.wire - http-outgoing-3 << "          "Comments": null,[\n]"
20:02:15.455 [main] DEBUG karate.org.apache.http.wire - http-outgoing-3 << "          "IsClosed": true[\n]"
20:02:15.455 [main] DEBUG karate.org.apache.http.wire - http-outgoing-3 << "        },[\n]"
20:02:15.455 [main] DEBUG karate.org.apache.http.wire - http-outgoing-3 << "        {[\n]"
20:02:15.455 [main] DEBUG karate.org.apache.http.wire - http-outgoing-3 << "          "HourId": 4770,[\n]"
20:02:15.455 [main] DEBUG karate.org.apache.http.wire - http-outgoing-3 << "          "ParentId": 124,[\n]"
20:02:15.455 [main] DEBUG karate.org.apache.http.wire - http-outgoing-3 << "          "DayOfWeek": "Saturday",[\n]"
20:02:15.455 [main] DEBUG karate.org.apache.http.wire - http-outgoing-3 << "          "OpenTime": null,[\n]"
20:02:15.455 [main] DEBUG karate.org.apache.http.wire - http-outgoing-3 << "          "CloseTime": null,[\n]"
20:02:15.455 [main] DEBUG karate.org.apache.http.wire - http-outgoing-3 << "          "Comments": null,[\n]"
20:02:15.455 [main] DEBUG karate.org.apache.http.wire - http-outgoing-3 << "          "IsClosed": true[\n]"
20:02:15.455 [main] DEBUG karate.org.apache.http.wire - http-outgoing-3 << "        },[\n]"
20:02:15.455 [main] DEBUG karate.org.apache.http.wire - http-outgoing-3 << "        {[\n]"
20:02:15.455 [main] DEBUG karate.org.apache.http.wire - http-outgoing-3 << "          "HourId": 4771,[\n]"
20:02:15.455 [main] DEBUG karate.org.apache.http.wire - http-outgoing-3 << "          "ParentId": 124,[\n]"
20:02:15.455 [main] DEBUG karate.org.apache.http.wire - http-outgoing-3 << "          "DayOfWeek": "Sunday",[\n]"
20:02:15.456 [main] DEBUG karate.org.apache.http.wire - http-outgoing-3 << "          "OpenTime": null,[\n]"
20:02:15.456 [main] DEBUG karate.org.apache.http.wire - http-outgoing-3 << "          "CloseTime": null,[\n]"
20:02:15.456 [main] DEBUG karate.org.apache.http.wire - http-outgoing-3 << "          "Comments": null,[\n]"
20:02:15.456 [main] DEBUG karate.org.apache.http.wire - http-outgoing-3 << "          "IsClosed": true[\n]"
20:02:15.456 [main] DEBUG karate.org.apache.http.wire - http-outgoing-3 << "        }[\n]"
20:02:15.456 [main] DEBUG karate.org.apache.http.wire - http-outgoing-3 << "      ],[\n]"
20:02:15.456 [main] DEBUG karate.org.apache.http.wire - http-outgoing-3 << "      "ATMServices": [[\n]"
20:02:15.456 [main] DEBUG karate.org.apache.http.wire - http-outgoing-3 << "        {[\n]"
20:02:15.456 [main] DEBUG karate.org.apache.http.wire - http-outgoing-3 << "          "ServiceId": 125,[\n]"
20:02:15.456 [main] DEBUG karate.org.apache.http.wire - http-outgoing-3 << "          "ParentId": 124,[\n]"
20:02:15.456 [main] DEBUG karate.org.apache.http.wire - http-outgoing-3 << "          "ServiceTypeId": 8,[\n]"
20:02:15.456 [main] DEBUG karate.org.apache.http.wire - http-outgoing-3 << "          "ServiceValue": true,[\n]"
20:02:15.456 [main] DEBUG karate.org.apache.http.wire - http-outgoing-3 << "          "ServiceTypeCode": "DriveThru",[\n]"
20:02:15.456 [main] DEBUG karate.org.apache.http.wire - http-outgoing-3 << "          "ServiceTypeTitle": "Drive Thru",[\n]"
20:02:15.456 [main] DEBUG karate.org.apache.http.wire - http-outgoing-3 << "          "ServiceTypeDesc": "Has DriveThru?"[\n]"
20:02:15.456 [main] DEBUG karate.org.apache.http.wire - http-outgoing-3 << "        },[\n]"
20:02:15.456 [main] DEBUG karate.org.apache.http.wire - http-outgoing-3 << "        {[\n]"
20:02:15.456 [main] DEBUG karate.org.apache.http.wire - http-outgoing-3 << "          "ServiceId": 126,[\n]"
20:02:15.456 [main] DEBUG karate.org.apache.http.wire - http-outgoing-3 << "          "ParentId": 124,[\n]"
20:02:15.456 [main] DEBUG karate.org.apache.http.wire - http-outgoing-3 << "          "ServiceTypeId": 9,[\n]"
20:02:15.456 [main] DEBUG karate.org.apache.http.wire - http-outgoing-3 << "          "ServiceValue": false,[\n]"
20:02:15.456 [main] DEBUG karate.org.apache.http.wire - http-outgoing-3 << "          "ServiceTypeCode": "Camera",[\n]"
20:02:15.456 [main] DEBUG karate.org.apache.http.wire - http-outgoing-3 << "          "ServiceTypeTitle": "Camera",[\n]"
20:02:15.456 [main] DEBUG karate.org.apache.http.wire - http-outgoing-3 << "          "ServiceTypeDesc": "Has Camera?"[\n]"
20:02:15.456 [main] DEBUG karate.org.apache.http.wire - http-outgoing-3 << "        },[\n]"
20:02:15.456 [main] DEBUG karate.org.apache.http.wire - http-outgoing-3 << "        {[\n]"
20:02:15.456 [main] DEBUG karate.org.apache.http.wire - http-outgoing-3 << "          "ServiceId": 127,[\n]"
20:02:15.456 [main] DEBUG karate.org.apache.http.wire - http-outgoing-3 << "          "ParentId": 124,[\n]"
20:02:15.456 [main] DEBUG karate.org.apache.http.wire - http-outgoing-3 << "          "ServiceTypeId": 10,[\n]"
20:02:15.456 [main] DEBUG karate.org.apache.http.wire - http-outgoing-3 << "          "ServiceValue": true,[\n]"
20:02:15.456 [main] DEBUG karate.org.apache.http.wire - http-outgoing-3 << "          "ServiceTypeCode": "FullService",[\n]"
20:02:15.456 [main] DEBUG karate.org.apache.http.wire - http-outgoing-3 << "          "ServiceTypeTitle": "Full Service",[\n]"
20:02:15.456 [main] DEBUG karate.org.apache.http.wire - http-outgoing-3 << "          "ServiceTypeDesc": "Is Full Service?"[\n]"
20:02:15.456 [main] DEBUG karate.org.apache.http.wire - http-outgoing-3 << "        },[\n]"
20:02:15.456 [main] DEBUG karate.org.apache.http.wire - http-outgoing-3 << "        {[\n]"
20:02:15.456 [main] DEBUG karate.org.apache.http.wire - http-outgoing-3 << "          "ServiceId": 128,[\n]"
20:02:15.456 [main] DEBUG karate.org.apache.http.wire - http-outgoing-3 << "          "ParentId": 124,[\n]"
20:02:15.456 [main] DEBUG karate.org.apache.http.wire - http-outgoing-3 << "          "ServiceTypeId": 11,[\n]"
20:02:15.456 [main] DEBUG karate.org.apache.http.wire - http-outgoing-3 << "          "ServiceValue": true,[\n]"
20:02:15.456 [main] DEBUG karate.org.apache.http.wire - http-outgoing-3 << "          "ServiceTypeCode": "24Hours",[\n]"
20:02:15.456 [main] DEBUG karate.org.apache.http.wire - http-outgoing-3 << "          "ServiceTypeTitle": "24 Hours",[\n]"
20:02:15.456 [main] DEBUG karate.org.apache.http.wire - http-outgoing-3 << "          "ServiceTypeDesc": "Is 24 Hours?"[\n]"
20:02:15.457 [main] DEBUG karate.org.apache.http.wire - http-outgoing-3 << "        },[\n]"
20:02:15.457 [main] DEBUG karate.org.apache.http.wire - http-outgoing-3 << "        {[\n]"
20:02:15.457 [main] DEBUG karate.org.apache.http.wire - http-outgoing-3 << "          "ServiceId": 3133,[\n]"
20:02:15.457 [main] DEBUG karate.org.apache.http.wire - http-outgoing-3 << "          "ParentId": 124,[\n]"
20:02:15.457 [main] DEBUG karate.org.apache.http.wire - http-outgoing-3 << "          "ServiceTypeId": 12,[\n]"
20:02:15.457 [main] DEBUG karate.org.apache.http.wire - http-outgoing-3 << "          "ServiceValue": false,[\n]"
20:02:15.457 [main] DEBUG karate.org.apache.http.wire - http-outgoing-3 << "          "ServiceTypeCode": "USDCurrency",[\n]"
20:02:15.457 [main] DEBUG karate.org.apache.http.wire - http-outgoing-3 << "          "ServiceTypeTitle": "USD Currency",[\n]"
20:02:15.457 [main] DEBUG karate.org.apache.http.wire - http-outgoing-3 << "          "ServiceTypeDesc": "Offers USD Currency?"[\n]"
20:02:15.457 [main] DEBUG karate.org.apache.http.wire - http-outgoing-3 << "        },[\n]"
20:02:15.457 [main] DEBUG karate.org.apache.http.wire - http-outgoing-3 << "        {[\n]"
20:02:15.457 [main] DEBUG karate.org.apache.http.wire - http-outgoing-3 << "          "ServiceId": 5133,[\n]"
20:02:15.457 [main] DEBUG karate.org.apache.http.wire - http-outgoing-3 << "          "ParentId": 124,[\n]"
20:02:15.457 [main] DEBUG karate.org.apache.http.wire - http-outgoing-3 << "          "ServiceTypeId": 1012,[\n]"
20:02:15.457 [main] DEBUG karate.org.apache.http.wire - http-outgoing-3 << "          "ServiceValue": false,[\n]"
20:02:15.457 [main] DEBUG karate.org.apache.http.wire - http-outgoing-3 << "          "ServiceTypeCode": "DepositAutomation",[\n]"
20:02:15.457 [main] DEBUG karate.org.apache.http.wire - http-outgoing-3 << "          "ServiceTypeTitle": "Deposit Automation",[\n]"
20:02:15.457 [main] DEBUG karate.org.apache.http.wire - http-outgoing-3 << "          "ServiceTypeDesc": "Offers Deposit Automation?"[\n]"
20:02:15.457 [main] DEBUG karate.org.apache.http.wire - http-outgoing-3 << "        }[\n]"
20:02:15.457 [main] DEBUG karate.org.apache.http.wire - http-outgoing-3 << "      ],[\n]"
20:02:15.457 [main] DEBUG karate.org.apache.http.wire - http-outgoing-3 << "      "ATMId": 124,[\n]"
20:02:15.457 [main] DEBUG karate.org.apache.http.wire - http-outgoing-3 << "      "ATMNumber": "A001D759",[\n]"
20:02:15.457 [main] DEBUG karate.org.apache.http.wire - http-outgoing-3 << "      "ATMName": "Red Deer - Taylor Plaza",[\n]"
20:02:15.457 [main] DEBUG karate.org.apache.http.wire - http-outgoing-3 << "      "ModelNumber": "740",[\n]"
20:02:15.457 [main] DEBUG karate.org.apache.http.wire - http-outgoing-3 << "      "SerialNumber": "1740R3306929",[\n]"
20:02:15.457 [main] DEBUG karate.org.apache.http.wire - http-outgoing-3 << "      "LockSerial": "585357",[\n]"
20:02:15.457 [main] DEBUG karate.org.apache.http.wire - http-outgoing-3 << "      "MainProvider": "Diebold",[\n]"
20:02:15.457 [main] DEBUG karate.org.apache.http.wire - http-outgoing-3 << "      "SoftwareVersion": "Vista 5.4.5",[\n]"
20:02:15.457 [main] DEBUG karate.org.apache.http.wire - http-outgoing-3 << "      "ATMAddress": "400-6730 Taylor Drive",[\n]"
20:02:15.457 [main] DEBUG karate.org.apache.http.wire - http-outgoing-3 << "      "Latitude": null,[\n]"
20:02:15.457 [main] DEBUG karate.org.apache.http.wire - http-outgoing-3 << "      "Longitude": null,[\n]"
20:02:15.457 [main] DEBUG karate.org.apache.http.wire - http-outgoing-3 << "      "IPAddress": "10.101.97.11",[\n]"
20:02:15.457 [main] DEBUG karate.org.apache.http.wire - http-outgoing-3 << "      "Gateway": "10.101.97.1",[\n]"
20:02:15.457 [main] DEBUG karate.org.apache.http.wire - http-outgoing-3 << "      "Subnet": "255.255.255.224",[\n]"
20:02:15.457 [main] DEBUG karate.org.apache.http.wire - http-outgoing-3 << "      "OriginalInstallDate": "March 30, 2007",[\n]"
20:02:15.457 [main] DEBUG karate.org.apache.http.wire - http-outgoing-3 << "      "EPPModelNumber": "EPP 7",[\n]"
20:02:15.457 [main] DEBUG karate.org.apache.http.wire - http-outgoing-3 << "      "EPPCertificateNumber": "PCI 4-20269",[\n]"
20:02:15.457 [main] DEBUG karate.org.apache.http.wire - http-outgoing-3 << "      "EPPPartNumber": "49249441723B",[\n]"
20:02:15.457 [main] DEBUG karate.org.apache.http.wire - http-outgoing-3 << "      "EPPVersionNumber": "414 2020 R1X",[\n]"
20:02:15.458 [main] DEBUG karate.org.apache.http.wire - http-outgoing-3 << "      "EPPInstallDate": null,[\n]"
20:02:15.458 [main] DEBUG karate.org.apache.http.wire - http-outgoing-3 << "      "ReplacementDate": null,[\n]"
20:02:15.458 [main] DEBUG karate.org.apache.http.wire - http-outgoing-3 << "      "IsAddressSameAsBranch": true,[\n]"
20:02:15.458 [main] DEBUG karate.org.apache.http.wire - http-outgoing-3 << "      "ATMImageName": null,[\n]"
20:02:15.458 [main] DEBUG karate.org.apache.http.wire - http-outgoing-3 << "      "Notes": null,[\n]"
20:02:15.458 [main] DEBUG karate.org.apache.http.wire - http-outgoing-3 << "      "InternalNotes": null,[\n]"
20:02:15.458 [main] DEBUG karate.org.apache.http.wire - http-outgoing-3 << "      "BranchName": "Taylor Plaza",[\n]"
20:02:15.458 [main] DEBUG karate.org.apache.http.wire - http-outgoing-3 << "      "IsActive": true,[\n]"
20:02:15.458 [main] DEBUG karate.org.apache.http.wire - http-outgoing-3 << "      "PostalCode": null,[\n]"
20:02:15.458 [main] DEBUG karate.org.apache.http.wire - http-outgoing-3 << "      "BranchCityId": 49,[\n]"
20:02:15.458 [main] DEBUG karate.org.apache.http.wire - http-outgoing-3 << "      "BranchAddress": "400-6730 Taylor Drive",[\n]"
20:02:15.458 [main] DEBUG karate.org.apache.http.wire - http-outgoing-3 << "      "Brinks": null,[\n]"
20:02:15.458 [main] DEBUG karate.org.apache.http.wire - http-outgoing-3 << "      "BalancedBy": null,[\n]"
20:02:15.458 [main] DEBUG karate.org.apache.http.wire - http-outgoing-3 << "      "Cassette1": null,[\n]"
20:02:15.458 [main] DEBUG karate.org.apache.http.wire - http-outgoing-3 << "      "Cassette2": null,[\n]"
20:02:15.458 [main] DEBUG karate.org.apache.http.wire - http-outgoing-3 << "      "Cassette3": null,[\n]"
20:02:15.458 [main] DEBUG karate.org.apache.http.wire - http-outgoing-3 << "      "Cassette4": null[\n]"
20:02:15.458 [main] DEBUG karate.org.apache.http.wire - http-outgoing-3 << "    },[\n]"
20:02:15.458 [main] DEBUG karate.org.apache.http.wire - http-outgoing-3 << "    {[\n]"
20:02:15.458 [main] DEBUG karate.org.apache.http.wire - http-outgoing-3 << "      "CityName": "Red Deer",[\n]"
20:02:15.458 [main] DEBUG karate.org.apache.http.wire - http-outgoing-3 << "      "CityId": null,[\n]"
20:02:15.458 [main] DEBUG karate.org.apache.http.wire - http-outgoing-3 << "      "ATMMakeId": 1,[\n]"
20:02:15.458 [main] DEBUG karate.org.apache.http.wire - http-outgoing-3 << "      "LockMakeId": 1,[\n]"
20:02:15.458 [main] DEBUG karate.org.apache.http.wire - http-outgoing-3 << "      "AlarmVendorId": 1,[\n]"
20:02:15.458 [main] DEBUG karate.org.apache.http.wire - http-outgoing-3 << "      "BranchId": 45,[\n]"
20:02:15.458 [main] DEBUG karate.org.apache.http.wire - http-outgoing-3 << "      "AlarmVendor": {[\n]"
20:02:15.458 [main] DEBUG karate.org.apache.http.wire - http-outgoing-3 << "        "AlarmVendorId": 1,[\n]"
20:02:15.458 [main] DEBUG karate.org.apache.http.wire - http-outgoing-3 << "        "VendorName": "Tyco"[\n]"
20:02:15.458 [main] DEBUG karate.org.apache.http.wire - http-outgoing-3 << "      },[\n]"
20:02:15.458 [main] DEBUG karate.org.apache.http.wire - http-outgoing-3 << "      "ATMMake": {[\n]"
20:02:15.458 [main] DEBUG karate.org.apache.http.wire - http-outgoing-3 << "        "ATMMakeId": 1,[\n]"
20:02:15.458 [main] DEBUG karate.org.apache.http.wire - http-outgoing-3 << "        "MakeBrand": "Diebold"[\n]"
20:02:15.458 [main] DEBUG karate.org.apache.http.wire - http-outgoing-3 << "      },[\n]"
20:02:15.458 [main] DEBUG karate.org.apache.http.wire - http-outgoing-3 << "      "LockMake": {[\n]"
20:02:15.458 [main] DEBUG karate.org.apache.http.wire - http-outgoing-3 << "        "LockMakeId": 1,[\n]"
20:02:15.458 [main] DEBUG karate.org.apache.http.wire - http-outgoing-3 << "        "LockBrand": "Cencon Mas-Hamilton"[\n]"
20:02:15.458 [main] DEBUG karate.org.apache.http.wire - http-outgoing-3 << "      },[\n]"
20:02:15.458 [main] DEBUG karate.org.apache.http.wire - http-outgoing-3 << "      "Branch": null,[\n]"
20:02:15.458 [main] DEBUG karate.org.apache.http.wire - http-outgoing-3 << "      "ATMHours": [[\n]"
20:02:15.458 [main] DEBUG karate.org.apache.http.wire - http-outgoing-3 << "        {[\n]"
20:02:15.458 [main] DEBUG karate.org.apache.http.wire - http-outgoing-3 << "          "HourId": 912,[\n]"
20:02:15.458 [main] DEBUG karate.org.apache.http.wire - http-outgoing-3 << "          "ParentId": 51,[\n]"
20:02:15.459 [main] DEBUG karate.org.apache.http.wire - http-outgoing-3 << "          "DayOfWeek": "Monday",[\n]"
20:02:15.459 [main] DEBUG karate.org.apache.http.wire - http-outgoing-3 << "          "OpenTime": "09:30:00",[\n]"
20:02:15.459 [main] DEBUG karate.org.apache.http.wire - http-outgoing-3 << "          "CloseTime": "17:00:00",[\n]"
20:02:15.459 [main] DEBUG karate.org.apache.http.wire - http-outgoing-3 << "          "Comments": null,[\n]"
20:02:15.459 [main] DEBUG karate.org.apache.http.wire - http-outgoing-3 << "          "IsClosed": false[\n]"
20:02:15.459 [main] DEBUG karate.org.apache.http.wire - http-outgoing-3 << "        },[\n]"
20:02:15.459 [main] DEBUG karate.org.apache.http.wire - http-outgoing-3 << "        {[\n]"
20:02:15.459 [main] DEBUG karate.org.apache.http.wire - http-outgoing-3 << "          "HourId": 913,[\n]"
20:02:15.459 [main] DEBUG karate.org.apache.http.wire - http-outgoing-3 << "          "ParentId": 51,[\n]"
20:02:15.459 [main] DEBUG karate.org.apache.http.wire - http-outgoing-3 << "          "DayOfWeek": "Tuesday",[\n]"
20:02:15.459 [main] DEBUG karate.org.apache.http.wire - http-outgoing-3 << "          "OpenTime": "09:30:00",[\n]"
20:02:15.459 [main] DEBUG karate.org.apache.http.wire - http-outgoing-3 << "          "CloseTime": "17:00:00",[\n]"
20:02:15.459 [main] DEBUG karate.org.apache.http.wire - http-outgoing-3 << "          "Comments": null,[\n]"
20:02:15.459 [main] DEBUG karate.org.apache.http.wire - http-outgoing-3 << "          "IsClosed": false[\n]"
20:02:15.459 [main] DEBUG karate.org.apache.http.wire - http-outgoing-3 << "        },[\n]"
20:02:15.459 [main] DEBUG karate.org.apache.http.wire - http-outgoing-3 << "       "
20:02:15.459 [main] DEBUG karate.org.apache.http.headers - http-outgoing-3 << HTTP/1.1 200 OK
20:02:15.460 [main] DEBUG karate.org.apache.http.headers - http-outgoing-3 << Content-Type: application/json; charset=UTF-8
20:02:15.460 [main] DEBUG karate.org.apache.http.headers - http-outgoing-3 << Date: Mon, 17 Apr 2023 14:32:15 GMT
20:02:15.460 [main] DEBUG karate.org.apache.http.headers - http-outgoing-3 << Server: nginx
20:02:15.460 [main] DEBUG karate.org.apache.http.headers - http-outgoing-3 << Content-Length: 58017
20:02:15.460 [main] DEBUG karate.org.apache.http.headers - http-outgoing-3 << Connection: keep-alive
20:02:15.460 [main] DEBUG karate.org.apache.http.impl.execchain.MainClientExec - Connection can be kept alive indefinitely
20:02:15.460 [main] DEBUG karate.org.apache.http.wire - http-outgoing-3 << " {[\n]"
20:02:15.460 [main] DEBUG karate.org.apache.http.wire - http-outgoing-3 << "          "HourId": 914,[\n]"
20:02:15.461 [main] DEBUG karate.org.apache.http.wire - http-outgoing-3 << "          "ParentId": 51,[\n]"
20:02:15.461 [main] DEBUG karate.org.apache.http.wire - http-outgoing-3 << "          "DayOfWeek": "Wednesday",[\n]"
20:02:15.461 [main] DEBUG karate.org.apache.http.wire - http-outgoing-3 << "          "OpenTime": "09:30:00",[\n]"
20:02:15.461 [main] DEBUG karate.org.apache.http.wire - http-outgoing-3 << "          "CloseTime": "17:00:00",[\n]"
20:02:15.461 [main] DEBUG karate.org.apache.http.wire - http-outgoing-3 << "          "Comments": null,[\n]"
20:02:15.461 [main] DEBUG karate.org.apache.http.wire - http-outgoing-3 << "          "IsClosed": false[\n]"
20:02:15.461 [main] DEBUG karate.org.apache.http.wire - http-outgoing-3 << "        },[\n]"
20:02:15.461 [main] DEBUG karate.org.apache.http.wire - http-outgoing-3 << "        {[\n]"
20:02:15.461 [main] DEBUG karate.org.apache.http.wire - http-outgoing-3 << "          "HourId": 915,[\n]"
20:02:15.461 [main] DEBUG karate.org.apache.http.wire - http-outgoing-3 << "          "ParentId": 51,[\n]"
20:02:15.461 [main] DEBUG karate.org.apache.http.wire - http-outgoing-3 << "          "DayOfWeek": "Thursday",[\n]"
20:02:15.461 [main] DEBUG karate.org.apache.http.wire - http-outgoing-3 << "          "OpenTime": "09:30:00",[\n]"
20:02:15.461 [main] DEBUG karate.org.apache.http.wire - http-outgoing-3 << "          "CloseTime": "19:00:00",[\n]"
20:02:15.461 [main] DEBUG karate.org.apache.http.wire - http-outgoing-3 << "          "Comments": null,[\n]"
20:02:15.461 [main] DEBUG karate.org.apache.http.wire - http-outgoing-3 << "          "IsClosed": false[\n]"
20:02:15.461 [main] DEBUG karate.org.apache.http.wire - http-outgoing-3 << "        },[\n]"
20:02:15.461 [main] DEBUG karate.org.apache.http.wire - http-outgoing-3 << "        {[\n]"
20:02:15.461 [main] DEBUG karate.org.apache.http.wire - http-outgoing-3 << "          "HourId": 916,[\n]"
20:02:15.461 [main] DEBUG karate.org.apache.http.wire - http-outgoing-3 << "          "ParentId": 51,[\n]"
20:02:15.461 [main] DEBUG karate.org.apache.http.wire - http-outgoing-3 << "          "DayOfWeek": "Friday",[\n]"
20:02:15.461 [main] DEBUG karate.org.apache.http.wire - http-outgoing-3 << "          "OpenTime": "09:30:00",[\n]"
20:02:15.461 [main] DEBUG karate.org.apache.http.wire - http-outgoing-3 << "          "CloseTime": "18:00:00",[\n]"
20:02:15.461 [main] DEBUG karate.org.apache.http.wire - http-outgoing-3 << "          "Comments": null,[\n]"
20:02:15.462 [main] DEBUG karate.org.apache.http.wire - http-outgoing-3 << "          "IsClosed": false[\n]"
20:02:15.462 [main] DEBUG karate.org.apache.http.wire - http-outgoing-3 << "        },[\n]"
20:02:15.462 [main] DEBUG karate.org.apache.http.wire - http-outgoing-3 << "        {[\n]"
20:02:15.462 [main] DEBUG karate.org.apache.http.wire - http-outgoing-3 << "          "HourId": 917,[\n]"
20:02:15.462 [main] DEBUG karate.org.apache.http.wire - http-outgoing-3 << "          "ParentId": 51,[\n]"
20:02:15.462 [main] DEBUG karate.org.apache.http.wire - http-outgoing-3 << "          "DayOfWeek": "Saturday",[\n]"
20:02:15.462 [main] DEBUG karate.org.apache.http.wire - http-outgoing-3 << "          "OpenTime": "09:30:00",[\n]"
20:02:15.462 [main] DEBUG karate.org.apache.http.wire - http-outgoing-3 << "          "CloseTime": "15:00:00",[\n]"
20:02:15.462 [main] DEBUG karate.org.apache.http.wire - http-outgoing-3 << "          "Comments": null,[\n]"
20:02:15.462 [main] DEBUG karate.org.apache.http.wire - http-outgoing-3 << "          "IsClosed": false[\n]"
20:02:15.462 [main] DEBUG karate.org.apache.http.wire - http-outgoing-3 << "        },[\n]"
20:02:15.462 [main] DEBUG karate.org.apache.http.wire - http-outgoing-3 << "        {[\n]"
20:02:15.462 [main] DEBUG karate.org.apache.http.wire - http-outgoing-3 << "          "HourId": 918,[\n]"
20:02:15.462 [main] DEBUG karate.org.apache.http.wire - http-outgoing-3 << "          "ParentId": 51,[\n]"
20:02:15.462 [main] DEBUG karate.org.apache.http.wire - http-outgoing-3 << "          "DayOfWeek": "Sunday",[\n]"
20:02:15.462 [main] DEBUG karate.org.apache.http.wire - http-outgoing-3 << "          "
20:02:15.463 [main] DEBUG karate.org.apache.http.wire - http-outgoing-3 << ""OpenTime": null,[\n]"
20:02:15.463 [main] DEBUG karate.org.apache.http.wire - http-outgoing-3 << "          "CloseTime": null,[\n]"
20:02:15.463 [main] DEBUG karate.org.apache.http.wire - http-outgoing-3 << "          "Comments": null,[\n]"
20:02:15.463 [main] DEBUG karate.org.apache.http.wire - http-outgoing-3 << "          "IsClosed": true[\n]"
20:02:15.463 [main] DEBUG karate.org.apache.http.wire - http-outgoing-3 << "        }[\n]"
20:02:15.463 [main] DEBUG karate.org.apache.http.wire - http-outgoing-3 << "      ],[\n]"
20:02:15.463 [main] DEBUG karate.org.apache.http.wire - http-outgoing-3 << "      "ATMServices": [[\n]"
20:02:15.463 [main] DEBUG karate.org.apache.http.wire - http-outgoing-3 << "        {[\n]"
20:02:15.463 [main] DEBUG karate.org.apache.http.wire - http-outgoing-3 << "          "ServiceId": 73,[\n]"
20:02:15.463 [main] DEBUG karate.org.apache.http.wire - http-outgoing-3 << "          "ParentId": 51,[\n]"
20:02:15.463 [main] DEBUG karate.org.apache.http.wire - http-outgoing-3 << "          "ServiceTypeId": 8,[\n]"
20:02:15.463 [main] DEBUG karate.org.apache.http.wire - http-outgoing-3 << "          "ServiceValue": false,[\n]"
20:02:15.463 [main] DEBUG karate.org.apache.http.wire - http-outgoing-3 << "          "ServiceTypeCode": "DriveThru",[\n]"
20:02:15.463 [main] DEBUG karate.org.apache.http.wire - http-outgoing-3 << "          "ServiceTypeTitle": "Drive Thru",[\n]"
20:02:15.463 [main] DEBUG karate.org.apache.http.wire - http-outgoing-3 << "          "ServiceTypeDesc": "Has DriveThru?"[\n]"
20:02:15.463 [main] DEBUG karate.org.apache.http.wire - http-outgoing-3 << "        },[\n]"
20:02:15.463 [main] DEBUG karate.org.apache.http.wire - http-outgoing-3 << "        {[\n]"
20:02:15.463 [main] DEBUG karate.org.apache.http.wire - http-outgoing-3 << "          "ServiceId": 74,[\n]"
20:02:15.463 [main] DEBUG karate.org.apache.http.wire - http-outgoing-3 << "          "ParentId": 51,[\n]"
20:02:15.463 [main] DEBUG karate.org.apache.http.wire - http-outgoing-3 << "          "ServiceTypeId": 9,[\n]"
20:02:15.463 [main] DEBUG karate.org.apache.http.wire - http-outgoing-3 << "          "ServiceValue": false,[\n]"
20:02:15.463 [main] DEBUG karate.org.apache.http.wire - http-outgoing-3 << "          "ServiceTypeCode": "Camera",[\n]"
20:02:15.463 [main] DEBUG karate.org.apache.http.wire - http-outgoing-3 << "          "ServiceTypeTitle": "Camera",[\n]"
20:02:15.464 [main] DEBUG karate.org.apache.http.wire - http-outgoing-3 << "          "ServiceTypeDesc": "Has Camera?"[\n]"
20:02:15.464 [main] DEBUG karate.org.apache.http.wire - http-outgoing-3 << "        },[\n]"
20:02:15.464 [main] DEBUG karate.org.apache.http.wire - http-outgoing-3 << "        {[\n]"
20:02:15.464 [main] DEBUG karate.org.apache.http.wire - http-outgoing-3 << "          "ServiceId": 75,[\n]"
20:02:15.464 [main] DEBUG karate.org.apache.http.wire - http-outgoing-3 << "          "ParentId": 51,[\n]"
20:02:15.464 [main] DEBUG karate.org.apache.http.wire - http-outgoing-3 << "          "ServiceTypeId": 10,[\n]"
20:02:15.464 [main] DEBUG karate.org.apache.http.wire - http-outgoing-3 << "          "ServiceValue": true,[\n]"
20:02:15.464 [main] DEBUG karate.org.apache.http.wire - http-outgoing-3 << "          "ServiceTypeCode": "FullService",[\n]"
20:02:15.465 [main] DEBUG karate.org.apache.http.wire - http-outgoing-3 << "          "ServiceTypeTitle": "Full Service",[\n]"
20:02:15.465 [main] DEBUG karate.org.apache.http.wire - http-outgoing-3 << "          "ServiceTypeDesc": "Is Full Service?"[\n]"
20:02:15.465 [main] DEBUG karate.org.apache.http.wire - http-outgoing-3 << "        },[\n]"
20:02:15.465 [main] DEBUG karate.org.apache.http.wire - http-outgoing-3 << "        {[\n]"
20:02:15.465 [main] DEBUG karate.org.apache.http.wire - http-outgoing-3 << "          "ServiceId": 76,[\n]"
20:02:15.465 [main] DEBUG karate.org.apache.http.wire - http-outgoing-3 << "          "ParentId": 51,[\n]"
20:02:15.465 [main] DEBUG karate.org.apache.http.wire - http-outgoing-3 << "          "Ser"
20:02:15.465 [main] DEBUG karate.org.apache.http.wire - http-outgoing-3 << "viceTypeId": 11,[\n]"
20:02:15.465 [main] DEBUG karate.org.apache.http.wire - http-outgoing-3 << "          "ServiceValue": false,[\n]"
20:02:15.465 [main] DEBUG karate.org.apache.http.wire - http-outgoing-3 << "          "ServiceTypeCode": "24Hours",[\n]"
20:02:15.465 [main] DEBUG karate.org.apache.http.wire - http-outgoing-3 << "          "ServiceTypeTitle": "24 Hours",[\n]"
20:02:15.465 [main] DEBUG karate.org.apache.http.wire - http-outgoing-3 << "          "ServiceTypeDesc": "Is 24 Hours?"[\n]"
20:02:15.465 [main] DEBUG karate.org.apache.http.wire - http-outgoing-3 << "        },[\n]"
20:02:15.465 [main] DEBUG karate.org.apache.http.wire - http-outgoing-3 << "        {[\n]"
20:02:15.465 [main] DEBUG karate.org.apache.http.wire - http-outgoing-3 << "          "ServiceId": 3066,[\n]"
20:02:15.466 [main] DEBUG karate.org.apache.http.wire - http-outgoing-3 << "          "ParentId": 51,[\n]"
20:02:15.466 [main] DEBUG karate.org.apache.http.wire - http-outgoing-3 << "          "ServiceTypeId": 12,[\n]"
20:02:15.466 [main] DEBUG karate.org.apache.http.wire - http-outgoing-3 << "          "ServiceValue": false,[\n]"
20:02:15.466 [main] DEBUG karate.org.apache.http.wire - http-outgoing-3 << "          "ServiceTypeCode": "USDCurrency",[\n]"
20:02:15.466 [main] DEBUG karate.org.apache.http.wire - http-outgoing-3 << "          "ServiceTypeTitle": "USD Currency",[\n]"
20:02:15.466 [main] DEBUG karate.org.apache.http.wire - http-outgoing-3 << "          "ServiceTypeDesc": "Offers USD Currency?"[\n]"
20:02:15.466 [main] DEBUG karate.org.apache.http.wire - http-outgoing-3 << "        },[\n]"
20:02:15.466 [main] DEBUG karate.org.apache.http.wire - http-outgoing-3 << "        {[\n]"
20:02:15.466 [main] DEBUG karate.org.apache.http.wire - http-outgoing-3 << "          "ServiceId": 5066,[\n]"
20:02:15.466 [main] DEBUG karate.org.apache.http.wire - http-outgoing-3 << "          "ParentId": 51,[\n]"
20:02:15.466 [main] DEBUG karate.org.apache.http.wire - http-outgoing-3 << "          "ServiceTypeId": 1012,[\n]"
20:02:15.466 [main] DEBUG karate.org.apache.http.wire - http-outgoing-3 << "          "ServiceValue": false,[\n]"
20:02:15.466 [main] DEBUG karate.org.apache.http.wire - http-outgoing-3 << "          "ServiceTypeCode": "DepositAutomation",[\n]"
20:02:15.466 [main] DEBUG karate.org.apache.http.wire - http-outgoing-3 << "          "ServiceTypeTitle": "Deposit Automation",[\n]"
20:02:15.466 [main] DEBUG karate.org.apache.http.wire - http-outgoing-3 << "          "ServiceTypeDesc": "Offers Deposit Automation?"[\n]"
20:02:15.466 [main] DEBUG karate.org.apache.http.wire - http-outgoing-3 << "        }[\n]"
20:02:15.466 [main] DEBUG karate.org.apache.http.wire - http-outgoing-3 << "      ],[\n]"
20:02:15.466 [main] DEBUG karate.org.apache.http.wire - http-outgoing-3 << "      "ATMId": 51,[\n]"
20:02:15.467 [main] DEBUG karate.org.apache.http.wire - http-outgoing-3 << "      "ATMNumber": "A001D760",[\n]"
20:02:15.467 [main] DEBUG karate.org.apache.http.wire - http-outgoing-3 << "      "ATMName": "Red Deer - Taylor Plaza",[\n]"
20:02:15.467 [main] DEBUG karate.org.apache.http.wire - http-outgoing-3 << "      "ModelNumber": "720",[\n]"
20:02:15.467 [main] DEBUG karate.org.apache.http.wire - http-outgoing-3 << "      "SerialNumber": "1720V33-02254",[\n]"
20:02:15.467 [main] DEBUG karate.org.apache.http.wire - http-outgoing-3 << "      "LockSerial": "821307",[\n]"
20:02:15.467 [main] DEBUG karate.org.apache.http.wire - http-outgoing-3 << "      "MainProvider": "Diebold",[\n]"
20:02:15.467 [main] DEBUG karate.org.apache.http.wire - http-outgoing-3 << "      "SoftwareVersio"
20:02:15.467 [main] DEBUG karate.org.apache.http.wire - http-outgoing-3 << "n": "Vista 5.4.5",[\n]"
20:02:15.467 [main] DEBUG karate.org.apache.http.wire - http-outgoing-3 << "      "ATMAddress": "400-6730 Taylor Drive",[\n]"
20:02:15.467 [main] DEBUG karate.org.apache.http.wire - http-outgoing-3 << "      "Latitude": null,[\n]"
20:02:15.467 [main] DEBUG karate.org.apache.http.wire - http-outgoing-3 << "      "Longitude": null,[\n]"
20:02:15.467 [main] DEBUG karate.org.apache.http.wire - http-outgoing-3 << "      "IPAddress": "10.101.97.12",[\n]"
20:02:15.467 [main] DEBUG karate.org.apache.http.wire - http-outgoing-3 << "      "Gateway": "10.101.97.1",[\n]"
20:02:15.467 [main] DEBUG karate.org.apache.http.wire - http-outgoing-3 << "      "Subnet": "255.255.255.224",[\n]"
20:02:15.467 [main] DEBUG karate.org.apache.http.wire - http-outgoing-3 << "      "OriginalInstallDate": "March 30, 2007",[\n]"
20:02:15.467 [main] DEBUG karate.org.apache.http.wire - http-outgoing-3 << "      "EPPModelNumber": "EPP 7",[\n]"
20:02:15.467 [main] DEBUG karate.org.apache.http.wire - http-outgoing-3 << "      "EPPCertificateNumber": "PCI 4-20269",[\n]"
20:02:15.467 [main] DEBUG karate.org.apache.http.wire - http-outgoing-3 << "      "EPPPartNumber": "49249441723B",[\n]"
20:02:15.468 [main] DEBUG karate.org.apache.http.wire - http-outgoing-3 << "      "EPPVersionNumber": "414-2020 R1X",[\n]"
20:02:15.468 [main] DEBUG karate.org.apache.http.wire - http-outgoing-3 << "      "EPPInstallDate": null,[\n]"
20:02:15.468 [main] DEBUG karate.org.apache.http.wire - http-outgoing-3 << "      "ReplacementDate": null,[\n]"
20:02:15.468 [main] DEBUG karate.org.apache.http.wire - http-outgoing-3 << "      "IsAddressSameAsBranch": true,[\n]"
20:02:15.468 [main] DEBUG karate.org.apache.http.wire - http-outgoing-3 << "      "ATMImageName": null,[\n]"
20:02:15.468 [main] DEBUG karate.org.apache.http.wire - http-outgoing-3 << "      "Notes": null,[\n]"
20:02:15.468 [main] DEBUG karate.org.apache.http.wire - http-outgoing-3 << "      "InternalNotes": null,[\n]"
20:02:15.468 [main] DEBUG karate.org.apache.http.wire - http-outgoing-3 << "      "BranchName": "Taylor Plaza",[\n]"
20:02:15.468 [main] DEBUG karate.org.apache.http.wire - http-outgoing-3 << "      "IsActive": true,[\n]"
20:02:15.468 [main] DEBUG karate.org.apache.http.wire - http-outgoing-3 << "      "PostalCode": null,[\n]"
20:02:15.468 [main] DEBUG karate.org.apache.http.wire - http-outgoing-3 << "      "BranchCityId": 49,[\n]"
20:02:15.468 [main] DEBUG karate.org.apache.http.wire - http-outgoing-3 << "      "BranchAddress": "400-6730 Taylor Drive",[\n]"
20:02:15.468 [main] DEBUG karate.org.apache.http.wire - http-outgoing-3 << "      "Brinks": null,[\n]"
20:02:15.468 [main] DEBUG karate.org.apache.http.wire - http-outgoing-3 << "      "BalancedBy": null,[\n]"
20:02:15.468 [main] DEBUG karate.org.apache.http.wire - http-outgoing-3 << "      "Cassette1": null,[\n]"
20:02:15.468 [main] DEBUG karate.org.apache.http.wire - http-outgoing-3 << "      "Cassette2": null,[\n]"
20:02:15.468 [main] DEBUG karate.org.apache.http.wire - http-outgoing-3 << "      "Cassette3": null,[\n]"
20:02:15.468 [main] DEBUG karate.org.apache.http.wire - http-outgoing-3 << "      "Cassette4": null[\n]"
20:02:15.468 [main] DEBUG karate.org.apache.http.wire - http-outgoing-3 << "    },[\n]"
20:02:15.468 [main] DEBUG karate.org.apache.http.wire - http-outgoing-3 << "    {[\n]"
20:02:15.468 [main] DEBUG karate.org.apache.http.wire - http-outgoing-3 << "      "CityName": "Red Deer",[\n]"
20:02:15.468 [main] DEBUG karate.org.apache.http.wire - http-outgoing-3 << "      "CityId": null,[\n]"
20:02:15.469 [main] DEBUG karate.org.apache.http.wire - http-outgoing-3 << "      "ATMMakeId": 1,[\n]"
20:02:15.469 [main] DEBUG karate.org.apache.http.wire - http-outgoing-3 << "      "LockMakeId": 1,[\n]"
20:02:15.469 [main] DEBUG karate.org.apache.http.wire - http-outgoing-3 << "      "Ala"
20:02:15.469 [main] DEBUG karate.org.apache.http.wire - http-outgoing-3 << "rmVendorId": 1,[\n]"
20:02:15.469 [main] DEBUG karate.org.apache.http.wire - http-outgoing-3 << "      "BranchId": 28,[\n]"
20:02:15.469 [main] DEBUG karate.org.apache.http.wire - http-outgoing-3 << "      "AlarmVendor": {[\n]"
20:02:15.469 [main] DEBUG karate.org.apache.http.wire - http-outgoing-3 << "        "AlarmVendorId": 1,[\n]"
20:02:15.469 [main] DEBUG karate.org.apache.http.wire - http-outgoing-3 << "        "VendorName": "Tyco"[\n]"
20:02:15.469 [main] DEBUG karate.org.apache.http.wire - http-outgoing-3 << "      },[\n]"
20:02:15.470 [main] DEBUG karate.org.apache.http.wire - http-outgoing-3 << "      "ATMMake": {[\n]"
20:02:15.471 [main] DEBUG karate.org.apache.http.wire - http-outgoing-3 << "        "ATMMakeId": 1,[\n]"
20:02:15.471 [main] DEBUG karate.org.apache.http.wire - http-outgoing-3 << "        "MakeBrand": "Diebold"[\n]"
20:02:15.471 [main] DEBUG karate.org.apache.http.wire - http-outgoing-3 << "      },[\n]"
20:02:15.471 [main] DEBUG karate.org.apache.http.wire - http-outgoing-3 << "      "LockMake": {[\n]"
20:02:15.471 [main] DEBUG karate.org.apache.http.wire - http-outgoing-3 << "        "LockMakeId": 1,[\n]"
20:02:15.471 [main] DEBUG karate.org.apache.http.wire - http-outgoing-3 << "        "LockBrand": "Cencon Mas-Hamilton"[\n]"
20:02:15.471 [main] DEBUG karate.org.apache.http.wire - http-outgoing-3 << "      },[\n]"
20:02:15.471 [main] DEBUG karate.org.apache.http.wire - http-outgoing-3 << "      "Branch": null,[\n]"
20:02:15.471 [main] DEBUG karate.org.apache.http.wire - http-outgoing-3 << "      "ATMHours": [[\n]"
20:02:15.471 [main] DEBUG karate.org.apache.http.wire - http-outgoing-3 << "        {[\n]"
20:02:15.471 [main] DEBUG karate.org.apache.http.wire - http-outgoing-3 << "          "HourId": 4716,[\n]"
20:02:15.471 [main] DEBUG karate.org.apache.http.wire - http-outgoing-3 << "          "ParentId": 33,[\n]"
20:02:15.471 [main] DEBUG karate.org.apache.http.wire - http-outgoing-3 << "          "DayOfWeek": "Monday",[\n]"
20:02:15.471 [main] DEBUG karate.org.apache.http.wire - http-outgoing-3 << "          "OpenTime": null,[\n]"
20:02:15.471 [main] DEBUG karate.org.apache.http.wire - http-outgoing-3 << "          "CloseTime": null,[\n]"
20:02:15.471 [main] DEBUG karate.org.apache.http.wire - http-outgoing-3 << "          "Comments": null,[\n]"
20:02:15.472 [main] DEBUG karate.org.apache.http.wire - http-outgoing-3 << "          "IsClosed": true[\n]"
20:02:15.472 [main] DEBUG karate.org.apache.http.wire - http-outgoing-3 << "        },[\n]"
20:02:15.472 [main] DEBUG karate.org.apache.http.wire - http-outgoing-3 << "        {[\n]"
20:02:15.472 [main] DEBUG karate.org.apache.http.wire - http-outgoing-3 << "          "HourId": 4717,[\n]"
20:02:15.472 [main] DEBUG karate.org.apache.http.wire - http-outgoing-3 << "          "ParentId": 33,[\n]"
20:02:15.472 [main] DEBUG karate.org.apache.http.wire - http-outgoing-3 << "          "DayOfWeek": "Tuesday",[\n]"
20:02:15.472 [main] DEBUG karate.org.apache.http.wire - http-outgoing-3 << "          "OpenTime": null,[\n]"
20:02:15.472 [main] DEBUG karate.org.apache.http.wire - http-outgoing-3 << "          "CloseTime": null,[\n]"
20:02:15.472 [main] DEBUG karate.org.apache.http.wire - http-outgoing-3 << "          "Comments": null,[\n]"
20:02:15.472 [main] DEBUG karate.org.apache.http.wire - http-outgoing-3 << "          "IsClosed": true[\n]"
20:02:15.472 [main] DEBUG karate.org.apache.http.wire - http-outgoing-3 << "        },[\n]"
20:02:15.472 [main] DEBUG karate.org.apache.http.wire - http-outgoing-3 << "        {[\n]"
20:02:15.472 [main] DEBUG karate.org.apache.http.wire - http-outgoing-3 << "          "HourId": 4718,[\n]"
20:02:15.472 [main] DEBUG karate.org.apache.http.wire - http-outgoing-3 << "          "ParentId": 33,[\n]"
20:02:15.472 [main] DEBUG karate.org.apache.http.wire - http-outgoing-3 << "          "DayOfWeek": "Wednesday",[\n]"
20:02:15.473 [main] DEBUG karate.org.apache.http.wire - http-outgoing-3 << "          "OpenTime": null,[\n]"
20:02:15.473 [main] DEBUG karate.org.apache.http.wire - http-outgoing-3 << "          "CloseTime": null,[\n]"
20:02:15.473 [main] DEBUG karate.org.apache.http.wire - http-outgoing-3 << "          "Comments": null,[\n]"
20:02:15.473 [main] DEBUG karate.org.apache.http.wire - http-outgoing-3 << "          "IsClosed": true[\n]"
20:02:15.473 [main] DEBUG karate.org.apache.http.wire - http-outgoing-3 << "        },[\n]"
20:02:15.473 [main] DEBUG karate.org.apache.http.wire - http-outgoing-3 << "        {[\n]"
20:02:15.473 [main] DEBUG karate.org.apache.http.wire - http-outgoing-3 << "       "
20:02:15.474 [main] DEBUG karate.org.apache.http.wire - http-outgoing-3 << "   "HourId": 4719,[\n]"
20:02:15.474 [main] DEBUG karate.org.apache.http.wire - http-outgoing-3 << "          "ParentId": 33,[\n]"
20:02:15.474 [main] DEBUG karate.org.apache.http.wire - http-outgoing-3 << "          "DayOfWeek": "Thursday",[\n]"
20:02:15.474 [main] DEBUG karate.org.apache.http.wire - http-outgoing-3 << "          "OpenTime": null,[\n]"
20:02:15.474 [main] DEBUG karate.org.apache.http.wire - http-outgoing-3 << "          "CloseTime": null,[\n]"
20:02:15.474 [main] DEBUG karate.org.apache.http.wire - http-outgoing-3 << "          "Comments": null,[\n]"
20:02:15.474 [main] DEBUG karate.org.apache.http.wire - http-outgoing-3 << "          "IsClosed": true[\n]"
20:02:15.474 [main] DEBUG karate.org.apache.http.wire - http-outgoing-3 << "        },[\n]"
20:02:15.474 [main] DEBUG karate.org.apache.http.wire - http-outgoing-3 << "        {[\n]"
20:02:15.474 [main] DEBUG karate.org.apache.http.wire - http-outgoing-3 << "          "HourId": 4720,[\n]"
20:02:15.474 [main] DEBUG karate.org.apache.http.wire - http-outgoing-3 << "          "ParentId": 33,[\n]"
20:02:15.474 [main] DEBUG karate.org.apache.http.wire - http-outgoing-3 << "          "DayOfWeek": "Friday",[\n]"
20:02:15.474 [main] DEBUG karate.org.apache.http.wire - http-outgoing-3 << "          "OpenTime": null,[\n]"
20:02:15.474 [main] DEBUG karate.org.apache.http.wire - http-outgoing-3 << "          "CloseTime": null,[\n]"
20:02:15.474 [main] DEBUG karate.org.apache.http.wire - http-outgoing-3 << "          "Comments": null,[\n]"
20:02:15.474 [main] DEBUG karate.org.apache.http.wire - http-outgoing-3 << "          "IsClosed": true[\n]"
20:02:15.474 [main] DEBUG karate.org.apache.http.wire - http-outgoing-3 << "        },[\n]"
20:02:15.474 [main] DEBUG karate.org.apache.http.wire - http-outgoing-3 << "        {[\n]"
20:02:15.474 [main] DEBUG karate.org.apache.http.wire - http-outgoing-3 << "          "HourId": 4721,[\n]"
20:02:15.475 [main] DEBUG karate.org.apache.http.wire - http-outgoing-3 << "          "ParentId": 33,[\n]"
20:02:15.475 [main] DEBUG karate.org.apache.http.wire - http-outgoing-3 << "          "DayOfWeek": "Saturday",[\n]"
20:02:15.475 [main] DEBUG karate.org.apache.http.wire - http-outgoing-3 << "          "OpenTime": null,[\n]"
20:02:15.475 [main] DEBUG karate.org.apache.http.wire - http-outgoing-3 << "          "CloseTime": null,[\n]"
20:02:15.475 [main] DEBUG karate.org.apache.http.wire - http-outgoing-3 << "          "Comments": null,[\n]"
20:02:15.475 [main] DEBUG karate.org.apache.http.wire - http-outgoing-3 << "          "IsClosed": true[\n]"
20:02:15.475 [main] DEBUG karate.org.apache.http.wire - http-outgoing-3 << "        },[\n]"
20:02:15.475 [main] DEBUG karate.org.apache.http.wire - http-outgoing-3 << "        {[\n]"
20:02:15.475 [main] DEBUG karate.org.apache.http.wire - http-outgoing-3 << "          "HourId": 4722,[\n]"
20:02:15.475 [main] DEBUG karate.org.apache.http.wire - http-outgoing-3 << "          "ParentId": 33,[\n]"
20:02:15.475 [main] DEBUG karate.org.apache.http.wire - http-outgoing-3 << "          "DayOfWeek": "Sunday",[\n]"
20:02:15.475 [main] DEBUG karate.org.apache.http.wire - http-outgoing-3 << "          "OpenTime": null,[\n]"
20:02:15.475 [main] DEBUG karate.org.apache.http.wire - http-outgoing-3 << "          "CloseTime": null,[\n]"
20:02:15.475 [main] DEBUG karate.org.apache.http.wire - http-outgoing-3 << "          "Comments": null,[\n]"
20:02:15.475 [main] DEBUG karate.org.apache.http.wire - http-outgoing-3 << "          "IsClosed": true[\n]"
20:02:15.475 [main] DEBUG karate.org.apache.http.wire - http-outgoing-3 << "        }[\n]"
20:02:15.475 [main] DEBUG karate.org.apache.http.wire - http-outgoing-3 << "      ],[\n]"
20:02:15.475 [main] DEBUG karate.org.apache.http.wire - http-outgoing-3 << "      "ATMServices": [[\n]"
20:02:15.476 [main] DEBUG karate.org.apache.http.wire - http-outgoing-3 << "        {[\n]"
20:02:15.476 [main] DEBUG karate.org.apache.http.wire - http-outgoing-3 << "          "ServiceId": 37,[\n]"
20:02:15.476 [main] DEBUG karate.org.apache.http.wire - http-outgoing-3 << "          "ParentId": 33,[\n]"
20:02:15.476 [main] DEBUG karate.org.apache.http.wire - http-outgoing-3 << "          "ServiceTypeId": 8,[\n]"
20:02:15.476 [main] DEBUG karate.org.apache.http.wire - http-outgoing-3 << "          "ServiceValue": true,[\n]"
20:02:15.476 [main] DEBUG karate.org.apache.http.wire - http-outgoing-3 << "         "
20:02:15.476 [main] DEBUG karate.org.apache.http.wire - http-outgoing-3 << " "ServiceTypeCode": "DriveThru",[\n]"
20:02:15.476 [main] DEBUG karate.org.apache.http.wire - http-outgoing-3 << "          "ServiceTypeTitle": "Drive Thru",[\n]"
20:02:15.476 [main] DEBUG karate.org.apache.http.wire - http-outgoing-3 << "          "ServiceTypeDesc": "Has DriveThru?"[\n]"
20:02:15.476 [main] DEBUG karate.org.apache.http.wire - http-outgoing-3 << "        },[\n]"
20:02:15.476 [main] DEBUG karate.org.apache.http.wire - http-outgoing-3 << "        {[\n]"
20:02:15.476 [main] DEBUG karate.org.apache.http.wire - http-outgoing-3 << "          "ServiceId": 38,[\n]"
20:02:15.476 [main] DEBUG karate.org.apache.http.wire - http-outgoing-3 << "          "ParentId": 33,[\n]"
20:02:15.476 [main] DEBUG karate.org.apache.http.wire - http-outgoing-3 << "          "ServiceTypeId": 9,[\n]"
20:02:15.476 [main] DEBUG karate.org.apache.http.wire - http-outgoing-3 << "          "ServiceValue": true,[\n]"
20:02:15.477 [main] DEBUG karate.org.apache.http.wire - http-outgoing-3 << "          "ServiceTypeCode": "Camera",[\n]"
20:02:15.477 [main] DEBUG karate.org.apache.http.wire - http-outgoing-3 << "          "ServiceTypeTitle": "Camera",[\n]"
20:02:15.477 [main] DEBUG karate.org.apache.http.wire - http-outgoing-3 << "          "ServiceTypeDesc": "Has Camera?"[\n]"
20:02:15.477 [main] DEBUG karate.org.apache.http.wire - http-outgoing-3 << "        },[\n]"
20:02:15.477 [main] DEBUG karate.org.apache.http.wire - http-outgoing-3 << "        {[\n]"
20:02:15.477 [main] DEBUG karate.org.apache.http.wire - http-outgoing-3 << "          "ServiceId": 39,[\n]"
20:02:15.477 [main] DEBUG karate.org.apache.http.wire - http-outgoing-3 << "          "ParentId": 33,[\n]"
20:02:15.477 [main] DEBUG karate.org.apache.http.wire - http-outgoing-3 << "          "ServiceTypeId": 10,[\n]"
20:02:15.477 [main] DEBUG karate.org.apache.http.wire - http-outgoing-3 << "          "ServiceValue": true,[\n]"
20:02:15.477 [main] DEBUG karate.org.apache.http.wire - http-outgoing-3 << "          "ServiceTypeCode": "FullService",[\n]"
20:02:15.477 [main] DEBUG karate.org.apache.http.wire - http-outgoing-3 << "          "ServiceTypeTitle": "Full Service",[\n]"
20:02:15.477 [main] DEBUG karate.org.apache.http.wire - http-outgoing-3 << "          "ServiceTypeDesc": "Is Full Service?"[\n]"
20:02:15.477 [main] DEBUG karate.org.apache.http.wire - http-outgoing-3 << "        },[\n]"
20:02:15.477 [main] DEBUG karate.org.apache.http.wire - http-outgoing-3 << "        {[\n]"
20:02:15.478 [main] DEBUG karate.org.apache.http.wire - http-outgoing-3 << "          "ServiceId": 40,[\n]"
20:02:15.478 [main] DEBUG karate.org.apache.http.wire - http-outgoing-3 << "          "ParentId": 33,[\n]"
20:02:15.478 [main] DEBUG karate.org.apache.http.wire - http-outgoing-3 << "          "ServiceTypeId": 11,[\n]"
20:02:15.478 [main] DEBUG karate.org.apache.http.wire - http-outgoing-3 << "          "ServiceValue": true,[\n]"
20:02:15.478 [main] DEBUG karate.org.apache.http.wire - http-outgoing-3 << "          "ServiceTypeCode": "24Hours",[\n]"
20:02:15.478 [main] DEBUG karate.org.apache.http.wire - http-outgoing-3 << "          "ServiceTypeTitle": "24 Hours",[\n]"
20:02:15.478 [main] DEBUG karate.org.apache.http.wire - http-outgoing-3 << "          "ServiceTypeDesc": "Is 24 Hours?"[\n]"
20:02:15.478 [main] DEBUG karate.org.apache.http.wire - http-outgoing-3 << "        },[\n]"
20:02:15.478 [main] DEBUG karate.org.apache.http.wire - http-outgoing-3 << "        {[\n]"
20:02:15.478 [main] DEBUG karate.org.apache.http.wire - http-outgoing-3 << "          "ServiceId": 3049,[\n]"
20:02:15.478 [main] DEBUG karate.org.apache.http.wire - http-outgoing-3 << "          "ParentId": 33,[\n]"
20:02:15.478 [main] DEBUG karate.org.apache.http.wire - http-outgoing-3 << "          "ServiceTypeId": 12"
20:02:15.479 [main] DEBUG karate.org.apache.http.wire - http-outgoing-3 << ",[\n]"
20:02:15.479 [main] DEBUG karate.org.apache.http.wire - http-outgoing-3 << "          "ServiceValue": true,[\n]"
20:02:15.479 [main] DEBUG karate.org.apache.http.wire - http-outgoing-3 << "          "ServiceTypeCode": "USDCurrency",[\n]"
20:02:15.479 [main] DEBUG karate.org.apache.http.wire - http-outgoing-3 << "          "ServiceTypeTitle": "USD Currency",[\n]"
20:02:15.479 [main] DEBUG karate.org.apache.http.wire - http-outgoing-3 << "          "ServiceTypeDesc": "Offers USD Currency?"[\n]"
20:02:15.479 [main] DEBUG karate.org.apache.http.wire - http-outgoing-3 << "        },[\n]"
20:02:15.479 [main] DEBUG karate.org.apache.http.wire - http-outgoing-3 << "        {[\n]"
20:02:15.480 [main] DEBUG karate.org.apache.http.wire - http-outgoing-3 << "          "ServiceId": 5049,[\n]"
20:02:15.480 [main] DEBUG karate.org.apache.http.wire - http-outgoing-3 << "          "ParentId": 33,[\n]"
20:02:15.480 [main] DEBUG karate.org.apache.http.wire - http-outgoing-3 << "          "ServiceTypeId": 1012,[\n]"
20:02:15.480 [main] DEBUG karate.org.apache.http.wire - http-outgoing-3 << "          "ServiceValue": true,[\n]"
20:02:15.481 [main] DEBUG karate.org.apache.http.wire - http-outgoing-3 << "          "ServiceTypeCode": "DepositAutomation",[\n]"
20:02:15.481 [main] DEBUG karate.org.apache.http.wire - http-outgoing-3 << "          "ServiceTypeTitle": "Deposit Automation",[\n]"
20:02:15.481 [main] DEBUG karate.org.apache.http.wire - http-outgoing-3 << "          "ServiceTypeDesc": "Offers Deposit Automation?"[\n]"
20:02:15.481 [main] DEBUG karate.org.apache.http.wire - http-outgoing-3 << "        }[\n]"
20:02:15.481 [main] DEBUG karate.org.apache.http.wire - http-outgoing-3 << "      ],[\n]"
20:02:15.481 [main] DEBUG karate.org.apache.http.wire - http-outgoing-3 << "      "ATMId": 33,[\n]"
20:02:15.481 [main] DEBUG karate.org.apache.http.wire - http-outgoing-3 << "      "ATMNumber": "A001D764",[\n]"
20:02:15.481 [main] DEBUG karate.org.apache.http.wire - http-outgoing-3 << "      "ATMName": "Red Deer - Deer Park",[\n]"
20:02:15.481 [main] DEBUG karate.org.apache.http.wire - http-outgoing-3 << "      "ModelNumber": "740",[\n]"
20:02:15.481 [main] DEBUG karate.org.apache.http.wire - http-outgoing-3 << "      "SerialNumber": "1740RGR13363",[\n]"
20:02:15.481 [main] DEBUG karate.org.apache.http.wire - http-outgoing-3 << "      "LockSerial": "1038134",[\n]"
20:02:15.481 [main] DEBUG karate.org.apache.http.wire - http-outgoing-3 << "      "MainProvider": "Diebold",[\n]"
20:02:15.481 [main] DEBUG karate.org.apache.http.wire - http-outgoing-3 << "      "SoftwareVersion": "Vista 5.4.5",[\n]"
20:02:15.481 [main] DEBUG karate.org.apache.http.wire - http-outgoing-3 << "      "ATMAddress": "4- 69 Dunlop Street",[\n]"
20:02:15.481 [main] DEBUG karate.org.apache.http.wire - http-outgoing-3 << "      "Latitude": "-0.215",[\n]"
20:02:15.481 [main] DEBUG karate.org.apache.http.wire - http-outgoing-3 << "      "Longitude": "2.369",[\n]"
20:02:15.481 [main] DEBUG karate.org.apache.http.wire - http-outgoing-3 << "      "IPAddress": "10.101.93.12",[\n]"
20:02:15.482 [main] DEBUG karate.org.apache.http.wire - http-outgoing-3 << "      "Gateway": "10.101.93.1",[\n]"
20:02:15.482 [main] DEBUG karate.org.apache.http.wire - http-outgoing-3 << "      "Subnet": "255.255.255.224",[\n]"
20:02:15.482 [main] DEBUG karate.org.apache.http.wire - http-outgoing-3 << "      "OriginalInstallDate": "December 07, 2006",[\n]"
20:02:15.482 [main] DEBUG karate.org.apache.http.wire - http-outgoing-3 << "      "EPPModelN"
20:02:15.484 [main] DEBUG karate.org.apache.http.wire - http-outgoing-3 << "umber": "EPP 7",[\n]"
20:02:15.484 [main] DEBUG karate.org.apache.http.wire - http-outgoing-3 << "      "EPPCertificateNumber": "PCI 4-20269",[\n]"
20:02:15.484 [main] DEBUG karate.org.apache.http.wire - http-outgoing-3 << "      "EPPPartNumber": "49249441723B",[\n]"
20:02:15.484 [main] DEBUG karate.org.apache.http.wire - http-outgoing-3 << "      "EPPVersionNumber": "414-2020 R1X",[\n]"
20:02:15.484 [main] DEBUG karate.org.apache.http.wire - http-outgoing-3 << "      "EPPInstallDate": null,[\n]"
20:02:15.484 [main] DEBUG karate.org.apache.http.wire - http-outgoing-3 << "      "ReplacementDate": null,[\n]"
20:02:15.484 [main] DEBUG karate.org.apache.http.wire - http-outgoing-3 << "      "IsAddressSameAsBranch": true,[\n]"
20:02:15.484 [main] DEBUG karate.org.apache.http.wire - http-outgoing-3 << "      "ATMImageName": null,[\n]"
20:02:15.484 [main] DEBUG karate.org.apache.http.wire - http-outgoing-3 << "      "Notes": "Centralized ATM Processing\r\nBranch no access to ATM \r\nBrinks loads the cash.\r\nBrinks/BSS balances the deposits. \r\nBranch balances the cash GL. ",[\n]"
20:02:15.484 [main] DEBUG karate.org.apache.http.wire - http-outgoing-3 << "      "InternalNotes": "Camera inside the ATM",[\n]"
20:02:15.484 [main] DEBUG karate.org.apache.http.wire - http-outgoing-3 << "      "BranchName": "Deer Park",[\n]"
20:02:15.484 [main] DEBUG karate.org.apache.http.wire - http-outgoing-3 << "      "IsActive": true,[\n]"
20:02:15.484 [main] DEBUG karate.org.apache.http.wire - http-outgoing-3 << "      "PostalCode": null,[\n]"
20:02:15.484 [main] DEBUG karate.org.apache.http.wire - http-outgoing-3 << "      "BranchCityId": 49,[\n]"
20:02:15.484 [main] DEBUG karate.org.apache.http.wire - http-outgoing-3 << "      "BranchAddress": "4- 69 Dunlop Street",[\n]"
20:02:15.484 [main] DEBUG karate.org.apache.http.wire - http-outgoing-3 << "      "Brinks": "TEST BRINK",[\n]"
20:02:15.484 [main] DEBUG karate.org.apache.http.wire - http-outgoing-3 << "      "BalancedBy": "test balanced by apr",[\n]"
20:02:15.484 [main] DEBUG karate.org.apache.http.wire - http-outgoing-3 << "      "Cassette1": "$@%@%@#%@%",[\n]"
20:02:15.484 [main] DEBUG karate.org.apache.http.wire - http-outgoing-3 << "      "Cassette2": "1234567890",[\n]"
20:02:15.484 [main] DEBUG karate.org.apache.http.wire - http-outgoing-3 << "      "Cassette3": "4534634537",[\n]"
20:02:15.484 [main] DEBUG karate.org.apache.http.wire - http-outgoing-3 << "      "Cassette4": "1234567ds@"[\n]"
20:02:15.484 [main] DEBUG karate.org.apache.http.wire - http-outgoing-3 << "    },[\n]"
20:02:15.484 [main] DEBUG karate.org.apache.http.wire - http-outgoing-3 << "    {[\n]"
20:02:15.484 [main] DEBUG karate.org.apache.http.wire - http-outgoing-3 << "      "CityName": "Red Deer",[\n]"
20:02:15.485 [main] DEBUG karate.org.apache.http.wire - http-outgoing-3 << "      "CityId": null,[\n]"
20:02:15.485 [main] DEBUG karate.org.apache.http.wire - http-outgoing-3 << "      "ATMMakeId": 1,[\n]"
20:02:15.485 [main] DEBUG karate.org.apache.http.wire - http-outgoing-3 << "      "LockMakeId": 1,[\n]"
20:02:15.485 [main] DEBUG karate.org.apache.http.wire - http-outgoing-3 << "      "AlarmVendorId": 1,[\n]"
20:02:15.485 [main] DEBUG karate.org.apache.http.wire - http-outgoing-3 << "      "BranchId": 28,[\n]"
20:02:15.485 [main] DEBUG karate.org.apache.http.wire - http-outgoing-3 << "      "AlarmVendor""
20:02:15.485 [main] DEBUG karate.org.apache.http.wire - http-outgoing-3 << ": {[\n]"
20:02:15.485 [main] DEBUG karate.org.apache.http.wire - http-outgoing-3 << "        "AlarmVendorId": 1,[\n]"
20:02:15.485 [main] DEBUG karate.org.apache.http.wire - http-outgoing-3 << "        "VendorName": "Tyco"[\n]"
20:02:15.485 [main] DEBUG karate.org.apache.http.wire - http-outgoing-3 << "      },[\n]"
20:02:15.485 [main] DEBUG karate.org.apache.http.wire - http-outgoing-3 << "      "ATMMake": {[\n]"
20:02:15.485 [main] DEBUG karate.org.apache.http.wire - http-outgoing-3 << "        "ATMMakeId": 1,[\n]"
20:02:15.485 [main] DEBUG karate.org.apache.http.wire - http-outgoing-3 << "        "MakeBrand": "Diebold"[\n]"
20:02:15.485 [main] DEBUG karate.org.apache.http.wire - http-outgoing-3 << "      },[\n]"
20:02:15.485 [main] DEBUG karate.org.apache.http.wire - http-outgoing-3 << "      "LockMake": {[\n]"
20:02:15.485 [main] DEBUG karate.org.apache.http.wire - http-outgoing-3 << "        "LockMakeId": 1,[\n]"
20:02:15.485 [main] DEBUG karate.org.apache.http.wire - http-outgoing-3 << "        "LockBrand": "Cencon Mas-Hamilton"[\n]"
20:02:15.485 [main] DEBUG karate.org.apache.http.wire - http-outgoing-3 << "      },[\n]"
20:02:15.485 [main] DEBUG karate.org.apache.http.wire - http-outgoing-3 << "      "Branch": null,[\n]"
20:02:15.485 [main] DEBUG karate.org.apache.http.wire - http-outgoing-3 << "      "ATMHours": [[\n]"
20:02:15.485 [main] DEBUG karate.org.apache.http.wire - http-outgoing-3 << "        {[\n]"
20:02:15.485 [main] DEBUG karate.org.apache.http.wire - http-outgoing-3 << "          "HourId": 4723,[\n]"
20:02:15.485 [main] DEBUG karate.org.apache.http.wire - http-outgoing-3 << "          "ParentId": 34,[\n]"
20:02:15.485 [main] DEBUG karate.org.apache.http.wire - http-outgoing-3 << "          "DayOfWeek": "Monday",[\n]"
20:02:15.485 [main] DEBUG karate.org.apache.http.wire - http-outgoing-3 << "          "OpenTime": null,[\n]"
20:02:15.485 [main] DEBUG karate.org.apache.http.wire - http-outgoing-3 << "          "CloseTime": null,[\n]"
20:02:15.485 [main] DEBUG karate.org.apache.http.wire - http-outgoing-3 << "          "Comments": null,[\n]"
20:02:15.485 [main] DEBUG karate.org.apache.http.wire - http-outgoing-3 << "          "IsClosed": true[\n]"
20:02:15.485 [main] DEBUG karate.org.apache.http.wire - http-outgoing-3 << "        },[\n]"
20:02:15.485 [main] DEBUG karate.org.apache.http.wire - http-outgoing-3 << "        {[\n]"
20:02:15.485 [main] DEBUG karate.org.apache.http.wire - http-outgoing-3 << "          "HourId": 4724,[\n]"
20:02:15.485 [main] DEBUG karate.org.apache.http.wire - http-outgoing-3 << "          "ParentId": 34,[\n]"
20:02:15.485 [main] DEBUG karate.org.apache.http.wire - http-outgoing-3 << "          "DayOfWeek": "Tuesday",[\n]"
20:02:15.485 [main] DEBUG karate.org.apache.http.wire - http-outgoing-3 << "          "OpenTime": null,[\n]"
20:02:15.485 [main] DEBUG karate.org.apache.http.wire - http-outgoing-3 << "          "CloseTime": null,[\n]"
20:02:15.485 [main] DEBUG karate.org.apache.http.wire - http-outgoing-3 << "          "Comments": null,[\n]"
20:02:15.485 [main] DEBUG karate.org.apache.http.wire - http-outgoing-3 << "          "IsClosed": true[\n]"
20:02:15.485 [main] DEBUG karate.org.apache.http.wire - http-outgoing-3 << "        },[\n]"
20:02:15.485 [main] DEBUG karate.org.apache.http.wire - http-outgoing-3 << "        {[\n]"
20:02:15.485 [main] DEBUG karate.org.apache.http.wire - http-outgoing-3 << "          "HourId": 4725,[\n]"
20:02:15.485 [main] DEBUG karate.org.apache.http.wire - http-outgoing-3 << "          "ParentId": 34,[\n]"
20:02:15.485 [main] DEBUG karate.org.apache.http.wire - http-outgoing-3 << "          "DayOfWeek": "Wednesday",[\n]"
20:02:15.485 [main] DEBUG karate.org.apache.http.wire - http-outgoing-3 << "          "OpenTime": null,[\n]"
20:02:15.485 [main] DEBUG karate.org.apache.http.wire - http-outgoing-3 << "          "CloseTime": null,[\n]"
20:02:15.485 [main] DEBUG karate.org.apache.http.wire - http-outgoing-3 << "          "Comments": null,[\n]"
20:02:15.485 [main] DEBUG karate.org.apache.http.wire - http-outgoing-3 << "          "IsClosed": true[\n]"
20:02:15.485 [main] DEBUG karate.org.apache.http.wire - http-outgoing-3 << "        },[\n]"
20:02:15.485 [main] DEBUG karate.org.apache.http.wire - http-outgoing-3 << "        {[\n]"
20:02:15.485 [main] DEBUG karate.org.apache.http.wire - http-outgoing-3 << "          "HourId": 4726,[\n]"
20:02:15.485 [main] DEBUG karate.org.apache.http.wire - http-outgoing-3 << "          "ParentId": 34,[\n]"
20:02:15.485 [main] DEBUG karate.org.apache.http.wire - http-outgoing-3 << "          "D"
20:02:15.485 [main] DEBUG karate.org.apache.http.wire - http-outgoing-3 << "ayOfWeek": "Thursday",[\n]"
20:02:15.485 [main] DEBUG karate.org.apache.http.wire - http-outgoing-3 << "          "OpenTime": null,[\n]"
20:02:15.485 [main] DEBUG karate.org.apache.http.wire - http-outgoing-3 << "          "CloseTime": null,[\n]"
20:02:15.485 [main] DEBUG karate.org.apache.http.wire - http-outgoing-3 << "          "Comments": null,[\n]"
20:02:15.485 [main] DEBUG karate.org.apache.http.wire - http-outgoing-3 << "          "IsClosed": true[\n]"
20:02:15.485 [main] DEBUG karate.org.apache.http.wire - http-outgoing-3 << "        },[\n]"
20:02:15.485 [main] DEBUG karate.org.apache.http.wire - http-outgoing-3 << "        {[\n]"
20:02:15.485 [main] DEBUG karate.org.apache.http.wire - http-outgoing-3 << "          "HourId": 4727,[\n]"
20:02:15.485 [main] DEBUG karate.org.apache.http.wire - http-outgoing-3 << "          "ParentId": 34,[\n]"
20:02:15.485 [main] DEBUG karate.org.apache.http.wire - http-outgoing-3 << "          "DayOfWeek": "Friday",[\n]"
20:02:15.485 [main] DEBUG karate.org.apache.http.wire - http-outgoing-3 << "          "OpenTime": null,[\n]"
20:02:15.485 [main] DEBUG karate.org.apache.http.wire - http-outgoing-3 << "          "CloseTime": null,[\n]"
20:02:15.485 [main] DEBUG karate.org.apache.http.wire - http-outgoing-3 << "          "Comments": null,[\n]"
20:02:15.485 [main] DEBUG karate.org.apache.http.wire - http-outgoing-3 << "          "IsClosed": true[\n]"
20:02:15.485 [main] DEBUG karate.org.apache.http.wire - http-outgoing-3 << "        },[\n]"
20:02:15.485 [main] DEBUG karate.org.apache.http.wire - http-outgoing-3 << "        {[\n]"
20:02:15.485 [main] DEBUG karate.org.apache.http.wire - http-outgoing-3 << "          "HourId": 4728,[\n]"
20:02:15.485 [main] DEBUG karate.org.apache.http.wire - http-outgoing-3 << "          "ParentId": 34,[\n]"
20:02:15.485 [main] DEBUG karate.org.apache.http.wire - http-outgoing-3 << "          "DayOfWeek": "Saturday",[\n]"
20:02:15.485 [main] DEBUG karate.org.apache.http.wire - http-outgoing-3 << "          "OpenTime": null,[\n]"
20:02:15.485 [main] DEBUG karate.org.apache.http.wire - http-outgoing-3 << "          "CloseTime": null,[\n]"
20:02:15.485 [main] DEBUG karate.org.apache.http.wire - http-outgoing-3 << "          "Comments": null,[\n]"
20:02:15.485 [main] DEBUG karate.org.apache.http.wire - http-outgoing-3 << "          "IsClosed": true[\n]"
20:02:15.486 [main] DEBUG karate.org.apache.http.wire - http-outgoing-3 << "        },[\n]"
20:02:15.486 [main] DEBUG karate.org.apache.http.wire - http-outgoing-3 << "        {[\n]"
20:02:15.486 [main] DEBUG karate.org.apache.http.wire - http-outgoing-3 << "          "HourId": 4729,[\n]"
20:02:15.486 [main] DEBUG karate.org.apache.http.wire - http-outgoing-3 << "          "ParentId": 34,[\n]"
20:02:15.486 [main] DEBUG karate.org.apache.http.wire - http-outgoing-3 << "          "DayOfWeek": "Sunday",[\n]"
20:02:15.486 [main] DEBUG karate.org.apache.http.wire - http-outgoing-3 << "          "OpenTime": null,[\n]"
20:02:15.486 [main] DEBUG karate.org.apache.http.wire - http-outgoing-3 << "          "CloseTime": null,[\n]"
20:02:15.486 [main] DEBUG karate.org.apache.http.wire - http-outgoing-3 << "          "Comments": null,[\n]"
20:02:15.486 [main] DEBUG karate.org.apache.http.wire - http-outgoing-3 << "          "IsClosed": true[\n]"
20:02:15.486 [main] DEBUG karate.org.apache.http.wire - http-outgoing-3 << "        }[\n]"
20:02:15.486 [main] DEBUG karate.org.apache.http.wire - http-outgoing-3 << "      ],[\n]"
20:02:15.486 [main] DEBUG karate.org.apache.http.wire - http-outgoing-3 << "      "ATMServices": [[\n]"
20:02:15.486 [main] DEBUG karate.org.apache.http.wire - http-outgoing-3 << "        {[\n]"
20:02:15.486 [main] DEBUG karate.org.apache.http.wire - http-outgoing-3 << "          "ServiceId": 3050,[\n]"
20:02:15.488 [main] DEBUG karate.org.apache.http.wire - http-outgoing-3 << "          "ParentId": 34,[\n]"
20:02:15.488 [main] DEBUG karate.org.apache.http.wire - http-outgoing-3 << "          "ServiceTypeId": 12,[\n]"
20:02:15.488 [main] DEBUG karate.org.apache.http.wire - http-outgoing-3 << "          "ServiceValue": false,[\n]"
20:02:15.488 [main] DEBUG karate.org.apache.http.wire - http-outgoing-3 << "          "ServiceTypeCode": "USDCurrency",[\n]"
20:02:15.488 [main] DEBUG karate.org.apache.http.wire - http-outgoing-3 << "          "Service"
20:02:15.489 [main] DEBUG karate.org.apache.http.wire - http-outgoing-3 << "TypeTitle": "USD Currency",[\n]"
20:02:15.489 [main] DEBUG karate.org.apache.http.wire - http-outgoing-3 << "          "ServiceTypeDesc": "Offers USD Currency?"[\n]"
20:02:15.489 [main] DEBUG karate.org.apache.http.wire - http-outgoing-3 << "        },[\n]"
20:02:15.489 [main] DEBUG karate.org.apache.http.wire - http-outgoing-3 << "        {[\n]"
20:02:15.489 [main] DEBUG karate.org.apache.http.wire - http-outgoing-3 << "          "ServiceId": 4082,[\n]"
20:02:15.489 [main] DEBUG karate.org.apache.http.wire - http-outgoing-3 << "          "ParentId": 34,[\n]"
20:02:15.489 [main] DEBUG karate.org.apache.http.wire - http-outgoing-3 << "          "ServiceTypeId": 11,[\n]"
20:02:15.489 [main] DEBUG karate.org.apache.http.wire - http-outgoing-3 << "          "ServiceValue": false,[\n]"
20:02:15.489 [main] DEBUG karate.org.apache.http.wire - http-outgoing-3 << "          "ServiceTypeCode": "24Hours",[\n]"
20:02:15.489 [main] DEBUG karate.org.apache.http.wire - http-outgoing-3 << "          "ServiceTypeTitle": "24 Hours",[\n]"
20:02:15.489 [main] DEBUG karate.org.apache.http.wire - http-outgoing-3 << "          "ServiceTypeDesc": "Is 24 Hours?"[\n]"
20:02:15.489 [main] DEBUG karate.org.apache.http.wire - http-outgoing-3 << "        },[\n]"
20:02:15.489 [main] DEBUG karate.org.apache.http.wire - http-outgoing-3 << "        {[\n]"
20:02:15.489 [main] DEBUG karate.org.apache.http.wire - http-outgoing-3 << "          "ServiceId": 4083,[\n]"
20:02:15.489 [main] DEBUG karate.org.apache.http.wire - http-outgoing-3 << "          "ParentId": 34,[\n]"
20:02:15.489 [main] DEBUG karate.org.apache.http.wire - http-outgoing-3 << "          "ServiceTypeId": 9,[\n]"
20:02:15.489 [main] DEBUG karate.org.apache.http.wire - http-outgoing-3 << "          "ServiceValue": false,[\n]"
20:02:15.489 [main] DEBUG karate.org.apache.http.wire - http-outgoing-3 << "          "ServiceTypeCode": "Camera",[\n]"
20:02:15.489 [main] DEBUG karate.org.apache.http.wire - http-outgoing-3 << "          "ServiceTypeTitle": "Camera",[\n]"
20:02:15.489 [main] DEBUG karate.org.apache.http.wire - http-outgoing-3 << "          "ServiceTypeDesc": "Has Camera?"[\n]"
20:02:15.489 [main] DEBUG karate.org.apache.http.wire - http-outgoing-3 << "        },[\n]"
20:02:15.489 [main] DEBUG karate.org.apache.http.wire - http-outgoing-3 << "        {[\n]"
20:02:15.489 [main] DEBUG karate.org.apache.http.wire - http-outgoing-3 << "          "ServiceId": 4084,[\n]"
20:02:15.489 [main] DEBUG karate.org.apache.http.wire - http-outgoing-3 << "          "ParentId": 34,[\n]"
20:02:15.489 [main] DEBUG karate.org.apache.http.wire - http-outgoing-3 << "          "ServiceTypeId": 8,[\n]"
20:02:15.489 [main] DEBUG karate.org.apache.http.wire - http-outgoing-3 << "          "ServiceValue": false,[\n]"
20:02:15.489 [main] DEBUG karate.org.apache.http.wire - http-outgoing-3 << "          "ServiceTypeCode": "DriveThru",[\n]"
20:02:15.489 [main] DEBUG karate.org.apache.http.wire - http-outgoing-3 << "          "ServiceTypeTitle": "Drive Thru",[\n]"
20:02:15.489 [main] DEBUG karate.org.apache.http.wire - http-outgoing-3 << "          "ServiceTypeDesc": "Has DriveThru?"[\n]"
20:02:15.489 [main] DEBUG karate.org.apache.http.wire - http-outgoing-3 << "        },[\n]"
20:02:15.489 [main] DEBUG karate.org.apache.http.wire - http-outgoing-3 << "        {[\n]"
20:02:15.489 [main] DEBUG karate.org.apache.http.wire - http-outgoing-3 << "          "ServiceId": 4085,[\n]"
20:02:15.489 [main] DEBUG karate.org.apache.http.wire - http-outgoing-3 << "          "ParentId": 34,[\n]"
20:02:15.489 [main] DEBUG karate.org.apache.http.wire - http-outgoing-3 << "          "ServiceTypeId": 10,[\n]"
20:02:15.489 [main] DEBUG karate.org.apache.http.wire - http-outgoing-3 << "          "ServiceValue": false,[\n]"
20:02:15.489 [main] DEBUG karate.org.apache.http.wire - http-outgoing-3 << "      "
20:02:15.489 [main] DEBUG karate.org.apache.http.wire - http-outgoing-3 << "    "ServiceTypeCode": "FullService",[\n]"
20:02:15.489 [main] DEBUG karate.org.apache.http.wire - http-outgoing-3 << "          "ServiceTypeTitle": "Full Service",[\n]"
20:02:15.489 [main] DEBUG karate.org.apache.http.wire - http-outgoing-3 << "          "ServiceTypeDesc": "Is Full Service?"[\n]"
20:02:15.489 [main] DEBUG karate.org.apache.http.wire - http-outgoing-3 << "        },[\n]"
20:02:15.489 [main] DEBUG karate.org.apache.http.wire - http-outgoing-3 << "        {[\n]"
20:02:15.489 [main] DEBUG karate.org.apache.http.wire - http-outgoing-3 << "          "ServiceId": 5050,[\n]"
20:02:15.489 [main] DEBUG karate.org.apache.http.wire - http-outgoing-3 << "          "ParentId": 34,[\n]"
20:02:15.489 [main] DEBUG karate.org.apache.http.wire - http-outgoing-3 << "          "ServiceTypeId": 1012,[\n]"
20:02:15.489 [main] DEBUG karate.org.apache.http.wire - http-outgoing-3 << "          "ServiceValue": false,[\n]"
20:02:15.489 [main] DEBUG karate.org.apache.http.wire - http-outgoing-3 << "          "ServiceTypeCode": "DepositAutomation",[\n]"
20:02:15.489 [main] DEBUG karate.org.apache.http.wire - http-outgoing-3 << "          "ServiceTypeTitle": "Deposit Automation",[\n]"
20:02:15.489 [main] DEBUG karate.org.apache.http.wire - http-outgoing-3 << "          "ServiceTypeDesc": "Offers Deposit Automation?"[\n]"
20:02:15.489 [main] DEBUG karate.org.apache.http.wire - http-outgoing-3 << "        }[\n]"
20:02:15.489 [main] DEBUG karate.org.apache.http.wire - http-outgoing-3 << "      ],[\n]"
20:02:15.489 [main] DEBUG karate.org.apache.http.wire - http-outgoing-3 << "      "ATMId": 34,[\n]"
20:02:15.489 [main] DEBUG karate.org.apache.http.wire - http-outgoing-3 << "      "ATMNumber": "A001D938",[\n]"
20:02:15.489 [main] DEBUG karate.org.apache.http.wire - http-outgoing-3 << "      "ATMName": "Red Deer - Deer Park",[\n]"
20:02:15.489 [main] DEBUG karate.org.apache.http.wire - http-outgoing-3 << "      "ModelNumber": "1062ix",[\n]"
20:02:15.489 [main] DEBUG karate.org.apache.http.wire - http-outgoing-3 << "      "SerialNumber": "0106205-43892",[\n]"
20:02:15.489 [main] DEBUG karate.org.apache.http.wire - http-outgoing-3 << "      "LockSerial": "536017",[\n]"
20:02:15.489 [main] DEBUG karate.org.apache.http.wire - http-outgoing-3 << "      "MainProvider": "Diebold",[\n]"
20:02:15.489 [main] DEBUG karate.org.apache.http.wire - http-outgoing-3 << "      "SoftwareVersion": null,[\n]"
20:02:15.489 [main] DEBUG karate.org.apache.http.wire - http-outgoing-3 << "      "ATMAddress": "4- 69 Dunlop Street",[\n]"
20:02:15.489 [main] DEBUG karate.org.apache.http.wire - http-outgoing-3 << "      "Latitude": null,[\n]"
20:02:15.489 [main] DEBUG karate.org.apache.http.wire - http-outgoing-3 << "      "Longitude": null,[\n]"
20:02:15.489 [main] DEBUG karate.org.apache.http.wire - http-outgoing-3 << "      "IPAddress": "10.221.20.195",[\n]"
20:02:15.489 [main] DEBUG karate.org.apache.http.wire - http-outgoing-3 << "      "Gateway": null,[\n]"
20:02:15.489 [main] DEBUG karate.org.apache.http.wire - http-outgoing-3 << "      "Subnet": null,[\n]"
20:02:15.489 [main] DEBUG karate.org.apache.http.wire - http-outgoing-3 << "      "OriginalInstallDate": "May 12, 2003",[\n]"
20:02:15.489 [main] DEBUG karate.org.apache.http.wire - http-outgoing-3 << "      "EPPModelNumber": null,[\n]"
20:02:15.489 [main] DEBUG karate.org.apache.http.wire - http-outgoing-3 << "      "EPPCertificateNumber": null,[\n]"
20:02:15.489 [main] DEBUG karate.org.apache.http.wire - http-outgoing-3 << "      "EPPPartNumber": null,[\n]"
20:02:15.489 [main] DEBUG karate.org.apache.http.wire - http-outgoing-3 << "   "
20:02:15.490 [main] DEBUG karate.org.apache.http.wire - http-outgoing-3 << "   "EPPVersionNumber": null,[\n]"
20:02:15.490 [main] DEBUG karate.org.apache.http.wire - http-outgoing-3 << "      "EPPInstallDate": null,[\n]"
20:02:15.490 [main] DEBUG karate.org.apache.http.wire - http-outgoing-3 << "      "ReplacementDate": null,[\n]"
20:02:15.490 [main] DEBUG karate.org.apache.http.wire - http-outgoing-3 << "      "IsAddressSameAsBranch": true,[\n]"
20:02:15.490 [main] DEBUG karate.org.apache.http.wire - http-outgoing-3 << "      "ATMImageName": null,[\n]"
20:02:15.490 [main] DEBUG karate.org.apache.http.wire - http-outgoing-3 << "      "Notes": "Centralized ATM Processing",[\n]"
20:02:15.490 [main] DEBUG karate.org.apache.http.wire - http-outgoing-3 << "      "InternalNotes": "ATM Removed Sept 10, 2015",[\n]"
20:02:15.490 [main] DEBUG karate.org.apache.http.wire - http-outgoing-3 << "      "BranchName": "Deer Park",[\n]"
20:02:15.490 [main] DEBUG karate.org.apache.http.wire - http-outgoing-3 << "      "IsActive": false,[\n]"
20:02:15.490 [main] DEBUG karate.org.apache.http.wire - http-outgoing-3 << "      "PostalCode": null,[\n]"
20:02:15.490 [main] DEBUG karate.org.apache.http.wire - http-outgoing-3 << "      "BranchCityId": 49,[\n]"
20:02:15.490 [main] DEBUG karate.org.apache.http.wire - http-outgoing-3 << "      "BranchAddress": "4- 69 Dunlop Street",[\n]"
20:02:15.490 [main] DEBUG karate.org.apache.http.wire - http-outgoing-3 << "      "Brinks": null,[\n]"
20:02:15.490 [main] DEBUG karate.org.apache.http.wire - http-outgoing-3 << "      "BalancedBy": null,[\n]"
20:02:15.490 [main] DEBUG karate.org.apache.http.wire - http-outgoing-3 << "      "Cassette1": null,[\n]"
20:02:15.490 [main] DEBUG karate.org.apache.http.wire - http-outgoing-3 << "      "Cassette2": null,[\n]"
20:02:15.490 [main] DEBUG karate.org.apache.http.wire - http-outgoing-3 << "      "Cassette3": null,[\n]"
20:02:15.490 [main] DEBUG karate.org.apache.http.wire - http-outgoing-3 << "      "Cassette4": null[\n]"
20:02:15.490 [main] DEBUG karate.org.apache.http.wire - http-outgoing-3 << "    },[\n]"
20:02:15.490 [main] DEBUG karate.org.apache.http.wire - http-outgoing-3 << "    {[\n]"
20:02:15.490 [main] DEBUG karate.org.apache.http.wire - http-outgoing-3 << "      "CityName": "Red Deer",[\n]"
20:02:15.490 [main] DEBUG karate.org.apache.http.wire - http-outgoing-3 << "      "CityId": null,[\n]"
20:02:15.490 [main] DEBUG karate.org.apache.http.wire - http-outgoing-3 << "      "ATMMakeId": 1,[\n]"
20:02:15.490 [main] DEBUG karate.org.apache.http.wire - http-outgoing-3 << "      "LockMakeId": 1,[\n]"
20:02:15.490 [main] DEBUG karate.org.apache.http.wire - http-outgoing-3 << "      "AlarmVendorId": 1,[\n]"
20:02:15.490 [main] DEBUG karate.org.apache.http.wire - http-outgoing-3 << "      "BranchId": 35,[\n]"
20:02:15.490 [main] DEBUG karate.org.apache.http.wire - http-outgoing-3 << "      "AlarmVendor": {[\n]"
20:02:15.490 [main] DEBUG karate.org.apache.http.wire - http-outgoing-3 << "        "AlarmVendorId": 1,[\n]"
20:02:15.490 [main] DEBUG karate.org.apache.http.wire - http-outgoing-3 << "        "VendorName": "Tyco"[\n]"
20:02:15.490 [main] DEBUG karate.org.apache.http.wire - http-outgoing-3 << "      },[\n]"
20:02:15.490 [main] DEBUG karate.org.apache.http.wire - http-outgoing-3 << "      "ATMMake": {[\n]"
20:02:15.490 [main] DEBUG karate.org.apache.http.wire - http-outgoing-3 << "        "ATMMakeId": 1,[\n]"
20:02:15.490 [main] DEBUG karate.org.apache.http.wire - http-outgoing-3 << "        "MakeBrand": "Diebold"[\n]"
20:02:15.490 [main] DEBUG karate.org.apache.http.wire - http-outgoing-3 << "      },[\n]"
20:02:15.490 [main] DEBUG karate.org.apache.http.wire - http-outgoing-3 << "      "LockMake": {[\n]"
20:02:15.490 [main] DEBUG karate.org.apache.http.wire - http-outgoing-3 << "        "LockMakeId": 1,[\n]"
20:02:15.490 [main] DEBUG karate.org.apache.http.wire - http-outgoing-3 << "        "LockBrand": "Cencon Mas-Hamilton"[\n]"
20:02:15.490 [main] DEBUG karate.org.apache.http.wire - http-outgoing-3 << "      },[\n]"
20:02:15.490 [main] DEBUG karate.org.apache.http.wire - http-outgoing-3 << "      "Branch": null,[\n]"
20:02:15.490 [main] DEBUG karate.org.apache.http.wire - http-outgoing-3 << "      "ATMHours": [[\n]"
20:02:15.490 [main] DEBUG karate.org.apache.http.wire - http-outgoing-3 << "        [\n]"
20:02:15.490 [main] DEBUG karate.org.apache.http.wire - http-outgoing-3 << "      ],[\n]"
20:02:15.490 [main] DEBUG karate.org.apache.http.wire - http-outgoing-3 << "      "ATMServices": [[\n]"
20:02:15.490 [main] DEBUG karate.org.apache.http.wire - http-outgoing-3 << "        {[\n]"
20:02:15.490 [main] DEBUG karate.org.apache.http.wire - http-outgoing-3 << "          "ServiceId": 3200,[\n]"
20:02:15.490 [main] DEBUG karate.org.apache.http.wire - http-outgoing-3 << "          "ParentId": 197,[\n]"
20:02:15.490 [main] DEBUG karate.org.apache.http.wire - http-outgoing-3 << "          "ServiceTypeId": 12,[\n]"
20:02:15.490 [main] DEBUG karate.org.apache.http.wire - http-outgoing-3 << "          "ServiceValue": false,[\n]"
20:02:15.490 [main] DEBUG karate.org.apache.http.wire - http-outgoing-3 << "          "ServiceTypeCode": "USDCurrency",[\n]"
20:02:15.490 [main] DEBUG karate.org.apache.http.wire - http-outgoing-3 << "          "ServiceTypeTitle": "USD Currency",[\n]"
20:02:15.490 [main] DEBUG karate.org.apache.http.wire - http-outgoing-3 << "          "ServiceTypeDesc": "Offers USD Currency?"[\n]"
20:02:15.490 [main] DEBUG karate.org.apache.http.wire - http-outgoing-3 << "        },[\n]"
20:02:15.490 [main] DEBUG karate.org.apache.http.wire - http-outgoing-3 << "        {[\n]"
20:02:15.490 [main] DEBUG karate.org.apache.http.wire - http-outgoing-3 << "          "ServiceId": 5200,[\n]"
20:02:15.490 [main] DEBUG karate.org.apache.http.wire - http-outgoing-3 << "          "ParentId": 197,[\n]"
20:02:15.490 [main] DEBUG karate.org.apache.http.wire - http-outgoing-3 << "          "ServiceTypeId": 1012,[\n]"
20:02:15.490 [main] DEBUG karate.org.apache.http.wire - http-outgoing-3 << "          "ServiceValue": false,[\n]"
20:02:15.490 [main] DEBUG karate.org.apache.http.wire - http-outgoing-3 << "          "ServiceTypeCode": "DepositAutomation",[\n]"
20:02:15.490 [main] DEBUG karate.org.apache.http.wire - http-outgoing-3 << "          "ServiceTypeTitle": "Deposit Automation",[\n]"
20:02:15.490 [main] DEBUG karate.org.apache.http.wire - http-outgoing-3 << "          "ServiceTypeDesc": "Offers Deposit Automation?"[\n]"
20:02:15.490 [main] DEBUG karate.org.apache.http.wire - http-outgoing-3 << "        }[\n]"
20:02:15.490 [main] DEBUG karate.org.apache.http.wire - http-outgoing-3 << "      ],[\n]"
20:02:15.490 [main] DEBUG karate.org.apache.http.wire - http-outgoing-3 << "      "ATMId": 197,[\n]"
20:02:15.490 [main] DEBUG karate.org.apache.http.wire - http-outgoing-3 << "      "ATMNumber": "A001D940",[\n]"
20:02:15.490 [main] DEBUG karate.org.apache.http.wire - http-outgoing-3 << "      "ATMName": "Red Deer - North Hill",[\n]"
20:02:15.490 [main] DEBUG karate.org.apache.http.wire - http-outgoing-3 << "      "ModelNumber": "1073ix",[\n]"
20:02:15.490 [main] DEBUG karate.org.apache.http.wire - http-outgoing-3 << "      "SerialNumber": "0107305-14121",[\n]"
20:02:15.490 [main] DEBUG karate.org.apache.http.wire - http-outgoing-3 << "      "LockSerial": "535709",[\n]"
20:02:15.490 [main] DEBUG karate.org.apache.http.wire - http-outgoing-3 << "      "MainProvider": null,[\n]"
20:02:15.490 [main] DEBUG karate.org.apache.http.wire - http-outgoing-3 << "      "SoftwareVersion": "Agalis 2.0",[\n]"
20:02:15.491 [main] DEBUG karate.org.apache.http.wire - http-outgoing-3 << "      "ATMAddress": "6757 50 Avenue",[\n]"
20:02:15.491 [main] DEBUG karate.org.apache.http.wire - http-outgoing-3 << "      "Latitude": null,[\n]"
20:02:15.491 [main] DEBUG karate.org.apache.http.wire - http-outgoing-3 << "      "Longitude": null,[\n]"
20:02:15.491 [main] DEBUG karate.org.apache.http.wire - http-outgoing-3 << "      "IPAddress": "10.221.21.20",[\n]"
20:02:15.491 [main] DEBUG karate.org.apache.http.wire - http-outgoing-3 << "      ""
20:02:15.491 [main] DEBUG karate.org.apache.http.wire - http-outgoing-3 << "Gateway": null,[\n]"
20:02:15.491 [main] DEBUG karate.org.apache.http.wire - http-outgoing-3 << "      "Subnet": null,[\n]"
20:02:15.491 [main] DEBUG karate.org.apache.http.wire - http-outgoing-3 << "      "OriginalInstallDate": null,[\n]"
20:02:15.491 [main] DEBUG karate.org.apache.http.wire - http-outgoing-3 << "      "EPPModelNumber": null,[\n]"
20:02:15.491 [main] DEBUG karate.org.apache.http.wire - http-outgoing-3 << "      "EPPCertificateNumber": null,[\n]"
20:02:15.491 [main] DEBUG karate.org.apache.http.wire - http-outgoing-3 << "      "EPPPartNumber": null,[\n]"
20:02:15.491 [main] DEBUG karate.org.apache.http.wire - http-outgoing-3 << "      "EPPVersionNumber": null,[\n]"
20:02:15.491 [main] DEBUG karate.org.apache.http.wire - http-outgoing-3 << "      "EPPInstallDate": null,[\n]"
20:02:15.491 [main] DEBUG karate.org.apache.http.wire - http-outgoing-3 << "      "ReplacementDate": null,[\n]"
20:02:15.491 [main] DEBUG karate.org.apache.http.wire - http-outgoing-3 << "      "IsAddressSameAsBranch": true,[\n]"
20:02:15.491 [main] DEBUG karate.org.apache.http.wire - http-outgoing-3 << "      "ATMImageName": null,[\n]"
20:02:15.491 [main] DEBUG karate.org.apache.http.wire - http-outgoing-3 << "      "Notes": null,[\n]"
20:02:15.491 [main] DEBUG karate.org.apache.http.wire - http-outgoing-3 << "      "InternalNotes": "Removed Sept 9, 2015",[\n]"
20:02:15.491 [main] DEBUG karate.org.apache.http.wire - http-outgoing-3 << "      "BranchName": "North Hill",[\n]"
20:02:15.491 [main] DEBUG karate.org.apache.http.wire - http-outgoing-3 << "      "IsActive": false,[\n]"
20:02:15.491 [main] DEBUG karate.org.apache.http.wire - http-outgoing-3 << "      "PostalCode": null,[\n]"
20:02:15.491 [main] DEBUG karate.org.apache.http.wire - http-outgoing-3 << "      "BranchCityId": 49,[\n]"
20:02:15.491 [main] DEBUG karate.org.apache.http.wire - http-outgoing-3 << "      "BranchAddress": "6757 50 Avenue",[\n]"
20:02:15.491 [main] DEBUG karate.org.apache.http.wire - http-outgoing-3 << "      "Brinks": null,[\n]"
20:02:15.491 [main] DEBUG karate.org.apache.http.wire - http-outgoing-3 << "      "BalancedBy": null,[\n]"
20:02:15.491 [main] DEBUG karate.org.apache.http.wire - http-outgoing-3 << "      "Cassette1": null,[\n]"
20:02:15.491 [main] DEBUG karate.org.apache.http.wire - http-outgoing-3 << "      "Cassette2": null,[\n]"
20:02:15.491 [main] DEBUG karate.org.apache.http.wire - http-outgoing-3 << "      "Cassette3": null,[\n]"
20:02:15.491 [main] DEBUG karate.org.apache.http.wire - http-outgoing-3 << "      "Cassette4": null[\n]"
20:02:15.491 [main] DEBUG karate.org.apache.http.wire - http-outgoing-3 << "    },[\n]"
20:02:15.491 [main] DEBUG karate.org.apache.http.wire - http-outgoing-3 << "    {[\n]"
20:02:15.491 [main] DEBUG karate.org.apache.http.wire - http-outgoing-3 << "      "CityName": "Red Deer",[\n]"
20:02:15.491 [main] DEBUG karate.org.apache.http.wire - http-outgoing-3 << "      "CityId": null,[\n]"
20:02:15.491 [main] DEBUG karate.org.apache.http.wire - http-outgoing-3 << "      "ATMMakeId": 1,[\n]"
20:02:15.491 [main] DEBUG karate.org.apache.http.wire - http-outgoing-3 << "      "LockMakeId": 1,[\n]"
20:02:15.491 [main] DEBUG karate.org.apache.http.wire - http-outgoing-3 << "      "AlarmVendorId": 1,[\n]"
20:02:15.491 [main] DEBUG karate.org.apache.http.wire - http-outgoing-3 << "      "BranchId": 37,[\n]"
20:02:15.491 [main] DEBUG karate.org.apache.http.wire - http-outgoing-3 << "      "AlarmVendor": {[\n]"
20:02:15.491 [main] DEBUG karate.org.apache.http.wire - http-outgoing-3 << "        "AlarmVendorId": 1,[\n]"
20:02:15.491 [main] DEBUG karate.org.apache.http.wire - http-outgoing-3 << "        "VendorName": "Tyco"[\n]"
20:02:15.491 [main] DEBUG karate.org.apache.http.wire - http-outgoing-3 << "      },[\n]"
20:02:15.491 [main] DEBUG karate.org.apache.http.wire - http-outgoing-3 << "      "ATMMake": {[\n]"
20:02:15.491 [main] DEBUG karate.org.apache.http.wire - http-outgoing-3 << "        "ATMMakeId": 1,[\n]"
20:02:15.491 [main] DEBUG karate.org.apache.http.wire - http-outgoing-3 << "        "MakeBrand": "Diebold"[\n]"
20:02:15.491 [main] DEBUG karate.org.apache.http.wire - http-outgoing-3 << "      },[\n]"
20:02:15.491 [main] DEBUG karate.org.apache.http.wire - http-outgoing-3 << " "
20:02:15.492 [main] DEBUG karate.org.apache.http.wire - http-outgoing-3 << "     "LockMake": {[\n]"
20:02:15.492 [main] DEBUG karate.org.apache.http.wire - http-outgoing-3 << "        "LockMakeId": 1,[\n]"
20:02:15.492 [main] DEBUG karate.org.apache.http.wire - http-outgoing-3 << "        "LockBrand": "Cencon Mas-Hamilton"[\n]"
20:02:15.492 [main] DEBUG karate.org.apache.http.wire - http-outgoing-3 << "      },[\n]"
20:02:15.492 [main] DEBUG karate.org.apache.http.wire - http-outgoing-3 << "      "Branch": null,[\n]"
20:02:15.492 [main] DEBUG karate.org.apache.http.wire - http-outgoing-3 << "      "ATMHours": [[\n]"
20:02:15.492 [main] DEBUG karate.org.apache.http.wire - http-outgoing-3 << "        {[\n]"
20:02:15.492 [main] DEBUG karate.org.apache.http.wire - http-outgoing-3 << "          "HourId": 4835,[\n]"
20:02:15.492 [main] DEBUG karate.org.apache.http.wire - http-outgoing-3 << "          "ParentId": 196,[\n]"
20:02:15.492 [main] DEBUG karate.org.apache.http.wire - http-outgoing-3 << "          "DayOfWeek": "Monday",[\n]"
20:02:15.492 [main] DEBUG karate.org.apache.http.wire - http-outgoing-3 << "          "OpenTime": null,[\n]"
20:02:15.492 [main] DEBUG karate.org.apache.http.wire - http-outgoing-3 << "          "CloseTime": null,[\n]"
20:02:15.492 [main] DEBUG karate.org.apache.http.wire - http-outgoing-3 << "          "Comments": null,[\n]"
20:02:15.492 [main] DEBUG karate.org.apache.http.wire - http-outgoing-3 << "          "IsClosed": true[\n]"
20:02:15.492 [main] DEBUG karate.org.apache.http.wire - http-outgoing-3 << "        },[\n]"
20:02:15.492 [main] DEBUG karate.org.apache.http.wire - http-outgoing-3 << "        {[\n]"
20:02:15.492 [main] DEBUG karate.org.apache.http.wire - http-outgoing-3 << "          "HourId": 4836,[\n]"
20:02:15.492 [main] DEBUG karate.org.apache.http.wire - http-outgoing-3 << "          "ParentId": 196,[\n]"
20:02:15.492 [main] DEBUG karate.org.apache.http.wire - http-outgoing-3 << "          "DayOfWeek": "Tuesday",[\n]"
20:02:15.492 [main] DEBUG karate.org.apache.http.wire - http-outgoing-3 << "          "OpenTime": null,[\n]"
20:02:15.492 [main] DEBUG karate.org.apache.http.wire - http-outgoing-3 << "          "CloseTime": null,[\n]"
20:02:15.492 [main] DEBUG karate.org.apache.http.wire - http-outgoing-3 << "          "Comments": null,[\n]"
20:02:15.492 [main] DEBUG karate.org.apache.http.wire - http-outgoing-3 << "          "IsClosed": true[\n]"
20:02:15.492 [main] DEBUG karate.org.apache.http.wire - http-outgoing-3 << "        },[\n]"
20:02:15.492 [main] DEBUG karate.org.apache.http.wire - http-outgoing-3 << "        {[\n]"
20:02:15.492 [main] DEBUG karate.org.apache.http.wire - http-outgoing-3 << "          "HourId": 4837,[\n]"
20:02:15.492 [main] DEBUG karate.org.apache.http.wire - http-outgoing-3 << "          "ParentId": 196,[\n]"
20:02:15.492 [main] DEBUG karate.org.apache.http.wire - http-outgoing-3 << "          "DayOfWeek": "Wednesday",[\n]"
20:02:15.492 [main] DEBUG karate.org.apache.http.wire - http-outgoing-3 << "          "OpenTime": null,[\n]"
20:02:15.492 [main] DEBUG karate.org.apache.http.wire - http-outgoing-3 << "          "CloseTime": null,[\n]"
20:02:15.492 [main] DEBUG karate.org.apache.http.wire - http-outgoing-3 << "          "Comments": null,[\n]"
20:02:15.492 [main] DEBUG karate.org.apache.http.wire - http-outgoing-3 << "          "IsClosed": true[\n]"
20:02:15.492 [main] DEBUG karate.org.apache.http.wire - http-outgoing-3 << "        },[\n]"
20:02:15.492 [main] DEBUG karate.org.apache.http.wire - http-outgoing-3 << "        {[\n]"
20:02:15.492 [main] DEBUG karate.org.apache.http.wire - http-outgoing-3 << "          "HourId": 4838,[\n]"
20:02:15.492 [main] DEBUG karate.org.apache.http.wire - http-outgoing-3 << "          "ParentId": 196,[\n]"
20:02:15.492 [main] DEBUG karate.org.apache.http.wire - http-outgoing-3 << "          "DayOfWeek": "Thursday",[\n]"
20:02:15.492 [main] DEBUG karate.org.apache.http.wire - http-outgoing-3 << "          "OpenTime": null,[\n]"
20:02:15.492 [main] DEBUG karate.org.apache.http.wire - http-outgoing-3 << "          "CloseTime": null,[\n]"
20:02:15.492 [main] DEBUG karate.org.apache.http.wire - http-outgoing-3 << "          "Comments": null,[\n]"
20:02:15.492 [main] DEBUG karate.org.apache.http.wire - http-outgoing-3 << "          "IsClosed": true[\n]"
20:02:15.492 [main] DEBUG karate.org.apache.http.wire - http-outgoing-3 << "        },[\n]"
20:02:15.492 [main] DEBUG karate.org.apache.http.wire - http-outgoing-3 << "    "
20:02:15.492 [main] DEBUG karate.org.apache.http.wire - http-outgoing-3 << "    {[\n]"
20:02:15.492 [main] DEBUG karate.org.apache.http.wire - http-outgoing-3 << "          "HourId": 4839,[\n]"
20:02:15.492 [main] DEBUG karate.org.apache.http.wire - http-outgoing-3 << "          "ParentId": 196,[\n]"
20:02:15.492 [main] DEBUG karate.org.apache.http.wire - http-outgoing-3 << "          "DayOfWeek": "Friday",[\n]"
20:02:15.492 [main] DEBUG karate.org.apache.http.wire - http-outgoing-3 << "          "OpenTime": null,[\n]"
20:02:15.492 [main] DEBUG karate.org.apache.http.wire - http-outgoing-3 << "          "CloseTime": null,[\n]"
20:02:15.492 [main] DEBUG karate.org.apache.http.wire - http-outgoing-3 << "          "Comments": null,[\n]"
20:02:15.492 [main] DEBUG karate.org.apache.http.wire - http-outgoing-3 << "          "IsClosed": true[\n]"
20:02:15.492 [main] DEBUG karate.org.apache.http.wire - http-outgoing-3 << "        },[\n]"
20:02:15.492 [main] DEBUG karate.org.apache.http.wire - http-outgoing-3 << "        {[\n]"
20:02:15.492 [main] DEBUG karate.org.apache.http.wire - http-outgoing-3 << "          "HourId": 4840,[\n]"
20:02:15.492 [main] DEBUG karate.org.apache.http.wire - http-outgoing-3 << "          "ParentId": 196,[\n]"
20:02:15.492 [main] DEBUG karate.org.apache.http.wire - http-outgoing-3 << "          "DayOfWeek": "Saturday",[\n]"
20:02:15.492 [main] DEBUG karate.org.apache.http.wire - http-outgoing-3 << "          "OpenTime": null,[\n]"
20:02:15.492 [main] DEBUG karate.org.apache.http.wire - http-outgoing-3 << "          "CloseTime": null,[\n]"
20:02:15.492 [main] DEBUG karate.org.apache.http.wire - http-outgoing-3 << "          "Comments": null,[\n]"
20:02:15.492 [main] DEBUG karate.org.apache.http.wire - http-outgoing-3 << "          "IsClosed": true[\n]"
20:02:15.493 [main] DEBUG karate.org.apache.http.wire - http-outgoing-3 << "        },[\n]"
20:02:15.493 [main] DEBUG karate.org.apache.http.wire - http-outgoing-3 << "        {[\n]"
20:02:15.493 [main] DEBUG karate.org.apache.http.wire - http-outgoing-3 << "          "HourId": 4841,[\n]"
20:02:15.493 [main] DEBUG karate.org.apache.http.wire - http-outgoing-3 << "          "ParentId": 196,[\n]"
20:02:15.493 [main] DEBUG karate.org.apache.http.wire - http-outgoing-3 << "          "DayOfWeek": "Sunday",[\n]"
20:02:15.493 [main] DEBUG karate.org.apache.http.wire - http-outgoing-3 << "          "OpenTime": null,[\n]"
20:02:15.493 [main] DEBUG karate.org.apache.http.wire - http-outgoing-3 << "          "CloseTime": null,[\n]"
20:02:15.493 [main] DEBUG karate.org.apache.http.wire - http-outgoing-3 << "          "Comments": null,[\n]"
20:02:15.493 [main] DEBUG karate.org.apache.http.wire - http-outgoing-3 << "          "IsClosed": true[\n]"
20:02:15.493 [main] DEBUG karate.org.apache.http.wire - http-outgoing-3 << "        }[\n]"
20:02:15.493 [main] DEBUG karate.org.apache.http.wire - http-outgoing-3 << "      ],[\n]"
20:02:15.493 [main] DEBUG karate.org.apache.http.wire - http-outgoing-3 << "      "ATMServices": [[\n]"
20:02:15.493 [main] DEBUG karate.org.apache.http.wire - http-outgoing-3 << "        {[\n]"
20:02:15.493 [main] DEBUG karate.org.apache.http.wire - http-outgoing-3 << "          "ServiceId": 3199,[\n]"
20:02:15.493 [main] DEBUG karate.org.apache.http.wire - http-outgoing-3 << "          "ParentId": 196,[\n]"
20:02:15.493 [main] DEBUG karate.org.apache.http.wire - http-outgoing-3 << "          "ServiceTypeId": 12,[\n]"
20:02:15.493 [main] DEBUG karate.org.apache.http.wire - http-outgoing-3 << "          "ServiceValue": false,[\n]"
20:02:15.493 [main] DEBUG karate.org.apache.http.wire - http-outgoing-3 << "          "ServiceTypeCode": "USDCurrency",[\n]"
20:02:15.493 [main] DEBUG karate.org.apache.http.wire - http-outgoing-3 << "          "ServiceTypeTitle": "USD Currency",[\n]"
20:02:15.493 [main] DEBUG karate.org.apache.http.wire - http-outgoing-3 << "          "ServiceTypeDesc": "Offers USD Currency?"[\n]"
20:02:15.493 [main] DEBUG karate.org.apache.http.wire - http-outgoing-3 << "        },[\n]"
20:02:15.493 [main] DEBUG karate.org.apache.http.wire - http-outgoing-3 << "        {[\n]"
20:02:15.493 [main] DEBUG karate.org.apache.http.wire - http-outgoing-3 << "          "ServiceId": 4102,[\n]"
20:02:15.493 [main] DEBUG karate.org.apache.http.wire - http-outgoing-3 << "          "Paren"
20:02:15.493 [main] DEBUG karate.org.apache.http.wire - http-outgoing-3 << "tId": 196,[\n]"
20:02:15.493 [main] DEBUG karate.org.apache.http.wire - http-outgoing-3 << "          "ServiceTypeId": 11,[\n]"
20:02:15.493 [main] DEBUG karate.org.apache.http.wire - http-outgoing-3 << "          "ServiceValue": false,[\n]"
20:02:15.493 [main] DEBUG karate.org.apache.http.wire - http-outgoing-3 << "          "ServiceTypeCode": "24Hours",[\n]"
20:02:15.493 [main] DEBUG karate.org.apache.http.wire - http-outgoing-3 << "          "ServiceTypeTitle": "24 Hours",[\n]"
20:02:15.493 [main] DEBUG karate.org.apache.http.wire - http-outgoing-3 << "          "ServiceTypeDesc": "Is 24 Hours?"[\n]"
20:02:15.493 [main] DEBUG karate.org.apache.http.wire - http-outgoing-3 << "        },[\n]"
20:02:15.493 [main] DEBUG karate.org.apache.http.wire - http-outgoing-3 << "        {[\n]"
20:02:15.493 [main] DEBUG karate.org.apache.http.wire - http-outgoing-3 << " "
20:02:15.726 [main] DEBUG karate.org.apache.http.wire - http-outgoing-3 << "         "ServiceId": 4103,[\n]"
20:02:15.726 [main] DEBUG karate.org.apache.http.wire - http-outgoing-3 << "          "ParentId": 196,[\n]"
20:02:15.726 [main] DEBUG karate.org.apache.http.wire - http-outgoing-3 << "          "ServiceTypeId": 9,[\n]"
20:02:15.726 [main] DEBUG karate.org.apache.http.wire - http-outgoing-3 << "          "ServiceValue": false,[\n]"
20:02:15.726 [main] DEBUG karate.org.apache.http.wire - http-outgoing-3 << "          "ServiceTypeCode": "Camera",[\n]"
20:02:15.726 [main] DEBUG karate.org.apache.http.wire - http-outgoing-3 << "          "ServiceTypeTitle": "Camera",[\n]"
20:02:15.726 [main] DEBUG karate.org.apache.http.wire - http-outgoing-3 << "          "ServiceTypeDesc": "Has Camera?"[\n]"
20:02:15.726 [main] DEBUG karate.org.apache.http.wire - http-outgoing-3 << "        },[\n]"
20:02:15.726 [main] DEBUG karate.org.apache.http.wire - http-outgoing-3 << "        {[\n]"
20:02:15.726 [main] DEBUG karate.org.apache.http.wire - http-outgoing-3 << "          "ServiceId": 4104,[\n]"
20:02:15.726 [main] DEBUG karate.org.apache.http.wire - http-outgoing-3 << "          "ParentId": 196,[\n]"
20:02:15.726 [main] DEBUG karate.org.apache.http.wire - http-outgoing-3 << "          "ServiceTypeId": 8,[\n]"
20:02:15.726 [main] DEBUG karate.org.apache.http.wire - http-outgoing-3 << "          "ServiceValue": false,[\n]"
20:02:15.726 [main] DEBUG karate.org.apache.http.wire - http-outgoing-3 << "          "ServiceTypeCode": "DriveThru",[\n]"
20:02:15.727 [main] DEBUG karate.org.apache.http.wire - http-outgoing-3 << "          "ServiceTypeTitle": "Drive Thru",[\n]"
20:02:15.727 [main] DEBUG karate.org.apache.http.wire - http-outgoing-3 << "          "ServiceTypeDesc": "Has DriveThru?"[\n]"
20:02:15.727 [main] DEBUG karate.org.apache.http.wire - http-outgoing-3 << "        },[\n]"
20:02:15.727 [main] DEBUG karate.org.apache.http.wire - http-outgoing-3 << "        {[\n]"
20:02:15.727 [main] DEBUG karate.org.apache.http.wire - http-outgoing-3 << "          "ServiceId": 4105,[\n]"
20:02:15.727 [main] DEBUG karate.org.apache.http.wire - http-outgoing-3 << "          "ParentId": 196,[\n]"
20:02:15.727 [main] DEBUG karate.org.apache.http.wire - http-outgoing-3 << "          "ServiceTypeId": 10,[\n]"
20:02:15.727 [main] DEBUG karate.org.apache.http.wire - http-outgoing-3 << "          "ServiceValue": false,[\n]"
20:02:15.727 [main] DEBUG karate.org.apache.http.wire - http-outgoing-3 << "          "ServiceTypeCode": "FullService",[\n]"
20:02:15.727 [main] DEBUG karate.org.apache.http.wire - http-outgoing-3 << "          "ServiceTypeTitle": "Full Service",[\n]"
20:02:15.727 [main] DEBUG karate.org.apache.http.wire - http-outgoing-3 << "          "ServiceTypeDesc": "Is Full Service?"[\n]"
20:02:15.727 [main] DEBUG karate.org.apache.http.wire - http-outgoing-3 << "        },[\n]"
20:02:15.727 [main] DEBUG karate.org.apache.http.wire - http-outgoing-3 << "        {[\n]"
20:02:15.727 [main] DEBUG karate.org.apache.http.wire - http-outgoing-3 << "          "ServiceId": 5199,[\n]"
20:02:15.727 [main] DEBUG karate.org.apache.http.wire - http-outgoing-3 << "          "ParentId": 196,[\n]"
20:02:15.727 [main] DEBUG karate.org.apache.http.wire - http-outgoing-3 << "          "ServiceTypeId": 1012,[\n]"
20:02:15.727 [main] DEBUG karate.org.apache.http.wire - http-outgoing-3 << "          "ServiceValue": false,[\n]"
20:02:15.727 [main] DEBUG karate.org.apache.http.wire - http-outgoing-3 << "          "ServiceTypeCode": "DepositAutomation",[\n]"
20:02:15.727 [main] DEBUG karate.org.apache.http.wire - http-outgoing-3 << "          "ServiceTypeTitle": "Deposit A"
20:02:15.727 [main] DEBUG karate.org.apache.http.wire - http-outgoing-3 << "utomation",[\n]"
20:02:15.727 [main] DEBUG karate.org.apache.http.wire - http-outgoing-3 << "          "ServiceTypeDesc": "Offers Deposit Automation?"[\n]"
20:02:15.727 [main] DEBUG karate.org.apache.http.wire - http-outgoing-3 << "        }[\n]"
20:02:15.727 [main] DEBUG karate.org.apache.http.wire - http-outgoing-3 << "      ],[\n]"
20:02:15.727 [main] DEBUG karate.org.apache.http.wire - http-outgoing-3 << "      "ATMId": 196,[\n]"
20:02:15.727 [main] DEBUG karate.org.apache.http.wire - http-outgoing-3 << "      "ATMNumber": "A001D942",[\n]"
20:02:15.727 [main] DEBUG karate.org.apache.http.wire - http-outgoing-3 << "      "ATMName": "Red Deer - Parkland Square",[\n]"
20:02:15.727 [main] DEBUG karate.org.apache.http.wire - http-outgoing-3 << "      "ModelNumber": "1062ix",[\n]"
20:02:15.727 [main] DEBUG karate.org.apache.http.wire - http-outgoing-3 << "      "SerialNumber": "0106205-41680",[\n]"
20:02:15.727 [main] DEBUG karate.org.apache.http.wire - http-outgoing-3 << "      "LockSerial": "535828",[\n]"
20:02:15.727 [main] DEBUG karate.org.apache.http.wire - http-outgoing-3 << "      "MainProvider": null,[\n]"
20:02:15.727 [main] DEBUG karate.org.apache.http.wire - http-outgoing-3 << "      "SoftwareVersion": "Agalis 2.0",[\n]"
20:02:15.727 [main] DEBUG karate.org.apache.http.wire - http-outgoing-3 << "      "ATMAddress": "4901 48 Street",[\n]"
20:02:15.727 [main] DEBUG karate.org.apache.http.wire - http-outgoing-3 << "      "Latitude": null,[\n]"
20:02:15.727 [main] DEBUG karate.org.apache.http.wire - http-outgoing-3 << "      "Longitude": null,[\n]"
20:02:15.727 [main] DEBUG karate.org.apache.http.wire - http-outgoing-3 << "      "IPAddress": "10.221.21.51",[\n]"
20:02:15.727 [main] DEBUG karate.org.apache.http.wire - http-outgoing-3 << "      "Gateway": null,[\n]"
20:02:15.727 [main] DEBUG karate.org.apache.http.wire - http-outgoing-3 << "      "Subnet": null,[\n]"
20:02:15.727 [main] DEBUG karate.org.apache.http.wire - http-outgoing-3 << "      "OriginalInstallDate": null,[\n]"
20:02:15.727 [main] DEBUG karate.org.apache.http.wire - http-outgoing-3 << "      "EPPModelNumber": null,[\n]"
20:02:15.727 [main] DEBUG karate.org.apache.http.wire - http-outgoing-3 << "      "EPPCertificateNumber": null,[\n]"
20:02:15.727 [main] DEBUG karate.org.apache.http.wire - http-outgoing-3 << "      "EPPPartNumber": null,[\n]"
20:02:15.727 [main] DEBUG karate.org.apache.http.wire - http-outgoing-3 << "      "EPPVersionNumber": null,[\n]"
20:02:15.727 [main] DEBUG karate.org.apache.http.wire - http-outgoing-3 << "      "EPPInstallDate": null,[\n]"
20:02:15.727 [main] DEBUG karate.org.apache.http.wire - http-outgoing-3 << "      "ReplacementDate": null,[\n]"
20:02:15.727 [main] DEBUG karate.org.apache.http.wire - http-outgoing-3 << "      "IsAddressSameAsBranch": true,[\n]"
20:02:15.727 [main] DEBUG karate.org.apache.http.wire - http-outgoing-3 << "      "ATMImageName": null,[\n]"
20:02:15.727 [main] DEBUG karate.org.apache.http.wire - http-outgoing-3 << "      "Notes": null,[\n]"
20:02:15.727 [main] DEBUG karate.org.apache.http.wire - http-outgoing-3 << "      "InternalNotes": "Removed Sept 8, 2015",[\n]"
20:02:15.727 [main] DEBUG karate.org.apache.http.wire - http-outgoing-3 << "      "BranchName": "Parkland Square",[\n]"
20:02:15.727 [main] DEBUG karate.org.apache.http.wire - http-outgoing-3 << "      "IsActive": false,[\n]"
20:02:15.727 [main] DEBUG karate.org.apache.http.wire - http-outgoing-3 << "      "PostalCode": null,[\n]"
20:02:15.727 [main] DEBUG karate.org.apache.http.wire - http-outgoing-3 << "      "BranchCityId": 49,[\n]"
20:02:15.727 [main] DEBUG karate.org.apache.http.wire - http-outgoing-3 << "      "BranchAddress": "4901 48"
20:02:15.727 [main] DEBUG karate.org.apache.http.wire - http-outgoing-3 << " Street",[\n]"
20:02:15.727 [main] DEBUG karate.org.apache.http.wire - http-outgoing-3 << "      "Brinks": null,[\n]"
20:02:15.727 [main] DEBUG karate.org.apache.http.wire - http-outgoing-3 << "      "BalancedBy": null,[\n]"
20:02:15.727 [main] DEBUG karate.org.apache.http.wire - http-outgoing-3 << "      "Cassette1": null,[\n]"
20:02:15.727 [main] DEBUG karate.org.apache.http.wire - http-outgoing-3 << "      "Cassette2": null,[\n]"
20:02:15.727 [main] DEBUG karate.org.apache.http.wire - http-outgoing-3 << "      "Cassette3": null,[\n]"
20:02:15.727 [main] DEBUG karate.org.apache.http.wire - http-outgoing-3 << "      "Cassette4": null[\n]"
20:02:15.727 [main] DEBUG karate.org.apache.http.wire - http-outgoing-3 << "    },[\n]"
20:02:15.727 [main] DEBUG karate.org.apache.http.wire - http-outgoing-3 << "    {[\n]"
20:02:15.727 [main] DEBUG karate.org.apache.http.wire - http-outgoing-3 << "      "CityName": "Redcliff",[\n]"
20:02:15.727 [main] DEBUG karate.org.apache.http.wire - http-outgoing-3 << "      "CityId": null,[\n]"
20:02:15.727 [main] DEBUG karate.org.apache.http.wire - http-outgoing-3 << "      "ATMMakeId": 1,[\n]"
20:02:15.727 [main] DEBUG karate.org.apache.http.wire - http-outgoing-3 << "      "LockMakeId": 1,[\n]"
20:02:15.727 [main] DEBUG karate.org.apache.http.wire - http-outgoing-3 << "      "AlarmVendorId": 1,[\n]"
20:02:15.727 [main] DEBUG karate.org.apache.http.wire - http-outgoing-3 << "      "BranchId": 39,[\n]"
20:02:15.727 [main] DEBUG karate.org.apache.http.wire - http-outgoing-3 << "      "AlarmVendor": {[\n]"
20:02:15.727 [main] DEBUG karate.org.apache.http.wire - http-outgoing-3 << "        "AlarmVendorId": 1,[\n]"
20:02:15.727 [main] DEBUG karate.org.apache.http.wire - http-outgoing-3 << "        "VendorName": "Tyco"[\n]"
20:02:15.727 [main] DEBUG karate.org.apache.http.wire - http-outgoing-3 << "      },[\n]"
20:02:15.727 [main] DEBUG karate.org.apache.http.wire - http-outgoing-3 << "      "ATMMake": {[\n]"
20:02:15.727 [main] DEBUG karate.org.apache.http.wire - http-outgoing-3 << "        "ATMMakeId": 1,[\n]"
20:02:15.727 [main] DEBUG karate.org.apache.http.wire - http-outgoing-3 << "        "MakeBrand": "Diebold"[\n]"
20:02:15.727 [main] DEBUG karate.org.apache.http.wire - http-outgoing-3 << "      },[\n]"
20:02:15.727 [main] DEBUG karate.org.apache.http.wire - http-outgoing-3 << "      "LockMake": {[\n]"
20:02:15.727 [main] DEBUG karate.org.apache.http.wire - http-outgoing-3 << "        "LockMakeId": 1,[\n]"
20:02:15.727 [main] DEBUG karate.org.apache.http.wire - http-outgoing-3 << "        "LockBrand": "Cencon Mas-Hamilton"[\n]"
20:02:15.727 [main] DEBUG karate.org.apache.http.wire - http-outgoing-3 << "      },[\n]"
20:02:15.727 [main] DEBUG karate.org.apache.http.wire - http-outgoing-3 << "      "Branch": null,[\n]"
20:02:15.727 [main] DEBUG karate.org.apache.http.wire - http-outgoing-3 << "      "ATMHours": [[\n]"
20:02:15.727 [main] DEBUG karate.org.apache.http.wire - http-outgoing-3 << "        [\n]"
20:02:15.727 [main] DEBUG karate.org.apache.http.wire - http-outgoing-3 << "      ],[\n]"
20:02:15.727 [main] DEBUG karate.org.apache.http.wire - http-outgoing-3 << "      "ATMServices": [[\n]"
20:02:15.727 [main] DEBUG karate.org.apache.http.wire - http-outgoing-3 << "        {[\n]"
20:02:15.727 [main] DEBUG karate.org.apache.http.wire - http-outgoing-3 << "          "ServiceId": 3128,[\n]"
20:02:15.727 [main] DEBUG karate.org.apache.http.wire - http-outgoing-3 << "          "ParentId": 119,[\n]"
20:02:15.727 [main] DEBUG karate.org.apache.http.wire - http-outgoing-3 << "          "ServiceTypeId": 12,[\n]"
20:02:15.727 [main] DEBUG karate.org.apache.http.wire - http-outgoing-3 << "          "ServiceValue": false,[\n]"
20:02:15.727 [main] DEBUG karate.org.apache.http.wire - http-outgoing-3 << "          "ServiceTypeCode": "USDCurrency",[\n]"
20:02:15.727 [main] DEBUG karate.org.apache.http.wire - http-outgoing-3 << "          "ServiceTypeTitle": "USD Currency",[\n]"
20:02:15.728 [main] DEBUG karate.org.apache.http.wire - http-outgoing-3 << "          "ServiceTypeDesc": "Offers USD Currency?"[\n]"
20:02:15.728 [main] DEBUG karate.org.apache.http.wire - http-outgoing-3 << "        },[\n]"
20:02:15.728 [main] DEBUG karate.org.apache.http.wire - http-outgoing-3 << "        {[\n]"
20:02:15.728 [main] DEBUG karate.org.apache.http.wire - http-outgoing-3 << "          "ServiceId": 5128,[\n]"
20:02:15.728 [main] DEBUG karate.org.apache.http.wire - http-outgoing-3 << "          "ParentId": 119,[\n]"
20:02:15.728 [main] DEBUG karate.org.apache.http.wire - http-outgoing-3 << "        "
20:02:15.728 [main] DEBUG karate.org.apache.http.wire - http-outgoing-3 << "  "ServiceTypeId": 1012,[\n]"
20:02:15.728 [main] DEBUG karate.org.apache.http.wire - http-outgoing-3 << "          "ServiceValue": false,[\n]"
20:02:15.728 [main] DEBUG karate.org.apache.http.wire - http-outgoing-3 << "          "ServiceTypeCode": "DepositAutomation",[\n]"
20:02:15.728 [main] DEBUG karate.org.apache.http.wire - http-outgoing-3 << "          "ServiceTypeTitle": "Deposit Automation",[\n]"
20:02:15.728 [main] DEBUG karate.org.apache.http.wire - http-outgoing-3 << "          "ServiceTypeDesc": "Offers Deposit Automation?"[\n]"
20:02:15.728 [main] DEBUG karate.org.apache.http.wire - http-outgoing-3 << "        }[\n]"
20:02:15.728 [main] DEBUG karate.org.apache.http.wire - http-outgoing-3 << "      ],[\n]"
20:02:15.728 [main] DEBUG karate.org.apache.http.wire - http-outgoing-3 << "      "ATMId": 119,[\n]"
20:02:15.728 [main] DEBUG karate.org.apache.http.wire - http-outgoing-3 << "      "ATMNumber": "A001D963",[\n]"
20:02:15.728 [main] DEBUG karate.org.apache.http.wire - http-outgoing-3 << "      "ATMName": "Redcliff",[\n]"
20:02:15.728 [main] DEBUG karate.org.apache.http.wire - http-outgoing-3 << "      "ModelNumber": "1062ix",[\n]"
20:02:15.728 [main] DEBUG karate.org.apache.http.wire - http-outgoing-3 << "      "SerialNumber": "010620538184",[\n]"
20:02:15.728 [main] DEBUG karate.org.apache.http.wire - http-outgoing-3 << "      "LockSerial": "535889",[\n]"
20:02:15.728 [main] DEBUG karate.org.apache.http.wire - http-outgoing-3 << "      "MainProvider": "Diebold",[\n]"
20:02:15.728 [main] DEBUG karate.org.apache.http.wire - http-outgoing-3 << "      "SoftwareVersion": null,[\n]"
20:02:15.728 [main] DEBUG karate.org.apache.http.wire - http-outgoing-3 << "      "ATMAddress": "5 631 South Railway Drive NE",[\n]"
20:02:15.728 [main] DEBUG karate.org.apache.http.wire - http-outgoing-3 << "      "Latitude": null,[\n]"
20:02:15.728 [main] DEBUG karate.org.apache.http.wire - http-outgoing-3 << "      "Longitude": null,[\n]"
20:02:15.728 [main] DEBUG karate.org.apache.http.wire - http-outgoing-3 << "      "IPAddress": "10.221.21.227",[\n]"
20:02:15.728 [main] DEBUG karate.org.apache.http.wire - http-outgoing-3 << "      "Gateway": null,[\n]"
20:02:15.728 [main] DEBUG karate.org.apache.http.wire - http-outgoing-3 << "      "Subnet": null,[\n]"
20:02:15.728 [main] DEBUG karate.org.apache.http.wire - http-outgoing-3 << "      "OriginalInstallDate": "January 24, 2001",[\n]"
20:02:15.728 [main] DEBUG karate.org.apache.http.wire - http-outgoing-3 << "      "EPPModelNumber": null,[\n]"
20:02:15.728 [main] DEBUG karate.org.apache.http.wire - http-outgoing-3 << "      "EPPCertificateNumber": null,[\n]"
20:02:15.728 [main] DEBUG karate.org.apache.http.wire - http-outgoing-3 << "      "EPPPartNumber": null,[\n]"
20:02:15.728 [main] DEBUG karate.org.apache.http.wire - http-outgoing-3 << "      "EPPVersionNumber": null,[\n]"
20:02:15.728 [main] DEBUG karate.org.apache.http.wire - http-outgoing-3 << "      "EPPInstallDate": null,[\n]"
20:02:15.728 [main] DEBUG karate.org.apache.http.wire - http-outgoing-3 << "      "ReplacementDate": null,[\n]"
20:02:15.728 [main] DEBUG karate.org.apache.http.wire - http-outgoing-3 << "      "IsAddressSameAsBranch": true,[\n]"
20:02:15.728 [main] DEBUG karate.org.apache.http.wire - http-outgoing-3 << "      "ATMImageName": null,[\n]"
20:02:15.728 [main] DEBUG karate.org.apache.http.wire - http-outgoing-3 << "      "Notes": null,[\n]"
20:02:15.728 [main] DEBUG karate.org.apache.http.wire - http-outgoing-3 << "      "InternalNotes": "Removed Septemb"
20:02:15.728 [main] DEBUG karate.org.apache.http.wire - http-outgoing-3 << "er 30, 2015",[\n]"
20:02:15.728 [main] DEBUG karate.org.apache.http.wire - http-outgoing-3 << "      "BranchName": "Redcliff",[\n]"
20:02:15.728 [main] DEBUG karate.org.apache.http.wire - http-outgoing-3 << "      "IsActive": false,[\n]"
20:02:15.728 [main] DEBUG karate.org.apache.http.wire - http-outgoing-3 << "      "PostalCode": "",[\n]"
20:02:15.728 [main] DEBUG karate.org.apache.http.wire - http-outgoing-3 << "      "BranchCityId": 50,[\n]"
20:02:15.728 [main] DEBUG karate.org.apache.http.wire - http-outgoing-3 << "      "BranchAddress": "5 631 South Railway Drive Northeast",[\n]"
20:02:15.728 [main] DEBUG karate.org.apache.http.wire - http-outgoing-3 << "      "Brinks": null,[\n]"
20:02:15.728 [main] DEBUG karate.org.apache.http.wire - http-outgoing-3 << "      "BalancedBy": null,[\n]"
20:02:15.728 [main] DEBUG karate.org.apache.http.wire - http-outgoing-3 << "      "Cassette1": null,[\n]"
20:02:15.728 [main] DEBUG karate.org.apache.http.wire - http-outgoing-3 << "      "Cassette2": null,[\n]"
20:02:15.728 [main] DEBUG karate.org.apache.http.wire - http-outgoing-3 << "      "Cassette3": null,[\n]"
20:02:15.728 [main] DEBUG karate.org.apache.http.wire - http-outgoing-3 << "      "Cassette4": null[\n]"
20:02:15.728 [main] DEBUG karate.org.apache.http.wire - http-outgoing-3 << "    },[\n]"
20:02:15.728 [main] DEBUG karate.org.apache.http.wire - http-outgoing-3 << "    {[\n]"
20:02:15.728 [main] DEBUG karate.org.apache.http.wire - http-outgoing-3 << "      "CityName": "Red Deer",[\n]"
20:02:15.728 [main] DEBUG karate.org.apache.http.wire - http-outgoing-3 << "      "CityId": null,[\n]"
20:02:15.728 [main] DEBUG karate.org.apache.http.wire - http-outgoing-3 << "      "ATMMakeId": 1,[\n]"
20:02:15.728 [main] DEBUG karate.org.apache.http.wire - http-outgoing-3 << "      "LockMakeId": 1,[\n]"
20:02:15.728 [main] DEBUG karate.org.apache.http.wire - http-outgoing-3 << "      "AlarmVendorId": 1,[\n]"
20:02:15.728 [main] DEBUG karate.org.apache.http.wire - http-outgoing-3 << "      "BranchId": 42,[\n]"
20:02:15.728 [main] DEBUG karate.org.apache.http.wire - http-outgoing-3 << "      "AlarmVendor": {[\n]"
20:02:15.728 [main] DEBUG karate.org.apache.http.wire - http-outgoing-3 << "        "AlarmVendorId": 1,[\n]"
20:02:15.728 [main] DEBUG karate.org.apache.http.wire - http-outgoing-3 << "        "VendorName": "Tyco"[\n]"
20:02:15.728 [main] DEBUG karate.org.apache.http.wire - http-outgoing-3 << "      },[\n]"
20:02:15.728 [main] DEBUG karate.org.apache.http.wire - http-outgoing-3 << "      "ATMMake": {[\n]"
20:02:15.728 [main] DEBUG karate.org.apache.http.wire - http-outgoing-3 << "        "ATMMakeId": 1,[\n]"
20:02:15.728 [main] DEBUG karate.org.apache.http.wire - http-outgoing-3 << "        "MakeBrand": "Diebold"[\n]"
20:02:15.728 [main] DEBUG karate.org.apache.http.wire - http-outgoing-3 << "      },[\n]"
20:02:15.728 [main] DEBUG karate.org.apache.http.wire - http-outgoing-3 << "      "LockMake": {[\n]"
20:02:15.728 [main] DEBUG karate.org.apache.http.wire - http-outgoing-3 << "        "LockMakeId": 1,[\n]"
20:02:15.728 [main] DEBUG karate.org.apache.http.wire - http-outgoing-3 << "        "LockBrand": "Cencon Mas-Hamilton"[\n]"
20:02:15.728 [main] DEBUG karate.org.apache.http.wire - http-outgoing-3 << "      },[\n]"
20:02:15.728 [main] DEBUG karate.org.apache.http.wire - http-outgoing-3 << "      "Branch": null,[\n]"
20:02:15.728 [main] DEBUG karate.org.apache.http.wire - http-outgoing-3 << "      "ATMHours": [[\n]"
20:02:15.728 [main] DEBUG karate.org.apache.http.wire - http-outgoing-3 << "        {[\n]"
20:02:15.728 [main] DEBUG karate.org.apache.http.wire - http-outgoing-3 << "          "HourId": 1464,[\n]"
20:02:15.728 [main] DEBUG karate.org.apache.http.wire - http-outgoing-3 << "          "ParentId": 48,[\n]"
20:02:15.728 [main] DEBUG karate.org.apache.http.wire - http-outgoing-3 << "          "DayOfWeek": "Monday",[\n]"
20:02:15.728 [main] DEBUG karate.org.apache.http.wire - http-outgoing-3 << "          "OpenTime": null,[\n]"
20:02:15.728 [main] DEBUG karate.org.apache.http.wire - http-outgoing-3 << "          "CloseTime": null,[\n]"
20:02:15.728 [main] DEBUG karate.org.apache.http.wire - http-outgoing-3 << "          "Comments": null,[\n]"
20:02:15.728 [main] DEBUG karate.org.apache.http.wire - http-outgoing-3 << "          "IsClosed": true[\n]"
20:02:15.728 [main] DEBUG karate.org.apache.http.wire - http-outgoing-3 << "        },[\n]"
20:02:15.728 [main] DEBUG karate.org.apache.http.wire - http-outgoing-3 << "       "
20:02:15.728 [main] DEBUG karate.org.apache.http.wire - http-outgoing-3 << " {[\n]"
20:02:15.728 [main] DEBUG karate.org.apache.http.wire - http-outgoing-3 << "          "HourId": 1465,[\n]"
20:02:15.728 [main] DEBUG karate.org.apache.http.wire - http-outgoing-3 << "          "ParentId": 48,[\n]"
20:02:15.728 [main] DEBUG karate.org.apache.http.wire - http-outgoing-3 << "          "DayOfWeek": "Tuesday",[\n]"
20:02:15.728 [main] DEBUG karate.org.apache.http.wire - http-outgoing-3 << "          "OpenTime": null,[\n]"
20:02:15.728 [main] DEBUG karate.org.apache.http.wire - http-outgoing-3 << "          "CloseTime": null,[\n]"
20:02:15.728 [main] DEBUG karate.org.apache.http.wire - http-outgoing-3 << "          "Comments": null,[\n]"
20:02:15.728 [main] DEBUG karate.org.apache.http.wire - http-outgoing-3 << "          "IsClosed": true[\n]"
20:02:15.728 [main] DEBUG karate.org.apache.http.wire - http-outgoing-3 << "        },[\n]"
20:02:15.728 [main] DEBUG karate.org.apache.http.wire - http-outgoing-3 << "        {[\n]"
20:02:15.728 [main] DEBUG karate.org.apache.http.wire - http-outgoing-3 << "          "HourId": 1466,[\n]"
20:02:15.728 [main] DEBUG karate.org.apache.http.wire - http-outgoing-3 << "          "ParentId": 48,[\n]"
20:02:15.728 [main] DEBUG karate.org.apache.http.wire - http-outgoing-3 << "          "DayOfWeek": "Wednesday",[\n]"
20:02:15.728 [main] DEBUG karate.org.apache.http.wire - http-outgoing-3 << "          "OpenTime": null,[\n]"
20:02:15.728 [main] DEBUG karate.org.apache.http.wire - http-outgoing-3 << "          "CloseTime": null,[\n]"
20:02:15.728 [main] DEBUG karate.org.apache.http.wire - http-outgoing-3 << "          "Comments": null,[\n]"
20:02:15.728 [main] DEBUG karate.org.apache.http.wire - http-outgoing-3 << "          "IsClosed": true[\n]"
20:02:15.728 [main] DEBUG karate.org.apache.http.wire - http-outgoing-3 << "        },[\n]"
20:02:15.728 [main] DEBUG karate.org.apache.http.wire - http-outgoing-3 << "        {[\n]"
20:02:15.728 [main] DEBUG karate.org.apache.http.wire - http-outgoing-3 << "          "HourId": 1467,[\n]"
20:02:15.728 [main] DEBUG karate.org.apache.http.wire - http-outgoing-3 << "          "ParentId": 48,[\n]"
20:02:15.728 [main] DEBUG karate.org.apache.http.wire - http-outgoing-3 << "          "DayOfWeek": "Thursday",[\n]"
20:02:15.728 [main] DEBUG karate.org.apache.http.wire - http-outgoing-3 << "          "OpenTime": null,[\n]"
20:02:15.728 [main] DEBUG karate.org.apache.http.wire - http-outgoing-3 << "          "CloseTime": null,[\n]"
20:02:15.728 [main] DEBUG karate.org.apache.http.wire - http-outgoing-3 << "          "Comments": null,[\n]"
20:02:15.729 [main] DEBUG karate.org.apache.http.wire - http-outgoing-3 << "          "IsClosed": true[\n]"
20:02:15.729 [main] DEBUG karate.org.apache.http.wire - http-outgoing-3 << "        },[\n]"
20:02:15.729 [main] DEBUG karate.org.apache.http.wire - http-outgoing-3 << "        {[\n]"
20:02:15.729 [main] DEBUG karate.org.apache.http.wire - http-outgoing-3 << "          "HourId": 1468,[\n]"
20:02:15.729 [main] DEBUG karate.org.apache.http.wire - http-outgoing-3 << "          "ParentId": 48,[\n]"
20:02:15.729 [main] DEBUG karate.org.apache.http.wire - http-outgoing-3 << "          "DayOfWeek": "Friday",[\n]"
20:02:15.729 [main] DEBUG karate.org.apache.http.wire - http-outgoing-3 << "          "OpenTime": null,[\n]"
20:02:15.729 [main] DEBUG karate.org.apache.http.wire - http-outgoing-3 << "          "CloseTime": null,[\n]"
20:02:15.729 [main] DEBUG karate.org.apache.http.wire - http-outgoing-3 << "          "Comments": null,[\n]"
20:02:15.729 [main] DEBUG karate.org.apache.http.wire - http-outgoing-3 << "          "IsClosed": true[\n]"
20:02:15.729 [main] DEBUG karate.org.apache.http.wire - http-outgoing-3 << "        },[\n]"
20:02:15.729 [main] DEBUG karate.org.apache.http.wire - http-outgoing-3 << "        {[\n]"
20:02:15.729 [main] DEBUG karate.org.apache.http.wire - http-outgoing-3 << "          "HourId": 1469,[\n]"
20:02:15.729 [main] DEBUG karate.org.apache.http.wire - http-outgoing-3 << "          "ParentId": 48,[\n]"
20:02:15.729 [main] DEBUG karate.org.apache.http.wire - http-outgoing-3 << "          "DayOfWeek": "Saturday",[\n]"
20:02:15.729 [main] DEBUG karate.org.apache.http.wire - http-outgoing-3 << "          "OpenTime": null,[\n]"
20:02:15.729 [main] DEBUG karate.org.apache.http.wire - http-outgoing-3 << "          "CloseTime": null,"
20:02:15.729 [main] DEBUG karate.org.apache.http.wire - http-outgoing-3 << "[\n]"
20:02:15.729 [main] DEBUG karate.org.apache.http.wire - http-outgoing-3 << "          "Comments": null,[\n]"
20:02:15.729 [main] DEBUG karate.org.apache.http.wire - http-outgoing-3 << "          "IsClosed": true[\n]"
20:02:15.729 [main] DEBUG karate.org.apache.http.wire - http-outgoing-3 << "        },[\n]"
20:02:15.729 [main] DEBUG karate.org.apache.http.wire - http-outgoing-3 << "        {[\n]"
20:02:15.729 [main] DEBUG karate.org.apache.http.wire - http-outgoing-3 << "          "HourId": 1470,[\n]"
20:02:15.729 [main] DEBUG karate.org.apache.http.wire - http-outgoing-3 << "          "ParentId": 48,[\n]"
20:02:15.729 [main] DEBUG karate.org.apache.http.wire - http-outgoing-3 << "          "DayOfWeek": "Sunday",[\n]"
20:02:15.729 [main] DEBUG karate.org.apache.http.wire - http-outgoing-3 << "          "OpenTime": null,[\n]"
20:02:15.729 [main] DEBUG karate.org.apache.http.wire - http-outgoing-3 << "          "CloseTime": null,[\n]"
20:02:15.729 [main] DEBUG karate.org.apache.http.wire - http-outgoing-3 << "          "Comments": null,[\n]"
20:02:15.729 [main] DEBUG karate.org.apache.http.wire - http-outgoing-3 << "          "IsClosed": true[\n]"
20:02:15.729 [main] DEBUG karate.org.apache.http.wire - http-outgoing-3 << "        }[\n]"
20:02:15.729 [main] DEBUG karate.org.apache.http.wire - http-outgoing-3 << "      ],[\n]"
20:02:15.729 [main] DEBUG karate.org.apache.http.wire - http-outgoing-3 << "      "ATMServices": [[\n]"
20:02:15.729 [main] DEBUG karate.org.apache.http.wire - http-outgoing-3 << "        {[\n]"
20:02:15.729 [main] DEBUG karate.org.apache.http.wire - http-outgoing-3 << "          "ServiceId": 65,[\n]"
20:02:15.729 [main] DEBUG karate.org.apache.http.wire - http-outgoing-3 << "          "ParentId": 48,[\n]"
20:02:15.729 [main] DEBUG karate.org.apache.http.wire - http-outgoing-3 << "          "ServiceTypeId": 8,[\n]"
20:02:15.729 [main] DEBUG karate.org.apache.http.wire - http-outgoing-3 << "          "ServiceValue": true,[\n]"
20:02:15.729 [main] DEBUG karate.org.apache.http.wire - http-outgoing-3 << "          "ServiceTypeCode": "DriveThru",[\n]"
20:02:15.729 [main] DEBUG karate.org.apache.http.wire - http-outgoing-3 << "          "ServiceTypeTitle": "Drive Thru",[\n]"
20:02:15.729 [main] DEBUG karate.org.apache.http.wire - http-outgoing-3 << "          "ServiceTypeDesc": "Has DriveThru?"[\n]"
20:02:15.729 [main] DEBUG karate.org.apache.http.wire - http-outgoing-3 << "        },[\n]"
20:02:15.729 [main] DEBUG karate.org.apache.http.wire - http-outgoing-3 << "        {[\n]"
20:02:15.729 [main] DEBUG karate.org.apache.http.wire - http-outgoing-3 << "          "ServiceId": 66,[\n]"
20:02:15.729 [main] DEBUG karate.org.apache.http.wire - http-outgoing-3 << "          "ParentId": 48,[\n]"
20:02:15.729 [main] DEBUG karate.org.apache.http.wire - http-outgoing-3 << "          "ServiceTypeId": 9,[\n]"
20:02:15.729 [main] DEBUG karate.org.apache.http.wire - http-outgoing-3 << "          "ServiceValue": false,[\n]"
20:02:15.729 [main] DEBUG karate.org.apache.http.wire - http-outgoing-3 << "          "ServiceTypeCode": "Camera",[\n]"
20:02:15.729 [main] DEBUG karate.org.apache.http.wire - http-outgoing-3 << "          "ServiceTypeTitle": "Camera",[\n]"
20:02:15.729 [main] DEBUG karate.org.apache.http.wire - http-outgoing-3 << "          "ServiceTypeDesc": "Has Camera?"[\n]"
20:02:15.729 [main] DEBUG karate.org.apache.http.wire - http-outgoing-3 << "        },[\n]"
20:02:15.729 [main] DEBUG karate.org.apache.http.wire - http-outgoing-3 << "        {[\n]"
20:02:15.729 [main] DEBUG karate.org.apache.http.wire - http-outgoing-3 << "          "ServiceId": 67,[\n]"
20:02:15.729 [main] DEBUG karate.org.apache.http.wire - http-outgoing-3 << "          "ParentId": 48,[\n]"
20:02:15.729 [main] DEBUG karate.org.apache.http.wire - http-outgoing-3 << "          "ServiceTypeId": 10,[\n]"
20:02:15.729 [main] DEBUG karate.org.apache.http.wire - http-outgoing-3 << "          "ServiceValue": true,[\n]"
20:02:15.729 [main] DEBUG karate.org.apache.http.wire - http-outgoing-3 << "          "ServiceTypeCode": "FullService",[\n]"
20:02:15.729 [main] DEBUG karate.org.apache.http.wire - http-outgoing-3 << "          ""
20:02:15.729 [main] DEBUG karate.org.apache.http.wire - http-outgoing-3 << "ServiceTypeTitle": "Full Service",[\n]"
20:02:15.730 [main] DEBUG karate.org.apache.http.wire - http-outgoing-3 << "          "ServiceTypeDesc": "Is Full Service?"[\n]"
20:02:15.730 [main] DEBUG karate.org.apache.http.wire - http-outgoing-3 << "        },[\n]"
20:02:15.730 [main] DEBUG karate.org.apache.http.wire - http-outgoing-3 << "        {[\n]"
20:02:15.730 [main] DEBUG karate.org.apache.http.wire - http-outgoing-3 << "          "ServiceId": 68,[\n]"
20:02:15.730 [main] DEBUG karate.org.apache.http.wire - http-outgoing-3 << "          "ParentId": 48,[\n]"
20:02:15.730 [main] DEBUG karate.org.apache.http.wire - http-outgoing-3 << "          "ServiceTypeId": 11,[\n]"
20:02:15.730 [main] DEBUG karate.org.apache.http.wire - http-outgoing-3 << "          "ServiceValue": true,[\n]"
20:02:15.730 [main] DEBUG karate.org.apache.http.wire - http-outgoing-3 << "          "ServiceTypeCode": "24Hours",[\n]"
20:02:15.730 [main] DEBUG karate.org.apache.http.wire - http-outgoing-3 << "          "ServiceTypeTitle": "24 Hours",[\n]"
20:02:15.730 [main] DEBUG karate.org.apache.http.wire - http-outgoing-3 << "          "ServiceTypeDesc": "Is 24 Hours?"[\n]"
20:02:15.730 [main] DEBUG karate.org.apache.http.wire - http-outgoing-3 << "        },[\n]"
20:02:15.730 [main] DEBUG karate.org.apache.http.wire - http-outgoing-3 << "        {[\n]"
20:02:15.730 [main] DEBUG karate.org.apache.http.wire - http-outgoing-3 << "          "ServiceId": 3063,[\n]"
20:02:15.730 [main] DEBUG karate.org.apache.http.wire - http-outgoing-3 << "          "ParentId": 48,[\n]"
20:02:15.730 [main] DEBUG karate.org.apache.http.wire - http-outgoing-3 << "          "ServiceTypeId": 12,[\n]"
20:02:15.730 [main] DEBUG karate.org.apache.http.wire - http-outgoing-3 << "          "ServiceValue": false,[\n]"
20:02:15.730 [main] DEBUG karate.org.apache.http.wire - http-outgoing-3 << "          "ServiceTypeCode": "USDCurrency",[\n]"
20:02:15.730 [main] DEBUG karate.org.apache.http.wire - http-outgoing-3 << "          "ServiceTypeTitle": "USD Currency",[\n]"
20:02:15.730 [main] DEBUG karate.org.apache.http.wire - http-outgoing-3 << "          "ServiceTypeDesc": "Offers USD Currency?"[\n]"
20:02:15.730 [main] DEBUG karate.org.apache.http.wire - http-outgoing-3 << "        },[\n]"
20:02:15.730 [main] DEBUG karate.org.apache.http.wire - http-outgoing-3 << "        {[\n]"
20:02:15.730 [main] DEBUG karate.org.apache.http.wire - http-outgoing-3 << "          "ServiceId": 5063,[\n]"
20:02:15.730 [main] DEBUG karate.org.apache.http.wire - http-outgoing-3 << "          "ParentId": 48,[\n]"
20:02:15.730 [main] DEBUG karate.org.apache.http.wire - http-outgoing-3 << "          "ServiceTypeId": 1012,[\n]"
20:02:15.730 [main] DEBUG karate.org.apache.http.wire - http-outgoing-3 << "          "ServiceValue": false,[\n]"
20:02:15.730 [main] DEBUG karate.org.apache.http.wire - http-outgoing-3 << "          "ServiceTypeCode": "DepositAutomation",[\n]"
20:02:15.730 [main] DEBUG karate.org.apache.http.wire - http-outgoing-3 << "          "ServiceTypeTitle": "Deposit Automation",[\n]"
20:02:15.730 [main] DEBUG karate.org.apache.http.wire - http-outgoing-3 << "          "ServiceTypeDesc": "Offers Deposit Automation?"[\n]"
20:02:15.730 [main] DEBUG karate.org.apache.http.wire - http-outgoing-3 << "        }[\n]"
20:02:15.730 [main] DEBUG karate.org.apache.http.wire - http-outgoing-3 << "      ],[\n]"
20:02:15.730 [main] DEBUG karate.org.apache.http.wire - http-outgoing-3 << "      "ATMId": 48,[\n]"
20:02:15.730 [main] DEBUG karate.org.apache.http.wire - http-outgoing-3 << "      "ATMNumber": "A001D989",[\n]"
20:02:15.730 [main] DEBUG karate.org.apache.http.wire - http-outgoing-3 << "      "ATMName": "Red Dee"
20:02:15.730 [main] DEBUG karate.org.apache.http.wire - http-outgoing-3 << "r - South Hill",[\n]"
20:02:15.730 [main] DEBUG karate.org.apache.http.wire - http-outgoing-3 << "      "ModelNumber": "740",[\n]"
20:02:15.730 [main] DEBUG karate.org.apache.http.wire - http-outgoing-3 << "      "SerialNumber": "1740R3305025",[\n]"
20:02:15.730 [main] DEBUG karate.org.apache.http.wire - http-outgoing-3 << "      "LockSerial": "535767",[\n]"
20:02:15.730 [main] DEBUG karate.org.apache.http.wire - http-outgoing-3 << "      "MainProvider": "Diebold",[\n]"
20:02:15.730 [main] DEBUG karate.org.apache.http.wire - http-outgoing-3 << "      "SoftwareVersion": "Vista 5.4.5",[\n]"
20:02:15.730 [main] DEBUG karate.org.apache.http.wire - http-outgoing-3 << "      "ATMAddress": "3001 50 Avenue",[\n]"
20:02:15.730 [main] DEBUG karate.org.apache.http.wire - http-outgoing-3 << "      "Latitude": null,[\n]"
20:02:15.730 [main] DEBUG karate.org.apache.http.wire - http-outgoing-3 << "      "Longitude": null,[\n]"
20:02:15.730 [main] DEBUG karate.org.apache.http.wire - http-outgoing-3 << "      "IPAddress": "10.101.113.11",[\n]"
20:02:15.730 [main] DEBUG karate.org.apache.http.wire - http-outgoing-3 << "      "Gateway": "10.101.113.1",[\n]"
20:02:15.730 [main] DEBUG karate.org.apache.http.wire - http-outgoing-3 << "      "Subnet": "255.255.255.224",[\n]"
20:02:15.730 [main] DEBUG karate.org.apache.http.wire - http-outgoing-3 << "      "OriginalInstallDate": "June 29, 2006",[\n]"
20:02:15.730 [main] DEBUG karate.org.apache.http.wire - http-outgoing-3 << "      "EPPModelNumber": "EPP 7",[\n]"
20:02:15.730 [main] DEBUG karate.org.apache.http.wire - http-outgoing-3 << "      "EPPCertificateNumber": "PCI 4-20269",[\n]"
20:02:15.730 [main] DEBUG karate.org.apache.http.wire - http-outgoing-3 << "      "EPPPartNumber": "49249441723B",[\n]"
20:02:15.730 [main] DEBUG karate.org.apache.http.wire - http-outgoing-3 << "      "EPPVersionNumber": "414-2020 R1X",[\n]"
20:02:15.730 [main] DEBUG karate.org.apache.http.wire - http-outgoing-3 << "      "EPPInstallDate": null,[\n]"
20:02:15.730 [main] DEBUG karate.org.apache.http.wire - http-outgoing-3 << "      "ReplacementDate": null,[\n]"
20:02:15.730 [main] DEBUG karate.org.apache.http.wire - http-outgoing-3 << "      "IsAddressSameAsBranch": true,[\n]"
20:02:15.730 [main] DEBUG karate.org.apache.http.wire - http-outgoing-3 << "      "ATMImageName": null,[\n]"
20:02:15.730 [main] DEBUG karate.org.apache.http.wire - http-outgoing-3 << "      "Notes": "Brinks sweeps ATM deposits and night deposits.\r\nBrinks balances the ATM deposits and night deposits.\r\nBranch loads the ATM cash.\r\nBranch balances the ATM cash GL.\r\nBrinks and branch have full access to the ATM safe.\r\n",[\n]"
20:02:15.730 [main] DEBUG karate.org.apache.http.wire - http-outgoing-3 << "      "InternalNotes": null,[\n]"
20:02:15.730 [main] DEBUG karate.org.apache.http.wire - http-outgoing-3 << "      "BranchName": "South Hill",[\n]"
20:02:15.730 [main] DEBUG karate.org.apache.http.wire - http-outgoing-3 << "      ""
20:02:15.731 [main] DEBUG karate.org.apache.http.wire - http-outgoing-3 << "IsActive": false,[\n]"
20:02:15.731 [main] DEBUG karate.org.apache.http.wire - http-outgoing-3 << "      "PostalCode": null,[\n]"
20:02:15.731 [main] DEBUG karate.org.apache.http.wire - http-outgoing-3 << "      "BranchCityId": 49,[\n]"
20:02:15.731 [main] DEBUG karate.org.apache.http.wire - http-outgoing-3 << "      "BranchAddress": "3001 50 Avenue",[\n]"
20:02:15.731 [main] DEBUG karate.org.apache.http.wire - http-outgoing-3 << "      "Brinks": null,[\n]"
20:02:15.731 [main] DEBUG karate.org.apache.http.wire - http-outgoing-3 << "      "BalancedBy": null,[\n]"
20:02:15.731 [main] DEBUG karate.org.apache.http.wire - http-outgoing-3 << "      "Cassette1": null,[\n]"
20:02:15.731 [main] DEBUG karate.org.apache.http.wire - http-outgoing-3 << "      "Cassette2": null,[\n]"
20:02:15.731 [main] DEBUG karate.org.apache.http.wire - http-outgoing-3 << "      "Cassette3": null,[\n]"
20:02:15.731 [main] DEBUG karate.org.apache.http.wire - http-outgoing-3 << "      "Cassette4": null[\n]"
20:02:15.731 [main] DEBUG karate.org.apache.http.wire - http-outgoing-3 << "    },[\n]"
20:02:15.731 [main] DEBUG karate.org.apache.http.wire - http-outgoing-3 << "    {[\n]"
20:02:15.731 [main] DEBUG karate.org.apache.http.wire - http-outgoing-3 << "      "CityName": "Red Deer",[\n]"
20:02:15.731 [main] DEBUG karate.org.apache.http.wire - http-outgoing-3 << "      "CityId": null,[\n]"
20:02:15.731 [main] DEBUG karate.org.apache.http.wire - http-outgoing-3 << "      "ATMMakeId": 2,[\n]"
20:02:15.731 [main] DEBUG karate.org.apache.http.wire - http-outgoing-3 << "      "LockMakeId": 2,[\n]"
20:02:15.731 [main] DEBUG karate.org.apache.http.wire - http-outgoing-3 << "      "AlarmVendorId": 2,[\n]"
20:02:15.731 [main] DEBUG karate.org.apache.http.wire - http-outgoing-3 << "      "BranchId": 175,[\n]"
20:02:15.731 [main] DEBUG karate.org.apache.http.wire - http-outgoing-3 << "      "AlarmVendor": {[\n]"
20:02:15.731 [main] DEBUG karate.org.apache.http.wire - http-outgoing-3 << "        "AlarmVendorId": 2,[\n]"
20:02:15.731 [main] DEBUG karate.org.apache.http.wire - http-outgoing-3 << "        "VendorName": "Chubb"[\n]"
20:02:15.731 [main] DEBUG karate.org.apache.http.wire - http-outgoing-3 << "      },[\n]"
20:02:15.731 [main] DEBUG karate.org.apache.http.wire - http-outgoing-3 << "      "ATMMake": {[\n]"
20:02:15.731 [main] DEBUG karate.org.apache.http.wire - http-outgoing-3 << "        "ATMMakeId": 2,[\n]"
20:02:15.731 [main] DEBUG karate.org.apache.http.wire - http-outgoing-3 << "        "MakeBrand": "NCR"[\n]"
20:02:15.732 [main] DEBUG karate.org.apache.http.wire - http-outgoing-3 << "      },[\n]"
20:02:15.732 [main] DEBUG karate.org.apache.http.wire - http-outgoing-3 << "      "LockMake": {[\n]"
20:02:15.732 [main] DEBUG karate.org.apache.http.wire - http-outgoing-3 << "        "LockMakeId": 2,[\n]"
20:02:15.732 [main] DEBUG karate.org.apache.http.wire - http-outgoing-3 << "        "LockBrand": "S & G"[\n]"
20:02:15.732 [main] DEBUG karate.org.apache.http.wire - http-outgoing-3 << "      },[\n]"
20:02:15.732 [main] DEBUG karate.org.apache.http.wire - http-outgoing-3 << "      "Branch": null,[\n]"
20:02:15.732 [main] DEBUG karate.org.apache.http.wire - http-outgoing-3 << "      "ATMHours": [[\n]"
20:02:15.732 [main] DEBUG karate.org.apache.http.wire - http-outgoing-3 << "        {[\n]"
20:02:15.732 [main] DEBUG karate.org.apache.http.wire - http-outgoing-3 << "          "HourId": 947,[\n]"
20:02:15.732 [main] DEBUG karate.org.apache.http.wire - http-outgoing-3 << "          "ParentId": 182,[\n]"
20:02:15.732 [main] DEBUG karate.org.apache.http.wire - http-outgoing-3 << "          "DayOfWeek": "Monday",[\n]"
20:02:15.732 [main] DEBUG karate.org.apache.http.wire - http-outgoing-3 << "          "OpenTime": "09:00:00",[\n]"
20:02:15.732 [main] DEBUG karate.org.apache.http.wire - http-outgoing-3 << "          "CloseTime": "17:00:00",[\n]"
20:02:15.732 [main] DEBUG karate.org.apache.http.wire - http-outgoing-3 << "          "Comments": null,[\n]"
20:02:15.732 [main] DEBUG karate.org.apache.http.wire - http-outgoing-3 << "          "IsClosed": false[\n]"
20:02:15.732 [main] DEBUG karate.org.apache.http.wire - http-outgoing-3 << "        },[\n]"
20:02:15.732 [main] DEBUG karate.org.apache.http.wire - http-outgoing-3 << "        {[\n]"
20:02:15.732 [main] DEBUG karate.org.apache.http.wire - http-outgoing-3 << "          "HourId": 948,[\n]"
20:02:15.732 [main] DEBUG karate.org.apache.http.wire - http-outgoing-3 << "          "ParentId": 182,[\n]"
20:02:15.732 [main] DEBUG karate.org.apache.http.wire - http-outgoing-3 << "          "DayOfWeek"
20:02:15.732 [main] DEBUG karate.org.apache.http.wire - http-outgoing-3 << "": "Tuesday",[\n]"
20:02:15.733 [main] DEBUG karate.org.apache.http.wire - http-outgoing-3 << "          "OpenTime": "09:00:00",[\n]"
20:02:15.733 [main] DEBUG karate.org.apache.http.wire - http-outgoing-3 << "          "CloseTime": "17:00:00",[\n]"
20:02:15.733 [main] DEBUG karate.org.apache.http.wire - http-outgoing-3 << "          "Comments": null,[\n]"
20:02:15.733 [main] DEBUG karate.org.apache.http.wire - http-outgoing-3 << "          "IsClosed": false[\n]"
20:02:15.733 [main] DEBUG karate.org.apache.http.wire - http-outgoing-3 << "        },[\n]"
20:02:15.733 [main] DEBUG karate.org.apache.http.wire - http-outgoing-3 << "        {[\n]"
20:02:15.733 [main] DEBUG karate.org.apache.http.wire - http-outgoing-3 << "          "HourId": 949,[\n]"
20:02:15.733 [main] DEBUG karate.org.apache.http.wire - http-outgoing-3 << "          "ParentId": 182,[\n]"
20:02:15.733 [main] DEBUG karate.org.apache.http.wire - http-outgoing-3 << "          "DayOfWeek": "Wednesday",[\n]"
20:02:15.733 [main] DEBUG karate.org.apache.http.wire - http-outgoing-3 << "          "OpenTime": "09:00:00",[\n]"
20:02:15.733 [main] DEBUG karate.org.apache.http.wire - http-outgoing-3 << "          "CloseTime": "17:00:00",[\n]"
20:02:15.733 [main] DEBUG karate.org.apache.http.wire - http-outgoing-3 << "          "Comments": null,[\n]"
20:02:15.733 [main] DEBUG karate.org.apache.http.wire - http-outgoing-3 << "          "IsClosed": false[\n]"
20:02:15.733 [main] DEBUG karate.org.apache.http.wire - http-outgoing-3 << "        },[\n]"
20:02:15.733 [main] DEBUG karate.org.apache.http.wire - http-outgoing-3 << "        {[\n]"
20:02:15.733 [main] DEBUG karate.org.apache.http.wire - http-outgoing-3 << "          "HourId": 950,[\n]"
20:02:15.733 [main] DEBUG karate.org.apache.http.wire - http-outgoing-3 << "          "ParentId": 182,[\n]"
20:02:15.733 [main] DEBUG karate.org.apache.http.wire - http-outgoing-3 << "          "DayOfWeek": "Thursday",[\n]"
20:02:15.733 [main] DEBUG karate.org.apache.http.wire - http-outgoing-3 << "          "OpenTime": "09:00:00",[\n]"
20:02:15.733 [main] DEBUG karate.org.apache.http.wire - http-outgoing-3 << "          "CloseTime": "19:00:00",[\n]"
20:02:15.733 [main] DEBUG karate.org.apache.http.wire - http-outgoing-3 << "          "Comments": null,[\n]"
20:02:15.733 [main] DEBUG karate.org.apache.http.wire - http-outgoing-3 << "          "IsClosed": false[\n]"
20:02:15.733 [main] DEBUG karate.org.apache.http.wire - http-outgoing-3 << "        },[\n]"
20:02:15.733 [main] DEBUG karate.org.apache.http.wire - http-outgoing-3 << "        {[\n]"
20:02:15.733 [main] DEBUG karate.org.apache.http.wire - http-outgoing-3 << "          "HourId": 951,[\n]"
20:02:15.733 [main] DEBUG karate.org.apache.http.wire - http-outgoing-3 << "          "ParentId": 182,[\n]"
20:02:15.733 [main] DEBUG karate.org.apache.http.wire - http-outgoing-3 << "          "DayOfWeek": "Friday",[\n]"
20:02:15.733 [main] DEBUG karate.org.apache.http.wire - http-outgoing-3 << "          "OpenTime": "09:00:00",[\n]"
20:02:15.733 [main] DEBUG karate.org.apache.http.wire - http-outgoing-3 << "          "CloseTime": "18:00:00",[\n]"
20:02:15.733 [main] DEBUG karate.org.apache.http.wire - http-outgoing-3 << "          "Comments": null,[\n]"
20:02:15.733 [main] DEBUG karate.org.apache.http.wire - http-outgoing-3 << "          "IsClosed": false[\n]"
20:02:15.734 [main] DEBUG karate.org.apache.http.wire - http-outgoing-3 << "        },[\n]"
20:02:15.734 [main] DEBUG karate.org.apache.http.wire - http-outgoing-3 << "        {[\n]"
20:02:15.734 [main] DEBUG karate.org.apache.http.wire - http-outgoing-3 << "          "HourId": 952,[\n]"
20:02:15.734 [main] DEBUG karate.org.apache.http.wire - http-outgoing-3 << "          "ParentId": 182,[\n]"
20:02:15.734 [main] DEBUG karate.org.apache.http.wire - http-outgoing-3 << "          "DayOfWeek": "Saturday",[\n]"
20:02:15.734 [main] DEBUG karate.org.apache.http.wire - http-outgoing-3 << "          "OpenTime": "09:00:00",[\n]"
20:02:15.734 [main] DEBUG karate.org.apache.http.wire - http-outgoing-3 << "          "CloseTime": "15:00:00",[\n]"
20:02:15.734 [main] DEBUG karate.org.apache.http.wire - http-outgoing-3 << "          "
20:02:15.734 [main] DEBUG karate.org.apache.http.wire - http-outgoing-3 << ""Comments": null,[\n]"
20:02:15.734 [main] DEBUG karate.org.apache.http.wire - http-outgoing-3 << "          "IsClosed": false[\n]"
20:02:15.734 [main] DEBUG karate.org.apache.http.wire - http-outgoing-3 << "        },[\n]"
20:02:15.734 [main] DEBUG karate.org.apache.http.wire - http-outgoing-3 << "        {[\n]"
20:02:15.734 [main] DEBUG karate.org.apache.http.wire - http-outgoing-3 << "          "HourId": 953,[\n]"
20:02:15.734 [main] DEBUG karate.org.apache.http.wire - http-outgoing-3 << "          "ParentId": 182,[\n]"
20:02:15.734 [main] DEBUG karate.org.apache.http.wire - http-outgoing-3 << "          "DayOfWeek": "Sunday",[\n]"
20:02:15.734 [main] DEBUG karate.org.apache.http.wire - http-outgoing-3 << "          "OpenTime": null,[\n]"
20:02:15.734 [main] DEBUG karate.org.apache.http.wire - http-outgoing-3 << "          "CloseTime": null,[\n]"
20:02:15.734 [main] DEBUG karate.org.apache.http.wire - http-outgoing-3 << "          "Comments": null,[\n]"
20:02:15.734 [main] DEBUG karate.org.apache.http.wire - http-outgoing-3 << "          "IsClosed": true[\n]"
20:02:15.734 [main] DEBUG karate.org.apache.http.wire - http-outgoing-3 << "        }[\n]"
20:02:15.734 [main] DEBUG karate.org.apache.http.wire - http-outgoing-3 << "      ],[\n]"
20:02:15.734 [main] DEBUG karate.org.apache.http.wire - http-outgoing-3 << "      "ATMServices": [[\n]"
20:02:15.734 [main] DEBUG karate.org.apache.http.wire - http-outgoing-3 << "        {[\n]"
20:02:15.734 [main] DEBUG karate.org.apache.http.wire - http-outgoing-3 << "          "ServiceId": 193,[\n]"
20:02:15.734 [main] DEBUG karate.org.apache.http.wire - http-outgoing-3 << "          "ParentId": 182,[\n]"
20:02:15.734 [main] DEBUG karate.org.apache.http.wire - http-outgoing-3 << "          "ServiceTypeId": 8,[\n]"
20:02:15.734 [main] DEBUG karate.org.apache.http.wire - http-outgoing-3 << "          "ServiceValue": false,[\n]"
20:02:15.734 [main] DEBUG karate.org.apache.http.wire - http-outgoing-3 << "          "ServiceTypeCode": "DriveThru",[\n]"
20:02:15.734 [main] DEBUG karate.org.apache.http.wire - http-outgoing-3 << "          "ServiceTypeTitle": "Drive Thru",[\n]"
20:02:15.734 [main] DEBUG karate.org.apache.http.wire - http-outgoing-3 << "          "ServiceTypeDesc": "Has DriveThru?"[\n]"
20:02:15.734 [main] DEBUG karate.org.apache.http.wire - http-outgoing-3 << "        },[\n]"
20:02:15.734 [main] DEBUG karate.org.apache.http.wire - http-outgoing-3 << "        {[\n]"
20:02:15.734 [main] DEBUG karate.org.apache.http.wire - http-outgoing-3 << "          "ServiceId": 194,[\n]"
20:02:15.734 [main] DEBUG karate.org.apache.http.wire - http-outgoing-3 << "          "ParentId": 182,[\n]"
20:02:15.734 [main] DEBUG karate.org.apache.http.wire - http-outgoing-3 << "          "ServiceTypeId": 9,[\n]"
20:02:15.734 [main] DEBUG karate.org.apache.http.wire - http-outgoing-3 << "          "ServiceValue": false,[\n]"
20:02:15.734 [main] DEBUG karate.org.apache.http.wire - http-outgoing-3 << "          "ServiceTypeCode": "Camera",[\n]"
20:02:15.734 [main] DEBUG karate.org.apache.http.wire - http-outgoing-3 << "          "ServiceTypeTitle": "Camera",[\n]"
20:02:15.734 [main] DEBUG karate.org.apache.http.wire - http-outgoing-3 << "          "ServiceTypeDesc": "Has Camera?"[\n]"
20:02:15.734 [main] DEBUG karate.org.apache.http.wire - http-outgoing-3 << "        },[\n]"
20:02:15.734 [main] DEBUG karate.org.apache.http.wire - http-outgoing-3 << "        {[\n]"
20:02:15.734 [main] DEBUG karate.org.apache.http.wire - http-outgoing-3 << "          "ServiceId": 195,[\n]"
20:02:15.734 [main] DEBUG karate.org.apache.http.wire - http-outgoing-3 << "          "ParentId": 182,[\n]"
20:02:15.734 [main] DEBUG karate.org.apache.http.wire - http-outgoing-3 << "          "ServiceTypeId": 10,[\n]"
20:02:15.734 [main] DEBUG karate.org.apache.http.wire - http-outgoing-3 << "          "ServiceValue": true,[\n]"
20:02:15.734 [main] DEBUG karate.org.apache.http.wire - http-outgoing-3 << "          "ServiceTypeCode": "FullService",[\n]"
20:02:15.734 [main] DEBUG karate.org.apache.http.wire - http-outgoing-3 << "          "Ser"
20:02:15.734 [main] DEBUG karate.org.apache.http.wire - http-outgoing-3 << "viceTypeTitle": "Full Service",[\n]"
20:02:15.735 [main] DEBUG karate.org.apache.http.wire - http-outgoing-3 << "          "ServiceTypeDesc": "Is Full Service?"[\n]"
20:02:15.735 [main] DEBUG karate.org.apache.http.wire - http-outgoing-3 << "        },[\n]"
20:02:15.735 [main] DEBUG karate.org.apache.http.wire - http-outgoing-3 << "        {[\n]"
20:02:15.735 [main] DEBUG karate.org.apache.http.wire - http-outgoing-3 << "          "ServiceId": 196,[\n]"
20:02:15.735 [main] DEBUG karate.org.apache.http.wire - http-outgoing-3 << "          "ParentId": 182,[\n]"
20:02:15.735 [main] DEBUG karate.org.apache.http.wire - http-outgoing-3 << "          "ServiceTypeId": 11,[\n]"
20:02:15.735 [main] DEBUG karate.org.apache.http.wire - http-outgoing-3 << "          "ServiceValue": false,[\n]"
20:02:15.735 [main] DEBUG karate.org.apache.http.wire - http-outgoing-3 << "          "ServiceTypeCode": "24Hours",[\n]"
20:02:15.735 [main] DEBUG karate.org.apache.http.wire - http-outgoing-3 << "          "ServiceTypeTitle": "24 Hours",[\n]"
20:02:15.735 [main] DEBUG karate.org.apache.http.wire - http-outgoing-3 << "          "ServiceTypeDesc": "Is 24 Hours?"[\n]"
20:02:15.735 [main] DEBUG karate.org.apache.http.wire - http-outgoing-3 << "        },[\n]"
20:02:15.735 [main] DEBUG karate.org.apache.http.wire - http-outgoing-3 << "        {[\n]"
20:02:15.735 [main] DEBUG karate.org.apache.http.wire - http-outgoing-3 << "          "ServiceId": 3185,[\n]"
20:02:15.735 [main] DEBUG karate.org.apache.http.wire - http-outgoing-3 << "          "ParentId": 182,[\n]"
20:02:15.735 [main] DEBUG karate.org.apache.http.wire - http-outgoing-3 << "          "ServiceTypeId": 12,[\n]"
20:02:15.735 [main] DEBUG karate.org.apache.http.wire - http-outgoing-3 << "          "ServiceValue": false,[\n]"
20:02:15.735 [main] DEBUG karate.org.apache.http.wire - http-outgoing-3 << "          "ServiceTypeCode": "USDCurrency",[\n]"
20:02:15.735 [main] DEBUG karate.org.apache.http.wire - http-outgoing-3 << "          "ServiceTypeTitle": "USD Currency",[\n]"
20:02:15.735 [main] DEBUG karate.org.apache.http.wire - http-outgoing-3 << "          "ServiceTypeDesc": "Offers USD Currency?"[\n]"
20:02:15.735 [main] DEBUG karate.org.apache.http.wire - http-outgoing-3 << "        },[\n]"
20:02:15.735 [main] DEBUG karate.org.apache.http.wire - http-outgoing-3 << "        {[\n]"
20:02:15.735 [main] DEBUG karate.org.apache.http.wire - http-outgoing-3 << "          "ServiceId": 5185,[\n]"
20:02:15.735 [main] DEBUG karate.org.apache.http.wire - http-outgoing-3 << "          "ParentId": 182,[\n]"
20:02:15.735 [main] DEBUG karate.org.apache.http.wire - http-outgoing-3 << "          "ServiceTypeId": 1012,[\n]"
20:02:15.735 [main] DEBUG karate.org.apache.http.wire - http-outgoing-3 << "          "ServiceValue": false,[\n]"
20:02:15.735 [main] DEBUG karate.org.apache.http.wire - http-outgoing-3 << "          "ServiceTypeCode": "DepositAutomation",[\n]"
20:02:15.735 [main] DEBUG karate.org.apache.http.wire - http-outgoing-3 << "          "ServiceTypeTitle": "Deposit Automation",[\n]"
20:02:15.735 [main] DEBUG karate.org.apache.http.wire - http-outgoing-3 << "          "ServiceTypeDesc": "Offers Deposit Automation?"[\n]"
20:02:15.735 [main] DEBUG karate.org.apache.http.wire - http-outgoing-3 << "        }[\n]"
20:02:15.735 [main] DEBUG karate.org.apache.http.wire - http-outgoing-3 << "      ],[\n]"
20:02:15.735 [main] DEBUG karate.org.apache.http.wire - http-outgoing-3 << "      "ATMId": 182,[\n]"
20:02:15.735 [main] DEBUG karate.org.apache.http.wire - http-outgoing-3 << "      "ATMNumber": "A001N440",[\n]"
20:02:15.735 [main] DEBUG karate.org.apache.http.wire - http-outgoing-3 << "      "ATMName": "Red "
20:02:15.735 [main] DEBUG karate.org.apache.http.wire - http-outgoing-3 << "Deer - Clearview",[\n]"
20:02:15.735 [main] DEBUG karate.org.apache.http.wire - http-outgoing-3 << "      "ModelNumber": "6634",[\n]"
20:02:15.735 [main] DEBUG karate.org.apache.http.wire - http-outgoing-3 << "      "SerialNumber": "30-46044800",[\n]"
20:02:15.735 [main] DEBUG karate.org.apache.http.wire - http-outgoing-3 << "      "LockSerial": "18174236",[\n]"
20:02:15.735 [main] DEBUG karate.org.apache.http.wire - http-outgoing-3 << "      "MainProvider": "NCR",[\n]"
20:02:15.735 [main] DEBUG karate.org.apache.http.wire - http-outgoing-3 << "      "SoftwareVersion": " Canadian Standard Activate V2.0",[\n]"
20:02:15.735 [main] DEBUG karate.org.apache.http.wire - http-outgoing-3 << "      "ATMAddress": "67 Clearview Market Way",[\n]"
20:02:15.735 [main] DEBUG karate.org.apache.http.wire - http-outgoing-3 << "      "Latitude": null,[\n]"
20:02:15.735 [main] DEBUG karate.org.apache.http.wire - http-outgoing-3 << "      "Longitude": null,[\n]"
20:02:15.735 [main] DEBUG karate.org.apache.http.wire - http-outgoing-3 << "      "IPAddress": "10.101.77.11",[\n]"
20:02:15.735 [main] DEBUG karate.org.apache.http.wire - http-outgoing-3 << "      "Gateway": "10.101.77.1",[\n]"
20:02:15.735 [main] DEBUG karate.org.apache.http.wire - http-outgoing-3 << "      "Subnet": "255.255.255.224",[\n]"
20:02:15.735 [main] DEBUG karate.org.apache.http.wire - http-outgoing-3 << "      "OriginalInstallDate": "June 21, 2012",[\n]"
20:02:15.735 [main] DEBUG karate.org.apache.http.wire - http-outgoing-3 << "      "EPPModelNumber": "5815 EPP",[\n]"
20:02:15.736 [main] DEBUG karate.org.apache.http.wire - http-outgoing-3 << "      "EPPCertificateNumber": "PCI 4-20264",[\n]"
20:02:15.736 [main] DEBUG karate.org.apache.http.wire - http-outgoing-3 << "      "EPPPartNumber": "009-0028973",[\n]"
20:02:15.736 [main] DEBUG karate.org.apache.http.wire - http-outgoing-3 << "      "EPPVersionNumber": "INTL_61",[\n]"
20:02:15.736 [main] DEBUG karate.org.apache.http.wire - http-outgoing-3 << "      "EPPInstallDate": null,[\n]"
20:02:15.736 [main] DEBUG karate.org.apache.http.wire - http-outgoing-3 << "      "ReplacementDate": null,[\n]"
20:02:15.736 [main] DEBUG karate.org.apache.http.wire - http-outgoing-3 << "      "IsAddressSameAsBranch": true,[\n]"
20:02:15.736 [main] DEBUG karate.org.apache.http.wire - http-outgoing-3 << "      "ATMImageName": null,[\n]"
20:02:15.736 [main] DEBUG karate.org.apache.http.wire - http-outgoing-3 << "      "Notes": null,[\n]"
20:02:15.736 [main] DEBUG karate.org.apache.http.wire - http-outgoing-3 << "      "InternalNotes": null,[\n]"
20:02:15.736 [main] DEBUG karate.org.apache.http.wire - http-outgoing-3 << "      "BranchName": "Clearview",[\n]"
20:02:15.736 [main] DEBUG karate.org.apache.http.wire - http-outgoing-3 << "      "IsActive": true,[\n]"
20:02:15.736 [main] DEBUG karate.org.apache.http.wire - http-outgoing-3 << "      "PostalCode": null,[\n]"
20:02:15.736 [main] DEBUG karate.org.apache.http.wire - http-outgoing-3 << "      "BranchCityId": 49,[\n]"
20:02:15.736 [main] DEBUG karate.org.apache.http.wire - http-outgoing-3 << "      "BranchAddress": "67 Clearview Market Way",[\n]"
20:02:15.736 [main] DEBUG karate.org.apache.http.wire - http-outgoing-3 << "      "Brinks": null,[\n]"
20:02:15.736 [main] DEBUG karate.org.apache.http.wire - http-outgoing-3 << "      "BalancedBy": null,[\n]"
20:02:15.736 [main] DEBUG karate.org.apache.http.wire - http-outgoing-3 << "      "Cassette1": null,[\n]"
20:02:15.736 [main] DEBUG karate.org.apache.http.wire - http-outgoing-3 << "      "Ca"
20:02:15.736 [main] DEBUG karate.org.apache.http.wire - http-outgoing-3 << "ssette2": null,[\n]"
20:02:15.736 [main] DEBUG karate.org.apache.http.wire - http-outgoing-3 << "      "Cassette3": null,[\n]"
20:02:15.736 [main] DEBUG karate.org.apache.http.wire - http-outgoing-3 << "      "Cassette4": null[\n]"
20:02:15.736 [main] DEBUG karate.org.apache.http.wire - http-outgoing-3 << "    },[\n]"
20:02:15.736 [main] DEBUG karate.org.apache.http.wire - http-outgoing-3 << "    {[\n]"
20:02:15.736 [main] DEBUG karate.org.apache.http.wire - http-outgoing-3 << "      "CityName": "Red Deer",[\n]"
20:02:15.736 [main] DEBUG karate.org.apache.http.wire - http-outgoing-3 << "      "CityId": null,[\n]"
20:02:15.736 [main] DEBUG karate.org.apache.http.wire - http-outgoing-3 << "      "ATMMakeId": 2,[\n]"
20:02:15.736 [main] DEBUG karate.org.apache.http.wire - http-outgoing-3 << "      "LockMakeId": 2,[\n]"
20:02:15.736 [main] DEBUG karate.org.apache.http.wire - http-outgoing-3 << "      "AlarmVendorId": 2,[\n]"
20:02:15.736 [main] DEBUG karate.org.apache.http.wire - http-outgoing-3 << "      "BranchId": 175,[\n]"
20:02:15.736 [main] DEBUG karate.org.apache.http.wire - http-outgoing-3 << "      "AlarmVendor": {[\n]"
20:02:15.736 [main] DEBUG karate.org.apache.http.wire - http-outgoing-3 << "        "AlarmVendorId": 2,[\n]"
20:02:15.736 [main] DEBUG karate.org.apache.http.wire - http-outgoing-3 << "        "VendorName": "Chubb"[\n]"
20:02:15.736 [main] DEBUG karate.org.apache.http.wire - http-outgoing-3 << "      },[\n]"
20:02:15.736 [main] DEBUG karate.org.apache.http.wire - http-outgoing-3 << "      "ATMMake": {[\n]"
20:02:15.736 [main] DEBUG karate.org.apache.http.wire - http-outgoing-3 << "        "ATMMakeId": 2,[\n]"
20:02:15.736 [main] DEBUG karate.org.apache.http.wire - http-outgoing-3 << "        "MakeBrand": "NCR"[\n]"
20:02:15.736 [main] DEBUG karate.org.apache.http.wire - http-outgoing-3 << "      },[\n]"
20:02:15.736 [main] DEBUG karate.org.apache.http.wire - http-outgoing-3 << "      "LockMake": {[\n]"
20:02:15.736 [main] DEBUG karate.org.apache.http.wire - http-outgoing-3 << "        "LockMakeId": 2,[\n]"
20:02:15.736 [main] DEBUG karate.org.apache.http.wire - http-outgoing-3 << "        "LockBrand": "S & G"[\n]"
20:02:15.736 [main] DEBUG karate.org.apache.http.wire - http-outgoing-3 << "      },[\n]"
20:02:15.736 [main] DEBUG karate.org.apache.http.wire - http-outgoing-3 << "      "Branch": null,[\n]"
20:02:15.736 [main] DEBUG karate.org.apache.http.wire - http-outgoing-3 << "      "ATMHours": [[\n]"
20:02:15.736 [main] DEBUG karate.org.apache.http.wire - http-outgoing-3 << "        {[\n]"
20:02:15.736 [main] DEBUG karate.org.apache.http.wire - http-outgoing-3 << "          "HourId": 4898,[\n]"
20:02:15.736 [main] DEBUG karate.org.apache.http.wire - http-outgoing-3 << "          "ParentId": 183,[\n]"
20:02:15.736 [main] DEBUG karate.org.apache.http.wire - http-outgoing-3 << "          "DayOfWeek": "Monday",[\n]"
20:02:15.736 [main] DEBUG karate.org.apache.http.wire - http-outgoing-3 << "          "OpenTime": null,[\n]"
20:02:15.736 [main] DEBUG karate.org.apache.http.wire - http-outgoing-3 << "          "CloseTime": null,[\n]"
20:02:15.736 [main] DEBUG karate.org.apache.http.wire - http-outgoing-3 << "          "Comments": null,[\n]"
20:02:15.737 [main] DEBUG karate.org.apache.http.wire - http-outgoing-3 << "          "IsClosed": true[\n]"
20:02:15.737 [main] DEBUG karate.org.apache.http.wire - http-outgoing-3 << "        },[\n]"
20:02:15.737 [main] DEBUG karate.org.apache.http.wire - http-outgoing-3 << "        {[\n]"
20:02:15.737 [main] DEBUG karate.org.apache.http.wire - http-outgoing-3 << "          "HourId": 4899,[\n]"
20:02:15.737 [main] DEBUG karate.org.apache.http.wire - http-outgoing-3 << "          "ParentId": 183,[\n]"
20:02:15.737 [main] DEBUG karate.org.apache.http.wire - http-outgoing-3 << "          "DayOfWeek": "Tuesday",[\n]"
20:02:15.737 [main] DEBUG karate.org.apache.http.wire - http-outgoing-3 << "          "OpenTime": null,[\n]"
20:02:15.737 [main] DEBUG karate.org.apache.http.wire - http-outgoing-3 << "          "CloseTime": null,[\n]"
20:02:15.737 [main] DEBUG karate.org.apache.http.wire - http-outgoing-3 << "          "Comments": null,[\n]"
20:02:15.737 [main] DEBUG karate.org.apache.http.wire - http-outgoing-3 << "          "IsClosed": true[\n]"
20:02:15.737 [main] DEBUG karate.org.apache.http.wire - http-outgoing-3 << "        },[\n]"
20:02:15.737 [main] DEBUG karate.org.apache.http.wire - http-outgoing-3 << "        {[\n]"
20:02:15.737 [main] DEBUG karate.org.apache.http.wire - http-outgoing-3 << "          "HourId": 4900,[\n]"
20:02:15.737 [main] DEBUG karate.org.apache.http.wire - http-outgoing-3 << "          "ParentId": 183,[\n]"
20:02:15.737 [main] DEBUG karate.org.apache.http.wire - http-outgoing-3 << "    "
20:02:15.737 [main] DEBUG karate.org.apache.http.wire - http-outgoing-3 << "      "DayOfWeek": "Wednesday",[\n]"
20:02:15.737 [main] DEBUG karate.org.apache.http.wire - http-outgoing-3 << "          "OpenTime": null,[\n]"
20:02:15.737 [main] DEBUG karate.org.apache.http.wire - http-outgoing-3 << "          "CloseTime": null,[\n]"
20:02:15.737 [main] DEBUG karate.org.apache.http.wire - http-outgoing-3 << "          "Comments": null,[\n]"
20:02:15.737 [main] DEBUG karate.org.apache.http.wire - http-outgoing-3 << "          "IsClosed": true[\n]"
20:02:15.737 [main] DEBUG karate.org.apache.http.wire - http-outgoing-3 << "        },[\n]"
20:02:15.737 [main] DEBUG karate.org.apache.http.wire - http-outgoing-3 << "        {[\n]"
20:02:15.737 [main] DEBUG karate.org.apache.http.wire - http-outgoing-3 << "          "HourId": 4901,[\n]"
20:02:15.737 [main] DEBUG karate.org.apache.http.wire - http-outgoing-3 << "          "ParentId": 183,[\n]"
20:02:15.737 [main] DEBUG karate.org.apache.http.wire - http-outgoing-3 << "          "DayOfWeek": "Thursday",[\n]"
20:02:15.737 [main] DEBUG karate.org.apache.http.wire - http-outgoing-3 << "          "OpenTime": null,[\n]"
20:02:15.737 [main] DEBUG karate.org.apache.http.wire - http-outgoing-3 << "          "CloseTime": null,[\n]"
20:02:15.737 [main] DEBUG karate.org.apache.http.wire - http-outgoing-3 << "          "Comments": null,[\n]"
20:02:15.737 [main] DEBUG karate.org.apache.http.wire - http-outgoing-3 << "          "IsClosed": true[\n]"
20:02:15.737 [main] DEBUG karate.org.apache.http.wire - http-outgoing-3 << "        },[\n]"
20:02:15.737 [main] DEBUG karate.org.apache.http.wire - http-outgoing-3 << "        {[\n]"
20:02:15.737 [main] DEBUG karate.org.apache.http.wire - http-outgoing-3 << "          "HourId": 4902,[\n]"
20:02:15.737 [main] DEBUG karate.org.apache.http.wire - http-outgoing-3 << "          "ParentId": 183,[\n]"
20:02:15.737 [main] DEBUG karate.org.apache.http.wire - http-outgoing-3 << "          "DayOfWeek": "Friday",[\n]"
20:02:15.737 [main] DEBUG karate.org.apache.http.wire - http-outgoing-3 << "          "OpenTime": null,[\n]"
20:02:15.737 [main] DEBUG karate.org.apache.http.wire - http-outgoing-3 << "          "CloseTime": null,[\n]"
20:02:15.737 [main] DEBUG karate.org.apache.http.wire - http-outgoing-3 << "          "Comments": null,[\n]"
20:02:15.737 [main] DEBUG karate.org.apache.http.wire - http-outgoing-3 << "          "IsClosed": true[\n]"
20:02:15.737 [main] DEBUG karate.org.apache.http.wire - http-outgoing-3 << "        },[\n]"
20:02:15.737 [main] DEBUG karate.org.apache.http.wire - http-outgoing-3 << "        {[\n]"
20:02:15.737 [main] DEBUG karate.org.apache.http.wire - http-outgoing-3 << "          "HourId": 4903,[\n]"
20:02:15.737 [main] DEBUG karate.org.apache.http.wire - http-outgoing-3 << "          "ParentId": 183,[\n]"
20:02:15.737 [main] DEBUG karate.org.apache.http.wire - http-outgoing-3 << "          "DayOfWeek": "Saturday",[\n]"
20:02:15.737 [main] DEBUG karate.org.apache.http.wire - http-outgoing-3 << "          "OpenTime": null,[\n]"
20:02:15.737 [main] DEBUG karate.org.apache.http.wire - http-outgoing-3 << "          "CloseTime": null,[\n]"
20:02:15.737 [main] DEBUG karate.org.apache.http.wire - http-outgoing-3 << "          "Comments": null,[\n]"
20:02:15.737 [main] DEBUG karate.org.apache.http.wire - http-outgoing-3 << "          "IsClosed": true[\n]"
20:02:15.737 [main] DEBUG karate.org.apache.http.wire - http-outgoing-3 << "        },[\n]"
20:02:15.737 [main] DEBUG karate.org.apache.http.wire - http-outgoing-3 << "        {[\n]"
20:02:15.737 [main] DEBUG karate.org.apache.http.wire - http-outgoing-3 << "          "HourId": 4904,[\n]"
20:02:15.737 [main] DEBUG karate.org.apache.http.wire - http-outgoing-3 << "          "ParentId": 183,[\n]"
20:02:15.737 [main] DEBUG karate.org.apache.http.wire - http-outgoing-3 << "          "DayOfWeek": "Sunday",[\n]"
20:02:15.737 [main] DEBUG karate.org.apache.http.wire - http-outgoing-3 << "          "OpenTime": null,[\n]"
20:02:15.737 [main] DEBUG karate.org.apache.http.wire - http-outgoing-3 << "          "CloseTime": null,[\n]"
20:02:15.737 [main] DEBUG karate.org.apache.http.wire - http-outgoing-3 << "          "Comments": null,[\n]"
20:02:15.737 [main] DEBUG karate.org.apache.http.wire - http-outgoing-3 << "          "IsClosed": true[\n]"
20:02:15.738 [main] DEBUG karate.org.apache.http.wire - http-outgoing-3 << "        }[\n]"
20:02:15.739 [main] DEBUG karate.org.apache.http.wire - http-outgoing-3 << "      ],[\n]"
20:02:15.739 [main] DEBUG karate.org.apache.http.wire - http-outgoing-3 << "      "ATMServices": [[\n]"
20:02:15.739 [main] DEBUG karate.org.apache.http.wire - http-outgoing-3 << "        {[\n]"
20:02:15.739 [main] DEBUG karate.org.apache.http.wire - http-outgoing-3 << "          "ServiceId": 197,[\n]"
20:02:15.739 [main] DEBUG karate.org.apache.http.wire - http-outgoing-3 << "          "ParentId": 183,[\n]"
20:02:15.739 [main] DEBUG karate.org.apache.http.wire - http-outgoing-3 << "          "ServiceTypeId": 8,[\n]"
20:02:15.739 [main] DEBUG karate.org.apache.http.wire - http-outgoing-3 << "          "ServiceValue": true,[\n]"
20:02:15.739 [main] DEBUG karate.org.apache.http.wire - http-outgoing-3 << "          "ServiceTypeCode": "DriveThru",[\n]"
20:02:15.739 [main] DEBUG karate.org.apache.http.wire - http-outgoing-3 << "          "ServiceTypeTitle": "Drive Thru",[\n]"
20:02:15.739 [main] DEBUG karate.org.apache.http.wire - http-outgoing-3 << "          "ServiceTypeDesc": "Has DriveThru?"[\n]"
20:02:15.739 [main] DEBUG karate.org.apache.http.wire - http-outgoing-3 << "        },[\n]"
20:02:15.739 [main] DEBUG karate.org.apache.http.wire - http-outgoing-3 << "        {[\n]"
20:02:15.739 [main] DEBUG karate.org.apache.http.wire - http-outgoing-3 << "          "ServiceId": 198,[\n]"
20:02:15.739 [main] DEBUG karate.org.apache.http.wire - http-outgoing-3 << "          "ParentId": 183,[\n]"
20:02:15.739 [main] DEBUG karate.org.apache.http.wire - http-outgoing-3 << "          "ServiceTypeId": 9,[\n]"
20:02:15.739 [main] DEBUG karate.org.apache.http.wire - http-outgoing-3 << "          "ServiceValue": false,[\n]"
20:02:15.739 [main] DEBUG karate.org.apache.http.wire - http-outgoing-3 << "          "ServiceTypeCode": "Camera",[\n]"
20:02:15.739 [main] DEBUG karate.org.apache.http.wire - http-outgoing-3 << "          "ServiceTypeTitle": "Camera",[\n]"
20:02:15.739 [main] DEBUG karate.org.apache.http.wire - http-outgoing-3 << "          "ServiceTypeDesc": "Has Camera?"[\n]"
20:02:15.739 [main] DEBUG karate.org.apache.http.wire - http-outgoing-3 << "        },[\n]"
20:02:15.739 [main] DEBUG karate.org.apache.http.wire - http-outgoing-3 << "        {[\n]"
20:02:15.739 [main] DEBUG karate.org.apache.http.wire - http-outgoing-3 << "          "ServiceId": 199,[\n]"
20:02:15.739 [main] DEBUG karate.org.apache.http.wire - http-outgoing-3 << "          "ParentId": 183,[\n]"
20:02:15.739 [main] DEBUG karate.org.apache.http.wire - http-outgoing-3 << "          "ServiceTypeId": 10,[\n]"
20:02:15.739 [main] DEBUG karate.org.apache.http.wire - http-outgoing-3 << "          "ServiceValue": true,[\n]"
20:02:15.739 [main] DEBUG karate.org.apache.http.wire - http-outgoing-3 << "          "ServiceTypeCode": "FullService",[\n]"
20:02:15.739 [main] DEBUG karate.org.apache.http.wire - http-outgoing-3 << "          "ServiceTypeTitle": "Full Service",[\n]"
20:02:15.739 [main] DEBUG karate.org.apache.http.wire - http-outgoing-3 << "          "ServiceTypeDesc": "Is Full Service?"[\n]"
20:02:15.739 [main] DEBUG karate.org.apache.http.wire - http-outgoing-3 << "        },[\n]"
20:02:15.739 [main] DEBUG karate.org.apache.http.wire - http-outgoing-3 << "        {[\n]"
20:02:15.739 [main] DEBUG karate.org.apache.http.wire - http-outgoing-3 << "          "ServiceId": 200,[\n]"
20:02:15.739 [main] DEBUG karate.org.apache.http.wire - http-outgoing-3 << "          "ParentId": 183,[\n]"
20:02:15.739 [main] DEBUG karate.org.apache.http.wire - http-outgoing-3 << "          "ServiceTypeId": 11,[\n]"
20:02:15.739 [main] DEBUG karate.org.apache.http.wire - http-outgoing-3 << "          "ServiceValue": true,[\n]"
20:02:15.739 [main] DEBUG karate.org.apache.http.wire - http-outgoing-3 << "          "ServiceTypeCode": "24Hours",[\n]"
20:02:15.739 [main] DEBUG karate.org.apache.http.wire - http-outgoing-3 << "      "
20:02:15.739 [main] DEBUG karate.org.apache.http.wire - http-outgoing-3 << "    "ServiceTypeTitle": "24 Hours",[\n]"
20:02:15.739 [main] DEBUG karate.org.apache.http.wire - http-outgoing-3 << "          "ServiceTypeDesc": "Is 24 Hours?"[\n]"
20:02:15.739 [main] DEBUG karate.org.apache.http.wire - http-outgoing-3 << "        },[\n]"
20:02:15.739 [main] DEBUG karate.org.apache.http.wire - http-outgoing-3 << "        {[\n]"
20:02:15.739 [main] DEBUG karate.org.apache.http.wire - http-outgoing-3 << "          "ServiceId": 3186,[\n]"
20:02:15.739 [main] DEBUG karate.org.apache.http.wire - http-outgoing-3 << "          "ParentId": 183,[\n]"
20:02:15.739 [main] DEBUG karate.org.apache.http.wire - http-outgoing-3 << "          "ServiceTypeId": 12,[\n]"
20:02:15.739 [main] DEBUG karate.org.apache.http.wire - http-outgoing-3 << "          "ServiceValue": false,[\n]"
20:02:15.739 [main] DEBUG karate.org.apache.http.wire - http-outgoing-3 << "          "ServiceTypeCode": "USDCurrency",[\n]"
20:02:15.739 [main] DEBUG karate.org.apache.http.wire - http-outgoing-3 << "          "ServiceTypeTitle": "USD Currency",[\n]"
20:02:15.739 [main] DEBUG karate.org.apache.http.wire - http-outgoing-3 << "          "ServiceTypeDesc": "Offers USD Currency?"[\n]"
20:02:15.739 [main] DEBUG karate.org.apache.http.wire - http-outgoing-3 << "        },[\n]"
20:02:15.739 [main] DEBUG karate.org.apache.http.wire - http-outgoing-3 << "        {[\n]"
20:02:15.739 [main] DEBUG karate.org.apache.http.wire - http-outgoing-3 << "          "ServiceId": 5186,[\n]"
20:02:15.739 [main] DEBUG karate.org.apache.http.wire - http-outgoing-3 << "          "ParentId": 183,[\n]"
20:02:15.739 [main] DEBUG karate.org.apache.http.wire - http-outgoing-3 << "          "ServiceTypeId": 1012,[\n]"
20:02:15.739 [main] DEBUG karate.org.apache.http.wire - http-outgoing-3 << "          "ServiceValue": false,[\n]"
20:02:15.739 [main] DEBUG karate.org.apache.http.wire - http-outgoing-3 << "          "ServiceTypeCode": "DepositAutomation",[\n]"
20:02:15.739 [main] DEBUG karate.org.apache.http.wire - http-outgoing-3 << "          "ServiceTypeTitle": "Deposit Automation",[\n]"
20:02:15.739 [main] DEBUG karate.org.apache.http.wire - http-outgoing-3 << "          "ServiceTypeDesc": "Offers Deposit Automation?"[\n]"
20:02:15.739 [main] DEBUG karate.org.apache.http.wire - http-outgoing-3 << "        }[\n]"
20:02:15.739 [main] DEBUG karate.org.apache.http.wire - http-outgoing-3 << "      ],[\n]"
20:02:15.739 [main] DEBUG karate.org.apache.http.wire - http-outgoing-3 << "      "ATMId": 183,[\n]"
20:02:15.739 [main] DEBUG karate.org.apache.http.wire - http-outgoing-3 << "      "ATMNumber": "A001N441",[\n]"
20:02:15.739 [main] DEBUG karate.org.apache.http.wire - http-outgoing-3 << "      "ATMName": "Red Deer - Clearview",[\n]"
20:02:15.739 [main] DEBUG karate.org.apache.http.wire - http-outgoing-3 << "      "ModelNumber": "6634",[\n]"
20:02:15.739 [main] DEBUG karate.org.apache.http.wire - http-outgoing-3 << "      "SerialNumber": "30-46044895",[\n]"
20:02:15.739 [main] DEBUG karate.org.apache.http.wire - http-outgoing-3 << "      "LockSerial": "18174026",[\n]"
20:02:15.739 [main] DEBUG karate.org.apache.http.wire - http-outgoing-3 << "      "MainProvider": "NCR",[\n]"
20:02:15.739 [main] DEBUG karate.org.apache.http.wire - http-outgoing-3 << "      "SoftwareVersion": " Canadian Standard Activate V2.0",[\n]"
20:02:15.739 [main] DEBUG karate.org.apache.http.wire - http-outgoing-3 << "      "ATMAddress": "67 Clearview Market Way",[\n]"
20:02:15.739 [main] DEBUG karate.org.apache.http.wire - http-outgoing-3 << "      "Latit"
20:02:15.739 [main] DEBUG karate.org.apache.http.wire - http-outgoing-3 << "ude": null,[\n]"
20:02:15.739 [main] DEBUG karate.org.apache.http.wire - http-outgoing-3 << "      "Longitude": null,[\n]"
20:02:15.739 [main] DEBUG karate.org.apache.http.wire - http-outgoing-3 << "      "IPAddress": "10.101.77.12",[\n]"
20:02:15.739 [main] DEBUG karate.org.apache.http.wire - http-outgoing-3 << "      "Gateway": "10.101.77.1",[\n]"
20:02:15.739 [main] DEBUG karate.org.apache.http.wire - http-outgoing-3 << "      "Subnet": "255.255.255.224",[\n]"
20:02:15.739 [main] DEBUG karate.org.apache.http.wire - http-outgoing-3 << "      "OriginalInstallDate": "June 21, 2012",[\n]"
20:02:15.740 [main] DEBUG karate.org.apache.http.wire - http-outgoing-3 << "      "EPPModelNumber": "5815 EPP",[\n]"
20:02:15.740 [main] DEBUG karate.org.apache.http.wire - http-outgoing-3 << "      "EPPCertificateNumber": "PCI 4-20264",[\n]"
20:02:15.740 [main] DEBUG karate.org.apache.http.wire - http-outgoing-3 << "      "EPPPartNumber": "009-0028973",[\n]"
20:02:15.740 [main] DEBUG karate.org.apache.http.wire - http-outgoing-3 << "      "EPPVersionNumber": "INTL_61",[\n]"
20:02:15.740 [main] DEBUG karate.org.apache.http.wire - http-outgoing-3 << "      "EPPInstallDate": null,[\n]"
20:02:15.740 [main] DEBUG karate.org.apache.http.wire - http-outgoing-3 << "      "ReplacementDate": null,[\n]"
20:02:15.740 [main] DEBUG karate.org.apache.http.wire - http-outgoing-3 << "      "IsAddressSameAsBranch": true,[\n]"
20:02:15.740 [main] DEBUG karate.org.apache.http.wire - http-outgoing-3 << "      "ATMImageName": null,[\n]"
20:02:15.740 [main] DEBUG karate.org.apache.http.wire - http-outgoing-3 << "      "Notes": null,[\n]"
20:02:15.740 [main] DEBUG karate.org.apache.http.wire - http-outgoing-3 << "      "InternalNotes": null,[\n]"
20:02:15.740 [main] DEBUG karate.org.apache.http.wire - http-outgoing-3 << "      "BranchName": "Clearview",[\n]"
20:02:15.740 [main] DEBUG karate.org.apache.http.wire - http-outgoing-3 << "      "IsActive": true,[\n]"
20:02:15.740 [main] DEBUG karate.org.apache.http.wire - http-outgoing-3 << "      "PostalCode": null,[\n]"
20:02:15.740 [main] DEBUG karate.org.apache.http.wire - http-outgoing-3 << "      "BranchCityId": 49,[\n]"
20:02:15.740 [main] DEBUG karate.org.apache.http.wire - http-outgoing-3 << "      "BranchAddress": "67 Clearview Market Way",[\n]"
20:02:15.740 [main] DEBUG karate.org.apache.http.wire - http-outgoing-3 << "      "Brinks": null,[\n]"
20:02:15.740 [main] DEBUG karate.org.apache.http.wire - http-outgoing-3 << "      "BalancedBy": null,[\n]"
20:02:15.740 [main] DEBUG karate.org.apache.http.wire - http-outgoing-3 << "      "Cassette1": null,[\n]"
20:02:15.740 [main] DEBUG karate.org.apache.http.wire - http-outgoing-3 << "      "Cassette2": null,[\n]"
20:02:15.740 [main] DEBUG karate.org.apache.http.wire - http-outgoing-3 << "      "Cassette3": null,[\n]"
20:02:15.740 [main] DEBUG karate.org.apache.http.wire - http-outgoing-3 << "      "Cassette4": null[\n]"
20:02:15.740 [main] DEBUG karate.org.apache.http.wire - http-outgoing-3 << "    },[\n]"
20:02:15.740 [main] DEBUG karate.org.apache.http.wire - http-outgoing-3 << "    {[\n]"
20:02:15.740 [main] DEBUG karate.org.apache.http.wire - http-outgoing-3 << "      "CityName": "Red Deer",[\n]"
20:02:15.740 [main] DEBUG karate.org.apache.http.wire - http-outgoing-3 << "      "CityId": null,[\n]"
20:02:15.740 [main] DEBUG karate.org.apache.http.wire - http-outgoing-3 << "      "ATMMakeId": 2,[\n]"
20:02:15.740 [main] DEBUG karate.org.apache.http.wire - http-outgoing-3 << "      "LockMakeId": 2,[\n]"
20:02:15.740 [main] DEBUG karate.org.apache.http.wire - http-outgoing-3 << "      "AlarmVendorId": 1,[\n]"
20:02:15.740 [main] DEBUG karate.org.apache.http.wire - http-outgoing-3 << "      "BranchId": 28,[\n]"
20:02:15.740 [main] DEBUG karate.org.apache.http.wire - http-outgoing-3 << "      "AlarmVendor": {[\n]"
20:02:15.740 [main] DEBUG karate.org.apache.http.wire - http-outgoing-3 << "        "AlarmVendor"
20:02:15.740 [main] DEBUG karate.org.apache.http.wire - http-outgoing-3 << "Id": 1,[\n]"
20:02:15.740 [main] DEBUG karate.org.apache.http.wire - http-outgoing-3 << "        "VendorName": "Tyco"[\n]"
20:02:15.740 [main] DEBUG karate.org.apache.http.wire - http-outgoing-3 << "      },[\n]"
20:02:15.740 [main] DEBUG karate.org.apache.http.wire - http-outgoing-3 << "      "ATMMake": {[\n]"
20:02:15.740 [main] DEBUG karate.org.apache.http.wire - http-outgoing-3 << "        "ATMMakeId": 2,[\n]"
20:02:15.740 [main] DEBUG karate.org.apache.http.wire - http-outgoing-3 << "        "MakeBrand": "NCR"[\n]"
20:02:15.740 [main] DEBUG karate.org.apache.http.wire - http-outgoing-3 << "      },[\n]"
20:02:15.740 [main] DEBUG karate.org.apache.http.wire - http-outgoing-3 << "      "LockMake": {[\n]"
20:02:15.740 [main] DEBUG karate.org.apache.http.wire - http-outgoing-3 << "        "LockMakeId": 2,[\n]"
20:02:15.740 [main] DEBUG karate.org.apache.http.wire - http-outgoing-3 << "        "LockBrand": "S & G"[\n]"
20:02:15.740 [main] DEBUG karate.org.apache.http.wire - http-outgoing-3 << "      },[\n]"
20:02:15.740 [main] DEBUG karate.org.apache.http.wire - http-outgoing-3 << "      "Branch": null,[\n]"
20:02:15.740 [main] DEBUG karate.org.apache.http.wire - http-outgoing-3 << "      "ATMHours": [[\n]"
20:02:15.740 [main] DEBUG karate.org.apache.http.wire - http-outgoing-3 << "        {[\n]"
20:02:15.740 [main] DEBUG karate.org.apache.http.wire - http-outgoing-3 << "          "HourId": 597,[\n]"
20:02:15.740 [main] DEBUG karate.org.apache.http.wire - http-outgoing-3 << "          "ParentId": 198,[\n]"
20:02:15.740 [main] DEBUG karate.org.apache.http.wire - http-outgoing-3 << "          "DayOfWeek": "Monday",[\n]"
20:02:15.740 [main] DEBUG karate.org.apache.http.wire - http-outgoing-3 << "          "OpenTime": "07:00:00",[\n]"
20:02:15.740 [main] DEBUG karate.org.apache.http.wire - http-outgoing-3 << "          "CloseTime": "20:30:00",[\n]"
20:02:15.740 [main] DEBUG karate.org.apache.http.wire - http-outgoing-3 << "          "Comments": null,[\n]"
20:02:15.740 [main] DEBUG karate.org.apache.http.wire - http-outgoing-3 << "          "IsClosed": false[\n]"
20:02:15.740 [main] DEBUG karate.org.apache.http.wire - http-outgoing-3 << "        },[\n]"
20:02:15.740 [main] DEBUG karate.org.apache.http.wire - http-outgoing-3 << "        {[\n]"
20:02:15.740 [main] DEBUG karate.org.apache.http.wire - http-outgoing-3 << "          "HourId": 598,[\n]"
20:02:15.741 [main] DEBUG karate.org.apache.http.wire - http-outgoing-3 << "          "ParentId": 198,[\n]"
20:02:15.741 [main] DEBUG karate.org.apache.http.wire - http-outgoing-3 << "          "DayOfWeek": "Tuesday",[\n]"
20:02:15.741 [main] DEBUG karate.org.apache.http.wire - http-outgoing-3 << "          "OpenTime": "07:00:00",[\n]"
20:02:15.741 [main] DEBUG karate.org.apache.http.wire - http-outgoing-3 << "          "CloseTime": "20:30:00",[\n]"
20:02:15.741 [main] DEBUG karate.org.apache.http.wire - http-outgoing-3 << "          "Comments": null,[\n]"
20:02:15.741 [main] DEBUG karate.org.apache.http.wire - http-outgoing-3 << "          "IsClosed": false[\n]"
20:02:15.741 [main] DEBUG karate.org.apache.http.wire - http-outgoing-3 << "        },[\n]"
20:02:15.741 [main] DEBUG karate.org.apache.http.wire - http-outgoing-3 << "        {[\n]"
20:02:15.741 [main] DEBUG karate.org.apache.http.wire - http-outgoing-3 << "          "HourId": 599,[\n]"
20:02:15.741 [main] DEBUG karate.org.apache.http.wire - http-outgoing-3 << "          "ParentId": 198,[\n]"
20:02:15.741 [main] DEBUG karate.org.apache.http.wire - http-outgoing-3 << "          "DayOfWeek": "Wednesday",[\n]"
20:02:15.741 [main] DEBUG karate.org.apache.http.wire - http-outgoing-3 << "          "OpenTime": "07:00:00",[\n]"
20:02:15.741 [main] DEBUG karate.org.apache.http.wire - http-outgoing-3 << "          "CloseTime": "20:30:00",[\n]"
20:02:15.741 [main] DEBUG karate.org.apache.http.wire - http-outgoing-3 << "          "Comments": null,[\n]"
20:02:15.741 [main] DEBUG karate.org.apache.http.wire - http-outgoing-3 << "          "IsClosed": false[\n]"
20:02:15.741 [main] DEBUG karate.org.apache.http.wire - http-outgoing-3 << "        },[\n]"
20:02:15.741 [main] DEBUG karate.org.apache.http.wire - http-outgoing-3 << "        {[\n]"
20:02:15.741 [main] DEBUG karate.org.apache.http.wire - http-outgoing-3 << "          "HourId": 600,[\n]"
20:02:15.741 [main] DEBUG karate.org.apache.http.wire - http-outgoing-3 << "          "ParentId": 198,[\n]"
20:02:15.741 [main] DEBUG karate.org.apache.http.wire - http-outgoing-3 << "          "DayO"
20:02:15.741 [main] DEBUG karate.org.apache.http.wire - http-outgoing-3 << "fWeek": "Thursday",[\n]"
20:02:15.741 [main] DEBUG karate.org.apache.http.wire - http-outgoing-3 << "          "OpenTime": "07:00:00",[\n]"
20:02:15.741 [main] DEBUG karate.org.apache.http.wire - http-outgoing-3 << "          "CloseTime": "20:30:00",[\n]"
20:02:15.741 [main] DEBUG karate.org.apache.http.wire - http-outgoing-3 << "          "Comments": null,[\n]"
20:02:15.741 [main] DEBUG karate.org.apache.http.wire - http-outgoing-3 << "          "IsClosed": false[\n]"
20:02:15.741 [main] DEBUG karate.org.apache.http.wire - http-outgoing-3 << "        },[\n]"
20:02:15.741 [main] DEBUG karate.org.apache.http.wire - http-outgoing-3 << "        {[\n]"
20:02:15.741 [main] DEBUG karate.org.apache.http.wire - http-outgoing-3 << "          "HourId": 601,[\n]"
20:02:15.741 [main] DEBUG karate.org.apache.http.wire - http-outgoing-3 << "          "ParentId": 198,[\n]"
20:02:15.741 [main] DEBUG karate.org.apache.http.wire - http-outgoing-3 << "          "DayOfWeek": "Friday",[\n]"
20:02:15.741 [main] DEBUG karate.org.apache.http.wire - http-outgoing-3 << "          "OpenTime": "07:00:00",[\n]"
20:02:15.741 [main] DEBUG karate.org.apache.http.wire - http-outgoing-3 << "          "CloseTime": "20:30:00",[\n]"
20:02:15.741 [main] DEBUG karate.org.apache.http.wire - http-outgoing-3 << "          "Comments": null,[\n]"
20:02:15.741 [main] DEBUG karate.org.apache.http.wire - http-outgoing-3 << "          "IsClosed": false[\n]"
20:02:15.741 [main] DEBUG karate.org.apache.http.wire - http-outgoing-3 << "        },[\n]"
20:02:15.741 [main] DEBUG karate.org.apache.http.wire - http-outgoing-3 << "        {[\n]"
20:02:15.741 [main] DEBUG karate.org.apache.http.wire - http-outgoing-3 << "          "HourId": 602,[\n]"
20:02:15.741 [main] DEBUG karate.org.apache.http.wire - http-outgoing-3 << "          "ParentId": 198,[\n]"
20:02:15.741 [main] DEBUG karate.org.apache.http.wire - http-outgoing-3 << "          "DayOfWeek": "Saturday",[\n]"
20:02:15.741 [main] DEBUG karate.org.apache.http.wire - http-outgoing-3 << "          "OpenTime": "07:00:00",[\n]"
20:02:15.741 [main] DEBUG karate.org.apache.http.wire - http-outgoing-3 << "          "CloseTime": "20:30:00",[\n]"
20:02:15.741 [main] DEBUG karate.org.apache.http.wire - http-outgoing-3 << "          "Comments": null,[\n]"
20:02:15.741 [main] DEBUG karate.org.apache.http.wire - http-outgoing-3 << "          "IsClosed": false[\n]"
20:02:15.741 [main] DEBUG karate.org.apache.http.wire - http-outgoing-3 << "        },[\n]"
20:02:15.741 [main] DEBUG karate.org.apache.http.wire - http-outgoing-3 << "        {[\n]"
20:02:15.741 [main] DEBUG karate.org.apache.http.wire - http-outgoing-3 << "          "HourId": 603,[\n]"
20:02:15.741 [main] DEBUG karate.org.apache.http.wire - http-outgoing-3 << "          "ParentId": 198,[\n]"
20:02:15.741 [main] DEBUG karate.org.apache.http.wire - http-outgoing-3 << "          "DayOfWeek": "Sunday",[\n]"
20:02:15.741 [main] DEBUG karate.org.apache.http.wire - http-outgoing-3 << "          "OpenTime": "07:00:00",[\n]"
20:02:15.741 [main] DEBUG karate.org.apache.http.wire - http-outgoing-3 << "          "CloseTime": "20:30:00",[\n]"
20:02:15.741 [main] DEBUG karate.org.apache.http.wire - http-outgoing-3 << "          "Comments": null,[\n]"
20:02:15.741 [main] DEBUG karate.org.apache.http.wire - http-outgoing-3 << "          "IsClosed": false[\n]"
20:02:15.741 [main] DEBUG karate.org.apache.http.wire - http-outgoing-3 << "        }[\n]"
20:02:15.741 [main] DEBUG karate.org.apache.http.wire - http-outgoing-3 << "      ],[\n]"
20:02:15.741 [main] DEBUG karate.org.apache.http.wire - http-outgoing-3 << "      "ATMServices": [[\n]"
20:02:15.741 [main] DEBUG karate.org.apache.http.wire - http-outgoing-3 << "        {[\n]"
20:02:15.741 [main] DEBUG karate.org.apache.http.wire - http-outgoing-3 << "          "ServiceId": 241,[\n]"
20:02:15.741 [main] DEBUG karate.org.apache.http.wire - http-outgoing-3 << "          "ParentId": 198,[\n]"
20:02:15.741 [main] DEBUG karate.org.apache.http.wire - http-outgoing-3 << "          "ServiceTypeId": 8,[\n]"
20:02:15.741 [main] DEBUG karate.org.apache.http.wire - http-outgoing-3 << "          "ServiceValue": true,[\n]"
20:02:15.741 [main] DEBUG karate.org.apache.http.wire - http-outgoing-3 << "          "Serv"
20:02:15.742 [main] DEBUG karate.org.apache.http.wire - http-outgoing-3 << "iceTypeCode": "DriveThru",[\n]"
20:02:15.742 [main] DEBUG karate.org.apache.http.wire - http-outgoing-3 << "          "ServiceTypeTitle": "Drive Thru",[\n]"
20:02:15.742 [main] DEBUG karate.org.apache.http.wire - http-outgoing-3 << "          "ServiceTypeDesc": "Has DriveThru?"[\n]"
20:02:15.742 [main] DEBUG karate.org.apache.http.wire - http-outgoing-3 << "        },[\n]"
20:02:15.742 [main] DEBUG karate.org.apache.http.wire - http-outgoing-3 << "        {[\n]"
20:02:15.742 [main] DEBUG karate.org.apache.http.wire - http-outgoing-3 << "          "ServiceId": 242,[\n]"
20:02:15.742 [main] DEBUG karate.org.apache.http.wire - http-outgoing-3 << "          "ParentId": 198,[\n]"
20:02:15.742 [main] DEBUG karate.org.apache.http.wire - http-outgoing-3 << "          "ServiceTypeId": 9,[\n]"
20:02:15.742 [main] DEBUG karate.org.apache.http.wire - http-outgoing-3 << "          "ServiceValue": true,[\n]"
20:02:15.742 [main] DEBUG karate.org.apache.http.wire - http-outgoing-3 << "          "ServiceTypeCode": "Camera",[\n]"
20:02:15.742 [main] DEBUG karate.org.apache.http.wire - http-outgoing-3 << "          "ServiceTypeTitle": "Camera",[\n]"
20:02:15.742 [main] DEBUG karate.org.apache.http.wire - http-outgoing-3 << "          "ServiceTypeDesc": "Has Camera?"[\n]"
20:02:15.742 [main] DEBUG karate.org.apache.http.wire - http-outgoing-3 << "        },[\n]"
20:02:15.742 [main] DEBUG karate.org.apache.http.wire - http-outgoing-3 << "        {[\n]"
20:02:15.742 [main] DEBUG karate.org.apache.http.wire - http-outgoing-3 << "          "ServiceId": 243,[\n]"
20:02:15.742 [main] DEBUG karate.org.apache.http.wire - http-outgoing-3 << "          "ParentId": 198,[\n]"
20:02:15.742 [main] DEBUG karate.org.apache.http.wire - http-outgoing-3 << "          "ServiceTypeId": 10,[\n]"
20:02:15.742 [main] DEBUG karate.org.apache.http.wire - http-outgoing-3 << "          "ServiceValue": true,[\n]"
20:02:15.742 [main] DEBUG karate.org.apache.http.wire - http-outgoing-3 << "          "ServiceTypeCode": "FullService",[\n]"
20:02:15.742 [main] DEBUG karate.org.apache.http.wire - http-outgoing-3 << "          "ServiceTypeTitle": "Full Service",[\n]"
20:02:15.742 [main] DEBUG karate.org.apache.http.wire - http-outgoing-3 << "          "ServiceTypeDesc": "Is Full Service?"[\n]"
20:02:15.742 [main] DEBUG karate.org.apache.http.wire - http-outgoing-3 << "        },[\n]"
20:02:15.742 [main] DEBUG karate.org.apache.http.wire - http-outgoing-3 << "        {[\n]"
20:02:15.742 [main] DEBUG karate.org.apache.http.wire - http-outgoing-3 << "          "ServiceId": 244,[\n]"
20:02:15.742 [main] DEBUG karate.org.apache.http.wire - http-outgoing-3 << "          "ParentId": 198,[\n]"
20:02:15.742 [main] DEBUG karate.org.apache.http.wire - http-outgoing-3 << "          "ServiceTypeId": 11,[\n]"
20:02:15.742 [main] DEBUG karate.org.apache.http.wire - http-outgoing-3 << "          "ServiceValue": true,[\n]"
20:02:15.742 [main] DEBUG karate.org.apache.http.wire - http-outgoing-3 << "          "ServiceTypeCode": "24Hours",[\n]"
20:02:15.742 [main] DEBUG karate.org.apache.http.wire - http-outgoing-3 << "          "ServiceTypeTitle": "24 Hours",[\n]"
20:02:15.742 [main] DEBUG karate.org.apache.http.wire - http-outgoing-3 << "          "ServiceTypeDesc": "Is 24 Hours?"[\n]"
20:02:15.742 [main] DEBUG karate.org.apache.http.wire - http-outgoing-3 << "        },[\n]"
20:02:15.742 [main] DEBUG karate.org.apache.http.wire - http-outgoing-3 << "        {[\n]"
20:02:15.742 [main] DEBUG karate.org.apache.http.wire - http-outgoing-3 << "          "ServiceId": 3201,[\n]"
20:02:15.742 [main] DEBUG karate.org.apache.http.wire - http-outgoing-3 << "          "ParentId": 198,[\n]"
20:02:15.742 [main] DEBUG karate.org.apache.http.wire - http-outgoing-3 << "          "ServiceTypeId": 1"
20:02:15.742 [main] DEBUG karate.org.apache.http.wire - http-outgoing-3 << "2,[\n]"
20:02:15.742 [main] DEBUG karate.org.apache.http.wire - http-outgoing-3 << "          "ServiceValue": true,[\n]"
20:02:15.742 [main] DEBUG karate.org.apache.http.wire - http-outgoing-3 << "          "ServiceTypeCode": "USDCurrency",[\n]"
20:02:15.742 [main] DEBUG karate.org.apache.http.wire - http-outgoing-3 << "          "ServiceTypeTitle": "USD Currency",[\n]"
20:02:15.742 [main] DEBUG karate.org.apache.http.wire - http-outgoing-3 << "          "ServiceTypeDesc": "Offers USD Currency?"[\n]"
20:02:15.742 [main] DEBUG karate.org.apache.http.wire - http-outgoing-3 << "        },[\n]"
20:02:15.742 [main] DEBUG karate.org.apache.http.wire - http-outgoing-3 << "        {[\n]"
20:02:15.742 [main] DEBUG karate.org.apache.http.wire - http-outgoing-3 << "          "ServiceId": 5201,[\n]"
20:02:15.742 [main] DEBUG karate.org.apache.http.wire - http-outgoing-3 << "          "ParentId": 198,[\n]"
20:02:15.742 [main] DEBUG karate.org.apache.http.wire - http-outgoing-3 << "          "ServiceTypeId": 1012,[\n]"
20:02:15.742 [main] DEBUG karate.org.apache.http.wire - http-outgoing-3 << "          "ServiceValue": true,[\n]"
20:02:15.742 [main] DEBUG karate.org.apache.http.wire - http-outgoing-3 << "          "ServiceTypeCode": "DepositAutomation",[\n]"
20:02:15.742 [main] DEBUG karate.org.apache.http.wire - http-outgoing-3 << "          "ServiceTypeTitle": "Deposit Automation",[\n]"
20:02:15.742 [main] DEBUG karate.org.apache.http.wire - http-outgoing-3 << "          "ServiceTypeDesc": "Offers Deposit Automation?"[\n]"
20:02:15.742 [main] DEBUG karate.org.apache.http.wire - http-outgoing-3 << "        }[\n]"
20:02:15.742 [main] DEBUG karate.org.apache.http.wire - http-outgoing-3 << "      ],[\n]"
20:02:15.742 [main] DEBUG karate.org.apache.http.wire - http-outgoing-3 << "      "ATMId": 198,[\n]"
20:02:15.742 [main] DEBUG karate.org.apache.http.wire - http-outgoing-3 << "      "ATMNumber": "A001N938",[\n]"
20:02:15.742 [main] DEBUG karate.org.apache.http.wire - http-outgoing-3 << "      "ATMName": "Red Deer - Deer Park",[\n]"
20:02:15.742 [main] DEBUG karate.org.apache.http.wire - http-outgoing-3 << "      "ModelNumber": "6634",[\n]"
20:02:15.742 [main] DEBUG karate.org.apache.http.wire - http-outgoing-3 << "      "SerialNumber": "30-49760728",[\n]"
20:02:15.742 [main] DEBUG karate.org.apache.http.wire - http-outgoing-3 << "      "LockSerial": "23788793",[\n]"
20:02:15.742 [main] DEBUG karate.org.apache.http.wire - http-outgoing-3 << "      "MainProvider": null,[\n]"
20:02:15.743 [main] DEBUG karate.org.apache.http.wire - http-outgoing-3 << "      "SoftwareVersion": "Canadian Standard Activate V2.0",[\n]"
20:02:15.743 [main] DEBUG karate.org.apache.http.wire - http-outgoing-3 << "      "ATMAddress": "4- 69 Dunlop Street",[\n]"
20:02:15.743 [main] DEBUG karate.org.apache.http.wire - http-outgoing-3 << "      "Latitude": "2.25",[\n]"
20:02:15.743 [main] DEBUG karate.org.apache.http.wire - http-outgoing-3 << "      "Longitude": "3.87",[\n]"
20:02:15.743 [main] DEBUG karate.org.apache.http.wire - http-outgoing-3 << "      "IPAddress": "10.101.93.11",[\n]"
20:02:15.743 [main] DEBUG karate.org.apache.http.wire - http-outgoing-3 << "      "Gateway": "10.101.93.1",[\n]"
20:02:15.743 [main] DEBUG karate.org.apache.http.wire - http-outgoing-3 << "      "Subnet": "255.255.255.224",[\n]"
20:02:15.743 [main] DEBUG karate.org.apache.http.wire - http-outgoing-3 << "      "OriginalInstallDate": "September 11, 2015","
20:02:15.743 [main] DEBUG karate.org.apache.http.wire - http-outgoing-3 << "[\n]"
20:02:15.743 [main] DEBUG karate.org.apache.http.wire - http-outgoing-3 << "      "EPPModelNumber": "5815 EPP ",[\n]"
20:02:15.743 [main] DEBUG karate.org.apache.http.wire - http-outgoing-3 << "      "EPPCertificateNumber": "PCI 4-20264",[\n]"
20:02:15.743 [main] DEBUG karate.org.apache.http.wire - http-outgoing-3 << "      "EPPPartNumber": "009-0028973",[\n]"
20:02:15.743 [main] DEBUG karate.org.apache.http.wire - http-outgoing-3 << "      "EPPVersionNumber": "INTL_61",[\n]"
20:02:15.743 [main] DEBUG karate.org.apache.http.wire - http-outgoing-3 << "      "EPPInstallDate": null,[\n]"
20:02:15.743 [main] DEBUG karate.org.apache.http.wire - http-outgoing-3 << "      "ReplacementDate": null,[\n]"
20:02:15.743 [main] DEBUG karate.org.apache.http.wire - http-outgoing-3 << "      "IsAddressSameAsBranch": true,[\n]"
20:02:15.743 [main] DEBUG karate.org.apache.http.wire - http-outgoing-3 << "      "ATMImageName": null,[\n]"
20:02:15.743 [main] DEBUG karate.org.apache.http.wire - http-outgoing-3 << "      "Notes": "Centralized ATM Processing",[\n]"
20:02:15.743 [main] DEBUG karate.org.apache.http.wire - http-outgoing-3 << "      "InternalNotes": "test notes apr 11",[\n]"
20:02:15.743 [main] DEBUG karate.org.apache.http.wire - http-outgoing-3 << "      "BranchName": "Deer Park",[\n]"
20:02:15.743 [main] DEBUG karate.org.apache.http.wire - http-outgoing-3 << "      "IsActive": true,[\n]"
20:02:15.743 [main] DEBUG karate.org.apache.http.wire - http-outgoing-3 << "      "PostalCode": null,[\n]"
20:02:15.743 [main] DEBUG karate.org.apache.http.wire - http-outgoing-3 << "      "BranchCityId": 49,[\n]"
20:02:15.743 [main] DEBUG karate.org.apache.http.wire - http-outgoing-3 << "      "BranchAddress": "4- 69 Dunlop Street",[\n]"
20:02:15.743 [main] DEBUG karate.org.apache.http.wire - http-outgoing-3 << "      "Brinks": "test brink apr11",[\n]"
20:02:15.743 [main] DEBUG karate.org.apache.http.wire - http-outgoing-3 << "      "BalancedBy": "test balanced apr11",[\n]"
20:02:15.743 [main] DEBUG karate.org.apache.http.wire - http-outgoing-3 << "      "Cassette1": "@!$##$#$@#",[\n]"
20:02:15.743 [main] DEBUG karate.org.apache.http.wire - http-outgoing-3 << "      "Cassette2": "1213325344",[\n]"
20:02:15.743 [main] DEBUG karate.org.apache.http.wire - http-outgoing-3 << "      "Cassette3": "gfgfd24!@$",[\n]"
20:02:15.743 [main] DEBUG karate.org.apache.http.wire - http-outgoing-3 << "      "Cassette4": "ghhgfhfghg"[\n]"
20:02:15.743 [main] DEBUG karate.org.apache.http.wire - http-outgoing-3 << "    },[\n]"
20:02:15.743 [main] DEBUG karate.org.apache.http.wire - http-outgoing-3 << "    {[\n]"
20:02:15.743 [main] DEBUG karate.org.apache.http.wire - http-outgoing-3 << "      "CityName": "Red Deer",[\n]"
20:02:15.743 [main] DEBUG karate.org.apache.http.wire - http-outgoing-3 << "      "CityId": null,[\n]"
20:02:15.743 [main] DEBUG karate.org.apache.http.wire - http-outgoing-3 << "      "ATMMakeId": 2,[\n]"
20:02:15.743 [main] DEBUG karate.org.apache.http.wire - http-outgoing-3 << "      "LockMakeId": 2,[\n]"
20:02:15.743 [main] DEBUG karate.org.apache.http.wire - http-outgoing-3 << "      "AlarmVendorId": 1,[\n]"
20:02:15.743 [main] DEBUG karate.org.apache.http.wire - http-outgoing-3 << "      "BranchId": 37,[\n]"
20:02:15.743 [main] DEBUG karate.org.apache.http.wire - http-outgoing-3 << "      "AlarmVendor": {[\n]"
20:02:15.743 [main] DEBUG karate.org.apache.http.wire - http-outgoing-3 << "        "AlarmVendorId": 1,[\n]"
20:02:15.743 [main] DEBUG karate.org.apache.http.wire - http-outgoing-3 << "        "VendorName": "Tyco"[\n]"
20:02:15.743 [main] DEBUG karate.org.apache.http.wire - http-outgoing-3 << "      },[\n]"
20:02:15.743 [main] DEBUG karate.org.apache.http.wire - http-outgoing-3 << "      "ATMMake": {[\n]"
20:02:15.743 [main] DEBUG karate.org.apache.http.wire - http-outgoing-3 << "        "ATMMakeId":"
20:02:15.743 [main] DEBUG karate.org.apache.http.wire - http-outgoing-3 << " 2,[\n]"
20:02:15.743 [main] DEBUG karate.org.apache.http.wire - http-outgoing-3 << "        "MakeBrand": "NCR"[\n]"
20:02:15.743 [main] DEBUG karate.org.apache.http.wire - http-outgoing-3 << "      },[\n]"
20:02:15.743 [main] DEBUG karate.org.apache.http.wire - http-outgoing-3 << "      "LockMake": {[\n]"
20:02:15.743 [main] DEBUG karate.org.apache.http.wire - http-outgoing-3 << "        "LockMakeId": 2,[\n]"
20:02:15.743 [main] DEBUG karate.org.apache.http.wire - http-outgoing-3 << "        "LockBrand": "S & G"[\n]"
20:02:15.743 [main] DEBUG karate.org.apache.http.wire - http-outgoing-3 << "      },[\n]"
20:02:15.743 [main] DEBUG karate.org.apache.http.wire - http-outgoing-3 << "      "Branch": null,[\n]"
20:02:15.744 [main] DEBUG karate.org.apache.http.wire - http-outgoing-3 << "      "ATMHours": [[\n]"
20:02:15.744 [main] DEBUG karate.org.apache.http.wire - http-outgoing-3 << "        {[\n]"
20:02:15.744 [main] DEBUG karate.org.apache.http.wire - http-outgoing-3 << "          "HourId": 520,[\n]"
20:02:15.744 [main] DEBUG karate.org.apache.http.wire - http-outgoing-3 << "          "ParentId": 43,[\n]"
20:02:15.744 [main] DEBUG karate.org.apache.http.wire - http-outgoing-3 << "          "DayOfWeek": "Monday",[\n]"
20:02:15.744 [main] DEBUG karate.org.apache.http.wire - http-outgoing-3 << "          "OpenTime": "09:30:00",[\n]"
20:02:15.744 [main] DEBUG karate.org.apache.http.wire - http-outgoing-3 << "          "CloseTime": "17:00:00",[\n]"
20:02:15.744 [main] DEBUG karate.org.apache.http.wire - http-outgoing-3 << "          "Comments": null,[\n]"
20:02:15.744 [main] DEBUG karate.org.apache.http.wire - http-outgoing-3 << "          "IsClosed": false[\n]"
20:02:15.744 [main] DEBUG karate.org.apache.http.wire - http-outgoing-3 << "        },[\n]"
20:02:15.744 [main] DEBUG karate.org.apache.http.wire - http-outgoing-3 << "        {[\n]"
20:02:15.744 [main] DEBUG karate.org.apache.http.wire - http-outgoing-3 << "          "HourId": 521,[\n]"
20:02:15.744 [main] DEBUG karate.org.apache.http.wire - http-outgoing-3 << "          "ParentId": 43,[\n]"
20:02:15.744 [main] DEBUG karate.org.apache.http.wire - http-outgoing-3 << "          "DayOfWeek": "Tuesday",[\n]"
20:02:15.744 [main] DEBUG karate.org.apache.http.wire - http-outgoing-3 << "          "OpenTime": "09:30:00",[\n]"
20:02:15.744 [main] DEBUG karate.org.apache.http.wire - http-outgoing-3 << "          "CloseTime": "17:00:00",[\n]"
20:02:15.744 [main] DEBUG karate.org.apache.http.wire - http-outgoing-3 << "          "Comments": null,[\n]"
20:02:15.744 [main] DEBUG karate.org.apache.http.wire - http-outgoing-3 << "          "IsClosed": false[\n]"
20:02:15.744 [main] DEBUG karate.org.apache.http.wire - http-outgoing-3 << "        },[\n]"
20:02:15.744 [main] DEBUG karate.org.apache.http.wire - http-outgoing-3 << "        {[\n]"
20:02:15.744 [main] DEBUG karate.org.apache.http.wire - http-outgoing-3 << "          "HourId": 522,[\n]"
20:02:15.744 [main] DEBUG karate.org.apache.http.wire - http-outgoing-3 << "          "ParentId": 43,[\n]"
20:02:15.744 [main] DEBUG karate.org.apache.http.wire - http-outgoing-3 << "          "DayOfWeek": "Wednesday",[\n]"
20:02:15.744 [main] DEBUG karate.org.apache.http.wire - http-outgoing-3 << "          "OpenTime": "09:30:00",[\n]"
20:02:15.744 [main] DEBUG karate.org.apache.http.wire - http-outgoing-3 << "          "CloseTime": "17:00:00",[\n]"
20:02:15.744 [main] DEBUG karate.org.apache.http.wire - http-outgoing-3 << "          "Comments": null,[\n]"
20:02:15.744 [main] DEBUG karate.org.apache.http.wire - http-outgoing-3 << "          "IsClosed": false[\n]"
20:02:15.744 [main] DEBUG karate.org.apache.http.wire - http-outgoing-3 << "        },[\n]"
20:02:15.744 [main] DEBUG karate.org.apache.http.wire - http-outgoing-3 << "        {[\n]"
20:02:15.744 [main] DEBUG karate.org.apache.http.wire - http-outgoing-3 << "          "HourId": 523,[\n]"
20:02:15.744 [main] DEBUG karate.org.apache.http.wire - http-outgoing-3 << "          "ParentId": 43,[\n]"
20:02:15.744 [main] DEBUG karate.org.apache.http.wire - http-outgoing-3 << "          "DayOfWeek": "Thursday",[\n]"
20:02:15.744 [main] DEBUG karate.org.apache.http.wire - http-outgoing-3 << "          "OpenTime": "09:30:00",[\n]"
20:02:15.744 [main] DEBUG karate.org.apache.http.wire - http-outgoing-3 << "          "CloseTime": "17:00:00",[\n]"
20:02:15.744 [main] DEBUG karate.org.apache.http.wire - http-outgoing-3 << "          "Comments": null,[\n]"
20:02:15.744 [main] DEBUG karate.org.apache.http.wire - http-outgoing-3 << "          "IsClosed": false[\n]"
20:02:15.744 [main] DEBUG karate.org.apache.http.wire - http-outgoing-3 << "        },[\n]"
20:02:15.744 [main] DEBUG karate.org.apache.http.wire - http-outgoing-3 << "        {[\n]"
20:02:15.744 [main] DEBUG karate.org.apache.http.wire - http-outgoing-3 << "          "HourId": 524,[\n]"
20:02:15.744 [main] DEBUG karate.org.apache.http.wire - http-outgoing-3 << "          "ParentId": 43,[\n]"
20:02:15.744 [main] DEBUG karate.org.apache.http.wire - http-outgoing-3 << "          "DayOfWeek": "Friday",[\n]"
20:02:15.744 [main] DEBUG karate.org.apache.http.wire - http-outgoing-3 << "          "OpenTime": "09:30:00",[\n]"
20:02:15.744 [main] DEBUG karate.org.apache.http.wire - http-outgoing-3 << "          "CloseTime": "17:00:00",[\n]"
20:02:15.744 [main] DEBUG karate.org.apache.http.wire - http-outgoing-3 << "          "Comments": null,[\n]"
20:02:15.744 [main] DEBUG karate.org.apache.http.wire - http-outgoing-3 << "          "IsClosed": false[\n]"
20:02:15.744 [main] DEBUG karate.org.apache.http.wire - http-outgoing-3 << "        },[\n]"
20:02:15.744 [main] DEBUG karate.org.apache.http.wire - http-outgoing-3 << "        {[\n]"
20:02:15.744 [main] DEBUG karate.org.apache.http.wire - http-outgoing-3 << "          "HourId": 525,[\n]"
20:02:15.744 [main] DEBUG karate.org.apache.http.wire - http-outgoing-3 << "          "ParentId": 43,[\n]"
20:02:15.745 [main] DEBUG karate.org.apache.http.wire - http-outgoing-3 << "          "DayOfWeek": "Saturday",[\n]"
20:02:15.745 [main] DEBUG karate.org.apache.http.wire - http-outgoing-3 << "          "OpenTime": null,[\n]"
20:02:15.745 [main] DEBUG karate.org.apache.http.wire - http-outgoing-3 << "          "CloseTime": null,[\n]"
20:02:15.745 [main] DEBUG karate.org.apache.http.wire - http-outgoing-3 << "          "Comments": null,[\n]"
20:02:15.745 [main] DEBUG karate.org.apache.http.wire - http-outgoing-3 << "          "IsClosed": true[\n]"
20:02:15.745 [main] DEBUG karate.org.apache.http.wire - http-outgoing-3 << "        },[\n]"
20:02:15.745 [main] DEBUG karate.org.apache.http.wire - http-outgoing-3 << "        {[\n]"
20:02:15.745 [main] DEBUG karate.org.apache.http.wire - http-outgoing-3 << "          "HourId": 526,[\n]"
20:02:15.745 [main] DEBUG karate.org.apache.http.wire - http-outgoing-3 << "          "ParentId": 43,[\n]"
20:02:15.745 [main] DEBUG karate.org.apache.http.wire - http-outgoing-3 << "          "DayOfWeek": "Sunday",[\n]"
20:02:15.745 [main] DEBUG karate.org.apache.http.wire - http-outgoing-3 << "          "OpenTime": null,[\n]"
20:02:15.745 [main] DEBUG karate.org.apache.http.wire - http-outgoing-3 << "          "CloseTime": null,[\n]"
20:02:15.745 [main] DEBUG karate.org.apache.http.wire - http-outgoing-3 << "          "Comments": null,[\n]"
20:02:15.745 [main] DEBUG karate.org.apache.http.wire - http-outgoing-3 << "          "IsClosed": true[\n]"
20:02:15.745 [main] DEBUG karate.org.apache.http.wire - http-outgoing-3 << "        }[\n]"
20:02:15.745 [main] DEBUG karate.org.apache.http.wire - http-outgoing-3 << "      ],[\n]"
20:02:15.745 [main] DEBUG karate.org.apache.http.wire - http-outgoing-3 << "      "ATMServices": [[\n]"
20:02:15.745 [main] DEBUG karate.org.apache.http.wire - http-outgoing-3 << "        {[\n]"
20:02:15.745 [main] DEBUG karate.org.apache.http.wire - http-outgoing-3 << "          "ServiceId": 49,[\n]"
20:02:15.745 [main] DEBUG karate.org.apache.http.wire - http-outgoing-3 << "          "ParentId": 43,[\n]"
20:02:15.745 [main] DEBUG karate.org.apache.http.wire - http-outgoing-3 << "          "ServiceTypeId": 8,[\n]"
20:02:15.745 [main] DEBUG karate.org.apache.http.wire - http-outgoing-3 << "          "ServiceValue": false,[\n]"
20:02:15.745 [main] DEBUG karate.org.apache.http.wire - http-outgoing-3 << "          "ServiceTypeCode": "DriveThru",[\n]"
20:02:15.745 [main] DEBUG karate.org.apache.http.wire - http-outgoing-3 << "          "ServiceTypeTitle": "Drive Thru",[\n]"
20:02:15.745 [main] DEBUG karate.org.apache.http.wire - http-outgoing-3 << "          "ServiceTypeDesc": "Has DriveThru?"[\n]"
20:02:15.745 [main] DEBUG karate.org.apache.http.wire - http-outgoing-3 << "  "
20:02:15.745 [main] DEBUG karate.org.apache.http.wire - http-outgoing-3 << "      },[\n]"
20:02:15.745 [main] DEBUG karate.org.apache.http.wire - http-outgoing-3 << "        {[\n]"
20:02:15.745 [main] DEBUG karate.org.apache.http.wire - http-outgoing-3 << "          "ServiceId": 50,[\n]"
20:02:15.745 [main] DEBUG karate.org.apache.http.wire - http-outgoing-3 << "          "ParentId": 43,[\n]"
20:02:15.745 [main] DEBUG karate.org.apache.http.wire - http-outgoing-3 << "          "ServiceTypeId": 9,[\n]"
20:02:15.745 [main] DEBUG karate.org.apache.http.wire - http-outgoing-3 << "          "ServiceValue": false,[\n]"
20:02:15.745 [main] DEBUG karate.org.apache.http.wire - http-outgoing-3 << "          "ServiceTypeCode": "Camera",[\n]"
20:02:15.745 [main] DEBUG karate.org.apache.http.wire - http-outgoing-3 << "          "ServiceTypeTitle": "Camera",[\n]"
20:02:15.745 [main] DEBUG karate.org.apache.http.wire - http-outgoing-3 << "          "ServiceTypeDesc": "Has Camera?"[\n]"
20:02:15.745 [main] DEBUG karate.org.apache.http.wire - http-outgoing-3 << "        },[\n]"
20:02:15.745 [main] DEBUG karate.org.apache.http.wire - http-outgoing-3 << "        {[\n]"
20:02:15.745 [main] DEBUG karate.org.apache.http.wire - http-outgoing-3 << "          "ServiceId": 51,[\n]"
20:02:15.745 [main] DEBUG karate.org.apache.http.wire - http-outgoing-3 << "          "ParentId": 43,[\n]"
20:02:15.745 [main] DEBUG karate.org.apache.http.wire - http-outgoing-3 << "          "ServiceTypeId": 10,[\n]"
20:02:15.745 [main] DEBUG karate.org.apache.http.wire - http-outgoing-3 << "          "ServiceValue": true,[\n]"
20:02:15.745 [main] DEBUG karate.org.apache.http.wire - http-outgoing-3 << "          "ServiceTypeCode": "FullService",[\n]"
20:02:15.745 [main] DEBUG karate.org.apache.http.wire - http-outgoing-3 << "          "ServiceTypeTitle": "Full Service",[\n]"
20:02:15.745 [main] DEBUG karate.org.apache.http.wire - http-outgoing-3 << "          "ServiceTypeDesc": "Is Full Service?"[\n]"
20:02:15.745 [main] DEBUG karate.org.apache.http.wire - http-outgoing-3 << "        },[\n]"
20:02:15.745 [main] DEBUG karate.org.apache.http.wire - http-outgoing-3 << "        {[\n]"
20:02:15.745 [main] DEBUG karate.org.apache.http.wire - http-outgoing-3 << "          "ServiceId": 52,[\n]"
20:02:15.745 [main] DEBUG karate.org.apache.http.wire - http-outgoing-3 << "          "ParentId": 43,[\n]"
20:02:15.745 [main] DEBUG karate.org.apache.http.wire - http-outgoing-3 << "          "ServiceTypeId": 11,[\n]"
20:02:15.745 [main] DEBUG karate.org.apache.http.wire - http-outgoing-3 << "          "ServiceValue": false,[\n]"
20:02:15.746 [main] DEBUG karate.org.apache.http.wire - http-outgoing-3 << "          "ServiceTypeCode": "24Hours",[\n]"
20:02:15.746 [main] DEBUG karate.org.apache.http.wire - http-outgoing-3 << "          "ServiceTypeTitle": "24 Hours",[\n]"
20:02:15.746 [main] DEBUG karate.org.apache.http.wire - http-outgoing-3 << "          "ServiceTypeDesc": "Is 24 Hours?"[\n]"
20:02:15.746 [main] DEBUG karate.org.apache.http.wire - http-outgoing-3 << "        },[\n]"
20:02:15.746 [main] DEBUG karate.org.apache.http.wire - http-outgoing-3 << "        {[\n]"
20:02:15.746 [main] DEBUG karate.org.apache.http.wire - http-outgoing-3 << "          "ServiceId": 3058,[\n]"
20:02:15.746 [main] DEBUG karate.org.apache.http.wire - http-outgoing-3 << "          "ParentId": 43,[\n]"
20:02:15.746 [main] DEBUG karate.org.apache.http.wire - http-outgoing-3 << "          "ServiceTypeId": 12,[\n]"
20:02:15.746 [main] DEBUG karate.org.apache.http.wire - http-outgoing-3 << "          "ServiceValue": false,[\n]"
20:02:15.746 [main] DEBUG karate.org.apache.http.wire - http-outgoing-3 << "          "ServiceTypeCode": "USDCurrency",[\n]"
20:02:15.746 [main] DEBUG karate.org.apache.http.wire - http-outgoing-3 << "          "ServiceTypeTitle": "USD Currency""
20:02:15.746 [main] DEBUG karate.org.apache.http.wire - http-outgoing-3 << ",[\n]"
20:02:15.746 [main] DEBUG karate.org.apache.http.wire - http-outgoing-3 << "          "ServiceTypeDesc": "Offers USD Currency?"[\n]"
20:02:15.746 [main] DEBUG karate.org.apache.http.wire - http-outgoing-3 << "        },[\n]"
20:02:15.746 [main] DEBUG karate.org.apache.http.wire - http-outgoing-3 << "        {[\n]"
20:02:15.746 [main] DEBUG karate.org.apache.http.wire - http-outgoing-3 << "          "ServiceId": 5058,[\n]"
20:02:15.746 [main] DEBUG karate.org.apache.http.wire - http-outgoing-3 << "          "ParentId": 43,[\n]"
20:02:15.746 [main] DEBUG karate.org.apache.http.wire - http-outgoing-3 << "          "ServiceTypeId": 1012,[\n]"
20:02:15.746 [main] DEBUG karate.org.apache.http.wire - http-outgoing-3 << "          "ServiceValue": false,[\n]"
20:02:15.746 [main] DEBUG karate.org.apache.http.wire - http-outgoing-3 << "          "ServiceTypeCode": "DepositAutomation",[\n]"
20:02:15.746 [main] DEBUG karate.org.apache.http.wire - http-outgoing-3 << "          "ServiceTypeTitle": "Deposit Automation",[\n]"
20:02:15.746 [main] DEBUG karate.org.apache.http.wire - http-outgoing-3 << "          "ServiceTypeDesc": "Offers Deposit Automation?"[\n]"
20:02:15.746 [main] DEBUG karate.org.apache.http.wire - http-outgoing-3 << "        }[\n]"
20:02:15.746 [main] DEBUG karate.org.apache.http.wire - http-outgoing-3 << "      ],[\n]"
20:02:15.746 [main] DEBUG karate.org.apache.http.wire - http-outgoing-3 << "      "ATMId": 43,[\n]"
20:02:15.746 [main] DEBUG karate.org.apache.http.wire - http-outgoing-3 << "      "ATMNumber": "A001N942",[\n]"
20:02:15.746 [main] DEBUG karate.org.apache.http.wire - http-outgoing-3 << "      "ATMName": "Red Deer - Parkland Square",[\n]"
20:02:15.746 [main] DEBUG karate.org.apache.http.wire - http-outgoing-3 << "      "ModelNumber": "6634",[\n]"
20:02:15.746 [main] DEBUG karate.org.apache.http.wire - http-outgoing-3 << "      "SerialNumber": "30-49760734",[\n]"
20:02:15.746 [main] DEBUG karate.org.apache.http.wire - http-outgoing-3 << "      "LockSerial": "23789019",[\n]"
20:02:15.746 [main] DEBUG karate.org.apache.http.wire - http-outgoing-3 << "      "MainProvider": "NCR",[\n]"
20:02:15.746 [main] DEBUG karate.org.apache.http.wire - http-outgoing-3 << "      "SoftwareVersion": "Canadian Standard Activate V2.0",[\n]"
20:02:15.746 [main] DEBUG karate.org.apache.http.wire - http-outgoing-3 << "      "ATMAddress": "4901 48 Street",[\n]"
20:02:15.746 [main] DEBUG karate.org.apache.http.wire - http-outgoing-3 << "      "Latitude": null,[\n]"
20:02:15.746 [main] DEBUG karate.org.apache.http.wire - http-outgoing-3 << "      "Longitude": null,[\n]"
20:02:15.746 [main] DEBUG karate.org.apache.http.wire - http-outgoing-3 << "      "IPAddress": "10.102.242.11",[\n]"
20:02:15.746 [main] DEBUG karate.org.apache.http.wire - http-outgoing-3 << "      "Gateway": "10.102.242.1",[\n]"
20:02:15.746 [main] DEBUG karate.org.apache.http.wire - http-outgoing-3 << "      "Subnet": "255.255.255.224",[\n]"
20:02:15.746 [main] DEBUG karate.org.apache.http.wire - http-outgoing-3 << "      "OriginalInstallDate": "September 10, 2015",[\n]"
20:02:15.746 [main] DEBUG karate.org.apache.http.wire - http-outgoing-3 << "      "EPPModelNumber": "5815 EPP",[\n]"
20:02:15.746 [main] DEBUG karate.org.apache.http.wire - http-outgoing-3 << "      "EPPCertificateNumber": "PCI 4-20264",[\n]"
20:02:15.746 [main] DEBUG karate.org.apache.http.wire - http-outgoing-3 << "      "EPPPartNumber": "009-0028973",[\n]"
20:02:15.746 [main] DEBUG karate.org.apache.http.wire - http-outgoing-3 << "    "
20:02:15.746 [main] DEBUG karate.org.apache.http.wire - http-outgoing-3 << "  "EPPVersionNumber": "INTL_61",[\n]"
20:02:15.747 [main] DEBUG karate.org.apache.http.wire - http-outgoing-3 << "      "EPPInstallDate": null,[\n]"
20:02:15.747 [main] DEBUG karate.org.apache.http.wire - http-outgoing-3 << "      "ReplacementDate": null,[\n]"
20:02:15.747 [main] DEBUG karate.org.apache.http.wire - http-outgoing-3 << "      "IsAddressSameAsBranch": true,[\n]"
20:02:15.747 [main] DEBUG karate.org.apache.http.wire - http-outgoing-3 << "      "ATMImageName": null,[\n]"
20:02:15.747 [main] DEBUG karate.org.apache.http.wire - http-outgoing-3 << "      "Notes": null,[\n]"
20:02:15.747 [main] DEBUG karate.org.apache.http.wire - http-outgoing-3 << "      "InternalNotes": null,[\n]"
20:02:15.747 [main] DEBUG karate.org.apache.http.wire - http-outgoing-3 << "      "BranchName": "Parkland Square",[\n]"
20:02:15.747 [main] DEBUG karate.org.apache.http.wire - http-outgoing-3 << "      "IsActive": true,[\n]"
20:02:15.747 [main] DEBUG karate.org.apache.http.wire - http-outgoing-3 << "      "PostalCode": null,[\n]"
20:02:15.747 [main] DEBUG karate.org.apache.http.wire - http-outgoing-3 << "      "BranchCityId": 49,[\n]"
20:02:15.747 [main] DEBUG karate.org.apache.http.wire - http-outgoing-3 << "      "BranchAddress": "4901 48 Street",[\n]"
20:02:15.747 [main] DEBUG karate.org.apache.http.wire - http-outgoing-3 << "      "Brinks": null,[\n]"
20:02:15.747 [main] DEBUG karate.org.apache.http.wire - http-outgoing-3 << "      "BalancedBy": null,[\n]"
20:02:15.747 [main] DEBUG karate.org.apache.http.wire - http-outgoing-3 << "      "Cassette1": null,[\n]"
20:02:15.747 [main] DEBUG karate.org.apache.http.wire - http-outgoing-3 << "      "Cassette2": null,[\n]"
20:02:15.747 [main] DEBUG karate.org.apache.http.wire - http-outgoing-3 << "      "Cassette3": null,[\n]"
20:02:15.747 [main] DEBUG karate.org.apache.http.wire - http-outgoing-3 << "      "Cassette4": null[\n]"
20:02:15.747 [main] DEBUG karate.org.apache.http.wire - http-outgoing-3 << "    },[\n]"
20:02:15.747 [main] DEBUG karate.org.apache.http.wire - http-outgoing-3 << "    {[\n]"
20:02:15.747 [main] DEBUG karate.org.apache.http.wire - http-outgoing-3 << "      "CityName": "Red Deer",[\n]"
20:02:15.747 [main] DEBUG karate.org.apache.http.wire - http-outgoing-3 << "      "CityId": null,[\n]"
20:02:15.747 [main] DEBUG karate.org.apache.http.wire - http-outgoing-3 << "      "ATMMakeId": 1,[\n]"
20:02:15.747 [main] DEBUG karate.org.apache.http.wire - http-outgoing-3 << "      "LockMakeId": 1,[\n]"
20:02:15.747 [main] DEBUG karate.org.apache.http.wire - http-outgoing-3 << "      "AlarmVendorId": 1,[\n]"
20:02:15.747 [main] DEBUG karate.org.apache.http.wire - http-outgoing-3 << "      "BranchId": null,[\n]"
20:02:15.747 [main] DEBUG karate.org.apache.http.wire - http-outgoing-3 << "      "AlarmVendor": {[\n]"
20:02:15.747 [main] DEBUG karate.org.apache.http.wire - http-outgoing-3 << "        "AlarmVendorId": 1,[\n]"
20:02:15.747 [main] DEBUG karate.org.apache.http.wire - http-outgoing-3 << "        "VendorName": "Tyco"[\n]"
20:02:15.747 [main] DEBUG karate.org.apache.http.wire - http-outgoing-3 << "      },[\n]"
20:02:15.747 [main] DEBUG karate.org.apache.http.wire - http-outgoing-3 << "      "ATMMake": {[\n]"
20:02:15.747 [main] DEBUG karate.org.apache.http.wire - http-outgoing-3 << "        "ATMMakeId": 1,[\n]"
20:02:15.747 [main] DEBUG karate.org.apache.http.wire - http-outgoing-3 << "        "MakeBrand": "Diebold"[\n]"
20:02:15.747 [main] DEBUG karate.org.apache.http.wire - http-outgoing-3 << "      },[\n]"
20:02:15.747 [main] DEBUG karate.org.apache.http.wire - http-outgoing-3 << "      "LockMake": {[\n]"
20:02:15.747 [main] DEBUG karate.org.apache.http.wire - http-outgoing-3 << "        "LockMakeId": 1,[\n]"
20:02:15.747 [main] DEBUG karate.org.apache.http.wire - http-outgoing-3 << "        "LockBrand": "Cencon Mas-Hamilton"[\n]"
20:02:15.747 [main] DEBUG karate.org.apache.http.wire - http-outgoing-3 << "      },[\n]"
20:02:15.747 [main] DEBUG karate.org.apache.http.wire - http-outgoing-3 << "      "Branch": null,[\n]"
20:02:15.747 [main] DEBUG karate.org.apache.http.wire - http-outgoing-3 << "      "ATMHours": [[\n]"
20:02:15.747 [main] DEBUG karate.org.apache.http.wire - http-outgoing-3 << "        [\n]"
20:02:15.747 [main] DEBUG karate.org.apache.http.wire - http-outgoing-3 << "      ],[\n]"
20:02:15.747 [main] DEBUG karate.org.apache.http.wire - http-outgoing-3 << "      "ATMServices": [[\n]"
20:02:15.747 [main] DEBUG karate.org.apache.http.wire - http-outgoing-3 << "        {[\n]"
20:02:15.747 [main] DEBUG karate.org.apache.http.wire - http-outgoing-3 << "          "ServiceId": 3158,[\n]"
20:02:15.747 [main] DEBUG karate.org.apache.http.wire - http-outgoing-3 << "          "ParentId": 151,[\n]"
20:02:15.747 [main] DEBUG karate.org.apache.http.wire - http-outgoing-3 << "          "ServiceTypeId": 12,[\n]"
20:02:15.747 [main] DEBUG karate.org.apache.http.wire - http-outgoing-3 << "          "ServiceValue": false,[\n]"
20:02:15.747 [main] DEBUG karate.org.apache.http.wire - http-outgoing-3 << "          "ServiceTypeCode": "USDCurrency",[\n]"
20:02:15.747 [main] DEBUG karate.org.apache.http.wire - http-outgoing-3 << "          "ServiceTypeTitle": "USD Currency",[\n]"
20:02:15.748 [main] DEBUG karate.org.apache.http.wire - http-outgoing-3 << "          "ServiceTypeDesc": "Offers USD Currency?"[\n]"
20:02:15.748 [main] DEBUG karate.org.apache.http.wire - http-outgoing-3 << "        },[\n]"
20:02:15.748 [main] DEBUG karate.org.apache.http.wire - http-outgoing-3 << "        {[\n]"
20:02:15.748 [main] DEBUG karate.org.apache.http.wire - http-outgoing-3 << "          "ServiceId": 5158,[\n]"
20:02:15.748 [main] DEBUG karate.org.apache.http.wire - http-outgoing-3 << "          "ParentId": 151,[\n]"
20:02:15.748 [main] DEBUG karate.org.apache.http.wire - http-outgoing-3 << "          "ServiceTypeId": 1012,[\n]"
20:02:15.748 [main] DEBUG karate.org.apache.http.wire - http-outgoing-3 << "          "ServiceValue": false,[\n]"
20:02:15.748 [main] DEBUG karate.org.apache.http.wire - http-outgoing-3 << "          "ServiceTypeCode": "DepositAutomation",[\n]"
20:02:15.748 [main] DEBUG karate.org.apache.http.wire - http-outgoing-3 << "          "ServiceTypeTitle": "Deposit Automation",[\n]"
20:02:15.748 [main] DEBUG karate.org.apache.http.wire - http-outgoing-3 << "          "ServiceTypeDesc": "Offers Deposit Automation?"[\n]"
20:02:15.748 [main] DEBUG karate.org.apache.http.wire - http-outgoing-3 << "        }[\n]"
20:02:15.748 [main] DEBUG karate.org.apache.http.wire - http-outgoing-3 << "      ],[\n]"
20:02:15.748 [main] DEBUG karate.org.apache.http.wire - http-outgoing-3 << "      "ATMId": 151,[\n]"
20:02:15.748 [main] DEBUG karate.org.apache.http.wire - http-outgoing-3 << "      "ATMNumber": "A186D790",[\n]"
20:02:15.748 [main] DEBUG karate.org.apache.http.wire - http-outgoing-3 << "      "ATMName": "ATM - Red Deer",[\n]"
20:02:15.748 [main] DEBUG karate.org.apache.http.wire - http-outgoing-3 << "      "ModelNumber": "1062ix",[\n]"
20:02:15.748 [main] DEBUG karate.org.apache.http.wire - http-outgoing-3 << "      "SerialNumber": "47824123743",[\n]"
20:02:15.748 [main] DEBUG karate.org.apache.http.wire - http-outgoing-3 << "      "LockSerial": null,[\n]"
20:02:15.748 [main] DEBUG karate.org.apache.http.wire - http-outgoing-3 << "      "MainProvider": null,[\n]"
20:02:15.748 [main] DEBUG karate.org.apache.http.wire - http-outgoing-3 << "      "SoftwareVersion": null,[\n]"
20:02:15.748 [main] DEBUG karate.org.apache.http.wire - http-outgoing-3 << "      "ATMAddress": "5022- 47 Ave",[\n]"
20:02:15.748 [main] DEBUG karate.org.apache.http.wire - http-outgoing-3 << "      "Latitude": "52.269662",[\n]"
20:02:15.748 [main] DEBUG karate.org.apache.http.wire - http-outgoing-3 << "      "Longitude": "-113.804935",[\n]"
20:02:15.748 [main] DEBUG karate.org.apache.http.wire - http-outgoing-3 << "      "IPAddress": null,[\n]"
20:02:15.748 [main] DEBUG karate.org.apache.http.wire - http-outgoing-3 << "      "Gateway": null,[\n]"
20:02:15.748 [main] DEBUG karate.org.apache.http.wire - http-outgoing-3 << "      "Subnet": null,[\n]"
20:02:15.748 [main] DEBUG karate.org.apache.http.wire - http-outgoing-3 << "      "OriginalInsta"
20:02:15.748 [main] DEBUG karate.org.apache.http.wire - http-outgoing-3 << "llDate": "13/08/2000",[\n]"
20:02:15.748 [main] DEBUG karate.org.apache.http.wire - http-outgoing-3 << "      "EPPModelNumber": null,[\n]"
20:02:15.748 [main] DEBUG karate.org.apache.http.wire - http-outgoing-3 << "      "EPPCertificateNumber": null,[\n]"
20:02:15.748 [main] DEBUG karate.org.apache.http.wire - http-outgoing-3 << "      "EPPPartNumber": null,[\n]"
20:02:15.748 [main] DEBUG karate.org.apache.http.wire - http-outgoing-3 << "      "EPPVersionNumber": null,[\n]"
20:02:15.748 [main] DEBUG karate.org.apache.http.wire - http-outgoing-3 << "      "EPPInstallDate": null,[\n]"
20:02:15.748 [main] DEBUG karate.org.apache.http.wire - http-outgoing-3 << "      "ReplacementDate": null,[\n]"
20:02:15.748 [main] DEBUG karate.org.apache.http.wire - http-outgoing-3 << "      "IsAddressSameAsBranch": false,[\n]"
20:02:15.748 [main] DEBUG karate.org.apache.http.wire - http-outgoing-3 << "      "ATMImageName": null,[\n]"
20:02:15.748 [main] DEBUG karate.org.apache.http.wire - http-outgoing-3 << "      "Notes": null,[\n]"
20:02:15.748 [main] DEBUG karate.org.apache.http.wire - http-outgoing-3 << "      "InternalNotes": null,[\n]"
20:02:15.748 [main] DEBUG karate.org.apache.http.wire - http-outgoing-3 << "      "BranchName": null,[\n]"
20:02:15.748 [main] DEBUG karate.org.apache.http.wire - http-outgoing-3 << "      "IsActive": false,[\n]"
20:02:15.748 [main] DEBUG karate.org.apache.http.wire - http-outgoing-3 << "      "PostalCode": "",[\n]"
20:02:15.748 [main] DEBUG karate.org.apache.http.wire - http-outgoing-3 << "      "BranchCityId": null,[\n]"
20:02:15.748 [main] DEBUG karate.org.apache.http.wire - http-outgoing-3 << "      "BranchAddress": "",[\n]"
20:02:15.748 [main] DEBUG karate.org.apache.http.wire - http-outgoing-3 << "      "Brinks": null,[\n]"
20:02:15.748 [main] DEBUG karate.org.apache.http.wire - http-outgoing-3 << "      "BalancedBy": null,[\n]"
20:02:15.748 [main] DEBUG karate.org.apache.http.wire - http-outgoing-3 << "      "Cassette1": null,[\n]"
20:02:15.749 [main] DEBUG karate.org.apache.http.wire - http-outgoing-3 << "      "Cassette2": null,[\n]"
20:02:15.749 [main] DEBUG karate.org.apache.http.wire - http-outgoing-3 << "      "Cassette3": null,[\n]"
20:02:15.749 [main] DEBUG karate.org.apache.http.wire - http-outgoing-3 << "      "Cassette4": null[\n]"
20:02:15.749 [main] DEBUG karate.org.apache.http.wire - http-outgoing-3 << "    }[\n]"
20:02:15.749 [main] DEBUG karate.org.apache.http.wire - http-outgoing-3 << "  ][\n]"
20:02:15.749 [main] DEBUG karate.org.apache.http.wire - http-outgoing-3 << "}"
20:02:15.749 [main] DEBUG karate.org.apache.http.impl.conn.PoolingHttpClientConnectionManager - Connection [id: 3][route: {s}->https://village-branch-directory-xapi.ca-c1.cloudhub.io:443] can be kept alive indefinitely
20:02:15.749 [main] DEBUG karate.org.apache.http.impl.conn.DefaultManagedHttpClientConnection - http-outgoing-3: set socket timeout to 0
20:02:15.749 [main] DEBUG karate.org.apache.http.impl.conn.PoolingHttpClientConnectionManager - Connection released: [id: 3][route: {s}->https://village-branch-directory-xapi.ca-c1.cloudhub.io:443][total available: 1; route allocated: 1 of 5; total allocated: 1 of 10]
20:02:15.750 [main] DEBUG com.intuit.karate - response time in milliseconds: 1949
1 < 200
1 < Content-Type: application/json; charset=UTF-8
1 < Date: Mon, 17 Apr 2023 14:32:15 GMT
1 < Server: nginx
1 < Content-Length: 58017
1 < Connection: keep-alive
{
  "Total": 14,
  "Messages": [
    
  ],
  "ApiVersionNumber": "1.3.0.0",
  "IsSuccess": true,
  "Response": [
    {
      "CityName": "Red Deer",
      "CityId": null,
      "ATMMakeId": 3,
      "LockMakeId": 3,
      "AlarmVendorId": 1,
      "BranchId": 18,
      "AlarmVendor": {
        "AlarmVendorId": 1,
        "VendorName": "Tyco"
      },
      "ATMMake": {
        "ATMMakeId": 3,
        "MakeBrand": "Unknown"
      },
      "LockMake": {
        "LockMakeId": 3,
        "LockBrand": "Unknown"
      },
      "Branch": null,
      "ATMHours": [
        
      ],
      "ATMServices": [
        {
          "ServiceId": 3039,
          "ParentId": 23,
          "ServiceTypeId": 12,
          "ServiceValue": false,
          "ServiceTypeCode": "USDCurrency",
          "ServiceTypeTitle": "USD Currency",
          "ServiceTypeDesc": "Offers USD Currency?"
        },
        {
          "ServiceId": 5039,
          "ParentId": 23,
          "ServiceTypeId": 1012,
          "ServiceValue": false,
          "ServiceTypeCode": "DepositAutomation",
          "ServiceTypeTitle": "Deposit Automation",
          "ServiceTypeDesc": "Offers Deposit Automation?"
        }
      ],
      "ATMId": 23,
      "ATMNumber": null,
      "ATMName": "Red Deer - Regional Office",
      "ModelNumber": null,
      "SerialNumber": null,
      "LockSerial": null,
      "MainProvider": null,
      "SoftwareVersion": null,
      "ATMAddress": "601- 4901 48 Street",
      "Latitude": null,
      "Longitude": null,
      "IPAddress": null,
      "Gateway": null,
      "Subnet": null,
      "OriginalInstallDate": null,
      "EPPModelNumber": null,
      "EPPCertificateNumber": null,
      "EPPPartNumber": null,
      "EPPVersionNumber": null,
      "EPPInstallDate": null,
      "ReplacementDate": null,
      "IsAddressSameAsBranch": true,
      "ATMImageName": null,
      "Notes": null,
      "InternalNotes": null,
      "BranchName": "Administration",
      "IsActive": false,
      "PostalCode": "",
      "BranchCityId": 49,
      "BranchAddress": "601- 4901 48 Street",
      "Brinks": null,
      "BalancedBy": null,
      "Cassette1": null,
      "Cassette2": null,
      "Cassette3": null,
      "Cassette4": null
    },
    {
      "CityName": "Red Deer",
      "CityId": null,
      "ATMMakeId": 1,
      "LockMakeId": 1,
      "AlarmVendorId": 1,
      "BranchId": 45,
      "AlarmVendor": {
        "AlarmVendorId": 1,
        "VendorName": "Tyco"
      },
      "ATMMake": {
        "ATMMakeId": 1,
        "MakeBrand": "Diebold"
      },
      "LockMake": {
        "LockMakeId": 1,
        "LockBrand": "Cencon Mas-Hamilton"
      },
      "Branch": null,
      "ATMHours": [
        {
          "HourId": 4765,
          "ParentId": 124,
          "DayOfWeek": "Monday",
          "OpenTime": null,
          "CloseTime": null,
          "Comments": null,
          "IsClosed": true
        },
        {
          "HourId": 4766,
          "ParentId": 124,
          "DayOfWeek": "Tuesday",
          "OpenTime": null,
          "CloseTime": null,
          "Comments": null,
          "IsClosed": true
        },
        {
          "HourId": 4767,
          "ParentId": 124,
          "DayOfWeek": "Wednesday",
          "OpenTime": null,
          "CloseTime": null,
          "Comments": null,
          "IsClosed": true
        },
        {
          "HourId": 4768,
          "ParentId": 124,
          "DayOfWeek": "Thursday",
          "OpenTime": null,
          "CloseTime": null,
          "Comments": null,
          "IsClosed": true
        },
        {
          "HourId": 4769,
          "ParentId": 124,
          "DayOfWeek": "Friday",
          "OpenTime": null,
          "CloseTime": null,
          "Comments": null,
          "IsClosed": true
        },
        {
          "HourId": 4770,
          "ParentId": 124,
          "DayOfWeek": "Saturday",
          "OpenTime": null,
          "CloseTime": null,
          "Comments": null,
          "IsClosed": true
        },
        {
          "HourId": 4771,
          "ParentId": 124,
          "DayOfWeek": "Sunday",
          "OpenTime": null,
          "CloseTime": null,
          "Comments": null,
          "IsClosed": true
        }
      ],
      "ATMServices": [
        {
          "ServiceId": 125,
          "ParentId": 124,
          "ServiceTypeId": 8,
          "ServiceValue": true,
          "ServiceTypeCode": "DriveThru",
          "ServiceTypeTitle": "Drive Thru",
          "ServiceTypeDesc": "Has DriveThru?"
        },
        {
          "ServiceId": 126,
          "ParentId": 124,
          "ServiceTypeId": 9,
          "ServiceValue": false,
          "ServiceTypeCode": "Camera",
          "ServiceTypeTitle": "Camera",
          "ServiceTypeDesc": "Has Camera?"
        },
        {
          "ServiceId": 127,
          "ParentId": 124,
          "ServiceTypeId": 10,
          "ServiceValue": true,
          "ServiceTypeCode": "FullService",
          "ServiceTypeTitle": "Full Service",
          "ServiceTypeDesc": "Is Full Service?"
        },
        {
          "ServiceId": 128,
          "ParentId": 124,
          "ServiceTypeId": 11,
          "ServiceValue": true,
          "ServiceTypeCode": "24Hours",
          "ServiceTypeTitle": "24 Hours",
          "ServiceTypeDesc": "Is 24 Hours?"
        },
        {
          "ServiceId": 3133,
          "ParentId": 124,
          "ServiceTypeId": 12,
          "ServiceValue": false,
          "ServiceTypeCode": "USDCurrency",
          "ServiceTypeTitle": "USD Currency",
          "ServiceTypeDesc": "Offers USD Currency?"
        },
        {
          "ServiceId": 5133,
          "ParentId": 124,
          "ServiceTypeId": 1012,
          "ServiceValue": false,
          "ServiceTypeCode": "DepositAutomation",
          "ServiceTypeTitle": "Deposit Automation",
          "ServiceTypeDesc": "Offers Deposit Automation?"
        }
      ],
      "ATMId": 124,
      "ATMNumber": "A001D759",
      "ATMName": "Red Deer - Taylor Plaza",
      "ModelNumber": "740",
      "SerialNumber": "1740R3306929",
      "LockSerial": "585357",
      "MainProvider": "Diebold",
      "SoftwareVersion": "Vista 5.4.5",
      "ATMAddress": "400-6730 Taylor Drive",
      "Latitude": null,
      "Longitude": null,
      "IPAddress": "10.101.97.11",
      "Gateway": "10.101.97.1",
      "Subnet": "255.255.255.224",
      "OriginalInstallDate": "March 30, 2007",
      "EPPModelNumber": "EPP 7",
      "EPPCertificateNumber": "PCI 4-20269",
      "EPPPartNumber": "49249441723B",
      "EPPVersionNumber": "414 2020 R1X",
      "EPPInstallDate": null,
      "ReplacementDate": null,
      "IsAddressSameAsBranch": true,
      "ATMImageName": null,
      "Notes": null,
      "InternalNotes": null,
      "BranchName": "Taylor Plaza",
      "IsActive": true,
      "PostalCode": null,
      "BranchCityId": 49,
      "BranchAddress": "400-6730 Taylor Drive",
      "Brinks": null,
      "BalancedBy": null,
      "Cassette1": null,
      "Cassette2": null,
      "Cassette3": null,
      "Cassette4": null
    },
    {
      "CityName": "Red Deer",
      "CityId": null,
      "ATMMakeId": 1,
      "LockMakeId": 1,
      "AlarmVendorId": 1,
      "BranchId": 45,
      "AlarmVendor": {
        "AlarmVendorId": 1,
        "VendorName": "Tyco"
      },
      "ATMMake": {
        "ATMMakeId": 1,
        "MakeBrand": "Diebold"
      },
      "LockMake": {
        "LockMakeId": 1,
        "LockBrand": "Cencon Mas-Hamilton"
      },
      "Branch": null,
      "ATMHours": [
        {
          "HourId": 912,
          "ParentId": 51,
          "DayOfWeek": "Monday",
          "OpenTime": "09:30:00",
          "CloseTime": "17:00:00",
          "Comments": null,
          "IsClosed": false
        },
        {
          "HourId": 913,
          "ParentId": 51,
          "DayOfWeek": "Tuesday",
          "OpenTime": "09:30:00",
          "CloseTime": "17:00:00",
          "Comments": null,
          "IsClosed": false
        },
        {
          "HourId": 914,
          "ParentId": 51,
          "DayOfWeek": "Wednesday",
          "OpenTime": "09:30:00",
          "CloseTime": "17:00:00",
          "Comments": null,
          "IsClosed": false
        },
        {
          "HourId": 915,
          "ParentId": 51,
          "DayOfWeek": "Thursday",
          "OpenTime": "09:30:00",
          "CloseTime": "19:00:00",
          "Comments": null,
          "IsClosed": false
        },
        {
          "HourId": 916,
          "ParentId": 51,
          "DayOfWeek": "Friday",
          "OpenTime": "09:30:00",
          "CloseTime": "18:00:00",
          "Comments": null,
          "IsClosed": false
        },
        {
          "HourId": 917,
          "ParentId": 51,
          "DayOfWeek": "Saturday",
          "OpenTime": "09:30:00",
          "CloseTime": "15:00:00",
          "Comments": null,
          "IsClosed": false
        },
        {
          "HourId": 918,
          "ParentId": 51,
          "DayOfWeek": "Sunday",
          "OpenTime": null,
          "CloseTime": null,
          "Comments": null,
          "IsClosed": true
        }
      ],
      "ATMServices": [
        {
          "ServiceId": 73,
          "ParentId": 51,
          "ServiceTypeId": 8,
          "ServiceValue": false,
          "ServiceTypeCode": "DriveThru",
          "ServiceTypeTitle": "Drive Thru",
          "ServiceTypeDesc": "Has DriveThru?"
        },
        {
          "ServiceId": 74,
          "ParentId": 51,
          "ServiceTypeId": 9,
          "ServiceValue": false,
          "ServiceTypeCode": "Camera",
          "ServiceTypeTitle": "Camera",
          "ServiceTypeDesc": "Has Camera?"
        },
        {
          "ServiceId": 75,
          "ParentId": 51,
          "ServiceTypeId": 10,
          "ServiceValue": true,
          "ServiceTypeCode": "FullService",
          "ServiceTypeTitle": "Full Service",
          "ServiceTypeDesc": "Is Full Service?"
        },
        {
          "ServiceId": 76,
          "ParentId": 51,
          "ServiceTypeId": 11,
          "ServiceValue": false,
          "ServiceTypeCode": "24Hours",
          "ServiceTypeTitle": "24 Hours",
          "ServiceTypeDesc": "Is 24 Hours?"
        },
        {
          "ServiceId": 3066,
          "ParentId": 51,
          "ServiceTypeId": 12,
          "ServiceValue": false,
          "ServiceTypeCode": "USDCurrency",
          "ServiceTypeTitle": "USD Currency",
          "ServiceTypeDesc": "Offers USD Currency?"
        },
        {
          "ServiceId": 5066,
          "ParentId": 51,
          "ServiceTypeId": 1012,
          "ServiceValue": false,
          "ServiceTypeCode": "DepositAutomation",
          "ServiceTypeTitle": "Deposit Automation",
          "ServiceTypeDesc": "Offers Deposit Automation?"
        }
      ],
      "ATMId": 51,
      "ATMNumber": "A001D760",
      "ATMName": "Red Deer - Taylor Plaza",
      "ModelNumber": "720",
      "SerialNumber": "1720V33-02254",
      "LockSerial": "821307",
      "MainProvider": "Diebold",
      "SoftwareVersion": "Vista 5.4.5",
      "ATMAddress": "400-6730 Taylor Drive",
      "Latitude": null,
      "Longitude": null,
      "IPAddress": "10.101.97.12",
      "Gateway": "10.101.97.1",
      "Subnet": "255.255.255.224",
      "OriginalInstallDate": "March 30, 2007",
      "EPPModelNumber": "EPP 7",
      "EPPCertificateNumber": "PCI 4-20269",
      "EPPPartNumber": "49249441723B",
      "EPPVersionNumber": "414-2020 R1X",
      "EPPInstallDate": null,
      "ReplacementDate": null,
      "IsAddressSameAsBranch": true,
      "ATMImageName": null,
      "Notes": null,
      "InternalNotes": null,
      "BranchName": "Taylor Plaza",
      "IsActive": true,
      "PostalCode": null,
      "BranchCityId": 49,
      "BranchAddress": "400-6730 Taylor Drive",
      "Brinks": null,
      "BalancedBy": null,
      "Cassette1": null,
      "Cassette2": null,
      "Cassette3": null,
      "Cassette4": null
    },
    {
      "CityName": "Red Deer",
      "CityId": null,
      "ATMMakeId": 1,
      "LockMakeId": 1,
      "AlarmVendorId": 1,
      "BranchId": 28,
      "AlarmVendor": {
        "AlarmVendorId": 1,
        "VendorName": "Tyco"
      },
      "ATMMake": {
        "ATMMakeId": 1,
        "MakeBrand": "Diebold"
      },
      "LockMake": {
        "LockMakeId": 1,
        "LockBrand": "Cencon Mas-Hamilton"
      },
      "Branch": null,
      "ATMHours": [
        {
          "HourId": 4716,
          "ParentId": 33,
          "DayOfWeek": "Monday",
          "OpenTime": null,
          "CloseTime": null,
          "Comments": null,
          "IsClosed": true
        },
        {
          "HourId": 4717,
          "ParentId": 33,
          "DayOfWeek": "Tuesday",
          "OpenTime": null,
          "CloseTime": null,
          "Comments": null,
          "IsClosed": true
        },
        {
          "HourId": 4718,
          "ParentId": 33,
          "DayOfWeek": "Wednesday",
          "OpenTime": null,
          "CloseTime": null,
          "Comments": null,
          "IsClosed": true
        },
        {
          "HourId": 4719,
          "ParentId": 33,
          "DayOfWeek": "Thursday",
          "OpenTime": null,
          "CloseTime": null,
          "Comments": null,
          "IsClosed": true
        },
        {
          "HourId": 4720,
          "ParentId": 33,
          "DayOfWeek": "Friday",
          "OpenTime": null,
          "CloseTime": null,
          "Comments": null,
          "IsClosed": true
        },
        {
          "HourId": 4721,
          "ParentId": 33,
          "DayOfWeek": "Saturday",
          "OpenTime": null,
          "CloseTime": null,
          "Comments": null,
          "IsClosed": true
        },
        {
          "HourId": 4722,
          "ParentId": 33,
          "DayOfWeek": "Sunday",
          "OpenTime": null,
          "CloseTime": null,
          "Comments": null,
          "IsClosed": true
        }
      ],
      "ATMServices": [
        {
          "ServiceId": 37,
          "ParentId": 33,
          "ServiceTypeId": 8,
          "ServiceValue": true,
          "ServiceTypeCode": "DriveThru",
          "ServiceTypeTitle": "Drive Thru",
          "ServiceTypeDesc": "Has DriveThru?"
        },
        {
          "ServiceId": 38,
          "ParentId": 33,
          "ServiceTypeId": 9,
          "ServiceValue": true,
          "ServiceTypeCode": "Camera",
          "ServiceTypeTitle": "Camera",
          "ServiceTypeDesc": "Has Camera?"
        },
        {
          "ServiceId": 39,
          "ParentId": 33,
          "ServiceTypeId": 10,
          "ServiceValue": true,
          "ServiceTypeCode": "FullService",
          "ServiceTypeTitle": "Full Service",
          "ServiceTypeDesc": "Is Full Service?"
        },
        {
          "ServiceId": 40,
          "ParentId": 33,
          "ServiceTypeId": 11,
          "ServiceValue": true,
          "ServiceTypeCode": "24Hours",
          "ServiceTypeTitle": "24 Hours",
          "ServiceTypeDesc": "Is 24 Hours?"
        },
        {
          "ServiceId": 3049,
          "ParentId": 33,
          "ServiceTypeId": 12,
          "ServiceValue": true,
          "ServiceTypeCode": "USDCurrency",
          "ServiceTypeTitle": "USD Currency",
          "ServiceTypeDesc": "Offers USD Currency?"
        },
        {
          "ServiceId": 5049,
          "ParentId": 33,
          "ServiceTypeId": 1012,
          "ServiceValue": true,
          "ServiceTypeCode": "DepositAutomation",
          "ServiceTypeTitle": "Deposit Automation",
          "ServiceTypeDesc": "Offers Deposit Automation?"
        }
      ],
      "ATMId": 33,
      "ATMNumber": "A001D764",
      "ATMName": "Red Deer - Deer Park",
      "ModelNumber": "740",
      "SerialNumber": "1740RGR13363",
      "LockSerial": "1038134",
      "MainProvider": "Diebold",
      "SoftwareVersion": "Vista 5.4.5",
      "ATMAddress": "4- 69 Dunlop Street",
      "Latitude": "-0.215",
      "Longitude": "2.369",
      "IPAddress": "10.101.93.12",
      "Gateway": "10.101.93.1",
      "Subnet": "255.255.255.224",
      "OriginalInstallDate": "December 07, 2006",
      "EPPModelNumber": "EPP 7",
      "EPPCertificateNumber": "PCI 4-20269",
      "EPPPartNumber": "49249441723B",
      "EPPVersionNumber": "414-2020 R1X",
      "EPPInstallDate": null,
      "ReplacementDate": null,
      "IsAddressSameAsBranch": true,
      "ATMImageName": null,
      "Notes": "Centralized ATM Processing\r\nBranch no access to ATM \r\nBrinks loads the cash.\r\nBrinks/BSS balances the deposits. \r\nBranch balances the cash GL. ",
      "InternalNotes": "Camera inside the ATM",
      "BranchName": "Deer Park",
      "IsActive": true,
      "PostalCode": null,
      "BranchCityId": 49,
      "BranchAddress": "4- 69 Dunlop Street",
      "Brinks": "TEST BRINK",
      "BalancedBy": "test balanced by apr",
      "Cassette1": "$@%@%@#%@%",
      "Cassette2": "1234567890",
      "Cassette3": "4534634537",
      "Cassette4": "1234567ds@"
    },
    {
      "CityName": "Red Deer",
      "CityId": null,
      "ATMMakeId": 1,
      "LockMakeId": 1,
      "AlarmVendorId": 1,
      "BranchId": 28,
      "AlarmVendor": {
        "AlarmVendorId": 1,
        "VendorName": "Tyco"
      },
      "ATMMake": {
        "ATMMakeId": 1,
        "MakeBrand": "Diebold"
      },
      "LockMake": {
        "LockMakeId": 1,
        "LockBrand": "Cencon Mas-Hamilton"
      },
      "Branch": null,
      "ATMHours": [
        {
          "HourId": 4723,
          "ParentId": 34,
          "DayOfWeek": "Monday",
          "OpenTime": null,
          "CloseTime": null,
          "Comments": null,
          "IsClosed": true
        },
        {
          "HourId": 4724,
          "ParentId": 34,
          "DayOfWeek": "Tuesday",
          "OpenTime": null,
          "CloseTime": null,
          "Comments": null,
          "IsClosed": true
        },
        {
          "HourId": 4725,
          "ParentId": 34,
          "DayOfWeek": "Wednesday",
          "OpenTime": null,
          "CloseTime": null,
          "Comments": null,
          "IsClosed": true
        },
        {
          "HourId": 4726,
          "ParentId": 34,
          "DayOfWeek": "Thursday",
          "OpenTime": null,
          "CloseTime": null,
          "Comments": null,
          "IsClosed": true
        },
        {
          "HourId": 4727,
          "ParentId": 34,
          "DayOfWeek": "Friday",
          "OpenTime": null,
          "CloseTime": null,
          "Comments": null,
          "IsClosed": true
        },
        {
          "HourId": 4728,
          "ParentId": 34,
          "DayOfWeek": "Saturday",
          "OpenTime": null,
          "CloseTime": null,
          "Comments": null,
          "IsClosed": true
        },
        {
          "HourId": 4729,
          "ParentId": 34,
          "DayOfWeek": "Sunday",
          "OpenTime": null,
          "CloseTime": null,
          "Comments": null,
          "IsClosed": true
        }
      ],
      "ATMServices": [
        {
          "ServiceId": 3050,
          "ParentId": 34,
          "ServiceTypeId": 12,
          "ServiceValue": false,
          "ServiceTypeCode": "USDCurrency",
          "ServiceTypeTitle": "USD Currency",
          "ServiceTypeDesc": "Offers USD Currency?"
        },
        {
          "ServiceId": 4082,
          "ParentId": 34,
          "ServiceTypeId": 11,
          "ServiceValue": false,
          "ServiceTypeCode": "24Hours",
          "ServiceTypeTitle": "24 Hours",
          "ServiceTypeDesc": "Is 24 Hours?"
        },
        {
          "ServiceId": 4083,
          "ParentId": 34,
          "ServiceTypeId": 9,
          "ServiceValue": false,
          "ServiceTypeCode": "Camera",
          "ServiceTypeTitle": "Camera",
          "ServiceTypeDesc": "Has Camera?"
        },
        {
          "ServiceId": 4084,
          "ParentId": 34,
          "ServiceTypeId": 8,
          "ServiceValue": false,
          "ServiceTypeCode": "DriveThru",
          "ServiceTypeTitle": "Drive Thru",
          "ServiceTypeDesc": "Has DriveThru?"
        },
        {
          "ServiceId": 4085,
          "ParentId": 34,
          "ServiceTypeId": 10,
          "ServiceValue": false,
          "ServiceTypeCode": "FullService",
          "ServiceTypeTitle": "Full Service",
          "ServiceTypeDesc": "Is Full Service?"
        },
        {
          "ServiceId": 5050,
          "ParentId": 34,
          "ServiceTypeId": 1012,
          "ServiceValue": false,
          "ServiceTypeCode": "DepositAutomation",
          "ServiceTypeTitle": "Deposit Automation",
          "ServiceTypeDesc": "Offers Deposit Automation?"
        }
      ],
      "ATMId": 34,
      "ATMNumber": "A001D938",
      "ATMName": "Red Deer - Deer Park",
      "ModelNumber": "1062ix",
      "SerialNumber": "0106205-43892",
      "LockSerial": "536017",
      "MainProvider": "Diebold",
      "SoftwareVersion": null,
      "ATMAddress": "4- 69 Dunlop Street",
      "Latitude": null,
      "Longitude": null,
      "IPAddress": "10.221.20.195",
      "Gateway": null,
      "Subnet": null,
      "OriginalInstallDate": "May 12, 2003",
      "EPPModelNumber": null,
      "EPPCertificateNumber": null,
      "EPPPartNumber": null,
      "EPPVersionNumber": null,
      "EPPInstallDate": null,
      "ReplacementDate": null,
      "IsAddressSameAsBranch": true,
      "ATMImageName": null,
      "Notes": "Centralized ATM Processing",
      "InternalNotes": "ATM Removed Sept 10, 2015",
      "BranchName": "Deer Park",
      "IsActive": false,
      "PostalCode": null,
      "BranchCityId": 49,
      "BranchAddress": "4- 69 Dunlop Street",
      "Brinks": null,
      "BalancedBy": null,
      "Cassette1": null,
      "Cassette2": null,
      "Cassette3": null,
      "Cassette4": null
    },
    {
      "CityName": "Red Deer",
      "CityId": null,
      "ATMMakeId": 1,
      "LockMakeId": 1,
      "AlarmVendorId": 1,
      "BranchId": 35,
      "AlarmVendor": {
        "AlarmVendorId": 1,
        "VendorName": "Tyco"
      },
      "ATMMake": {
        "ATMMakeId": 1,
        "MakeBrand": "Diebold"
      },
      "LockMake": {
        "LockMakeId": 1,
        "LockBrand": "Cencon Mas-Hamilton"
      },
      "Branch": null,
      "ATMHours": [
        
      ],
      "ATMServices": [
        {
          "ServiceId": 3200,
          "ParentId": 197,
          "ServiceTypeId": 12,
          "ServiceValue": false,
          "ServiceTypeCode": "USDCurrency",
          "ServiceTypeTitle": "USD Currency",
          "ServiceTypeDesc": "Offers USD Currency?"
        },
        {
          "ServiceId": 5200,
          "ParentId": 197,
          "ServiceTypeId": 1012,
          "ServiceValue": false,
          "ServiceTypeCode": "DepositAutomation",
          "ServiceTypeTitle": "Deposit Automation",
          "ServiceTypeDesc": "Offers Deposit Automation?"
        }
      ],
      "ATMId": 197,
      "ATMNumber": "A001D940",
      "ATMName": "Red Deer - North Hill",
      "ModelNumber": "1073ix",
      "SerialNumber": "0107305-14121",
      "LockSerial": "535709",
      "MainProvider": null,
      "SoftwareVersion": "Agalis 2.0",
      "ATMAddress": "6757 50 Avenue",
      "Latitude": null,
      "Longitude": null,
      "IPAddress": "10.221.21.20",
      "Gateway": null,
      "Subnet": null,
      "OriginalInstallDate": null,
      "EPPModelNumber": null,
      "EPPCertificateNumber": null,
      "EPPPartNumber": null,
      "EPPVersionNumber": null,
      "EPPInstallDate": null,
      "ReplacementDate": null,
      "IsAddressSameAsBranch": true,
      "ATMImageName": null,
      "Notes": null,
      "InternalNotes": "Removed Sept 9, 2015",
      "BranchName": "North Hill",
      "IsActive": false,
      "PostalCode": null,
      "BranchCityId": 49,
      "BranchAddress": "6757 50 Avenue",
      "Brinks": null,
      "BalancedBy": null,
      "Cassette1": null,
      "Cassette2": null,
      "Cassette3": null,
      "Cassette4": null
    },
    {
      "CityName": "Red Deer",
      "CityId": null,
      "ATMMakeId": 1,
      "LockMakeId": 1,
      "AlarmVendorId": 1,
      "BranchId": 37,
      "AlarmVendor": {
        "AlarmVendorId": 1,
        "VendorName": "Tyco"
      },
      "ATMMake": {
        "ATMMakeId": 1,
        "MakeBrand": "Diebold"
      },
      "LockMake": {
        "LockMakeId": 1,
        "LockBrand": "Cencon Mas-Hamilton"
      },
      "Branch": null,
      "ATMHours": [
        {
          "HourId": 4835,
          "ParentId": 196,
          "DayOfWeek": "Monday",
          "OpenTime": null,
          "CloseTime": null,
          "Comments": null,
          "IsClosed": true
        },
        {
          "HourId": 4836,
          "ParentId": 196,
          "DayOfWeek": "Tuesday",
          "OpenTime": null,
          "CloseTime": null,
          "Comments": null,
          "IsClosed": true
        },
        {
          "HourId": 4837,
          "ParentId": 196,
          "DayOfWeek": "Wednesday",
          "OpenTime": null,
          "CloseTime": null,
          "Comments": null,
          "IsClosed": true
        },
        {
          "HourId": 4838,
          "ParentId": 196,
          "DayOfWeek": "Thursday",
          "OpenTime": null,
          "CloseTime": null,
          "Comments": null,
          "IsClosed": true
        },
        {
          "HourId": 4839,
          "ParentId": 196,
          "DayOfWeek": "Friday",
          "OpenTime": null,
          "CloseTime": null,
          "Comments": null,
          "IsClosed": true
        },
        {
          "HourId": 4840,
          "ParentId": 196,
          "DayOfWeek": "Saturday",
          "OpenTime": null,
          "CloseTime": null,
          "Comments": null,
          "IsClosed": true
        },
        {
          "HourId": 4841,
          "ParentId": 196,
          "DayOfWeek": "Sunday",
          "OpenTime": null,
          "CloseTime": null,
          "Comments": null,
          "IsClosed": true
        }
      ],
      "ATMServices": [
        {
          "ServiceId": 3199,
          "ParentId": 196,
          "ServiceTypeId": 12,
          "ServiceValue": false,
          "ServiceTypeCode": "USDCurrency",
          "ServiceTypeTitle": "USD Currency",
          "ServiceTypeDesc": "Offers USD Currency?"
        },
        {
          "ServiceId": 4102,
          "ParentId": 196,
          "ServiceTypeId": 11,
          "ServiceValue": false,
          "ServiceTypeCode": "24Hours",
          "ServiceTypeTitle": "24 Hours",
          "ServiceTypeDesc": "Is 24 Hours?"
        },
        {
          "ServiceId": 4103,
          "ParentId": 196,
          "ServiceTypeId": 9,
          "ServiceValue": false,
          "ServiceTypeCode": "Camera",
          "ServiceTypeTitle": "Camera",
          "ServiceTypeDesc": "Has Camera?"
        },
        {
          "ServiceId": 4104,
          "ParentId": 196,
          "ServiceTypeId": 8,
          "ServiceValue": false,
          "ServiceTypeCode": "DriveThru",
          "ServiceTypeTitle": "Drive Thru",
          "ServiceTypeDesc": "Has DriveThru?"
        },
        {
          "ServiceId": 4105,
          "ParentId": 196,
          "ServiceTypeId": 10,
          "ServiceValue": false,
          "ServiceTypeCode": "FullService",
          "ServiceTypeTitle": "Full Service",
          "ServiceTypeDesc": "Is Full Service?"
        },
        {
          "ServiceId": 5199,
          "ParentId": 196,
          "ServiceTypeId": 1012,
          "ServiceValue": false,
          "ServiceTypeCode": "DepositAutomation",
          "ServiceTypeTitle": "Deposit Automation",
          "ServiceTypeDesc": "Offers Deposit Automation?"
        }
      ],
      "ATMId": 196,
      "ATMNumber": "A001D942",
      "ATMName": "Red Deer - Parkland Square",
      "ModelNumber": "1062ix",
      "SerialNumber": "0106205-41680",
      "LockSerial": "535828",
      "MainProvider": null,
      "SoftwareVersion": "Agalis 2.0",
      "ATMAddress": "4901 48 Street",
      "Latitude": null,
      "Longitude": null,
      "IPAddress": "10.221.21.51",
      "Gateway": null,
      "Subnet": null,
      "OriginalInstallDate": null,
      "EPPModelNumber": null,
      "EPPCertificateNumber": null,
      "EPPPartNumber": null,
      "EPPVersionNumber": null,
      "EPPInstallDate": null,
      "ReplacementDate": null,
      "IsAddressSameAsBranch": true,
      "ATMImageName": null,
      "Notes": null,
      "InternalNotes": "Removed Sept 8, 2015",
      "BranchName": "Parkland Square",
      "IsActive": false,
      "PostalCode": null,
      "BranchCityId": 49,
      "BranchAddress": "4901 48 Street",
      "Brinks": null,
      "BalancedBy": null,
      "Cassette1": null,
      "Cassette2": null,
      "Cassette3": null,
      "Cassette4": null
    },
    {
      "CityName": "Redcliff",
      "CityId": null,
      "ATMMakeId": 1,
      "LockMakeId": 1,
      "AlarmVendorId": 1,
      "BranchId": 39,
      "AlarmVendor": {
        "AlarmVendorId": 1,
        "VendorName": "Tyco"
      },
      "ATMMake": {
        "ATMMakeId": 1,
        "MakeBrand": "Diebold"
      },
      "LockMake": {
        "LockMakeId": 1,
        "LockBrand": "Cencon Mas-Hamilton"
      },
      "Branch": null,
      "ATMHours": [
        
      ],
      "ATMServices": [
        {
          "ServiceId": 3128,
          "ParentId": 119,
          "ServiceTypeId": 12,
          "ServiceValue": false,
          "ServiceTypeCode": "USDCurrency",
          "ServiceTypeTitle": "USD Currency",
          "ServiceTypeDesc": "Offers USD Currency?"
        },
        {
          "ServiceId": 5128,
          "ParentId": 119,
          "ServiceTypeId": 1012,
          "ServiceValue": false,
          "ServiceTypeCode": "DepositAutomation",
          "ServiceTypeTitle": "Deposit Automation",
          "ServiceTypeDesc": "Offers Deposit Automation?"
        }
      ],
      "ATMId": 119,
      "ATMNumber": "A001D963",
      "ATMName": "Redcliff",
      "ModelNumber": "1062ix",
      "SerialNumber": "010620538184",
      "LockSerial": "535889",
      "MainProvider": "Diebold",
      "SoftwareVersion": null,
      "ATMAddress": "5 631 South Railway Drive NE",
      "Latitude": null,
      "Longitude": null,
      "IPAddress": "10.221.21.227",
      "Gateway": null,
      "Subnet": null,
      "OriginalInstallDate": "January 24, 2001",
      "EPPModelNumber": null,
      "EPPCertificateNumber": null,
      "EPPPartNumber": null,
      "EPPVersionNumber": null,
      "EPPInstallDate": null,
      "ReplacementDate": null,
      "IsAddressSameAsBranch": true,
      "ATMImageName": null,
      "Notes": null,
      "InternalNotes": "Removed September 30, 2015",
      "BranchName": "Redcliff",
      "IsActive": false,
      "PostalCode": "",
      "BranchCityId": 50,
      "BranchAddress": "5 631 South Railway Drive Northeast",
      "Brinks": null,
      "BalancedBy": null,
      "Cassette1": null,
      "Cassette2": null,
      "Cassette3": null,
      "Cassette4": null
    },
    {
      "CityName": "Red Deer",
      "CityId": null,
      "ATMMakeId": 1,
      "LockMakeId": 1,
      "AlarmVendorId": 1,
      "BranchId": 42,
      "AlarmVendor": {
        "AlarmVendorId": 1,
        "VendorName": "Tyco"
      },
      "ATMMake": {
        "ATMMakeId": 1,
        "MakeBrand": "Diebold"
      },
      "LockMake": {
        "LockMakeId": 1,
        "LockBrand": "Cencon Mas-Hamilton"
      },
      "Branch": null,
      "ATMHours": [
        {
          "HourId": 1464,
          "ParentId": 48,
          "DayOfWeek": "Monday",
          "OpenTime": null,
          "CloseTime": null,
          "Comments": null,
          "IsClosed": true
        },
        {
          "HourId": 1465,
          "ParentId": 48,
          "DayOfWeek": "Tuesday",
          "OpenTime": null,
          "CloseTime": null,
          "Comments": null,
          "IsClosed": true
        },
        {
          "HourId": 1466,
          "ParentId": 48,
          "DayOfWeek": "Wednesday",
          "OpenTime": null,
          "CloseTime": null,
          "Comments": null,
          "IsClosed": true
        },
        {
          "HourId": 1467,
          "ParentId": 48,
          "DayOfWeek": "Thursday",
          "OpenTime": null,
          "CloseTime": null,
          "Comments": null,
          "IsClosed": true
        },
        {
          "HourId": 1468,
          "ParentId": 48,
          "DayOfWeek": "Friday",
          "OpenTime": null,
          "CloseTime": null,
          "Comments": null,
          "IsClosed": true
        },
        {
          "HourId": 1469,
          "ParentId": 48,
          "DayOfWeek": "Saturday",
          "OpenTime": null,
          "CloseTime": null,
          "Comments": null,
          "IsClosed": true
        },
        {
          "HourId": 1470,
          "ParentId": 48,
          "DayOfWeek": "Sunday",
          "OpenTime": null,
          "CloseTime": null,
          "Comments": null,
          "IsClosed": true
        }
      ],
      "ATMServices": [
        {
          "ServiceId": 65,
          "ParentId": 48,
          "ServiceTypeId": 8,
          "ServiceValue": true,
          "ServiceTypeCode": "DriveThru",
          "ServiceTypeTitle": "Drive Thru",
          "ServiceTypeDesc": "Has DriveThru?"
        },
        {
          "ServiceId": 66,
          "ParentId": 48,
          "ServiceTypeId": 9,
          "ServiceValue": false,
          "ServiceTypeCode": "Camera",
          "ServiceTypeTitle": "Camera",
          "ServiceTypeDesc": "Has Camera?"
        },
        {
          "ServiceId": 67,
          "ParentId": 48,
          "ServiceTypeId": 10,
          "ServiceValue": true,
          "ServiceTypeCode": "FullService",
          "ServiceTypeTitle": "Full Service",
          "ServiceTypeDesc": "Is Full Service?"
        },
        {
          "ServiceId": 68,
          "ParentId": 48,
          "ServiceTypeId": 11,
          "ServiceValue": true,
          "ServiceTypeCode": "24Hours",
          "ServiceTypeTitle": "24 Hours",
          "ServiceTypeDesc": "Is 24 Hours?"
        },
        {
          "ServiceId": 3063,
          "ParentId": 48,
          "ServiceTypeId": 12,
          "ServiceValue": false,
          "ServiceTypeCode": "USDCurrency",
          "ServiceTypeTitle": "USD Currency",
          "ServiceTypeDesc": "Offers USD Currency?"
        },
        {
          "ServiceId": 5063,
          "ParentId": 48,
          "ServiceTypeId": 1012,
          "ServiceValue": false,
          "ServiceTypeCode": "DepositAutomation",
          "ServiceTypeTitle": "Deposit Automation",
          "ServiceTypeDesc": "Offers Deposit Automation?"
        }
      ],
      "ATMId": 48,
      "ATMNumber": "A001D989",
      "ATMName": "Red Deer - South Hill",
      "ModelNumber": "740",
      "SerialNumber": "1740R3305025",
      "LockSerial": "535767",
      "MainProvider": "Diebold",
      "SoftwareVersion": "Vista 5.4.5",
      "ATMAddress": "3001 50 Avenue",
      "Latitude": null,
      "Longitude": null,
      "IPAddress": "10.101.113.11",
      "Gateway": "10.101.113.1",
      "Subnet": "255.255.255.224",
      "OriginalInstallDate": "June 29, 2006",
      "EPPModelNumber": "EPP 7",
      "EPPCertificateNumber": "PCI 4-20269",
      "EPPPartNumber": "49249441723B",
      "EPPVersionNumber": "414-2020 R1X",
      "EPPInstallDate": null,
      "ReplacementDate": null,
      "IsAddressSameAsBranch": true,
      "ATMImageName": null,
      "Notes": "Brinks sweeps ATM deposits and night deposits.\r\nBrinks balances the ATM deposits and night deposits.\r\nBranch loads the ATM cash.\r\nBranch balances the ATM cash GL.\r\nBrinks and branch have full access to the ATM safe.\r\n",
      "InternalNotes": null,
      "BranchName": "South Hill",
      "IsActive": false,
      "PostalCode": null,
      "BranchCityId": 49,
      "BranchAddress": "3001 50 Avenue",
      "Brinks": null,
      "BalancedBy": null,
      "Cassette1": null,
      "Cassette2": null,
      "Cassette3": null,
      "Cassette4": null
    },
    {
      "CityName": "Red Deer",
      "CityId": null,
      "ATMMakeId": 2,
      "LockMakeId": 2,
      "AlarmVendorId": 2,
      "BranchId": 175,
      "AlarmVendor": {
        "AlarmVendorId": 2,
        "VendorName": "Chubb"
      },
      "ATMMake": {
        "ATMMakeId": 2,
        "MakeBrand": "NCR"
      },
      "LockMake": {
        "LockMakeId": 2,
        "LockBrand": "S & G"
      },
      "Branch": null,
      "ATMHours": [
        {
          "HourId": 947,
          "ParentId": 182,
          "DayOfWeek": "Monday",
          "OpenTime": "09:00:00",
          "CloseTime": "17:00:00",
          "Comments": null,
          "IsClosed": false
        },
        {
          "HourId": 948,
          "ParentId": 182,
          "DayOfWeek": "Tuesday",
          "OpenTime": "09:00:00",
          "CloseTime": "17:00:00",
          "Comments": null,
          "IsClosed": false
        },
        {
          "HourId": 949,
          "ParentId": 182,
          "DayOfWeek": "Wednesday",
          "OpenTime": "09:00:00",
          "CloseTime": "17:00:00",
          "Comments": null,
          "IsClosed": false
        },
        {
          "HourId": 950,
          "ParentId": 182,
          "DayOfWeek": "Thursday",
          "OpenTime": "09:00:00",
          "CloseTime": "19:00:00",
          "Comments": null,
          "IsClosed": false
        },
        {
          "HourId": 951,
          "ParentId": 182,
          "DayOfWeek": "Friday",
          "OpenTime": "09:00:00",
          "CloseTime": "18:00:00",
          "Comments": null,
          "IsClosed": false
        },
        {
          "HourId": 952,
          "ParentId": 182,
          "DayOfWeek": "Saturday",
          "OpenTime": "09:00:00",
          "CloseTime": "15:00:00",
          "Comments": null,
          "IsClosed": false
        },
        {
          "HourId": 953,
          "ParentId": 182,
          "DayOfWeek": "Sunday",
          "OpenTime": null,
          "CloseTime": null,
          "Comments": null,
          "IsClosed": true
        }
      ],
      "ATMServices": [
        {
          "ServiceId": 193,
          "ParentId": 182,
          "ServiceTypeId": 8,
          "ServiceValue": false,
          "ServiceTypeCode": "DriveThru",
          "ServiceTypeTitle": "Drive Thru",
          "ServiceTypeDesc": "Has DriveThru?"
        },
        {
          "ServiceId": 194,
          "ParentId": 182,
          "ServiceTypeId": 9,
          "ServiceValue": false,
          "ServiceTypeCode": "Camera",
          "ServiceTypeTitle": "Camera",
          "ServiceTypeDesc": "Has Camera?"
        },
        {
          "ServiceId": 195,
          "ParentId": 182,
          "ServiceTypeId": 10,
          "ServiceValue": true,
          "ServiceTypeCode": "FullService",
          "ServiceTypeTitle": "Full Service",
          "ServiceTypeDesc": "Is Full Service?"
        },
        {
          "ServiceId": 196,
          "ParentId": 182,
          "ServiceTypeId": 11,
          "ServiceValue": false,
          "ServiceTypeCode": "24Hours",
          "ServiceTypeTitle": "24 Hours",
          "ServiceTypeDesc": "Is 24 Hours?"
        },
        {
          "ServiceId": 3185,
          "ParentId": 182,
          "ServiceTypeId": 12,
          "ServiceValue": false,
          "ServiceTypeCode": "USDCurrency",
          "ServiceTypeTitle": "USD Currency",
          "ServiceTypeDesc": "Offers USD Currency?"
        },
        {
          "ServiceId": 5185,
          "ParentId": 182,
          "ServiceTypeId": 1012,
          "ServiceValue": false,
          "ServiceTypeCode": "DepositAutomation",
          "ServiceTypeTitle": "Deposit Automation",
          "ServiceTypeDesc": "Offers Deposit Automation?"
        }
      ],
      "ATMId": 182,
      "ATMNumber": "A001N440",
      "ATMName": "Red Deer - Clearview",
      "ModelNumber": "6634",
      "SerialNumber": "30-46044800",
      "LockSerial": "18174236",
      "MainProvider": "NCR",
      "SoftwareVersion": " Canadian Standard Activate V2.0",
      "ATMAddress": "67 Clearview Market Way",
      "Latitude": null,
      "Longitude": null,
      "IPAddress": "10.101.77.11",
      "Gateway": "10.101.77.1",
      "Subnet": "255.255.255.224",
      "OriginalInstallDate": "June 21, 2012",
      "EPPModelNumber": "5815 EPP",
      "EPPCertificateNumber": "PCI 4-20264",
      "EPPPartNumber": "009-0028973",
      "EPPVersionNumber": "INTL_61",
      "EPPInstallDate": null,
      "ReplacementDate": null,
      "IsAddressSameAsBranch": true,
      "ATMImageName": null,
      "Notes": null,
      "InternalNotes": null,
      "BranchName": "Clearview",
      "IsActive": true,
      "PostalCode": null,
      "BranchCityId": 49,
      "BranchAddress": "67 Clearview Market Way",
      "Brinks": null,
      "BalancedBy": null,
      "Cassette1": null,
      "Cassette2": null,
      "Cassette3": null,
      "Cassette4": null
    },
    {
      "CityName": "Red Deer",
      "CityId": null,
      "ATMMakeId": 2,
      "LockMakeId": 2,
      "AlarmVendorId": 2,
      "BranchId": 175,
      "AlarmVendor": {
        "AlarmVendorId": 2,
        "VendorName": "Chubb"
      },
      "ATMMake": {
        "ATMMakeId": 2,
        "MakeBrand": "NCR"
      },
      "LockMake": {
        "LockMakeId": 2,
        "LockBrand": "S & G"
      },
      "Branch": null,
      "ATMHours": [
        {
          "HourId": 4898,
          "ParentId": 183,
          "DayOfWeek": "Monday",
          "OpenTime": null,
          "CloseTime": null,
          "Comments": null,
          "IsClosed": true
        },
        {
          "HourId": 4899,
          "ParentId": 183,
          "DayOfWeek": "Tuesday",
          "OpenTime": null,
          "CloseTime": null,
          "Comments": null,
          "IsClosed": true
        },
        {
          "HourId": 4900,
          "ParentId": 183,
          "DayOfWeek": "Wednesday",
          "OpenTime": null,
          "CloseTime": null,
          "Comments": null,
          "IsClosed": true
        },
        {
          "HourId": 4901,
          "ParentId": 183,
          "DayOfWeek": "Thursday",
          "OpenTime": null,
          "CloseTime": null,
          "Comments": null,
          "IsClosed": true
        },
        {
          "HourId": 4902,
          "ParentId": 183,
          "DayOfWeek": "Friday",
          "OpenTime": null,
          "CloseTime": null,
          "Comments": null,
          "IsClosed": true
        },
        {
          "HourId": 4903,
          "ParentId": 183,
          "DayOfWeek": "Saturday",
          "OpenTime": null,
          "CloseTime": null,
          "Comments": null,
          "IsClosed": true
        },
        {
          "HourId": 4904,
          "ParentId": 183,
          "DayOfWeek": "Sunday",
          "OpenTime": null,
          "CloseTime": null,
          "Comments": null,
          "IsClosed": true
        }
      ],
      "ATMServices": [
        {
          "ServiceId": 197,
          "ParentId": 183,
          "ServiceTypeId": 8,
          "ServiceValue": true,
          "ServiceTypeCode": "DriveThru",
          "ServiceTypeTitle": "Drive Thru",
          "ServiceTypeDesc": "Has DriveThru?"
        },
        {
          "ServiceId": 198,
          "ParentId": 183,
          "ServiceTypeId": 9,
          "ServiceValue": false,
          "ServiceTypeCode": "Camera",
          "ServiceTypeTitle": "Camera",
          "ServiceTypeDesc": "Has Camera?"
        },
        {
          "ServiceId": 199,
          "ParentId": 183,
          "ServiceTypeId": 10,
          "ServiceValue": true,
          "ServiceTypeCode": "FullService",
          "ServiceTypeTitle": "Full Service",
          "ServiceTypeDesc": "Is Full Service?"
        },
        {
          "ServiceId": 200,
          "ParentId": 183,
          "ServiceTypeId": 11,
          "ServiceValue": true,
          "ServiceTypeCode": "24Hours",
          "ServiceTypeTitle": "24 Hours",
          "ServiceTypeDesc": "Is 24 Hours?"
        },
        {
          "ServiceId": 3186,
          "ParentId": 183,
          "ServiceTypeId": 12,
          "ServiceValue": false,
          "ServiceTypeCode": "USDCurrency",
          "ServiceTypeTitle": "USD Currency",
          "ServiceTypeDesc": "Offers USD Currency?"
        },
        {
          "ServiceId": 5186,
          "ParentId": 183,
          "ServiceTypeId": 1012,
          "ServiceValue": false,
          "ServiceTypeCode": "DepositAutomation",
          "ServiceTypeTitle": "Deposit Automation",
          "ServiceTypeDesc": "Offers Deposit Automation?"
        }
      ],
      "ATMId": 183,
      "ATMNumber": "A001N441",
      "ATMName": "Red Deer - Clearview",
      "ModelNumber": "6634",
      "SerialNumber": "30-46044895",
      "LockSerial": "18174026",
      "MainProvider": "NCR",
      "SoftwareVersion": " Canadian Standard Activate V2.0",
      "ATMAddress": "67 Clearview Market Way",
      "Latitude": null,
      "Longitude": null,
      "IPAddress": "10.101.77.12",
      "Gateway": "10.101.77.1",
      "Subnet": "255.255.255.224",
      "OriginalInstallDate": "June 21, 2012",
      "EPPModelNumber": "5815 EPP",
      "EPPCertificateNumber": "PCI 4-20264",
      "EPPPartNumber": "009-0028973",
      "EPPVersionNumber": "INTL_61",
      "EPPInstallDate": null,
      "ReplacementDate": null,
      "IsAddressSameAsBranch": true,
      "ATMImageName": null,
      "Notes": null,
      "InternalNotes": null,
      "BranchName": "Clearview",
      "IsActive": true,
      "PostalCode": null,
      "BranchCityId": 49,
      "BranchAddress": "67 Clearview Market Way",
      "Brinks": null,
      "BalancedBy": null,
      "Cassette1": null,
      "Cassette2": null,
      "Cassette3": null,
      "Cassette4": null
    },
    {
      "CityName": "Red Deer",
      "CityId": null,
      "ATMMakeId": 2,
      "LockMakeId": 2,
      "AlarmVendorId": 1,
      "BranchId": 28,
      "AlarmVendor": {
        "AlarmVendorId": 1,
        "VendorName": "Tyco"
      },
      "ATMMake": {
        "ATMMakeId": 2,
        "MakeBrand": "NCR"
      },
      "LockMake": {
        "LockMakeId": 2,
        "LockBrand": "S & G"
      },
      "Branch": null,
      "ATMHours": [
        {
          "HourId": 597,
          "ParentId": 198,
          "DayOfWeek": "Monday",
          "OpenTime": "07:00:00",
          "CloseTime": "20:30:00",
          "Comments": null,
          "IsClosed": false
        },
        {
          "HourId": 598,
          "ParentId": 198,
          "DayOfWeek": "Tuesday",
          "OpenTime": "07:00:00",
          "CloseTime": "20:30:00",
          "Comments": null,
          "IsClosed": false
        },
        {
          "HourId": 599,
          "ParentId": 198,
          "DayOfWeek": "Wednesday",
          "OpenTime": "07:00:00",
          "CloseTime": "20:30:00",
          "Comments": null,
          "IsClosed": false
        },
        {
          "HourId": 600,
          "ParentId": 198,
          "DayOfWeek": "Thursday",
          "OpenTime": "07:00:00",
          "CloseTime": "20:30:00",
          "Comments": null,
          "IsClosed": false
        },
        {
          "HourId": 601,
          "ParentId": 198,
          "DayOfWeek": "Friday",
          "OpenTime": "07:00:00",
          "CloseTime": "20:30:00",
          "Comments": null,
          "IsClosed": false
        },
        {
          "HourId": 602,
          "ParentId": 198,
          "DayOfWeek": "Saturday",
          "OpenTime": "07:00:00",
          "CloseTime": "20:30:00",
          "Comments": null,
          "IsClosed": false
        },
        {
          "HourId": 603,
          "ParentId": 198,
          "DayOfWeek": "Sunday",
          "OpenTime": "07:00:00",
          "CloseTime": "20:30:00",
          "Comments": null,
          "IsClosed": false
        }
      ],
      "ATMServices": [
        {
          "ServiceId": 241,
          "ParentId": 198,
          "ServiceTypeId": 8,
          "ServiceValue": true,
          "ServiceTypeCode": "DriveThru",
          "ServiceTypeTitle": "Drive Thru",
          "ServiceTypeDesc": "Has DriveThru?"
        },
        {
          "ServiceId": 242,
          "ParentId": 198,
          "ServiceTypeId": 9,
          "ServiceValue": true,
          "ServiceTypeCode": "Camera",
          "ServiceTypeTitle": "Camera",
          "ServiceTypeDesc": "Has Camera?"
        },
        {
          "ServiceId": 243,
          "ParentId": 198,
          "ServiceTypeId": 10,
          "ServiceValue": true,
          "ServiceTypeCode": "FullService",
          "ServiceTypeTitle": "Full Service",
          "ServiceTypeDesc": "Is Full Service?"
        },
        {
          "ServiceId": 244,
          "ParentId": 198,
          "ServiceTypeId": 11,
          "ServiceValue": true,
          "ServiceTypeCode": "24Hours",
          "ServiceTypeTitle": "24 Hours",
          "ServiceTypeDesc": "Is 24 Hours?"
        },
        {
          "ServiceId": 3201,
          "ParentId": 198,
          "ServiceTypeId": 12,
          "ServiceValue": true,
          "ServiceTypeCode": "USDCurrency",
          "ServiceTypeTitle": "USD Currency",
          "ServiceTypeDesc": "Offers USD Currency?"
        },
        {
          "ServiceId": 5201,
          "ParentId": 198,
          "ServiceTypeId": 1012,
          "ServiceValue": true,
          "ServiceTypeCode": "DepositAutomation",
          "ServiceTypeTitle": "Deposit Automation",
          "ServiceTypeDesc": "Offers Deposit Automation?"
        }
      ],
      "ATMId": 198,
      "ATMNumber": "A001N938",
      "ATMName": "Red Deer - Deer Park",
      "ModelNumber": "6634",
      "SerialNumber": "30-49760728",
      "LockSerial": "23788793",
      "MainProvider": null,
      "SoftwareVersion": "Canadian Standard Activate V2.0",
      "ATMAddress": "4- 69 Dunlop Street",
      "Latitude": "2.25",
      "Longitude": "3.87",
      "IPAddress": "10.101.93.11",
      "Gateway": "10.101.93.1",
      "Subnet": "255.255.255.224",
      "OriginalInstallDate": "September 11, 2015",
      "EPPModelNumber": "5815 EPP ",
      "EPPCertificateNumber": "PCI 4-20264",
      "EPPPartNumber": "009-0028973",
      "EPPVersionNumber": "INTL_61",
      "EPPInstallDate": null,
      "ReplacementDate": null,
      "IsAddressSameAsBranch": true,
      "ATMImageName": null,
      "Notes": "Centralized ATM Processing",
      "InternalNotes": "test notes apr 11",
      "BranchName": "Deer Park",
      "IsActive": true,
      "PostalCode": null,
      "BranchCityId": 49,
      "BranchAddress": "4- 69 Dunlop Street",
      "Brinks": "test brink apr11",
      "BalancedBy": "test balanced apr11",
      "Cassette1": "@!$##$#$@#",
      "Cassette2": "1213325344",
      "Cassette3": "gfgfd24!@$",
      "Cassette4": "ghhgfhfghg"
    },
    {
      "CityName": "Red Deer",
      "CityId": null,
      "ATMMakeId": 2,
      "LockMakeId": 2,
      "AlarmVendorId": 1,
      "BranchId": 37,
      "AlarmVendor": {
        "AlarmVendorId": 1,
        "VendorName": "Tyco"
      },
      "ATMMake": {
        "ATMMakeId": 2,
        "MakeBrand": "NCR"
      },
      "LockMake": {
        "LockMakeId": 2,
        "LockBrand": "S & G"
      },
      "Branch": null,
      "ATMHours": [
        {
          "HourId": 520,
          "ParentId": 43,
          "DayOfWeek": "Monday",
          "OpenTime": "09:30:00",
          "CloseTime": "17:00:00",
          "Comments": null,
          "IsClosed": false
        },
        {
          "HourId": 521,
          "ParentId": 43,
          "DayOfWeek": "Tuesday",
          "OpenTime": "09:30:00",
          "CloseTime": "17:00:00",
          "Comments": null,
          "IsClosed": false
        },
        {
          "HourId": 522,
          "ParentId": 43,
          "DayOfWeek": "Wednesday",
          "OpenTime": "09:30:00",
          "CloseTime": "17:00:00",
          "Comments": null,
          "IsClosed": false
        },
        {
          "HourId": 523,
          "ParentId": 43,
          "DayOfWeek": "Thursday",
          "OpenTime": "09:30:00",
          "CloseTime": "17:00:00",
          "Comments": null,
          "IsClosed": false
        },
        {
          "HourId": 524,
          "ParentId": 43,
          "DayOfWeek": "Friday",
          "OpenTime": "09:30:00",
          "CloseTime": "17:00:00",
          "Comments": null,
          "IsClosed": false
        },
        {
          "HourId": 525,
          "ParentId": 43,
          "DayOfWeek": "Saturday",
          "OpenTime": null,
          "CloseTime": null,
          "Comments": null,
          "IsClosed": true
        },
        {
          "HourId": 526,
          "ParentId": 43,
          "DayOfWeek": "Sunday",
          "OpenTime": null,
          "CloseTime": null,
          "Comments": null,
          "IsClosed": true
        }
      ],
      "ATMServices": [
        {
          "ServiceId": 49,
          "ParentId": 43,
          "ServiceTypeId": 8,
          "ServiceValue": false,
          "ServiceTypeCode": "DriveThru",
          "ServiceTypeTitle": "Drive Thru",
          "ServiceTypeDesc": "Has DriveThru?"
        },
        {
          "ServiceId": 50,
          "ParentId": 43,
          "ServiceTypeId": 9,
          "ServiceValue": false,
          "ServiceTypeCode": "Camera",
          "ServiceTypeTitle": "Camera",
          "ServiceTypeDesc": "Has Camera?"
        },
        {
          "ServiceId": 51,
          "ParentId": 43,
          "ServiceTypeId": 10,
          "ServiceValue": true,
          "ServiceTypeCode": "FullService",
          "ServiceTypeTitle": "Full Service",
          "ServiceTypeDesc": "Is Full Service?"
        },
        {
          "ServiceId": 52,
          "ParentId": 43,
          "ServiceTypeId": 11,
          "ServiceValue": false,
          "ServiceTypeCode": "24Hours",
          "ServiceTypeTitle": "24 Hours",
          "ServiceTypeDesc": "Is 24 Hours?"
        },
        {
          "ServiceId": 3058,
          "ParentId": 43,
          "ServiceTypeId": 12,
          "ServiceValue": false,
          "ServiceTypeCode": "USDCurrency",
          "ServiceTypeTitle": "USD Currency",
          "ServiceTypeDesc": "Offers USD Currency?"
        },
        {
          "ServiceId": 5058,
          "ParentId": 43,
          "ServiceTypeId": 1012,
          "ServiceValue": false,
          "ServiceTypeCode": "DepositAutomation",
          "ServiceTypeTitle": "Deposit Automation",
          "ServiceTypeDesc": "Offers Deposit Automation?"
        }
      ],
      "ATMId": 43,
      "ATMNumber": "A001N942",
      "ATMName": "Red Deer - Parkland Square",
      "ModelNumber": "6634",
      "SerialNumber": "30-49760734",
      "LockSerial": "23789019",
      "MainProvider": "NCR",
      "SoftwareVersion": "Canadian Standard Activate V2.0",
      "ATMAddress": "4901 48 Street",
      "Latitude": null,
      "Longitude": null,
      "IPAddress": "10.102.242.11",
      "Gateway": "10.102.242.1",
      "Subnet": "255.255.255.224",
      "OriginalInstallDate": "September 10, 2015",
      "EPPModelNumber": "5815 EPP",
      "EPPCertificateNumber": "PCI 4-20264",
      "EPPPartNumber": "009-0028973",
      "EPPVersionNumber": "INTL_61",
      "EPPInstallDate": null,
      "ReplacementDate": null,
      "IsAddressSameAsBranch": true,
      "ATMImageName": null,
      "Notes": null,
      "InternalNotes": null,
      "BranchName": "Parkland Square",
      "IsActive": true,
      "PostalCode": null,
      "BranchCityId": 49,
      "BranchAddress": "4901 48 Street",
      "Brinks": null,
      "BalancedBy": null,
      "Cassette1": null,
      "Cassette2": null,
      "Cassette3": null,
      "Cassette4": null
    },
    {
      "CityName": "Red Deer",
      "CityId": null,
      "ATMMakeId": 1,
      "LockMakeId": 1,
      "AlarmVendorId": 1,
      "BranchId": null,
      "AlarmVendor": {
        "AlarmVendorId": 1,
        "VendorName": "Tyco"
      },
      "ATMMake": {
        "ATMMakeId": 1,
        "MakeBrand": "Diebold"
      },
      "LockMake": {
        "LockMakeId": 1,
        "LockBrand": "Cencon Mas-Hamilton"
      },
      "Branch": null,
      "ATMHours": [
        
      ],
      "ATMServices": [
        {
          "ServiceId": 3158,
          "ParentId": 151,
          "ServiceTypeId": 12,
          "ServiceValue": false,
          "ServiceTypeCode": "USDCurrency",
          "ServiceTypeTitle": "USD Currency",
          "ServiceTypeDesc": "Offers USD Currency?"
        },
        {
          "ServiceId": 5158,
          "ParentId": 151,
          "ServiceTypeId": 1012,
          "ServiceValue": false,
          "ServiceTypeCode": "DepositAutomation",
          "ServiceTypeTitle": "Deposit Automation",
          "ServiceTypeDesc": "Offers Deposit Automation?"
        }
      ],
      "ATMId": 151,
      "ATMNumber": "A186D790",
      "ATMName": "ATM - Red Deer",
      "ModelNumber": "1062ix",
      "SerialNumber": "47824123743",
      "LockSerial": null,
      "MainProvider": null,
      "SoftwareVersion": null,
      "ATMAddress": "5022- 47 Ave",
      "Latitude": "52.269662",
      "Longitude": "-113.804935",
      "IPAddress": null,
      "Gateway": null,
      "Subnet": null,
      "OriginalInstallDate": "13/08/2000",
      "EPPModelNumber": null,
      "EPPCertificateNumber": null,
      "EPPPartNumber": null,
      "EPPVersionNumber": null,
      "EPPInstallDate": null,
      "ReplacementDate": null,
      "IsAddressSameAsBranch": false,
      "ATMImageName": null,
      "Notes": null,
      "InternalNotes": null,
      "BranchName": null,
      "IsActive": false,
      "PostalCode": "",
      "BranchCityId": null,
      "BranchAddress": "",
      "Brinks": null,
      "BalancedBy": null,
      "Cassette1": null,
      "Cassette2": null,
      "Cassette3": null,
      "Cassette4": null
    }
  ]
}

20:02:15.756 [main] INFO com.intuit.karate - [print] response: {
  "Total": 14,
  "Messages": [
  ],
  "ApiVersionNumber": "1.3.0.0",
  "IsSuccess": true,
  "Response": [
    {
      "CityName": "Red Deer",
      "CityId": null,
      "ATMMakeId": 3,
      "LockMakeId": 3,
      "AlarmVendorId": 1,
      "BranchId": 18,
      "AlarmVendor": {
        "AlarmVendorId": 1,
        "VendorName": "Tyco"
      },
      "ATMMake": {
        "ATMMakeId": 3,
        "MakeBrand": "Unknown"
      },
      "LockMake": {
        "LockMakeId": 3,
        "LockBrand": "Unknown"
      },
      "Branch": null,
      "ATMHours": [
      ],
      "ATMServices": [
        {
          "ServiceId": 3039,
          "ParentId": 23,
          "ServiceTypeId": 12,
          "ServiceValue": false,
          "ServiceTypeCode": "USDCurrency",
          "ServiceTypeTitle": "USD Currency",
          "ServiceTypeDesc": "Offers USD Currency?"
        },
        {
          "ServiceId": 5039,
          "ParentId": 23,
          "ServiceTypeId": 1012,
          "ServiceValue": false,
          "ServiceTypeCode": "DepositAutomation",
          "ServiceTypeTitle": "Deposit Automation",
          "ServiceTypeDesc": "Offers Deposit Automation?"
        }
      ],
      "ATMId": 23,
      "ATMNumber": null,
      "ATMName": "Red Deer - Regional Office",
      "ModelNumber": null,
      "SerialNumber": null,
      "LockSerial": null,
      "MainProvider": null,
      "SoftwareVersion": null,
      "ATMAddress": "601- 4901 48 Street",
      "Latitude": null,
      "Longitude": null,
      "IPAddress": null,
      "Gateway": null,
      "Subnet": null,
      "OriginalInstallDate": null,
      "EPPModelNumber": null,
      "EPPCertificateNumber": null,
      "EPPPartNumber": null,
      "EPPVersionNumber": null,
      "EPPInstallDate": null,
      "ReplacementDate": null,
      "IsAddressSameAsBranch": true,
      "ATMImageName": null,
      "Notes": null,
      "InternalNotes": null,
      "BranchName": "Administration",
      "IsActive": false,
      "PostalCode": "",
      "BranchCityId": 49,
      "BranchAddress": "601- 4901 48 Street",
      "Brinks": null,
      "BalancedBy": null,
      "Cassette1": null,
      "Cassette2": null,
      "Cassette3": null,
      "Cassette4": null
    },
    {
      "CityName": "Red Deer",
      "CityId": null,
      "ATMMakeId": 1,
      "LockMakeId": 1,
      "AlarmVendorId": 1,
      "BranchId": 45,
      "AlarmVendor": {
        "AlarmVendorId": 1,
        "VendorName": "Tyco"
      },
      "ATMMake": {
        "ATMMakeId": 1,
        "MakeBrand": "Diebold"
      },
      "LockMake": {
        "LockMakeId": 1,
        "LockBrand": "Cencon Mas-Hamilton"
      },
      "Branch": null,
      "ATMHours": [
        {
          "HourId": 4765,
          "ParentId": 124,
          "DayOfWeek": "Monday",
          "OpenTime": null,
          "CloseTime": null,
          "Comments": null,
          "IsClosed": true
        },
        {
          "HourId": 4766,
          "ParentId": 124,
          "DayOfWeek": "Tuesday",
          "OpenTime": null,
          "CloseTime": null,
          "Comments": null,
          "IsClosed": true
        },
        {
          "HourId": 4767,
          "ParentId": 124,
          "DayOfWeek": "Wednesday",
          "OpenTime": null,
          "CloseTime": null,
          "Comments": null,
          "IsClosed": true
        },
        {
          "HourId": 4768,
          "ParentId": 124,
          "DayOfWeek": "Thursday",
          "OpenTime": null,
          "CloseTime": null,
          "Comments": null,
          "IsClosed": true
        },
        {
          "HourId": 4769,
          "ParentId": 124,
          "DayOfWeek": "Friday",
          "OpenTime": null,
          "CloseTime": null,
          "Comments": null,
          "IsClosed": true
        },
        {
          "HourId": 4770,
          "ParentId": 124,
          "DayOfWeek": "Saturday",
          "OpenTime": null,
          "CloseTime": null,
          "Comments": null,
          "IsClosed": true
        },
        {
          "HourId": 4771,
          "ParentId": 124,
          "DayOfWeek": "Sunday",
          "OpenTime": null,
          "CloseTime": null,
          "Comments": null,
          "IsClosed": true
        }
      ],
      "ATMServices": [
        {
          "ServiceId": 125,
          "ParentId": 124,
          "ServiceTypeId": 8,
          "ServiceValue": true,
          "ServiceTypeCode": "DriveThru",
          "ServiceTypeTitle": "Drive Thru",
          "ServiceTypeDesc": "Has DriveThru?"
        },
        {
          "ServiceId": 126,
          "ParentId": 124,
          "ServiceTypeId": 9,
          "ServiceValue": false,
          "ServiceTypeCode": "Camera",
          "ServiceTypeTitle": "Camera",
          "ServiceTypeDesc": "Has Camera?"
        },
        {
          "ServiceId": 127,
          "ParentId": 124,
          "ServiceTypeId": 10,
          "ServiceValue": true,
          "ServiceTypeCode": "FullService",
          "ServiceTypeTitle": "Full Service",
          "ServiceTypeDesc": "Is Full Service?"
        },
        {
          "ServiceId": 128,
          "ParentId": 124,
          "ServiceTypeId": 11,
          "ServiceValue": true,
          "ServiceTypeCode": "24Hours",
          "ServiceTypeTitle": "24 Hours",
          "ServiceTypeDesc": "Is 24 Hours?"
        },
        {
          "ServiceId": 3133,
          "ParentId": 124,
          "ServiceTypeId": 12,
          "ServiceValue": false,
          "ServiceTypeCode": "USDCurrency",
          "ServiceTypeTitle": "USD Currency",
          "ServiceTypeDesc": "Offers USD Currency?"
        },
        {
          "ServiceId": 5133,
          "ParentId": 124,
          "ServiceTypeId": 1012,
          "ServiceValue": false,
          "ServiceTypeCode": "DepositAutomation",
          "ServiceTypeTitle": "Deposit Automation",
          "ServiceTypeDesc": "Offers Deposit Automation?"
        }
      ],
      "ATMId": 124,
      "ATMNumber": "A001D759",
      "ATMName": "Red Deer - Taylor Plaza",
      "ModelNumber": "740",
      "SerialNumber": "1740R3306929",
      "LockSerial": "585357",
      "MainProvider": "Diebold",
      "SoftwareVersion": "Vista 5.4.5",
      "ATMAddress": "400-6730 Taylor Drive",
      "Latitude": null,
      "Longitude": null,
      "IPAddress": "10.101.97.11",
      "Gateway": "10.101.97.1",
      "Subnet": "255.255.255.224",
      "OriginalInstallDate": "March 30, 2007",
      "EPPModelNumber": "EPP 7",
      "EPPCertificateNumber": "PCI 4-20269",
      "EPPPartNumber": "49249441723B",
      "EPPVersionNumber": "414 2020 R1X",
      "EPPInstallDate": null,
      "ReplacementDate": null,
      "IsAddressSameAsBranch": true,
      "ATMImageName": null,
      "Notes": null,
      "InternalNotes": null,
      "BranchName": "Taylor Plaza",
      "IsActive": true,
      "PostalCode": null,
      "BranchCityId": 49,
      "BranchAddress": "400-6730 Taylor Drive",
      "Brinks": null,
      "BalancedBy": null,
      "Cassette1": null,
      "Cassette2": null,
      "Cassette3": null,
      "Cassette4": null
    },
    {
      "CityName": "Red Deer",
      "CityId": null,
      "ATMMakeId": 1,
      "LockMakeId": 1,
      "AlarmVendorId": 1,
      "BranchId": 45,
      "AlarmVendor": {
        "AlarmVendorId": 1,
        "VendorName": "Tyco"
      },
      "ATMMake": {
        "ATMMakeId": 1,
        "MakeBrand": "Diebold"
      },
      "LockMake": {
        "LockMakeId": 1,
        "LockBrand": "Cencon Mas-Hamilton"
      },
      "Branch": null,
      "ATMHours": [
        {
          "HourId": 912,
          "ParentId": 51,
          "DayOfWeek": "Monday",
          "OpenTime": "09:30:00",
          "CloseTime": "17:00:00",
          "Comments": null,
          "IsClosed": false
        },
        {
          "HourId": 913,
          "ParentId": 51,
          "DayOfWeek": "Tuesday",
          "OpenTime": "09:30:00",
          "CloseTime": "17:00:00",
          "Comments": null,
          "IsClosed": false
        },
        {
          "HourId": 914,
          "ParentId": 51,
          "DayOfWeek": "Wednesday",
          "OpenTime": "09:30:00",
          "CloseTime": "17:00:00",
          "Comments": null,
          "IsClosed": false
        },
        {
          "HourId": 915,
          "ParentId": 51,
          "DayOfWeek": "Thursday",
          "OpenTime": "09:30:00",
          "CloseTime": "19:00:00",
          "Comments": null,
          "IsClosed": false
        },
        {
          "HourId": 916,
          "ParentId": 51,
          "DayOfWeek": "Friday",
          "OpenTime": "09:30:00",
          "CloseTime": "18:00:00",
          "Comments": null,
          "IsClosed": false
        },
        {
          "HourId": 917,
          "ParentId": 51,
          "DayOfWeek": "Saturday",
          "OpenTime": "09:30:00",
          "CloseTime": "15:00:00",
          "Comments": null,
          "IsClosed": false
        },
        {
          "HourId": 918,
          "ParentId": 51,
          "DayOfWeek": "Sunday",
          "OpenTime": null,
          "CloseTime": null,
          "Comments": null,
          "IsClosed": true
        }
      ],
      "ATMServices": [
        {
          "ServiceId": 73,
          "ParentId": 51,
          "ServiceTypeId": 8,
          "ServiceValue": false,
          "ServiceTypeCode": "DriveThru",
          "ServiceTypeTitle": "Drive Thru",
          "ServiceTypeDesc": "Has DriveThru?"
        },
        {
          "ServiceId": 74,
          "ParentId": 51,
          "ServiceTypeId": 9,
          "ServiceValue": false,
          "ServiceTypeCode": "Camera",
          "ServiceTypeTitle": "Camera",
          "ServiceTypeDesc": "Has Camera?"
        },
        {
          "ServiceId": 75,
          "ParentId": 51,
          "ServiceTypeId": 10,
          "ServiceValue": true,
          "ServiceTypeCode": "FullService",
          "ServiceTypeTitle": "Full Service",
          "ServiceTypeDesc": "Is Full Service?"
        },
        {
          "ServiceId": 76,
          "ParentId": 51,
          "ServiceTypeId": 11,
          "ServiceValue": false,
          "ServiceTypeCode": "24Hours",
          "ServiceTypeTitle": "24 Hours",
          "ServiceTypeDesc": "Is 24 Hours?"
        },
        {
          "ServiceId": 3066,
          "ParentId": 51,
          "ServiceTypeId": 12,
          "ServiceValue": false,
          "ServiceTypeCode": "USDCurrency",
          "ServiceTypeTitle": "USD Currency",
          "ServiceTypeDesc": "Offers USD Currency?"
        },
        {
          "ServiceId": 5066,
          "ParentId": 51,
          "ServiceTypeId": 1012,
          "ServiceValue": false,
          "ServiceTypeCode": "DepositAutomation",
          "ServiceTypeTitle": "Deposit Automation",
          "ServiceTypeDesc": "Offers Deposit Automation?"
        }
      ],
      "ATMId": 51,
      "ATMNumber": "A001D760",
      "ATMName": "Red Deer - Taylor Plaza",
      "ModelNumber": "720",
      "SerialNumber": "1720V33-02254",
      "LockSerial": "821307",
      "MainProvider": "Diebold",
      "SoftwareVersion": "Vista 5.4.5",
      "ATMAddress": "400-6730 Taylor Drive",
      "Latitude": null,
      "Longitude": null,
      "IPAddress": "10.101.97.12",
      "Gateway": "10.101.97.1",
      "Subnet": "255.255.255.224",
      "OriginalInstallDate": "March 30, 2007",
      "EPPModelNumber": "EPP 7",
      "EPPCertificateNumber": "PCI 4-20269",
      "EPPPartNumber": "49249441723B",
      "EPPVersionNumber": "414-2020 R1X",
      "EPPInstallDate": null,
      "ReplacementDate": null,
      "IsAddressSameAsBranch": true,
      "ATMImageName": null,
      "Notes": null,
      "InternalNotes": null,
      "BranchName": "Taylor Plaza",
      "IsActive": true,
      "PostalCode": null,
      "BranchCityId": 49,
      "BranchAddress": "400-6730 Taylor Drive",
      "Brinks": null,
      "BalancedBy": null,
      "Cassette1": null,
      "Cassette2": null,
      "Cassette3": null,
      "Cassette4": null
    },
    {
      "CityName": "Red Deer",
      "CityId": null,
      "ATMMakeId": 1,
      "LockMakeId": 1,
      "AlarmVendorId": 1,
      "BranchId": 28,
      "AlarmVendor": {
        "AlarmVendorId": 1,
        "VendorName": "Tyco"
      },
      "ATMMake": {
        "ATMMakeId": 1,
        "MakeBrand": "Diebold"
      },
      "LockMake": {
        "LockMakeId": 1,
        "LockBrand": "Cencon Mas-Hamilton"
      },
      "Branch": null,
      "ATMHours": [
        {
          "HourId": 4716,
          "ParentId": 33,
          "DayOfWeek": "Monday",
          "OpenTime": null,
          "CloseTime": null,
          "Comments": null,
          "IsClosed": true
        },
        {
          "HourId": 4717,
          "ParentId": 33,
          "DayOfWeek": "Tuesday",
          "OpenTime": null,
          "CloseTime": null,
          "Comments": null,
          "IsClosed": true
        },
        {
          "HourId": 4718,
          "ParentId": 33,
          "DayOfWeek": "Wednesday",
          "OpenTime": null,
          "CloseTime": null,
          "Comments": null,
          "IsClosed": true
        },
        {
          "HourId": 4719,
          "ParentId": 33,
          "DayOfWeek": "Thursday",
          "OpenTime": null,
          "CloseTime": null,
          "Comments": null,
          "IsClosed": true
        },
        {
          "HourId": 4720,
          "ParentId": 33,
          "DayOfWeek": "Friday",
          "OpenTime": null,
          "CloseTime": null,
          "Comments": null,
          "IsClosed": true
        },
        {
          "HourId": 4721,
          "ParentId": 33,
          "DayOfWeek": "Saturday",
          "OpenTime": null,
          "CloseTime": null,
          "Comments": null,
          "IsClosed": true
        },
        {
          "HourId": 4722,
          "ParentId": 33,
          "DayOfWeek": "Sunday",
          "OpenTime": null,
          "CloseTime": null,
          "Comments": null,
          "IsClosed": true
        }
      ],
      "ATMServices": [
        {
          "ServiceId": 37,
          "ParentId": 33,
          "ServiceTypeId": 8,
          "ServiceValue": true,
          "ServiceTypeCode": "DriveThru",
          "ServiceTypeTitle": "Drive Thru",
          "ServiceTypeDesc": "Has DriveThru?"
        },
        {
          "ServiceId": 38,
          "ParentId": 33,
          "ServiceTypeId": 9,
          "ServiceValue": true,
          "ServiceTypeCode": "Camera",
          "ServiceTypeTitle": "Camera",
          "ServiceTypeDesc": "Has Camera?"
        },
        {
          "ServiceId": 39,
          "ParentId": 33,
          "ServiceTypeId": 10,
          "ServiceValue": true,
          "ServiceTypeCode": "FullService",
          "ServiceTypeTitle": "Full Service",
          "ServiceTypeDesc": "Is Full Service?"
        },
        {
          "ServiceId": 40,
          "ParentId": 33,
          "ServiceTypeId": 11,
          "ServiceValue": true,
          "ServiceTypeCode": "24Hours",
          "ServiceTypeTitle": "24 Hours",
          "ServiceTypeDesc": "Is 24 Hours?"
        },
        {
          "ServiceId": 3049,
          "ParentId": 33,
          "ServiceTypeId": 12,
          "ServiceValue": true,
          "ServiceTypeCode": "USDCurrency",
          "ServiceTypeTitle": "USD Currency",
          "ServiceTypeDesc": "Offers USD Currency?"
        },
        {
          "ServiceId": 5049,
          "ParentId": 33,
          "ServiceTypeId": 1012,
          "ServiceValue": true,
          "ServiceTypeCode": "DepositAutomation",
          "ServiceTypeTitle": "Deposit Automation",
          "ServiceTypeDesc": "Offers Deposit Automation?"
        }
      ],
      "ATMId": 33,
      "ATMNumber": "A001D764",
      "ATMName": "Red Deer - Deer Park",
      "ModelNumber": "740",
      "SerialNumber": "1740RGR13363",
      "LockSerial": "1038134",
      "MainProvider": "Diebold",
      "SoftwareVersion": "Vista 5.4.5",
      "ATMAddress": "4- 69 Dunlop Street",
      "Latitude": "-0.215",
      "Longitude": "2.369",
      "IPAddress": "10.101.93.12",
      "Gateway": "10.101.93.1",
      "Subnet": "255.255.255.224",
      "OriginalInstallDate": "December 07, 2006",
      "EPPModelNumber": "EPP 7",
      "EPPCertificateNumber": "PCI 4-20269",
      "EPPPartNumber": "49249441723B",
      "EPPVersionNumber": "414-2020 R1X",
      "EPPInstallDate": null,
      "ReplacementDate": null,
      "IsAddressSameAsBranch": true,
      "ATMImageName": null,
      "Notes": "Centralized ATM Processing\r\nBranch no access to ATM \r\nBrinks loads the cash.\r\nBrinks/BSS balances the deposits. \r\nBranch balances the cash GL. ",
      "InternalNotes": "Camera inside the ATM",
      "BranchName": "Deer Park",
      "IsActive": true,
      "PostalCode": null,
      "BranchCityId": 49,
      "BranchAddress": "4- 69 Dunlop Street",
      "Brinks": "TEST BRINK",
      "BalancedBy": "test balanced by apr",
      "Cassette1": "$@%@%@#%@%",
      "Cassette2": "1234567890",
      "Cassette3": "4534634537",
      "Cassette4": "1234567ds@"
    },
    {
      "CityName": "Red Deer",
      "CityId": null,
      "ATMMakeId": 1,
      "LockMakeId": 1,
      "AlarmVendorId": 1,
      "BranchId": 28,
      "AlarmVendor": {
        "AlarmVendorId": 1,
        "VendorName": "Tyco"
      },
      "ATMMake": {
        "ATMMakeId": 1,
        "MakeBrand": "Diebold"
      },
      "LockMake": {
        "LockMakeId": 1,
        "LockBrand": "Cencon Mas-Hamilton"
      },
      "Branch": null,
      "ATMHours": [
        {
          "HourId": 4723,
          "ParentId": 34,
          "DayOfWeek": "Monday",
          "OpenTime": null,
          "CloseTime": null,
          "Comments": null,
          "IsClosed": true
        },
        {
          "HourId": 4724,
          "ParentId": 34,
          "DayOfWeek": "Tuesday",
          "OpenTime": null,
          "CloseTime": null,
          "Comments": null,
          "IsClosed": true
        },
        {
          "HourId": 4725,
          "ParentId": 34,
          "DayOfWeek": "Wednesday",
          "OpenTime": null,
          "CloseTime": null,
          "Comments": null,
          "IsClosed": true
        },
        {
          "HourId": 4726,
          "ParentId": 34,
          "DayOfWeek": "Thursday",
          "OpenTime": null,
          "CloseTime": null,
          "Comments": null,
          "IsClosed": true
        },
        {
          "HourId": 4727,
          "ParentId": 34,
          "DayOfWeek": "Friday",
          "OpenTime": null,
          "CloseTime": null,
          "Comments": null,
          "IsClosed": true
        },
        {
          "HourId": 4728,
          "ParentId": 34,
          "DayOfWeek": "Saturday",
          "OpenTime": null,
          "CloseTime": null,
          "Comments": null,
          "IsClosed": true
        },
        {
          "HourId": 4729,
          "ParentId": 34,
          "DayOfWeek": "Sunday",
          "OpenTime": null,
          "CloseTime": null,
          "Comments": null,
          "IsClosed": true
        }
      ],
      "ATMServices": [
        {
          "ServiceId": 3050,
          "ParentId": 34,
          "ServiceTypeId": 12,
          "ServiceValue": false,
          "ServiceTypeCode": "USDCurrency",
          "ServiceTypeTitle": "USD Currency",
          "ServiceTypeDesc": "Offers USD Currency?"
        },
        {
          "ServiceId": 4082,
          "ParentId": 34,
          "ServiceTypeId": 11,
          "ServiceValue": false,
          "ServiceTypeCode": "24Hours",
          "ServiceTypeTitle": "24 Hours",
          "ServiceTypeDesc": "Is 24 Hours?"
        },
        {
          "ServiceId": 4083,
          "ParentId": 34,
          "ServiceTypeId": 9,
          "ServiceValue": false,
          "ServiceTypeCode": "Camera",
          "ServiceTypeTitle": "Camera",
          "ServiceTypeDesc": "Has Camera?"
        },
        {
          "ServiceId": 4084,
          "ParentId": 34,
          "ServiceTypeId": 8,
          "ServiceValue": false,
          "ServiceTypeCode": "DriveThru",
          "ServiceTypeTitle": "Drive Thru",
          "ServiceTypeDesc": "Has DriveThru?"
        },
        {
          "ServiceId": 4085,
          "ParentId": 34,
          "ServiceTypeId": 10,
          "ServiceValue": false,
          "ServiceTypeCode": "FullService",
          "ServiceTypeTitle": "Full Service",
          "ServiceTypeDesc": "Is Full Service?"
        },
        {
          "ServiceId": 5050,
          "ParentId": 34,
          "ServiceTypeId": 1012,
          "ServiceValue": false,
          "ServiceTypeCode": "DepositAutomation",
          "ServiceTypeTitle": "Deposit Automation",
          "ServiceTypeDesc": "Offers Deposit Automation?"
        }
      ],
      "ATMId": 34,
      "ATMNumber": "A001D938",
      "ATMName": "Red Deer - Deer Park",
      "ModelNumber": "1062ix",
      "SerialNumber": "0106205-43892",
      "LockSerial": "536017",
      "MainProvider": "Diebold",
      "SoftwareVersion": null,
      "ATMAddress": "4- 69 Dunlop Street",
      "Latitude": null,
      "Longitude": null,
      "IPAddress": "10.221.20.195",
      "Gateway": null,
      "Subnet": null,
      "OriginalInstallDate": "May 12, 2003",
      "EPPModelNumber": null,
      "EPPCertificateNumber": null,
      "EPPPartNumber": null,
      "EPPVersionNumber": null,
      "EPPInstallDate": null,
      "ReplacementDate": null,
      "IsAddressSameAsBranch": true,
      "ATMImageName": null,
      "Notes": "Centralized ATM Processing",
      "InternalNotes": "ATM Removed Sept 10, 2015",
      "BranchName": "Deer Park",
      "IsActive": false,
      "PostalCode": null,
      "BranchCityId": 49,
      "BranchAddress": "4- 69 Dunlop Street",
      "Brinks": null,
      "BalancedBy": null,
      "Cassette1": null,
      "Cassette2": null,
      "Cassette3": null,
      "Cassette4": null
    },
    {
      "CityName": "Red Deer",
      "CityId": null,
      "ATMMakeId": 1,
      "LockMakeId": 1,
      "AlarmVendorId": 1,
      "BranchId": 35,
      "AlarmVendor": {
        "AlarmVendorId": 1,
        "VendorName": "Tyco"
      },
      "ATMMake": {
        "ATMMakeId": 1,
        "MakeBrand": "Diebold"
      },
      "LockMake": {
        "LockMakeId": 1,
        "LockBrand": "Cencon Mas-Hamilton"
      },
      "Branch": null,
      "ATMHours": [
      ],
      "ATMServices": [
        {
          "ServiceId": 3200,
          "ParentId": 197,
          "ServiceTypeId": 12,
          "ServiceValue": false,
          "ServiceTypeCode": "USDCurrency",
          "ServiceTypeTitle": "USD Currency",
          "ServiceTypeDesc": "Offers USD Currency?"
        },
        {
          "ServiceId": 5200,
          "ParentId": 197,
          "ServiceTypeId": 1012,
          "ServiceValue": false,
          "ServiceTypeCode": "DepositAutomation",
          "ServiceTypeTitle": "Deposit Automation",
          "ServiceTypeDesc": "Offers Deposit Automation?"
        }
      ],
      "ATMId": 197,
      "ATMNumber": "A001D940",
      "ATMName": "Red Deer - North Hill",
      "ModelNumber": "1073ix",
      "SerialNumber": "0107305-14121",
      "LockSerial": "535709",
      "MainProvider": null,
      "SoftwareVersion": "Agalis 2.0",
      "ATMAddress": "6757 50 Avenue",
      "Latitude": null,
      "Longitude": null,
      "IPAddress": "10.221.21.20",
      "Gateway": null,
      "Subnet": null,
      "OriginalInstallDate": null,
      "EPPModelNumber": null,
      "EPPCertificateNumber": null,
      "EPPPartNumber": null,
      "EPPVersionNumber": null,
      "EPPInstallDate": null,
      "ReplacementDate": null,
      "IsAddressSameAsBranch": true,
      "ATMImageName": null,
      "Notes": null,
      "InternalNotes": "Removed Sept 9, 2015",
      "BranchName": "North Hill",
      "IsActive": false,
      "PostalCode": null,
      "BranchCityId": 49,
      "BranchAddress": "6757 50 Avenue",
      "Brinks": null,
      "BalancedBy": null,
      "Cassette1": null,
      "Cassette2": null,
      "Cassette3": null,
      "Cassette4": null
    },
    {
      "CityName": "Red Deer",
      "CityId": null,
      "ATMMakeId": 1,
      "LockMakeId": 1,
      "AlarmVendorId": 1,
      "BranchId": 37,
      "AlarmVendor": {
        "AlarmVendorId": 1,
        "VendorName": "Tyco"
      },
      "ATMMake": {
        "ATMMakeId": 1,
        "MakeBrand": "Diebold"
      },
      "LockMake": {
        "LockMakeId": 1,
        "LockBrand": "Cencon Mas-Hamilton"
      },
      "Branch": null,
      "ATMHours": [
        {
          "HourId": 4835,
          "ParentId": 196,
          "DayOfWeek": "Monday",
          "OpenTime": null,
          "CloseTime": null,
          "Comments": null,
          "IsClosed": true
        },
        {
          "HourId": 4836,
          "ParentId": 196,
          "DayOfWeek": "Tuesday",
          "OpenTime": null,
          "CloseTime": null,
          "Comments": null,
          "IsClosed": true
        },
        {
          "HourId": 4837,
          "ParentId": 196,
          "DayOfWeek": "Wednesday",
          "OpenTime": null,
          "CloseTime": null,
          "Comments": null,
          "IsClosed": true
        },
        {
          "HourId": 4838,
          "ParentId": 196,
          "DayOfWeek": "Thursday",
          "OpenTime": null,
          "CloseTime": null,
          "Comments": null,
          "IsClosed": true
        },
        {
          "HourId": 4839,
          "ParentId": 196,
          "DayOfWeek": "Friday",
          "OpenTime": null,
          "CloseTime": null,
          "Comments": null,
          "IsClosed": true
        },
        {
          "HourId": 4840,
          "ParentId": 196,
          "DayOfWeek": "Saturday",
          "OpenTime": null,
          "CloseTime": null,
          "Comments": null,
          "IsClosed": true
        },
        {
          "HourId": 4841,
          "ParentId": 196,
          "DayOfWeek": "Sunday",
          "OpenTime": null,
          "CloseTime": null,
          "Comments": null,
          "IsClosed": true
        }
      ],
      "ATMServices": [
        {
          "ServiceId": 3199,
          "ParentId": 196,
          "ServiceTypeId": 12,
          "ServiceValue": false,
          "ServiceTypeCode": "USDCurrency",
          "ServiceTypeTitle": "USD Currency",
          "ServiceTypeDesc": "Offers USD Currency?"
        },
        {
          "ServiceId": 4102,
          "ParentId": 196,
          "ServiceTypeId": 11,
          "ServiceValue": false,
          "ServiceTypeCode": "24Hours",
          "ServiceTypeTitle": "24 Hours",
          "ServiceTypeDesc": "Is 24 Hours?"
        },
        {
          "ServiceId": 4103,
          "ParentId": 196,
          "ServiceTypeId": 9,
          "ServiceValue": false,
          "ServiceTypeCode": "Camera",
          "ServiceTypeTitle": "Camera",
          "ServiceTypeDesc": "Has Camera?"
        },
        {
          "ServiceId": 4104,
          "ParentId": 196,
          "ServiceTypeId": 8,
          "ServiceValue": false,
          "ServiceTypeCode": "DriveThru",
          "ServiceTypeTitle": "Drive Thru",
          "ServiceTypeDesc": "Has DriveThru?"
        },
        {
          "ServiceId": 4105,
          "ParentId": 196,
          "ServiceTypeId": 10,
          "ServiceValue": false,
          "ServiceTypeCode": "FullService",
          "ServiceTypeTitle": "Full Service",
          "ServiceTypeDesc": "Is Full Service?"
        },
        {
          "ServiceId": 5199,
          "ParentId": 196,
          "ServiceTypeId": 1012,
          "ServiceValue": false,
          "ServiceTypeCode": "DepositAutomation",
          "ServiceTypeTitle": "Deposit Automation",
          "ServiceTypeDesc": "Offers Deposit Automation?"
        }
      ],
      "ATMId": 196,
      "ATMNumber": "A001D942",
      "ATMName": "Red Deer - Parkland Square",
      "ModelNumber": "1062ix",
      "SerialNumber": "0106205-41680",
      "LockSerial": "535828",
      "MainProvider": null,
      "SoftwareVersion": "Agalis 2.0",
      "ATMAddress": "4901 48 Street",
      "Latitude": null,
      "Longitude": null,
      "IPAddress": "10.221.21.51",
      "Gateway": null,
      "Subnet": null,
      "OriginalInstallDate": null,
      "EPPModelNumber": null,
      "EPPCertificateNumber": null,
      "EPPPartNumber": null,
      "EPPVersionNumber": null,
      "EPPInstallDate": null,
      "ReplacementDate": null,
      "IsAddressSameAsBranch": true,
      "ATMImageName": null,
      "Notes": null,
      "InternalNotes": "Removed Sept 8, 2015",
      "BranchName": "Parkland Square",
      "IsActive": false,
      "PostalCode": null,
      "BranchCityId": 49,
      "BranchAddress": "4901 48 Street",
      "Brinks": null,
      "BalancedBy": null,
      "Cassette1": null,
      "Cassette2": null,
      "Cassette3": null,
      "Cassette4": null
    },
    {
      "CityName": "Redcliff",
      "CityId": null,
      "ATMMakeId": 1,
      "LockMakeId": 1,
      "AlarmVendorId": 1,
      "BranchId": 39,
      "AlarmVendor": {
        "AlarmVendorId": 1,
        "VendorName": "Tyco"
      },
      "ATMMake": {
        "ATMMakeId": 1,
        "MakeBrand": "Diebold"
      },
      "LockMake": {
        "LockMakeId": 1,
        "LockBrand": "Cencon Mas-Hamilton"
      },
      "Branch": null,
      "ATMHours": [
      ],
      "ATMServices": [
        {
          "ServiceId": 3128,
          "ParentId": 119,
          "ServiceTypeId": 12,
          "ServiceValue": false,
          "ServiceTypeCode": "USDCurrency",
          "ServiceTypeTitle": "USD Currency",
          "ServiceTypeDesc": "Offers USD Currency?"
        },
        {
          "ServiceId": 5128,
          "ParentId": 119,
          "ServiceTypeId": 1012,
          "ServiceValue": false,
          "ServiceTypeCode": "DepositAutomation",
          "ServiceTypeTitle": "Deposit Automation",
          "ServiceTypeDesc": "Offers Deposit Automation?"
        }
      ],
      "ATMId": 119,
      "ATMNumber": "A001D963",
      "ATMName": "Redcliff",
      "ModelNumber": "1062ix",
      "SerialNumber": "010620538184",
      "LockSerial": "535889",
      "MainProvider": "Diebold",
      "SoftwareVersion": null,
      "ATMAddress": "5 631 South Railway Drive NE",
      "Latitude": null,
      "Longitude": null,
      "IPAddress": "10.221.21.227",
      "Gateway": null,
      "Subnet": null,
      "OriginalInstallDate": "January 24, 2001",
      "EPPModelNumber": null,
      "EPPCertificateNumber": null,
      "EPPPartNumber": null,
      "EPPVersionNumber": null,
      "EPPInstallDate": null,
      "ReplacementDate": null,
      "IsAddressSameAsBranch": true,
      "ATMImageName": null,
      "Notes": null,
      "InternalNotes": "Removed September 30, 2015",
      "BranchName": "Redcliff",
      "IsActive": false,
      "PostalCode": "",
      "BranchCityId": 50,
      "BranchAddress": "5 631 South Railway Drive Northeast",
      "Brinks": null,
      "BalancedBy": null,
      "Cassette1": null,
      "Cassette2": null,
      "Cassette3": null,
      "Cassette4": null
    },
    {
      "CityName": "Red Deer",
      "CityId": null,
      "ATMMakeId": 1,
      "LockMakeId": 1,
      "AlarmVendorId": 1,
      "BranchId": 42,
      "AlarmVendor": {
        "AlarmVendorId": 1,
        "VendorName": "Tyco"
      },
      "ATMMake": {
        "ATMMakeId": 1,
        "MakeBrand": "Diebold"
      },
      "LockMake": {
        "LockMakeId": 1,
        "LockBrand": "Cencon Mas-Hamilton"
      },
      "Branch": null,
      "ATMHours": [
        {
          "HourId": 1464,
          "ParentId": 48,
          "DayOfWeek": "Monday",
          "OpenTime": null,
          "CloseTime": null,
          "Comments": null,
          "IsClosed": true
        },
        {
          "HourId": 1465,
          "ParentId": 48,
          "DayOfWeek": "Tuesday",
          "OpenTime": null,
          "CloseTime": null,
          "Comments": null,
          "IsClosed": true
        },
        {
          "HourId": 1466,
          "ParentId": 48,
          "DayOfWeek": "Wednesday",
          "OpenTime": null,
          "CloseTime": null,
          "Comments": null,
          "IsClosed": true
        },
        {
          "HourId": 1467,
          "ParentId": 48,
          "DayOfWeek": "Thursday",
          "OpenTime": null,
          "CloseTime": null,
          "Comments": null,
          "IsClosed": true
        },
        {
          "HourId": 1468,
          "ParentId": 48,
          "DayOfWeek": "Friday",
          "OpenTime": null,
          "CloseTime": null,
          "Comments": null,
          "IsClosed": true
        },
        {
          "HourId": 1469,
          "ParentId": 48,
          "DayOfWeek": "Saturday",
          "OpenTime": null,
          "CloseTime": null,
          "Comments": null,
          "IsClosed": true
        },
        {
          "HourId": 1470,
          "ParentId": 48,
          "DayOfWeek": "Sunday",
          "OpenTime": null,
          "CloseTime": null,
          "Comments": null,
          "IsClosed": true
        }
      ],
      "ATMServices": [
        {
          "ServiceId": 65,
          "ParentId": 48,
          "ServiceTypeId": 8,
          "ServiceValue": true,
          "ServiceTypeCode": "DriveThru",
          "ServiceTypeTitle": "Drive Thru",
          "ServiceTypeDesc": "Has DriveThru?"
        },
        {
          "ServiceId": 66,
          "ParentId": 48,
          "ServiceTypeId": 9,
          "ServiceValue": false,
          "ServiceTypeCode": "Camera",
          "ServiceTypeTitle": "Camera",
          "ServiceTypeDesc": "Has Camera?"
        },
        {
          "ServiceId": 67,
          "ParentId": 48,
          "ServiceTypeId": 10,
          "ServiceValue": true,
          "ServiceTypeCode": "FullService",
          "ServiceTypeTitle": "Full Service",
          "ServiceTypeDesc": "Is Full Service?"
        },
        {
          "ServiceId": 68,
          "ParentId": 48,
          "ServiceTypeId": 11,
          "ServiceValue": true,
          "ServiceTypeCode": "24Hours",
          "ServiceTypeTitle": "24 Hours",
          "ServiceTypeDesc": "Is 24 Hours?"
        },
        {
          "ServiceId": 3063,
          "ParentId": 48,
          "ServiceTypeId": 12,
          "ServiceValue": false,
          "ServiceTypeCode": "USDCurrency",
          "ServiceTypeTitle": "USD Currency",
          "ServiceTypeDesc": "Offers USD Currency?"
        },
        {
          "ServiceId": 5063,
          "ParentId": 48,
          "ServiceTypeId": 1012,
          "ServiceValue": false,
          "ServiceTypeCode": "DepositAutomation",
          "ServiceTypeTitle": "Deposit Automation",
          "ServiceTypeDesc": "Offers Deposit Automation?"
        }
      ],
      "ATMId": 48,
      "ATMNumber": "A001D989",
      "ATMName": "Red Deer - South Hill",
      "ModelNumber": "740",
      "SerialNumber": "1740R3305025",
      "LockSerial": "535767",
      "MainProvider": "Diebold",
      "SoftwareVersion": "Vista 5.4.5",
      "ATMAddress": "3001 50 Avenue",
      "Latitude": null,
      "Longitude": null,
      "IPAddress": "10.101.113.11",
      "Gateway": "10.101.113.1",
      "Subnet": "255.255.255.224",
      "OriginalInstallDate": "June 29, 2006",
      "EPPModelNumber": "EPP 7",
      "EPPCertificateNumber": "PCI 4-20269",
      "EPPPartNumber": "49249441723B",
      "EPPVersionNumber": "414-2020 R1X",
      "EPPInstallDate": null,
      "ReplacementDate": null,
      "IsAddressSameAsBranch": true,
      "ATMImageName": null,
      "Notes": "Brinks sweeps ATM deposits and night deposits.\r\nBrinks balances the ATM deposits and night deposits.\r\nBranch loads the ATM cash.\r\nBranch balances the ATM cash GL.\r\nBrinks and branch have full access to the ATM safe.\r\n",
      "InternalNotes": null,
      "BranchName": "South Hill",
      "IsActive": false,
      "PostalCode": null,
      "BranchCityId": 49,
      "BranchAddress": "3001 50 Avenue",
      "Brinks": null,
      "BalancedBy": null,
      "Cassette1": null,
      "Cassette2": null,
      "Cassette3": null,
      "Cassette4": null
    },
    {
      "CityName": "Red Deer",
      "CityId": null,
      "ATMMakeId": 2,
      "LockMakeId": 2,
      "AlarmVendorId": 2,
      "BranchId": 175,
      "AlarmVendor": {
        "AlarmVendorId": 2,
        "VendorName": "Chubb"
      },
      "ATMMake": {
        "ATMMakeId": 2,
        "MakeBrand": "NCR"
      },
      "LockMake": {
        "LockMakeId": 2,
        "LockBrand": "S & G"
      },
      "Branch": null,
      "ATMHours": [
        {
          "HourId": 947,
          "ParentId": 182,
          "DayOfWeek": "Monday",
          "OpenTime": "09:00:00",
          "CloseTime": "17:00:00",
          "Comments": null,
          "IsClosed": false
        },
        {
          "HourId": 948,
          "ParentId": 182,
          "DayOfWeek": "Tuesday",
          "OpenTime": "09:00:00",
          "CloseTime": "17:00:00",
          "Comments": null,
          "IsClosed": false
        },
        {
          "HourId": 949,
          "ParentId": 182,
          "DayOfWeek": "Wednesday",
          "OpenTime": "09:00:00",
          "CloseTime": "17:00:00",
          "Comments": null,
          "IsClosed": false
        },
        {
          "HourId": 950,
          "ParentId": 182,
          "DayOfWeek": "Thursday",
          "OpenTime": "09:00:00",
          "CloseTime": "19:00:00",
          "Comments": null,
          "IsClosed": false
        },
        {
          "HourId": 951,
          "ParentId": 182,
          "DayOfWeek": "Friday",
          "OpenTime": "09:00:00",
          "CloseTime": "18:00:00",
          "Comments": null,
          "IsClosed": false
        },
        {
          "HourId": 952,
          "ParentId": 182,
          "DayOfWeek": "Saturday",
          "OpenTime": "09:00:00",
          "CloseTime": "15:00:00",
          "Comments": null,
          "IsClosed": false
        },
        {
          "HourId": 953,
          "ParentId": 182,
          "DayOfWeek": "Sunday",
          "OpenTime": null,
          "CloseTime": null,
          "Comments": null,
          "IsClosed": true
        }
      ],
      "ATMServices": [
        {
          "ServiceId": 193,
          "ParentId": 182,
          "ServiceTypeId": 8,
          "ServiceValue": false,
          "ServiceTypeCode": "DriveThru",
          "ServiceTypeTitle": "Drive Thru",
          "ServiceTypeDesc": "Has DriveThru?"
        },
        {
          "ServiceId": 194,
          "ParentId": 182,
          "ServiceTypeId": 9,
          "ServiceValue": false,
          "ServiceTypeCode": "Camera",
          "ServiceTypeTitle": "Camera",
          "ServiceTypeDesc": "Has Camera?"
        },
        {
          "ServiceId": 195,
          "ParentId": 182,
          "ServiceTypeId": 10,
          "ServiceValue": true,
          "ServiceTypeCode": "FullService",
          "ServiceTypeTitle": "Full Service",
          "ServiceTypeDesc": "Is Full Service?"
        },
        {
          "ServiceId": 196,
          "ParentId": 182,
          "ServiceTypeId": 11,
          "ServiceValue": false,
          "ServiceTypeCode": "24Hours",
          "ServiceTypeTitle": "24 Hours",
          "ServiceTypeDesc": "Is 24 Hours?"
        },
        {
          "ServiceId": 3185,
          "ParentId": 182,
          "ServiceTypeId": 12,
          "ServiceValue": false,
          "ServiceTypeCode": "USDCurrency",
          "ServiceTypeTitle": "USD Currency",
          "ServiceTypeDesc": "Offers USD Currency?"
        },
        {
          "ServiceId": 5185,
          "ParentId": 182,
          "ServiceTypeId": 1012,
          "ServiceValue": false,
          "ServiceTypeCode": "DepositAutomation",
          "ServiceTypeTitle": "Deposit Automation",
          "ServiceTypeDesc": "Offers Deposit Automation?"
        }
      ],
      "ATMId": 182,
      "ATMNumber": "A001N440",
      "ATMName": "Red Deer - Clearview",
      "ModelNumber": "6634",
      "SerialNumber": "30-46044800",
      "LockSerial": "18174236",
      "MainProvider": "NCR",
      "SoftwareVersion": " Canadian Standard Activate V2.0",
      "ATMAddress": "67 Clearview Market Way",
      "Latitude": null,
      "Longitude": null,
      "IPAddress": "10.101.77.11",
      "Gateway": "10.101.77.1",
      "Subnet": "255.255.255.224",
      "OriginalInstallDate": "June 21, 2012",
      "EPPModelNumber": "5815 EPP",
      "EPPCertificateNumber": "PCI 4-20264",
      "EPPPartNumber": "009-0028973",
      "EPPVersionNumber": "INTL_61",
      "EPPInstallDate": null,
      "ReplacementDate": null,
      "IsAddressSameAsBranch": true,
      "ATMImageName": null,
      "Notes": null,
      "InternalNotes": null,
      "BranchName": "Clearview",
      "IsActive": true,
      "PostalCode": null,
      "BranchCityId": 49,
      "BranchAddress": "67 Clearview Market Way",
      "Brinks": null,
      "BalancedBy": null,
      "Cassette1": null,
      "Cassette2": null,
      "Cassette3": null,
      "Cassette4": null
    },
    {
      "CityName": "Red Deer",
      "CityId": null,
      "ATMMakeId": 2,
      "LockMakeId": 2,
      "AlarmVendorId": 2,
      "BranchId": 175,
      "AlarmVendor": {
        "AlarmVendorId": 2,
        "VendorName": "Chubb"
      },
      "ATMMake": {
        "ATMMakeId": 2,
        "MakeBrand": "NCR"
      },
      "LockMake": {
        "LockMakeId": 2,
        "LockBrand": "S & G"
      },
      "Branch": null,
      "ATMHours": [
        {
          "HourId": 4898,
          "ParentId": 183,
          "DayOfWeek": "Monday",
          "OpenTime": null,
          "CloseTime": null,
          "Comments": null,
          "IsClosed": true
        },
        {
          "HourId": 4899,
          "ParentId": 183,
          "DayOfWeek": "Tuesday",
          "OpenTime": null,
          "CloseTime": null,
          "Comments": null,
          "IsClosed": true
        },
        {
          "HourId": 4900,
          "ParentId": 183,
          "DayOfWeek": "Wednesday",
          "OpenTime": null,
          "CloseTime": null,
          "Comments": null,
          "IsClosed": true
        },
        {
          "HourId": 4901,
          "ParentId": 183,
          "DayOfWeek": "Thursday",
          "OpenTime": null,
          "CloseTime": null,
          "Comments": null,
          "IsClosed": true
        },
        {
          "HourId": 4902,
          "ParentId": 183,
          "DayOfWeek": "Friday",
          "OpenTime": null,
          "CloseTime": null,
          "Comments": null,
          "IsClosed": true
        },
        {
          "HourId": 4903,
          "ParentId": 183,
          "DayOfWeek": "Saturday",
          "OpenTime": null,
          "CloseTime": null,
          "Comments": null,
          "IsClosed": true
        },
        {
          "HourId": 4904,
          "ParentId": 183,
          "DayOfWeek": "Sunday",
          "OpenTime": null,
          "CloseTime": null,
          "Comments": null,
          "IsClosed": true
        }
      ],
      "ATMServices": [
        {
          "ServiceId": 197,
          "ParentId": 183,
          "ServiceTypeId": 8,
          "ServiceValue": true,
          "ServiceTypeCode": "DriveThru",
          "ServiceTypeTitle": "Drive Thru",
          "ServiceTypeDesc": "Has DriveThru?"
        },
        {
          "ServiceId": 198,
          "ParentId": 183,
          "ServiceTypeId": 9,
          "ServiceValue": false,
          "ServiceTypeCode": "Camera",
          "ServiceTypeTitle": "Camera",
          "ServiceTypeDesc": "Has Camera?"
        },
        {
          "ServiceId": 199,
          "ParentId": 183,
          "ServiceTypeId": 10,
          "ServiceValue": true,
          "ServiceTypeCode": "FullService",
          "ServiceTypeTitle": "Full Service",
          "ServiceTypeDesc": "Is Full Service?"
        },
        {
          "ServiceId": 200,
          "ParentId": 183,
          "ServiceTypeId": 11,
          "ServiceValue": true,
          "ServiceTypeCode": "24Hours",
          "ServiceTypeTitle": "24 Hours",
          "ServiceTypeDesc": "Is 24 Hours?"
        },
        {
          "ServiceId": 3186,
          "ParentId": 183,
          "ServiceTypeId": 12,
          "ServiceValue": false,
          "ServiceTypeCode": "USDCurrency",
          "ServiceTypeTitle": "USD Currency",
          "ServiceTypeDesc": "Offers USD Currency?"
        },
        {
          "ServiceId": 5186,
          "ParentId": 183,
          "ServiceTypeId": 1012,
          "ServiceValue": false,
          "ServiceTypeCode": "DepositAutomation",
          "ServiceTypeTitle": "Deposit Automation",
          "ServiceTypeDesc": "Offers Deposit Automation?"
        }
      ],
      "ATMId": 183,
      "ATMNumber": "A001N441",
      "ATMName": "Red Deer - Clearview",
      "ModelNumber": "6634",
      "SerialNumber": "30-46044895",
      "LockSerial": "18174026",
      "MainProvider": "NCR",
      "SoftwareVersion": " Canadian Standard Activate V2.0",
      "ATMAddress": "67 Clearview Market Way",
      "Latitude": null,
      "Longitude": null,
      "IPAddress": "10.101.77.12",
      "Gateway": "10.101.77.1",
      "Subnet": "255.255.255.224",
      "OriginalInstallDate": "June 21, 2012",
      "EPPModelNumber": "5815 EPP",
      "EPPCertificateNumber": "PCI 4-20264",
      "EPPPartNumber": "009-0028973",
      "EPPVersionNumber": "INTL_61",
      "EPPInstallDate": null,
      "ReplacementDate": null,
      "IsAddressSameAsBranch": true,
      "ATMImageName": null,
      "Notes": null,
      "InternalNotes": null,
      "BranchName": "Clearview",
      "IsActive": true,
      "PostalCode": null,
      "BranchCityId": 49,
      "BranchAddress": "67 Clearview Market Way",
      "Brinks": null,
      "BalancedBy": null,
      "Cassette1": null,
      "Cassette2": null,
      "Cassette3": null,
      "Cassette4": null
    },
    {
      "CityName": "Red Deer",
      "CityId": null,
      "ATMMakeId": 2,
      "LockMakeId": 2,
      "AlarmVendorId": 1,
      "BranchId": 28,
      "AlarmVendor": {
        "AlarmVendorId": 1,
        "VendorName": "Tyco"
      },
      "ATMMake": {
        "ATMMakeId": 2,
        "MakeBrand": "NCR"
      },
      "LockMake": {
        "LockMakeId": 2,
        "LockBrand": "S & G"
      },
      "Branch": null,
      "ATMHours": [
        {
          "HourId": 597,
          "ParentId": 198,
          "DayOfWeek": "Monday",
          "OpenTime": "07:00:00",
          "CloseTime": "20:30:00",
          "Comments": null,
          "IsClosed": false
        },
        {
          "HourId": 598,
          "ParentId": 198,
          "DayOfWeek": "Tuesday",
          "OpenTime": "07:00:00",
          "CloseTime": "20:30:00",
          "Comments": null,
          "IsClosed": false
        },
        {
          "HourId": 599,
          "ParentId": 198,
          "DayOfWeek": "Wednesday",
          "OpenTime": "07:00:00",
          "CloseTime": "20:30:00",
          "Comments": null,
          "IsClosed": false
        },
        {
          "HourId": 600,
          "ParentId": 198,
          "DayOfWeek": "Thursday",
          "OpenTime": "07:00:00",
          "CloseTime": "20:30:00",
          "Comments": null,
          "IsClosed": false
        },
        {
          "HourId": 601,
          "ParentId": 198,
          "DayOfWeek": "Friday",
          "OpenTime": "07:00:00",
          "CloseTime": "20:30:00",
          "Comments": null,
          "IsClosed": false
        },
        {
          "HourId": 602,
          "ParentId": 198,
          "DayOfWeek": "Saturday",
          "OpenTime": "07:00:00",
          "CloseTime": "20:30:00",
          "Comments": null,
          "IsClosed": false
        },
        {
          "HourId": 603,
          "ParentId": 198,
          "DayOfWeek": "Sunday",
          "OpenTime": "07:00:00",
          "CloseTime": "20:30:00",
          "Comments": null,
          "IsClosed": false
        }
      ],
      "ATMServices": [
        {
          "ServiceId": 241,
          "ParentId": 198,
          "ServiceTypeId": 8,
          "ServiceValue": true,
          "ServiceTypeCode": "DriveThru",
          "ServiceTypeTitle": "Drive Thru",
          "ServiceTypeDesc": "Has DriveThru?"
        },
        {
          "ServiceId": 242,
          "ParentId": 198,
          "ServiceTypeId": 9,
          "ServiceValue": true,
          "ServiceTypeCode": "Camera",
          "ServiceTypeTitle": "Camera",
          "ServiceTypeDesc": "Has Camera?"
        },
        {
          "ServiceId": 243,
          "ParentId": 198,
          "ServiceTypeId": 10,
          "ServiceValue": true,
          "ServiceTypeCode": "FullService",
          "ServiceTypeTitle": "Full Service",
          "ServiceTypeDesc": "Is Full Service?"
        },
        {
          "ServiceId": 244,
          "ParentId": 198,
          "ServiceTypeId": 11,
          "ServiceValue": true,
          "ServiceTypeCode": "24Hours",
          "ServiceTypeTitle": "24 Hours",
          "ServiceTypeDesc": "Is 24 Hours?"
        },
        {
          "ServiceId": 3201,
          "ParentId": 198,
          "ServiceTypeId": 12,
          "ServiceValue": true,
          "ServiceTypeCode": "USDCurrency",
          "ServiceTypeTitle": "USD Currency",
          "ServiceTypeDesc": "Offers USD Currency?"
        },
        {
          "ServiceId": 5201,
          "ParentId": 198,
          "ServiceTypeId": 1012,
          "ServiceValue": true,
          "ServiceTypeCode": "DepositAutomation",
          "ServiceTypeTitle": "Deposit Automation",
          "ServiceTypeDesc": "Offers Deposit Automation?"
        }
      ],
      "ATMId": 198,
      "ATMNumber": "A001N938",
      "ATMName": "Red Deer - Deer Park",
      "ModelNumber": "6634",
      "SerialNumber": "30-49760728",
      "LockSerial": "23788793",
      "MainProvider": null,
      "SoftwareVersion": "Canadian Standard Activate V2.0",
      "ATMAddress": "4- 69 Dunlop Street",
      "Latitude": "2.25",
      "Longitude": "3.87",
      "IPAddress": "10.101.93.11",
      "Gateway": "10.101.93.1",
      "Subnet": "255.255.255.224",
      "OriginalInstallDate": "September 11, 2015",
      "EPPModelNumber": "5815 EPP ",
      "EPPCertificateNumber": "PCI 4-20264",
      "EPPPartNumber": "009-0028973",
      "EPPVersionNumber": "INTL_61",
      "EPPInstallDate": null,
      "ReplacementDate": null,
      "IsAddressSameAsBranch": true,
      "ATMImageName": null,
      "Notes": "Centralized ATM Processing",
      "InternalNotes": "test notes apr 11",
      "BranchName": "Deer Park",
      "IsActive": true,
      "PostalCode": null,
      "BranchCityId": 49,
      "BranchAddress": "4- 69 Dunlop Street",
      "Brinks": "test brink apr11",
      "BalancedBy": "test balanced apr11",
      "Cassette1": "@!$##$#$@#",
      "Cassette2": "1213325344",
      "Cassette3": "gfgfd24!@$",
      "Cassette4": "ghhgfhfghg"
    },
    {
      "CityName": "Red Deer",
      "CityId": null,
      "ATMMakeId": 2,
      "LockMakeId": 2,
      "AlarmVendorId": 1,
      "BranchId": 37,
      "AlarmVendor": {
        "AlarmVendorId": 1,
        "VendorName": "Tyco"
      },
      "ATMMake": {
        "ATMMakeId": 2,
        "MakeBrand": "NCR"
      },
      "LockMake": {
        "LockMakeId": 2,
        "LockBrand": "S & G"
      },
      "Branch": null,
      "ATMHours": [
        {
          "HourId": 520,
          "ParentId": 43,
          "DayOfWeek": "Monday",
          "OpenTime": "09:30:00",
          "CloseTime": "17:00:00",
          "Comments": null,
          "IsClosed": false
        },
        {
          "HourId": 521,
          "ParentId": 43,
          "DayOfWeek": "Tuesday",
          "OpenTime": "09:30:00",
          "CloseTime": "17:00:00",
          "Comments": null,
          "IsClosed": false
        },
        {
          "HourId": 522,
          "ParentId": 43,
          "DayOfWeek": "Wednesday",
          "OpenTime": "09:30:00",
          "CloseTime": "17:00:00",
          "Comments": null,
          "IsClosed": false
        },
        {
          "HourId": 523,
          "ParentId": 43,
          "DayOfWeek": "Thursday",
          "OpenTime": "09:30:00",
          "CloseTime": "17:00:00",
          "Comments": null,
          "IsClosed": false
        },
        {
          "HourId": 524,
          "ParentId": 43,
          "DayOfWeek": "Friday",
          "OpenTime": "09:30:00",
          "CloseTime": "17:00:00",
          "Comments": null,
          "IsClosed": false
        },
        {
          "HourId": 525,
          "ParentId": 43,
          "DayOfWeek": "Saturday",
          "OpenTime": null,
          "CloseTime": null,
          "Comments": null,
          "IsClosed": true
        },
        {
          "HourId": 526,
          "ParentId": 43,
          "DayOfWeek": "Sunday",
          "OpenTime": null,
          "CloseTime": null,
          "Comments": null,
          "IsClosed": true
        }
      ],
      "ATMServices": [
        {
          "ServiceId": 49,
          "ParentId": 43,
          "ServiceTypeId": 8,
          "ServiceValue": false,
          "ServiceTypeCode": "DriveThru",
          "ServiceTypeTitle": "Drive Thru",
          "ServiceTypeDesc": "Has DriveThru?"
        },
        {
          "ServiceId": 50,
          "ParentId": 43,
          "ServiceTypeId": 9,
          "ServiceValue": false,
          "ServiceTypeCode": "Camera",
          "ServiceTypeTitle": "Camera",
          "ServiceTypeDesc": "Has Camera?"
        },
        {
          "ServiceId": 51,
          "ParentId": 43,
          "ServiceTypeId": 10,
          "ServiceValue": true,
          "ServiceTypeCode": "FullService",
          "ServiceTypeTitle": "Full Service",
          "ServiceTypeDesc": "Is Full Service?"
        },
        {
          "ServiceId": 52,
          "ParentId": 43,
          "ServiceTypeId": 11,
          "ServiceValue": false,
          "ServiceTypeCode": "24Hours",
          "ServiceTypeTitle": "24 Hours",
          "ServiceTypeDesc": "Is 24 Hours?"
        },
        {
          "ServiceId": 3058,
          "ParentId": 43,
          "ServiceTypeId": 12,
          "ServiceValue": false,
          "ServiceTypeCode": "USDCurrency",
          "ServiceTypeTitle": "USD Currency",
          "ServiceTypeDesc": "Offers USD Currency?"
        },
        {
          "ServiceId": 5058,
          "ParentId": 43,
          "ServiceTypeId": 1012,
          "ServiceValue": false,
          "ServiceTypeCode": "DepositAutomation",
          "ServiceTypeTitle": "Deposit Automation",
          "ServiceTypeDesc": "Offers Deposit Automation?"
        }
      ],
      "ATMId": 43,
      "ATMNumber": "A001N942",
      "ATMName": "Red Deer - Parkland Square",
      "ModelNumber": "6634",
      "SerialNumber": "30-49760734",
      "LockSerial": "23789019",
      "MainProvider": "NCR",
      "SoftwareVersion": "Canadian Standard Activate V2.0",
      "ATMAddress": "4901 48 Street",
      "Latitude": null,
      "Longitude": null,
      "IPAddress": "10.102.242.11",
      "Gateway": "10.102.242.1",
      "Subnet": "255.255.255.224",
      "OriginalInstallDate": "September 10, 2015",
      "EPPModelNumber": "5815 EPP",
      "EPPCertificateNumber": "PCI 4-20264",
      "EPPPartNumber": "009-0028973",
      "EPPVersionNumber": "INTL_61",
      "EPPInstallDate": null,
      "ReplacementDate": null,
      "IsAddressSameAsBranch": true,
      "ATMImageName": null,
      "Notes": null,
      "InternalNotes": null,
      "BranchName": "Parkland Square",
      "IsActive": true,
      "PostalCode": null,
      "BranchCityId": 49,
      "BranchAddress": "4901 48 Street",
      "Brinks": null,
      "BalancedBy": null,
      "Cassette1": null,
      "Cassette2": null,
      "Cassette3": null,
      "Cassette4": null
    },
    {
      "CityName": "Red Deer",
      "CityId": null,
      "ATMMakeId": 1,
      "LockMakeId": 1,
      "AlarmVendorId": 1,
      "BranchId": null,
      "AlarmVendor": {
        "AlarmVendorId": 1,
        "VendorName": "Tyco"
      },
      "ATMMake": {
        "ATMMakeId": 1,
        "MakeBrand": "Diebold"
      },
      "LockMake": {
        "LockMakeId": 1,
        "LockBrand": "Cencon Mas-Hamilton"
      },
      "Branch": null,
      "ATMHours": [
      ],
      "ATMServices": [
        {
          "ServiceId": 3158,
          "ParentId": 151,
          "ServiceTypeId": 12,
          "ServiceValue": false,
          "ServiceTypeCode": "USDCurrency",
          "ServiceTypeTitle": "USD Currency",
          "ServiceTypeDesc": "Offers USD Currency?"
        },
        {
          "ServiceId": 5158,
          "ParentId": 151,
          "ServiceTypeId": 1012,
          "ServiceValue": false,
          "ServiceTypeCode": "DepositAutomation",
          "ServiceTypeTitle": "Deposit Automation",
          "ServiceTypeDesc": "Offers Deposit Automation?"
        }
      ],
      "ATMId": 151,
      "ATMNumber": "A186D790",
      "ATMName": "ATM - Red Deer",
      "ModelNumber": "1062ix",
      "SerialNumber": "47824123743",
      "LockSerial": null,
      "MainProvider": null,
      "SoftwareVersion": null,
      "ATMAddress": "5022- 47 Ave",
      "Latitude": "52.269662",
      "Longitude": "-113.804935",
      "IPAddress": null,
      "Gateway": null,
      "Subnet": null,
      "OriginalInstallDate": "13/08/2000",
      "EPPModelNumber": null,
      "EPPCertificateNumber": null,
      "EPPPartNumber": null,
      "EPPVersionNumber": null,
      "EPPInstallDate": null,
      "ReplacementDate": null,
      "IsAddressSameAsBranch": false,
      "ATMImageName": null,
      "Notes": null,
      "InternalNotes": null,
      "BranchName": null,
      "IsActive": false,
      "PostalCode": "",
      "BranchCityId": null,
      "BranchAddress": "",
      "Brinks": null,
      "BalancedBy": null,
      "Cassette1": null,
      "Cassette2": null,
      "Cassette3": null,
      "Cassette4": null
    }
  ]
}
 
20:02:15.763 [main] INFO com.intuit.karate - [print] City Name  Red Deer 
20:02:15.774 [main] DEBUG com.jayway.jsonpath.internal.path.CompiledPath - Evaluating path: $['Response'][4]['CityName']
20:02:15.789 [main] DEBUG com.jayway.jsonpath.internal.path.CompiledPath - Evaluating path: $['Response'][*]['CityName']
20:02:15.802 [main] ERROR com.intuit.karate - classpath:com/big/features/APIfeatures/SCU/Village Branch Service XAPI/Village_Branch_XAPI.feature:37
Then match each response.Response[*].CityName == 'Red Deer'
match failed: EACH_EQUALS
  $ | match each failed at index 7 (LIST:STRING)
  ["Red Deer","Red Deer","Red Deer","Red Deer","Red Deer","Red Deer","Red Deer","Redcliff","Red Deer","Red Deer","Red Deer","Red Deer","Red Deer","Red Deer"]
  'Red Deer'

    $[7] | not equal (STRING:STRING)
    'Redcliff'
    'Red Deer'

classpath:com/big/features/APIfeatures/SCU/Village Branch Service XAPI/Village_Branch_XAPI.feature:37
20:02:15.810 [main] DEBUG karate.org.apache.http.client.protocol.RequestAddCookies - CookieSpec selected: karate
20:02:15.810 [main] DEBUG karate.org.apache.http.client.protocol.RequestAuthCache - Auth cache not set in the context
20:02:15.810 [main] DEBUG com.intuit.karate - request:
1 > GET https://village-branch-directory-xapi.ca-c1.cloudhub.io/api/v1/atm/1
1 > Host: village-branch-directory-xapi.ca-c1.cloudhub.io
1 > Connection: Keep-Alive
1 > User-Agent: Apache-HttpClient/4.5.13 (Java/19.0.1)
1 > Accept-Encoding: gzip,deflate


20:02:15.810 [main] DEBUG karate.org.apache.http.impl.conn.PoolingHttpClientConnectionManager - Connection request: [route: {s}->https://village-branch-directory-xapi.ca-c1.cloudhub.io:443][total available: 0; route allocated: 0 of 5; total allocated: 0 of 10]
20:02:15.810 [main] DEBUG karate.org.apache.http.impl.conn.PoolingHttpClientConnectionManager - Connection leased: [id: 4][route: {s}->https://village-branch-directory-xapi.ca-c1.cloudhub.io:443][total available: 0; route allocated: 1 of 5; total allocated: 1 of 10]
20:02:15.810 [main] DEBUG karate.org.apache.http.impl.execchain.MainClientExec - Opening connection {s}->https://village-branch-directory-xapi.ca-c1.cloudhub.io:443
20:02:15.811 [main] DEBUG karate.org.apache.http.impl.conn.DefaultHttpClientConnectionOperator - Connecting to village-branch-directory-xapi.ca-c1.cloudhub.io/3.98.101.186:443
20:02:15.811 [main] DEBUG karate.org.apache.http.conn.ssl.SSLConnectionSocketFactory - Connecting socket to village-branch-directory-xapi.ca-c1.cloudhub.io/3.98.101.186:443 with timeout 30000
20:02:16.095 [main] DEBUG karate.org.apache.http.conn.ssl.SSLConnectionSocketFactory - Enabled protocols: [TLSv1.3, TLSv1.2]
20:02:16.095 [main] DEBUG karate.org.apache.http.conn.ssl.SSLConnectionSocketFactory - Enabled cipher suites:[TLS_AES_256_GCM_SHA384, TLS_AES_128_GCM_SHA256, TLS_CHACHA20_POLY1305_SHA256, TLS_ECDHE_ECDSA_WITH_AES_256_GCM_SHA384, TLS_ECDHE_ECDSA_WITH_AES_128_GCM_SHA256, TLS_ECDHE_ECDSA_WITH_CHACHA20_POLY1305_SHA256, TLS_ECDHE_RSA_WITH_AES_256_GCM_SHA384, TLS_ECDHE_RSA_WITH_CHACHA20_POLY1305_SHA256, TLS_ECDHE_RSA_WITH_AES_128_GCM_SHA256, TLS_DHE_RSA_WITH_AES_256_GCM_SHA384, TLS_DHE_RSA_WITH_CHACHA20_POLY1305_SHA256, TLS_DHE_DSS_WITH_AES_256_GCM_SHA384, TLS_DHE_RSA_WITH_AES_128_GCM_SHA256, TLS_DHE_DSS_WITH_AES_128_GCM_SHA256, TLS_ECDHE_ECDSA_WITH_AES_256_CBC_SHA384, TLS_ECDHE_RSA_WITH_AES_256_CBC_SHA384, TLS_ECDHE_ECDSA_WITH_AES_128_CBC_SHA256, TLS_ECDHE_RSA_WITH_AES_128_CBC_SHA256, TLS_DHE_RSA_WITH_AES_256_CBC_SHA256, TLS_DHE_DSS_WITH_AES_256_CBC_SHA256, TLS_DHE_RSA_WITH_AES_128_CBC_SHA256, TLS_DHE_DSS_WITH_AES_128_CBC_SHA256, TLS_ECDH_ECDSA_WITH_AES_256_GCM_SHA384, TLS_ECDH_RSA_WITH_AES_256_GCM_SHA384, TLS_ECDH_ECDSA_WITH_AES_128_GCM_SHA256, TLS_ECDH_RSA_WITH_AES_128_GCM_SHA256, TLS_ECDH_ECDSA_WITH_AES_256_CBC_SHA384, TLS_ECDH_RSA_WITH_AES_256_CBC_SHA384, TLS_ECDH_ECDSA_WITH_AES_128_CBC_SHA256, TLS_ECDH_RSA_WITH_AES_128_CBC_SHA256, TLS_ECDHE_ECDSA_WITH_AES_256_CBC_SHA, TLS_ECDHE_RSA_WITH_AES_256_CBC_SHA, TLS_ECDHE_ECDSA_WITH_AES_128_CBC_SHA, TLS_ECDHE_RSA_WITH_AES_128_CBC_SHA, TLS_DHE_RSA_WITH_AES_256_CBC_SHA, TLS_DHE_DSS_WITH_AES_256_CBC_SHA, TLS_DHE_RSA_WITH_AES_128_CBC_SHA, TLS_DHE_DSS_WITH_AES_128_CBC_SHA, TLS_ECDH_ECDSA_WITH_AES_256_CBC_SHA, TLS_ECDH_RSA_WITH_AES_256_CBC_SHA, TLS_ECDH_ECDSA_WITH_AES_128_CBC_SHA, TLS_ECDH_RSA_WITH_AES_128_CBC_SHA, TLS_RSA_WITH_AES_256_GCM_SHA384, TLS_RSA_WITH_AES_128_GCM_SHA256, TLS_RSA_WITH_AES_256_CBC_SHA256, TLS_RSA_WITH_AES_128_CBC_SHA256, TLS_RSA_WITH_AES_256_CBC_SHA, TLS_RSA_WITH_AES_128_CBC_SHA, TLS_EMPTY_RENEGOTIATION_INFO_SCSV]
20:02:16.095 [main] DEBUG karate.org.apache.http.conn.ssl.SSLConnectionSocketFactory - Starting handshake
20:02:16.697 [main] DEBUG karate.org.apache.http.conn.ssl.SSLConnectionSocketFactory - Secure session established
20:02:16.697 [main] DEBUG karate.org.apache.http.conn.ssl.SSLConnectionSocketFactory -  negotiated protocol: TLSv1.2
20:02:16.697 [main] DEBUG karate.org.apache.http.conn.ssl.SSLConnectionSocketFactory -  negotiated cipher suite: TLS_ECDHE_RSA_WITH_AES_128_GCM_SHA256
20:02:16.697 [main] DEBUG karate.org.apache.http.conn.ssl.SSLConnectionSocketFactory -  peer principal: CN=ca-c1.cloudhub.io
20:02:16.697 [main] DEBUG karate.org.apache.http.conn.ssl.SSLConnectionSocketFactory -  peer alternative names: [ca-c1.cloudhub.io, mr.cloudhub.io, *.ca-c1.cloudhub.io, *.ca.cloudhub.io, *.mr.cloudhub.io, ca.cloudhub.io]
20:02:16.697 [main] DEBUG karate.org.apache.http.conn.ssl.SSLConnectionSocketFactory -  issuer principal: CN=Amazon RSA 2048 M02, O=Amazon, C=US
20:02:16.698 [main] DEBUG karate.org.apache.http.impl.conn.DefaultHttpClientConnectionOperator - Connection established 192.168.1.4:53788<->3.98.101.186:443
20:02:16.698 [main] DEBUG karate.org.apache.http.impl.conn.DefaultManagedHttpClientConnection - http-outgoing-4: set socket timeout to 30000
20:02:16.698 [main] DEBUG karate.org.apache.http.impl.execchain.MainClientExec - Executing request GET /api/v1/atm/1 HTTP/1.1
20:02:16.698 [main] DEBUG karate.org.apache.http.impl.execchain.MainClientExec - Target auth state: UNCHALLENGED
20:02:16.698 [main] DEBUG karate.org.apache.http.impl.execchain.MainClientExec - Proxy auth state: UNCHALLENGED
20:02:16.699 [main] DEBUG karate.org.apache.http.headers - http-outgoing-4 >> GET /api/v1/atm/1 HTTP/1.1
20:02:16.699 [main] DEBUG karate.org.apache.http.headers - http-outgoing-4 >> Host: village-branch-directory-xapi.ca-c1.cloudhub.io
20:02:16.699 [main] DEBUG karate.org.apache.http.headers - http-outgoing-4 >> Connection: Keep-Alive
20:02:16.699 [main] DEBUG karate.org.apache.http.headers - http-outgoing-4 >> User-Agent: Apache-HttpClient/4.5.13 (Java/19.0.1)
20:02:16.699 [main] DEBUG karate.org.apache.http.headers - http-outgoing-4 >> Accept-Encoding: gzip,deflate
20:02:16.699 [main] DEBUG karate.org.apache.http.wire - http-outgoing-4 >> "GET /api/v1/atm/1 HTTP/1.1[\r][\n]"
20:02:16.699 [main] DEBUG karate.org.apache.http.wire - http-outgoing-4 >> "Host: village-branch-directory-xapi.ca-c1.cloudhub.io[\r][\n]"
20:02:16.699 [main] DEBUG karate.org.apache.http.wire - http-outgoing-4 >> "Connection: Keep-Alive[\r][\n]"
20:02:16.699 [main] DEBUG karate.org.apache.http.wire - http-outgoing-4 >> "User-Agent: Apache-HttpClient/4.5.13 (Java/19.0.1)[\r][\n]"
20:02:16.699 [main] DEBUG karate.org.apache.http.wire - http-outgoing-4 >> "Accept-Encoding: gzip,deflate[\r][\n]"
20:02:16.699 [main] DEBUG karate.org.apache.http.wire - http-outgoing-4 >> "[\r][\n]"
20:02:17.153 [main] DEBUG karate.org.apache.http.wire - http-outgoing-4 << "HTTP/1.1 200 OK[\r][\n]"
20:02:17.153 [main] DEBUG karate.org.apache.http.wire - http-outgoing-4 << "Content-Type: application/json; charset=UTF-8[\r][\n]"
20:02:17.153 [main] DEBUG karate.org.apache.http.wire - http-outgoing-4 << "Date: Mon, 17 Apr 2023 14:32:17 GMT[\r][\n]"
20:02:17.153 [main] DEBUG karate.org.apache.http.wire - http-outgoing-4 << "Server: nginx[\r][\n]"
20:02:17.153 [main] DEBUG karate.org.apache.http.wire - http-outgoing-4 << "Content-Length: 4701[\r][\n]"
20:02:17.153 [main] DEBUG karate.org.apache.http.wire - http-outgoing-4 << "Connection: keep-alive[\r][\n]"
20:02:17.153 [main] DEBUG karate.org.apache.http.wire - http-outgoing-4 << "[\r][\n]"
20:02:17.153 [main] DEBUG karate.org.apache.http.wire - http-outgoing-4 << "{[\n]"
20:02:17.154 [main] DEBUG karate.org.apache.http.wire - http-outgoing-4 << "  "Messages": [[\n]"
20:02:17.154 [main] DEBUG karate.org.apache.http.wire - http-outgoing-4 << "    [\n]"
20:02:17.154 [main] DEBUG karate.org.apache.http.wire - http-outgoing-4 << "  ],[\n]"
20:02:17.154 [main] DEBUG karate.org.apache.http.wire - http-outgoing-4 << "  "ApiVersionNumber": "1.3.0.0",[\n]"
20:02:17.154 [main] DEBUG karate.org.apache.http.wire - http-outgoing-4 << "  "IsSuccess": true,[\n]"
20:02:17.154 [main] DEBUG karate.org.apache.http.wire - http-outgoing-4 << "  "Response": {[\n]"
20:02:17.154 [main] DEBUG karate.org.apache.http.wire - http-outgoing-4 << "    "CityName": "Lloydminster",[\n]"
20:02:17.154 [main] DEBUG karate.org.apache.http.wire - http-outgoing-4 << "    "CityId": null,[\n]"
20:02:17.154 [main] DEBUG karate.org.apache.http.wire - http-outgoing-4 << "    "ATMMakeId": 2,[\n]"
20:02:17.154 [main] DEBUG karate.org.apache.http.wire - http-outgoing-4 << "    "LockMakeId": 2,[\n]"
20:02:17.154 [main] DEBUG karate.org.apache.http.wire - http-outgoing-4 << "    "AlarmVendorId": 1,[\n]"
20:02:17.154 [main] DEBUG karate.org.apache.http.wire - http-outgoing-4 << "    "BranchId": 1,[\n]"
20:02:17.154 [main] DEBUG karate.org.apache.http.wire - http-outgoing-4 << "    "AlarmVendor": {[\n]"
20:02:17.154 [main] DEBUG karate.org.apache.http.wire - http-outgoing-4 << "      "AlarmVendorId": 1,[\n]"
20:02:17.154 [main] DEBUG karate.org.apache.http.wire - http-outgoing-4 << "      "VendorName": "Tyco"[\n]"
20:02:17.154 [main] DEBUG karate.org.apache.http.wire - http-outgoing-4 << "    },[\n]"
20:02:17.154 [main] DEBUG karate.org.apache.http.wire - http-outgoing-4 << "    "ATMMake": {[\n]"
20:02:17.154 [main] DEBUG karate.org.apache.http.wire - http-outgoing-4 << "      "ATMMakeId": 2,[\n]"
20:02:17.154 [main] DEBUG karate.org.apache.http.wire - http-outgoing-4 << "      "MakeBrand": "NCR"[\n]"
20:02:17.154 [main] DEBUG karate.org.apache.http.wire - http-outgoing-4 << "    },[\n]"
20:02:17.154 [main] DEBUG karate.org.apache.http.wire - http-outgoing-4 << "    "LockMake": {[\n]"
20:02:17.154 [main] DEBUG karate.org.apache.http.wire - http-outgoing-4 << "      "LockMakeId": 2,[\n]"
20:02:17.154 [main] DEBUG karate.org.apache.http.wire - http-outgoing-4 << "      "LockBrand": "S & G"[\n]"
20:02:17.154 [main] DEBUG karate.org.apache.http.wire - http-outgoing-4 << "    },[\n]"
20:02:17.154 [main] DEBUG karate.org.apache.http.wire - http-outgoing-4 << "    "Branch": null,[\n]"
20:02:17.154 [main] DEBUG karate.org.apache.http.wire - http-outgoing-4 << "    "ATMHours": [[\n]"
20:02:17.154 [main] DEBUG karate.org.apache.http.wire - http-outgoing-4 << "      {[\n]"
20:02:17.154 [main] DEBUG karate.org.apache.http.wire - http-outgoing-4 << "        "HourId": 933,[\n]"
20:02:17.154 [main] DEBUG karate.org.apache.http.wire - http-outgoing-4 << "        "ParentId": 1,[\n]"
20:02:17.154 [main] DEBUG karate.org.apache.http.wire - http-outgoing-4 << "        "DayOfWeek": "Monday",[\n]"
20:02:17.154 [main] DEBUG karate.org.apache.http.wire - http-outgoing-4 << "        "OpenTime": "08:00:00",[\n]"
20:02:17.154 [main] DEBUG karate.org.apache.http.wire - http-outgoing-4 << "        "CloseTime": "20:00:00",[\n]"
20:02:17.154 [main] DEBUG karate.org.apache.http.wire - http-outgoing-4 << "        "Comments": null,[\n]"
20:02:17.154 [main] DEBUG karate.org.apache.http.wire - http-outgoing-4 << "        "IsClosed": false[\n]"
20:02:17.154 [main] DEBUG karate.org.apache.http.wire - http-outgoing-4 << "      },[\n]"
20:02:17.154 [main] DEBUG karate.org.apache.http.wire - http-outgoing-4 << "      {[\n]"
20:02:17.154 [main] DEBUG karate.org.apache.http.wire - http-outgoing-4 << "        "HourId": 934,[\n]"
20:02:17.154 [main] DEBUG karate.org.apache.http.wire - http-outgoing-4 << "        "ParentId": 1,[\n]"
20:02:17.154 [main] DEBUG karate.org.apache.http.wire - http-outgoing-4 << "        "DayOfWeek": "Tuesday",[\n]"
20:02:17.154 [main] DEBUG karate.org.apache.http.wire - http-outgoing-4 << "        "OpenTime": "08:00:00",[\n]"
20:02:17.154 [main] DEBUG karate.org.apache.http.wire - http-outgoing-4 << "        "CloseTime": "20:00:00",[\n]"
20:02:17.154 [main] DEBUG karate.org.apache.http.wire - http-outgoing-4 << "        "Comments": null,[\n]"
20:02:17.154 [main] DEBUG karate.org.apache.http.wire - http-outgoing-4 << "        "IsClosed": false[\n]"
20:02:17.154 [main] DEBUG karate.org.apache.http.wire - http-outgoing-4 << "      },[\n]"
20:02:17.154 [main] DEBUG karate.org.apache.http.wire - http-outgoing-4 << "      {[\n]"
20:02:17.154 [main] DEBUG karate.org.apache.http.wire - http-outgoing-4 << "        "HourId": 935,[\n]"
20:02:17.154 [main] DEBUG karate.org.apache.http.wire - http-outgoing-4 << "        "ParentId": 1,[\n]"
20:02:17.154 [main] DEBUG karate.org.apache.http.wire - http-outgoing-4 << "        "DayOfWeek": "Wednesday",[\n]"
20:02:17.154 [main] DEBUG karate.org.apache.http.wire - http-outgoing-4 << "        "OpenTime": "08:00:00",[\n]"
20:02:17.154 [main] DEBUG karate.org.apache.http.wire - http-outgoing-4 << "        "CloseTime": "20:00:00",[\n]"
20:02:17.154 [main] DEBUG karate.org.apache.http.wire - http-outgoing-4 << "        "Comments": null,[\n]"
20:02:17.154 [main] DEBUG karate.org.apache.http.wire - http-outgoing-4 << "        "IsClosed": false[\n]"
20:02:17.154 [main] DEBUG karate.org.apache.http.wire - http-outgoing-4 << "      },[\n]"
20:02:17.154 [main] DEBUG karate.org.apache.http.wire - http-outgoing-4 << "      {[\n]"
20:02:17.154 [main] DEBUG karate.org.apache.http.wire - http-outgoing-4 << "        "HourId": 936,[\n]"
20:02:17.154 [main] DEBUG karate.org.apache.http.wire - http-outgoing-4 << "        "ParentId": 1,[\n]"
20:02:17.154 [main] DEBUG karate.org.apache.http.wire - http-outgoing-4 << "        "DayOfWeek": "Thursday",[\n]"
20:02:17.154 [main] DEBUG karate.org.apache.http.wire - http-outgoing-4 << "        "OpenTime": "08:00:00",[\n]"
20:02:17.155 [main] DEBUG karate.org.apache.http.wire - http-outgoing-4 << "        "CloseTime": "20:00:00",[\n]"
20:02:17.155 [main] DEBUG karate.org.apache.http.wire - http-outgoing-4 << "        "Comments": null,[\n]"
20:02:17.155 [main] DEBUG karate.org.apache.http.wire - http-outgoing-4 << "        "IsClosed": false[\n]"
20:02:17.155 [main] DEBUG karate.org.apache.http.wire - http-outgoing-4 << "      },[\n]"
20:02:17.155 [main] DEBUG karate.org.apache.http.wire - http-outgoing-4 << "      {[\n]"
20:02:17.155 [main] DEBUG karate.org.apache.http.wire - http-outgoing-4 << "        "HourId": 937,[\n]"
20:02:17.155 [main] DEBUG karate.org.apache.http.wire - http-outgoing-4 << "        "ParentId": 1,[\n]"
20:02:17.155 [main] DEBUG karate.org.apache.http.wire - http-outgoing-4 << "        "DayOfWeek": "Friday",[\n]"
20:02:17.155 [main] DEBUG karate.org.apache.http.wire - http-outgoing-4 << "        "OpenTime": "08:00:00",[\n]"
20:02:17.155 [main] DEBUG karate.org.apache.http.wire - http-outgoing-4 << "        "CloseTime": "20:00:00",[\n]"
20:02:17.155 [main] DEBUG karate.org.apache.http.wire - http-outgoing-4 << "        "Comments": null,[\n]"
20:02:17.155 [main] DEBUG karate.org.apache.http.wire - http-outgoing-4 << "        "IsClosed": false[\n]"
20:02:17.155 [main] DEBUG karate.org.apache.http.wire - http-outgoing-4 << "      },[\n]"
20:02:17.155 [main] DEBUG karate.org.apache.http.wire - http-outgoing-4 << "      {[\n]"
20:02:17.155 [main] DEBUG karate.org.apache.http.wire - http-outgoing-4 << "        "HourId": 938,[\n]"
20:02:17.155 [main] DEBUG karate.org.apache.http.wire - http-outgoing-4 << "        "ParentId": 1,[\n]"
20:02:17.155 [main] DEBUG karate.org.apache.http.wire - http-outgoing-4 << "        "DayOfWeek": "Saturday",[\n]"
20:02:17.155 [main] DEBUG karate.org.apache.http.wire - http-outgoing-4 << "        "OpenTime": "10:00:00",[\n]"
20:02:17.155 [main] DEBUG karate.org.apache.http.wire - http-outgoing-4 << "        "CloseTime": "17:00:00",[\n]"
20:02:17.155 [main] DEBUG karate.org.apache.http.wire - http-outgoing-4 << "        "Comments": null,[\n]"
20:02:17.155 [main] DEBUG karate.org.apache.http.wire - http-outgoing-4 << "        "IsClosed": false[\n]"
20:02:17.155 [main] DEBUG karate.org.apache.http.wire - http-outgoing-4 << "      },[\n]"
20:02:17.155 [main] DEBUG karate.org.apache.http.wire - http-outgoing-4 << "      {[\n]"
20:02:17.155 [main] DEBUG karate.org.apache.http.wire - http-outgoing-4 << "        "HourId": 939,[\n]"
20:02:17.155 [main] DEBUG karate.org.apache.http.wire - http-outgoing-4 << "        "ParentId": 1,[\n]"
20:02:17.155 [main] DEBUG karate.org.apache.http.wire - http-outgoing-4 << "        "DayOfWeek": "Sunday",[\n]"
20:02:17.155 [main] DEBUG karate.org.apache.http.wire - http-outgoing-4 << "        "OpenTime": null,[\n]"
20:02:17.155 [main] DEBUG karate.org.apache.http.wire - http-outgoing-4 << "        "CloseTime": null,[\n]"
20:02:17.155 [main] DEBUG karate.org.apache.http.wire - http-outgoing-4 << "        "Comments": null,[\n]"
20:02:17.155 [main] DEBUG karate.org.apache.http.wire - http-outgoing-4 << "        "IsClosed": true[\n]"
20:02:17.155 [main] DEBUG karate.org.apache.http.wire - http-outgoing-4 << "      }[\n]"
20:02:17.155 [main] DEBUG karate.org.apache.http.wire - http-outgoing-4 << "    ],[\n]"
20:02:17.155 [main] DEBUG karate.org.apache.http.wire - http-outgoing-4 << "    "ATMServices": [[\n]"
20:02:17.155 [main] DEBUG karate.org.apache.http.wire - http-outgoing-4 << "      {[\n]"
20:02:17.155 [main] DEBUG karate.org.apache.http.wire - http-outgoing-4 << "        "ServiceId": 4,[\n]"
20:02:17.155 [main] DEBUG karate.org.apache.http.wire - http-outgoing-4 << "        "ParentId": 1,[\n]"
20:02:17.155 [main] DEBUG karate.org.apache.http.wire - http-outgoing-4 << "        "ServiceTypeId": 11,[\n]"
20:02:17.155 [main] DEBUG karate.org.apache.http.wire - http-outgoing-4 << "        "ServiceValue": false,[\n]"
20:02:17.155 [main] DEBUG karate.org.apache.http.wire - http-outgoing-4 << "        "ServiceTypeCode": "24Hours",[\n]"
20:02:17.155 [main] DEBUG karate.org.apache.http.wire - http-outgoing-4 << "        "ServiceTypeTitle": "24 Hours",[\n]"
20:02:17.155 [main] DEBUG karate.org.apache.http.wire - http-outgoing-4 << "        "ServiceTypeDesc": "Is 24 Hours?"[\n]"
20:02:17.155 [main] DEBUG karate.org.apache.http.wire - http-outgoing-4 << "      },[\n]"
20:02:17.155 [main] DEBUG karate.org.apache.http.wire - http-outgoing-4 << "      {[\n]"
20:02:17.155 [main] DEBUG karate.org.apache.http.wire - http-outgoing-4 << "        "ServiceId": 2,[\n]"
20:02:17.155 [main] DEBUG karate.org.apache.http.wire - http-outgoing-4 << "        "ParentId": 1,[\n]"
20:02:17.155 [main] DEBUG karate.org.apache.http.wire - http-outgoing-4 << "        "ServiceTypeId": 9,[\n]"
20:02:17.155 [main] DEBUG karate.org.apache.http.wire - http-outgoing-4 << "        "ServiceValue": false,[\n]"
20:02:17.155 [main] DEBUG karate.org.apache.http.wire - http-outgoing-4 << "        "ServiceTypeCode": "Camera",[\n]"
20:02:17.155 [main] DEBUG karate.org.apache.http.wire - http-outgoing-4 << "        "ServiceTypeTitle": "Camera",[\n]"
20:02:17.155 [main] DEBUG karate.org.apache.http.wire - http-outgoing-4 << "        "ServiceTypeDesc": "Has Camera?"[\n]"
20:02:17.155 [main] DEBUG karate.org.apache.http.wire - http-outgoing-4 << "      },[\n]"
20:02:17.155 [main] DEBUG karate.org.apache.http.wire - http-outgoing-4 << "      {[\n]"
20:02:17.155 [main] DEBUG karate.org.apache.http.wire - http-outgoing-4 << "        "ServiceId": 5022,[\n]"
20:02:17.156 [main] DEBUG karate.org.apache.http.wire - http-outgoing-4 << "        "ParentId": 1,[\n]"
20:02:17.156 [main] DEBUG karate.org.apache.http.wire - http-outgoing-4 << "        "ServiceTypeId": 1012,[\n]"
20:02:17.156 [main] DEBUG karate.org.apache.http.wire - http-outgoing-4 << "        "ServiceValue": true,[\n]"
20:02:17.156 [main] DEBUG karate.org.apache.http.wire - http-outgoing-4 << "        "ServiceTypeCode": "DepositAutomation",[\n]"
20:02:17.156 [main] DEBUG karate.org.apache.http.wire - http-outgoing-4 << "        "ServiceTypeTitle": "Deposit Automation",[\n]"
20:02:17.156 [main] DEBUG karate.org.apache.http.wire - http-outgoing-4 << "        "ServiceTypeDesc": "Offers Deposit Automation?"[\n]"
20:02:17.156 [main] DEBUG karate.org.apache.http.wire - http-outgoing-4 << "      },[\n]"
20:02:17.156 [main] DEBUG karate.org.apache.http.wire - http-outgoing-4 << "      {[\n]"
20:02:17.156 [main] DEBUG karate.org.apache.http.wire - http-outgoing-4 << "        "ServiceId": 1,[\n]"
20:02:17.156 [main] DEBUG karate.org.apache.http.wire - http-outgoing-4 << "        "ParentId": 1,[\n]"
20:02:17.156 [main] DEBUG karate.org.apache.http.wire - http-outgoing-4 << "        "ServiceTypeId": 8,[\n]"
20:02:17.156 [main] DEBUG karate.org.apache.http.wire - http-outgoing-4 << "        "ServiceValue": false,[\n]"
20:02:17.156 [main] DEBUG karate.org.apache.http.wire - http-outgoing-4 << "        "ServiceTypeCode": "DriveThru",[\n]"
20:02:17.156 [main] DEBUG karate.org.apache.http.wire - http-outgoing-4 << "        "ServiceTypeTitle": "Drive Thru",[\n]"
20:02:17.156 [main] DEBUG karate.org.apache.http.wire - http-outgoing-4 << "        "ServiceTypeDesc": "Has DriveThru?"[\n]"
20:02:17.156 [main] DEBUG karate.org.apache.http.wire - http-outgoing-4 << "      },[\n]"
20:02:17.156 [main] DEBUG karate.org.apache.http.wire - http-outgoing-4 << "      {[\n]"
20:02:17.156 [main] DEBUG karate.org.apache.http.wire - http-outgoing-4 << "        "ServiceId": 3,[\n]"
20:02:17.156 [main] DEBUG karate.org.apache.http.wire - http-outgoing-4 << "        "ParentId": 1,[\n]"
20:02:17.156 [main] DEBUG karate.org.apache.http.wire - http-outgoing-4 << "        "ServiceTypeId": 10,[\n]"
20:02:17.156 [main] DEBUG karate.org.apache.http.wire - http-outgoing-4 << "        "ServiceValue": true,[\n]"
20:02:17.156 [main] DEBUG karate.org.apache.http.wire - http-outgoing-4 << "        "ServiceTypeCode": "FullService",[\n]"
20:02:17.156 [main] DEBUG karate.org.apache.http.wire - http-outgoing-4 << "        "ServiceTypeTitle": "Full Service",[\n]"
20:02:17.156 [main] DEBUG karate.org.apache.http.wire - http-outgoing-4 << "        "ServiceTypeDesc": "Is Full Service?"[\n]"
20:02:17.156 [main] DEBUG karate.org.apache.http.wire - http-outgoing-4 << "      },[\n]"
20:02:17.156 [main] DEBUG karate.org.apache.http.wire - http-outgoing-4 << "      {[\n]"
20:02:17.156 [main] DEBUG karate.org.apache.http.wire - http-outgoing-4 << "        "ServiceId": 3022,[\n]"
20:02:17.156 [main] DEBUG karate.org.apache.http.wire - http-outgoing-4 << "        "ParentId": 1,[\n]"
20:02:17.156 [main] DEBUG karate.org.apache.http.wire - http-outgoing-4 << "        "ServiceTypeId": 12,[\n]"
20:02:17.156 [main] DEBUG karate.org.apache.http.wire - http-outgoing-4 << "        "ServiceValue": true,[\n]"
20:02:17.156 [main] DEBUG karate.org.apache.http.wire - http-outgoing-4 << "        "ServiceTypeCode": "USDCurrency",[\n]"
20:02:17.156 [main] DEBUG karate.org.apache.http.wire - http-outgoing-4 << "        "ServiceTypeTitle": "USD Currency",[\n]"
20:02:17.156 [main] DEBUG karate.org.apache.http.wire - http-outgoing-4 << "        "ServiceTypeDesc": "Offers USD Currency?"[\n]"
20:02:17.156 [main] DEBUG karate.org.apache.http.wire - http-outgoing-4 << "      }[\n]"
20:02:17.156 [main] DEBUG karate.org.apache.http.wire - http-outgoing-4 << "    ],[\n]"
20:02:17.156 [main] DEBUG karate.org.apache.http.wire - http-outgoing-4 << "    "ATMId": 1,[\n]"
20:02:17.156 [main] DEBUG karate.org.apache.http.wire - http-outgoing-4 << "    "ATMNumber": "A001N865",[\n]"
20:02:17.156 [main] DEBUG karate.org.apache.http.wire - http-outgoing-4 << "    "ATMName": "Lloydminster - Atrium Centre",[\n]"
20:02:17.156 [main] DEBUG karate.org.apache.http.wire - http-outgoing-4 << "    "ModelNumber": "6634",[\n]"
20:02:17.156 [main] DEBUG karate.org.apache.http.wire - http-outgoing-4 << "    "SerialNumber": "30-43533940",[\n]"
20:02:17.156 [main] DEBUG karate.org.apache.http.wire - http-outgoing-4 << "    "LockSerial": "18174968",[\n]"
20:02:17.156 [main] DEBUG karate.org.apache.http.wire - http-outgoing-4 << "    "MainProvider": "NCR FLM",[\n]"
20:02:17.156 [main] DEBUG karate.org.apache.http.wire - http-outgoing-4 << "    "SoftwareVersion": "Canadian Standard Activate V2.0",[\n]"
20:02:17.156 [main] DEBUG karate.org.apache.http.wire - http-outgoing-4 << "    "ATMAddress": "5012 49 Street",[\n]"
20:02:17.156 [main] DEBUG karate.org.apache.http.wire - http-outgoing-4 << "    "Latitude": null,[\n]"
20:02:17.156 [main] DEBUG karate.org.apache.http.wire - http-outgoing-4 << "    "Longitude": null,[\n]"
20:02:17.156 [main] DEBUG karate.org.apache.http.wire - http-outgoing-4 << "    "IPAddress": "10.102.210.11",[\n]"
20:02:17.156 [main] DEBUG karate.org.apache.http.wire - http-outgoing-4 << "    "Gateway": "10.102.210.1",[\n]"
20:02:17.156 [main] DEBUG karate.org.apache.http.wire - http-outgoing-4 << "    "Subnet": "255.255.255.224",[\n]"
20:02:17.156 [main] DEBUG karate.org.apache.http.wire - http-outgoing-4 << "    "OriginalInstallDate": "December 31, 2010",[\n]"
20:02:17.156 [main] DEBUG karate.org.apache.http.wire - http-outgoing-4 << "    "EPPModelNumber": "5815 EPP",[\n]"
20:02:17.156 [main] DEBUG karate.org.apache.http.wire - http-outgoing-4 << "    "EPPCertificateNumber": "PCI 4-20264",[\n]"
20:02:17.156 [main] DEBUG karate.org.apache.http.wire - http-outgoing-4 << "    "EPPPartNumber": "009-0028973",[\n]"
20:02:17.156 [main] DEBUG karate.org.apache.http.wire - http-outgoing-4 << "    "EPPVersionNumber": "INTL_61",[\n]"
20:02:17.156 [main] DEBUG karate.org.apache.http.wire - http-outgoing-4 << "    "EPPInstallDate": null,[\n]"
20:02:17.156 [main] DEBUG karate.org.apache.http.wire - http-outgoing-4 << "    "ReplacementDate": null,[\n]"
20:02:17.156 [main] DEBUG karate.org.apache.http.wire - http-outgoing-4 << "    "IsAddressSameAsBranch": true,[\n]"
20:02:17.156 [main] DEBUG karate.org.apache.http.wire - http-outgoing-4 << "    "ATMImageName": null,[\n]"
20:02:17.156 [main] DEBUG karate.org.apache.http.wire - http-outgoing-4 << "    "Notes": "Branch loads cash and process deposits",[\n]"
20:02:17.156 [main] DEBUG karate.org.apache.http.wire - http-outgoing-4 << "    "InternalNotes": null,[\n]"
20:02:17.157 [main] DEBUG karate.org.apache.http.wire - http-outgoing-4 << "    "BranchName": "Atrium Centre",[\n]"
20:02:17.157 [main] DEBUG karate.org.apache.http.wire - http-outgoing-4 << "    "IsActive": true,[\n]"
20:02:17.157 [main] DEBUG karate.org.apache.http.wire - http-outgoing-4 << "    "PostalCode": null,[\n]"
20:02:17.157 [main] DEBUG karate.org.apache.http.wire - http-outgoing-4 << "    "BranchCityId": 40,[\n]"
20:02:17.157 [main] DEBUG karate.org.apache.http.wire - http-outgoing-4 << "    "BranchAddress": "5012 49 Street",[\n]"
20:02:17.157 [main] DEBUG karate.org.apache.http.wire - http-outgoing-4 << "    "Brinks": "Fort Knox",[\n]"
20:02:17.157 [main] DEBUG karate.org.apache.http.wire - http-outgoing-4 << "    "BalancedBy": "Adam Lamping",[\n]"
20:02:17.157 [main] DEBUG karate.org.apache.http.wire - http-outgoing-4 << "    "Cassette1": "10 CAD",[\n]"
20:02:17.157 [main] DEBUG karate.org.apache.http.wire - http-outgoing-4 << "    "Cassette2": "20 CAD",[\n]"
20:02:17.157 [main] DEBUG karate.org.apache.http.wire - http-outgoing-4 << "    "Cassette3": "50 CAD",[\n]"
20:02:17.157 [main] DEBUG karate.org.apache.http.wire - http-outgoing-4 << "    "Cassette4": "100 USD"[\n]"
20:02:17.157 [main] DEBUG karate.org.apache.http.wire - http-outgoing-4 << "  }[\n]"
20:02:17.157 [main] DEBUG karate.org.apache.http.wire - http-outgoing-4 << "}"
20:02:17.157 [main] DEBUG karate.org.apache.http.headers - http-outgoing-4 << HTTP/1.1 200 OK
20:02:17.157 [main] DEBUG karate.org.apache.http.headers - http-outgoing-4 << Content-Type: application/json; charset=UTF-8
20:02:17.157 [main] DEBUG karate.org.apache.http.headers - http-outgoing-4 << Date: Mon, 17 Apr 2023 14:32:17 GMT
20:02:17.157 [main] DEBUG karate.org.apache.http.headers - http-outgoing-4 << Server: nginx
20:02:17.157 [main] DEBUG karate.org.apache.http.headers - http-outgoing-4 << Content-Length: 4701
20:02:17.157 [main] DEBUG karate.org.apache.http.headers - http-outgoing-4 << Connection: keep-alive
20:02:17.157 [main] DEBUG karate.org.apache.http.impl.execchain.MainClientExec - Connection can be kept alive indefinitely
20:02:17.158 [main] DEBUG karate.org.apache.http.impl.conn.PoolingHttpClientConnectionManager - Connection [id: 4][route: {s}->https://village-branch-directory-xapi.ca-c1.cloudhub.io:443] can be kept alive indefinitely
20:02:17.158 [main] DEBUG karate.org.apache.http.impl.conn.DefaultManagedHttpClientConnection - http-outgoing-4: set socket timeout to 0
20:02:17.158 [main] DEBUG karate.org.apache.http.impl.conn.PoolingHttpClientConnectionManager - Connection released: [id: 4][route: {s}->https://village-branch-directory-xapi.ca-c1.cloudhub.io:443][total available: 1; route allocated: 1 of 5; total allocated: 1 of 10]
20:02:17.158 [main] DEBUG com.intuit.karate - response time in milliseconds: 1348
1 < 200
1 < Content-Type: application/json; charset=UTF-8
1 < Date: Mon, 17 Apr 2023 14:32:17 GMT
1 < Server: nginx
1 < Content-Length: 4701
1 < Connection: keep-alive
{
  "Messages": [
    
  ],
  "ApiVersionNumber": "1.3.0.0",
  "IsSuccess": true,
  "Response": {
    "CityName": "Lloydminster",
    "CityId": null,
    "ATMMakeId": 2,
    "LockMakeId": 2,
    "AlarmVendorId": 1,
    "BranchId": 1,
    "AlarmVendor": {
      "AlarmVendorId": 1,
      "VendorName": "Tyco"
    },
    "ATMMake": {
      "ATMMakeId": 2,
      "MakeBrand": "NCR"
    },
    "LockMake": {
      "LockMakeId": 2,
      "LockBrand": "S & G"
    },
    "Branch": null,
    "ATMHours": [
      {
        "HourId": 933,
        "ParentId": 1,
        "DayOfWeek": "Monday",
        "OpenTime": "08:00:00",
        "CloseTime": "20:00:00",
        "Comments": null,
        "IsClosed": false
      },
      {
        "HourId": 934,
        "ParentId": 1,
        "DayOfWeek": "Tuesday",
        "OpenTime": "08:00:00",
        "CloseTime": "20:00:00",
        "Comments": null,
        "IsClosed": false
      },
      {
        "HourId": 935,
        "ParentId": 1,
        "DayOfWeek": "Wednesday",
        "OpenTime": "08:00:00",
        "CloseTime": "20:00:00",
        "Comments": null,
        "IsClosed": false
      },
      {
        "HourId": 936,
        "ParentId": 1,
        "DayOfWeek": "Thursday",
        "OpenTime": "08:00:00",
        "CloseTime": "20:00:00",
        "Comments": null,
        "IsClosed": false
      },
      {
        "HourId": 937,
        "ParentId": 1,
        "DayOfWeek": "Friday",
        "OpenTime": "08:00:00",
        "CloseTime": "20:00:00",
        "Comments": null,
        "IsClosed": false
      },
      {
        "HourId": 938,
        "ParentId": 1,
        "DayOfWeek": "Saturday",
        "OpenTime": "10:00:00",
        "CloseTime": "17:00:00",
        "Comments": null,
        "IsClosed": false
      },
      {
        "HourId": 939,
        "ParentId": 1,
        "DayOfWeek": "Sunday",
        "OpenTime": null,
        "CloseTime": null,
        "Comments": null,
        "IsClosed": true
      }
    ],
    "ATMServices": [
      {
        "ServiceId": 4,
        "ParentId": 1,
        "ServiceTypeId": 11,
        "ServiceValue": false,
        "ServiceTypeCode": "24Hours",
        "ServiceTypeTitle": "24 Hours",
        "ServiceTypeDesc": "Is 24 Hours?"
      },
      {
        "ServiceId": 2,
        "ParentId": 1,
        "ServiceTypeId": 9,
        "ServiceValue": false,
        "ServiceTypeCode": "Camera",
        "ServiceTypeTitle": "Camera",
        "ServiceTypeDesc": "Has Camera?"
      },
      {
        "ServiceId": 5022,
        "ParentId": 1,
        "ServiceTypeId": 1012,
        "ServiceValue": true,
        "ServiceTypeCode": "DepositAutomation",
        "ServiceTypeTitle": "Deposit Automation",
        "ServiceTypeDesc": "Offers Deposit Automation?"
      },
      {
        "ServiceId": 1,
        "ParentId": 1,
        "ServiceTypeId": 8,
        "ServiceValue": false,
        "ServiceTypeCode": "DriveThru",
        "ServiceTypeTitle": "Drive Thru",
        "ServiceTypeDesc": "Has DriveThru?"
      },
      {
        "ServiceId": 3,
        "ParentId": 1,
        "ServiceTypeId": 10,
        "ServiceValue": true,
        "ServiceTypeCode": "FullService",
        "ServiceTypeTitle": "Full Service",
        "ServiceTypeDesc": "Is Full Service?"
      },
      {
        "ServiceId": 3022,
        "ParentId": 1,
        "ServiceTypeId": 12,
        "ServiceValue": true,
        "ServiceTypeCode": "USDCurrency",
        "ServiceTypeTitle": "USD Currency",
        "ServiceTypeDesc": "Offers USD Currency?"
      }
    ],
    "ATMId": 1,
    "ATMNumber": "A001N865",
    "ATMName": "Lloydminster - Atrium Centre",
    "ModelNumber": "6634",
    "SerialNumber": "30-43533940",
    "LockSerial": "18174968",
    "MainProvider": "NCR FLM",
    "SoftwareVersion": "Canadian Standard Activate V2.0",
    "ATMAddress": "5012 49 Street",
    "Latitude": null,
    "Longitude": null,
    "IPAddress": "10.102.210.11",
    "Gateway": "10.102.210.1",
    "Subnet": "255.255.255.224",
    "OriginalInstallDate": "December 31, 2010",
    "EPPModelNumber": "5815 EPP",
    "EPPCertificateNumber": "PCI 4-20264",
    "EPPPartNumber": "009-0028973",
    "EPPVersionNumber": "INTL_61",
    "EPPInstallDate": null,
    "ReplacementDate": null,
    "IsAddressSameAsBranch": true,
    "ATMImageName": null,
    "Notes": "Branch loads cash and process deposits",
    "InternalNotes": null,
    "BranchName": "Atrium Centre",
    "IsActive": true,
    "PostalCode": null,
    "BranchCityId": 40,
    "BranchAddress": "5012 49 Street",
    "Brinks": "Fort Knox",
    "BalancedBy": "Adam Lamping",
    "Cassette1": "10 CAD",
    "Cassette2": "20 CAD",
    "Cassette3": "50 CAD",
    "Cassette4": "100 USD"
  }
}

20:02:17.161 [main] INFO com.intuit.karate - [print] response: {
  "Messages": [
  ],
  "ApiVersionNumber": "1.3.0.0",
  "IsSuccess": true,
  "Response": {
    "CityName": "Lloydminster",
    "CityId": null,
    "ATMMakeId": 2,
    "LockMakeId": 2,
    "AlarmVendorId": 1,
    "BranchId": 1,
    "AlarmVendor": {
      "AlarmVendorId": 1,
      "VendorName": "Tyco"
    },
    "ATMMake": {
      "ATMMakeId": 2,
      "MakeBrand": "NCR"
    },
    "LockMake": {
      "LockMakeId": 2,
      "LockBrand": "S & G"
    },
    "Branch": null,
    "ATMHours": [
      {
        "HourId": 933,
        "ParentId": 1,
        "DayOfWeek": "Monday",
        "OpenTime": "08:00:00",
        "CloseTime": "20:00:00",
        "Comments": null,
        "IsClosed": false
      },
      {
        "HourId": 934,
        "ParentId": 1,
        "DayOfWeek": "Tuesday",
        "OpenTime": "08:00:00",
        "CloseTime": "20:00:00",
        "Comments": null,
        "IsClosed": false
      },
      {
        "HourId": 935,
        "ParentId": 1,
        "DayOfWeek": "Wednesday",
        "OpenTime": "08:00:00",
        "CloseTime": "20:00:00",
        "Comments": null,
        "IsClosed": false
      },
      {
        "HourId": 936,
        "ParentId": 1,
        "DayOfWeek": "Thursday",
        "OpenTime": "08:00:00",
        "CloseTime": "20:00:00",
        "Comments": null,
        "IsClosed": false
      },
      {
        "HourId": 937,
        "ParentId": 1,
        "DayOfWeek": "Friday",
        "OpenTime": "08:00:00",
        "CloseTime": "20:00:00",
        "Comments": null,
        "IsClosed": false
      },
      {
        "HourId": 938,
        "ParentId": 1,
        "DayOfWeek": "Saturday",
        "OpenTime": "10:00:00",
        "CloseTime": "17:00:00",
        "Comments": null,
        "IsClosed": false
      },
      {
        "HourId": 939,
        "ParentId": 1,
        "DayOfWeek": "Sunday",
        "OpenTime": null,
        "CloseTime": null,
        "Comments": null,
        "IsClosed": true
      }
    ],
    "ATMServices": [
      {
        "ServiceId": 4,
        "ParentId": 1,
        "ServiceTypeId": 11,
        "ServiceValue": false,
        "ServiceTypeCode": "24Hours",
        "ServiceTypeTitle": "24 Hours",
        "ServiceTypeDesc": "Is 24 Hours?"
      },
      {
        "ServiceId": 2,
        "ParentId": 1,
        "ServiceTypeId": 9,
        "ServiceValue": false,
        "ServiceTypeCode": "Camera",
        "ServiceTypeTitle": "Camera",
        "ServiceTypeDesc": "Has Camera?"
      },
      {
        "ServiceId": 5022,
        "ParentId": 1,
        "ServiceTypeId": 1012,
        "ServiceValue": true,
        "ServiceTypeCode": "DepositAutomation",
        "ServiceTypeTitle": "Deposit Automation",
        "ServiceTypeDesc": "Offers Deposit Automation?"
      },
      {
        "ServiceId": 1,
        "ParentId": 1,
        "ServiceTypeId": 8,
        "ServiceValue": false,
        "ServiceTypeCode": "DriveThru",
        "ServiceTypeTitle": "Drive Thru",
        "ServiceTypeDesc": "Has DriveThru?"
      },
      {
        "ServiceId": 3,
        "ParentId": 1,
        "ServiceTypeId": 10,
        "ServiceValue": true,
        "ServiceTypeCode": "FullService",
        "ServiceTypeTitle": "Full Service",
        "ServiceTypeDesc": "Is Full Service?"
      },
      {
        "ServiceId": 3022,
        "ParentId": 1,
        "ServiceTypeId": 12,
        "ServiceValue": true,
        "ServiceTypeCode": "USDCurrency",
        "ServiceTypeTitle": "USD Currency",
        "ServiceTypeDesc": "Offers USD Currency?"
      }
    ],
    "ATMId": 1,
    "ATMNumber": "A001N865",
    "ATMName": "Lloydminster - Atrium Centre",
    "ModelNumber": "6634",
    "SerialNumber": "30-43533940",
    "LockSerial": "18174968",
    "MainProvider": "NCR FLM",
    "SoftwareVersion": "Canadian Standard Activate V2.0",
    "ATMAddress": "5012 49 Street",
    "Latitude": null,
    "Longitude": null,
    "IPAddress": "10.102.210.11",
    "Gateway": "10.102.210.1",
    "Subnet": "255.255.255.224",
    "OriginalInstallDate": "December 31, 2010",
    "EPPModelNumber": "5815 EPP",
    "EPPCertificateNumber": "PCI 4-20264",
    "EPPPartNumber": "009-0028973",
    "EPPVersionNumber": "INTL_61",
    "EPPInstallDate": null,
    "ReplacementDate": null,
    "IsAddressSameAsBranch": true,
    "ATMImageName": null,
    "Notes": "Branch loads cash and process deposits",
    "InternalNotes": null,
    "BranchName": "Atrium Centre",
    "IsActive": true,
    "PostalCode": null,
    "BranchCityId": 40,
    "BranchAddress": "5012 49 Street",
    "Brinks": "Fort Knox",
    "BalancedBy": "Adam Lamping",
    "Cassette1": "10 CAD",
    "Cassette2": "20 CAD",
    "Cassette3": "50 CAD",
    "Cassette4": "100 USD"
  }
}
 
20:02:17.187 [main] DEBUG karate.org.apache.http.client.protocol.RequestAddCookies - CookieSpec selected: karate
20:02:17.187 [main] DEBUG karate.org.apache.http.client.protocol.RequestAuthCache - Auth cache not set in the context
20:02:17.187 [main] DEBUG com.intuit.karate - request:
1 > GET https://village-branch-directory-xapi.ca-c1.cloudhub.io/api/v1/atm/1009
1 > Host: village-branch-directory-xapi.ca-c1.cloudhub.io
1 > Connection: Keep-Alive
1 > User-Agent: Apache-HttpClient/4.5.13 (Java/19.0.1)
1 > Accept-Encoding: gzip,deflate


20:02:17.188 [main] DEBUG karate.org.apache.http.impl.conn.PoolingHttpClientConnectionManager - Connection request: [route: {s}->https://village-branch-directory-xapi.ca-c1.cloudhub.io:443][total available: 0; route allocated: 0 of 5; total allocated: 0 of 10]
20:02:17.188 [main] DEBUG karate.org.apache.http.impl.conn.PoolingHttpClientConnectionManager - Connection leased: [id: 5][route: {s}->https://village-branch-directory-xapi.ca-c1.cloudhub.io:443][total available: 0; route allocated: 1 of 5; total allocated: 1 of 10]
20:02:17.188 [main] DEBUG karate.org.apache.http.impl.execchain.MainClientExec - Opening connection {s}->https://village-branch-directory-xapi.ca-c1.cloudhub.io:443
20:02:17.189 [main] DEBUG karate.org.apache.http.impl.conn.DefaultHttpClientConnectionOperator - Connecting to village-branch-directory-xapi.ca-c1.cloudhub.io/3.98.101.186:443
20:02:17.189 [main] DEBUG karate.org.apache.http.conn.ssl.SSLConnectionSocketFactory - Connecting socket to village-branch-directory-xapi.ca-c1.cloudhub.io/3.98.101.186:443 with timeout 30000
20:02:17.471 [main] DEBUG karate.org.apache.http.conn.ssl.SSLConnectionSocketFactory - Enabled protocols: [TLSv1.3, TLSv1.2]
20:02:17.471 [main] DEBUG karate.org.apache.http.conn.ssl.SSLConnectionSocketFactory - Enabled cipher suites:[TLS_AES_256_GCM_SHA384, TLS_AES_128_GCM_SHA256, TLS_CHACHA20_POLY1305_SHA256, TLS_ECDHE_ECDSA_WITH_AES_256_GCM_SHA384, TLS_ECDHE_ECDSA_WITH_AES_128_GCM_SHA256, TLS_ECDHE_ECDSA_WITH_CHACHA20_POLY1305_SHA256, TLS_ECDHE_RSA_WITH_AES_256_GCM_SHA384, TLS_ECDHE_RSA_WITH_CHACHA20_POLY1305_SHA256, TLS_ECDHE_RSA_WITH_AES_128_GCM_SHA256, TLS_DHE_RSA_WITH_AES_256_GCM_SHA384, TLS_DHE_RSA_WITH_CHACHA20_POLY1305_SHA256, TLS_DHE_DSS_WITH_AES_256_GCM_SHA384, TLS_DHE_RSA_WITH_AES_128_GCM_SHA256, TLS_DHE_DSS_WITH_AES_128_GCM_SHA256, TLS_ECDHE_ECDSA_WITH_AES_256_CBC_SHA384, TLS_ECDHE_RSA_WITH_AES_256_CBC_SHA384, TLS_ECDHE_ECDSA_WITH_AES_128_CBC_SHA256, TLS_ECDHE_RSA_WITH_AES_128_CBC_SHA256, TLS_DHE_RSA_WITH_AES_256_CBC_SHA256, TLS_DHE_DSS_WITH_AES_256_CBC_SHA256, TLS_DHE_RSA_WITH_AES_128_CBC_SHA256, TLS_DHE_DSS_WITH_AES_128_CBC_SHA256, TLS_ECDH_ECDSA_WITH_AES_256_GCM_SHA384, TLS_ECDH_RSA_WITH_AES_256_GCM_SHA384, TLS_ECDH_ECDSA_WITH_AES_128_GCM_SHA256, TLS_ECDH_RSA_WITH_AES_128_GCM_SHA256, TLS_ECDH_ECDSA_WITH_AES_256_CBC_SHA384, TLS_ECDH_RSA_WITH_AES_256_CBC_SHA384, TLS_ECDH_ECDSA_WITH_AES_128_CBC_SHA256, TLS_ECDH_RSA_WITH_AES_128_CBC_SHA256, TLS_ECDHE_ECDSA_WITH_AES_256_CBC_SHA, TLS_ECDHE_RSA_WITH_AES_256_CBC_SHA, TLS_ECDHE_ECDSA_WITH_AES_128_CBC_SHA, TLS_ECDHE_RSA_WITH_AES_128_CBC_SHA, TLS_DHE_RSA_WITH_AES_256_CBC_SHA, TLS_DHE_DSS_WITH_AES_256_CBC_SHA, TLS_DHE_RSA_WITH_AES_128_CBC_SHA, TLS_DHE_DSS_WITH_AES_128_CBC_SHA, TLS_ECDH_ECDSA_WITH_AES_256_CBC_SHA, TLS_ECDH_RSA_WITH_AES_256_CBC_SHA, TLS_ECDH_ECDSA_WITH_AES_128_CBC_SHA, TLS_ECDH_RSA_WITH_AES_128_CBC_SHA, TLS_RSA_WITH_AES_256_GCM_SHA384, TLS_RSA_WITH_AES_128_GCM_SHA256, TLS_RSA_WITH_AES_256_CBC_SHA256, TLS_RSA_WITH_AES_128_CBC_SHA256, TLS_RSA_WITH_AES_256_CBC_SHA, TLS_RSA_WITH_AES_128_CBC_SHA, TLS_EMPTY_RENEGOTIATION_INFO_SCSV]
20:02:17.471 [main] DEBUG karate.org.apache.http.conn.ssl.SSLConnectionSocketFactory - Starting handshake
20:02:18.065 [main] DEBUG karate.org.apache.http.conn.ssl.SSLConnectionSocketFactory - Secure session established
20:02:18.065 [main] DEBUG karate.org.apache.http.conn.ssl.SSLConnectionSocketFactory -  negotiated protocol: TLSv1.2
20:02:18.065 [main] DEBUG karate.org.apache.http.conn.ssl.SSLConnectionSocketFactory -  negotiated cipher suite: TLS_ECDHE_RSA_WITH_AES_128_GCM_SHA256
20:02:18.065 [main] DEBUG karate.org.apache.http.conn.ssl.SSLConnectionSocketFactory -  peer principal: CN=ca-c1.cloudhub.io
20:02:18.065 [main] DEBUG karate.org.apache.http.conn.ssl.SSLConnectionSocketFactory -  peer alternative names: [ca-c1.cloudhub.io, mr.cloudhub.io, *.ca-c1.cloudhub.io, *.ca.cloudhub.io, *.mr.cloudhub.io, ca.cloudhub.io]
20:02:18.065 [main] DEBUG karate.org.apache.http.conn.ssl.SSLConnectionSocketFactory -  issuer principal: CN=Amazon RSA 2048 M02, O=Amazon, C=US
20:02:18.066 [main] DEBUG karate.org.apache.http.impl.conn.DefaultHttpClientConnectionOperator - Connection established 192.168.1.4:53789<->3.98.101.186:443
20:02:18.066 [main] DEBUG karate.org.apache.http.impl.conn.DefaultManagedHttpClientConnection - http-outgoing-5: set socket timeout to 30000
20:02:18.066 [main] DEBUG karate.org.apache.http.impl.execchain.MainClientExec - Executing request GET /api/v1/atm/1009 HTTP/1.1
20:02:18.067 [main] DEBUG karate.org.apache.http.impl.execchain.MainClientExec - Target auth state: UNCHALLENGED
20:02:18.067 [main] DEBUG karate.org.apache.http.impl.execchain.MainClientExec - Proxy auth state: UNCHALLENGED
20:02:18.067 [main] DEBUG karate.org.apache.http.headers - http-outgoing-5 >> GET /api/v1/atm/1009 HTTP/1.1
20:02:18.067 [main] DEBUG karate.org.apache.http.headers - http-outgoing-5 >> Host: village-branch-directory-xapi.ca-c1.cloudhub.io
20:02:18.067 [main] DEBUG karate.org.apache.http.headers - http-outgoing-5 >> Connection: Keep-Alive
20:02:18.067 [main] DEBUG karate.org.apache.http.headers - http-outgoing-5 >> User-Agent: Apache-HttpClient/4.5.13 (Java/19.0.1)
20:02:18.067 [main] DEBUG karate.org.apache.http.headers - http-outgoing-5 >> Accept-Encoding: gzip,deflate
20:02:18.067 [main] DEBUG karate.org.apache.http.wire - http-outgoing-5 >> "GET /api/v1/atm/1009 HTTP/1.1[\r][\n]"
20:02:18.067 [main] DEBUG karate.org.apache.http.wire - http-outgoing-5 >> "Host: village-branch-directory-xapi.ca-c1.cloudhub.io[\r][\n]"
20:02:18.067 [main] DEBUG karate.org.apache.http.wire - http-outgoing-5 >> "Connection: Keep-Alive[\r][\n]"
20:02:18.067 [main] DEBUG karate.org.apache.http.wire - http-outgoing-5 >> "User-Agent: Apache-HttpClient/4.5.13 (Java/19.0.1)[\r][\n]"
20:02:18.067 [main] DEBUG karate.org.apache.http.wire - http-outgoing-5 >> "Accept-Encoding: gzip,deflate[\r][\n]"
20:02:18.067 [main] DEBUG karate.org.apache.http.wire - http-outgoing-5 >> "[\r][\n]"
20:02:18.492 [main] DEBUG karate.org.apache.http.wire - http-outgoing-5 << "HTTP/1.1 200 OK[\r][\n]"
20:02:18.492 [main] DEBUG karate.org.apache.http.wire - http-outgoing-5 << "Content-Type: application/json; charset=UTF-8[\r][\n]"
20:02:18.492 [main] DEBUG karate.org.apache.http.wire - http-outgoing-5 << "Date: Mon, 17 Apr 2023 14:32:18 GMT[\r][\n]"
20:02:18.492 [main] DEBUG karate.org.apache.http.wire - http-outgoing-5 << "Server: nginx[\r][\n]"
20:02:18.492 [main] DEBUG karate.org.apache.http.wire - http-outgoing-5 << "Content-Length: 230[\r][\n]"
20:02:18.492 [main] DEBUG karate.org.apache.http.wire - http-outgoing-5 << "Connection: keep-alive[\r][\n]"
20:02:18.492 [main] DEBUG karate.org.apache.http.wire - http-outgoing-5 << "[\r][\n]"
20:02:18.492 [main] DEBUG karate.org.apache.http.wire - http-outgoing-5 << "{[\n]"
20:02:18.492 [main] DEBUG karate.org.apache.http.wire - http-outgoing-5 << "  "Messages": [[\n]"
20:02:18.492 [main] DEBUG karate.org.apache.http.wire - http-outgoing-5 << "    {[\n]"
20:02:18.492 [main] DEBUG karate.org.apache.http.wire - http-outgoing-5 << "      "MessageCode": "GACH100",[\n]"
20:02:18.492 [main] DEBUG karate.org.apache.http.wire - http-outgoing-5 << "      "MessageText": "We couldn't find the ATM",[\n]"
20:02:18.492 [main] DEBUG karate.org.apache.http.wire - http-outgoing-5 << "      "MessageSeverity": "Information"[\n]"
20:02:18.492 [main] DEBUG karate.org.apache.http.wire - http-outgoing-5 << "    }[\n]"
20:02:18.492 [main] DEBUG karate.org.apache.http.wire - http-outgoing-5 << "  ],[\n]"
20:02:18.493 [main] DEBUG karate.org.apache.http.wire - http-outgoing-5 << "  "ApiVersionNumber": "1.3.0.0",[\n]"
20:02:18.493 [main] DEBUG karate.org.apache.http.wire - http-outgoing-5 << "  "IsSuccess": false,[\n]"
20:02:18.493 [main] DEBUG karate.org.apache.http.wire - http-outgoing-5 << "  "Response": null[\n]"
20:02:18.493 [main] DEBUG karate.org.apache.http.wire - http-outgoing-5 << "}"
20:02:18.493 [main] DEBUG karate.org.apache.http.headers - http-outgoing-5 << HTTP/1.1 200 OK
20:02:18.493 [main] DEBUG karate.org.apache.http.headers - http-outgoing-5 << Content-Type: application/json; charset=UTF-8
20:02:18.493 [main] DEBUG karate.org.apache.http.headers - http-outgoing-5 << Date: Mon, 17 Apr 2023 14:32:18 GMT
20:02:18.493 [main] DEBUG karate.org.apache.http.headers - http-outgoing-5 << Server: nginx
20:02:18.493 [main] DEBUG karate.org.apache.http.headers - http-outgoing-5 << Content-Length: 230
20:02:18.493 [main] DEBUG karate.org.apache.http.headers - http-outgoing-5 << Connection: keep-alive
20:02:18.493 [main] DEBUG karate.org.apache.http.impl.execchain.MainClientExec - Connection can be kept alive indefinitely
20:02:18.494 [main] DEBUG karate.org.apache.http.impl.conn.PoolingHttpClientConnectionManager - Connection [id: 5][route: {s}->https://village-branch-directory-xapi.ca-c1.cloudhub.io:443] can be kept alive indefinitely
20:02:18.494 [main] DEBUG karate.org.apache.http.impl.conn.DefaultManagedHttpClientConnection - http-outgoing-5: set socket timeout to 0
20:02:18.494 [main] DEBUG karate.org.apache.http.impl.conn.PoolingHttpClientConnectionManager - Connection released: [id: 5][route: {s}->https://village-branch-directory-xapi.ca-c1.cloudhub.io:443][total available: 1; route allocated: 1 of 5; total allocated: 1 of 10]
20:02:18.494 [main] DEBUG com.intuit.karate - response time in milliseconds: 1307
1 < 200
1 < Content-Type: application/json; charset=UTF-8
1 < Date: Mon, 17 Apr 2023 14:32:18 GMT
1 < Server: nginx
1 < Content-Length: 230
1 < Connection: keep-alive
{
  "Messages": [
    {
      "MessageCode": "GACH100",
      "MessageText": "We couldn't find the ATM",
      "MessageSeverity": "Information"
    }
  ],
  "ApiVersionNumber": "1.3.0.0",
  "IsSuccess": false,
  "Response": null
}

20:02:18.499 [main] INFO com.intuit.karate - [print] response: false 
20:02:18.501 [main] DEBUG com.jayway.jsonpath.internal.path.CompiledPath - Evaluating path: $['IsSuccess']
20:02:18.518 [main] DEBUG karate.org.apache.http.client.protocol.RequestAddCookies - CookieSpec selected: karate
20:02:18.518 [main] DEBUG karate.org.apache.http.client.protocol.RequestAuthCache - Auth cache not set in the context
20:02:18.518 [main] DEBUG com.intuit.karate - request:
1 > GET https://village-branch-directory-xapi.ca-c1.cloudhub.io/api/v1//healthcheck
1 > Host: village-branch-directory-xapi.ca-c1.cloudhub.io
1 > Connection: Keep-Alive
1 > User-Agent: Apache-HttpClient/4.5.13 (Java/19.0.1)
1 > Accept-Encoding: gzip,deflate


20:02:18.519 [main] DEBUG karate.org.apache.http.impl.conn.PoolingHttpClientConnectionManager - Connection request: [route: {s}->https://village-branch-directory-xapi.ca-c1.cloudhub.io:443][total available: 0; route allocated: 0 of 5; total allocated: 0 of 10]
20:02:18.519 [main] DEBUG karate.org.apache.http.impl.conn.PoolingHttpClientConnectionManager - Connection leased: [id: 6][route: {s}->https://village-branch-directory-xapi.ca-c1.cloudhub.io:443][total available: 0; route allocated: 1 of 5; total allocated: 1 of 10]
20:02:18.519 [main] DEBUG karate.org.apache.http.impl.execchain.MainClientExec - Opening connection {s}->https://village-branch-directory-xapi.ca-c1.cloudhub.io:443
20:02:18.519 [main] DEBUG karate.org.apache.http.impl.conn.DefaultHttpClientConnectionOperator - Connecting to village-branch-directory-xapi.ca-c1.cloudhub.io/3.98.101.186:443
20:02:18.519 [main] DEBUG karate.org.apache.http.conn.ssl.SSLConnectionSocketFactory - Connecting socket to village-branch-directory-xapi.ca-c1.cloudhub.io/3.98.101.186:443 with timeout 30000
20:02:18.797 [main] DEBUG karate.org.apache.http.conn.ssl.SSLConnectionSocketFactory - Enabled protocols: [TLSv1.3, TLSv1.2]
20:02:18.798 [main] DEBUG karate.org.apache.http.conn.ssl.SSLConnectionSocketFactory - Enabled cipher suites:[TLS_AES_256_GCM_SHA384, TLS_AES_128_GCM_SHA256, TLS_CHACHA20_POLY1305_SHA256, TLS_ECDHE_ECDSA_WITH_AES_256_GCM_SHA384, TLS_ECDHE_ECDSA_WITH_AES_128_GCM_SHA256, TLS_ECDHE_ECDSA_WITH_CHACHA20_POLY1305_SHA256, TLS_ECDHE_RSA_WITH_AES_256_GCM_SHA384, TLS_ECDHE_RSA_WITH_CHACHA20_POLY1305_SHA256, TLS_ECDHE_RSA_WITH_AES_128_GCM_SHA256, TLS_DHE_RSA_WITH_AES_256_GCM_SHA384, TLS_DHE_RSA_WITH_CHACHA20_POLY1305_SHA256, TLS_DHE_DSS_WITH_AES_256_GCM_SHA384, TLS_DHE_RSA_WITH_AES_128_GCM_SHA256, TLS_DHE_DSS_WITH_AES_128_GCM_SHA256, TLS_ECDHE_ECDSA_WITH_AES_256_CBC_SHA384, TLS_ECDHE_RSA_WITH_AES_256_CBC_SHA384, TLS_ECDHE_ECDSA_WITH_AES_128_CBC_SHA256, TLS_ECDHE_RSA_WITH_AES_128_CBC_SHA256, TLS_DHE_RSA_WITH_AES_256_CBC_SHA256, TLS_DHE_DSS_WITH_AES_256_CBC_SHA256, TLS_DHE_RSA_WITH_AES_128_CBC_SHA256, TLS_DHE_DSS_WITH_AES_128_CBC_SHA256, TLS_ECDH_ECDSA_WITH_AES_256_GCM_SHA384, TLS_ECDH_RSA_WITH_AES_256_GCM_SHA384, TLS_ECDH_ECDSA_WITH_AES_128_GCM_SHA256, TLS_ECDH_RSA_WITH_AES_128_GCM_SHA256, TLS_ECDH_ECDSA_WITH_AES_256_CBC_SHA384, TLS_ECDH_RSA_WITH_AES_256_CBC_SHA384, TLS_ECDH_ECDSA_WITH_AES_128_CBC_SHA256, TLS_ECDH_RSA_WITH_AES_128_CBC_SHA256, TLS_ECDHE_ECDSA_WITH_AES_256_CBC_SHA, TLS_ECDHE_RSA_WITH_AES_256_CBC_SHA, TLS_ECDHE_ECDSA_WITH_AES_128_CBC_SHA, TLS_ECDHE_RSA_WITH_AES_128_CBC_SHA, TLS_DHE_RSA_WITH_AES_256_CBC_SHA, TLS_DHE_DSS_WITH_AES_256_CBC_SHA, TLS_DHE_RSA_WITH_AES_128_CBC_SHA, TLS_DHE_DSS_WITH_AES_128_CBC_SHA, TLS_ECDH_ECDSA_WITH_AES_256_CBC_SHA, TLS_ECDH_RSA_WITH_AES_256_CBC_SHA, TLS_ECDH_ECDSA_WITH_AES_128_CBC_SHA, TLS_ECDH_RSA_WITH_AES_128_CBC_SHA, TLS_RSA_WITH_AES_256_GCM_SHA384, TLS_RSA_WITH_AES_128_GCM_SHA256, TLS_RSA_WITH_AES_256_CBC_SHA256, TLS_RSA_WITH_AES_128_CBC_SHA256, TLS_RSA_WITH_AES_256_CBC_SHA, TLS_RSA_WITH_AES_128_CBC_SHA, TLS_EMPTY_RENEGOTIATION_INFO_SCSV]
20:02:18.798 [main] DEBUG karate.org.apache.http.conn.ssl.SSLConnectionSocketFactory - Starting handshake
20:02:19.368 [main] DEBUG karate.org.apache.http.conn.ssl.SSLConnectionSocketFactory - Secure session established
20:02:19.368 [main] DEBUG karate.org.apache.http.conn.ssl.SSLConnectionSocketFactory -  negotiated protocol: TLSv1.2
20:02:19.368 [main] DEBUG karate.org.apache.http.conn.ssl.SSLConnectionSocketFactory -  negotiated cipher suite: TLS_ECDHE_RSA_WITH_AES_128_GCM_SHA256
20:02:19.368 [main] DEBUG karate.org.apache.http.conn.ssl.SSLConnectionSocketFactory -  peer principal: CN=ca-c1.cloudhub.io
20:02:19.368 [main] DEBUG karate.org.apache.http.conn.ssl.SSLConnectionSocketFactory -  peer alternative names: [ca-c1.cloudhub.io, mr.cloudhub.io, *.ca-c1.cloudhub.io, *.ca.cloudhub.io, *.mr.cloudhub.io, ca.cloudhub.io]
20:02:19.368 [main] DEBUG karate.org.apache.http.conn.ssl.SSLConnectionSocketFactory -  issuer principal: CN=Amazon RSA 2048 M02, O=Amazon, C=US
20:02:19.369 [main] DEBUG karate.org.apache.http.impl.conn.DefaultHttpClientConnectionOperator - Connection established 192.168.1.4:53790<->3.98.101.186:443
20:02:19.369 [main] DEBUG karate.org.apache.http.impl.conn.DefaultManagedHttpClientConnection - http-outgoing-6: set socket timeout to 30000
20:02:19.369 [main] DEBUG karate.org.apache.http.impl.execchain.MainClientExec - Executing request GET /api/v1/healthcheck HTTP/1.1
20:02:19.369 [main] DEBUG karate.org.apache.http.impl.execchain.MainClientExec - Target auth state: UNCHALLENGED
20:02:19.369 [main] DEBUG karate.org.apache.http.impl.execchain.MainClientExec - Proxy auth state: UNCHALLENGED
20:02:19.370 [main] DEBUG karate.org.apache.http.headers - http-outgoing-6 >> GET /api/v1/healthcheck HTTP/1.1
20:02:19.370 [main] DEBUG karate.org.apache.http.headers - http-outgoing-6 >> Host: village-branch-directory-xapi.ca-c1.cloudhub.io
20:02:19.370 [main] DEBUG karate.org.apache.http.headers - http-outgoing-6 >> Connection: Keep-Alive
20:02:19.370 [main] DEBUG karate.org.apache.http.headers - http-outgoing-6 >> User-Agent: Apache-HttpClient/4.5.13 (Java/19.0.1)
20:02:19.370 [main] DEBUG karate.org.apache.http.headers - http-outgoing-6 >> Accept-Encoding: gzip,deflate
20:02:19.370 [main] DEBUG karate.org.apache.http.wire - http-outgoing-6 >> "GET /api/v1/healthcheck HTTP/1.1[\r][\n]"
20:02:19.370 [main] DEBUG karate.org.apache.http.wire - http-outgoing-6 >> "Host: village-branch-directory-xapi.ca-c1.cloudhub.io[\r][\n]"
20:02:19.370 [main] DEBUG karate.org.apache.http.wire - http-outgoing-6 >> "Connection: Keep-Alive[\r][\n]"
20:02:19.370 [main] DEBUG karate.org.apache.http.wire - http-outgoing-6 >> "User-Agent: Apache-HttpClient/4.5.13 (Java/19.0.1)[\r][\n]"
20:02:19.370 [main] DEBUG karate.org.apache.http.wire - http-outgoing-6 >> "Accept-Encoding: gzip,deflate[\r][\n]"
20:02:19.370 [main] DEBUG karate.org.apache.http.wire - http-outgoing-6 >> "[\r][\n]"
20:02:19.776 [main] DEBUG karate.org.apache.http.wire - http-outgoing-6 << "HTTP/1.1 200 OK[\r][\n]"
20:02:19.776 [main] DEBUG karate.org.apache.http.wire - http-outgoing-6 << "Content-Type: application/json; charset=UTF-8[\r][\n]"
20:02:19.776 [main] DEBUG karate.org.apache.http.wire - http-outgoing-6 << "Date: Mon, 17 Apr 2023 14:32:19 GMT[\r][\n]"
20:02:19.776 [main] DEBUG karate.org.apache.http.wire - http-outgoing-6 << "Server: nginx[\r][\n]"
20:02:19.776 [main] DEBUG karate.org.apache.http.wire - http-outgoing-6 << "Content-Length: 303[\r][\n]"
20:02:19.776 [main] DEBUG karate.org.apache.http.wire - http-outgoing-6 << "Connection: keep-alive[\r][\n]"
20:02:19.776 [main] DEBUG karate.org.apache.http.wire - http-outgoing-6 << "[\r][\n]"
20:02:19.776 [main] DEBUG karate.org.apache.http.wire - http-outgoing-6 << "{"Messages":[{"MessageCode":"HC010","MessageText":"Application successfully connected to database.","MessageSeverity":"Information"},{"MessageCode":"HC030","MessageText":"Successfully connected to WEB API.","MessageSeverity":"Information"}],"ApiVersionNumber":"1.3.0.0","IsSuccess":true,"Response":null}"
20:02:19.777 [main] DEBUG karate.org.apache.http.headers - http-outgoing-6 << HTTP/1.1 200 OK
20:02:19.777 [main] DEBUG karate.org.apache.http.headers - http-outgoing-6 << Content-Type: application/json; charset=UTF-8
20:02:19.777 [main] DEBUG karate.org.apache.http.headers - http-outgoing-6 << Date: Mon, 17 Apr 2023 14:32:19 GMT
20:02:19.777 [main] DEBUG karate.org.apache.http.headers - http-outgoing-6 << Server: nginx
20:02:19.777 [main] DEBUG karate.org.apache.http.headers - http-outgoing-6 << Content-Length: 303
20:02:19.777 [main] DEBUG karate.org.apache.http.headers - http-outgoing-6 << Connection: keep-alive
20:02:19.777 [main] DEBUG karate.org.apache.http.impl.execchain.MainClientExec - Connection can be kept alive indefinitely
20:02:19.777 [main] DEBUG karate.org.apache.http.impl.conn.PoolingHttpClientConnectionManager - Connection [id: 6][route: {s}->https://village-branch-directory-xapi.ca-c1.cloudhub.io:443] can be kept alive indefinitely
20:02:19.777 [main] DEBUG karate.org.apache.http.impl.conn.DefaultManagedHttpClientConnection - http-outgoing-6: set socket timeout to 0
20:02:19.777 [main] DEBUG karate.org.apache.http.impl.conn.PoolingHttpClientConnectionManager - Connection released: [id: 6][route: {s}->https://village-branch-directory-xapi.ca-c1.cloudhub.io:443][total available: 1; route allocated: 1 of 5; total allocated: 1 of 10]
20:02:19.778 [main] DEBUG com.intuit.karate - response time in milliseconds: 1259
1 < 200
1 < Content-Type: application/json; charset=UTF-8
1 < Date: Mon, 17 Apr 2023 14:32:19 GMT
1 < Server: nginx
1 < Content-Length: 303
1 < Connection: keep-alive
{"Messages":[{"MessageCode":"HC010","MessageText":"Application successfully connected to database.","MessageSeverity":"Information"},{"MessageCode":"HC030","MessageText":"Successfully connected to WEB API.","MessageSeverity":"Information"}],"ApiVersionNumber":"1.3.0.0","IsSuccess":true,"Response":null}

20:02:19.780 [main] INFO com.intuit.karate - [print] response: {
  "Messages": [
    {
      "MessageCode": "HC010",
      "MessageText": "Application successfully connected to database.",
      "MessageSeverity": "Information"
    },
    {
      "MessageCode": "HC030",
      "MessageText": "Successfully connected to WEB API.",
      "MessageSeverity": "Information"
    }
  ],
  "ApiVersionNumber": "1.3.0.0",
  "IsSuccess": true,
  "Response": null
}
 
20:02:19.850 [main] DEBUG karate.org.thymeleaf.TemplateEngine - [THYMELEAF] INITIALIZING TEMPLATE ENGINE
20:02:19.868 [main] DEBUG karate.org.thymeleaf.TemplateEngine.CONFIG - Initializing Thymeleaf Template engine configuration...
[THYMELEAF] TEMPLATE ENGINE CONFIGURATION:
[THYMELEAF] * Thymeleaf version: 3.0.14.RELEASE (built 2021-12-08T00:45:29+0000)
[THYMELEAF] * Cache Manager implementation: karate.org.thymeleaf.cache.StandardCacheManager
[THYMELEAF] * Template resolvers:
[THYMELEAF]     * [1] com.intuit.karate.template.ResourceHtmlTemplateResolver
[THYMELEAF] * Message resolvers:
[THYMELEAF]     * karate.org.thymeleaf.messageresolver.StandardMessageResolver
[THYMELEAF] * Link builders:
[THYMELEAF]     * karate.org.thymeleaf.linkbuilder.StandardLinkBuilder
[THYMELEAF] * Dialect [1 of 2]: Standard (com.intuit.karate.template.KarateStandardDialect)
[THYMELEAF]     * Prefix: "th"
[THYMELEAF]     * Processors for Template Mode: HTML
[THYMELEAF]         * Element Tag Processors by [matching element and attribute name] [precedence]:
[THYMELEAF]             * [* {th:include,data-th-include}] [100]: karate.org.thymeleaf.standard.processor.StandardIncludeTagProcessor
[THYMELEAF]             * [* {th:insert,data-th-insert}] [100]: karate.org.thymeleaf.standard.processor.StandardInsertTagProcessor
[THYMELEAF]             * [* {th:replace,data-th-replace}] [100]: karate.org.thymeleaf.standard.processor.StandardReplaceTagProcessor
[THYMELEAF]             * [* {th:substituteby,data-th-substituteby}] [100]: karate.org.thymeleaf.standard.processor.StandardSubstituteByTagProcessor
[THYMELEAF]             * [* {th:each,data-th-each}] [200]: com.intuit.karate.template.KarateEachTagProcessor
[THYMELEAF]             * [* {th:switch,data-th-switch}] [250]: karate.org.thymeleaf.standard.processor.StandardSwitchTagProcessor
[THYMELEAF]             * [* {th:case,data-th-case}] [275]: karate.org.thymeleaf.standard.processor.StandardCaseTagProcessor
[THYMELEAF]             * [* {th:if,data-th-if}] [300]: karate.org.thymeleaf.standard.processor.StandardIfTagProcessor
[THYMELEAF]             * [* {th:unless,data-th-unless}] [400]: karate.org.thymeleaf.standard.processor.StandardUnlessTagProcessor
[THYMELEAF]             * [* {th:object,data-th-object}] [500]: karate.org.thymeleaf.standard.processor.StandardObjectTagProcessor
[THYMELEAF]             * [* {th:with,data-th-with}] [600]: com.intuit.karate.template.KarateWithTagProcessor
[THYMELEAF]             * [* {th:attr,data-th-attr}] [700]: com.intuit.karate.template.KarateAttributeTagProcessor.KarateAttrTagProcessor
[THYMELEAF]             * [* {th:attrappend,data-th-attrappend}] [900]: com.intuit.karate.template.KarateAttributeTagProcessor.KarateAttrappendTagProcessor
[THYMELEAF]             * [* {th:attrprepend,data-th-attrprepend}] [900]: com.intuit.karate.template.KarateAttributeTagProcessor.KarateAttrprependTagProcessor
[THYMELEAF]             * [* {th:alt-title,data-th-alt-title}] [990]: karate.org.thymeleaf.standard.processor.StandardAltTitleTagProcessor
[THYMELEAF]             * [* {th:lang-xmllang,data-th-lang-xmllang}] [990]: karate.org.thymeleaf.standard.processor.StandardLangXmlLangTagProcessor
[THYMELEAF]             * [* {th:action,data-th-action}] [1000]: karate.org.thymeleaf.standard.processor.StandardActionTagProcessor
[THYMELEAF]             * [* {th:controls,data-th-controls}] [1000]: karate.org.thymeleaf.standard.processor.StandardConditionalFixedValueTagProcessor
[THYMELEAF]             * [* {th:seamless,data-th-seamless}] [1000]: karate.org.thymeleaf.standard.processor.StandardConditionalFixedValueTagProcessor
[THYMELEAF]             * [* {th:nowrap,data-th-nowrap}] [1000]: karate.org.thymeleaf.standard.processor.StandardConditionalFixedValueTagProcessor
[THYMELEAF]             * [* {th:readonly,data-th-readonly}] [1000]: karate.org.thymeleaf.standard.processor.StandardConditionalFixedValueTagProcessor
[THYMELEAF]             * [* {th:declare,data-th-declare}] [1000]: karate.org.thymeleaf.standard.processor.StandardConditionalFixedValueTagProcessor
[THYMELEAF]             * [* {th:novalidate,data-th-novalidate}] [1000]: karate.org.thymeleaf.standard.processor.StandardConditionalFixedValueTagProcessor
[THYMELEAF]             * [* {th:selected,data-th-selected}] [1000]: karate.org.thymeleaf.standard.processor.StandardConditionalFixedValueTagProcessor
[THYMELEAF]             * [* {th:formnovalidate,data-th-formnovalidate}] [1000]: karate.org.thymeleaf.standard.processor.StandardConditionalFixedValueTagProcessor
[THYMELEAF]             * [* {th:hidden,data-th-hidden}] [1000]: karate.org.thymeleaf.standard.processor.StandardConditionalFixedValueTagProcessor
[THYMELEAF]             * [* {th:reversed,data-th-reversed}] [1000]: karate.org.thymeleaf.standard.processor.StandardConditionalFixedValueTagProcessor
[THYMELEAF]             * [* {th:ismap,data-th-ismap}] [1000]: karate.org.thymeleaf.standard.processor.StandardConditionalFixedValueTagProcessor
[THYMELEAF]             * [* {th:loop,data-th-loop}] [1000]: karate.org.thymeleaf.standard.processor.StandardConditionalFixedValueTagProcessor
[THYMELEAF]             * [* {th:pubdate,data-th-pubdate}] [1000]: karate.org.thymeleaf.standard.processor.StandardConditionalFixedValueTagProcessor
[THYMELEAF]             * [* {th:open,data-th-open}] [1000]: karate.org.thymeleaf.standard.processor.StandardConditionalFixedValueTagProcessor
[THYMELEAF]             * [* {th:required,data-th-required}] [1000]: karate.org.thymeleaf.standard.processor.StandardConditionalFixedValueTagProcessor
[THYMELEAF]             * [* {th:autofocus,data-th-autofocus}] [1000]: karate.org.thymeleaf.standard.processor.StandardConditionalFixedValueTagProcessor
[THYMELEAF]             * [* {th:async,data-th-async}] [1000]: karate.org.thymeleaf.standard.processor.StandardConditionalFixedValueTagProcessor
[THYMELEAF]             * [* {th:defer,data-th-defer}] [1000]: karate.org.thymeleaf.standard.processor.StandardConditionalFixedValueTagProcessor
[THYMELEAF]             * [* {th:checked,data-th-checked}] [1000]: karate.org.thymeleaf.standard.processor.StandardConditionalFixedValueTagProcessor
[THYMELEAF]             * [* {th:scoped,data-th-scoped}] [1000]: karate.org.thymeleaf.standard.processor.StandardConditionalFixedValueTagProcessor
[THYMELEAF]             * [* {th:default,data-th-default}] [1000]: karate.org.thymeleaf.standard.processor.StandardConditionalFixedValueTagProcessor
[THYMELEAF]             * [* {th:autoplay,data-th-autoplay}] [1000]: karate.org.thymeleaf.standard.processor.StandardConditionalFixedValueTagProcessor
[THYMELEAF]             * [* {th:multiple,data-th-multiple}] [1000]: karate.org.thymeleaf.standard.processor.StandardConditionalFixedValueTagProcessor
[THYMELEAF]             * [* {th:disabled,data-th-disabled}] [1000]: karate.org.thymeleaf.standard.processor.StandardConditionalFixedValueTagProcessor
[THYMELEAF]             * [* {th:onscroll,data-th-onscroll}] [1000]: karate.org.thymeleaf.standard.processor.StandardDOMEventAttributeTagProcessor
[THYMELEAF]             * [* {th:onundo,data-th-onundo}] [1000]: karate.org.thymeleaf.standard.processor.StandardDOMEventAttributeTagProcessor
[THYMELEAF]             * [* {th:onmouseup,data-th-onmouseup}] [1000]: karate.org.thymeleaf.standard.processor.StandardDOMEventAttributeTagProcessor
[THYMELEAF]             * [* {th:onload,data-th-onload}] [1000]: karate.org.thymeleaf.standard.processor.StandardDOMEventAttributeTagProcessor
[THYMELEAF]             * [* {th:onfocus,data-th-onfocus}] [1000]: karate.org.thymeleaf.standard.processor.StandardDOMEventAttributeTagProcessor
[THYMELEAF]             * [* {th:onended,data-th-onended}] [1000]: karate.org.thymeleaf.standard.processor.StandardDOMEventAttributeTagProcessor
[THYMELEAF]             * [* {th:onblur,data-th-onblur}] [1000]: karate.org.thymeleaf.standard.processor.StandardDOMEventAttributeTagProcessor
[THYMELEAF]             * [* {th:ondragover,data-th-ondragover}] [1000]: karate.org.thymeleaf.standard.processor.StandardDOMEventAttributeTagProcessor
[THYMELEAF]             * [* {th:onredo,data-th-onredo}] [1000]: karate.org.thymeleaf.standard.processor.StandardDOMEventAttributeTagProcessor
[THYMELEAF]             * [* {th:onpopstate,data-th-onpopstate}] [1000]: karate.org.thymeleaf.standard.processor.StandardDOMEventAttributeTagProcessor
[THYMELEAF]             * [* {th:onkeypress,data-th-onkeypress}] [1000]: karate.org.thymeleaf.standard.processor.StandardDOMEventAttributeTagProcessor
[THYMELEAF]             * [* {th:oncanplaythrough,data-th-oncanplaythrough}] [1000]: karate.org.thymeleaf.standard.processor.StandardDOMEventAttributeTagProcessor
[THYMELEAF]             * [* {th:onafterprint,data-th-onafterprint}] [1000]: karate.org.thymeleaf.standard.processor.StandardDOMEventAttributeTagProcessor
[THYMELEAF]             * [* {th:onshow,data-th-onshow}] [1000]: karate.org.thymeleaf.standard.processor.StandardDOMEventAttributeTagProcessor
[THYMELEAF]             * [* {th:onloadedmetadata,data-th-onloadedmetadata}] [1000]: karate.org.thymeleaf.standard.processor.StandardDOMEventAttributeTagProcessor
[THYMELEAF]             * [* {th:onemptied,data-th-onemptied}] [1000]: karate.org.thymeleaf.standard.processor.StandardDOMEventAttributeTagProcessor
[THYMELEAF]             * [* {th:onabort,data-th-onabort}] [1000]: karate.org.thymeleaf.standard.processor.StandardDOMEventAttributeTagProcessor
[THYMELEAF]             * [* {th:onmousedown,data-th-onmousedown}] [1000]: karate.org.thymeleaf.standard.processor.StandardDOMEventAttributeTagProcessor
[THYMELEAF]             * [* {th:onkeydown,data-th-onkeydown}] [1000]: karate.org.thymeleaf.standard.processor.StandardDOMEventAttributeTagProcessor
[THYMELEAF]             * [* {th:onvolumechange,data-th-onvolumechange}] [1000]: karate.org.thymeleaf.standard.processor.StandardDOMEventAttributeTagProcessor
[THYMELEAF]             * [* {th:onprogress,data-th-onprogress}] [1000]: karate.org.thymeleaf.standard.processor.StandardDOMEventAttributeTagProcessor
[THYMELEAF]             * [* {th:onloadstart,data-th-onloadstart}] [1000]: karate.org.thymeleaf.standard.processor.StandardDOMEventAttributeTagProcessor
[THYMELEAF]             * [* {th:onmousemove,data-th-onmousemove}] [1000]: karate.org.thymeleaf.standard.processor.StandardDOMEventAttributeTagProcessor
[THYMELEAF]             * [* {th:oncontextmenu,data-th-oncontextmenu}] [1000]: karate.org.thymeleaf.standard.processor.StandardDOMEventAttributeTagProcessor
[THYMELEAF]             * [* {th:onoffline,data-th-onoffline}] [1000]: karate.org.thymeleaf.standard.processor.StandardDOMEventAttributeTagProcessor
[THYMELEAF]             * [* {th:ondragenter,data-th-ondragenter}] [1000]: karate.org.thymeleaf.standard.processor.StandardDOMEventAttributeTagProcessor
[THYMELEAF]             * [* {th:onforminput,data-th-onforminput}] [1000]: karate.org.thymeleaf.standard.processor.StandardDOMEventAttributeTagProcessor
[THYMELEAF]             * [* {th:onchange,data-th-onchange}] [1000]: karate.org.thymeleaf.standard.processor.StandardDOMEventAttributeTagProcessor
[THYMELEAF]             * [* {th:onstorage,data-th-onstorage}] [1000]: karate.org.thymeleaf.standard.processor.StandardDOMEventAttributeTagProcessor
[THYMELEAF]             * [* {th:oninput,data-th-oninput}] [1000]: karate.org.thymeleaf.standard.processor.StandardDOMEventAttributeTagProcessor
[THYMELEAF]             * [* {th:onhashchange,data-th-onhashchange}] [1000]: karate.org.thymeleaf.standard.processor.StandardDOMEventAttributeTagProcessor
[THYMELEAF]             * [* {th:onselect,data-th-onselect}] [1000]: karate.org.thymeleaf.standard.processor.StandardDOMEventAttributeTagProcessor
[THYMELEAF]             * [* {th:onloadeddata,data-th-onloadeddata}] [1000]: karate.org.thymeleaf.standard.processor.StandardDOMEventAttributeTagProcessor
[THYMELEAF]             * [* {th:ondurationchange,data-th-ondurationchange}] [1000]: karate.org.thymeleaf.standard.processor.StandardDOMEventAttributeTagProcessor
[THYMELEAF]             * [* {th:ontimeupdate,data-th-ontimeupdate}] [1000]: karate.org.thymeleaf.standard.processor.StandardDOMEventAttributeTagProcessor
[THYMELEAF]             * [* {th:onseeking,data-th-onseeking}] [1000]: karate.org.thymeleaf.standard.processor.StandardDOMEventAttributeTagProcessor
[THYMELEAF]             * [* {th:onwaiting,data-th-onwaiting}] [1000]: karate.org.thymeleaf.standard.processor.StandardDOMEventAttributeTagProcessor
[THYMELEAF]             * [* {th:ondblclick,data-th-ondblclick}] [1000]: karate.org.thymeleaf.standard.processor.StandardDOMEventAttributeTagProcessor
[THYMELEAF]             * [* {th:onstalled,data-th-onstalled}] [1000]: karate.org.thymeleaf.standard.processor.StandardDOMEventAttributeTagProcessor
[THYMELEAF]             * [* {th:onmouseover,data-th-onmouseover}] [1000]: karate.org.thymeleaf.standard.processor.StandardDOMEventAttributeTagProcessor
[THYMELEAF]             * [* {th:onclick,data-th-onclick}] [1000]: karate.org.thymeleaf.standard.processor.StandardDOMEventAttributeTagProcessor
[THYMELEAF]             * [* {th:onsubmit,data-th-onsubmit}] [1000]: karate.org.thymeleaf.standard.processor.StandardDOMEventAttributeTagProcessor
[THYMELEAF]             * [* {th:ondrag,data-th-ondrag}] [1000]: karate.org.thymeleaf.standard.processor.StandardDOMEventAttributeTagProcessor
[THYMELEAF]             * [* {th:oninvalid,data-th-oninvalid}] [1000]: karate.org.thymeleaf.standard.processor.StandardDOMEventAttributeTagProcessor
[THYMELEAF]             * [* {th:ondragstart,data-th-ondragstart}] [1000]: karate.org.thymeleaf.standard.processor.StandardDOMEventAttributeTagProcessor
[THYMELEAF]             * [* {th:onplay,data-th-onplay}] [1000]: karate.org.thymeleaf.standard.processor.StandardDOMEventAttributeTagProcessor
[THYMELEAF]             * [* {th:onbeforeunload,data-th-onbeforeunload}] [1000]: karate.org.thymeleaf.standard.processor.StandardDOMEventAttributeTagProcessor
[THYMELEAF]             * [* {th:onunload,data-th-onunload}] [1000]: karate.org.thymeleaf.standard.processor.StandardDOMEventAttributeTagProcessor
[THYMELEAF]             * [* {th:onseeked,data-th-onseeked}] [1000]: karate.org.thymeleaf.standard.processor.StandardDOMEventAttributeTagProcessor
[THYMELEAF]             * [* {th:ondragend,data-th-ondragend}] [1000]: karate.org.thymeleaf.standard.processor.StandardDOMEventAttributeTagProcessor
[THYMELEAF]             * [* {th:ondrop,data-th-ondrop}] [1000]: karate.org.thymeleaf.standard.processor.StandardDOMEventAttributeTagProcessor
[THYMELEAF]             * [* {th:onmousewheel,data-th-onmousewheel}] [1000]: karate.org.thymeleaf.standard.processor.StandardDOMEventAttributeTagProcessor
[THYMELEAF]             * [* {th:onsuspend,data-th-onsuspend}] [1000]: karate.org.thymeleaf.standard.processor.StandardDOMEventAttributeTagProcessor
[THYMELEAF]             * [* {th:oncanplay,data-th-oncanplay}] [1000]: karate.org.thymeleaf.standard.processor.StandardDOMEventAttributeTagProcessor
[THYMELEAF]             * [* {th:onplaying,data-th-onplaying}] [1000]: karate.org.thymeleaf.standard.processor.StandardDOMEventAttributeTagProcessor
[THYMELEAF]             * [* {th:onresize,data-th-onresize}] [1000]: karate.org.thymeleaf.standard.processor.StandardDOMEventAttributeTagProcessor
[THYMELEAF]             * [* {th:ondragleave,data-th-ondragleave}] [1000]: karate.org.thymeleaf.standard.processor.StandardDOMEventAttributeTagProcessor
[THYMELEAF]             * [* {th:ononline,data-th-ononline}] [1000]: karate.org.thymeleaf.standard.processor.StandardDOMEventAttributeTagProcessor
[THYMELEAF]             * [* {th:onreset,data-th-onreset}] [1000]: karate.org.thymeleaf.standard.processor.StandardDOMEventAttributeTagProcessor
[THYMELEAF]             * [* {th:onformchange,data-th-onformchange}] [1000]: karate.org.thymeleaf.standard.processor.StandardDOMEventAttributeTagProcessor
[THYMELEAF]             * [* {th:onbeforeprint,data-th-onbeforeprint}] [1000]: karate.org.thymeleaf.standard.processor.StandardDOMEventAttributeTagProcessor
[THYMELEAF]             * [* {th:onmouseout,data-th-onmouseout}] [1000]: karate.org.thymeleaf.standard.processor.StandardDOMEventAttributeTagProcessor
[THYMELEAF]             * [* {th:onerror,data-th-onerror}] [1000]: karate.org.thymeleaf.standard.processor.StandardDOMEventAttributeTagProcessor
[THYMELEAF]             * [* {th:onratechange,data-th-onratechange}] [1000]: karate.org.thymeleaf.standard.processor.StandardDOMEventAttributeTagProcessor
[THYMELEAF]             * [* {th:onreadystatechange,data-th-onreadystatechange}] [1000]: karate.org.thymeleaf.standard.processor.StandardDOMEventAttributeTagProcessor
[THYMELEAF]             * [* {th:onkeyup,data-th-onkeyup}] [1000]: karate.org.thymeleaf.standard.processor.StandardDOMEventAttributeTagProcessor
[THYMELEAF]             * [* {th:onmessage,data-th-onmessage}] [1000]: karate.org.thymeleaf.standard.processor.StandardDOMEventAttributeTagProcessor
[THYMELEAF]             * [* {th:onpause,data-th-onpause}] [1000]: karate.org.thymeleaf.standard.processor.StandardDOMEventAttributeTagProcessor
[THYMELEAF]             * [* {th:href,data-th-href}] [1000]: karate.org.thymeleaf.standard.processor.StandardHrefTagProcessor
[THYMELEAF]             * [* {th:inline,data-th-inline}] [1000]: karate.org.thymeleaf.standard.processor.StandardInlineHTMLTagProcessor
[THYMELEAF]             * [* {th:method,data-th-method}] [1000]: karate.org.thymeleaf.standard.processor.StandardMethodTagProcessor
[THYMELEAF]             * [* {th:type,data-th-type}] [1000]: karate.org.thymeleaf.standard.processor.StandardNonRemovableAttributeTagProcessor
[THYMELEAF]             * [* {th:name,data-th-name}] [1000]: karate.org.thymeleaf.standard.processor.StandardNonRemovableAttributeTagProcessor
[THYMELEAF]             * [* {th:style,data-th-style}] [1000]: karate.org.thymeleaf.standard.processor.StandardRemovableAttributeTagProcessor
[THYMELEAF]             * [* {th:accesskey,data-th-accesskey}] [1000]: karate.org.thymeleaf.standard.processor.StandardRemovableAttributeTagProcessor
[THYMELEAF]             * [* {th:align,data-th-align}] [1000]: karate.org.thymeleaf.standard.processor.StandardRemovableAttributeTagProcessor
[THYMELEAF]             * [* {th:content,data-th-content}] [1000]: karate.org.thymeleaf.standard.processor.StandardRemovableAttributeTagProcessor
[THYMELEAF]             * [* {th:wrap,data-th-wrap}] [1000]: karate.org.thymeleaf.standard.processor.StandardRemovableAttributeTagProcessor
[THYMELEAF]             * [* {th:marginwidth,data-th-marginwidth}] [1000]: karate.org.thymeleaf.standard.processor.StandardRemovableAttributeTagProcessor
[THYMELEAF]             * [* {th:axis,data-th-axis}] [1000]: karate.org.thymeleaf.standard.processor.StandardRemovableAttributeTagProcessor
[THYMELEAF]             * [* {th:height,data-th-height}] [1000]: karate.org.thymeleaf.standard.processor.StandardRemovableAttributeTagProcessor
[THYMELEAF]             * [* {th:kind,data-th-kind}] [1000]: karate.org.thymeleaf.standard.processor.StandardRemovableAttributeTagProcessor
[THYMELEAF]             * [* {th:low,data-th-low}] [1000]: karate.org.thymeleaf.standard.processor.StandardRemovableAttributeTagProcessor
[THYMELEAF]             * [* {th:formenctype,data-th-formenctype}] [1000]: karate.org.thymeleaf.standard.processor.StandardRemovableAttributeTagProcessor
[THYMELEAF]             * [* {th:audio,data-th-audio}] [1000]: karate.org.thymeleaf.standard.processor.StandardRemovableAttributeTagProcessor
[THYMELEAF]             * [* {th:codebase,data-th-codebase}] [1000]: karate.org.thymeleaf.standard.processor.StandardRemovableAttributeTagProcessor
[THYMELEAF]             * [* {th:contenteditable,data-th-contenteditable}] [1000]: karate.org.thymeleaf.standard.processor.StandardRemovableAttributeTagProcessor
[THYMELEAF]             * [* {th:list,data-th-list}] [1000]: karate.org.thymeleaf.standard.processor.StandardRemovableAttributeTagProcessor
[THYMELEAF]             * [* {th:archive,data-th-archive}] [1000]: karate.org.thymeleaf.standard.processor.StandardRemovableAttributeTagProcessor
[THYMELEAF]             * [* {th:class,data-th-class}] [1000]: karate.org.thymeleaf.standard.processor.StandardRemovableAttributeTagProcessor
[THYMELEAF]             * [* {th:title,data-th-title}] [1000]: karate.org.thymeleaf.standard.processor.StandardRemovableAttributeTagProcessor
[THYMELEAF]             * [* {th:formaction,data-th-formaction}] [1000]: karate.org.thymeleaf.standard.processor.StandardRemovableAttributeTagProcessor
[THYMELEAF]             * [* {th:sizes,data-th-sizes}] [1000]: karate.org.thymeleaf.standard.processor.StandardRemovableAttributeTagProcessor
[THYMELEAF]             * [* {th:enctype,data-th-enctype}] [1000]: karate.org.thymeleaf.standard.processor.StandardRemovableAttributeTagProcessor
[THYMELEAF]             * [* {th:cols,data-th-cols}] [1000]: karate.org.thymeleaf.standard.processor.StandardRemovableAttributeTagProcessor
[THYMELEAF]             * [* {th:abbr,data-th-abbr}] [1000]: karate.org.thymeleaf.standard.processor.StandardRemovableAttributeTagProcessor
[THYMELEAF]             * [* {th:span,data-th-span}] [1000]: karate.org.thymeleaf.standard.processor.StandardRemovableAttributeTagProcessor
[THYMELEAF]             * [* {th:http-equiv,data-th-http-equiv}] [1000]: karate.org.thymeleaf.standard.processor.StandardRemovableAttributeTagProcessor
[THYMELEAF]             * [* {th:headers,data-th-headers}] [1000]: karate.org.thymeleaf.standard.processor.StandardRemovableAttributeTagProcessor
[THYMELEAF]             * [* {th:scheme,data-th-scheme}] [1000]: karate.org.thymeleaf.standard.processor.StandardRemovableAttributeTagProcessor
[THYMELEAF]             * [* {th:rev,data-th-rev}] [1000]: karate.org.thymeleaf.standard.processor.StandardRemovableAttributeTagProcessor
[THYMELEAF]             * [* {th:bgcolor,data-th-bgcolor}] [1000]: karate.org.thymeleaf.standard.processor.StandardRemovableAttributeTagProcessor
[THYMELEAF]             * [* {th:rules,data-th-rules}] [1000]: karate.org.thymeleaf.standard.processor.StandardRemovableAttributeTagProcessor
[THYMELEAF]             * [* {th:width,data-th-width}] [1000]: karate.org.thymeleaf.standard.processor.StandardRemovableAttributeTagProcessor
[THYMELEAF]             * [* {th:data,data-th-data}] [1000]: karate.org.thymeleaf.standard.processor.StandardRemovableAttributeTagProcessor
[THYMELEAF]             * [* {th:valuetype,data-th-valuetype}] [1000]: karate.org.thymeleaf.standard.processor.StandardRemovableAttributeTagProcessor
[THYMELEAF]             * [* {th:accept-charset,data-th-accept-charset}] [1000]: karate.org.thymeleaf.standard.processor.StandardRemovableAttributeTagProcessor
[THYMELEAF]             * [* {th:accept,data-th-accept}] [1000]: karate.org.thymeleaf.standard.processor.StandardRemovableAttributeTagProcessor
[THYMELEAF]             * [* {th:datetime,data-th-datetime}] [1000]: karate.org.thymeleaf.standard.processor.StandardRemovableAttributeTagProcessor
[THYMELEAF]             * [* {th:pattern,data-th-pattern}] [1000]: karate.org.thymeleaf.standard.processor.StandardRemovableAttributeTagProcessor
[THYMELEAF]             * [* {th:radiogroup,data-th-radiogroup}] [1000]: karate.org.thymeleaf.standard.processor.StandardRemovableAttributeTagProcessor
[THYMELEAF]             * [* {th:hreflang,data-th-hreflang}] [1000]: karate.org.thymeleaf.standard.processor.StandardRemovableAttributeTagProcessor
[THYMELEAF]             * [* {th:longdesc,data-th-longdesc}] [1000]: karate.org.thymeleaf.standard.processor.StandardRemovableAttributeTagProcessor
[THYMELEAF]             * [* {th:media,data-th-media}] [1000]: karate.org.thymeleaf.standard.processor.StandardRemovableAttributeTagProcessor
[THYMELEAF]             * [* {th:challenge,data-th-challenge}] [1000]: karate.org.thymeleaf.standard.processor.StandardRemovableAttributeTagProcessor
[THYMELEAF]             * [* {th:formmethod,data-th-formmethod}] [1000]: karate.org.thymeleaf.standard.processor.StandardRemovableAttributeTagProcessor
[THYMELEAF]             * [* {th:scope,data-th-scope}] [1000]: karate.org.thymeleaf.standard.processor.StandardRemovableAttributeTagProcessor
[THYMELEAF]             * [* {th:formtarget,data-th-formtarget}] [1000]: karate.org.thymeleaf.standard.processor.StandardRemovableAttributeTagProcessor
[THYMELEAF]             * [* {th:spellcheck,data-th-spellcheck}] [1000]: karate.org.thymeleaf.standard.processor.StandardRemovableAttributeTagProcessor
[THYMELEAF]             * [* {th:dropzone,data-th-dropzone}] [1000]: karate.org.thymeleaf.standard.processor.StandardRemovableAttributeTagProcessor
[THYMELEAF]             * [* {th:draggable,data-th-draggable}] [1000]: karate.org.thymeleaf.standard.processor.StandardRemovableAttributeTagProcessor
[THYMELEAF]             * [* {th:optimum,data-th-optimum}] [1000]: karate.org.thymeleaf.standard.processor.StandardRemovableAttributeTagProcessor
[THYMELEAF]             * [* {th:charset,data-th-charset}] [1000]: karate.org.thymeleaf.standard.processor.StandardRemovableAttributeTagProcessor
[THYMELEAF]             * [* {th:dir,data-th-dir}] [1000]: karate.org.thymeleaf.standard.processor.StandardRemovableAttributeTagProcessor
[THYMELEAF]             * [* {th:scrolling,data-th-scrolling}] [1000]: karate.org.thymeleaf.standard.processor.StandardRemovableAttributeTagProcessor
[THYMELEAF]             * [* {th:preload,data-th-preload}] [1000]: karate.org.thymeleaf.standard.processor.StandardRemovableAttributeTagProcessor
[THYMELEAF]             * [* {th:standby,data-th-standby}] [1000]: karate.org.thymeleaf.standard.processor.StandardRemovableAttributeTagProcessor
[THYMELEAF]             * [* {th:size,data-th-size}] [1000]: karate.org.thymeleaf.standard.processor.StandardRemovableAttributeTagProcessor
[THYMELEAF]             * [* {th:maxlength,data-th-maxlength}] [1000]: karate.org.thymeleaf.standard.processor.StandardRemovableAttributeTagProcessor
[THYMELEAF]             * [* {th:alt,data-th-alt}] [1000]: karate.org.thymeleaf.standard.processor.StandardRemovableAttributeTagProcessor
[THYMELEAF]             * [* {th:target,data-th-target}] [1000]: karate.org.thymeleaf.standard.processor.StandardRemovableAttributeTagProcessor
[THYMELEAF]             * [* {th:max,data-th-max}] [1000]: karate.org.thymeleaf.standard.processor.StandardRemovableAttributeTagProcessor
[THYMELEAF]             * [* {th:icon,data-th-icon}] [1000]: karate.org.thymeleaf.standard.processor.StandardRemovableAttributeTagProcessor
[THYMELEAF]             * [* {th:form,data-th-form}] [1000]: karate.org.thymeleaf.standard.processor.StandardRemovableAttributeTagProcessor
[THYMELEAF]             * [* {th:start,data-th-start}] [1000]: karate.org.thymeleaf.standard.processor.StandardRemovableAttributeTagProcessor
[THYMELEAF]             * [* {th:hspace,data-th-hspace}] [1000]: karate.org.thymeleaf.standard.processor.StandardRemovableAttributeTagProcessor
[THYMELEAF]             * [* {th:frame,data-th-frame}] [1000]: karate.org.thymeleaf.standard.processor.StandardRemovableAttributeTagProcessor
[THYMELEAF]             * [* {th:rel,data-th-rel}] [1000]: karate.org.thymeleaf.standard.processor.StandardRemovableAttributeTagProcessor
[THYMELEAF]             * [* {th:usemap,data-th-usemap}] [1000]: karate.org.thymeleaf.standard.processor.StandardRemovableAttributeTagProcessor
[THYMELEAF]             * [* {th:high,data-th-high}] [1000]: karate.org.thymeleaf.standard.processor.StandardRemovableAttributeTagProcessor
[THYMELEAF]             * [* {th:srclang,data-th-srclang}] [1000]: karate.org.thymeleaf.standard.processor.StandardRemovableAttributeTagProcessor
[THYMELEAF]             * [* {th:classid,data-th-classid}] [1000]: karate.org.thymeleaf.standard.processor.StandardRemovableAttributeTagProcessor
[THYMELEAF]             * [* {th:min,data-th-min}] [1000]: karate.org.thymeleaf.standard.processor.StandardRemovableAttributeTagProcessor
[THYMELEAF]             * [* {th:id,data-th-id}] [1000]: karate.org.thymeleaf.standard.processor.StandardRemovableAttributeTagProcessor
[THYMELEAF]             * [* {th:vspace,data-th-vspace}] [1000]: karate.org.thymeleaf.standard.processor.StandardRemovableAttributeTagProcessor
[THYMELEAF]             * [* {th:step,data-th-step}] [1000]: karate.org.thymeleaf.standard.processor.StandardRemovableAttributeTagProcessor
[THYMELEAF]             * [* {th:autocomplete,data-th-autocomplete}] [1000]: karate.org.thymeleaf.standard.processor.StandardRemovableAttributeTagProcessor
[THYMELEAF]             * [* {th:lang,data-th-lang}] [1000]: karate.org.thymeleaf.standard.processor.StandardRemovableAttributeTagProcessor
[THYMELEAF]             * [* {th:manifest,data-th-manifest}] [1000]: karate.org.thymeleaf.standard.processor.StandardRemovableAttributeTagProcessor
[THYMELEAF]             * [* {th:sandbox,data-th-sandbox}] [1000]: karate.org.thymeleaf.standard.processor.StandardRemovableAttributeTagProcessor
[THYMELEAF]             * [* {th:cellpadding,data-th-cellpadding}] [1000]: karate.org.thymeleaf.standard.processor.StandardRemovableAttributeTagProcessor
[THYMELEAF]             * [* {th:keytype,data-th-keytype}] [1000]: karate.org.thymeleaf.standard.processor.StandardRemovableAttributeTagProcessor
[THYMELEAF]             * [* {th:colspan,data-th-colspan}] [1000]: karate.org.thymeleaf.standard.processor.StandardRemovableAttributeTagProcessor
[THYMELEAF]             * [* {th:cellspacing,data-th-cellspacing}] [1000]: karate.org.thymeleaf.standard.processor.StandardRemovableAttributeTagProcessor
[THYMELEAF]             * [* {th:rows,data-th-rows}] [1000]: karate.org.thymeleaf.standard.processor.StandardRemovableAttributeTagProcessor
[THYMELEAF]             * [* {th:frameborder,data-th-frameborder}] [1000]: karate.org.thymeleaf.standard.processor.StandardRemovableAttributeTagProcessor
[THYMELEAF]             * [* {th:codetype,data-th-codetype}] [1000]: karate.org.thymeleaf.standard.processor.StandardRemovableAttributeTagProcessor
[THYMELEAF]             * [* {th:label,data-th-label}] [1000]: karate.org.thymeleaf.standard.processor.StandardRemovableAttributeTagProcessor
[THYMELEAF]             * [* {th:summary,data-th-summary}] [1000]: karate.org.thymeleaf.standard.processor.StandardRemovableAttributeTagProcessor
[THYMELEAF]             * [* {th:tabindex,data-th-tabindex}] [1000]: karate.org.thymeleaf.standard.processor.StandardRemovableAttributeTagProcessor
[THYMELEAF]             * [* {th:marginheight,data-th-marginheight}] [1000]: karate.org.thymeleaf.standard.processor.StandardRemovableAttributeTagProcessor
[THYMELEAF]             * [* {th:compact,data-th-compact}] [1000]: karate.org.thymeleaf.standard.processor.StandardRemovableAttributeTagProcessor
[THYMELEAF]             * [* {th:border,data-th-border}] [1000]: karate.org.thymeleaf.standard.processor.StandardRemovableAttributeTagProcessor
[THYMELEAF]             * [* {th:cite,data-th-cite}] [1000]: karate.org.thymeleaf.standard.processor.StandardRemovableAttributeTagProcessor
[THYMELEAF]             * [* {th:background,data-th-background}] [1000]: karate.org.thymeleaf.standard.processor.StandardRemovableAttributeTagProcessor
[THYMELEAF]             * [* {th:contextmenu,data-th-contextmenu}] [1000]: karate.org.thymeleaf.standard.processor.StandardRemovableAttributeTagProcessor
[THYMELEAF]             * [* {th:poster,data-th-poster}] [1000]: karate.org.thymeleaf.standard.processor.StandardRemovableAttributeTagProcessor
[THYMELEAF]             * [* {th:placeholder,data-th-placeholder}] [1000]: karate.org.thymeleaf.standard.processor.StandardRemovableAttributeTagProcessor
[THYMELEAF]             * [* {th:rowspan,data-th-rowspan}] [1000]: karate.org.thymeleaf.standard.processor.StandardRemovableAttributeTagProcessor
[THYMELEAF]             * [* {th:for,data-th-for}] [1000]: karate.org.thymeleaf.standard.processor.StandardRemovableAttributeTagProcessor
[THYMELEAF]             * [* {th:src,data-th-src}] [1000]: karate.org.thymeleaf.standard.processor.StandardSrcTagProcessor
[THYMELEAF]             * [* {th:value,data-th-value}] [1000]: karate.org.thymeleaf.standard.processor.StandardValueTagProcessor
[THYMELEAF]             * [* {th:xmlbase,data-th-xmlbase}] [1000]: karate.org.thymeleaf.standard.processor.StandardXmlBaseTagProcessor
[THYMELEAF]             * [* {th:xmllang,data-th-xmllang}] [1000]: karate.org.thymeleaf.standard.processor.StandardXmlLangTagProcessor
[THYMELEAF]             * [* {xmlns:th}] [1000]: karate.org.thymeleaf.standard.processor.StandardXmlNsTagProcessor
[THYMELEAF]             * [* {th:xmlspace,data-th-xmlspace}] [1000]: karate.org.thymeleaf.standard.processor.StandardXmlSpaceTagProcessor
[THYMELEAF]             * [* {th:classappend,data-th-classappend}] [1100]: karate.org.thymeleaf.standard.processor.StandardClassappendTagProcessor
[THYMELEAF]             * [* {th:styleappend,data-th-styleappend}] [1100]: karate.org.thymeleaf.standard.processor.StandardStyleappendTagProcessor
[THYMELEAF]             * [* {th:text,data-th-text}] [1300]: karate.org.thymeleaf.standard.processor.StandardTextTagProcessor
[THYMELEAF]             * [* {th:utext,data-th-utext}] [1400]: karate.org.thymeleaf.standard.processor.StandardUtextTagProcessor
[THYMELEAF]             * [* {th:fragment,data-th-fragment}] [1500]: karate.org.thymeleaf.standard.processor.StandardFragmentTagProcessor
[THYMELEAF]             * [* {th:assert,data-th-assert}] [1550]: karate.org.thymeleaf.standard.processor.StandardAssertTagProcessor
[THYMELEAF]             * [* {th:remove,data-th-remove}] [1600]: karate.org.thymeleaf.standard.processor.StandardRemoveTagProcessor
[THYMELEAF]             * [* {th:ref,data-th-ref}] [10000]: karate.org.thymeleaf.standard.processor.StandardRefAttributeTagProcessor
[THYMELEAF]             * [{th:block,th-block} *] [100000]: karate.org.thymeleaf.standard.processor.StandardBlockTagProcessor
[THYMELEAF]             * [* th:*] [2147483647]: karate.org.thymeleaf.standard.processor.StandardDefaultAttributesTagProcessor
[THYMELEAF]         * Text Processors by [precedence]:
[THYMELEAF]             * [1000]: karate.org.thymeleaf.standard.processor.StandardInliningTextProcessor
[THYMELEAF]         * DOCTYPE Processors by [precedence]:
[THYMELEAF]             * [1000]: karate.org.thymeleaf.standard.processor.StandardTranslationDocTypeProcessor
[THYMELEAF]         * CDATA Section Processors by [precedence]:
[THYMELEAF]             * [1000]: karate.org.thymeleaf.standard.processor.StandardInliningCDATASectionProcessor
[THYMELEAF]         * Comment Processors by [precedence]:
[THYMELEAF]             * [1000]: karate.org.thymeleaf.standard.processor.StandardInliningCommentProcessor
[THYMELEAF]             * [1100]: karate.org.thymeleaf.standard.processor.StandardConditionalCommentProcessor
[THYMELEAF]     * Processors for Template Mode: XML
[THYMELEAF]         * Element Tag Processors by [matching element and attribute name] [precedence]:
[THYMELEAF]             * [* {th:include}] [100]: karate.org.thymeleaf.standard.processor.StandardIncludeTagProcessor
[THYMELEAF]             * [* {th:insert}] [100]: karate.org.thymeleaf.standard.processor.StandardInsertTagProcessor
[THYMELEAF]             * [* {th:replace}] [100]: karate.org.thymeleaf.standard.processor.StandardReplaceTagProcessor
[THYMELEAF]             * [* {th:substituteby}] [100]: karate.org.thymeleaf.standard.processor.StandardSubstituteByTagProcessor
[THYMELEAF]             * [* {th:each}] [200]: com.intuit.karate.template.KarateEachTagProcessor
[THYMELEAF]             * [* {th:switch}] [250]: karate.org.thymeleaf.standard.processor.StandardSwitchTagProcessor
[THYMELEAF]             * [* {th:case}] [275]: karate.org.thymeleaf.standard.processor.StandardCaseTagProcessor
[THYMELEAF]             * [* {th:if}] [300]: karate.org.thymeleaf.standard.processor.StandardIfTagProcessor
[THYMELEAF]             * [* {th:unless}] [400]: karate.org.thymeleaf.standard.processor.StandardUnlessTagProcessor
[THYMELEAF]             * [* {th:object}] [500]: karate.org.thymeleaf.standard.processor.StandardObjectTagProcessor
[THYMELEAF]             * [* {th:with}] [600]: com.intuit.karate.template.KarateWithTagProcessor
[THYMELEAF]             * [* {th:attr}] [700]: com.intuit.karate.template.KarateAttributeTagProcessor.KarateAttrTagProcessor
[THYMELEAF]             * [* {th:attrappend}] [900]: com.intuit.karate.template.KarateAttributeTagProcessor.KarateAttrappendTagProcessor
[THYMELEAF]             * [* {th:attrprepend}] [900]: com.intuit.karate.template.KarateAttributeTagProcessor.KarateAttrprependTagProcessor
[THYMELEAF]             * [* {th:inline}] [1000]: karate.org.thymeleaf.standard.processor.StandardInlineXMLTagProcessor
[THYMELEAF]             * [* {xmlns:th}] [1000]: karate.org.thymeleaf.standard.processor.StandardXmlNsTagProcessor
[THYMELEAF]             * [* {th:text}] [1300]: karate.org.thymeleaf.standard.processor.StandardTextTagProcessor
[THYMELEAF]             * [* {th:utext}] [1400]: karate.org.thymeleaf.standard.processor.StandardUtextTagProcessor
[THYMELEAF]             * [* {th:fragment}] [1500]: karate.org.thymeleaf.standard.processor.StandardFragmentTagProcessor
[THYMELEAF]             * [* {th:assert}] [1550]: karate.org.thymeleaf.standard.processor.StandardAssertTagProcessor
[THYMELEAF]             * [* {th:remove}] [1600]: karate.org.thymeleaf.standard.processor.StandardRemoveTagProcessor
[THYMELEAF]             * [* {th:ref}] [10000]: karate.org.thymeleaf.standard.processor.StandardRefAttributeTagProcessor
[THYMELEAF]             * [{th:block} *] [100000]: karate.org.thymeleaf.standard.processor.StandardBlockTagProcessor
[THYMELEAF]             * [* th:*] [2147483647]: karate.org.thymeleaf.standard.processor.StandardDefaultAttributesTagProcessor
[THYMELEAF]         * Text Processors by [precedence]:
[THYMELEAF]             * [1000]: karate.org.thymeleaf.standard.processor.StandardInliningTextProcessor
[THYMELEAF]         * CDATA Section Processors by [precedence]:
[THYMELEAF]             * [1000]: karate.org.thymeleaf.standard.processor.StandardInliningCDATASectionProcessor
[THYMELEAF]         * Comment Processors by [precedence]:
[THYMELEAF]             * [1000]: karate.org.thymeleaf.standard.processor.StandardInliningCommentProcessor
[THYMELEAF]     * Processors for Template Mode: TEXT
[THYMELEAF]         * Element Tag Processors by [matching element and attribute name] [precedence]:
[THYMELEAF]             * [* {th:insert}] [100]: karate.org.thymeleaf.standard.processor.StandardInsertTagProcessor
[THYMELEAF]             * [* {th:replace}] [100]: karate.org.thymeleaf.standard.processor.StandardReplaceTagProcessor
[THYMELEAF]             * [* {th:each}] [200]: com.intuit.karate.template.KarateEachTagProcessor
[THYMELEAF]             * [* {th:switch}] [250]: karate.org.thymeleaf.standard.processor.StandardSwitchTagProcessor
[THYMELEAF]             * [* {th:case}] [275]: karate.org.thymeleaf.standard.processor.StandardCaseTagProcessor
[THYMELEAF]             * [* {th:if}] [300]: karate.org.thymeleaf.standard.processor.StandardIfTagProcessor
[THYMELEAF]             * [* {th:unless}] [400]: karate.org.thymeleaf.standard.processor.StandardUnlessTagProcessor
[THYMELEAF]             * [* {th:object}] [500]: karate.org.thymeleaf.standard.processor.StandardObjectTagProcessor
[THYMELEAF]             * [* {th:with}] [600]: com.intuit.karate.template.KarateWithTagProcessor
[THYMELEAF]             * [* {th:inline}] [1000]: karate.org.thymeleaf.standard.processor.StandardInlineTextualTagProcessor
[THYMELEAF]             * [* {th:text}] [1300]: karate.org.thymeleaf.standard.processor.StandardTextTagProcessor
[THYMELEAF]             * [* {th:utext}] [1400]: karate.org.thymeleaf.standard.processor.StandardUtextTagProcessor
[THYMELEAF]             * [* {th:assert}] [1550]: karate.org.thymeleaf.standard.processor.StandardAssertTagProcessor
[THYMELEAF]             * [* {th:remove}] [1600]: karate.org.thymeleaf.standard.processor.StandardRemoveTagProcessor
[THYMELEAF]             * [{th:block} *] [100000]: karate.org.thymeleaf.standard.processor.StandardBlockTagProcessor
[THYMELEAF]             * [* 100000] [karate.org.thymeleaf.standard.processor.StandardBlockTagProcessor]: {}
[THYMELEAF]         * Text Processors by [precedence]:
[THYMELEAF]             * [1000]: karate.org.thymeleaf.standard.processor.StandardInliningTextProcessor
[THYMELEAF]     * Processors for Template Mode: JAVASCRIPT
[THYMELEAF]         * Element Tag Processors by [matching element and attribute name] [precedence]:
[THYMELEAF]             * [* {th:insert}] [100]: karate.org.thymeleaf.standard.processor.StandardInsertTagProcessor
[THYMELEAF]             * [* {th:replace}] [100]: karate.org.thymeleaf.standard.processor.StandardReplaceTagProcessor
[THYMELEAF]             * [* {th:each}] [200]: com.intuit.karate.template.KarateEachTagProcessor
[THYMELEAF]             * [* {th:switch}] [250]: karate.org.thymeleaf.standard.processor.StandardSwitchTagProcessor
[THYMELEAF]             * [* {th:case}] [275]: karate.org.thymeleaf.standard.processor.StandardCaseTagProcessor
[THYMELEAF]             * [* {th:if}] [300]: karate.org.thymeleaf.standard.processor.StandardIfTagProcessor
[THYMELEAF]             * [* {th:unless}] [400]: karate.org.thymeleaf.standard.processor.StandardUnlessTagProcessor
[THYMELEAF]             * [* {th:object}] [500]: karate.org.thymeleaf.standard.processor.StandardObjectTagProcessor
[THYMELEAF]             * [* {th:with}] [600]: com.intuit.karate.template.KarateWithTagProcessor
[THYMELEAF]             * [* {th:inline}] [1000]: karate.org.thymeleaf.standard.processor.StandardInlineTextualTagProcessor
[THYMELEAF]             * [* {th:text}] [1300]: karate.org.thymeleaf.standard.processor.StandardTextTagProcessor
[THYMELEAF]             * [* {th:utext}] [1400]: karate.org.thymeleaf.standard.processor.StandardUtextTagProcessor
[THYMELEAF]             * [* {th:assert}] [1550]: karate.org.thymeleaf.standard.processor.StandardAssertTagProcessor
[THYMELEAF]             * [* {th:remove}] [1600]: karate.org.thymeleaf.standard.processor.StandardRemoveTagProcessor
[THYMELEAF]             * [* 100000] [karate.org.thymeleaf.standard.processor.StandardBlockTagProcessor]: {}
[THYMELEAF]             * [{th:block} *] [100000]: karate.org.thymeleaf.standard.processor.StandardBlockTagProcessor
[THYMELEAF]         * Text Processors by [precedence]:
[THYMELEAF]             * [1000]: karate.org.thymeleaf.standard.processor.StandardInliningTextProcessor
[THYMELEAF]     * Processors for Template Mode: CSS
[THYMELEAF]         * Element Tag Processors by [matching element and attribute name] [precedence]:
[THYMELEAF]             * [* {th:insert}] [100]: karate.org.thymeleaf.standard.processor.StandardInsertTagProcessor
[THYMELEAF]             * [* {th:replace}] [100]: karate.org.thymeleaf.standard.processor.StandardReplaceTagProcessor
[THYMELEAF]             * [* {th:each}] [200]: com.intuit.karate.template.KarateEachTagProcessor
[THYMELEAF]             * [* {th:switch}] [250]: karate.org.thymeleaf.standard.processor.StandardSwitchTagProcessor
[THYMELEAF]             * [* {th:case}] [275]: karate.org.thymeleaf.standard.processor.StandardCaseTagProcessor
[THYMELEAF]             * [* {th:if}] [300]: karate.org.thymeleaf.standard.processor.StandardIfTagProcessor
[THYMELEAF]             * [* {th:unless}] [400]: karate.org.thymeleaf.standard.processor.StandardUnlessTagProcessor
[THYMELEAF]             * [* {th:object}] [500]: karate.org.thymeleaf.standard.processor.StandardObjectTagProcessor
[THYMELEAF]             * [* {th:with}] [600]: com.intuit.karate.template.KarateWithTagProcessor
[THYMELEAF]             * [* {th:inline}] [1000]: karate.org.thymeleaf.standard.processor.StandardInlineTextualTagProcessor
[THYMELEAF]             * [* {th:text}] [1300]: karate.org.thymeleaf.standard.processor.StandardTextTagProcessor
[THYMELEAF]             * [* {th:utext}] [1400]: karate.org.thymeleaf.standard.processor.StandardUtextTagProcessor
[THYMELEAF]             * [* {th:assert}] [1550]: karate.org.thymeleaf.standard.processor.StandardAssertTagProcessor
[THYMELEAF]             * [* {th:remove}] [1600]: karate.org.thymeleaf.standard.processor.StandardRemoveTagProcessor
[THYMELEAF]             * [{th:block} *] [100000]: karate.org.thymeleaf.standard.processor.StandardBlockTagProcessor
[THYMELEAF]             * [* 100000] [karate.org.thymeleaf.standard.processor.StandardBlockTagProcessor]: {}
[THYMELEAF]         * Text Processors by [precedence]:
[THYMELEAF]             * [1000]: karate.org.thymeleaf.standard.processor.StandardInliningTextProcessor
[THYMELEAF]     * Expression Objects:
[THYMELEAF]         * #ctx
[THYMELEAF]         * #root
[THYMELEAF]         * #vars
[THYMELEAF]         * #object
[THYMELEAF]         * #locale
[THYMELEAF]         * #request
[THYMELEAF]         * #response
[THYMELEAF]         * #session
[THYMELEAF]         * #servletContext
[THYMELEAF]         * #conversions
[THYMELEAF]         * #uris
[THYMELEAF]         * #calendars
[THYMELEAF]         * #dates
[THYMELEAF]         * #bools
[THYMELEAF]         * #numbers
[THYMELEAF]         * #objects
[THYMELEAF]         * #strings
[THYMELEAF]         * #arrays
[THYMELEAF]         * #lists
[THYMELEAF]         * #sets
[THYMELEAF]         * #maps
[THYMELEAF]         * #aggregates
[THYMELEAF]         * #messages
[THYMELEAF]         * #ids
[THYMELEAF]         * #execInfo
[THYMELEAF]         * #httpServletRequest
[THYMELEAF]         * #httpSession
[THYMELEAF]     * Execution Attributes:
[THYMELEAF]         * "StandardExpressionParser": com.intuit.karate.template.KarateStandardDialect@a11efe6
[THYMELEAF]         * "StandardJavaScriptSerializer": karate.org.thymeleaf.standard.serializer.StandardJavaScriptSerializer@51f009ef
[THYMELEAF]         * "StandardCSSSerializer": karate.org.thymeleaf.standard.serializer.StandardCSSSerializer@59c00722
[THYMELEAF]         * "StandardVariableExpressionEvaluator": com.intuit.karate.template.KarateStandardDialect@a11efe6
[THYMELEAF]         * "StandardConversionService": karate.org.thymeleaf.standard.expression.StandardConversionService@6c96346b
[THYMELEAF] * Dialect [2 of 2]: karate (com.intuit.karate.template.KarateScriptDialect)
[THYMELEAF]     * Prefix: "ka"
[THYMELEAF]     * Processors for Template Mode: HTML
[THYMELEAF]         * Element Tag Processors by [matching element and attribute name] [precedence]:
[THYMELEAF]             * [* {src}] [1000]: com.intuit.karate.template.KaScriptAttrProcessor
[THYMELEAF]         * Element Model Processors by [matching element and attribute name] [precedence]:
[THYMELEAF]             * [{script} {ka:scope,data-ka-scope}] [1000]: com.intuit.karate.template.KaScriptElemProcessor
[THYMELEAF]             * [* {ka:set,data-ka-set}] [1000]: com.intuit.karate.template.KaSetElemProcessor
[THYMELEAF] TEMPLATE ENGINE CONFIGURED OK
20:02:19.868 [main] DEBUG karate.org.thymeleaf.TemplateEngine - [THYMELEAF] TEMPLATE ENGINE INITIALIZED
---------------------------------------------------------
feature: classpath:com/big/features/APIfeatures/SCU/Village Branch Service XAPI/Village_Branch_XAPI.feature
scenarios:  7 | passed:  5 | failed:  2 | time: 11.6720
---------------------------------------------------------

20:02:20.005 [main] INFO com.intuit.karate.Suite - <<fail>> feature 12 of 12 (0 remaining) classpath:com/big/features/APIfeatures/SCU/Village Branch Service XAPI/Village_Branch_XAPI.feature
20:02:20.008 [main] DEBUG com.intuit.karate.Suite - waiting for 12 features to complete
20:02:20.016 [main] DEBUG com.jayway.jsonpath.internal.path.CompiledPath - Evaluating path: $
20:02:20.021 [main] DEBUG com.jayway.jsonpath.internal.path.CompiledPath - Evaluating path: $
20:02:20.025 [main] DEBUG com.jayway.jsonpath.internal.path.CompiledPath - Evaluating path: $
20:02:20.030 [main] DEBUG com.jayway.jsonpath.internal.path.CompiledPath - Evaluating path: $
20:02:20.034 [main] DEBUG com.jayway.jsonpath.internal.path.CompiledPath - Evaluating path: $
20:02:20.037 [main] DEBUG com.jayway.jsonpath.internal.path.CompiledPath - Evaluating path: $
20:02:20.040 [main] DEBUG com.jayway.jsonpath.internal.path.CompiledPath - Evaluating path: $
20:02:20.042 [main] DEBUG com.jayway.jsonpath.internal.path.CompiledPath - Evaluating path: $
20:02:20.045 [main] DEBUG com.jayway.jsonpath.internal.path.CompiledPath - Evaluating path: $
20:02:20.049 [main] DEBUG com.jayway.jsonpath.internal.path.CompiledPath - Evaluating path: $
20:02:20.052 [main] DEBUG com.jayway.jsonpath.internal.path.CompiledPath - Evaluating path: $
20:02:20.084 [main] DEBUG com.jayway.jsonpath.internal.path.CompiledPath - Evaluating path: $
Karate version: 1.2.1.RC2
======================================================
elapsed:  18.94 | threads:    1 | thread time: 11.79 
features:    12 | skipped:    0 | efficiency: 0.62
scenarios:   53 | passed:     5 | failed: 48
======================================================
>>> failed features:
no step-definition method match found for: def Baseurl =''
classpath:com/big/features/APIfeatures/FIS-API/FIS-API.feature:3
no step-definition method match found for: def Baseurl =''
classpath:com/big/features/APIfeatures/FIS-API/FIS-API.feature:3
no step-definition method match found for: def Baseurl =''
classpath:com/big/features/APIfeatures/FIS-API/FIS-API.feature:3
no step-definition method match found for: def Baseurl =''
classpath:com/big/features/APIfeatures/FIS-API/FIS-API.feature:3
no step-definition method match found for: def Baseurl =''
classpath:com/big/features/APIfeatures/FIS-API/FIS-API.feature:3
no step-definition method match found for: def Baseurl =''
classpath:com/big/features/APIfeatures/FIS-API/FIS-API.feature:3
no step-definition method match found for: def Baseurl =''
classpath:com/big/features/APIfeatures/FIS-API/FIS-API.feature:3
no step-definition method match found for: def Baseurl =''
classpath:com/big/features/APIfeatures/FIS-API/FIS-API.feature:3
no step-definition method match found for: def Baseurl =''
classpath:com/big/features/APIfeatures/FIS-API/FIS-API.feature:3
no step-definition method match found for: def Baseurl =''
classpath:com/big/features/APIfeatures/FIS-API/FIS-API.feature:3
no step-definition method match found for: def Baseurl =''
classpath:com/big/features/APIfeatures/FIS-API/FIS-API.feature:3
js failed:
>>>>
01: read(../Village Branch Service XAPI/Village_Branch_XAPI.feature)
<<<<
org.graalvm.polyglot.PolyglotException: SyntaxError: Unnamed:1:5 Expected an operand but found .
read(../Village Branch Service XAPI/Village_Branch_XAPI.feature)
     ^

- org.graalvm.polyglot.Context.eval(Context.java:425)
- com.intuit.karate.graal.JsEngine.evalForValue(JsEngine.java:141)
- com.intuit.karate.graal.JsEngine.eval(JsEngine.java:137)
- com.intuit.karate.core.ScenarioEngine.evalJs(ScenarioEngine.java:1344)
- com.intuit.karate.core.ScenarioEngine.evalKarateExpression(ScenarioEngine.java:2373)
- com.intuit.karate.core.ScenarioEngine.evalKarateExpression(ScenarioEngine.java:2292)
- com.intuit.karate.core.ScenarioEngine.call(ScenarioEngine.java:2056)

classpath:com/big/features/APIfeatures/SCU/FISSSO-XAPI/Read_Token_Read_Card.feature:8
js failed:
>>>>
01: Baseurl +'/api/bat/member/'
<<<<
org.graalvm.polyglot.PolyglotException: ReferenceError: "Baseurl" is not defined
- <js>.:program(Unnamed:1)

classpath:com/big/features/APIfeatures/SCU/CC-XAPI/CC_XAPI.feature:6
js failed:
>>>>
01: Baseurl +'/healthcheck'
<<<<
org.graalvm.polyglot.PolyglotException: ReferenceError: "Baseurl" is not defined
- <js>.:program(Unnamed:1)

classpath:com/big/features/APIfeatures/SCU/CC-XAPI/CC_XAPI.feature:12
js failed:
>>>>
01: Baseurl '/api/bat/member/'
<<<<
org.graalvm.polyglot.PolyglotException: SyntaxError: Unnamed:1:9 Expected ; but found /api/bat/member/
Baseurl '/api/bat/member/'
         ^

- org.graalvm.polyglot.Context.eval(Context.java:425)
- com.intuit.karate.graal.JsEngine.evalForValue(JsEngine.java:141)
- com.intuit.karate.graal.JsEngine.eval(JsEngine.java:137)
- com.intuit.karate.core.ScenarioEngine.evalJs(ScenarioEngine.java:1344)
- com.intuit.karate.core.ScenarioEngine.evalKarateExpression(ScenarioEngine.java:2373)
- com.intuit.karate.core.ScenarioEngine.evalKarateExpression(ScenarioEngine.java:2292)
- com.intuit.karate.core.ScenarioEngine.url(ScenarioEngine.java:365)

classpath:com/big/features/APIfeatures/SCU/CC-XAPI/CC_XAPI.feature:18
js failed:
>>>>
01: Baseurl + '/healthcheck'
<<<<
org.graalvm.polyglot.PolyglotException: ReferenceError: "Baseurl" is not defined
- <js>.:program(Unnamed:1)

classpath:com/big/features/APIfeatures/SCU/CC-XAPI/CC_XAPI.feature:24
js failed:
>>>>
01: Baseurl '/api/bat/member/'
<<<<
org.graalvm.polyglot.PolyglotException: SyntaxError: Unnamed:1:9 Expected ; but found /api/bat/member/
Baseurl '/api/bat/member/'
         ^

- org.graalvm.polyglot.Context.eval(Context.java:425)
- com.intuit.karate.graal.JsEngine.evalForValue(JsEngine.java:141)
- com.intuit.karate.graal.JsEngine.eval(JsEngine.java:137)
- com.intuit.karate.core.ScenarioEngine.evalJs(ScenarioEngine.java:1344)
- com.intuit.karate.core.ScenarioEngine.evalKarateExpression(ScenarioEngine.java:2373)
- com.intuit.karate.core.ScenarioEngine.evalKarateExpression(ScenarioEngine.java:2292)
- com.intuit.karate.core.ScenarioEngine.url(ScenarioEngine.java:365)

classpath:com/big/features/APIfeatures/SCU/CC-XAPI/CC_XAPI.feature:30
js failed:
>>>>
01: Baseurl + '/healthcheck'
<<<<
org.graalvm.polyglot.PolyglotException: ReferenceError: "Baseurl" is not defined
- <js>.:program(Unnamed:1)

classpath:com/big/features/APIfeatures/SCU/CC-XAPI/CC_XAPI.feature:36
js failed:
>>>>
01: BaseUrl
<<<<
org.graalvm.polyglot.PolyglotException: ReferenceError: "BaseUrl" is not defined
- <js>.:program(Unnamed:1)

classpath:com/big/features/APIfeatures/SCU/CC-XAPI/CC_XAPI.feature:43
js failed:
>>>>
01: Baseurl 'core-api/secure/iso20022/account'
<<<<
org.graalvm.polyglot.PolyglotException: SyntaxError: Unnamed:1:9 Expected ; but found core-api/secure/iso20022/account
Baseurl 'core-api/secure/iso20022/account'
         ^

- org.graalvm.polyglot.Context.eval(Context.java:425)
- com.intuit.karate.graal.JsEngine.evalForValue(JsEngine.java:141)
- com.intuit.karate.graal.JsEngine.eval(JsEngine.java:137)
- com.intuit.karate.core.ScenarioEngine.evalJs(ScenarioEngine.java:1344)
- com.intuit.karate.core.ScenarioEngine.evalKarateExpression(ScenarioEngine.java:2373)
- com.intuit.karate.core.ScenarioEngine.evalKarateExpression(ScenarioEngine.java:2292)
- com.intuit.karate.core.ScenarioEngine.url(ScenarioEngine.java:365)

classpath:com/big/features/APIfeatures/SCU/Core ISO XAPI/Core_ISO_XAPI.feature:6
js failed:
>>>>
01: Baseurl + '/healthcheck'
<<<<
org.graalvm.polyglot.PolyglotException: ReferenceError: "Baseurl" is not defined
- <js>.:program(Unnamed:1)

classpath:com/big/features/APIfeatures/SCU/Core ISO XAPI/Core_ISO_XAPI.feature:12
js failed:
>>>>
01: Baseurl '/api/bat/member/'
<<<<
org.graalvm.polyglot.PolyglotException: SyntaxError: Unnamed:1:9 Expected ; but found /api/bat/member/
Baseurl '/api/bat/member/'
         ^

- org.graalvm.polyglot.Context.eval(Context.java:425)
- com.intuit.karate.graal.JsEngine.evalForValue(JsEngine.java:141)
- com.intuit.karate.graal.JsEngine.eval(JsEngine.java:137)
- com.intuit.karate.core.ScenarioEngine.evalJs(ScenarioEngine.java:1344)
- com.intuit.karate.core.ScenarioEngine.evalKarateExpression(ScenarioEngine.java:2373)
- com.intuit.karate.core.ScenarioEngine.evalKarateExpression(ScenarioEngine.java:2292)
- com.intuit.karate.core.ScenarioEngine.url(ScenarioEngine.java:365)

classpath:com/big/features/APIfeatures/SCU/Core ISO XAPI/Core_ISO_XAPI.feature:18
js failed:
>>>>
01: Baseurl + '/healthcheck'
<<<<
org.graalvm.polyglot.PolyglotException: ReferenceError: "Baseurl" is not defined
- <js>.:program(Unnamed:1)

classpath:com/big/features/APIfeatures/SCU/Core ISO XAPI/Core_ISO_XAPI.feature:24
js failed:
>>>>
01: Baseurl '/api/bat/member/'
<<<<
org.graalvm.polyglot.PolyglotException: SyntaxError: Unnamed:1:9 Expected ; but found /api/bat/member/
Baseurl '/api/bat/member/'
         ^

- org.graalvm.polyglot.Context.eval(Context.java:425)
- com.intuit.karate.graal.JsEngine.evalForValue(JsEngine.java:141)
- com.intuit.karate.graal.JsEngine.eval(JsEngine.java:137)
- com.intuit.karate.core.ScenarioEngine.evalJs(ScenarioEngine.java:1344)
- com.intuit.karate.core.ScenarioEngine.evalKarateExpression(ScenarioEngine.java:2373)
- com.intuit.karate.core.ScenarioEngine.evalKarateExpression(ScenarioEngine.java:2292)
- com.intuit.karate.core.ScenarioEngine.url(ScenarioEngine.java:365)

classpath:com/big/features/APIfeatures/SCU/Core ISO XAPI/Core_ISO_XAPI.feature:30
js failed:
>>>>
01: Baseurl + '/healthcheck'
<<<<
org.graalvm.polyglot.PolyglotException: ReferenceError: "Baseurl" is not defined
- <js>.:program(Unnamed:1)

classpath:com/big/features/APIfeatures/SCU/Core ISO XAPI/Core_ISO_XAPI.feature:36
js failed:
>>>>
01: BaseUrl
<<<<
org.graalvm.polyglot.PolyglotException: ReferenceError: "BaseUrl" is not defined
- <js>.:program(Unnamed:1)

classpath:com/big/features/APIfeatures/SCU/Core ISO XAPI/Core_ISO_XAPI.feature:43
no step-definition method match found for: I am on Login page
classpath:com/big/features/APIfeatures/SCU/GoogleTest.feature:10
no step-definition method match found for: I am on google page
classpath:com/big/features/APIfeatures/SCU/GoogleTest.feature:16
no step-definition method match found for: I am on google page
classpath:com/big/features/APIfeatures/SCU/GoogleTest.feature:16
no step-definition method match found for: def Baseurl ='https://bat-xapi.ca-c1.cloudhub.io/api/v1'
classpath:com/big/features/APIfeatures/BAT-API/Submission.feature:3
no step-definition method match found for: def Baseurl ='https://bat-xapi.ca-c1.cloudhub.io/api/v1'
classpath:com/big/features/APIfeatures/BAT-API/Submission.feature:3
no step-definition method match found for: def Baseurl ='https://bat-xapi.ca-c1.cloudhub.io/api/v1'
classpath:com/big/features/APIfeatures/BAT-API/Submission.feature:3
no step-definition method match found for: def Baseurl ='https://bat-xapi.ca-c1.cloudhub.io/api/v1'
classpath:com/big/features/APIfeatures/BAT-API/Submission.feature:3
no step-definition method match found for: I am on Google home Page
classpath:com/big/features/APIfeatures/SCU/DataTable.feature:7
js failed:
>>>>
01: Baseurl '/api/bat/member/'
<<<<
org.graalvm.polyglot.PolyglotException: SyntaxError: Unnamed:1:9 Expected ; but found /api/bat/member/
Baseurl '/api/bat/member/'
         ^

- org.graalvm.polyglot.Context.eval(Context.java:425)
- com.intuit.karate.graal.JsEngine.evalForValue(JsEngine.java:141)
- com.intuit.karate.graal.JsEngine.eval(JsEngine.java:137)
- com.intuit.karate.core.ScenarioEngine.evalJs(ScenarioEngine.java:1344)
- com.intuit.karate.core.ScenarioEngine.evalKarateExpression(ScenarioEngine.java:2373)
- com.intuit.karate.core.ScenarioEngine.evalKarateExpression(ScenarioEngine.java:2292)
- com.intuit.karate.core.ScenarioEngine.url(ScenarioEngine.java:365)

classpath:com/big/features/APIfeatures/SCU/TOKEN -XAPI/Token.feature:6
js failed:
>>>>
01: Baseurl + '/healthcheck'
<<<<
org.graalvm.polyglot.PolyglotException: ReferenceError: "Baseurl" is not defined
- <js>.:program(Unnamed:1)

classpath:com/big/features/APIfeatures/SCU/TOKEN -XAPI/Token.feature:12
js failed:
>>>>
01: BaseUrl
<<<<
org.graalvm.polyglot.PolyglotException: ReferenceError: "BaseUrl" is not defined
- <js>.:program(Unnamed:1)

classpath:com/big/features/APIfeatures/SCU/TOKEN -XAPI/Token.feature:19
no step-definition method match found for: def Baseurl ='http://credit-card-xapi.ca-c1.cloudhub.io/api/v1'
classpath:com/big/features/APIfeatures/CC-API/Read_Accounts.feature:3
no step-definition method match found for: def Baseurl ='http://credit-card-xapi.ca-c1.cloudhub.io/api/v1'
classpath:com/big/features/APIfeatures/CC-API/Read_Accounts.feature:3
no step-definition method match found for: def Baseurl ='http://credit-card-xapi.ca-c1.cloudhub.io/api/v1'
classpath:com/big/features/APIfeatures/CC-API/Read_Accounts.feature:3
no step-definition method match found for: def Baseurl ='http://credit-card-xapi.ca-c1.cloudhub.io/api/v1'
classpath:com/big/features/APIfeatures/CC-API/Read_Accounts.feature:3
no step-definition method match found for: def Baseurl ='http://credit-card-xapi.ca-c1.cloudhub.io/api/v1'
classpath:com/big/features/APIfeatures/CC-API/Read_Accounts.feature:3
no step-definition method match found for: def Baseurl =''
classpath:com/big/features/APIfeatures/SCU/FIS-SAPI/FIS-SAPI.feature:3
no step-definition method match found for: def Baseurl =''
classpath:com/big/features/APIfeatures/SCU/FIS-SAPI/FIS-SAPI.feature:3
no step-definition method match found for: def Baseurl =''
classpath:com/big/features/APIfeatures/SCU/FIS-SAPI/FIS-SAPI.feature:3
js failed:
>>>>
01: Baseurl '/api/bat/member/'
<<<<
org.graalvm.polyglot.PolyglotException: SyntaxError: Unnamed:1:9 Expected ; but found /api/bat/member/
Baseurl '/api/bat/member/'
         ^

- org.graalvm.polyglot.Context.eval(Context.java:425)
- com.intuit.karate.graal.JsEngine.evalForValue(JsEngine.java:141)
- com.intuit.karate.graal.JsEngine.eval(JsEngine.java:137)
- com.intuit.karate.core.ScenarioEngine.evalJs(ScenarioEngine.java:1344)
- com.intuit.karate.core.ScenarioEngine.evalKarateExpression(ScenarioEngine.java:2373)
- com.intuit.karate.core.ScenarioEngine.evalKarateExpression(ScenarioEngine.java:2292)
- com.intuit.karate.core.ScenarioEngine.url(ScenarioEngine.java:365)

classpath:com/big/features/APIfeatures/SCU/TOKEN -SAPI/TokenSAPI.feature:6
no step-definition method match found for: match responseStatus 200
classpath:com/big/features/APIfeatures/SCU/Village Branch Service XAPI/Village_Branch_XAPI.feature:8
match failed: EACH_EQUALS
  $ | match each failed at index 7 (LIST:STRING)
  ["Red Deer","Red Deer","Red Deer","Red Deer","Red Deer","Red Deer","Red Deer","Redcliff","Red Deer","Red Deer","Red Deer","Red Deer","Red Deer","Red Deer"]
  'Red Deer'

    $[7] | not equal (STRING:STRING)
    'Redcliff'
    'Red Deer'

classpath:com/big/features/APIfeatures/SCU/Village Branch Service XAPI/Village_Branch_XAPI.feature:37
<<<
20:02:20.104 [main] DEBUG karate.org.thymeleaf.TemplateEngine - [THYMELEAF] INITIALIZING TEMPLATE ENGINE
20:02:20.123 [main] DEBUG karate.org.thymeleaf.TemplateEngine.CONFIG - Initializing Thymeleaf Template engine configuration...
[THYMELEAF] TEMPLATE ENGINE CONFIGURATION:
[THYMELEAF] * Thymeleaf version: 3.0.14.RELEASE (built 2021-12-08T00:45:29+0000)
[THYMELEAF] * Cache Manager implementation: karate.org.thymeleaf.cache.StandardCacheManager
[THYMELEAF] * Template resolvers:
[THYMELEAF]     * [1] com.intuit.karate.template.ResourceHtmlTemplateResolver
[THYMELEAF] * Message resolvers:
[THYMELEAF]     * karate.org.thymeleaf.messageresolver.StandardMessageResolver
[THYMELEAF] * Link builders:
[THYMELEAF]     * karate.org.thymeleaf.linkbuilder.StandardLinkBuilder
[THYMELEAF] * Dialect [1 of 2]: Standard (com.intuit.karate.template.KarateStandardDialect)
[THYMELEAF]     * Prefix: "th"
[THYMELEAF]     * Processors for Template Mode: HTML
[THYMELEAF]         * Element Tag Processors by [matching element and attribute name] [precedence]:
[THYMELEAF]             * [* {th:include,data-th-include}] [100]: karate.org.thymeleaf.standard.processor.StandardIncludeTagProcessor
[THYMELEAF]             * [* {th:insert,data-th-insert}] [100]: karate.org.thymeleaf.standard.processor.StandardInsertTagProcessor
[THYMELEAF]             * [* {th:replace,data-th-replace}] [100]: karate.org.thymeleaf.standard.processor.StandardReplaceTagProcessor
[THYMELEAF]             * [* {th:substituteby,data-th-substituteby}] [100]: karate.org.thymeleaf.standard.processor.StandardSubstituteByTagProcessor
[THYMELEAF]             * [* {th:each,data-th-each}] [200]: com.intuit.karate.template.KarateEachTagProcessor
[THYMELEAF]             * [* {th:switch,data-th-switch}] [250]: karate.org.thymeleaf.standard.processor.StandardSwitchTagProcessor
[THYMELEAF]             * [* {th:case,data-th-case}] [275]: karate.org.thymeleaf.standard.processor.StandardCaseTagProcessor
[THYMELEAF]             * [* {th:if,data-th-if}] [300]: karate.org.thymeleaf.standard.processor.StandardIfTagProcessor
[THYMELEAF]             * [* {th:unless,data-th-unless}] [400]: karate.org.thymeleaf.standard.processor.StandardUnlessTagProcessor
[THYMELEAF]             * [* {th:object,data-th-object}] [500]: karate.org.thymeleaf.standard.processor.StandardObjectTagProcessor
[THYMELEAF]             * [* {th:with,data-th-with}] [600]: com.intuit.karate.template.KarateWithTagProcessor
[THYMELEAF]             * [* {th:attr,data-th-attr}] [700]: com.intuit.karate.template.KarateAttributeTagProcessor.KarateAttrTagProcessor
[THYMELEAF]             * [* {th:attrappend,data-th-attrappend}] [900]: com.intuit.karate.template.KarateAttributeTagProcessor.KarateAttrappendTagProcessor
[THYMELEAF]             * [* {th:attrprepend,data-th-attrprepend}] [900]: com.intuit.karate.template.KarateAttributeTagProcessor.KarateAttrprependTagProcessor
[THYMELEAF]             * [* {th:alt-title,data-th-alt-title}] [990]: karate.org.thymeleaf.standard.processor.StandardAltTitleTagProcessor
[THYMELEAF]             * [* {th:lang-xmllang,data-th-lang-xmllang}] [990]: karate.org.thymeleaf.standard.processor.StandardLangXmlLangTagProcessor
[THYMELEAF]             * [* {th:action,data-th-action}] [1000]: karate.org.thymeleaf.standard.processor.StandardActionTagProcessor
[THYMELEAF]             * [* {th:pubdate,data-th-pubdate}] [1000]: karate.org.thymeleaf.standard.processor.StandardConditionalFixedValueTagProcessor
[THYMELEAF]             * [* {th:async,data-th-async}] [1000]: karate.org.thymeleaf.standard.processor.StandardConditionalFixedValueTagProcessor
[THYMELEAF]             * [* {th:scoped,data-th-scoped}] [1000]: karate.org.thymeleaf.standard.processor.StandardConditionalFixedValueTagProcessor
[THYMELEAF]             * [* {th:ismap,data-th-ismap}] [1000]: karate.org.thymeleaf.standard.processor.StandardConditionalFixedValueTagProcessor
[THYMELEAF]             * [* {th:checked,data-th-checked}] [1000]: karate.org.thymeleaf.standard.processor.StandardConditionalFixedValueTagProcessor
[THYMELEAF]             * [* {th:multiple,data-th-multiple}] [1000]: karate.org.thymeleaf.standard.processor.StandardConditionalFixedValueTagProcessor
[THYMELEAF]             * [* {th:nowrap,data-th-nowrap}] [1000]: karate.org.thymeleaf.standard.processor.StandardConditionalFixedValueTagProcessor
[THYMELEAF]             * [* {th:controls,data-th-controls}] [1000]: karate.org.thymeleaf.standard.processor.StandardConditionalFixedValueTagProcessor
[THYMELEAF]             * [* {th:hidden,data-th-hidden}] [1000]: karate.org.thymeleaf.standard.processor.StandardConditionalFixedValueTagProcessor
[THYMELEAF]             * [* {th:defer,data-th-defer}] [1000]: karate.org.thymeleaf.standard.processor.StandardConditionalFixedValueTagProcessor
[THYMELEAF]             * [* {th:autofocus,data-th-autofocus}] [1000]: karate.org.thymeleaf.standard.processor.StandardConditionalFixedValueTagProcessor
[THYMELEAF]             * [* {th:seamless,data-th-seamless}] [1000]: karate.org.thymeleaf.standard.processor.StandardConditionalFixedValueTagProcessor
[THYMELEAF]             * [* {th:novalidate,data-th-novalidate}] [1000]: karate.org.thymeleaf.standard.processor.StandardConditionalFixedValueTagProcessor
[THYMELEAF]             * [* {th:required,data-th-required}] [1000]: karate.org.thymeleaf.standard.processor.StandardConditionalFixedValueTagProcessor
[THYMELEAF]             * [* {th:selected,data-th-selected}] [1000]: karate.org.thymeleaf.standard.processor.StandardConditionalFixedValueTagProcessor
[THYMELEAF]             * [* {th:open,data-th-open}] [1000]: karate.org.thymeleaf.standard.processor.StandardConditionalFixedValueTagProcessor
[THYMELEAF]             * [* {th:declare,data-th-declare}] [1000]: karate.org.thymeleaf.standard.processor.StandardConditionalFixedValueTagProcessor
[THYMELEAF]             * [* {th:readonly,data-th-readonly}] [1000]: karate.org.thymeleaf.standard.processor.StandardConditionalFixedValueTagProcessor
[THYMELEAF]             * [* {th:default,data-th-default}] [1000]: karate.org.thymeleaf.standard.processor.StandardConditionalFixedValueTagProcessor
[THYMELEAF]             * [* {th:loop,data-th-loop}] [1000]: karate.org.thymeleaf.standard.processor.StandardConditionalFixedValueTagProcessor
[THYMELEAF]             * [* {th:formnovalidate,data-th-formnovalidate}] [1000]: karate.org.thymeleaf.standard.processor.StandardConditionalFixedValueTagProcessor
[THYMELEAF]             * [* {th:autoplay,data-th-autoplay}] [1000]: karate.org.thymeleaf.standard.processor.StandardConditionalFixedValueTagProcessor
[THYMELEAF]             * [* {th:disabled,data-th-disabled}] [1000]: karate.org.thymeleaf.standard.processor.StandardConditionalFixedValueTagProcessor
[THYMELEAF]             * [* {th:reversed,data-th-reversed}] [1000]: karate.org.thymeleaf.standard.processor.StandardConditionalFixedValueTagProcessor
[THYMELEAF]             * [* {th:onkeyup,data-th-onkeyup}] [1000]: karate.org.thymeleaf.standard.processor.StandardDOMEventAttributeTagProcessor
[THYMELEAF]             * [* {th:oninvalid,data-th-oninvalid}] [1000]: karate.org.thymeleaf.standard.processor.StandardDOMEventAttributeTagProcessor
[THYMELEAF]             * [* {th:oncanplaythrough,data-th-oncanplaythrough}] [1000]: karate.org.thymeleaf.standard.processor.StandardDOMEventAttributeTagProcessor
[THYMELEAF]             * [* {th:onvolumechange,data-th-onvolumechange}] [1000]: karate.org.thymeleaf.standard.processor.StandardDOMEventAttributeTagProcessor
[THYMELEAF]             * [* {th:onloadstart,data-th-onloadstart}] [1000]: karate.org.thymeleaf.standard.processor.StandardDOMEventAttributeTagProcessor
[THYMELEAF]             * [* {th:ondragleave,data-th-ondragleave}] [1000]: karate.org.thymeleaf.standard.processor.StandardDOMEventAttributeTagProcessor
[THYMELEAF]             * [* {th:onprogress,data-th-onprogress}] [1000]: karate.org.thymeleaf.standard.processor.StandardDOMEventAttributeTagProcessor
[THYMELEAF]             * [* {th:onafterprint,data-th-onafterprint}] [1000]: karate.org.thymeleaf.standard.processor.StandardDOMEventAttributeTagProcessor
[THYMELEAF]             * [* {th:onshow,data-th-onshow}] [1000]: karate.org.thymeleaf.standard.processor.StandardDOMEventAttributeTagProcessor
[THYMELEAF]             * [* {th:onabort,data-th-onabort}] [1000]: karate.org.thymeleaf.standard.processor.StandardDOMEventAttributeTagProcessor
[THYMELEAF]             * [* {th:onended,data-th-onended}] [1000]: karate.org.thymeleaf.standard.processor.StandardDOMEventAttributeTagProcessor
[THYMELEAF]             * [* {th:ondragend,data-th-ondragend}] [1000]: karate.org.thymeleaf.standard.processor.StandardDOMEventAttributeTagProcessor
[THYMELEAF]             * [* {th:ondragover,data-th-ondragover}] [1000]: karate.org.thymeleaf.standard.processor.StandardDOMEventAttributeTagProcessor
[THYMELEAF]             * [* {th:onseeking,data-th-onseeking}] [1000]: karate.org.thymeleaf.standard.processor.StandardDOMEventAttributeTagProcessor
[THYMELEAF]             * [* {th:ondrag,data-th-ondrag}] [1000]: karate.org.thymeleaf.standard.processor.StandardDOMEventAttributeTagProcessor
[THYMELEAF]             * [* {th:oncontextmenu,data-th-oncontextmenu}] [1000]: karate.org.thymeleaf.standard.processor.StandardDOMEventAttributeTagProcessor
[THYMELEAF]             * [* {th:onkeypress,data-th-onkeypress}] [1000]: karate.org.thymeleaf.standard.processor.StandardDOMEventAttributeTagProcessor
[THYMELEAF]             * [* {th:onmousedown,data-th-onmousedown}] [1000]: karate.org.thymeleaf.standard.processor.StandardDOMEventAttributeTagProcessor
[THYMELEAF]             * [* {th:onplaying,data-th-onplaying}] [1000]: karate.org.thymeleaf.standard.processor.StandardDOMEventAttributeTagProcessor
[THYMELEAF]             * [* {th:onscroll,data-th-onscroll}] [1000]: karate.org.thymeleaf.standard.processor.StandardDOMEventAttributeTagProcessor
[THYMELEAF]             * [* {th:ondragenter,data-th-ondragenter}] [1000]: karate.org.thymeleaf.standard.processor.StandardDOMEventAttributeTagProcessor
[THYMELEAF]             * [* {th:onratechange,data-th-onratechange}] [1000]: karate.org.thymeleaf.standard.processor.StandardDOMEventAttributeTagProcessor
[THYMELEAF]             * [* {th:onmouseover,data-th-onmouseover}] [1000]: karate.org.thymeleaf.standard.processor.StandardDOMEventAttributeTagProcessor
[THYMELEAF]             * [* {th:onstorage,data-th-onstorage}] [1000]: karate.org.thymeleaf.standard.processor.StandardDOMEventAttributeTagProcessor
[THYMELEAF]             * [* {th:onload,data-th-onload}] [1000]: karate.org.thymeleaf.standard.processor.StandardDOMEventAttributeTagProcessor
[THYMELEAF]             * [* {th:onloadedmetadata,data-th-onloadedmetadata}] [1000]: karate.org.thymeleaf.standard.processor.StandardDOMEventAttributeTagProcessor
[THYMELEAF]             * [* {th:onemptied,data-th-onemptied}] [1000]: karate.org.thymeleaf.standard.processor.StandardDOMEventAttributeTagProcessor
[THYMELEAF]             * [* {th:onerror,data-th-onerror}] [1000]: karate.org.thymeleaf.standard.processor.StandardDOMEventAttributeTagProcessor
[THYMELEAF]             * [* {th:onplay,data-th-onplay}] [1000]: karate.org.thymeleaf.standard.processor.StandardDOMEventAttributeTagProcessor
[THYMELEAF]             * [* {th:onreset,data-th-onreset}] [1000]: karate.org.thymeleaf.standard.processor.StandardDOMEventAttributeTagProcessor
[THYMELEAF]             * [* {th:ondurationchange,data-th-ondurationchange}] [1000]: karate.org.thymeleaf.standard.processor.StandardDOMEventAttributeTagProcessor
[THYMELEAF]             * [* {th:onchange,data-th-onchange}] [1000]: karate.org.thymeleaf.standard.processor.StandardDOMEventAttributeTagProcessor
[THYMELEAF]             * [* {th:onpopstate,data-th-onpopstate}] [1000]: karate.org.thymeleaf.standard.processor.StandardDOMEventAttributeTagProcessor
[THYMELEAF]             * [* {th:onclick,data-th-onclick}] [1000]: karate.org.thymeleaf.standard.processor.StandardDOMEventAttributeTagProcessor
[THYMELEAF]             * [* {th:onunload,data-th-onunload}] [1000]: karate.org.thymeleaf.standard.processor.StandardDOMEventAttributeTagProcessor
[THYMELEAF]             * [* {th:onselect,data-th-onselect}] [1000]: karate.org.thymeleaf.standard.processor.StandardDOMEventAttributeTagProcessor
[THYMELEAF]             * [* {th:oncanplay,data-th-oncanplay}] [1000]: karate.org.thymeleaf.standard.processor.StandardDOMEventAttributeTagProcessor
[THYMELEAF]             * [* {th:onloadeddata,data-th-onloadeddata}] [1000]: karate.org.thymeleaf.standard.processor.StandardDOMEventAttributeTagProcessor
[THYMELEAF]             * [* {th:ononline,data-th-ononline}] [1000]: karate.org.thymeleaf.standard.processor.StandardDOMEventAttributeTagProcessor
[THYMELEAF]             * [* {th:ondblclick,data-th-ondblclick}] [1000]: karate.org.thymeleaf.standard.processor.StandardDOMEventAttributeTagProcessor
[THYMELEAF]             * [* {th:onblur,data-th-onblur}] [1000]: karate.org.thymeleaf.standard.processor.StandardDOMEventAttributeTagProcessor
[THYMELEAF]             * [* {th:onhashchange,data-th-onhashchange}] [1000]: karate.org.thymeleaf.standard.processor.StandardDOMEventAttributeTagProcessor
[THYMELEAF]             * [* {th:onwaiting,data-th-onwaiting}] [1000]: karate.org.thymeleaf.standard.processor.StandardDOMEventAttributeTagProcessor
[THYMELEAF]             * [* {th:onmouseout,data-th-onmouseout}] [1000]: karate.org.thymeleaf.standard.processor.StandardDOMEventAttributeTagProcessor
[THYMELEAF]             * [* {th:onformchange,data-th-onformchange}] [1000]: karate.org.thymeleaf.standard.processor.StandardDOMEventAttributeTagProcessor
[THYMELEAF]             * [* {th:onreadystatechange,data-th-onreadystatechange}] [1000]: karate.org.thymeleaf.standard.processor.StandardDOMEventAttributeTagProcessor
[THYMELEAF]             * [* {th:onmouseup,data-th-onmouseup}] [1000]: karate.org.thymeleaf.standard.processor.StandardDOMEventAttributeTagProcessor
[THYMELEAF]             * [* {th:onoffline,data-th-onoffline}] [1000]: karate.org.thymeleaf.standard.processor.StandardDOMEventAttributeTagProcessor
[THYMELEAF]             * [* {th:onkeydown,data-th-onkeydown}] [1000]: karate.org.thymeleaf.standard.processor.StandardDOMEventAttributeTagProcessor
[THYMELEAF]             * [* {th:onstalled,data-th-onstalled}] [1000]: karate.org.thymeleaf.standard.processor.StandardDOMEventAttributeTagProcessor
[THYMELEAF]             * [* {th:onmousewheel,data-th-onmousewheel}] [1000]: karate.org.thymeleaf.standard.processor.StandardDOMEventAttributeTagProcessor
[THYMELEAF]             * [* {th:onbeforeunload,data-th-onbeforeunload}] [1000]: karate.org.thymeleaf.standard.processor.StandardDOMEventAttributeTagProcessor
[THYMELEAF]             * [* {th:onpause,data-th-onpause}] [1000]: karate.org.thymeleaf.standard.processor.StandardDOMEventAttributeTagProcessor
[THYMELEAF]             * [* {th:onsubmit,data-th-onsubmit}] [1000]: karate.org.thymeleaf.standard.processor.StandardDOMEventAttributeTagProcessor
[THYMELEAF]             * [* {th:ondrop,data-th-ondrop}] [1000]: karate.org.thymeleaf.standard.processor.StandardDOMEventAttributeTagProcessor
[THYMELEAF]             * [* {th:onforminput,data-th-onforminput}] [1000]: karate.org.thymeleaf.standard.processor.StandardDOMEventAttributeTagProcessor
[THYMELEAF]             * [* {th:ondragstart,data-th-ondragstart}] [1000]: karate.org.thymeleaf.standard.processor.StandardDOMEventAttributeTagProcessor
[THYMELEAF]             * [* {th:onmousemove,data-th-onmousemove}] [1000]: karate.org.thymeleaf.standard.processor.StandardDOMEventAttributeTagProcessor
[THYMELEAF]             * [* {th:onmessage,data-th-onmessage}] [1000]: karate.org.thymeleaf.standard.processor.StandardDOMEventAttributeTagProcessor
[THYMELEAF]             * [* {th:onseeked,data-th-onseeked}] [1000]: karate.org.thymeleaf.standard.processor.StandardDOMEventAttributeTagProcessor
[THYMELEAF]             * [* {th:ontimeupdate,data-th-ontimeupdate}] [1000]: karate.org.thymeleaf.standard.processor.StandardDOMEventAttributeTagProcessor
[THYMELEAF]             * [* {th:onundo,data-th-onundo}] [1000]: karate.org.thymeleaf.standard.processor.StandardDOMEventAttributeTagProcessor
[THYMELEAF]             * [* {th:oninput,data-th-oninput}] [1000]: karate.org.thymeleaf.standard.processor.StandardDOMEventAttributeTagProcessor
[THYMELEAF]             * [* {th:onbeforeprint,data-th-onbeforeprint}] [1000]: karate.org.thymeleaf.standard.processor.StandardDOMEventAttributeTagProcessor
[THYMELEAF]             * [* {th:onresize,data-th-onresize}] [1000]: karate.org.thymeleaf.standard.processor.StandardDOMEventAttributeTagProcessor
[THYMELEAF]             * [* {th:onredo,data-th-onredo}] [1000]: karate.org.thymeleaf.standard.processor.StandardDOMEventAttributeTagProcessor
[THYMELEAF]             * [* {th:onfocus,data-th-onfocus}] [1000]: karate.org.thymeleaf.standard.processor.StandardDOMEventAttributeTagProcessor
[THYMELEAF]             * [* {th:onsuspend,data-th-onsuspend}] [1000]: karate.org.thymeleaf.standard.processor.StandardDOMEventAttributeTagProcessor
[THYMELEAF]             * [* {th:href,data-th-href}] [1000]: karate.org.thymeleaf.standard.processor.StandardHrefTagProcessor
[THYMELEAF]             * [* {th:inline,data-th-inline}] [1000]: karate.org.thymeleaf.standard.processor.StandardInlineHTMLTagProcessor
[THYMELEAF]             * [* {th:method,data-th-method}] [1000]: karate.org.thymeleaf.standard.processor.StandardMethodTagProcessor
[THYMELEAF]             * [* {th:type,data-th-type}] [1000]: karate.org.thymeleaf.standard.processor.StandardNonRemovableAttributeTagProcessor
[THYMELEAF]             * [* {th:name,data-th-name}] [1000]: karate.org.thymeleaf.standard.processor.StandardNonRemovableAttributeTagProcessor
[THYMELEAF]             * [* {th:compact,data-th-compact}] [1000]: karate.org.thymeleaf.standard.processor.StandardRemovableAttributeTagProcessor
[THYMELEAF]             * [* {th:accept,data-th-accept}] [1000]: karate.org.thymeleaf.standard.processor.StandardRemovableAttributeTagProcessor
[THYMELEAF]             * [* {th:dir,data-th-dir}] [1000]: karate.org.thymeleaf.standard.processor.StandardRemovableAttributeTagProcessor
[THYMELEAF]             * [* {th:challenge,data-th-challenge}] [1000]: karate.org.thymeleaf.standard.processor.StandardRemovableAttributeTagProcessor
[THYMELEAF]             * [* {th:spellcheck,data-th-spellcheck}] [1000]: karate.org.thymeleaf.standard.processor.StandardRemovableAttributeTagProcessor
[THYMELEAF]             * [* {th:step,data-th-step}] [1000]: karate.org.thymeleaf.standard.processor.StandardRemovableAttributeTagProcessor
[THYMELEAF]             * [* {th:contenteditable,data-th-contenteditable}] [1000]: karate.org.thymeleaf.standard.processor.StandardRemovableAttributeTagProcessor
[THYMELEAF]             * [* {th:max,data-th-max}] [1000]: karate.org.thymeleaf.standard.processor.StandardRemovableAttributeTagProcessor
[THYMELEAF]             * [* {th:abbr,data-th-abbr}] [1000]: karate.org.thymeleaf.standard.processor.StandardRemovableAttributeTagProcessor
[THYMELEAF]             * [* {th:maxlength,data-th-maxlength}] [1000]: karate.org.thymeleaf.standard.processor.StandardRemovableAttributeTagProcessor
[THYMELEAF]             * [* {th:background,data-th-background}] [1000]: karate.org.thymeleaf.standard.processor.StandardRemovableAttributeTagProcessor
[THYMELEAF]             * [* {th:keytype,data-th-keytype}] [1000]: karate.org.thymeleaf.standard.processor.StandardRemovableAttributeTagProcessor
[THYMELEAF]             * [* {th:optimum,data-th-optimum}] [1000]: karate.org.thymeleaf.standard.processor.StandardRemovableAttributeTagProcessor
[THYMELEAF]             * [* {th:draggable,data-th-draggable}] [1000]: karate.org.thymeleaf.standard.processor.StandardRemovableAttributeTagProcessor
[THYMELEAF]             * [* {th:rowspan,data-th-rowspan}] [1000]: karate.org.thymeleaf.standard.processor.StandardRemovableAttributeTagProcessor
[THYMELEAF]             * [* {th:cellpadding,data-th-cellpadding}] [1000]: karate.org.thymeleaf.standard.processor.StandardRemovableAttributeTagProcessor
[THYMELEAF]             * [* {th:hreflang,data-th-hreflang}] [1000]: karate.org.thymeleaf.standard.processor.StandardRemovableAttributeTagProcessor
[THYMELEAF]             * [* {th:usemap,data-th-usemap}] [1000]: karate.org.thymeleaf.standard.processor.StandardRemovableAttributeTagProcessor
[THYMELEAF]             * [* {th:sandbox,data-th-sandbox}] [1000]: karate.org.thymeleaf.standard.processor.StandardRemovableAttributeTagProcessor
[THYMELEAF]             * [* {th:cellspacing,data-th-cellspacing}] [1000]: karate.org.thymeleaf.standard.processor.StandardRemovableAttributeTagProcessor
[THYMELEAF]             * [* {th:manifest,data-th-manifest}] [1000]: karate.org.thymeleaf.standard.processor.StandardRemovableAttributeTagProcessor
[THYMELEAF]             * [* {th:content,data-th-content}] [1000]: karate.org.thymeleaf.standard.processor.StandardRemovableAttributeTagProcessor
[THYMELEAF]             * [* {th:high,data-th-high}] [1000]: karate.org.thymeleaf.standard.processor.StandardRemovableAttributeTagProcessor
[THYMELEAF]             * [* {th:autocomplete,data-th-autocomplete}] [1000]: karate.org.thymeleaf.standard.processor.StandardRemovableAttributeTagProcessor
[THYMELEAF]             * [* {th:scheme,data-th-scheme}] [1000]: karate.org.thymeleaf.standard.processor.StandardRemovableAttributeTagProcessor
[THYMELEAF]             * [* {th:wrap,data-th-wrap}] [1000]: karate.org.thymeleaf.standard.processor.StandardRemovableAttributeTagProcessor
[THYMELEAF]             * [* {th:align,data-th-align}] [1000]: karate.org.thymeleaf.standard.processor.StandardRemovableAttributeTagProcessor
[THYMELEAF]             * [* {th:standby,data-th-standby}] [1000]: karate.org.thymeleaf.standard.processor.StandardRemovableAttributeTagProcessor
[THYMELEAF]             * [* {th:rev,data-th-rev}] [1000]: karate.org.thymeleaf.standard.processor.StandardRemovableAttributeTagProcessor
[THYMELEAF]             * [* {th:classid,data-th-classid}] [1000]: karate.org.thymeleaf.standard.processor.StandardRemovableAttributeTagProcessor
[THYMELEAF]             * [* {th:http-equiv,data-th-http-equiv}] [1000]: karate.org.thymeleaf.standard.processor.StandardRemovableAttributeTagProcessor
[THYMELEAF]             * [* {th:formmethod,data-th-formmethod}] [1000]: karate.org.thymeleaf.standard.processor.StandardRemovableAttributeTagProcessor
[THYMELEAF]             * [* {th:height,data-th-height}] [1000]: karate.org.thymeleaf.standard.processor.StandardRemovableAttributeTagProcessor
[THYMELEAF]             * [* {th:codetype,data-th-codetype}] [1000]: karate.org.thymeleaf.standard.processor.StandardRemovableAttributeTagProcessor
[THYMELEAF]             * [* {th:scope,data-th-scope}] [1000]: karate.org.thymeleaf.standard.processor.StandardRemovableAttributeTagProcessor
[THYMELEAF]             * [* {th:accesskey,data-th-accesskey}] [1000]: karate.org.thymeleaf.standard.processor.StandardRemovableAttributeTagProcessor
[THYMELEAF]             * [* {th:size,data-th-size}] [1000]: karate.org.thymeleaf.standard.processor.StandardRemovableAttributeTagProcessor
[THYMELEAF]             * [* {th:archive,data-th-archive}] [1000]: karate.org.thymeleaf.standard.processor.StandardRemovableAttributeTagProcessor
[THYMELEAF]             * [* {th:cols,data-th-cols}] [1000]: karate.org.thymeleaf.standard.processor.StandardRemovableAttributeTagProcessor
[THYMELEAF]             * [* {th:formtarget,data-th-formtarget}] [1000]: karate.org.thymeleaf.standard.processor.StandardRemovableAttributeTagProcessor
[THYMELEAF]             * [* {th:alt,data-th-alt}] [1000]: karate.org.thymeleaf.standard.processor.StandardRemovableAttributeTagProcessor
[THYMELEAF]             * [* {th:style,data-th-style}] [1000]: karate.org.thymeleaf.standard.processor.StandardRemovableAttributeTagProcessor
[THYMELEAF]             * [* {th:scrolling,data-th-scrolling}] [1000]: karate.org.thymeleaf.standard.processor.StandardRemovableAttributeTagProcessor
[THYMELEAF]             * [* {th:start,data-th-start}] [1000]: karate.org.thymeleaf.standard.processor.StandardRemovableAttributeTagProcessor
[THYMELEAF]             * [* {th:contextmenu,data-th-contextmenu}] [1000]: karate.org.thymeleaf.standard.processor.StandardRemovableAttributeTagProcessor
[THYMELEAF]             * [* {th:vspace,data-th-vspace}] [1000]: karate.org.thymeleaf.standard.processor.StandardRemovableAttributeTagProcessor
[THYMELEAF]             * [* {th:lang,data-th-lang}] [1000]: karate.org.thymeleaf.standard.processor.StandardRemovableAttributeTagProcessor
[THYMELEAF]             * [* {th:srclang,data-th-srclang}] [1000]: karate.org.thymeleaf.standard.processor.StandardRemovableAttributeTagProcessor
[THYMELEAF]             * [* {th:axis,data-th-axis}] [1000]: karate.org.thymeleaf.standard.processor.StandardRemovableAttributeTagProcessor
[THYMELEAF]             * [* {th:sizes,data-th-sizes}] [1000]: karate.org.thymeleaf.standard.processor.StandardRemovableAttributeTagProcessor
[THYMELEAF]             * [* {th:dropzone,data-th-dropzone}] [1000]: karate.org.thymeleaf.standard.processor.StandardRemovableAttributeTagProcessor
[THYMELEAF]             * [* {th:min,data-th-min}] [1000]: karate.org.thymeleaf.standard.processor.StandardRemovableAttributeTagProcessor
[THYMELEAF]             * [* {th:label,data-th-label}] [1000]: karate.org.thymeleaf.standard.processor.StandardRemovableAttributeTagProcessor
[THYMELEAF]             * [* {th:accept-charset,data-th-accept-charset}] [1000]: karate.org.thymeleaf.standard.processor.StandardRemovableAttributeTagProcessor
[THYMELEAF]             * [* {th:marginwidth,data-th-marginwidth}] [1000]: karate.org.thymeleaf.standard.processor.StandardRemovableAttributeTagProcessor
[THYMELEAF]             * [* {th:class,data-th-class}] [1000]: karate.org.thymeleaf.standard.processor.StandardRemovableAttributeTagProcessor
[THYMELEAF]             * [* {th:tabindex,data-th-tabindex}] [1000]: karate.org.thymeleaf.standard.processor.StandardRemovableAttributeTagProcessor
[THYMELEAF]             * [* {th:target,data-th-target}] [1000]: karate.org.thymeleaf.standard.processor.StandardRemovableAttributeTagProcessor
[THYMELEAF]             * [* {th:form,data-th-form}] [1000]: karate.org.thymeleaf.standard.processor.StandardRemovableAttributeTagProcessor
[THYMELEAF]             * [* {th:headers,data-th-headers}] [1000]: karate.org.thymeleaf.standard.processor.StandardRemovableAttributeTagProcessor
[THYMELEAF]             * [* {th:codebase,data-th-codebase}] [1000]: karate.org.thymeleaf.standard.processor.StandardRemovableAttributeTagProcessor
[THYMELEAF]             * [* {th:hspace,data-th-hspace}] [1000]: karate.org.thymeleaf.standard.processor.StandardRemovableAttributeTagProcessor
[THYMELEAF]             * [* {th:cite,data-th-cite}] [1000]: karate.org.thymeleaf.standard.processor.StandardRemovableAttributeTagProcessor
[THYMELEAF]             * [* {th:datetime,data-th-datetime}] [1000]: karate.org.thymeleaf.standard.processor.StandardRemovableAttributeTagProcessor
[THYMELEAF]             * [* {th:span,data-th-span}] [1000]: karate.org.thymeleaf.standard.processor.StandardRemovableAttributeTagProcessor
[THYMELEAF]             * [* {th:bgcolor,data-th-bgcolor}] [1000]: karate.org.thymeleaf.standard.processor.StandardRemovableAttributeTagProcessor
[THYMELEAF]             * [* {th:title,data-th-title}] [1000]: karate.org.thymeleaf.standard.processor.StandardRemovableAttributeTagProcessor
[THYMELEAF]             * [* {th:rows,data-th-rows}] [1000]: karate.org.thymeleaf.standard.processor.StandardRemovableAttributeTagProcessor
[THYMELEAF]             * [* {th:poster,data-th-poster}] [1000]: karate.org.thymeleaf.standard.processor.StandardRemovableAttributeTagProcessor
[THYMELEAF]             * [* {th:id,data-th-id}] [1000]: karate.org.thymeleaf.standard.processor.StandardRemovableAttributeTagProcessor
[THYMELEAF]             * [* {th:colspan,data-th-colspan}] [1000]: karate.org.thymeleaf.standard.processor.StandardRemovableAttributeTagProcessor
[THYMELEAF]             * [* {th:frame,data-th-frame}] [1000]: karate.org.thymeleaf.standard.processor.StandardRemovableAttributeTagProcessor
[THYMELEAF]             * [* {th:placeholder,data-th-placeholder}] [1000]: karate.org.thymeleaf.standard.processor.StandardRemovableAttributeTagProcessor
[THYMELEAF]             * [* {th:enctype,data-th-enctype}] [1000]: karate.org.thymeleaf.standard.processor.StandardRemovableAttributeTagProcessor
[THYMELEAF]             * [* {th:list,data-th-list}] [1000]: karate.org.thymeleaf.standard.processor.StandardRemovableAttributeTagProcessor
[THYMELEAF]             * [* {th:marginheight,data-th-marginheight}] [1000]: karate.org.thymeleaf.standard.processor.StandardRemovableAttributeTagProcessor
[THYMELEAF]             * [* {th:valuetype,data-th-valuetype}] [1000]: karate.org.thymeleaf.standard.processor.StandardRemovableAttributeTagProcessor
[THYMELEAF]             * [* {th:frameborder,data-th-frameborder}] [1000]: karate.org.thymeleaf.standard.processor.StandardRemovableAttributeTagProcessor
[THYMELEAF]             * [* {th:rel,data-th-rel}] [1000]: karate.org.thymeleaf.standard.processor.StandardRemovableAttributeTagProcessor
[THYMELEAF]             * [* {th:formaction,data-th-formaction}] [1000]: karate.org.thymeleaf.standard.processor.StandardRemovableAttributeTagProcessor
[THYMELEAF]             * [* {th:data,data-th-data}] [1000]: karate.org.thymeleaf.standard.processor.StandardRemovableAttributeTagProcessor
[THYMELEAF]             * [* {th:for,data-th-for}] [1000]: karate.org.thymeleaf.standard.processor.StandardRemovableAttributeTagProcessor
[THYMELEAF]             * [* {th:audio,data-th-audio}] [1000]: karate.org.thymeleaf.standard.processor.StandardRemovableAttributeTagProcessor
[THYMELEAF]             * [* {th:kind,data-th-kind}] [1000]: karate.org.thymeleaf.standard.processor.StandardRemovableAttributeTagProcessor
[THYMELEAF]             * [* {th:media,data-th-media}] [1000]: karate.org.thymeleaf.standard.processor.StandardRemovableAttributeTagProcessor
[THYMELEAF]             * [* {th:low,data-th-low}] [1000]: karate.org.thymeleaf.standard.processor.StandardRemovableAttributeTagProcessor
[THYMELEAF]             * [* {th:icon,data-th-icon}] [1000]: karate.org.thymeleaf.standard.processor.StandardRemovableAttributeTagProcessor
[THYMELEAF]             * [* {th:border,data-th-border}] [1000]: karate.org.thymeleaf.standard.processor.StandardRemovableAttributeTagProcessor
[THYMELEAF]             * [* {th:summary,data-th-summary}] [1000]: karate.org.thymeleaf.standard.processor.StandardRemovableAttributeTagProcessor
[THYMELEAF]             * [* {th:width,data-th-width}] [1000]: karate.org.thymeleaf.standard.processor.StandardRemovableAttributeTagProcessor
[THYMELEAF]             * [* {th:pattern,data-th-pattern}] [1000]: karate.org.thymeleaf.standard.processor.StandardRemovableAttributeTagProcessor
[THYMELEAF]             * [* {th:charset,data-th-charset}] [1000]: karate.org.thymeleaf.standard.processor.StandardRemovableAttributeTagProcessor
[THYMELEAF]             * [* {th:longdesc,data-th-longdesc}] [1000]: karate.org.thymeleaf.standard.processor.StandardRemovableAttributeTagProcessor
[THYMELEAF]             * [* {th:rules,data-th-rules}] [1000]: karate.org.thymeleaf.standard.processor.StandardRemovableAttributeTagProcessor
[THYMELEAF]             * [* {th:radiogroup,data-th-radiogroup}] [1000]: karate.org.thymeleaf.standard.processor.StandardRemovableAttributeTagProcessor
[THYMELEAF]             * [* {th:formenctype,data-th-formenctype}] [1000]: karate.org.thymeleaf.standard.processor.StandardRemovableAttributeTagProcessor
[THYMELEAF]             * [* {th:preload,data-th-preload}] [1000]: karate.org.thymeleaf.standard.processor.StandardRemovableAttributeTagProcessor
[THYMELEAF]             * [* {th:src,data-th-src}] [1000]: karate.org.thymeleaf.standard.processor.StandardSrcTagProcessor
[THYMELEAF]             * [* {th:value,data-th-value}] [1000]: karate.org.thymeleaf.standard.processor.StandardValueTagProcessor
[THYMELEAF]             * [* {th:xmlbase,data-th-xmlbase}] [1000]: karate.org.thymeleaf.standard.processor.StandardXmlBaseTagProcessor
[THYMELEAF]             * [* {th:xmllang,data-th-xmllang}] [1000]: karate.org.thymeleaf.standard.processor.StandardXmlLangTagProcessor
[THYMELEAF]             * [* {xmlns:th}] [1000]: karate.org.thymeleaf.standard.processor.StandardXmlNsTagProcessor
[THYMELEAF]             * [* {th:xmlspace,data-th-xmlspace}] [1000]: karate.org.thymeleaf.standard.processor.StandardXmlSpaceTagProcessor
[THYMELEAF]             * [* {th:classappend,data-th-classappend}] [1100]: karate.org.thymeleaf.standard.processor.StandardClassappendTagProcessor
[THYMELEAF]             * [* {th:styleappend,data-th-styleappend}] [1100]: karate.org.thymeleaf.standard.processor.StandardStyleappendTagProcessor
[THYMELEAF]             * [* {th:text,data-th-text}] [1300]: karate.org.thymeleaf.standard.processor.StandardTextTagProcessor
[THYMELEAF]             * [* {th:utext,data-th-utext}] [1400]: karate.org.thymeleaf.standard.processor.StandardUtextTagProcessor
[THYMELEAF]             * [* {th:fragment,data-th-fragment}] [1500]: karate.org.thymeleaf.standard.processor.StandardFragmentTagProcessor
[THYMELEAF]             * [* {th:assert,data-th-assert}] [1550]: karate.org.thymeleaf.standard.processor.StandardAssertTagProcessor
[THYMELEAF]             * [* {th:remove,data-th-remove}] [1600]: karate.org.thymeleaf.standard.processor.StandardRemoveTagProcessor
[THYMELEAF]             * [* {th:ref,data-th-ref}] [10000]: karate.org.thymeleaf.standard.processor.StandardRefAttributeTagProcessor
[THYMELEAF]             * [{th:block,th-block} *] [100000]: karate.org.thymeleaf.standard.processor.StandardBlockTagProcessor
[THYMELEAF]             * [* th:*] [2147483647]: karate.org.thymeleaf.standard.processor.StandardDefaultAttributesTagProcessor
[THYMELEAF]         * Text Processors by [precedence]:
[THYMELEAF]             * [1000]: karate.org.thymeleaf.standard.processor.StandardInliningTextProcessor
[THYMELEAF]         * DOCTYPE Processors by [precedence]:
[THYMELEAF]             * [1000]: karate.org.thymeleaf.standard.processor.StandardTranslationDocTypeProcessor
[THYMELEAF]         * CDATA Section Processors by [precedence]:
[THYMELEAF]             * [1000]: karate.org.thymeleaf.standard.processor.StandardInliningCDATASectionProcessor
[THYMELEAF]         * Comment Processors by [precedence]:
[THYMELEAF]             * [1000]: karate.org.thymeleaf.standard.processor.StandardInliningCommentProcessor
[THYMELEAF]             * [1100]: karate.org.thymeleaf.standard.processor.StandardConditionalCommentProcessor
[THYMELEAF]     * Processors for Template Mode: XML
[THYMELEAF]         * Element Tag Processors by [matching element and attribute name] [precedence]:
[THYMELEAF]             * [* {th:include}] [100]: karate.org.thymeleaf.standard.processor.StandardIncludeTagProcessor
[THYMELEAF]             * [* {th:insert}] [100]: karate.org.thymeleaf.standard.processor.StandardInsertTagProcessor
[THYMELEAF]             * [* {th:replace}] [100]: karate.org.thymeleaf.standard.processor.StandardReplaceTagProcessor
[THYMELEAF]             * [* {th:substituteby}] [100]: karate.org.thymeleaf.standard.processor.StandardSubstituteByTagProcessor
[THYMELEAF]             * [* {th:each}] [200]: com.intuit.karate.template.KarateEachTagProcessor
[THYMELEAF]             * [* {th:switch}] [250]: karate.org.thymeleaf.standard.processor.StandardSwitchTagProcessor
[THYMELEAF]             * [* {th:case}] [275]: karate.org.thymeleaf.standard.processor.StandardCaseTagProcessor
[THYMELEAF]             * [* {th:if}] [300]: karate.org.thymeleaf.standard.processor.StandardIfTagProcessor
[THYMELEAF]             * [* {th:unless}] [400]: karate.org.thymeleaf.standard.processor.StandardUnlessTagProcessor
[THYMELEAF]             * [* {th:object}] [500]: karate.org.thymeleaf.standard.processor.StandardObjectTagProcessor
[THYMELEAF]             * [* {th:with}] [600]: com.intuit.karate.template.KarateWithTagProcessor
[THYMELEAF]             * [* {th:attr}] [700]: com.intuit.karate.template.KarateAttributeTagProcessor.KarateAttrTagProcessor
[THYMELEAF]             * [* {th:attrappend}] [900]: com.intuit.karate.template.KarateAttributeTagProcessor.KarateAttrappendTagProcessor
[THYMELEAF]             * [* {th:attrprepend}] [900]: com.intuit.karate.template.KarateAttributeTagProcessor.KarateAttrprependTagProcessor
[THYMELEAF]             * [* {th:inline}] [1000]: karate.org.thymeleaf.standard.processor.StandardInlineXMLTagProcessor
[THYMELEAF]             * [* {xmlns:th}] [1000]: karate.org.thymeleaf.standard.processor.StandardXmlNsTagProcessor
[THYMELEAF]             * [* {th:text}] [1300]: karate.org.thymeleaf.standard.processor.StandardTextTagProcessor
[THYMELEAF]             * [* {th:utext}] [1400]: karate.org.thymeleaf.standard.processor.StandardUtextTagProcessor
[THYMELEAF]             * [* {th:fragment}] [1500]: karate.org.thymeleaf.standard.processor.StandardFragmentTagProcessor
[THYMELEAF]             * [* {th:assert}] [1550]: karate.org.thymeleaf.standard.processor.StandardAssertTagProcessor
[THYMELEAF]             * [* {th:remove}] [1600]: karate.org.thymeleaf.standard.processor.StandardRemoveTagProcessor
[THYMELEAF]             * [* {th:ref}] [10000]: karate.org.thymeleaf.standard.processor.StandardRefAttributeTagProcessor
[THYMELEAF]             * [{th:block} *] [100000]: karate.org.thymeleaf.standard.processor.StandardBlockTagProcessor
[THYMELEAF]             * [* th:*] [2147483647]: karate.org.thymeleaf.standard.processor.StandardDefaultAttributesTagProcessor
[THYMELEAF]         * Text Processors by [precedence]:
[THYMELEAF]             * [1000]: karate.org.thymeleaf.standard.processor.StandardInliningTextProcessor
[THYMELEAF]         * CDATA Section Processors by [precedence]:
[THYMELEAF]             * [1000]: karate.org.thymeleaf.standard.processor.StandardInliningCDATASectionProcessor
[THYMELEAF]         * Comment Processors by [precedence]:
[THYMELEAF]             * [1000]: karate.org.thymeleaf.standard.processor.StandardInliningCommentProcessor
[THYMELEAF]     * Processors for Template Mode: TEXT
[THYMELEAF]         * Element Tag Processors by [matching element and attribute name] [precedence]:
[THYMELEAF]             * [* {th:insert}] [100]: karate.org.thymeleaf.standard.processor.StandardInsertTagProcessor
[THYMELEAF]             * [* {th:replace}] [100]: karate.org.thymeleaf.standard.processor.StandardReplaceTagProcessor
[THYMELEAF]             * [* {th:each}] [200]: com.intuit.karate.template.KarateEachTagProcessor
[THYMELEAF]             * [* {th:switch}] [250]: karate.org.thymeleaf.standard.processor.StandardSwitchTagProcessor
[THYMELEAF]             * [* {th:case}] [275]: karate.org.thymeleaf.standard.processor.StandardCaseTagProcessor
[THYMELEAF]             * [* {th:if}] [300]: karate.org.thymeleaf.standard.processor.StandardIfTagProcessor
[THYMELEAF]             * [* {th:unless}] [400]: karate.org.thymeleaf.standard.processor.StandardUnlessTagProcessor
[THYMELEAF]             * [* {th:object}] [500]: karate.org.thymeleaf.standard.processor.StandardObjectTagProcessor
[THYMELEAF]             * [* {th:with}] [600]: com.intuit.karate.template.KarateWithTagProcessor
[THYMELEAF]             * [* {th:inline}] [1000]: karate.org.thymeleaf.standard.processor.StandardInlineTextualTagProcessor
[THYMELEAF]             * [* {th:text}] [1300]: karate.org.thymeleaf.standard.processor.StandardTextTagProcessor
[THYMELEAF]             * [* {th:utext}] [1400]: karate.org.thymeleaf.standard.processor.StandardUtextTagProcessor
[THYMELEAF]             * [* {th:assert}] [1550]: karate.org.thymeleaf.standard.processor.StandardAssertTagProcessor
[THYMELEAF]             * [* {th:remove}] [1600]: karate.org.thymeleaf.standard.processor.StandardRemoveTagProcessor
[THYMELEAF]             * [{th:block} *] [100000]: karate.org.thymeleaf.standard.processor.StandardBlockTagProcessor
[THYMELEAF]             * [* 100000] [karate.org.thymeleaf.standard.processor.StandardBlockTagProcessor]: {}
[THYMELEAF]         * Text Processors by [precedence]:
[THYMELEAF]             * [1000]: karate.org.thymeleaf.standard.processor.StandardInliningTextProcessor
[THYMELEAF]     * Processors for Template Mode: JAVASCRIPT
[THYMELEAF]         * Element Tag Processors by [matching element and attribute name] [precedence]:
[THYMELEAF]             * [* {th:insert}] [100]: karate.org.thymeleaf.standard.processor.StandardInsertTagProcessor
[THYMELEAF]             * [* {th:replace}] [100]: karate.org.thymeleaf.standard.processor.StandardReplaceTagProcessor
[THYMELEAF]             * [* {th:each}] [200]: com.intuit.karate.template.KarateEachTagProcessor
[THYMELEAF]             * [* {th:switch}] [250]: karate.org.thymeleaf.standard.processor.StandardSwitchTagProcessor
[THYMELEAF]             * [* {th:case}] [275]: karate.org.thymeleaf.standard.processor.StandardCaseTagProcessor
[THYMELEAF]             * [* {th:if}] [300]: karate.org.thymeleaf.standard.processor.StandardIfTagProcessor
[THYMELEAF]             * [* {th:unless}] [400]: karate.org.thymeleaf.standard.processor.StandardUnlessTagProcessor
[THYMELEAF]             * [* {th:object}] [500]: karate.org.thymeleaf.standard.processor.StandardObjectTagProcessor
[THYMELEAF]             * [* {th:with}] [600]: com.intuit.karate.template.KarateWithTagProcessor
[THYMELEAF]             * [* {th:inline}] [1000]: karate.org.thymeleaf.standard.processor.StandardInlineTextualTagProcessor
[THYMELEAF]             * [* {th:text}] [1300]: karate.org.thymeleaf.standard.processor.StandardTextTagProcessor
[THYMELEAF]             * [* {th:utext}] [1400]: karate.org.thymeleaf.standard.processor.StandardUtextTagProcessor
[THYMELEAF]             * [* {th:assert}] [1550]: karate.org.thymeleaf.standard.processor.StandardAssertTagProcessor
[THYMELEAF]             * [* {th:remove}] [1600]: karate.org.thymeleaf.standard.processor.StandardRemoveTagProcessor
[THYMELEAF]             * [* 100000] [karate.org.thymeleaf.standard.processor.StandardBlockTagProcessor]: {}
[THYMELEAF]             * [{th:block} *] [100000]: karate.org.thymeleaf.standard.processor.StandardBlockTagProcessor
[THYMELEAF]         * Text Processors by [precedence]:
[THYMELEAF]             * [1000]: karate.org.thymeleaf.standard.processor.StandardInliningTextProcessor
[THYMELEAF]     * Processors for Template Mode: CSS
[THYMELEAF]         * Element Tag Processors by [matching element and attribute name] [precedence]:
[THYMELEAF]             * [* {th:insert}] [100]: karate.org.thymeleaf.standard.processor.StandardInsertTagProcessor
[THYMELEAF]             * [* {th:replace}] [100]: karate.org.thymeleaf.standard.processor.StandardReplaceTagProcessor
[THYMELEAF]             * [* {th:each}] [200]: com.intuit.karate.template.KarateEachTagProcessor
[THYMELEAF]             * [* {th:switch}] [250]: karate.org.thymeleaf.standard.processor.StandardSwitchTagProcessor
[THYMELEAF]             * [* {th:case}] [275]: karate.org.thymeleaf.standard.processor.StandardCaseTagProcessor
[THYMELEAF]             * [* {th:if}] [300]: karate.org.thymeleaf.standard.processor.StandardIfTagProcessor
[THYMELEAF]             * [* {th:unless}] [400]: karate.org.thymeleaf.standard.processor.StandardUnlessTagProcessor
[THYMELEAF]             * [* {th:object}] [500]: karate.org.thymeleaf.standard.processor.StandardObjectTagProcessor
[THYMELEAF]             * [* {th:with}] [600]: com.intuit.karate.template.KarateWithTagProcessor
[THYMELEAF]             * [* {th:inline}] [1000]: karate.org.thymeleaf.standard.processor.StandardInlineTextualTagProcessor
[THYMELEAF]             * [* {th:text}] [1300]: karate.org.thymeleaf.standard.processor.StandardTextTagProcessor
[THYMELEAF]             * [* {th:utext}] [1400]: karate.org.thymeleaf.standard.processor.StandardUtextTagProcessor
[THYMELEAF]             * [* {th:assert}] [1550]: karate.org.thymeleaf.standard.processor.StandardAssertTagProcessor
[THYMELEAF]             * [* {th:remove}] [1600]: karate.org.thymeleaf.standard.processor.StandardRemoveTagProcessor
[THYMELEAF]             * [* 100000] [karate.org.thymeleaf.standard.processor.StandardBlockTagProcessor]: {}
[THYMELEAF]             * [{th:block} *] [100000]: karate.org.thymeleaf.standard.processor.StandardBlockTagProcessor
[THYMELEAF]         * Text Processors by [precedence]:
[THYMELEAF]             * [1000]: karate.org.thymeleaf.standard.processor.StandardInliningTextProcessor
[THYMELEAF]     * Expression Objects:
[THYMELEAF]         * #ctx
[THYMELEAF]         * #root
[THYMELEAF]         * #vars
[THYMELEAF]         * #object
[THYMELEAF]         * #locale
[THYMELEAF]         * #request
[THYMELEAF]         * #response
[THYMELEAF]         * #session
[THYMELEAF]         * #servletContext
[THYMELEAF]         * #conversions
[THYMELEAF]         * #uris
[THYMELEAF]         * #calendars
[THYMELEAF]         * #dates
[THYMELEAF]         * #bools
[THYMELEAF]         * #numbers
[THYMELEAF]         * #objects
[THYMELEAF]         * #strings
[THYMELEAF]         * #arrays
[THYMELEAF]         * #lists
[THYMELEAF]         * #sets
[THYMELEAF]         * #maps
[THYMELEAF]         * #aggregates
[THYMELEAF]         * #messages
[THYMELEAF]         * #ids
[THYMELEAF]         * #execInfo
[THYMELEAF]         * #httpServletRequest
[THYMELEAF]         * #httpSession
[THYMELEAF]     * Execution Attributes:
[THYMELEAF]         * "StandardExpressionParser": com.intuit.karate.template.KarateStandardDialect@3b11deb6
[THYMELEAF]         * "StandardJavaScriptSerializer": karate.org.thymeleaf.standard.serializer.StandardJavaScriptSerializer@7e84af34
[THYMELEAF]         * "StandardCSSSerializer": karate.org.thymeleaf.standard.serializer.StandardCSSSerializer@218e186b
[THYMELEAF]         * "StandardVariableExpressionEvaluator": com.intuit.karate.template.KarateStandardDialect@3b11deb6
[THYMELEAF]         * "StandardConversionService": karate.org.thymeleaf.standard.expression.StandardConversionService@12925d2
[THYMELEAF] * Dialect [2 of 2]: karate (com.intuit.karate.template.KarateScriptDialect)
[THYMELEAF]     * Prefix: "ka"
[THYMELEAF]     * Processors for Template Mode: HTML
[THYMELEAF]         * Element Tag Processors by [matching element and attribute name] [precedence]:
[THYMELEAF]             * [* {src}] [1000]: com.intuit.karate.template.KaScriptAttrProcessor
[THYMELEAF]         * Element Model Processors by [matching element and attribute name] [precedence]:
[THYMELEAF]             * [{script} {ka:scope,data-ka-scope}] [1000]: com.intuit.karate.template.KaScriptElemProcessor
[THYMELEAF]             * [* {ka:set,data-ka-set}] [1000]: com.intuit.karate.template.KaSetElemProcessor
[THYMELEAF] TEMPLATE ENGINE CONFIGURED OK
20:02:20.123 [main] DEBUG karate.org.thymeleaf.TemplateEngine - [THYMELEAF] TEMPLATE ENGINE INITIALIZED
20:02:20.136 [main] DEBUG karate.org.thymeleaf.TemplateEngine - [THYMELEAF] INITIALIZING TEMPLATE ENGINE
20:02:20.152 [Finalizer] DEBUG karate.org.apache.http.impl.conn.PoolingHttpClientConnectionManager - Connection manager is shutting down
20:02:20.153 [Finalizer] DEBUG karate.org.apache.http.impl.conn.DefaultManagedHttpClientConnection - http-outgoing-6: Close connection
20:02:20.156 [Finalizer] DEBUG karate.org.apache.http.impl.conn.PoolingHttpClientConnectionManager - Connection manager shut down
20:02:20.156 [Finalizer] DEBUG karate.org.apache.http.impl.conn.PoolingHttpClientConnectionManager - Connection manager is shutting down
20:02:20.156 [Finalizer] DEBUG karate.org.apache.http.impl.conn.DefaultManagedHttpClientConnection - http-outgoing-5: Close connection
20:02:20.157 [Finalizer] DEBUG karate.org.apache.http.impl.conn.PoolingHttpClientConnectionManager - Connection manager shut down
20:02:20.157 [Finalizer] DEBUG karate.org.apache.http.impl.conn.PoolingHttpClientConnectionManager - Connection manager is shutting down
20:02:20.157 [Finalizer] DEBUG karate.org.apache.http.impl.conn.DefaultManagedHttpClientConnection - http-outgoing-4: Close connection
20:02:20.157 [main] DEBUG karate.org.thymeleaf.TemplateEngine.CONFIG - Initializing Thymeleaf Template engine configuration...
[THYMELEAF] TEMPLATE ENGINE CONFIGURATION:
[THYMELEAF] * Thymeleaf version: 3.0.14.RELEASE (built 2021-12-08T00:45:29+0000)
[THYMELEAF] * Cache Manager implementation: karate.org.thymeleaf.cache.StandardCacheManager
[THYMELEAF] * Template resolvers:
[THYMELEAF]     * [1] com.intuit.karate.template.ResourceHtmlTemplateResolver
[THYMELEAF] * Message resolvers:
[THYMELEAF]     * karate.org.thymeleaf.messageresolver.StandardMessageResolver
[THYMELEAF] * Link builders:
[THYMELEAF]     * karate.org.thymeleaf.linkbuilder.StandardLinkBuilder
[THYMELEAF] * Dialect [1 of 2]: Standard (com.intuit.karate.template.KarateStandardDialect)
[THYMELEAF]     * Prefix: "th"
[THYMELEAF]     * Processors for Template Mode: HTML
[THYMELEAF]         * Element Tag Processors by [matching element and attribute name] [precedence]:
[THYMELEAF]             * [* {th:include,data-th-include}] [100]: karate.org.thymeleaf.standard.processor.StandardIncludeTagProcessor
[THYMELEAF]             * [* {th:insert,data-th-insert}] [100]: karate.org.thymeleaf.standard.processor.StandardInsertTagProcessor
[THYMELEAF]             * [* {th:replace,data-th-replace}] [100]: karate.org.thymeleaf.standard.processor.StandardReplaceTagProcessor
[THYMELEAF]             * [* {th:substituteby,data-th-substituteby}] [100]: karate.org.thymeleaf.standard.processor.StandardSubstituteByTagProcessor
[THYMELEAF]             * [* {th:each,data-th-each}] [200]: com.intuit.karate.template.KarateEachTagProcessor
[THYMELEAF]             * [* {th:switch,data-th-switch}] [250]: karate.org.thymeleaf.standard.processor.StandardSwitchTagProcessor
[THYMELEAF]             * [* {th:case,data-th-case}] [275]: karate.org.thymeleaf.standard.processor.StandardCaseTagProcessor
[THYMELEAF]             * [* {th:if,data-th-if}] [300]: karate.org.thymeleaf.standard.processor.StandardIfTagProcessor
[THYMELEAF]             * [* {th:unless,data-th-unless}] [400]: karate.org.thymeleaf.standard.processor.StandardUnlessTagProcessor
[THYMELEAF]             * [* {th:object,data-th-object}] [500]: karate.org.thymeleaf.standard.processor.StandardObjectTagProcessor
[THYMELEAF]             * [* {th:with,data-th-with}] [600]: com.intuit.karate.template.KarateWithTagProcessor
[THYMELEAF]             * [* {th:attr,data-th-attr}] [700]: com.intuit.karate.template.KarateAttributeTagProcessor.KarateAttrTagProcessor
[THYMELEAF]             * [* {th:attrappend,data-th-attrappend}] [900]: com.intuit.karate.template.KarateAttributeTagProcessor.KarateAttrappendTagProcessor
[THYMELEAF]             * [* {th:attrprepend,data-th-attrprepend}] [900]: com.intuit.karate.template.KarateAttributeTagProcessor.KarateAttrprependTagProcessor
[THYMELEAF]             * [* {th:alt-title,data-th-alt-title}] [990]: karate.org.thymeleaf.standard.processor.StandardAltTitleTagProcessor
[THYMELEAF]             * [* {th:lang-xmllang,data-th-lang-xmllang}] [990]: karate.org.thymeleaf.standard.processor.StandardLangXmlLangTagProcessor
[THYMELEAF]             * [* {th:action,data-th-action}] [1000]: karate.org.thymeleaf.standard.processor.StandardActionTagProcessor
[THYMELEAF]             * [* {th:default,data-th-default}] [1000]: karate.org.thymeleaf.standard.processor.StandardConditionalFixedValueTagProcessor
[THYMELEAF]             * [* {th:pubdate,data-th-pubdate}] [1000]: karate.org.thymeleaf.standard.processor.StandardConditionalFixedValueTagProcessor
[THYMELEAF]             * [* {th:formnovalidate,data-th-formnovalidate}] [1000]: karate.org.thymeleaf.standard.processor.StandardConditionalFixedValueTagProcessor
[THYMELEAF]             * [* {th:nowrap,data-th-nowrap}] [1000]: karate.org.thymeleaf.standard.processor.StandardConditionalFixedValueTagProcessor
[THYMELEAF]             * [* {th:loop,data-th-loop}] [1000]: karate.org.thymeleaf.standard.processor.StandardConditionalFixedValueTagProcessor
[THYMELEAF]             * [* {th:declare,data-th-declare}] [1000]: karate.org.thymeleaf.standard.processor.StandardConditionalFixedValueTagProcessor
[THYMELEAF]             * [* {th:controls,data-th-controls}] [1000]: karate.org.thymeleaf.standard.processor.StandardConditionalFixedValueTagProcessor
[THYMELEAF]             * [* {th:autoplay,data-th-autoplay}] [1000]: karate.org.thymeleaf.standard.processor.StandardConditionalFixedValueTagProcessor
[THYMELEAF]             * [* {th:seamless,data-th-seamless}] [1000]: karate.org.thymeleaf.standard.processor.StandardConditionalFixedValueTagProcessor
[THYMELEAF]             * [* {th:defer,data-th-defer}] [1000]: karate.org.thymeleaf.standard.processor.StandardConditionalFixedValueTagProcessor
[THYMELEAF]             * [* {th:disabled,data-th-disabled}] [1000]: karate.org.thymeleaf.standard.processor.StandardConditionalFixedValueTagProcessor
[THYMELEAF]             * [* {th:reversed,data-th-reversed}] [1000]: karate.org.thymeleaf.standard.processor.StandardConditionalFixedValueTagProcessor
[THYMELEAF]             * [* {th:readonly,data-th-readonly}] [1000]: karate.org.thymeleaf.standard.processor.StandardConditionalFixedValueTagProcessor
[THYMELEAF]             * [* {th:novalidate,data-th-novalidate}] [1000]: karate.org.thymeleaf.standard.processor.StandardConditionalFixedValueTagProcessor
[THYMELEAF]             * [* {th:open,data-th-open}] [1000]: karate.org.thymeleaf.standard.processor.StandardConditionalFixedValueTagProcessor
[THYMELEAF]             * [* {th:multiple,data-th-multiple}] [1000]: karate.org.thymeleaf.standard.processor.StandardConditionalFixedValueTagProcessor
[THYMELEAF]             * [* {th:checked,data-th-checked}] [1000]: karate.org.thymeleaf.standard.processor.StandardConditionalFixedValueTagProcessor
[THYMELEAF]             * [* {th:selected,data-th-selected}] [1000]: karate.org.thymeleaf.standard.processor.StandardConditionalFixedValueTagProcessor
[THYMELEAF]             * [* {th:hidden,data-th-hidden}] [1000]: karate.org.thymeleaf.standard.processor.StandardConditionalFixedValueTagProcessor
[THYMELEAF]             * [* {th:async,data-th-async}] [1000]: karate.org.thymeleaf.standard.processor.StandardConditionalFixedValueTagProcessor
[THYMELEAF]             * [* {th:required,data-th-required}] [1000]: karate.org.thymeleaf.standard.processor.StandardConditionalFixedValueTagProcessor
[THYMELEAF]             * [* {th:scoped,data-th-scoped}] [1000]: karate.org.thymeleaf.standard.processor.StandardConditionalFixedValueTagProcessor
[THYMELEAF]             * [* {th:autofocus,data-th-autofocus}] [1000]: karate.org.thymeleaf.standard.processor.StandardConditionalFixedValueTagProcessor
[THYMELEAF]             * [* {th:ismap,data-th-ismap}] [1000]: karate.org.thymeleaf.standard.processor.StandardConditionalFixedValueTagProcessor
[THYMELEAF]             * [* {th:onseeked,data-th-onseeked}] [1000]: karate.org.thymeleaf.standard.processor.StandardDOMEventAttributeTagProcessor
[THYMELEAF]             * [* {th:onselect,data-th-onselect}] [1000]: karate.org.thymeleaf.standard.processor.StandardDOMEventAttributeTagProcessor
[THYMELEAF]             * [* {th:onmousewheel,data-th-onmousewheel}] [1000]: karate.org.thymeleaf.standard.processor.StandardDOMEventAttributeTagProcessor
[THYMELEAF]             * [* {th:onafterprint,data-th-onafterprint}] [1000]: karate.org.thymeleaf.standard.processor.StandardDOMEventAttributeTagProcessor
[THYMELEAF]             * [* {th:onchange,data-th-onchange}] [1000]: karate.org.thymeleaf.standard.processor.StandardDOMEventAttributeTagProcessor
[THYMELEAF]             * [* {th:onpopstate,data-th-onpopstate}] [1000]: karate.org.thymeleaf.standard.processor.StandardDOMEventAttributeTagProcessor
[THYMELEAF]             * [* {th:ondragleave,data-th-ondragleave}] [1000]: karate.org.thymeleaf.standard.processor.StandardDOMEventAttributeTagProcessor
[THYMELEAF]             * [* {th:onloadedmetadata,data-th-onloadedmetadata}] [1000]: karate.org.thymeleaf.standard.processor.StandardDOMEventAttributeTagProcessor
[THYMELEAF]             * [* {th:onprogress,data-th-onprogress}] [1000]: karate.org.thymeleaf.standard.processor.StandardDOMEventAttributeTagProcessor
[THYMELEAF]             * [* {th:onstalled,data-th-onstalled}] [1000]: karate.org.thymeleaf.standard.processor.StandardDOMEventAttributeTagProcessor
[THYMELEAF]             * [* {th:onloadstart,data-th-onloadstart}] [1000]: karate.org.thymeleaf.standard.processor.StandardDOMEventAttributeTagProcessor
[THYMELEAF]             * [* {th:onfocus,data-th-onfocus}] [1000]: karate.org.thymeleaf.standard.processor.StandardDOMEventAttributeTagProcessor
[THYMELEAF]             * [* {th:onkeyup,data-th-onkeyup}] [1000]: karate.org.thymeleaf.standard.processor.StandardDOMEventAttributeTagProcessor
[THYMELEAF]             * [* {th:onmouseup,data-th-onmouseup}] [1000]: karate.org.thymeleaf.standard.processor.StandardDOMEventAttributeTagProcessor
[THYMELEAF]             * [* {th:onreadystatechange,data-th-onreadystatechange}] [1000]: karate.org.thymeleaf.standard.processor.StandardDOMEventAttributeTagProcessor
[THYMELEAF]             * [* {th:onscroll,data-th-onscroll}] [1000]: karate.org.thymeleaf.standard.processor.StandardDOMEventAttributeTagProcessor
[THYMELEAF]             * [* {th:onkeydown,data-th-onkeydown}] [1000]: karate.org.thymeleaf.standard.processor.StandardDOMEventAttributeTagProcessor
[THYMELEAF]             * [* {th:onbeforeprint,data-th-onbeforeprint}] [1000]: karate.org.thymeleaf.standard.processor.StandardDOMEventAttributeTagProcessor
[THYMELEAF]             * [* {th:onmessage,data-th-onmessage}] [1000]: karate.org.thymeleaf.standard.processor.StandardDOMEventAttributeTagProcessor
[THYMELEAF]             * [* {th:oncontextmenu,data-th-oncontextmenu}] [1000]: karate.org.thymeleaf.standard.processor.StandardDOMEventAttributeTagProcessor
[THYMELEAF]             * [* {th:ondragover,data-th-ondragover}] [1000]: karate.org.thymeleaf.standard.processor.StandardDOMEventAttributeTagProcessor
[THYMELEAF]             * [* {th:onkeypress,data-th-onkeypress}] [1000]: karate.org.thymeleaf.standard.processor.StandardDOMEventAttributeTagProcessor
[THYMELEAF]             * [* {th:onunload,data-th-onunload}] [1000]: karate.org.thymeleaf.standard.processor.StandardDOMEventAttributeTagProcessor
[THYMELEAF]             * [* {th:onclick,data-th-onclick}] [1000]: karate.org.thymeleaf.standard.processor.StandardDOMEventAttributeTagProcessor
[THYMELEAF]             * [* {th:onredo,data-th-onredo}] [1000]: karate.org.thymeleaf.standard.processor.StandardDOMEventAttributeTagProcessor
[THYMELEAF]             * [* {th:onreset,data-th-onreset}] [1000]: karate.org.thymeleaf.standard.processor.StandardDOMEventAttributeTagProcessor
[THYMELEAF]             * [* {th:onload,data-th-onload}] [1000]: karate.org.thymeleaf.standard.processor.StandardDOMEventAttributeTagProcessor
[THYMELEAF]             * [* {th:onplay,data-th-onplay}] [1000]: karate.org.thymeleaf.standard.processor.StandardDOMEventAttributeTagProcessor
[THYMELEAF]             * [* {th:onmouseout,data-th-onmouseout}] [1000]: karate.org.thymeleaf.standard.processor.StandardDOMEventAttributeTagProcessor
[THYMELEAF]             * [* {th:ondragend,data-th-ondragend}] [1000]: karate.org.thymeleaf.standard.processor.StandardDOMEventAttributeTagProcessor
[THYMELEAF]             * [* {th:onsubmit,data-th-onsubmit}] [1000]: karate.org.thymeleaf.standard.processor.StandardDOMEventAttributeTagProcessor
[THYMELEAF]             * [* {th:onbeforeunload,data-th-onbeforeunload}] [1000]: karate.org.thymeleaf.standard.processor.StandardDOMEventAttributeTagProcessor
[THYMELEAF]             * [* {th:onshow,data-th-onshow}] [1000]: karate.org.thymeleaf.standard.processor.StandardDOMEventAttributeTagProcessor
[THYMELEAF]             * [* {th:onmousedown,data-th-onmousedown}] [1000]: karate.org.thymeleaf.standard.processor.StandardDOMEventAttributeTagProcessor
[THYMELEAF]             * [* {th:onhashchange,data-th-onhashchange}] [1000]: karate.org.thymeleaf.standard.processor.StandardDOMEventAttributeTagProcessor
[THYMELEAF]             * [* {th:ondrag,data-th-ondrag}] [1000]: karate.org.thymeleaf.standard.processor.StandardDOMEventAttributeTagProcessor
[THYMELEAF]             * [* {th:onoffline,data-th-onoffline}] [1000]: karate.org.thymeleaf.standard.processor.StandardDOMEventAttributeTagProcessor
[THYMELEAF]             * [* {th:onwaiting,data-th-onwaiting}] [1000]: karate.org.thymeleaf.standard.processor.StandardDOMEventAttributeTagProcessor
[THYMELEAF]             * [* {th:onsuspend,data-th-onsuspend}] [1000]: karate.org.thymeleaf.standard.processor.StandardDOMEventAttributeTagProcessor
[THYMELEAF]             * [* {th:oncanplaythrough,data-th-oncanplaythrough}] [1000]: karate.org.thymeleaf.standard.processor.StandardDOMEventAttributeTagProcessor
[THYMELEAF]             * [* {th:ondblclick,data-th-ondblclick}] [1000]: karate.org.thymeleaf.standard.processor.StandardDOMEventAttributeTagProcessor
[THYMELEAF]             * [* {th:onundo,data-th-onundo}] [1000]: karate.org.thymeleaf.standard.processor.StandardDOMEventAttributeTagProcessor
[THYMELEAF]             * [* {th:onemptied,data-th-onemptied}] [1000]: karate.org.thymeleaf.standard.processor.StandardDOMEventAttributeTagProcessor
[THYMELEAF]             * [* {th:ondrop,data-th-ondrop}] [1000]: karate.org.thymeleaf.standard.processor.StandardDOMEventAttributeTagProcessor
[THYMELEAF]             * [* {th:onabort,data-th-onabort}] [1000]: karate.org.thymeleaf.standard.processor.StandardDOMEventAttributeTagProcessor
[THYMELEAF]             * [* {th:onpause,data-th-onpause}] [1000]: karate.org.thymeleaf.standard.processor.StandardDOMEventAttributeTagProcessor
[THYMELEAF]             * [* {th:oncanplay,data-th-oncanplay}] [1000]: karate.org.thymeleaf.standard.processor.StandardDOMEventAttributeTagProcessor
[THYMELEAF]             * [* {th:onformchange,data-th-onformchange}] [1000]: karate.org.thymeleaf.standard.processor.StandardDOMEventAttributeTagProcessor
[THYMELEAF]             * [* {th:onvolumechange,data-th-onvolumechange}] [1000]: karate.org.thymeleaf.standard.processor.StandardDOMEventAttributeTagProcessor
[THYMELEAF]             * [* {th:onforminput,data-th-onforminput}] [1000]: karate.org.thymeleaf.standard.processor.StandardDOMEventAttributeTagProcessor
[THYMELEAF]             * [* {th:onplaying,data-th-onplaying}] [1000]: karate.org.thymeleaf.standard.processor.StandardDOMEventAttributeTagProcessor
[THYMELEAF]             * [* {th:ondurationchange,data-th-ondurationchange}] [1000]: karate.org.thymeleaf.standard.processor.StandardDOMEventAttributeTagProcessor
[THYMELEAF]             * [* {th:ontimeupdate,data-th-ontimeupdate}] [1000]: karate.org.thymeleaf.standard.processor.StandardDOMEventAttributeTagProcessor
[THYMELEAF]             * [* {th:ondragenter,data-th-ondragenter}] [1000]: karate.org.thymeleaf.standard.processor.StandardDOMEventAttributeTagProcessor
[THYMELEAF]             * [* {th:onmousemove,data-th-onmousemove}] [1000]: karate.org.thymeleaf.standard.processor.StandardDOMEventAttributeTagProcessor
[THYMELEAF]             * [* {th:onerror,data-th-onerror}] [1000]: karate.org.thymeleaf.standard.processor.StandardDOMEventAttributeTagProcessor
[THYMELEAF]             * [* {th:onseeking,data-th-onseeking}] [1000]: karate.org.thymeleaf.standard.processor.StandardDOMEventAttributeTagProcessor
[THYMELEAF]             * [* {th:onstorage,data-th-onstorage}] [1000]: karate.org.thymeleaf.standard.processor.StandardDOMEventAttributeTagProcessor
[THYMELEAF]             * [* {th:ononline,data-th-ononline}] [1000]: karate.org.thymeleaf.standard.processor.StandardDOMEventAttributeTagProcessor
[THYMELEAF]             * [* {th:onloadeddata,data-th-onloadeddata}] [1000]: karate.org.thymeleaf.standard.processor.StandardDOMEventAttributeTagProcessor
[THYMELEAF]             * [* {th:onresize,data-th-onresize}] [1000]: karate.org.thymeleaf.standard.processor.StandardDOMEventAttributeTagProcessor
[THYMELEAF]             * [* {th:onblur,data-th-onblur}] [1000]: karate.org.thymeleaf.standard.processor.StandardDOMEventAttributeTagProcessor
[THYMELEAF]             * [* {th:onended,data-th-onended}] [1000]: karate.org.thymeleaf.standard.processor.StandardDOMEventAttributeTagProcessor
[THYMELEAF]             * [* {th:oninvalid,data-th-oninvalid}] [1000]: karate.org.thymeleaf.standard.processor.StandardDOMEventAttributeTagProcessor
[THYMELEAF]             * [* {th:ondragstart,data-th-ondragstart}] [1000]: karate.org.thymeleaf.standard.processor.StandardDOMEventAttributeTagProcessor
[THYMELEAF]             * [* {th:onmouseover,data-th-onmouseover}] [1000]: karate.org.thymeleaf.standard.processor.StandardDOMEventAttributeTagProcessor
[THYMELEAF]             * [* {th:onratechange,data-th-onratechange}] [1000]: karate.org.thymeleaf.standard.processor.StandardDOMEventAttributeTagProcessor
[THYMELEAF]             * [* {th:oninput,data-th-oninput}] [1000]: karate.org.thymeleaf.standard.processor.StandardDOMEventAttributeTagProcessor
[THYMELEAF]             * [* {th:href,data-th-href}] [1000]: karate.org.thymeleaf.standard.processor.StandardHrefTagProcessor
[THYMELEAF]             * [* {th:inline,data-th-inline}] [1000]: karate.org.thymeleaf.standard.processor.StandardInlineHTMLTagProcessor
[THYMELEAF]             * [* {th:method,data-th-method}] [1000]: karate.org.thymeleaf.standard.processor.StandardMethodTagProcessor
[THYMELEAF]             * [* {th:type,data-th-type}] [1000]: karate.org.thymeleaf.standard.processor.StandardNonRemovableAttributeTagProcessor
[THYMELEAF]             * [* {th:name,data-th-name}] [1000]: karate.org.thymeleaf.standard.processor.StandardNonRemovableAttributeTagProcessor
[THYMELEAF]             * [* {th:valuetype,data-th-valuetype}] [1000]: karate.org.thymeleaf.standard.processor.StandardRemovableAttributeTagProcessor
[THYMELEAF]             * [* {th:sizes,data-th-sizes}] [1000]: karate.org.thymeleaf.standard.processor.StandardRemovableAttributeTagProcessor
[THYMELEAF]             * [* {th:dir,data-th-dir}] [1000]: karate.org.thymeleaf.standard.processor.StandardRemovableAttributeTagProcessor
[THYMELEAF]             * [* {th:preload,data-th-preload}] [1000]: karate.org.thymeleaf.standard.processor.StandardRemovableAttributeTagProcessor
[THYMELEAF]             * [* {th:hspace,data-th-hspace}] [1000]: karate.org.thymeleaf.standard.processor.StandardRemovableAttributeTagProcessor
[THYMELEAF]             * [* {th:keytype,data-th-keytype}] [1000]: karate.org.thymeleaf.standard.processor.StandardRemovableAttributeTagProcessor
[THYMELEAF]             * [* {th:frame,data-th-frame}] [1000]: karate.org.thymeleaf.standard.processor.StandardRemovableAttributeTagProcessor
[THYMELEAF]             * [* {th:formaction,data-th-formaction}] [1000]: karate.org.thymeleaf.standard.processor.StandardRemovableAttributeTagProcessor
[THYMELEAF]             * [* {th:id,data-th-id}] [1000]: karate.org.thymeleaf.standard.processor.StandardRemovableAttributeTagProcessor
[THYMELEAF]             * [* {th:alt,data-th-alt}] [1000]: karate.org.thymeleaf.standard.processor.StandardRemovableAttributeTagProcessor
[THYMELEAF]             * [* {th:form,data-th-form}] [1000]: karate.org.thymeleaf.standard.processor.StandardRemovableAttributeTagProcessor
[THYMELEAF]             * [* {th:width,data-th-width}] [1000]: karate.org.thymeleaf.standard.processor.StandardRemovableAttributeTagProcessor
[THYMELEAF]             * [* {th:enctype,data-th-enctype}] [1000]: karate.org.thymeleaf.standard.processor.StandardRemovableAttributeTagProcessor
[THYMELEAF]             * [* {th:for,data-th-for}] [1000]: karate.org.thymeleaf.standard.processor.StandardRemovableAttributeTagProcessor
[THYMELEAF]             * [* {th:archive,data-th-archive}] [1000]: karate.org.thymeleaf.standard.processor.StandardRemovableAttributeTagProcessor
[THYMELEAF]             * [* {th:label,data-th-label}] [1000]: karate.org.thymeleaf.standard.processor.StandardRemovableAttributeTagProcessor
[THYMELEAF]             * [* {th:low,data-th-low}] [1000]: karate.org.thymeleaf.standard.processor.StandardRemovableAttributeTagProcessor
[THYMELEAF]             * [* {th:span,data-th-span}] [1000]: karate.org.thymeleaf.standard.processor.StandardRemovableAttributeTagProcessor
[THYMELEAF]             * [* {th:high,data-th-high}] [1000]: karate.org.thymeleaf.standard.processor.StandardRemovableAttributeTagProcessor
[THYMELEAF]             * [* {th:cite,data-th-cite}] [1000]: karate.org.thymeleaf.standard.processor.StandardRemovableAttributeTagProcessor
[THYMELEAF]             * [* {th:size,data-th-size}] [1000]: karate.org.thymeleaf.standard.processor.StandardRemovableAttributeTagProcessor
[THYMELEAF]             * [* {th:scrolling,data-th-scrolling}] [1000]: karate.org.thymeleaf.standard.processor.StandardRemovableAttributeTagProcessor
[THYMELEAF]             * [* {th:spellcheck,data-th-spellcheck}] [1000]: karate.org.thymeleaf.standard.processor.StandardRemovableAttributeTagProcessor
[THYMELEAF]             * [* {th:axis,data-th-axis}] [1000]: karate.org.thymeleaf.standard.processor.StandardRemovableAttributeTagProcessor
[THYMELEAF]             * [* {th:cellspacing,data-th-cellspacing}] [1000]: karate.org.thymeleaf.standard.processor.StandardRemovableAttributeTagProcessor
[THYMELEAF]             * [* {th:contextmenu,data-th-contextmenu}] [1000]: karate.org.thymeleaf.standard.processor.StandardRemovableAttributeTagProcessor
[THYMELEAF]             * [* {th:target,data-th-target}] [1000]: karate.org.thymeleaf.standard.processor.StandardRemovableAttributeTagProcessor
[THYMELEAF]             * [* {th:datetime,data-th-datetime}] [1000]: karate.org.thymeleaf.standard.processor.StandardRemovableAttributeTagProcessor
[THYMELEAF]             * [* {th:bgcolor,data-th-bgcolor}] [1000]: karate.org.thymeleaf.standard.processor.StandardRemovableAttributeTagProcessor
[THYMELEAF]             * [* {th:audio,data-th-audio}] [1000]: karate.org.thymeleaf.standard.processor.StandardRemovableAttributeTagProcessor
[THYMELEAF]             * [* {th:formenctype,data-th-formenctype}] [1000]: karate.org.thymeleaf.standard.processor.StandardRemovableAttributeTagProcessor
[THYMELEAF]             * [* {th:usemap,data-th-usemap}] [1000]: karate.org.thymeleaf.standard.processor.StandardRemovableAttributeTagProcessor
[THYMELEAF]             * [* {th:align,data-th-align}] [1000]: karate.org.thymeleaf.standard.processor.StandardRemovableAttributeTagProcessor
[THYMELEAF]             * [* {th:draggable,data-th-draggable}] [1000]: karate.org.thymeleaf.standard.processor.StandardRemovableAttributeTagProcessor
[THYMELEAF]             * [* {th:pattern,data-th-pattern}] [1000]: karate.org.thymeleaf.standard.processor.StandardRemovableAttributeTagProcessor
[THYMELEAF]             * [* {th:marginheight,data-th-marginheight}] [1000]: karate.org.thymeleaf.standard.processor.StandardRemovableAttributeTagProcessor
[THYMELEAF]             * [* {th:media,data-th-media}] [1000]: karate.org.thymeleaf.standard.processor.StandardRemovableAttributeTagProcessor
[THYMELEAF]             * [* {th:icon,data-th-icon}] [1000]: karate.org.thymeleaf.standard.processor.StandardRemovableAttributeTagProcessor
[THYMELEAF]             * [* {th:lang,data-th-lang}] [1000]: karate.org.thymeleaf.standard.processor.StandardRemovableAttributeTagProcessor
[THYMELEAF]             * [* {th:vspace,data-th-vspace}] [1000]: karate.org.thymeleaf.standard.processor.StandardRemovableAttributeTagProcessor
[THYMELEAF]             * [* {th:http-equiv,data-th-http-equiv}] [1000]: karate.org.thymeleaf.standard.processor.StandardRemovableAttributeTagProcessor
[THYMELEAF]             * [* {th:rev,data-th-rev}] [1000]: karate.org.thymeleaf.standard.processor.StandardRemovableAttributeTagProcessor
[THYMELEAF]             * [* {th:wrap,data-th-wrap}] [1000]: karate.org.thymeleaf.standard.processor.StandardRemovableAttributeTagProcessor
[THYMELEAF]             * [* {th:max,data-th-max}] [1000]: karate.org.thymeleaf.standard.processor.StandardRemovableAttributeTagProcessor
[THYMELEAF]             * [* {th:cols,data-th-cols}] [1000]: karate.org.thymeleaf.standard.processor.StandardRemovableAttributeTagProcessor
[THYMELEAF]             * [* {th:contenteditable,data-th-contenteditable}] [1000]: karate.org.thymeleaf.standard.processor.StandardRemovableAttributeTagProcessor
[THYMELEAF]             * [* {th:list,data-th-list}] [1000]: karate.org.thymeleaf.standard.processor.StandardRemovableAttributeTagProcessor
[THYMELEAF]             * [* {th:hreflang,data-th-hreflang}] [1000]: karate.org.thymeleaf.standard.processor.StandardRemovableAttributeTagProcessor
[THYMELEAF]             * [* {th:srclang,data-th-srclang}] [1000]: karate.org.thymeleaf.standard.processor.StandardRemovableAttributeTagProcessor
[THYMELEAF]             * [* {th:dropzone,data-th-dropzone}] [1000]: karate.org.thymeleaf.standard.processor.StandardRemovableAttributeTagProcessor
[THYMELEAF]             * [* {th:height,data-th-height}] [1000]: karate.org.thymeleaf.standard.processor.StandardRemovableAttributeTagProcessor
[THYMELEAF]             * [* {th:classid,data-th-classid}] [1000]: karate.org.thymeleaf.standard.processor.StandardRemovableAttributeTagProcessor
[THYMELEAF]             * [* {th:tabindex,data-th-tabindex}] [1000]: karate.org.thymeleaf.standard.processor.StandardRemovableAttributeTagProcessor
[THYMELEAF]             * [* {th:autocomplete,data-th-autocomplete}] [1000]: karate.org.thymeleaf.standard.processor.StandardRemovableAttributeTagProcessor
[THYMELEAF]             * [* {th:rel,data-th-rel}] [1000]: karate.org.thymeleaf.standard.processor.StandardRemovableAttributeTagProcessor
[THYMELEAF]             * [* {th:rules,data-th-rules}] [1000]: karate.org.thymeleaf.standard.processor.StandardRemovableAttributeTagProcessor
[THYMELEAF]             * [* {th:scheme,data-th-scheme}] [1000]: karate.org.thymeleaf.standard.processor.StandardRemovableAttributeTagProcessor
[THYMELEAF]             * [* {th:border,data-th-border}] [1000]: karate.org.thymeleaf.standard.processor.StandardRemovableAttributeTagProcessor
[THYMELEAF]             * [* {th:radiogroup,data-th-radiogroup}] [1000]: karate.org.thymeleaf.standard.processor.StandardRemovableAttributeTagProcessor
[THYMELEAF]             * [* {th:maxlength,data-th-maxlength}] [1000]: karate.org.thymeleaf.standard.processor.StandardRemovableAttributeTagProcessor
[THYMELEAF]             * [* {th:codebase,data-th-codebase}] [1000]: karate.org.thymeleaf.standard.processor.StandardRemovableAttributeTagProcessor
[THYMELEAF]             * [* {th:poster,data-th-poster}] [1000]: karate.org.thymeleaf.standard.processor.StandardRemovableAttributeTagProcessor
[THYMELEAF]             * [* {th:rows,data-th-rows}] [1000]: karate.org.thymeleaf.standard.processor.StandardRemovableAttributeTagProcessor
[THYMELEAF]             * [* {th:formmethod,data-th-formmethod}] [1000]: karate.org.thymeleaf.standard.processor.StandardRemovableAttributeTagProcessor
[THYMELEAF]             * [* {th:challenge,data-th-challenge}] [1000]: karate.org.thymeleaf.standard.processor.StandardRemovableAttributeTagProcessor
[THYMELEAF]             * [* {th:frameborder,data-th-frameborder}] [1000]: karate.org.thymeleaf.standard.processor.StandardRemovableAttributeTagProcessor
[THYMELEAF]             * [* {th:class,data-th-class}] [1000]: karate.org.thymeleaf.standard.processor.StandardRemovableAttributeTagProcessor
[THYMELEAF]             * [* {th:longdesc,data-th-longdesc}] [1000]: karate.org.thymeleaf.standard.processor.StandardRemovableAttributeTagProcessor
[THYMELEAF]             * [* {th:start,data-th-start}] [1000]: karate.org.thymeleaf.standard.processor.StandardRemovableAttributeTagProcessor
[THYMELEAF]             * [* {th:accept-charset,data-th-accept-charset}] [1000]: karate.org.thymeleaf.standard.processor.StandardRemovableAttributeTagProcessor
[THYMELEAF]             * [* {th:placeholder,data-th-placeholder}] [1000]: karate.org.thymeleaf.standard.processor.StandardRemovableAttributeTagProcessor
[THYMELEAF]             * [* {th:background,data-th-background}] [1000]: karate.org.thymeleaf.standard.processor.StandardRemovableAttributeTagProcessor
[THYMELEAF]             * [* {th:abbr,data-th-abbr}] [1000]: karate.org.thymeleaf.standard.processor.StandardRemovableAttributeTagProcessor
[THYMELEAF]             * [* {th:manifest,data-th-manifest}] [1000]: karate.org.thymeleaf.standard.processor.StandardRemovableAttributeTagProcessor
[THYMELEAF]             * [* {th:kind,data-th-kind}] [1000]: karate.org.thymeleaf.standard.processor.StandardRemovableAttributeTagProcessor
[THYMELEAF]             * [* {th:codetype,data-th-codetype}] [1000]: karate.org.thymeleaf.standard.processor.StandardRemovableAttributeTagProcessor
[THYMELEAF]             * [* {th:charset,data-th-charset}] [1000]: karate.org.thymeleaf.standard.processor.StandardRemovableAttributeTagProcessor
[THYMELEAF]             * [* {th:accesskey,data-th-accesskey}] [1000]: karate.org.thymeleaf.standard.processor.StandardRemovableAttributeTagProcessor
[THYMELEAF]             * [* {th:step,data-th-step}] [1000]: karate.org.thymeleaf.standard.processor.StandardRemovableAttributeTagProcessor
[THYMELEAF]             * [* {th:compact,data-th-compact}] [1000]: karate.org.thymeleaf.standard.processor.StandardRemovableAttributeTagProcessor
[THYMELEAF]             * [* {th:data,data-th-data}] [1000]: karate.org.thymeleaf.standard.processor.StandardRemovableAttributeTagProcessor
[THYMELEAF]             * [* {th:accept,data-th-accept}] [1000]: karate.org.thymeleaf.standard.processor.StandardRemovableAttributeTagProcessor
[THYMELEAF]             * [* {th:content,data-th-content}] [1000]: karate.org.thymeleaf.standard.processor.StandardRemovableAttributeTagProcessor
[THYMELEAF]             * [* {th:rowspan,data-th-rowspan}] [1000]: karate.org.thymeleaf.standard.processor.StandardRemovableAttributeTagProcessor
[THYMELEAF]             * [* {th:colspan,data-th-colspan}] [1000]: karate.org.thymeleaf.standard.processor.StandardRemovableAttributeTagProcessor
[THYMELEAF]             * [* {th:marginwidth,data-th-marginwidth}] [1000]: karate.org.thymeleaf.standard.processor.StandardRemovableAttributeTagProcessor
[THYMELEAF]             * [* {th:min,data-th-min}] [1000]: karate.org.thymeleaf.standard.processor.StandardRemovableAttributeTagProcessor
[THYMELEAF]             * [* {th:cellpadding,data-th-cellpadding}] [1000]: karate.org.thymeleaf.standard.processor.StandardRemovableAttributeTagProcessor
[THYMELEAF]             * [* {th:sandbox,data-th-sandbox}] [1000]: karate.org.thymeleaf.standard.processor.StandardRemovableAttributeTagProcessor
[THYMELEAF]             * [* {th:summary,data-th-summary}] [1000]: karate.org.thymeleaf.standard.processor.StandardRemovableAttributeTagProcessor
[THYMELEAF]             * [* {th:headers,data-th-headers}] [1000]: karate.org.thymeleaf.standard.processor.StandardRemovableAttributeTagProcessor
[THYMELEAF]             * [* {th:optimum,data-th-optimum}] [1000]: karate.org.thymeleaf.standard.processor.StandardRemovableAttributeTagProcessor
[THYMELEAF]             * [* {th:formtarget,data-th-formtarget}] [1000]: karate.org.thymeleaf.standard.processor.StandardRemovableAttributeTagProcessor
[THYMELEAF]             * [* {th:scope,data-th-scope}] [1000]: karate.org.thymeleaf.standard.processor.StandardRemovableAttributeTagProcessor
[THYMELEAF]             * [* {th:title,data-th-title}] [1000]: karate.org.thymeleaf.standard.processor.StandardRemovableAttributeTagProcessor
[THYMELEAF]             * [* {th:standby,data-th-standby}] [1000]: karate.org.thymeleaf.standard.processor.StandardRemovableAttributeTagProcessor
[THYMELEAF]             * [* {th:style,data-th-style}] [1000]: karate.org.thymeleaf.standard.processor.StandardRemovableAttributeTagProcessor
[THYMELEAF]             * [* {th:src,data-th-src}] [1000]: karate.org.thymeleaf.standard.processor.StandardSrcTagProcessor
[THYMELEAF]             * [* {th:value,data-th-value}] [1000]: karate.org.thymeleaf.standard.processor.StandardValueTagProcessor
[THYMELEAF]             * [* {th:xmlbase,data-th-xmlbase}] [1000]: karate.org.thymeleaf.standard.processor.StandardXmlBaseTagProcessor
[THYMELEAF]             * [* {th:xmllang,data-th-xmllang}] [1000]: karate.org.thymeleaf.standard.processor.StandardXmlLangTagProcessor
[THYMELEAF]             * [* {xmlns:th}] [1000]: karate.org.thymeleaf.standard.processor.StandardXmlNsTagProcessor
[THYMELEAF]             * [* {th:xmlspace,data-th-xmlspace}] [1000]: karate.org.thymeleaf.standard.processor.StandardXmlSpaceTagProcessor
[THYMELEAF]             * [* {th:classappend,data-th-classappend}] [1100]: karate.org.thymeleaf.standard.processor.StandardClassappendTagProcessor
[THYMELEAF]             * [* {th:styleappend,data-th-styleappend}] [1100]: karate.org.thymeleaf.standard.processor.StandardStyleappendTagProcessor
[THYMELEAF]             * [* {th:text,data-th-text}] [1300]: karate.org.thymeleaf.standard.processor.StandardTextTagProcessor
[THYMELEAF]             * [* {th:utext,data-th-utext}] [1400]: karate.org.thymeleaf.standard.processor.StandardUtextTagProcessor
[THYMELEAF]             * [* {th:fragment,data-th-fragment}] [1500]: karate.org.thymeleaf.standard.processor.StandardFragmentTagProcessor
[THYMELEAF]             * [* {th:assert,data-th-assert}] [1550]: karate.org.thymeleaf.standard.processor.StandardAssertTagProcessor
[THYMELEAF]             * [* {th:remove,data-th-remove}] [1600]: karate.org.thymeleaf.standard.processor.StandardRemoveTagProcessor
[THYMELEAF]             * [* {th:ref,data-th-ref}] [10000]: karate.org.thymeleaf.standard.processor.StandardRefAttributeTagProcessor
[THYMELEAF]             * [{th:block,th-block} *] [100000]: karate.org.thymeleaf.standard.processor.StandardBlockTagProcessor
[THYMELEAF]             * [* th:*] [2147483647]: karate.org.thymeleaf.standard.processor.StandardDefaultAttributesTagProcessor
[THYMELEAF]         * Text Processors by [precedence]:
[THYMELEAF]             * [1000]: karate.org.thymeleaf.standard.processor.StandardInliningTextProcessor
[THYMELEAF]         * DOCTYPE Processors by [precedence]:
[THYMELEAF]             * [1000]: karate.org.thymeleaf.standard.processor.StandardTranslationDocTypeProcessor
[THYMELEAF]         * CDATA Section Processors by [precedence]:
[THYMELEAF]             * [1000]: karate.org.thymeleaf.standard.processor.StandardInliningCDATASectionProcessor
[THYMELEAF]         * Comment Processors by [precedence]:
[THYMELEAF]             * [1000]: karate.org.thymeleaf.standard.processor.StandardInliningCommentProcessor
[THYMELEAF]             * [1100]: karate.org.thymeleaf.standard.processor.StandardConditionalCommentProcessor
[THYMELEAF]     * Processors for Template Mode: XML
[THYMELEAF]         * Element Tag Processors by [matching element and attribute name] [precedence]:
[THYMELEAF]             * [* {th:include}] [100]: karate.org.thymeleaf.standard.processor.StandardIncludeTagProcessor
[THYMELEAF]             * [* {th:insert}] [100]: karate.org.thymeleaf.standard.processor.StandardInsertTagProcessor
[THYMELEAF]             * [* {th:replace}] [100]: karate.org.thymeleaf.standard.processor.StandardReplaceTagProcessor
[THYMELEAF]             * [* {th:substituteby}] [100]: karate.org.thymeleaf.standard.processor.StandardSubstituteByTagProcessor
[THYMELEAF]             * [* {th:each}] [200]: com.intuit.karate.template.KarateEachTagProcessor
[THYMELEAF]             * [* {th:switch}] [250]: karate.org.thymeleaf.standard.processor.StandardSwitchTagProcessor
[THYMELEAF]             * [* {th:case}] [275]: karate.org.thymeleaf.standard.processor.StandardCaseTagProcessor
[THYMELEAF]             * [* {th:if}] [300]: karate.org.thymeleaf.standard.processor.StandardIfTagProcessor
[THYMELEAF]             * [* {th:unless}] [400]: karate.org.thymeleaf.standard.processor.StandardUnlessTagProcessor
[THYMELEAF]             * [* {th:object}] [500]: karate.org.thymeleaf.standard.processor.StandardObjectTagProcessor
[THYMELEAF]             * [* {th:with}] [600]: com.intuit.karate.template.KarateWithTagProcessor
[THYMELEAF]             * [* {th:attr}] [700]: com.intuit.karate.template.KarateAttributeTagProcessor.KarateAttrTagProcessor
[THYMELEAF]             * [* {th:attrappend}] [900]: com.intuit.karate.template.KarateAttributeTagProcessor.KarateAttrappendTagProcessor
[THYMELEAF]             * [* {th:attrprepend}] [900]: com.intuit.karate.template.KarateAttributeTagProcessor.KarateAttrprependTagProcessor
[THYMELEAF]             * [* {th:inline}] [1000]: karate.org.thymeleaf.standard.processor.StandardInlineXMLTagProcessor
[THYMELEAF]             * [* {xmlns:th}] [1000]: karate.org.thymeleaf.standard.processor.StandardXmlNsTagProcessor
[THYMELEAF]             * [* {th:text}] [1300]: karate.org.thymeleaf.standard.processor.StandardTextTagProcessor
[THYMELEAF]             * [* {th:utext}] [1400]: karate.org.thymeleaf.standard.processor.StandardUtextTagProcessor
[THYMELEAF]             * [* {th:fragment}] [1500]: karate.org.thymeleaf.standard.processor.StandardFragmentTagProcessor
[THYMELEAF]             * [* {th:assert}] [1550]: karate.org.thymeleaf.standard.processor.StandardAssertTagProcessor
[THYMELEAF]             * [* {th:remove}] [1600]: karate.org.thymeleaf.standard.processor.StandardRemoveTagProcessor
[THYMELEAF]             * [* {th:ref}] [10000]: karate.org.thymeleaf.standard.processor.StandardRefAttributeTagProcessor
[THYMELEAF]             * [{th:block} *] [100000]: karate.org.thymeleaf.standard.processor.StandardBlockTagProcessor
[THYMELEAF]             * [* th:*] [2147483647]: karate.org.thymeleaf.standard.processor.StandardDefaultAttributesTagProcessor
[THYMELEAF]         * Text Processors by [precedence]:
[THYMELEAF]             * [1000]: karate.org.thymeleaf.standard.processor.StandardInliningTextProcessor
[THYMELEAF]         * CDATA Section Processors by [precedence]:
[THYMELEAF]             * [1000]: karate.org.thymeleaf.standard.processor.StandardInliningCDATASectionProcessor
[THYMELEAF]         * Comment Processors by [precedence]:
[THYMELEAF]             * [1000]: karate.org.thymeleaf.standard.processor.StandardInliningCommentProcessor
[THYMELEAF]     * Processors for Template Mode: TEXT
[THYMELEAF]         * Element Tag Processors by [matching element and attribute name] [precedence]:
[THYMELEAF]             * [* {th:insert}] [100]: karate.org.thymeleaf.standard.processor.StandardInsertTagProcessor
[THYMELEAF]             * [* {th:replace}] [100]: karate.org.thymeleaf.standard.processor.StandardReplaceTagProcessor
[THYMELEAF]             * [* {th:each}] [200]: com.intuit.karate.template.KarateEachTagProcessor
[THYMELEAF]             * [* {th:switch}] [250]: karate.org.thymeleaf.standard.processor.StandardSwitchTagProcessor
[THYMELEAF]             * [* {th:case}] [275]: karate.org.thymeleaf.standard.processor.StandardCaseTagProcessor
[THYMELEAF]             * [* {th:if}] [300]: karate.org.thymeleaf.standard.processor.StandardIfTagProcessor
[THYMELEAF]             * [* {th:unless}] [400]: karate.org.thymeleaf.standard.processor.StandardUnlessTagProcessor
[THYMELEAF]             * [* {th:object}] [500]: karate.org.thymeleaf.standard.processor.StandardObjectTagProcessor
[THYMELEAF]             * [* {th:with}] [600]: com.intuit.karate.template.KarateWithTagProcessor
[THYMELEAF]             * [* {th:inline}] [1000]: karate.org.thymeleaf.standard.processor.StandardInlineTextualTagProcessor
[THYMELEAF]             * [* {th:text}] [1300]: karate.org.thymeleaf.standard.processor.StandardTextTagProcessor
[THYMELEAF]             * [* {th:utext}] [1400]: karate.org.thymeleaf.standard.processor.StandardUtextTagProcessor
[THYMELEAF]             * [* {th:assert}] [1550]: karate.org.thymeleaf.standard.processor.StandardAssertTagProcessor
[THYMELEAF]             * [* {th:remove}] [1600]: karate.org.thymeleaf.standard.processor.StandardRemoveTagProcessor
[THYMELEAF]             * [{th:block} *] [100000]: karate.org.thymeleaf.standard.processor.StandardBlockTagProcessor
[THYMELEAF]             * [* 100000] [karate.org.thymeleaf.standard.processor.StandardBlockTagProcessor]: {}
[THYMELEAF]         * Text Processors by [precedence]:
[THYMELEAF]             * [1000]: karate.org.thymeleaf.standard.processor.StandardInliningTextProcessor
[THYMELEAF]     * Processors for Template Mode: JAVASCRIPT
[THYMELEAF]         * Element Tag Processors by [matching element and attribute name] [precedence]:
[THYMELEAF]             * [* {th:insert}] [100]: karate.org.thymeleaf.standard.processor.StandardInsertTagProcessor
[THYMELEAF]             * [* {th:replace}] [100]: karate.org.thymeleaf.standard.processor.StandardReplaceTagProcessor
[THYMELEAF]             * [* {th:each}] [200]: com.intuit.karate.template.KarateEachTagProcessor
[THYMELEAF]             * [* {th:switch}] [250]: karate.org.thymeleaf.standard.processor.StandardSwitchTagProcessor
[THYMELEAF]             * [* {th:case}] [275]: karate.org.thymeleaf.standard.processor.StandardCaseTagProcessor
[THYMELEAF]             * [* {th:if}] [300]: karate.org.thymeleaf.standard.processor.StandardIfTagProcessor
[THYMELEAF]             * [* {th:unless}] [400]: karate.org.thymeleaf.standard.processor.StandardUnlessTagProcessor
[THYMELEAF]             * [* {th:object}] [500]: karate.org.thymeleaf.standard.processor.StandardObjectTagProcessor
[THYMELEAF]             * [* {th:with}] [600]: com.intuit.karate.template.KarateWithTagProcessor
[THYMELEAF]             * [* {th:inline}] [1000]: karate.org.thymeleaf.standard.processor.StandardInlineTextualTagProcessor
[THYMELEAF]             * [* {th:text}] [1300]: karate.org.thymeleaf.standard.processor.StandardTextTagProcessor
[THYMELEAF]             * [* {th:utext}] [1400]: karate.org.thymeleaf.standard.processor.StandardUtextTagProcessor
[THYMELEAF]             * [* {th:assert}] [1550]: karate.org.thymeleaf.standard.processor.StandardAssertTagProcessor
[THYMELEAF]             * [* {th:remove}] [1600]: karate.org.thymeleaf.standard.processor.StandardRemoveTagProcessor
[THYMELEAF]             * [{th:block} *] [100000]: karate.org.thymeleaf.standard.processor.StandardBlockTagProcessor
[THYMELEAF]             * [* 100000] [karate.org.thymeleaf.standard.processor.StandardBlockTagProcessor]: {}
[THYMELEAF]         * Text Processors by [precedence]:
[THYMELEAF]             * [1000]: karate.org.thymeleaf.standard.processor.StandardInliningTextProcessor
[THYMELEAF]     * Processors for Template Mode: CSS
[THYMELEAF]         * Element Tag Processors by [matching element and attribute name] [precedence]:
[THYMELEAF]             * [* {th:insert}] [100]: karate.org.thymeleaf.standard.processor.StandardInsertTagProcessor
[THYMELEAF]             * [* {th:replace}] [100]: karate.org.thymeleaf.standard.processor.StandardReplaceTagProcessor
[THYMELEAF]             * [* {th:each}] [200]: com.intuit.karate.template.KarateEachTagProcessor
[THYMELEAF]             * [* {th:switch}] [250]: karate.org.thymeleaf.standard.processor.StandardSwitchTagProcessor
[THYMELEAF]             * [* {th:case}] [275]: karate.org.thymeleaf.standard.processor.StandardCaseTagProcessor
[THYMELEAF]             * [* {th:if}] [300]: karate.org.thymeleaf.standard.processor.StandardIfTagProcessor
[THYMELEAF]             * [* {th:unless}] [400]: karate.org.thymeleaf.standard.processor.StandardUnlessTagProcessor
[THYMELEAF]             * [* {th:object}] [500]: karate.org.thymeleaf.standard.processor.StandardObjectTagProcessor
[THYMELEAF]             * [* {th:with}] [600]: com.intuit.karate.template.KarateWithTagProcessor
[THYMELEAF]             * [* {th:inline}] [1000]: karate.org.thymeleaf.standard.processor.StandardInlineTextualTagProcessor
[THYMELEAF]             * [* {th:text}] [1300]: karate.org.thymeleaf.standard.processor.StandardTextTagProcessor
[THYMELEAF]             * [* {th:utext}] [1400]: karate.org.thymeleaf.standard.processor.StandardUtextTagProcessor
[THYMELEAF]             * [* {th:assert}] [1550]: karate.org.thymeleaf.standard.processor.StandardAssertTagProcessor
[THYMELEAF]             * [* {th:remove}] [1600]: karate.org.thymeleaf.standard.processor.StandardRemoveTagProcessor
[THYMELEAF]             * [* 100000] [karate.org.thymeleaf.standard.processor.StandardBlockTagProcessor]: {}
[THYMELEAF]             * [{th:block} *] [100000]: karate.org.thymeleaf.standard.processor.StandardBlockTagProcessor
[THYMELEAF]         * Text Processors by [precedence]:
[THYMELEAF]             * [1000]: karate.org.thymeleaf.standard.processor.StandardInliningTextProcessor
[THYMELEAF]     * Expression Objects:
[THYMELEAF]         * #ctx
[THYMELEAF]         * #root
[THYMELEAF]         * #vars
[THYMELEAF]         * #object
[THYMELEAF]         * #locale
[THYMELEAF]         * #request
[THYMELEAF]         * #response
[THYMELEAF]         * #session
[THYMELEAF]         * #servletContext
[THYMELEAF]         * #conversions
[THYMELEAF]         * #uris
[THYMELEAF]         * #calendars
[THYMELEAF]         * #dates
[THYMELEAF]         * #bools
[THYMELEAF]         * #numbers
[THYMELEAF]         * #objects
[THYMELEAF]         * #strings
[THYMELEAF]         * #arrays
[THYMELEAF]         * #lists
[THYMELEAF]         * #sets
[THYMELEAF]         * #maps
[THYMELEAF]         * #aggregates
[THYMELEAF]         * #messages
[THYMELEAF]         * #ids
[THYMELEAF]         * #execInfo
[THYMELEAF]         * #httpServletRequest
[THYMELEAF]         * #httpSession
[THYMELEAF]     * Execution Attributes:
[THYMELEAF]         * "StandardExpressionParser": com.intuit.karate.template.KarateStandardDialect@3c29f6be
[THYMELEAF]         * "StandardJavaScriptSerializer": karate.org.thymeleaf.standard.serializer.StandardJavaScriptSerializer@3af6c672
[THYMELEAF]         * "StandardCSSSerializer": karate.org.thymeleaf.standard.serializer.StandardCSSSerializer@12948e7a
[THYMELEAF]         * "StandardVariableExpressionEvaluator": com.intuit.karate.template.KarateStandardDialect@3c29f6be
[THYMELEAF]         * "StandardConversionService": karate.org.thymeleaf.standard.expression.StandardConversionService@497c1d78
[THYMELEAF] * Dialect [2 of 2]: karate (com.intuit.karate.template.KarateScriptDialect)
[THYMELEAF]     * Prefix: "ka"
[THYMELEAF]     * Processors for Template Mode: HTML
[THYMELEAF]         * Element Tag Processors by [matching element and attribute name] [precedence]:
[THYMELEAF]             * [* {src}] [1000]: com.intuit.karate.template.KaScriptAttrProcessor
[THYMELEAF]         * Element Model Processors by [matching element and attribute name] [precedence]:
[THYMELEAF]             * [{script} {ka:scope,data-ka-scope}] [1000]: com.intuit.karate.template.KaScriptElemProcessor
[THYMELEAF]             * [* {ka:set,data-ka-set}] [1000]: com.intuit.karate.template.KaSetElemProcessor
[THYMELEAF] TEMPLATE ENGINE CONFIGURED OK
20:02:20.157 [Finalizer] DEBUG karate.org.apache.http.impl.conn.PoolingHttpClientConnectionManager - Connection manager shut down
20:02:20.158 [Finalizer] DEBUG karate.org.apache.http.impl.conn.PoolingHttpClientConnectionManager - Connection manager is shutting down
20:02:20.158 [Finalizer] DEBUG karate.org.apache.http.impl.conn.DefaultManagedHttpClientConnection - http-outgoing-1: Close connection
20:02:20.158 [main] DEBUG karate.org.thymeleaf.TemplateEngine - [THYMELEAF] TEMPLATE ENGINE INITIALIZED
20:02:20.158 [Finalizer] DEBUG karate.org.apache.http.impl.conn.PoolingHttpClientConnectionManager - Connection manager shut down
20:02:20.158 [Finalizer] DEBUG karate.org.apache.http.impl.conn.PoolingHttpClientConnectionManager - Connection manager is shutting down
20:02:20.158 [Finalizer] DEBUG karate.org.apache.http.impl.conn.DefaultManagedHttpClientConnection - http-outgoing-0: Close connection
20:02:20.159 [Finalizer] DEBUG karate.org.apache.http.impl.conn.PoolingHttpClientConnectionManager - Connection manager shut down
20:02:20.159 [Finalizer] DEBUG karate.org.apache.http.impl.conn.PoolingHttpClientConnectionManager - Connection manager is shutting down
20:02:20.159 [Finalizer] DEBUG karate.org.apache.http.impl.conn.DefaultManagedHttpClientConnection - http-outgoing-3: Close connection
20:02:20.159 [Finalizer] DEBUG karate.org.apache.http.impl.conn.PoolingHttpClientConnectionManager - Connection manager shut down
20:02:20.159 [Finalizer] DEBUG karate.org.apache.http.impl.conn.PoolingHttpClientConnectionManager - Connection manager is shutting down
20:02:20.159 [Finalizer] DEBUG karate.org.apache.http.impl.conn.DefaultManagedHttpClientConnection - http-outgoing-2: Close connection
20:02:20.159 [Finalizer] DEBUG karate.org.apache.http.impl.conn.PoolingHttpClientConnectionManager - Connection manager shut down
20:02:20.223 [main] DEBUG karate.org.thymeleaf.TemplateEngine - [THYMELEAF] INITIALIZING TEMPLATE ENGINE
20:02:20.235 [main] DEBUG karate.org.thymeleaf.TemplateEngine.CONFIG - Initializing Thymeleaf Template engine configuration...
[THYMELEAF] TEMPLATE ENGINE CONFIGURATION:
[THYMELEAF] * Thymeleaf version: 3.0.14.RELEASE (built 2021-12-08T00:45:29+0000)
[THYMELEAF] * Cache Manager implementation: karate.org.thymeleaf.cache.StandardCacheManager
[THYMELEAF] * Template resolvers:
[THYMELEAF]     * [1] com.intuit.karate.template.ResourceHtmlTemplateResolver
[THYMELEAF] * Message resolvers:
[THYMELEAF]     * karate.org.thymeleaf.messageresolver.StandardMessageResolver
[THYMELEAF] * Link builders:
[THYMELEAF]     * karate.org.thymeleaf.linkbuilder.StandardLinkBuilder
[THYMELEAF] * Dialect [1 of 2]: Standard (com.intuit.karate.template.KarateStandardDialect)
[THYMELEAF]     * Prefix: "th"
[THYMELEAF]     * Processors for Template Mode: HTML
[THYMELEAF]         * Element Tag Processors by [matching element and attribute name] [precedence]:
[THYMELEAF]             * [* {th:include,data-th-include}] [100]: karate.org.thymeleaf.standard.processor.StandardIncludeTagProcessor
[THYMELEAF]             * [* {th:insert,data-th-insert}] [100]: karate.org.thymeleaf.standard.processor.StandardInsertTagProcessor
[THYMELEAF]             * [* {th:replace,data-th-replace}] [100]: karate.org.thymeleaf.standard.processor.StandardReplaceTagProcessor
[THYMELEAF]             * [* {th:substituteby,data-th-substituteby}] [100]: karate.org.thymeleaf.standard.processor.StandardSubstituteByTagProcessor
[THYMELEAF]             * [* {th:each,data-th-each}] [200]: com.intuit.karate.template.KarateEachTagProcessor
[THYMELEAF]             * [* {th:switch,data-th-switch}] [250]: karate.org.thymeleaf.standard.processor.StandardSwitchTagProcessor
[THYMELEAF]             * [* {th:case,data-th-case}] [275]: karate.org.thymeleaf.standard.processor.StandardCaseTagProcessor
[THYMELEAF]             * [* {th:if,data-th-if}] [300]: karate.org.thymeleaf.standard.processor.StandardIfTagProcessor
[THYMELEAF]             * [* {th:unless,data-th-unless}] [400]: karate.org.thymeleaf.standard.processor.StandardUnlessTagProcessor
[THYMELEAF]             * [* {th:object,data-th-object}] [500]: karate.org.thymeleaf.standard.processor.StandardObjectTagProcessor
[THYMELEAF]             * [* {th:with,data-th-with}] [600]: com.intuit.karate.template.KarateWithTagProcessor
[THYMELEAF]             * [* {th:attr,data-th-attr}] [700]: com.intuit.karate.template.KarateAttributeTagProcessor.KarateAttrTagProcessor
[THYMELEAF]             * [* {th:attrappend,data-th-attrappend}] [900]: com.intuit.karate.template.KarateAttributeTagProcessor.KarateAttrappendTagProcessor
[THYMELEAF]             * [* {th:attrprepend,data-th-attrprepend}] [900]: com.intuit.karate.template.KarateAttributeTagProcessor.KarateAttrprependTagProcessor
[THYMELEAF]             * [* {th:alt-title,data-th-alt-title}] [990]: karate.org.thymeleaf.standard.processor.StandardAltTitleTagProcessor
[THYMELEAF]             * [* {th:lang-xmllang,data-th-lang-xmllang}] [990]: karate.org.thymeleaf.standard.processor.StandardLangXmlLangTagProcessor
[THYMELEAF]             * [* {th:action,data-th-action}] [1000]: karate.org.thymeleaf.standard.processor.StandardActionTagProcessor
[THYMELEAF]             * [* {th:formnovalidate,data-th-formnovalidate}] [1000]: karate.org.thymeleaf.standard.processor.StandardConditionalFixedValueTagProcessor
[THYMELEAF]             * [* {th:ismap,data-th-ismap}] [1000]: karate.org.thymeleaf.standard.processor.StandardConditionalFixedValueTagProcessor
[THYMELEAF]             * [* {th:defer,data-th-defer}] [1000]: karate.org.thymeleaf.standard.processor.StandardConditionalFixedValueTagProcessor
[THYMELEAF]             * [* {th:open,data-th-open}] [1000]: karate.org.thymeleaf.standard.processor.StandardConditionalFixedValueTagProcessor
[THYMELEAF]             * [* {th:default,data-th-default}] [1000]: karate.org.thymeleaf.standard.processor.StandardConditionalFixedValueTagProcessor
[THYMELEAF]             * [* {th:required,data-th-required}] [1000]: karate.org.thymeleaf.standard.processor.StandardConditionalFixedValueTagProcessor
[THYMELEAF]             * [* {th:seamless,data-th-seamless}] [1000]: karate.org.thymeleaf.standard.processor.StandardConditionalFixedValueTagProcessor
[THYMELEAF]             * [* {th:async,data-th-async}] [1000]: karate.org.thymeleaf.standard.processor.StandardConditionalFixedValueTagProcessor
[THYMELEAF]             * [* {th:autofocus,data-th-autofocus}] [1000]: karate.org.thymeleaf.standard.processor.StandardConditionalFixedValueTagProcessor
[THYMELEAF]             * [* {th:readonly,data-th-readonly}] [1000]: karate.org.thymeleaf.standard.processor.StandardConditionalFixedValueTagProcessor
[THYMELEAF]             * [* {th:reversed,data-th-reversed}] [1000]: karate.org.thymeleaf.standard.processor.StandardConditionalFixedValueTagProcessor
[THYMELEAF]             * [* {th:multiple,data-th-multiple}] [1000]: karate.org.thymeleaf.standard.processor.StandardConditionalFixedValueTagProcessor
[THYMELEAF]             * [* {th:declare,data-th-declare}] [1000]: karate.org.thymeleaf.standard.processor.StandardConditionalFixedValueTagProcessor
[THYMELEAF]             * [* {th:selected,data-th-selected}] [1000]: karate.org.thymeleaf.standard.processor.StandardConditionalFixedValueTagProcessor
[THYMELEAF]             * [* {th:disabled,data-th-disabled}] [1000]: karate.org.thymeleaf.standard.processor.StandardConditionalFixedValueTagProcessor
[THYMELEAF]             * [* {th:scoped,data-th-scoped}] [1000]: karate.org.thymeleaf.standard.processor.StandardConditionalFixedValueTagProcessor
[THYMELEAF]             * [* {th:autoplay,data-th-autoplay}] [1000]: karate.org.thymeleaf.standard.processor.StandardConditionalFixedValueTagProcessor
[THYMELEAF]             * [* {th:loop,data-th-loop}] [1000]: karate.org.thymeleaf.standard.processor.StandardConditionalFixedValueTagProcessor
[THYMELEAF]             * [* {th:checked,data-th-checked}] [1000]: karate.org.thymeleaf.standard.processor.StandardConditionalFixedValueTagProcessor
[THYMELEAF]             * [* {th:hidden,data-th-hidden}] [1000]: karate.org.thymeleaf.standard.processor.StandardConditionalFixedValueTagProcessor
[THYMELEAF]             * [* {th:controls,data-th-controls}] [1000]: karate.org.thymeleaf.standard.processor.StandardConditionalFixedValueTagProcessor
[THYMELEAF]             * [* {th:nowrap,data-th-nowrap}] [1000]: karate.org.thymeleaf.standard.processor.StandardConditionalFixedValueTagProcessor
[THYMELEAF]             * [* {th:novalidate,data-th-novalidate}] [1000]: karate.org.thymeleaf.standard.processor.StandardConditionalFixedValueTagProcessor
[THYMELEAF]             * [* {th:pubdate,data-th-pubdate}] [1000]: karate.org.thymeleaf.standard.processor.StandardConditionalFixedValueTagProcessor
[THYMELEAF]             * [* {th:onafterprint,data-th-onafterprint}] [1000]: karate.org.thymeleaf.standard.processor.StandardDOMEventAttributeTagProcessor
[THYMELEAF]             * [* {th:ondrag,data-th-ondrag}] [1000]: karate.org.thymeleaf.standard.processor.StandardDOMEventAttributeTagProcessor
[THYMELEAF]             * [* {th:oncanplaythrough,data-th-oncanplaythrough}] [1000]: karate.org.thymeleaf.standard.processor.StandardDOMEventAttributeTagProcessor
[THYMELEAF]             * [* {th:onformchange,data-th-onformchange}] [1000]: karate.org.thymeleaf.standard.processor.StandardDOMEventAttributeTagProcessor
[THYMELEAF]             * [* {th:oninput,data-th-oninput}] [1000]: karate.org.thymeleaf.standard.processor.StandardDOMEventAttributeTagProcessor
[THYMELEAF]             * [* {th:onbeforeunload,data-th-onbeforeunload}] [1000]: karate.org.thymeleaf.standard.processor.StandardDOMEventAttributeTagProcessor
[THYMELEAF]             * [* {th:onoffline,data-th-onoffline}] [1000]: karate.org.thymeleaf.standard.processor.StandardDOMEventAttributeTagProcessor
[THYMELEAF]             * [* {th:onchange,data-th-onchange}] [1000]: karate.org.thymeleaf.standard.processor.StandardDOMEventAttributeTagProcessor
[THYMELEAF]             * [* {th:onhashchange,data-th-onhashchange}] [1000]: karate.org.thymeleaf.standard.processor.StandardDOMEventAttributeTagProcessor
[THYMELEAF]             * [* {th:onresize,data-th-onresize}] [1000]: karate.org.thymeleaf.standard.processor.StandardDOMEventAttributeTagProcessor
[THYMELEAF]             * [* {th:onplaying,data-th-onplaying}] [1000]: karate.org.thymeleaf.standard.processor.StandardDOMEventAttributeTagProcessor
[THYMELEAF]             * [* {th:onwaiting,data-th-onwaiting}] [1000]: karate.org.thymeleaf.standard.processor.StandardDOMEventAttributeTagProcessor
[THYMELEAF]             * [* {th:onunload,data-th-onunload}] [1000]: karate.org.thymeleaf.standard.processor.StandardDOMEventAttributeTagProcessor
[THYMELEAF]             * [* {th:onselect,data-th-onselect}] [1000]: karate.org.thymeleaf.standard.processor.StandardDOMEventAttributeTagProcessor
[THYMELEAF]             * [* {th:onsuspend,data-th-onsuspend}] [1000]: karate.org.thymeleaf.standard.processor.StandardDOMEventAttributeTagProcessor
[THYMELEAF]             * [* {th:onkeypress,data-th-onkeypress}] [1000]: karate.org.thymeleaf.standard.processor.StandardDOMEventAttributeTagProcessor
[THYMELEAF]             * [* {th:onreadystatechange,data-th-onreadystatechange}] [1000]: karate.org.thymeleaf.standard.processor.StandardDOMEventAttributeTagProcessor
[THYMELEAF]             * [* {th:onratechange,data-th-onratechange}] [1000]: karate.org.thymeleaf.standard.processor.StandardDOMEventAttributeTagProcessor
[THYMELEAF]             * [* {th:oncontextmenu,data-th-oncontextmenu}] [1000]: karate.org.thymeleaf.standard.processor.StandardDOMEventAttributeTagProcessor
[THYMELEAF]             * [* {th:onmousedown,data-th-onmousedown}] [1000]: karate.org.thymeleaf.standard.processor.StandardDOMEventAttributeTagProcessor
[THYMELEAF]             * [* {th:onmousemove,data-th-onmousemove}] [1000]: karate.org.thymeleaf.standard.processor.StandardDOMEventAttributeTagProcessor
[THYMELEAF]             * [* {th:onkeydown,data-th-onkeydown}] [1000]: karate.org.thymeleaf.standard.processor.StandardDOMEventAttributeTagProcessor
[THYMELEAF]             * [* {th:onmouseout,data-th-onmouseout}] [1000]: karate.org.thymeleaf.standard.processor.StandardDOMEventAttributeTagProcessor
[THYMELEAF]             * [* {th:onstorage,data-th-onstorage}] [1000]: karate.org.thymeleaf.standard.processor.StandardDOMEventAttributeTagProcessor
[THYMELEAF]             * [* {th:onclick,data-th-onclick}] [1000]: karate.org.thymeleaf.standard.processor.StandardDOMEventAttributeTagProcessor
[THYMELEAF]             * [* {th:ondblclick,data-th-ondblclick}] [1000]: karate.org.thymeleaf.standard.processor.StandardDOMEventAttributeTagProcessor
[THYMELEAF]             * [* {th:onblur,data-th-onblur}] [1000]: karate.org.thymeleaf.standard.processor.StandardDOMEventAttributeTagProcessor
[THYMELEAF]             * [* {th:onmouseover,data-th-onmouseover}] [1000]: karate.org.thymeleaf.standard.processor.StandardDOMEventAttributeTagProcessor
[THYMELEAF]             * [* {th:onerror,data-th-onerror}] [1000]: karate.org.thymeleaf.standard.processor.StandardDOMEventAttributeTagProcessor
[THYMELEAF]             * [* {th:ondragend,data-th-ondragend}] [1000]: karate.org.thymeleaf.standard.processor.StandardDOMEventAttributeTagProcessor
[THYMELEAF]             * [* {th:ondragover,data-th-ondragover}] [1000]: karate.org.thymeleaf.standard.processor.StandardDOMEventAttributeTagProcessor
[THYMELEAF]             * [* {th:onprogress,data-th-onprogress}] [1000]: karate.org.thymeleaf.standard.processor.StandardDOMEventAttributeTagProcessor
[THYMELEAF]             * [* {th:ondragleave,data-th-ondragleave}] [1000]: karate.org.thymeleaf.standard.processor.StandardDOMEventAttributeTagProcessor
[THYMELEAF]             * [* {th:onsubmit,data-th-onsubmit}] [1000]: karate.org.thymeleaf.standard.processor.StandardDOMEventAttributeTagProcessor
[THYMELEAF]             * [* {th:onbeforeprint,data-th-onbeforeprint}] [1000]: karate.org.thymeleaf.standard.processor.StandardDOMEventAttributeTagProcessor
[THYMELEAF]             * [* {th:onloadstart,data-th-onloadstart}] [1000]: karate.org.thymeleaf.standard.processor.StandardDOMEventAttributeTagProcessor
[THYMELEAF]             * [* {th:ondragstart,data-th-ondragstart}] [1000]: karate.org.thymeleaf.standard.processor.StandardDOMEventAttributeTagProcessor
[THYMELEAF]             * [* {th:oncanplay,data-th-oncanplay}] [1000]: karate.org.thymeleaf.standard.processor.StandardDOMEventAttributeTagProcessor
[THYMELEAF]             * [* {th:onkeyup,data-th-onkeyup}] [1000]: karate.org.thymeleaf.standard.processor.StandardDOMEventAttributeTagProcessor
[THYMELEAF]             * [* {th:onvolumechange,data-th-onvolumechange}] [1000]: karate.org.thymeleaf.standard.processor.StandardDOMEventAttributeTagProcessor
[THYMELEAF]             * [* {th:onseeked,data-th-onseeked}] [1000]: karate.org.thymeleaf.standard.processor.StandardDOMEventAttributeTagProcessor
[THYMELEAF]             * [* {th:oninvalid,data-th-oninvalid}] [1000]: karate.org.thymeleaf.standard.processor.StandardDOMEventAttributeTagProcessor
[THYMELEAF]             * [* {th:ononline,data-th-ononline}] [1000]: karate.org.thymeleaf.standard.processor.StandardDOMEventAttributeTagProcessor
[THYMELEAF]             * [* {th:onpopstate,data-th-onpopstate}] [1000]: karate.org.thymeleaf.standard.processor.StandardDOMEventAttributeTagProcessor
[THYMELEAF]             * [* {th:onabort,data-th-onabort}] [1000]: karate.org.thymeleaf.standard.processor.StandardDOMEventAttributeTagProcessor
[THYMELEAF]             * [* {th:ondurationchange,data-th-ondurationchange}] [1000]: karate.org.thymeleaf.standard.processor.StandardDOMEventAttributeTagProcessor
[THYMELEAF]             * [* {th:onplay,data-th-onplay}] [1000]: karate.org.thymeleaf.standard.processor.StandardDOMEventAttributeTagProcessor
[THYMELEAF]             * [* {th:onscroll,data-th-onscroll}] [1000]: karate.org.thymeleaf.standard.processor.StandardDOMEventAttributeTagProcessor
[THYMELEAF]             * [* {th:onloadeddata,data-th-onloadeddata}] [1000]: karate.org.thymeleaf.standard.processor.StandardDOMEventAttributeTagProcessor
[THYMELEAF]             * [* {th:onredo,data-th-onredo}] [1000]: karate.org.thymeleaf.standard.processor.StandardDOMEventAttributeTagProcessor
[THYMELEAF]             * [* {th:onpause,data-th-onpause}] [1000]: karate.org.thymeleaf.standard.processor.StandardDOMEventAttributeTagProcessor
[THYMELEAF]             * [* {th:onmessage,data-th-onmessage}] [1000]: karate.org.thymeleaf.standard.processor.StandardDOMEventAttributeTagProcessor
[THYMELEAF]             * [* {th:ondragenter,data-th-ondragenter}] [1000]: karate.org.thymeleaf.standard.processor.StandardDOMEventAttributeTagProcessor
[THYMELEAF]             * [* {th:onshow,data-th-onshow}] [1000]: karate.org.thymeleaf.standard.processor.StandardDOMEventAttributeTagProcessor
[THYMELEAF]             * [* {th:onseeking,data-th-onseeking}] [1000]: karate.org.thymeleaf.standard.processor.StandardDOMEventAttributeTagProcessor
[THYMELEAF]             * [* {th:onloadedmetadata,data-th-onloadedmetadata}] [1000]: karate.org.thymeleaf.standard.processor.StandardDOMEventAttributeTagProcessor
[THYMELEAF]             * [* {th:onstalled,data-th-onstalled}] [1000]: karate.org.thymeleaf.standard.processor.StandardDOMEventAttributeTagProcessor
[THYMELEAF]             * [* {th:ondrop,data-th-ondrop}] [1000]: karate.org.thymeleaf.standard.processor.StandardDOMEventAttributeTagProcessor
[THYMELEAF]             * [* {th:onload,data-th-onload}] [1000]: karate.org.thymeleaf.standard.processor.StandardDOMEventAttributeTagProcessor
[THYMELEAF]             * [* {th:onundo,data-th-onundo}] [1000]: karate.org.thymeleaf.standard.processor.StandardDOMEventAttributeTagProcessor
[THYMELEAF]             * [* {th:onmouseup,data-th-onmouseup}] [1000]: karate.org.thymeleaf.standard.processor.StandardDOMEventAttributeTagProcessor
[THYMELEAF]             * [* {th:onemptied,data-th-onemptied}] [1000]: karate.org.thymeleaf.standard.processor.StandardDOMEventAttributeTagProcessor
[THYMELEAF]             * [* {th:onmousewheel,data-th-onmousewheel}] [1000]: karate.org.thymeleaf.standard.processor.StandardDOMEventAttributeTagProcessor
[THYMELEAF]             * [* {th:onfocus,data-th-onfocus}] [1000]: karate.org.thymeleaf.standard.processor.StandardDOMEventAttributeTagProcessor
[THYMELEAF]             * [* {th:onreset,data-th-onreset}] [1000]: karate.org.thymeleaf.standard.processor.StandardDOMEventAttributeTagProcessor
[THYMELEAF]             * [* {th:onended,data-th-onended}] [1000]: karate.org.thymeleaf.standard.processor.StandardDOMEventAttributeTagProcessor
[THYMELEAF]             * [* {th:onforminput,data-th-onforminput}] [1000]: karate.org.thymeleaf.standard.processor.StandardDOMEventAttributeTagProcessor
[THYMELEAF]             * [* {th:ontimeupdate,data-th-ontimeupdate}] [1000]: karate.org.thymeleaf.standard.processor.StandardDOMEventAttributeTagProcessor
[THYMELEAF]             * [* {th:href,data-th-href}] [1000]: karate.org.thymeleaf.standard.processor.StandardHrefTagProcessor
[THYMELEAF]             * [* {th:inline,data-th-inline}] [1000]: karate.org.thymeleaf.standard.processor.StandardInlineHTMLTagProcessor
[THYMELEAF]             * [* {th:method,data-th-method}] [1000]: karate.org.thymeleaf.standard.processor.StandardMethodTagProcessor
[THYMELEAF]             * [* {th:type,data-th-type}] [1000]: karate.org.thymeleaf.standard.processor.StandardNonRemovableAttributeTagProcessor
[THYMELEAF]             * [* {th:name,data-th-name}] [1000]: karate.org.thymeleaf.standard.processor.StandardNonRemovableAttributeTagProcessor
[THYMELEAF]             * [* {th:label,data-th-label}] [1000]: karate.org.thymeleaf.standard.processor.StandardRemovableAttributeTagProcessor
[THYMELEAF]             * [* {th:accept,data-th-accept}] [1000]: karate.org.thymeleaf.standard.processor.StandardRemovableAttributeTagProcessor
[THYMELEAF]             * [* {th:autocomplete,data-th-autocomplete}] [1000]: karate.org.thymeleaf.standard.processor.StandardRemovableAttributeTagProcessor
[THYMELEAF]             * [* {th:compact,data-th-compact}] [1000]: karate.org.thymeleaf.standard.processor.StandardRemovableAttributeTagProcessor
[THYMELEAF]             * [* {th:charset,data-th-charset}] [1000]: karate.org.thymeleaf.standard.processor.StandardRemovableAttributeTagProcessor
[THYMELEAF]             * [* {th:axis,data-th-axis}] [1000]: karate.org.thymeleaf.standard.processor.StandardRemovableAttributeTagProcessor
[THYMELEAF]             * [* {th:headers,data-th-headers}] [1000]: karate.org.thymeleaf.standard.processor.StandardRemovableAttributeTagProcessor
[THYMELEAF]             * [* {th:radiogroup,data-th-radiogroup}] [1000]: karate.org.thymeleaf.standard.processor.StandardRemovableAttributeTagProcessor
[THYMELEAF]             * [* {th:dropzone,data-th-dropzone}] [1000]: karate.org.thymeleaf.standard.processor.StandardRemovableAttributeTagProcessor
[THYMELEAF]             * [* {th:size,data-th-size}] [1000]: karate.org.thymeleaf.standard.processor.StandardRemovableAttributeTagProcessor
[THYMELEAF]             * [* {th:vspace,data-th-vspace}] [1000]: karate.org.thymeleaf.standard.processor.StandardRemovableAttributeTagProcessor
[THYMELEAF]             * [* {th:class,data-th-class}] [1000]: karate.org.thymeleaf.standard.processor.StandardRemovableAttributeTagProcessor
[THYMELEAF]             * [* {th:content,data-th-content}] [1000]: karate.org.thymeleaf.standard.processor.StandardRemovableAttributeTagProcessor
[THYMELEAF]             * [* {th:height,data-th-height}] [1000]: karate.org.thymeleaf.standard.processor.StandardRemovableAttributeTagProcessor
[THYMELEAF]             * [* {th:formtarget,data-th-formtarget}] [1000]: karate.org.thymeleaf.standard.processor.StandardRemovableAttributeTagProcessor
[THYMELEAF]             * [* {th:accesskey,data-th-accesskey}] [1000]: karate.org.thymeleaf.standard.processor.StandardRemovableAttributeTagProcessor
[THYMELEAF]             * [* {th:challenge,data-th-challenge}] [1000]: karate.org.thymeleaf.standard.processor.StandardRemovableAttributeTagProcessor
[THYMELEAF]             * [* {th:scope,data-th-scope}] [1000]: karate.org.thymeleaf.standard.processor.StandardRemovableAttributeTagProcessor
[THYMELEAF]             * [* {th:codebase,data-th-codebase}] [1000]: karate.org.thymeleaf.standard.processor.StandardRemovableAttributeTagProcessor
[THYMELEAF]             * [* {th:max,data-th-max}] [1000]: karate.org.thymeleaf.standard.processor.StandardRemovableAttributeTagProcessor
[THYMELEAF]             * [* {th:min,data-th-min}] [1000]: karate.org.thymeleaf.standard.processor.StandardRemovableAttributeTagProcessor
[THYMELEAF]             * [* {th:datetime,data-th-datetime}] [1000]: karate.org.thymeleaf.standard.processor.StandardRemovableAttributeTagProcessor
[THYMELEAF]             * [* {th:formmethod,data-th-formmethod}] [1000]: karate.org.thymeleaf.standard.processor.StandardRemovableAttributeTagProcessor
[THYMELEAF]             * [* {th:title,data-th-title}] [1000]: karate.org.thymeleaf.standard.processor.StandardRemovableAttributeTagProcessor
[THYMELEAF]             * [* {th:abbr,data-th-abbr}] [1000]: karate.org.thymeleaf.standard.processor.StandardRemovableAttributeTagProcessor
[THYMELEAF]             * [* {th:cols,data-th-cols}] [1000]: karate.org.thymeleaf.standard.processor.StandardRemovableAttributeTagProcessor
[THYMELEAF]             * [* {th:colspan,data-th-colspan}] [1000]: karate.org.thymeleaf.standard.processor.StandardRemovableAttributeTagProcessor
[THYMELEAF]             * [* {th:rules,data-th-rules}] [1000]: karate.org.thymeleaf.standard.processor.StandardRemovableAttributeTagProcessor
[THYMELEAF]             * [* {th:rev,data-th-rev}] [1000]: karate.org.thymeleaf.standard.processor.StandardRemovableAttributeTagProcessor
[THYMELEAF]             * [* {th:cite,data-th-cite}] [1000]: karate.org.thymeleaf.standard.processor.StandardRemovableAttributeTagProcessor
[THYMELEAF]             * [* {th:media,data-th-media}] [1000]: karate.org.thymeleaf.standard.processor.StandardRemovableAttributeTagProcessor
[THYMELEAF]             * [* {th:step,data-th-step}] [1000]: karate.org.thymeleaf.standard.processor.StandardRemovableAttributeTagProcessor
[THYMELEAF]             * [* {th:span,data-th-span}] [1000]: karate.org.thymeleaf.standard.processor.StandardRemovableAttributeTagProcessor
[THYMELEAF]             * [* {th:longdesc,data-th-longdesc}] [1000]: karate.org.thymeleaf.standard.processor.StandardRemovableAttributeTagProcessor
[THYMELEAF]             * [* {th:rowspan,data-th-rowspan}] [1000]: karate.org.thymeleaf.standard.processor.StandardRemovableAttributeTagProcessor
[THYMELEAF]             * [* {th:cellpadding,data-th-cellpadding}] [1000]: karate.org.thymeleaf.standard.processor.StandardRemovableAttributeTagProcessor
[THYMELEAF]             * [* {th:target,data-th-target}] [1000]: karate.org.thymeleaf.standard.processor.StandardRemovableAttributeTagProcessor
[THYMELEAF]             * [* {th:icon,data-th-icon}] [1000]: karate.org.thymeleaf.standard.processor.StandardRemovableAttributeTagProcessor
[THYMELEAF]             * [* {th:cellspacing,data-th-cellspacing}] [1000]: karate.org.thymeleaf.standard.processor.StandardRemovableAttributeTagProcessor
[THYMELEAF]             * [* {th:usemap,data-th-usemap}] [1000]: karate.org.thymeleaf.standard.processor.StandardRemovableAttributeTagProcessor
[THYMELEAF]             * [* {th:pattern,data-th-pattern}] [1000]: karate.org.thymeleaf.standard.processor.StandardRemovableAttributeTagProcessor
[THYMELEAF]             * [* {th:poster,data-th-poster}] [1000]: karate.org.thymeleaf.standard.processor.StandardRemovableAttributeTagProcessor
[THYMELEAF]             * [* {th:hreflang,data-th-hreflang}] [1000]: karate.org.thymeleaf.standard.processor.StandardRemovableAttributeTagProcessor
[THYMELEAF]             * [* {th:rows,data-th-rows}] [1000]: karate.org.thymeleaf.standard.processor.StandardRemovableAttributeTagProcessor
[THYMELEAF]             * [* {th:border,data-th-border}] [1000]: karate.org.thymeleaf.standard.processor.StandardRemovableAttributeTagProcessor
[THYMELEAF]             * [* {th:id,data-th-id}] [1000]: karate.org.thymeleaf.standard.processor.StandardRemovableAttributeTagProcessor
[THYMELEAF]             * [* {th:tabindex,data-th-tabindex}] [1000]: karate.org.thymeleaf.standard.processor.StandardRemovableAttributeTagProcessor
[THYMELEAF]             * [* {th:align,data-th-align}] [1000]: karate.org.thymeleaf.standard.processor.StandardRemovableAttributeTagProcessor
[THYMELEAF]             * [* {th:rel,data-th-rel}] [1000]: karate.org.thymeleaf.standard.processor.StandardRemovableAttributeTagProcessor
[THYMELEAF]             * [* {th:contextmenu,data-th-contextmenu}] [1000]: karate.org.thymeleaf.standard.processor.StandardRemovableAttributeTagProcessor
[THYMELEAF]             * [* {th:alt,data-th-alt}] [1000]: karate.org.thymeleaf.standard.processor.StandardRemovableAttributeTagProcessor
[THYMELEAF]             * [* {th:list,data-th-list}] [1000]: karate.org.thymeleaf.standard.processor.StandardRemovableAttributeTagProcessor
[THYMELEAF]             * [* {th:frame,data-th-frame}] [1000]: karate.org.thymeleaf.standard.processor.StandardRemovableAttributeTagProcessor
[THYMELEAF]             * [* {th:frameborder,data-th-frameborder}] [1000]: karate.org.thymeleaf.standard.processor.StandardRemovableAttributeTagProcessor
[THYMELEAF]             * [* {th:spellcheck,data-th-spellcheck}] [1000]: karate.org.thymeleaf.standard.processor.StandardRemovableAttributeTagProcessor
[THYMELEAF]             * [* {th:form,data-th-form}] [1000]: karate.org.thymeleaf.standard.processor.StandardRemovableAttributeTagProcessor
[THYMELEAF]             * [* {th:lang,data-th-lang}] [1000]: karate.org.thymeleaf.standard.processor.StandardRemovableAttributeTagProcessor
[THYMELEAF]             * [* {th:for,data-th-for}] [1000]: karate.org.thymeleaf.standard.processor.StandardRemovableAttributeTagProcessor
[THYMELEAF]             * [* {th:formenctype,data-th-formenctype}] [1000]: karate.org.thymeleaf.standard.processor.StandardRemovableAttributeTagProcessor
[THYMELEAF]             * [* {th:keytype,data-th-keytype}] [1000]: karate.org.thymeleaf.standard.processor.StandardRemovableAttributeTagProcessor
[THYMELEAF]             * [* {th:manifest,data-th-manifest}] [1000]: karate.org.thymeleaf.standard.processor.StandardRemovableAttributeTagProcessor
[THYMELEAF]             * [* {th:contenteditable,data-th-contenteditable}] [1000]: karate.org.thymeleaf.standard.processor.StandardRemovableAttributeTagProcessor
[THYMELEAF]             * [* {th:dir,data-th-dir}] [1000]: karate.org.thymeleaf.standard.processor.StandardRemovableAttributeTagProcessor
[THYMELEAF]             * [* {th:start,data-th-start}] [1000]: karate.org.thymeleaf.standard.processor.StandardRemovableAttributeTagProcessor
[THYMELEAF]             * [* {th:hspace,data-th-hspace}] [1000]: karate.org.thymeleaf.standard.processor.StandardRemovableAttributeTagProcessor
[THYMELEAF]             * [* {th:http-equiv,data-th-http-equiv}] [1000]: karate.org.thymeleaf.standard.processor.StandardRemovableAttributeTagProcessor
[THYMELEAF]             * [* {th:kind,data-th-kind}] [1000]: karate.org.thymeleaf.standard.processor.StandardRemovableAttributeTagProcessor
[THYMELEAF]             * [* {th:marginwidth,data-th-marginwidth}] [1000]: karate.org.thymeleaf.standard.processor.StandardRemovableAttributeTagProcessor
[THYMELEAF]             * [* {th:archive,data-th-archive}] [1000]: karate.org.thymeleaf.standard.processor.StandardRemovableAttributeTagProcessor
[THYMELEAF]             * [* {th:accept-charset,data-th-accept-charset}] [1000]: karate.org.thymeleaf.standard.processor.StandardRemovableAttributeTagProcessor
[THYMELEAF]             * [* {th:formaction,data-th-formaction}] [1000]: karate.org.thymeleaf.standard.processor.StandardRemovableAttributeTagProcessor
[THYMELEAF]             * [* {th:data,data-th-data}] [1000]: karate.org.thymeleaf.standard.processor.StandardRemovableAttributeTagProcessor
[THYMELEAF]             * [* {th:valuetype,data-th-valuetype}] [1000]: karate.org.thymeleaf.standard.processor.StandardRemovableAttributeTagProcessor
[THYMELEAF]             * [* {th:draggable,data-th-draggable}] [1000]: karate.org.thymeleaf.standard.processor.StandardRemovableAttributeTagProcessor
[THYMELEAF]             * [* {th:maxlength,data-th-maxlength}] [1000]: karate.org.thymeleaf.standard.processor.StandardRemovableAttributeTagProcessor
[THYMELEAF]             * [* {th:summary,data-th-summary}] [1000]: karate.org.thymeleaf.standard.processor.StandardRemovableAttributeTagProcessor
[THYMELEAF]             * [* {th:high,data-th-high}] [1000]: karate.org.thymeleaf.standard.processor.StandardRemovableAttributeTagProcessor
[THYMELEAF]             * [* {th:standby,data-th-standby}] [1000]: karate.org.thymeleaf.standard.processor.StandardRemovableAttributeTagProcessor
[THYMELEAF]             * [* {th:preload,data-th-preload}] [1000]: karate.org.thymeleaf.standard.processor.StandardRemovableAttributeTagProcessor
[THYMELEAF]             * [* {th:classid,data-th-classid}] [1000]: karate.org.thymeleaf.standard.processor.StandardRemovableAttributeTagProcessor
[THYMELEAF]             * [* {th:background,data-th-background}] [1000]: karate.org.thymeleaf.standard.processor.StandardRemovableAttributeTagProcessor
[THYMELEAF]             * [* {th:sandbox,data-th-sandbox}] [1000]: karate.org.thymeleaf.standard.processor.StandardRemovableAttributeTagProcessor
[THYMELEAF]             * [* {th:scrolling,data-th-scrolling}] [1000]: karate.org.thymeleaf.standard.processor.StandardRemovableAttributeTagProcessor
[THYMELEAF]             * [* {th:optimum,data-th-optimum}] [1000]: karate.org.thymeleaf.standard.processor.StandardRemovableAttributeTagProcessor
[THYMELEAF]             * [* {th:marginheight,data-th-marginheight}] [1000]: karate.org.thymeleaf.standard.processor.StandardRemovableAttributeTagProcessor
[THYMELEAF]             * [* {th:sizes,data-th-sizes}] [1000]: karate.org.thymeleaf.standard.processor.StandardRemovableAttributeTagProcessor
[THYMELEAF]             * [* {th:placeholder,data-th-placeholder}] [1000]: karate.org.thymeleaf.standard.processor.StandardRemovableAttributeTagProcessor
[THYMELEAF]             * [* {th:bgcolor,data-th-bgcolor}] [1000]: karate.org.thymeleaf.standard.processor.StandardRemovableAttributeTagProcessor
[THYMELEAF]             * [* {th:low,data-th-low}] [1000]: karate.org.thymeleaf.standard.processor.StandardRemovableAttributeTagProcessor
[THYMELEAF]             * [* {th:enctype,data-th-enctype}] [1000]: karate.org.thymeleaf.standard.processor.StandardRemovableAttributeTagProcessor
[THYMELEAF]             * [* {th:audio,data-th-audio}] [1000]: karate.org.thymeleaf.standard.processor.StandardRemovableAttributeTagProcessor
[THYMELEAF]             * [* {th:wrap,data-th-wrap}] [1000]: karate.org.thymeleaf.standard.processor.StandardRemovableAttributeTagProcessor
[THYMELEAF]             * [* {th:srclang,data-th-srclang}] [1000]: karate.org.thymeleaf.standard.processor.StandardRemovableAttributeTagProcessor
[THYMELEAF]             * [* {th:style,data-th-style}] [1000]: karate.org.thymeleaf.standard.processor.StandardRemovableAttributeTagProcessor
[THYMELEAF]             * [* {th:codetype,data-th-codetype}] [1000]: karate.org.thymeleaf.standard.processor.StandardRemovableAttributeTagProcessor
[THYMELEAF]             * [* {th:scheme,data-th-scheme}] [1000]: karate.org.thymeleaf.standard.processor.StandardRemovableAttributeTagProcessor
[THYMELEAF]             * [* {th:width,data-th-width}] [1000]: karate.org.thymeleaf.standard.processor.StandardRemovableAttributeTagProcessor
[THYMELEAF]             * [* {th:src,data-th-src}] [1000]: karate.org.thymeleaf.standard.processor.StandardSrcTagProcessor
[THYMELEAF]             * [* {th:value,data-th-value}] [1000]: karate.org.thymeleaf.standard.processor.StandardValueTagProcessor
[THYMELEAF]             * [* {th:xmlbase,data-th-xmlbase}] [1000]: karate.org.thymeleaf.standard.processor.StandardXmlBaseTagProcessor
[THYMELEAF]             * [* {th:xmllang,data-th-xmllang}] [1000]: karate.org.thymeleaf.standard.processor.StandardXmlLangTagProcessor
[THYMELEAF]             * [* {xmlns:th}] [1000]: karate.org.thymeleaf.standard.processor.StandardXmlNsTagProcessor
[THYMELEAF]             * [* {th:xmlspace,data-th-xmlspace}] [1000]: karate.org.thymeleaf.standard.processor.StandardXmlSpaceTagProcessor
[THYMELEAF]             * [* {th:classappend,data-th-classappend}] [1100]: karate.org.thymeleaf.standard.processor.StandardClassappendTagProcessor
[THYMELEAF]             * [* {th:styleappend,data-th-styleappend}] [1100]: karate.org.thymeleaf.standard.processor.StandardStyleappendTagProcessor
[THYMELEAF]             * [* {th:text,data-th-text}] [1300]: karate.org.thymeleaf.standard.processor.StandardTextTagProcessor
[THYMELEAF]             * [* {th:utext,data-th-utext}] [1400]: karate.org.thymeleaf.standard.processor.StandardUtextTagProcessor
[THYMELEAF]             * [* {th:fragment,data-th-fragment}] [1500]: karate.org.thymeleaf.standard.processor.StandardFragmentTagProcessor
[THYMELEAF]             * [* {th:assert,data-th-assert}] [1550]: karate.org.thymeleaf.standard.processor.StandardAssertTagProcessor
[THYMELEAF]             * [* {th:remove,data-th-remove}] [1600]: karate.org.thymeleaf.standard.processor.StandardRemoveTagProcessor
[THYMELEAF]             * [* {th:ref,data-th-ref}] [10000]: karate.org.thymeleaf.standard.processor.StandardRefAttributeTagProcessor
[THYMELEAF]             * [{th:block,th-block} *] [100000]: karate.org.thymeleaf.standard.processor.StandardBlockTagProcessor
[THYMELEAF]             * [* th:*] [2147483647]: karate.org.thymeleaf.standard.processor.StandardDefaultAttributesTagProcessor
[THYMELEAF]         * Text Processors by [precedence]:
[THYMELEAF]             * [1000]: karate.org.thymeleaf.standard.processor.StandardInliningTextProcessor
[THYMELEAF]         * DOCTYPE Processors by [precedence]:
[THYMELEAF]             * [1000]: karate.org.thymeleaf.standard.processor.StandardTranslationDocTypeProcessor
[THYMELEAF]         * CDATA Section Processors by [precedence]:
[THYMELEAF]             * [1000]: karate.org.thymeleaf.standard.processor.StandardInliningCDATASectionProcessor
[THYMELEAF]         * Comment Processors by [precedence]:
[THYMELEAF]             * [1000]: karate.org.thymeleaf.standard.processor.StandardInliningCommentProcessor
[THYMELEAF]             * [1100]: karate.org.thymeleaf.standard.processor.StandardConditionalCommentProcessor
[THYMELEAF]     * Processors for Template Mode: XML
[THYMELEAF]         * Element Tag Processors by [matching element and attribute name] [precedence]:
[THYMELEAF]             * [* {th:include}] [100]: karate.org.thymeleaf.standard.processor.StandardIncludeTagProcessor
[THYMELEAF]             * [* {th:insert}] [100]: karate.org.thymeleaf.standard.processor.StandardInsertTagProcessor
[THYMELEAF]             * [* {th:replace}] [100]: karate.org.thymeleaf.standard.processor.StandardReplaceTagProcessor
[THYMELEAF]             * [* {th:substituteby}] [100]: karate.org.thymeleaf.standard.processor.StandardSubstituteByTagProcessor
[THYMELEAF]             * [* {th:each}] [200]: com.intuit.karate.template.KarateEachTagProcessor
[THYMELEAF]             * [* {th:switch}] [250]: karate.org.thymeleaf.standard.processor.StandardSwitchTagProcessor
[THYMELEAF]             * [* {th:case}] [275]: karate.org.thymeleaf.standard.processor.StandardCaseTagProcessor
[THYMELEAF]             * [* {th:if}] [300]: karate.org.thymeleaf.standard.processor.StandardIfTagProcessor
[THYMELEAF]             * [* {th:unless}] [400]: karate.org.thymeleaf.standard.processor.StandardUnlessTagProcessor
[THYMELEAF]             * [* {th:object}] [500]: karate.org.thymeleaf.standard.processor.StandardObjectTagProcessor
[THYMELEAF]             * [* {th:with}] [600]: com.intuit.karate.template.KarateWithTagProcessor
[THYMELEAF]             * [* {th:attr}] [700]: com.intuit.karate.template.KarateAttributeTagProcessor.KarateAttrTagProcessor
[THYMELEAF]             * [* {th:attrappend}] [900]: com.intuit.karate.template.KarateAttributeTagProcessor.KarateAttrappendTagProcessor
[THYMELEAF]             * [* {th:attrprepend}] [900]: com.intuit.karate.template.KarateAttributeTagProcessor.KarateAttrprependTagProcessor
[THYMELEAF]             * [* {th:inline}] [1000]: karate.org.thymeleaf.standard.processor.StandardInlineXMLTagProcessor
[THYMELEAF]             * [* {xmlns:th}] [1000]: karate.org.thymeleaf.standard.processor.StandardXmlNsTagProcessor
[THYMELEAF]             * [* {th:text}] [1300]: karate.org.thymeleaf.standard.processor.StandardTextTagProcessor
[THYMELEAF]             * [* {th:utext}] [1400]: karate.org.thymeleaf.standard.processor.StandardUtextTagProcessor
[THYMELEAF]             * [* {th:fragment}] [1500]: karate.org.thymeleaf.standard.processor.StandardFragmentTagProcessor
[THYMELEAF]             * [* {th:assert}] [1550]: karate.org.thymeleaf.standard.processor.StandardAssertTagProcessor
[THYMELEAF]             * [* {th:remove}] [1600]: karate.org.thymeleaf.standard.processor.StandardRemoveTagProcessor
[THYMELEAF]             * [* {th:ref}] [10000]: karate.org.thymeleaf.standard.processor.StandardRefAttributeTagProcessor
[THYMELEAF]             * [{th:block} *] [100000]: karate.org.thymeleaf.standard.processor.StandardBlockTagProcessor
[THYMELEAF]             * [* th:*] [2147483647]: karate.org.thymeleaf.standard.processor.StandardDefaultAttributesTagProcessor
[THYMELEAF]         * Text Processors by [precedence]:
[THYMELEAF]             * [1000]: karate.org.thymeleaf.standard.processor.StandardInliningTextProcessor
[THYMELEAF]         * CDATA Section Processors by [precedence]:
[THYMELEAF]             * [1000]: karate.org.thymeleaf.standard.processor.StandardInliningCDATASectionProcessor
[THYMELEAF]         * Comment Processors by [precedence]:
[THYMELEAF]             * [1000]: karate.org.thymeleaf.standard.processor.StandardInliningCommentProcessor
[THYMELEAF]     * Processors for Template Mode: TEXT
[THYMELEAF]         * Element Tag Processors by [matching element and attribute name] [precedence]:
[THYMELEAF]             * [* {th:insert}] [100]: karate.org.thymeleaf.standard.processor.StandardInsertTagProcessor
[THYMELEAF]             * [* {th:replace}] [100]: karate.org.thymeleaf.standard.processor.StandardReplaceTagProcessor
[THYMELEAF]             * [* {th:each}] [200]: com.intuit.karate.template.KarateEachTagProcessor
[THYMELEAF]             * [* {th:switch}] [250]: karate.org.thymeleaf.standard.processor.StandardSwitchTagProcessor
[THYMELEAF]             * [* {th:case}] [275]: karate.org.thymeleaf.standard.processor.StandardCaseTagProcessor
[THYMELEAF]             * [* {th:if}] [300]: karate.org.thymeleaf.standard.processor.StandardIfTagProcessor
[THYMELEAF]             * [* {th:unless}] [400]: karate.org.thymeleaf.standard.processor.StandardUnlessTagProcessor
[THYMELEAF]             * [* {th:object}] [500]: karate.org.thymeleaf.standard.processor.StandardObjectTagProcessor
[THYMELEAF]             * [* {th:with}] [600]: com.intuit.karate.template.KarateWithTagProcessor
[THYMELEAF]             * [* {th:inline}] [1000]: karate.org.thymeleaf.standard.processor.StandardInlineTextualTagProcessor
[THYMELEAF]             * [* {th:text}] [1300]: karate.org.thymeleaf.standard.processor.StandardTextTagProcessor
[THYMELEAF]             * [* {th:utext}] [1400]: karate.org.thymeleaf.standard.processor.StandardUtextTagProcessor
[THYMELEAF]             * [* {th:assert}] [1550]: karate.org.thymeleaf.standard.processor.StandardAssertTagProcessor
[THYMELEAF]             * [* {th:remove}] [1600]: karate.org.thymeleaf.standard.processor.StandardRemoveTagProcessor
[THYMELEAF]             * [{th:block} *] [100000]: karate.org.thymeleaf.standard.processor.StandardBlockTagProcessor
[THYMELEAF]             * [* 100000] [karate.org.thymeleaf.standard.processor.StandardBlockTagProcessor]: {}
[THYMELEAF]         * Text Processors by [precedence]:
[THYMELEAF]             * [1000]: karate.org.thymeleaf.standard.processor.StandardInliningTextProcessor
[THYMELEAF]     * Processors for Template Mode: JAVASCRIPT
[THYMELEAF]         * Element Tag Processors by [matching element and attribute name] [precedence]:
[THYMELEAF]             * [* {th:insert}] [100]: karate.org.thymeleaf.standard.processor.StandardInsertTagProcessor
[THYMELEAF]             * [* {th:replace}] [100]: karate.org.thymeleaf.standard.processor.StandardReplaceTagProcessor
[THYMELEAF]             * [* {th:each}] [200]: com.intuit.karate.template.KarateEachTagProcessor
[THYMELEAF]             * [* {th:switch}] [250]: karate.org.thymeleaf.standard.processor.StandardSwitchTagProcessor
[THYMELEAF]             * [* {th:case}] [275]: karate.org.thymeleaf.standard.processor.StandardCaseTagProcessor
[THYMELEAF]             * [* {th:if}] [300]: karate.org.thymeleaf.standard.processor.StandardIfTagProcessor
[THYMELEAF]             * [* {th:unless}] [400]: karate.org.thymeleaf.standard.processor.StandardUnlessTagProcessor
[THYMELEAF]             * [* {th:object}] [500]: karate.org.thymeleaf.standard.processor.StandardObjectTagProcessor
[THYMELEAF]             * [* {th:with}] [600]: com.intuit.karate.template.KarateWithTagProcessor
[THYMELEAF]             * [* {th:inline}] [1000]: karate.org.thymeleaf.standard.processor.StandardInlineTextualTagProcessor
[THYMELEAF]             * [* {th:text}] [1300]: karate.org.thymeleaf.standard.processor.StandardTextTagProcessor
[THYMELEAF]             * [* {th:utext}] [1400]: karate.org.thymeleaf.standard.processor.StandardUtextTagProcessor
[THYMELEAF]             * [* {th:assert}] [1550]: karate.org.thymeleaf.standard.processor.StandardAssertTagProcessor
[THYMELEAF]             * [* {th:remove}] [1600]: karate.org.thymeleaf.standard.processor.StandardRemoveTagProcessor
[THYMELEAF]             * [{th:block} *] [100000]: karate.org.thymeleaf.standard.processor.StandardBlockTagProcessor
[THYMELEAF]             * [* 100000] [karate.org.thymeleaf.standard.processor.StandardBlockTagProcessor]: {}
[THYMELEAF]         * Text Processors by [precedence]:
[THYMELEAF]             * [1000]: karate.org.thymeleaf.standard.processor.StandardInliningTextProcessor
[THYMELEAF]     * Processors for Template Mode: CSS
[THYMELEAF]         * Element Tag Processors by [matching element and attribute name] [precedence]:
[THYMELEAF]             * [* {th:insert}] [100]: karate.org.thymeleaf.standard.processor.StandardInsertTagProcessor
[THYMELEAF]             * [* {th:replace}] [100]: karate.org.thymeleaf.standard.processor.StandardReplaceTagProcessor
[THYMELEAF]             * [* {th:each}] [200]: com.intuit.karate.template.KarateEachTagProcessor
[THYMELEAF]             * [* {th:switch}] [250]: karate.org.thymeleaf.standard.processor.StandardSwitchTagProcessor
[THYMELEAF]             * [* {th:case}] [275]: karate.org.thymeleaf.standard.processor.StandardCaseTagProcessor
[THYMELEAF]             * [* {th:if}] [300]: karate.org.thymeleaf.standard.processor.StandardIfTagProcessor
[THYMELEAF]             * [* {th:unless}] [400]: karate.org.thymeleaf.standard.processor.StandardUnlessTagProcessor
[THYMELEAF]             * [* {th:object}] [500]: karate.org.thymeleaf.standard.processor.StandardObjectTagProcessor
[THYMELEAF]             * [* {th:with}] [600]: com.intuit.karate.template.KarateWithTagProcessor
[THYMELEAF]             * [* {th:inline}] [1000]: karate.org.thymeleaf.standard.processor.StandardInlineTextualTagProcessor
[THYMELEAF]             * [* {th:text}] [1300]: karate.org.thymeleaf.standard.processor.StandardTextTagProcessor
[THYMELEAF]             * [* {th:utext}] [1400]: karate.org.thymeleaf.standard.processor.StandardUtextTagProcessor
[THYMELEAF]             * [* {th:assert}] [1550]: karate.org.thymeleaf.standard.processor.StandardAssertTagProcessor
[THYMELEAF]             * [* {th:remove}] [1600]: karate.org.thymeleaf.standard.processor.StandardRemoveTagProcessor
[THYMELEAF]             * [{th:block} *] [100000]: karate.org.thymeleaf.standard.processor.StandardBlockTagProcessor
[THYMELEAF]             * [* 100000] [karate.org.thymeleaf.standard.processor.StandardBlockTagProcessor]: {}
[THYMELEAF]         * Text Processors by [precedence]:
[THYMELEAF]             * [1000]: karate.org.thymeleaf.standard.processor.StandardInliningTextProcessor
[THYMELEAF]     * Expression Objects:
[THYMELEAF]         * #ctx
[THYMELEAF]         * #root
[THYMELEAF]         * #vars
[THYMELEAF]         * #object
[THYMELEAF]         * #locale
[THYMELEAF]         * #request
[THYMELEAF]         * #response
[THYMELEAF]         * #session
[THYMELEAF]         * #servletContext
[THYMELEAF]         * #conversions
[THYMELEAF]         * #uris
[THYMELEAF]         * #calendars
[THYMELEAF]         * #dates
[THYMELEAF]         * #bools
[THYMELEAF]         * #numbers
[THYMELEAF]         * #objects
[THYMELEAF]         * #strings
[THYMELEAF]         * #arrays
[THYMELEAF]         * #lists
[THYMELEAF]         * #sets
[THYMELEAF]         * #maps
[THYMELEAF]         * #aggregates
[THYMELEAF]         * #messages
[THYMELEAF]         * #ids
[THYMELEAF]         * #execInfo
[THYMELEAF]         * #httpServletRequest
[THYMELEAF]         * #httpSession
[THYMELEAF]     * Execution Attributes:
[THYMELEAF]         * "StandardExpressionParser": com.intuit.karate.template.KarateStandardDialect@ef59aee
[THYMELEAF]         * "StandardJavaScriptSerializer": karate.org.thymeleaf.standard.serializer.StandardJavaScriptSerializer@495e1ad1
[THYMELEAF]         * "StandardCSSSerializer": karate.org.thymeleaf.standard.serializer.StandardCSSSerializer@4d73d3d1
[THYMELEAF]         * "StandardVariableExpressionEvaluator": com.intuit.karate.template.KarateStandardDialect@ef59aee
[THYMELEAF]         * "StandardConversionService": karate.org.thymeleaf.standard.expression.StandardConversionService@eef6e
[THYMELEAF] * Dialect [2 of 2]: karate (com.intuit.karate.template.KarateScriptDialect)
[THYMELEAF]     * Prefix: "ka"
[THYMELEAF]     * Processors for Template Mode: HTML
[THYMELEAF]         * Element Tag Processors by [matching element and attribute name] [precedence]:
[THYMELEAF]             * [* {src}] [1000]: com.intuit.karate.template.KaScriptAttrProcessor
[THYMELEAF]         * Element Model Processors by [matching element and attribute name] [precedence]:
[THYMELEAF]             * [{script} {ka:scope,data-ka-scope}] [1000]: com.intuit.karate.template.KaScriptElemProcessor
[THYMELEAF]             * [* {ka:set,data-ka-set}] [1000]: com.intuit.karate.template.KaSetElemProcessor
[THYMELEAF] TEMPLATE ENGINE CONFIGURED OK
20:02:20.235 [main] DEBUG karate.org.thymeleaf.TemplateEngine - [THYMELEAF] TEMPLATE ENGINE INITIALIZED

HTML report: (paste into browser to view) | Karate version: 1.2.1.RC2
file:///C:/new_workspace_2/Testing/target/karate-reports/karate-summary.html
===================================================================

]]></system-out>
  </testcase>
</testsuite>