<?xml version="1.0" encoding="UTF-8"?>
<!-- Generated by org.testng.reporters.JUnitReportReporter -->
<testsuite hostname="DESKTOP-NFARTSQ" failures="0" tests="1" name="com.big.Testing.AppTest" time="0.013" errors="0" timestamp="2023-04-17T19:58:55 IST" skipped="0">
  <testcase classname="com.big.Testing.AppTest" name="testApp" time="0.013"/>
  <system-out/>
</testsuite> <!-- com.big.Testing.AppTest -->
